Geotek MSCL 7.9 - TN336_JPC50-61_massMS.out created at 10:44:38 on 1/29/2016.


Processing Parameters

CT	RCT=11.45	W=1.27
PWAmp	A=1	B=0
PWVel	PTO=27.44
Den1	A=5.8049E-04	B=-.091106	C=9.7911
MS1	A=1	B=0	Den=1	LD=14	
FP	MGD=2.75	WD=1.026	
RES	A=551.3501	B=-1.099499	p=0	


SB DEPTH	SECT NUM	SECT DEPTH	CT	PWAmp	PWVel	Den1	MS1	Imp	FP	RES
m		cm	cm		m/s	g/cc	x 10^-8 (m^3/kg)			Ohm.m

-0.638	cal sect	0.0	10.473	0.0						59.8079
-0.578	cal sect	6.0	10.439	0.0159	1510.054	1.1337			0.9375	14.5804
-0.518	cal sect	12.0	10.176	0.0384	1494.712	1.1371	-1.7274	1699.628	0.9356	13.615
-0.458	cal sect	18.0	10.213	0.0269	1492.911	1.1424	-1.7015	1705.469	0.9325	13.8996
-0.398	cal sect	24.0	10.517	0.0016	1504.793	1.1051	-1.6164	1663.017	0.9541	10.6633
-0.338	cal sect	30.0	10.687	0.0094	1512.882	1.1075	-1.5404	1675.58	0.9527	3.7715
-0.278	cal sect	36.0	10.558	0.005	1526.384	1.1389	-1.5511	1738.342	0.9345	0.5125
-0.218	cal sect	42.0	10.298	0.0028	1526.082	1.1345	-1.6729	1731.263	0.9371	0.3672
-0.158	cal sect	48.0	10.15	0.0172	1509.069	1.1671	-1.6954	1761.241	0.9182	0.3672
-0.098	cal sect	54.0	10.242	0.0039	1509.951	1.1635	-0.8285	1756.886	0.9202	0.3615
-0.038	cal sect	60.0	10.398	0.0151	1528.893	1.1497	2.4081	1757.762	0.9283	0.4756
0.002	 1	0.2	10.851	0.0	111.6864	1.0288	13.4943	114.9065	0.9984	1.0905
0.012	 1	1.2	10.785	0.0	111.007	1.3361	13.6832	148.3219	0.8201	0.868
0.022	 1	2.2	10.77	0.0009	1355.228	1.3473	15.4824	1825.838	0.8137	0.6394
0.032	 1	3.2	10.755	0.0004	1447.705	1.3457	16.8077	1948.107	0.8146	0.5025
0.042	 1	4.2	10.717	0.0002	1471.509	1.334	17.7609	1963.056	0.8213	0.4352
0.052	 1	5.2	10.307	0.002	1548.063	1.3866	20.4783	2146.595	0.7908	0.3979
0.062	 1	6.2	10.166	0.0094	1543.577	1.4362	21.9445	2216.873	0.7621	0.3791
0.072	 1	7.2	10.138	0.0095	1540.261	1.4161	23.8367	2181.095	0.7737	0.3674
0.082	 1	8.2	10.133	0.0048	1540.203	1.4251	24.4175	2194.883	0.7685	0.3623
0.092	 1	9.2	10.129	0.0072	1534.232	1.3866	24.4059	2127.339	0.7908	0.3584
0.102	 1	10.2	10.128	0.0162	1529.678	1.3967	22.8102	2136.515	0.785	0.3579
0.112	 1	11.2	10.128	0.0105	1533.848	1.4121	21.1514	2165.961	0.776	0.3558
0.122	 1	12.2	10.128	0.0118	1528.986	1.3943	20.7071	2131.898	0.7864	0.3671
0.132	 1	13.2	10.128	0.0212	1517.076	1.402	19.1738	2126.908	0.7819	0.3609
0.142	 1	14.2	10.129	0.0224	1510.438	1.3963	19.2458	2109.074	0.7852	0.3569
0.152	 1	15.2	10.128	0.012	1517.531	1.4317	18.0807	2172.601	0.7647	0.3545
0.162	 1	16.2	10.128	0.0051	1530.141	1.3919	18.5968	2129.865	0.7877	0.3537
0.172	 1	17.2	10.128	0.0178	1517.076	1.3986	17.0843	2121.816	0.7839	0.3551
0.182	 1	18.2	10.128	0.0342	1507.367	1.4039	17.02	2116.194	0.7808	0.3547
0.192	 1	19.2	10.138	0.0358	1504.601	1.3987	16.3252	2104.452	0.7838	0.356
0.202	 1	20.2	10.153	0.0325	1509.964	1.3857	15.6948	2092.311	0.7914	0.3561
0.212	 1	21.2	10.184	0.0173	1510.531	1.4024	15.3715	2118.396	0.7817	0.3574
0.222	 1	22.2	10.179	0.0096	1515.634	1.3914	14.105	2108.818	0.7881	0.3594
0.232	 1	23.2	10.409	0.0029	1517.789	1.374	14.732	2085.425	0.7982	0.3622
0.242	 1	24.2	10.407	0.0056	1510.012	1.3468	15.0379	2033.655	0.8139	0.3665
0.252	 1	25.2	10.425	0.0006	1535.12	1.4024	13.7163	2152.925	0.7816	0.3743
0.262	 1	26.2	10.456	0.0065	1527.761	1.4	12.9749	2138.838	0.7831	0.3865
0.272	 1	27.2	10.419	0.0032	1533.108	1.3738	13.3571	2106.257	0.7982	0.4124
0.282	 1	28.2	10.388	0.0007	1537.824	1.4067	12.4995	2163.278	0.7792	0.462
0.292	 1	29.2	10.435	0.0024	1547.072	1.396	12.4326	2159.763	0.7854	0.5674
0.302	 1	30.2	10.643	0.0095	1531.147	1.3688	11.9819	2095.756	0.8012	0.7743
0.312	 1	31.2	10.836	0.0	111.532	1.3276	10.4991	148.067	0.8251	1.1109
0.322	 2	0.3	10.853	0.0	111.7069	0.8515	16.2965	95.1158	1.1012	1.3073
0.332	 2	1.3	10.816	0.0	111.3261	1.0875	12.1271	121.0638	0.9643	1.048
0.342	 2	2.3	10.828	0.0	981.4194	1.1737	11.2002	1151.938	0.9143	0.7216
0.352	 2	3.3	10.786	0.0001	1026.749	1.1752	11.3115	1206.607	0.9135	0.5416
0.362	 2	4.3	10.705	0.0	110.1836	1.1918	12.1091	131.3176	0.9038	0.4683
0.372	 2	5.3	10.328	0.0	866.225	1.3195	12.8363	1143.017	0.8297	0.4375
0.382	 2	6.3	10.185	0.0002	1082.819	1.3063	14.2477	1414.529	0.8374	0.4221
0.392	 2	7.3	10.139	0.0003	1364.052	1.3032	15.2311	1777.68	0.8392	0.415
0.402	 2	8.3	10.133	0.0005	1520.102	1.3979	14.2236	2124.999	0.7843	0.4082
0.412	 2	9.3	10.127	0.0021	1501.854	1.412	14.8113	2120.627	0.7761	0.4032
0.422	 2	10.3	10.128	0.0021	1502.225	1.4179	14.0429	2130.065	0.7727	0.3995
0.432	 2	11.3	10.127	0.0022	1502.077	1.4135	14.0914	2123.126	0.7753	0.3976
0.442	 2	12.3	10.128	0.0025	1507.367	1.4282	13.2447	2152.853	0.7667	0.3962
0.452	 2	13.3	10.125	0.0072	1510.969	1.4101	14.133	2130.626	0.7772	0.3949
0.462	 2	14.3	10.132	0.0048	1501.704	1.4079	14.1267	2114.286	0.7785	0.3938
0.472	 2	15.3	10.132	0.0039	1502.373	1.4208	14.6987	2134.564	0.771	0.3934
0.482	 2	16.3	10.135	0.0065	1507.512	1.4341	14.5495	2161.977	0.7633	0.394
0.492	 2	17.3	10.135	0.0085	1503.486	1.4431	15.1479	2169.644	0.7581	0.3938
0.502	 2	18.3	10.142	0.0128	1503.187	1.4411	15.1386	2166.217	0.7592	0.3935
0.512	 2	19.3	10.142	0.0104	1502.073	1.4617	15.6037	2195.56	0.7473	0.3933
0.522	 2	20.3	10.148	0.0101	1496.093	1.4343	16.5649	2145.812	0.7632	0.3931
0.532	 2	21.3	10.152	0.0174	1494.479	1.4519	16.345	2169.86	0.7529	0.3953
0.542	 2	22.3	10.161	0.018	1495.144	1.463	16.1797	2187.412	0.7465	0.397
0.552	 2	23.3	10.162	0.0184	1495.732	1.4826	15.9613	2217.58	0.7351	0.398
0.562	 2	24.3	10.173	0.0124	1502.437	1.4937	15.7929	2244.245	0.7287	0.3982
0.572	 2	25.3	10.178	0.0096	1507.629	1.4555	16.1848	2194.362	0.7509	0.3954
0.582	 2	26.3	10.178	0.0184	1498.087	1.4842	15.211	2223.394	0.7342	0.3938
0.592	 2	27.3	10.183	0.0087	1493.546	1.478	14.5896	2207.462	0.7378	0.3931
0.602	 2	28.3	10.19	0.0139	1497.648	1.4757	13.9205	2210.077	0.7392	0.3936
0.612	 2	29.3	10.198	0.0152	1500.147	1.4748	13.8975	2212.413	0.7397	0.3918
0.622	 2	30.3	10.198	0.0192	1497.504	1.4509	13.4538	2172.711	0.7535	0.3915
0.632	 2	31.3	10.194	0.0136	1497.136	1.4568	13.4148	2180.963	0.7501	0.3951
0.642	 2	32.3	10.198	0.0107	1502.357	1.4766	13.2195	2218.379	0.7386	0.3963
0.652	 2	33.3	10.198	0.0154	1502.578	1.473	13.2519	2213.297	0.7407	0.3997
0.662	 2	34.3	10.198	0.0134	1493.337	1.4756	12.5673	2203.522	0.7392	0.4054
0.672	 2	35.3	10.209	0.0104	1494.292	1.4701	13.2365	2196.803	0.7424	0.4126
0.682	 2	36.3	10.2	0.0113	1492.756	1.4655	13.3117	2187.704	0.745	0.4179
0.692	 2	37.3	10.203	0.0105	1493.413	1.4769	13.1981	2205.631	0.7385	0.4239
0.702	 2	38.3	10.206	0.0117	1496.042	1.449	6.0484	2167.761	0.7546	0.4298
0.712	 2	39.3	10.204	0.0152	1494.873	1.4536	12.736	2172.889	0.752	0.4357
0.722	 2	40.3	10.203	0.0179	1494.507	1.4646	11.9781	2188.865	0.7456	0.4396
0.732	 2	41.3	10.207	0.0196	1495.312	1.4651	12.6254	2190.709	0.7453	0.4427
0.742	 2	42.3	10.203	0.0154	1493.632	1.4666	12.6259	2190.63	0.7444	0.4437
0.752	 2	43.3	10.205	0.0277	1496.554	1.4705	12.5861	2200.608	0.7422	0.4451
0.762	 2	44.3	10.204	0.0231	1495.968	1.4619	12.6632	2186.983	0.7471	0.4461
0.772	 2	45.3	10.203	0.0197	1495.164	1.4687	12.6083	2195.934	0.7432	0.4472
0.782	 2	46.3	10.203	0.0215	1494.945	1.479	12.5207	2210.978	0.7373	0.446
0.792	 2	47.3	10.201	0.0248	1495.748	1.4474	12.8006	2165.017	0.7555	0.4461
0.802	 2	48.3	10.198	0.0255	1494.431	1.4486	12.1273	2164.873	0.7549	0.4437
0.812	 2	49.3	10.218	0.022	1494.734	1.4617	11.9512	2184.842	0.7473	0.4414
0.822	 2	50.3	10.213	0.0237	1494.221	1.4632	11.956	2186.302	0.7464	0.4379
0.832	 2	51.3	10.223	0.0213	1494.809	1.4589	11.9568	2180.847	0.7489	0.4354
0.842	 2	52.3	10.237	0.023	1494.016	1.4491	11.3242	2165.02	0.7546	0.4347
0.852	 2	53.3	10.245	0.0195	1493.44	1.44	11.3705	2150.529	0.7599	0.4335
0.862	 2	54.3	10.256	0.0206	1495.48	1.4462	10.6228	2162.75	0.7563	0.4329
0.872	 2	55.3	10.26	0.0218	1496.063	1.4547	10.5488	2176.319	0.7513	0.4324
0.882	 2	56.3	10.264	0.0217	1496.428	1.4496	10.5741	2169.204	0.7543	0.4325
0.892	 2	57.3	10.26	0.0197	1495.845	1.4555	10.5433	2177.137	0.7509	0.4328
0.902	 2	58.3	10.25	0.0143	1497.225	1.4523	9.9335	2174.456	0.7527	0.4344
0.912	 2	59.3	10.245	0.0134	1497.588	1.45	9.9634	2171.515	0.7541	0.437
0.922	 2	60.3	10.24	0.0168	1497.952	1.4542	9.2851	2178.394	0.7516	0.439
0.932	 2	61.3	10.232	0.0224	1499.414	1.4579	9.2827	2186.021	0.7495	0.4414
0.942	 2	62.3	10.232	0.019	1498.755	1.4807	9.1398	2219.228	0.7362	0.4455
0.952	 2	63.3	10.227	0.0226	1499.34	1.4691	8.5662	2202.648	0.743	0.4486
0.962	 2	64.3	10.215	0.026	1496.703	1.4834	8.5121	2220.267	0.7347	0.4524
0.972	 2	65.3	10.212	0.0283	1495.606	1.4623	8.6425	2187.021	0.7469	0.4574
0.982	 2	66.3	10.207	0.0246	1494.655	1.4869	8.5113	2222.461	0.7326	0.4606
0.992	 2	67.3	10.199	0.0251	1493.921	1.4762	7.9316	2205.322	0.7389	0.4616
1.002	 2	68.3	10.197	0.0286	1494.285	1.476	8.5988	2205.522	0.739	0.4639
1.012	 2	69.3	10.192	0.0307	1492.458	1.4538	8.07	2169.674	0.7519	0.4666
1.022	 2	70.3	10.192	0.0298	1494.209	1.4795	7.9295	2210.73	0.7369	0.4691
1.032	 2	71.3	10.188	0.0487	1498.676	1.477	7.952	2213.571	0.7384	0.4682
1.042	 2	72.3	10.183	0.0393	1493.109	1.4954	7.2099	2232.807	0.7277	0.4676
1.052	 2	73.3	10.177	0.0292	1491.573	1.4781	7.3067	2204.691	0.7378	0.4672
1.062	 2	74.3	10.174	0.0296	1491.133	1.4873	7.2675	2217.814	0.7324	0.4687
1.072	 2	75.3	10.173	0.0294	1490.331	1.4922	6.5873	2223.827	0.7296	0.4644
1.082	 2	76.3	10.168	0.0245	1493.318	1.4828	6.6385	2214.24	0.7351	0.4628
1.092	 2	77.3	10.162	0.0314	1492.656	1.4946	6.5973	2230.877	0.7282	0.459
1.102	 2	78.3	10.159	0.0273	1493.97	1.4911	6.6183	2227.65	0.7302	0.4575
1.112	 2	79.3	10.152	0.0254	1492.502	1.5153	6.5255	2261.613	0.7162	0.4559
1.122	 2	80.3	10.147	0.029	1490.233	1.4942	6.6273	2226.651	0.7284	0.4537
1.132	 2	81.3	10.142	0.0246	1492.568	1.4876	6.666	2220.352	0.7322	0.4505
1.142	 2	82.3	10.132	0.0273	1492.414	1.4982	5.9739	2235.947	0.7261	0.4485
1.152	 2	83.3	10.132	0.0266	1491.535	1.5178	6.5521	2263.813	0.7147	0.4451
1.162	 2	84.3	10.132	0.0211	1491.096	1.5154	5.9063	2259.571	0.7161	0.4434
1.172	 2	85.3	10.137	0.0373	1495.574	1.5056	5.9361	2251.765	0.7218	0.4444
1.182	 2	86.3	10.13	0.0263	1490.802	1.5077	5.2797	2247.707	0.7206	0.4449
1.192	 2	87.3	10.122	0.0218	1492.26	1.5057	5.961	2246.953	0.7217	0.4456
1.202	 2	88.3	10.13	0.0398	1498.299	1.5061	5.9459	2256.636	0.7215	0.446
1.212	 2	89.3	10.127	0.0419	1496.97	1.4969	5.3226	2240.742	0.7269	0.4471
1.222	 2	90.3	10.127	0.0435	1494.76	1.5084	5.9419	2254.737	0.7202	0.449
1.232	 2	91.3	10.127	0.0331	1493.658	1.5058	5.291	2249.129	0.7217	0.4502
1.242	 2	92.3	10.132	0.0343	1493.514	1.4998	5.9677	2239.945	0.7252	0.4533
1.252	 2	93.3	10.133	0.0303	1491.682	1.5062	5.9405	2246.792	0.7215	0.4553
1.262	 2	94.3	10.137	0.0195	1486.8	1.5046	5.9402	2236.985	0.7224	0.4564
1.272	 2	95.3	10.143	0.0144	1490.522	1.4924	5.9784	2224.458	0.7295	0.4572
1.282	 2	96.3	10.153	0.0233	1495.728	1.5208	5.8502	2274.664	0.713	0.4564
1.292	 2	97.3	10.16	0.0286	1494.777	1.5112	5.8756	2258.906	0.7186	0.4578
1.302	 2	98.3	10.166	0.0207	1489.306	1.5045	5.8917	2240.64	0.7225	0.4575
1.312	 2	99.3	10.179	0.0187	1491.428	1.4905	6.5834	2222.986	0.7306	0.4586
1.322	 2	100.3	10.193	0.0164	1494.575	1.4905	6.5572	2227.731	0.7305	0.456
1.332	 2	101.3	10.203	0.0173	1496.041	1.508	6.463	2256.04	0.7204	0.4568
1.342	 2	102.3	10.209	0.0191	1495.824	1.4908	6.5264	2229.999	0.7304	0.4607
1.352	 2	103.3	10.218	0.0271	1498.46	1.4947	6.4928	2239.796	0.7281	0.4645
1.362	 2	104.3	10.228	0.0258	1498.608	1.5067	6.423	2257.958	0.7212	0.4729
1.372	 2	105.3	10.238	0.0186	1498.756	1.5087	6.3966	2261.141	0.72	0.4913
1.382	 2	106.3	10.243	0.0174	1499.049	1.5175	6.9853	2274.868	0.7149	0.4942
1.392	 2	107.3	10.248	0.0262	1500.0	1.5001	7.0567	2250.099	0.725	0.4963
1.402	 2	108.3	10.261	0.0295	1499.927	1.4955	7.0523	2243.195	0.7276	0.4967
1.412	 2	109.3	10.26	0.0247	1496.063	1.5044	7.6503	2250.654	0.7225	0.4991
1.422	 2	110.3	10.27	0.0269	1497.084	1.484	7.7334	2221.732	0.7343	0.5013
1.432	 2	111.3	10.276	0.0225	1496.432	1.5148	8.1939	2266.803	0.7165	0.5022
1.442	 2	112.3	10.301	0.0216	1496.803	1.5154	8.7592	2268.264	0.7161	0.5014
1.452	 2	113.3	10.324	0.0221	1496.666	1.4763	8.9337	2209.493	0.7388	0.5037
1.462	 2	114.3	10.342	0.0073	1504.072	1.4983	9.3843	2253.477	0.7261	0.5094
1.472	 2	115.3	10.368	0.0037	1501.303	1.4966	9.9487	2246.854	0.727	0.5166
1.482	 2	116.3	10.491	0.0009	1511.236	1.4922	10.8512	2255.031	0.7296	0.5329
1.492	 2	117.3	10.474	0.002	1496.713	1.4972	12.0722	2240.949	0.7267	0.5585
1.502	 2	118.3	10.483	0.0	107.8986	1.513	13.7041	163.256	0.7175	0.6044
1.512	 2	119.3	10.499	0.0014	1506.745	1.5446	15.69	2327.307	0.6992	0.684
1.522	 2	120.3	10.501	0.0005	1511.37	1.5884	18.0723	2400.721	0.6738	0.8104
1.532	 2	121.3	10.471	0.0005	1520.18	1.5869	21.0887	2412.413	0.6746	0.9945
1.542	 2	122.3	10.468	0.0024	1531.977	1.7105	23.2863	2620.403	0.603	1.2531
1.552	 2	123.3	10.663	0.0001	1408.401	1.652	26.5046	2326.672	0.6369	1.5763
1.562	 2	124.3	10.816	0.0	111.3261	0.5363	89.147	59.6998	1.2841	1.8562
1.572	 3	0.1	10.807	0.0	111.2335	0.5783	91.4297	64.3304	1.2597	1.8532
1.582	 3	1.1	10.787	0.0	111.0276	1.4146	41.0997	157.0648	0.7746	1.5455
1.592	 3	2.1	10.782	0.0	110.9762	1.6168	39.6093	179.4266	0.6573	1.1849
1.602	 3	3.1	10.749	0.0	110.6365	1.6388	41.9822	181.3087	0.6446	0.954
1.612	 3	4.1	10.69	0.0	110.0292	1.6298	44.4525	179.3267	0.6498	0.8192
1.622	 3	5.1	10.292	0.0	859.2419	1.7042	48.5235	1464.333	0.6066	0.7372
1.632	 3	6.1	10.16	0.0001	792.5117	1.7167	49.9969	1360.538	0.5993	0.6796
1.642	 3	7.1	10.133	0.0002	1326.309	1.7397	48.0032	2307.383	0.586	0.6392
1.652	 3	8.1	10.128	0.0003	1318.922	1.751	44.3495	2309.459	0.5795	0.6039
1.662	 3	9.1	10.128	0.0002	1312.427	1.5539	44.2092	2039.372	0.6938	0.5738
1.672	 3	10.1	10.128	0.0013	1503.117	1.5361	36.9431	2308.978	0.7041	0.5456
1.682	 3	11.1	10.132	0.0067	1512.239	1.5043	30.4108	2274.788	0.7226	0.5197
1.692	 3	12.1	10.132	0.0275	1494.616	1.4985	23.8916	2239.636	0.7259	0.4967
1.702	 3	13.1	10.137	0.0243	1492.931	1.5056	19.1273	2247.785	0.7218	0.4776
1.712	 3	14.1	10.137	0.0233	1493.371	1.5043	15.8434	2246.479	0.7226	0.4648
1.722	 3	15.1	10.147	0.024	1494.404	1.5131	13.7428	2261.235	0.7174	0.457
1.732	 3	16.1	10.152	0.0204	1491.187	1.5207	13.6554	2267.582	0.7131	0.4505
1.742	 3	17.1	10.154	0.0149	1490.167	1.5185	13.0163	2262.797	0.7143	0.4479
1.752	 3	18.1	10.159	0.0154	1491.339	1.5029	13.7894	2241.312	0.7234	0.4478
1.762	 3	19.1	10.167	0.0131	1490.981	1.4944	14.4955	2228.058	0.7283	0.4499
1.772	 3	20.1	10.172	0.013	1493.028	1.5068	15.6608	2249.647	0.7211	0.4539
1.782	 3	21.1	10.178	0.0125	1492.594	1.5289	17.3344	2281.953	0.7083	0.461
1.792	 3	22.1	10.182	0.0138	1492.962	1.5162	19.3994	2263.592	0.7157	0.4674
1.802	 3	23.1	10.19	0.0141	1493.697	1.5442	22.8056	2306.515	0.6994	0.4719
1.812	 3	24.1	10.193	0.0107	1491.95	1.5695	27.4009	2341.56	0.6848	0.477
1.822	 3	25.1	10.193	0.0107	1498.971	1.5867	32.6474	2378.395	0.6748	0.4838
1.832	 3	26.1	10.2	0.0115	1500.662	1.6173	37.3937	2427.055	0.657	0.4894
1.842	 3	27.1	10.192	0.0114	1507.246	1.7139	41.6413	2583.269	0.601	0.5
1.852	 3	28.1	10.198	0.0123	1524.365	1.7492	45.7545	2666.354	0.5805	0.515
1.862	 3	29.1	10.202	0.0096	1527.474	1.7567	50.5004	2683.351	0.5761	0.5316
1.872	 3	30.1	10.203	0.009	1523.745	1.7346	55.0641	2643.042	0.589	0.5446
1.882	 3	31.1	10.203	0.009	1519.66	1.7294	59.1742	2628.074	0.592	0.5497
1.892	 3	32.1	10.203	0.0071	1532.212	1.7233	63.3437	2640.391	0.5956	0.5464
1.902	 3	33.1	10.208	0.005	1604.779	1.79	64.7021	2872.531	0.5569	0.5396
1.912	 3	34.1	10.213	0.0022	1678.39	1.8953	63.5861	3180.968	0.4958	0.5374
1.922	 3	35.1	10.214	0.0019	1673.603	1.7872	69.0411	2991.113	0.5585	0.5444
1.932	 3	36.1	10.214	0.0066	1618.188	1.6932	72.877	2739.848	0.613	0.5655
1.942	 3	37.1	10.208	0.0105	1578.964	1.7494	70.0967	2762.267	0.5804	0.5907
1.952	 3	38.1	10.21	0.0022	1667.483	1.9086	64.7232	3182.587	0.488	0.6101
1.962	 3	39.1	10.208	0.0032	1705.597	1.9273	64.6362	3287.241	0.4772	0.6128
1.972	 3	40.1	10.209	0.0074	1695.847	1.9287	65.5815	3270.743	0.4764	0.6091
1.982	 3	41.1	10.208	0.0085	1678.12	1.906	66.3819	3198.434	0.4896	0.608
1.992	 3	42.1	10.204	0.0068	1678.289	1.9308	65.6028	3240.408	0.4752	0.6164
2.002	 3	43.1	10.204	0.0063	1688.007	1.9269	64.2171	3252.664	0.4774	0.6308
2.012	 3	44.1	10.2	0.0039	1684.836	1.8163	67.67	3060.096	0.5416	0.6432
2.022	 3	45.1	10.199	0.0021	1626.375	1.7045	71.5561	2772.107	0.6065	0.6534
2.032	 3	46.1	10.199	0.0041	1538.775	1.6245	77.4799	2499.781	0.6528	0.6587
2.042	 3	47.1	10.204	0.0111	1512.376	1.6917	78.9065	2558.464	0.6139	0.6643
2.052	 3	48.1	10.197	0.0049	1524.443	1.8362	79.222	2799.132	0.5301	0.6723
2.062	 3	49.1	10.216	0.0015	1569.76	1.8691	83.6415	2934.111	0.5109	0.6816
2.072	 3	50.1	10.219	0.0044	1570.463	1.8294	90.6907	2872.975	0.534	0.6869
2.082	 3	51.1	10.218	0.0057	1548.182	1.8317	95.3708	2835.78	0.5327	0.6872
2.092	 3	52.1	10.218	0.004	1554.541	1.8794	95.5291	2921.677	0.505	0.682
2.102	 3	53.1	10.218	0.0018	1591.341	1.9208	92.4603	3056.699	0.481	0.6812
2.112	 3	54.1	10.233	0.0013	1580.63	1.7897	92.3359	2828.864	0.557	0.6792
2.122	 3	55.1	10.235	0.0033	1544.206	1.6708	89.6037	2580.015	0.626	0.6772
2.132	 3	56.1	10.251	0.0135	1521.371	1.6814	82.9165	2558.097	0.6198	0.6727
2.142	 3	57.1	10.254	0.0076	1524.758	1.7201	78.7488	2622.795	0.5974	0.6721
2.152	 3	58.1	10.246	0.0074	1536.362	1.7766	78.0453	2729.448	0.5646	0.6762
2.162	 3	59.1	10.245	0.0075	1555.1	1.8149	79.6023	2822.358	0.5424	0.6827
2.172	 3	60.1	10.241	0.0292	1556.856	1.7965	84.2638	2796.945	0.5531	0.6872
2.182	 3	61.1	10.241	0.0204	1555.674	1.8357	86.6666	2855.8	0.5303	0.6968
2.192	 3	62.1	10.232	0.019	1574.88	1.8951	86.7152	2984.557	0.4959	0.6947
2.202	 3	63.1	10.227	0.0119	1590.761	1.8938	85.8758	3012.548	0.4966	0.6877
2.212	 3	64.1	10.217	0.0074	1601.662	1.9001	80.2104	3043.378	0.493	0.6804
2.222	 3	65.1	10.223	0.0087	1549.879	1.669	80.1294	2586.816	0.627	0.6688
2.232	 3	66.1	10.208	0.0486	1519.274	1.6657	67.1937	2530.615	0.629	0.6554
2.242	 3	67.1	10.202	0.029	1514.324	1.6977	56.2772	2570.811	0.6104	0.6413
2.252	 3	68.1	10.208	0.0193	1514.54	1.6804	48.6493	2545.098	0.6204	0.6301
2.262	 3	69.1	10.203	0.0174	1514.922	1.6962	41.944	2569.67	0.6112	0.619
2.272	 3	70.1	10.198	0.0182	1519.595	1.7103	36.5212	2599.031	0.603	0.6089
2.282	 3	71.1	10.198	0.0154	1517.785	1.6077	33.3885	2440.197	0.6626	0.6022
2.292	 3	72.1	10.188	0.0318	1503.098	1.5563	28.9295	2339.282	0.6924	0.5905
2.302	 3	73.1	10.193	0.0173	1495.671	1.5614	24.4131	2335.294	0.6895	0.5796
2.312	 3	74.1	10.188	0.0201	1498.015	1.5621	20.6764	2340.101	0.689	0.5672
2.322	 3	75.1	10.187	0.028	1500.516	1.5704	18.0798	2356.391	0.6842	0.5557
2.332	 3	76.1	10.193	0.019	1499.412	1.56	16.2899	2339.05	0.6903	0.5487
2.342	 3	77.1	10.183	0.0171	1497.72	1.5826	14.245	2370.235	0.6772	0.5441
2.352	 3	78.1	10.183	0.018	1497.941	1.5573	13.2168	2332.815	0.6918	0.5395
2.362	 3	79.1	10.168	0.0206	1498.6	1.5409	12.137	2309.254	0.7013	0.5356
2.372	 3	80.1	10.164	0.0277	1494.926	1.5558	11.4011	2325.847	0.6927	0.5312
2.382	 3	81.1	10.166	0.0229	1496.32	1.5358	10.9019	2298.051	0.7043	0.5266
2.392	 3	82.1	10.158	0.0259	1492.726	1.5408	9.6098	2300.023	0.7014	0.5223
2.402	 3	83.1	10.148	0.0202	1493.671	1.5443	9.6158	2306.603	0.6994	0.517
2.412	 3	84.1	10.148	0.0171	1494.331	1.5426	8.9843	2305.173	0.7003	0.5149
2.422	 3	85.1	10.138	0.02	1494.399	1.5559	8.9327	2325.202	0.6926	0.5116
2.432	 3	86.1	10.138	0.0267	1494.399	1.5463	8.9883	2310.821	0.6982	0.5098
2.442	 3	87.1	10.132	0.0252	1495.719	1.5489	8.9888	2316.692	0.6967	0.5081
2.452	 3	88.1	10.132	0.0259	1494.395	1.5486	8.9903	2314.232	0.6969	0.5076
2.462	 3	89.1	10.133	0.0191	1493.882	1.546	9.003	2309.526	0.6984	0.5067
2.472	 3	90.1	10.136	0.0193	1494.324	1.5447	9.0028	2308.3	0.6991	0.5085
2.482	 3	91.1	10.136	0.0216	1499.852	1.5488	9.6202	2323.0	0.6967	0.5099
2.492	 3	92.1	10.137	0.0343	1496.236	1.5391	9.6782	2302.866	0.7024	0.512
2.502	 3	93.1	10.138	0.0291	1495.501	1.5568	10.841	2328.156	0.6921	0.5175
2.512	 3	94.1	10.143	0.021	1496.018	1.5428	11.566	2308.096	0.7002	0.5247
2.522	 3	95.1	10.14	0.0299	1498.448	1.5811	13.1787	2369.123	0.678	0.5315
2.532	 3	96.1	10.143	0.0257	1500.666	1.564	13.9445	2347.11	0.6879	0.5401
2.542	 3	97.1	10.142	0.0353	1502.519	1.5915	15.5769	2391.293	0.672	0.5495
2.552	 3	98.1	10.143	0.0262	1502.444	1.5951	16.7807	2396.517	0.6699	0.5549
2.562	 3	99.1	10.147	0.0349	1504.597	1.6106	19.0596	2423.275	0.6609	0.5663
2.572	 3	100.1	10.157	0.0199	1503.404	1.6242	20.6703	2441.784	0.653	0.5767
2.582	 3	101.1	10.162	0.0174	1507.044	1.6367	23.4956	2466.526	0.6458	0.5924
2.592	 3	102.1	10.172	0.02	1509.423	1.6333	25.8856	2465.304	0.6478	0.6077
2.602	 3	103.1	10.178	0.0179	1510.313	1.6457	29.2246	2485.559	0.6405	0.6226
2.612	 3	104.1	10.183	0.0145	1510.607	1.65	33.2653	2492.535	0.638	0.638
2.622	 3	105.1	10.188	0.0135	1516.071	1.6791	36.7235	2545.63	0.6212	0.6495
2.632	 3	106.1	10.193	0.0166	1521.57	1.7121	40.5306	2605.139	0.602	0.6631
2.642	 3	107.1	10.192	0.0103	1528.036	1.7303	44.6373	2643.927	0.5915	0.6727
2.652	 3	108.1	10.198	0.0157	1537.232	1.7604	47.1255	2706.146	0.574	0.6815
2.662	 3	109.1	10.198	0.012	1534.688	1.7377	49.4262	2666.824	0.5872	0.6849
2.672	 3	110.1	10.201	0.0136	1525.497	1.7375	50.512	2650.571	0.5873	0.6832
2.682	 3	111.1	10.208	0.0178	1527.458	1.7166	51.0252	2622.092	0.5994	0.6791
2.692	 3	112.1	10.218	0.0155	1523.483	1.715	51.497	2612.709	0.6004	0.6786
2.702	 3	113.1	10.217	0.0113	1529.72	1.729	51.656	2644.813	0.5923	0.6803
2.712	 3	114.1	10.233	0.0129	1532.804	1.7096	53.1368	2620.445	0.6035	0.7014
2.722	 3	115.1	10.233	0.0151	1531.199	1.7185	54.5472	2631.4	0.5983	0.7106
2.732	 3	116.1	10.241	0.0111	1533.084	1.7481	55.7113	2679.916	0.5812	0.7188
2.742	 3	117.1	10.251	0.0056	1547.788	1.8422	54.8048	2851.262	0.5266	0.716
2.752	 3	118.1	10.251	0.0028	1564.56	1.7506	59.3174	2738.979	0.5797	0.7123
2.762	 3	119.1	10.261	0.0155	1545.099	1.7183	61.3793	2654.977	0.5984	0.7088
2.772	 3	120.1	10.265	0.0142	1539.904	1.74	62.1967	2679.48	0.5858	0.7045
2.782	 3	121.1	10.275	0.0057	1551.412	1.7807	60.6062	2762.583	0.5622	0.7062
2.792	 3	122.1	10.281	0.0064	1560.565	1.675	63.184	2613.926	0.6236	0.7163
2.802	 3	123.1	10.316	0.0235	1538.553	1.6598	62.0035	2553.674	0.6324	0.7283
2.812	 3	124.1	10.337	0.0071	1549.078	1.694	61.5064	2624.065	0.6126	0.7394
2.822	 3	125.1	10.393	0.0037	1573.743	1.7716	59.9891	2788.068	0.5675	0.7547
2.832	 3	126.1	10.493	0.0002	1588.645	1.6478	65.4718	2617.823	0.6393	0.7819
2.842	 3	127.1	10.512	0.0	108.1971	1.6327	69.0209	176.6586	0.6481	0.8213
2.852	 3	128.1	10.508	0.0	108.156	1.7362	69.1036	187.7839	0.588	0.8793
2.862	 3	129.1	10.521	0.0002	1616.377	1.8438	68.2296	2980.234	0.5257	0.959
2.872	 3	130.1	10.531	0.0	108.3927	1.8814	68.5764	203.9248	0.5039	1.0841
2.882	 3	131.1	10.49	0.0001	1596.165	1.8591	69.6934	2967.507	0.5167	1.331
2.892	 3	132.1	10.467	0.0	107.734	1.894	64.5412	204.0477	0.4965	1.8843
2.902	 3	133.1	10.497	0.0	108.0427	1.4609	71.3103	157.8381	0.7477	2.9236
2.912	 3	134.1	10.462	0.0	107.6825	0.4569	176.6287	49.1986	1.3301	4.2785
