Geotek MSCL 7.9 - TN336_JPC12-12.out created at 8:29:58 on 1/21/2016.


Processing Parameters

CT	RCT=11.45	W=1.27
PWAmp	A=1	B=0
PWVel	PTO=26.73
Den1	A=7.0444E-04	B=-.096532	C=9.8575
MS1	A=1	B=0	Den=0	LD=14	
FP	MGD=2.75	WD=1.026	
RES	A=687.8304	B=-1.135412	p=0	


SB DEPTH	SECT NUM	SECT DEPTH	CT	PWAmp	PWVel	Den1	MS1	Imp	FP	RES
m		cm	cm		m/s	g/cc	SI x 10^-5			Ohm.m

-0.640	before cal		10.351	0.0						30.1747
-0.580	cal sect	6.0	10.241	0.0235	1457.794	1.1729	-1.9284		0.9148	10.6646
-0.520	cal sect	12.0	9.964	0.0199	1448.045	1.1725	-1.0437	1697.889	0.915	10.4289
-0.460	cal sect	18.0	10.035	0.0172	1447.425	1.1872	-1.0225	1718.333	0.9065	9.6529
-0.400	cal sect	24.0	10.272	0.006	1451.873	1.1721	-0.9559	1701.721	0.9153	8.3531
-0.340	cal sect	30.0	10.415	0.0126	1466.901	1.1757	-0.9185	1724.638	0.9132	3.5925
-0.280	cal sect	36.0	10.33	0.0015	1479.095	1.1593	-0.9405	1714.677	0.9227	0.4944
-0.220	cal sect	42.0	10.03	0.0082	1481.317	1.1827	-1.024	1751.983	0.9091	0.3535
-0.160	cal sect	48.0	9.945	0.0901	1468.981	1.2019	-1.0495	1765.536	0.898	0.3498
-0.100	cal sect	54.0	10.047	0.0186	1474.248	1.1985	-1.019	1766.922	0.8999	0.3503
-0.040	cal sect	60.0	10.189	0.0194	1475.17	1.2054	0.0	1778.169	0.8959	0.4895
0.010	 1	1.0	10.642	0.0						1.6162
0.020	 1	2.0	10.647	0.0	109.5066	1.0398	9.4847		0.992	1.3505
0.030	 1	3.0	10.632	0.0	109.3523	1.4792	11.2545	161.7541	0.7371	1.1245
0.040	 1	4.0	10.579	0.0	108.8072	1.5222	12.2952	165.6239	0.7122	0.9341
0.050	 1	5.0	10.13	0.0005	1445.903	1.5905	14.9255	2299.672	0.6726	0.7902
0.060	 1	6.0	10.031	0.0056	1463.525	1.5923	15.3553	2330.398	0.6715	0.697
0.070	 1	7.0	9.977	0.0044	1454.797	1.6335	16.6367	2376.454	0.6476	0.6438
0.080	 1	8.0	9.964	0.0032	1471.787	1.7513	15.6559	2577.508	0.5793	0.6202
0.090	 1	9.0	9.959	0.0088	1471.701	1.7333	14.6334	2550.832	0.5898	0.6096
0.100	 1	10.0	9.956	0.0147	1469.087	1.7565	13.6	2580.459	0.5763	0.6095
0.110	 1	11.0	9.961	0.014	1471.344	1.7357	12.5357	2553.842	0.5883	0.6082
0.120	 1	12.0	9.95	0.0247	1466.254	1.7528	13.6238	2570.032	0.5784	0.609
0.130	 1	13.0	9.95	0.0148	1467.552	1.7688	12.5758	2595.794	0.5691	0.6035
0.140	 1	14.0	9.955	0.0161	1473.505	1.7705	12.5575	2608.819	0.5682	0.5985
0.150	 1	15.0	9.956	0.026	1475.4	1.7843	11.5077	2632.534	0.5602	0.5951
0.160	 1	16.0	9.965	0.0293	1470.415	1.7419	11.4777	2561.36	0.5847	0.5838
0.170	 1	17.0	9.965	0.0227	1467.816	1.7438	11.4777	2559.608	0.5836	0.5798
0.180	 1	18.0	9.966	0.0195	1464.511	1.7525	11.4743	2566.578	0.5786	0.5806
0.190	 1	19.0	9.97	0.0188	1465.315	1.723	11.461	2524.665	0.5957	0.5788
0.200	 1	20.0	9.97	0.0255	1463.594	1.6586	11.461	2427.563	0.633	0.5745
0.210	 1	21.0	9.97	0.0327	1461.662	1.6982	11.461	2482.132	0.6101	0.5698
0.220	 1	22.0	9.975	0.0251	1466.48	1.7236	10.404	2527.678	0.5953	0.5626
0.230	 1	23.0	9.98	0.0237	1468.943	1.7209	10.3889	2527.927	0.5969	0.5611
0.240	 1	24.0	9.981	0.0299	1465.854	1.7152	11.4245	2514.221	0.6002	0.565
0.250	 1	25.0	9.991	0.0282	1465.171	1.7058	10.3559	2499.317	0.6057	0.5731
0.260	 1	26.0	9.985	0.0237	1465.796	1.7179	11.4113	2518.079	0.5987	0.5809
0.270	 1	27.0	9.99	0.0444	1471.281	1.7229	11.3947	2534.879	0.5958	0.5918
0.280	 1	28.0	9.999	0.0306	1472.39	1.7467	11.3651	2571.869	0.5819	0.5981
0.290	 1	29.0	10.002	0.0202	1476.31	1.7715	11.3552	2615.327	0.5676	0.6033
0.300	 1	30.0	10.0	0.0128	1474.709	1.8005	10.3289	2655.17	0.5508	0.6056
0.310	 1	31.0	10.005	0.0111	1476.317	1.7587	10.314	2596.47	0.575	0.6181
0.320	 1	32.0	10.008	0.0124	1476.106	1.7829	10.305	2631.68	0.561	0.6239
0.330	 1	33.0	10.011	0.01	1481.136	1.7978	10.2961	2662.828	0.5523	0.6303
0.340	 1	34.0	10.007	0.0073	1491.801	1.8022	11.3388	2688.538	0.5498	0.6367
0.350	 1	35.0	10.012	0.0122	1490.546	1.7711	11.3224	2639.843	0.5678	0.6383
0.360	 1	36.0	10.011	0.0163	1476.549	1.7246	11.3257	2546.4	0.5948	0.6403
0.370	 1	37.0	10.015	0.0143	1465.467	1.7149	11.3126	2513.131	0.6004	0.6379
0.380	 1	38.0	10.016	0.016	1461.336	1.7191	11.3094	2512.113	0.598	0.6411
0.390	 1	39.0	10.011	0.0159	1460.607	1.7104	11.3257	2498.162	0.603	0.6408
0.400	 1	40.0	10.016	0.0199	1462.403	1.7113	11.3094	2502.678	0.6025	0.6438
0.410	 1	41.0	10.014	0.0155	1461.898	1.7287	11.3159	2527.206	0.5924	0.6439
0.420	 1	42.0	10.011	0.013	1466.598	1.7431	11.3257	2556.362	0.5841	0.6498
0.430	 1	43.0	10.016	0.0135	1466.257	1.7368	11.3094	2546.635	0.5877	0.6484
0.440	 1	44.0	10.016	0.0141	1462.19	1.7163	10.2812	2509.514	0.5996	0.6484
0.450	 1	45.0	10.016	0.0111	1466.042	1.7172	11.3094	2517.484	0.5991	0.648
0.460	 1	46.0	10.011	0.017	1461.46	1.723	11.3257	2518.109	0.5957	0.6458
0.470	 1	47.0	10.011	0.0139	1460.82	1.7187	10.2961	2510.672	0.5982	0.6429
0.480	 1	48.0	10.008	0.0114	1455.709	1.6956	10.305	2468.352	0.6116	0.6386
0.490	 1	49.0	10.026	0.0102	1455.152	1.6929	10.2516	2463.418	0.6132	0.6333
0.500	 1	50.0	10.041	0.0122	1459.023	1.6904	10.2074	2466.281	0.6146	0.6335
0.510	 1	51.0	10.039	0.0115	1457.886	1.6847	10.2133	2456.076	0.6179	0.6323
0.520	 1	52.0	10.036	0.0101	1457.45	1.6942	10.2221	2469.254	0.6124	0.6281
0.530	 1	53.0	10.034	0.0159	1460.34	1.6816	10.228	2455.748	0.6197	0.6292
0.540	 1	54.0	10.033	0.0167	1459.983	1.6947	11.254	2474.285	0.6121	0.631
0.550	 1	55.0	10.03	0.0154	1462.526	1.688	10.2398	2468.741	0.616	0.6331
0.560	 1	56.0	10.034	0.0169	1463.536	1.6918	10.228	2476.076	0.6138	0.6368
0.570	 1	57.0	10.034	0.0135	1465.245	1.7144	10.228	2512.053	0.6007	0.6408
0.580	 1	58.0	10.033	0.0136	1468.316	1.6902	10.2309	2481.753	0.6147	0.642
0.590	 1	59.0	10.033	0.0232	1474.357	1.7072	11.254	2517.053	0.6049	0.6443
0.600	 1	60.0	10.033	0.0247	1471.114	1.7039	10.2309	2506.568	0.6068	0.6446
0.610	 1	61.0	10.033	0.0157	1469.391	1.6999	11.254	2497.81	0.6091	0.6418
0.620	 1	62.0	10.033	0.0137	1465.099	1.7103	10.2309	2505.741	0.6031	0.6437
0.630	 1	63.0	10.034	0.0171	1465.245	1.7101	11.2508	2505.741	0.6032	0.647
0.640	 1	64.0	10.032	0.017	1465.381	1.7068	11.2573	2501.081	0.6051	0.6488
0.650	 1	65.0	10.029	0.0139	1466.871	1.7073	11.267	2504.373	0.6048	0.6419
0.660	 1	66.0	10.034	0.0162	1464.604	1.6952	10.228	2482.756	0.6118	0.6427
0.670	 1	67.0	10.03	0.0137	1461.46	1.6829	11.2638	2459.486	0.619	0.643
0.680	 1	68.0	10.038	0.013	1463.052	1.7009	11.2378	2488.468	0.6085	0.6437
0.690	 1	69.0	10.04	0.0096	1465.479	1.686	10.2103	2470.823	0.6172	0.647
0.700	 1	70.0	10.046	0.0153	1467.426	1.7062	10.1927	2503.775	0.6054	0.6561
0.710	 1	71.0	10.051	0.0153	1465.374	1.7014	10.178	2493.209	0.6082	0.6695
0.720	 1	72.0	10.05	0.0146	1465.656	1.712	10.181	2509.208	0.6021	0.6826
0.730	 1	73.0	10.056	0.0094	1464.822	1.7036	10.1634	2495.501	0.6069	0.7262
0.740	 1	74.0	10.066	0.0086	1468.846	1.7111	10.1343	2513.384	0.6026	0.7277
0.750	 1	75.0	10.071	0.0106	1467.22	1.709	11.1317	2507.551	0.6038	0.7303
0.760	 1	76.0	10.087	0.0141	1469.98	1.6966	11.0807	2493.907	0.611	0.7289
0.770	 1	77.0	10.097	0.0099	1470.58	1.6952	10.0446	2492.901	0.6118	0.7317
0.780	 1	78.0	10.098	0.01	1469.014	1.7076	10.0417	2508.414	0.6047	0.7272
0.790	 1	79.0	10.111	0.0087	1471.119	1.7165	11.0049	2525.127	0.5995	0.7217
0.800	 1	80.0	10.148	0.0094	1475.0	1.7031	10.8894	2512.104	0.6072	0.7187
0.810	 1	81.0	10.168	0.0082	1473.41	1.7004	10.8277	2505.363	0.6088	0.707
0.820	 1	82.0	10.184	0.0034	1477.87	1.7166	10.7786	2536.848	0.5994	0.7015
0.830	 1	83.0	10.21	0.0041	1473.517	1.7184	10.6996	2532.123	0.5984	0.6978
0.840	 1	84.0	10.534	0.0003	1502.282	1.6781	9.7795	2520.929	0.6218	0.694
0.850	 1	85.0	10.489	0.0003	1484.853	1.7005	9.9004	2524.948	0.6088	0.6899
0.860	 1	86.0	10.456	0.0	107.5421	1.7106	9.0823	183.9563	0.6029	0.6834
0.870	 1	87.0	10.385	0.0015	1481.667	1.6882	9.262	2501.401	0.6159	0.6891
0.880	 1	88.0	10.334	0.0025	1491.628	1.6849	10.3337	2513.253	0.6178	0.7187
0.890	 1	89.0	10.256	0.0147	1477.171	1.6782	10.5618	2479.019	0.6217	0.81
0.900	 1	90.0	10.226	0.0154	1465.253	1.6837	10.6514	2467.119	0.6185	1.0418
0.910	 1	91.0	10.399	0.0056	1488.975	1.6906	10.1488	2517.219	0.6145	1.4749
0.920	 1	92.0	10.573	0.0	108.7455	1.6285	9.6763	177.091	0.6505	1.833
0.930	 2	0.0	10.64	0.0	109.4346	1.184	9.5026	129.5702	0.9084	1.7539
0.940	 2	1.0	10.649	0.0	109.5272	1.6864	8.6178	184.7039	0.617	1.3977
0.950	 2	2.0	10.686	0.0001	1339.769	1.6473	8.5326	2206.958	0.6396	1.1085
0.960	 2	3.0	10.684	0.0	109.8872	1.6218	8.5371	178.2118	0.6544	0.9267
0.970	 2	4.0	10.627	0.0001	1484.84	1.5864	8.669	2355.519	0.675	0.8101
0.980	 2	5.0	10.236	0.0015	1370.281	1.6298	8.6902	2233.337	0.6497	0.7456
0.990	 2	6.0	10.11	0.0033	1261.857	1.6812	9.0066	2121.469	0.6199	0.7128
1.000	 2	7.0	10.048	0.0019	1284.746	1.6311	10.1868	2095.535	0.649	0.6984
1.010	 2	8.0	10.01	0.0013	1264.687	1.6205	9.2692	2049.419	0.6552	0.6915
1.020	 2	9.0	9.997	0.0007	1266.244	1.655	9.3041	2095.667	0.6351	0.6918
1.030	 2	10.0	9.99	0.0012	1271.478	1.6833	10.3589	2140.329	0.6187	0.6954
1.040	 2	11.0	9.98	0.0009	1265.213	1.6785	10.3889	2123.615	0.6215	0.7025
1.050	 2	12.0	9.98	0.0011	1253.296	1.6886	10.3889	2116.345	0.6156	0.7063
1.060	 2	13.0	9.968	0.0007	1282.883	1.7264	10.4252	2214.766	0.5937	0.708
1.070	 2	14.0	9.963	0.0018	1280.92	1.7655	10.4403	2261.49	0.571	0.718
1.080	 2	15.0	9.959	0.003	1280.406	1.7592	11.4977	2252.452	0.5747	0.7196
1.090	 2	16.0	9.961	0.0021	1272.646	1.7559	10.4464	2234.693	0.5766	0.7257
1.100	 2	17.0	9.962	0.0018	1279.147	1.7644	11.4877	2256.94	0.5717	0.7269
1.110	 2	18.0	9.963	0.002	1280.427	1.7597	11.4843	2253.222	0.5744	0.7272
1.120	 2	19.0	9.967	0.0018	1277.657	1.7836	10.4282	2278.859	0.5605	0.7239
1.130	 2	20.0	9.978	0.0045	1282.684	1.7876	10.3949	2292.869	0.5583	0.7183
1.140	 2	21.0	9.987	0.0028	1279.892	1.7882	10.3679	2288.761	0.5579	0.708
1.150	 2	22.0	9.991	0.001	1270.796	1.7839	11.3914	2266.996	0.5604	0.6996
1.160	 2	23.0	9.998	0.0017	1272.334	1.7945	10.3349	2283.233	0.5542	0.6903
1.170	 2	24.0	9.997	0.0018	1279.37	1.8023	10.3379	2305.865	0.5497	0.6899
1.180	 2	25.0	10.002	0.0015	1269.289	1.8101	10.3229	2297.594	0.5452	0.6847
1.190	 2	26.0	10.018	0.0014	1398.186	1.784	11.3028	2494.397	0.5603	0.6872
1.200	 2	27.0	10.019	0.0038	1395.987	1.7569	10.2723	2452.654	0.576	0.6824
1.210	 2	28.0	10.024	0.0019	1273.212	1.7586	11.2833	2239.095	0.575	0.6839
1.220	 2	29.0	10.018	0.0018	1280.092	1.7412	10.2753	2228.904	0.5851	0.6829
1.230	 2	30.0	10.023	0.007	1284.177	1.7384	10.2605	2232.471	0.5867	0.677
1.240	 2	31.0	10.029	0.0034	1268.37	1.7299	10.2427	2194.122	0.5917	0.6827
1.250	 2	32.0	10.03	0.0019	1362.401	1.7509	10.2398	2385.365	0.5796	0.6822
1.260	 2	33.0	10.034	0.0056	1466.316	1.7549	10.228	2573.303	0.5772	0.6876
1.270	 2	34.0	10.029	0.0032	1271.747	1.7431	10.2427	2216.766	0.5841	0.6896
1.280	 2	35.0	10.032	0.0047	1284.014	1.7381	11.2573	2231.803	0.5869	0.6967
1.290	 2	36.0	10.037	0.0049	1288.281	1.7538	10.2191	2259.363	0.5779	0.695
1.300	 2	37.0	10.028	0.0035	1296.612	1.7547	10.2457	2275.185	0.5773	0.7102
1.310	 2	38.0	10.023	0.0053	1288.635	1.7234	10.2605	2220.871	0.5955	0.7226
1.320	 2	39.0	10.025	0.0052	1282.461	1.7485	11.28	2242.437	0.5809	0.7328
1.330	 2	40.0	10.023	0.0034	1282.698	1.7297	10.2605	2218.632	0.5918	0.7426
1.340	 2	41.0	10.023	0.0019	1294.125	1.7157	10.2605	2220.317	0.5999	0.7459
1.350	 2	42.0	10.022	0.0023	1289.169	1.7599	10.2635	2268.852	0.5743	0.7441
1.360	 2	43.0	10.023	0.0007	1263.775	1.7851	10.2605	2255.971	0.5597	0.7351
1.370	 2	44.0	10.019	0.0011	1270.157	1.7614	10.2723	2237.287	0.5734	0.727
1.380	 2	45.0	10.018	0.002	1288.82	1.7635	9.2478	2272.876	0.5722	0.7253
1.390	 2	46.0	10.019	0.0043	1288.286	1.7059	9.2451	2197.728	0.6056	0.7245
1.400	 2	47.0	10.02	0.0026	1274.323	1.6712	10.2694	2129.613	0.6258	0.7199
1.410	 2	48.0	10.024	0.002	1281.022	1.6652	9.2318	2133.148	0.6292	0.7124
1.420	 2	49.0	10.03	0.0018	1283.101	1.6586	9.2158	2128.175	0.6331	0.7046
1.430	 2	50.0	10.029	0.0014	1396.213	1.6556	10.2427	2311.526	0.6348	0.7008
1.440	 2	51.0	10.034	0.0019	1376.973	1.6377	9.2052	2255.019	0.6452	0.6938
1.450	 2	52.0	10.039	0.0018	1274.47	1.656	10.2133	2110.474	0.6346	0.6937
1.460	 2	53.0	10.045	0.0019	1278.152	1.6771	10.1956	2143.589	0.6223	0.697
1.470	 2	54.0	10.053	0.0041	1275.276	1.6835	9.155	2146.974	0.6186	0.6988
1.480	 2	55.0	10.041	0.0032	1380.965	1.691	10.2074	2335.168	0.6143	0.7029
1.490	 2	56.0	10.053	0.01	1485.153	1.7032	10.1722	2529.532	0.6072	0.705
1.500	 2	57.0	10.063	0.0136	1483.124	1.7079	11.1573	2533.1	0.6044	0.7051
1.510	 2	58.0	10.063	0.017	1477.246	1.6988	11.1573	2509.512	0.6098	0.7072
1.520	 2	59.0	10.067	0.0214	1478.484	1.7337	10.1313	2563.209	0.5895	0.7083
1.530	 2	60.0	10.067	0.0137	1476.966	1.7318	11.1445	2557.793	0.5906	0.7159
1.540	 2	61.0	10.061	0.0099	1482.611	1.7369	11.1637	2575.166	0.5876	0.7222
1.550	 2	62.0	10.061	0.0224	1483.923	1.7344	11.1637	2573.706	0.5891	0.7314
1.560	 2	63.0	10.059	0.0211	1483.847	1.7631	10.1547	2616.178	0.5724	0.7332
1.570	 2	64.0	10.056	0.0308	1481.438	1.7406	11.1798	2578.618	0.5855	0.7381
1.580	 2	65.0	10.051	0.0207	1476.351	1.7437	11.1958	2574.316	0.5837	0.7435
1.590	 2	66.0	10.047	0.0155	1481.203	1.7488	10.1898	2590.395	0.5807	0.7455
1.600	 2	67.0	10.041	0.0174	1482.285	1.7372	10.2074	2575.052	0.5875	0.7616
1.610	 2	68.0	10.036	0.0171	1480.891	1.7362	10.2221	2571.114	0.5881	0.7621
1.620	 2	69.0	10.03	0.0103	1477.607	1.7474	11.2638	2581.901	0.5816	0.7633
1.630	 2	70.0	10.026	0.0089	1482.259	1.7563	10.2516	2603.358	0.5764	0.7643
1.640	 2	71.0	10.024	0.0139	1485.257	1.7609	10.2575	2615.341	0.5737	0.758
1.650	 2	72.0	10.018	0.0062	1479.764	1.7523	10.2753	2593.008	0.5787	0.7482
1.660	 2	73.0	10.025	0.0053	1486.727	1.7328	10.2546	2576.138	0.59	0.7381
1.670	 2	74.0	10.019	0.0118	1486.719	1.7124	10.2723	2545.813	0.6019	0.7166
1.680	 2	75.0	10.019	0.0097	1472.733	1.6941	9.2451	2494.921	0.6125	0.6995
1.690	 2	76.0	10.011	0.0071	1279.852	1.6783	9.2665	2147.999	0.6216	0.6863
1.700	 2	77.0	10.004	0.0097	1472.909	1.6834	9.2853	2479.458	0.6187	0.6778
1.710	 2	78.0	9.994	0.0098	1467.763	1.6782	9.3122	2463.192	0.6217	0.6651
1.720	 2	79.0	9.995	0.0167	1468.341	1.681	8.2751	2468.29	0.6201	0.6605
1.730	 2	80.0	9.994	0.0136	1477.31	1.7334	9.3122	2560.809	0.5897	0.6617
1.740	 2	81.0	9.986	0.0108	1473.513	1.6795	8.2967	2474.822	0.6209	0.666
1.750	 2	82.0	9.981	0.0108	1464.993	1.6539	8.3087	2422.942	0.6358	0.6742
1.760	 2	83.0	9.975	0.0081	1465.188	1.6587	8.3232	2430.272	0.633	0.6772
1.770	 2	84.0	9.976	0.0066	1354.698	1.6391	8.3208	2220.523	0.6444	0.6767
1.780	 2	85.0	9.986	0.0051	1274.049	1.6418	9.3338	2091.723	0.6428	0.675
1.790	 2	86.0	9.982	0.0095	1364.22	1.6402	9.3446	2237.525	0.6438	0.6847
1.800	 2	87.0	9.985	0.0097	1475.761	1.6457	9.3365	2428.661	0.6405	0.6867
1.810	 2	88.0	9.978	0.0063	1355.338	1.6608	9.3554	2250.956	0.6318	0.6922
1.820	 2	89.0	9.972	0.0084	1472.534	1.6409	9.3717	2416.329	0.6433	0.6882
1.830	 2	90.0	9.971	0.0201	1472.386	1.7203	9.3745	2532.953	0.5973	0.69
1.840	 2	91.0	9.967	0.0132	1471.796	1.7742	10.4282	2611.226	0.566	0.6866
1.850	 2	92.0	9.967	0.0129	1480.761	1.7774	10.4282	2631.941	0.5641	0.6868
1.860	 2	93.0	9.967	0.0313	1480.101	1.7479	10.4282	2587.063	0.5813	0.6857
1.870	 2	94.0	9.967	0.0141	1473.319	1.753	10.4282	2582.691	0.5783	0.6885
1.880	 2	95.0	9.967	0.0104	1481.421	1.7504	10.4282	2593.128	0.5798	0.692
1.890	 2	96.0	9.972	0.0326	1476.021	1.7594	10.4131	2596.963	0.5746	0.7016
1.900	 2	97.0	9.972	0.0167	1466.902	1.7502	10.4131	2567.357	0.5799	0.706
1.910	 2	98.0	9.977	0.0128	1471.968	1.7465	10.398	2570.735	0.5821	0.7084
1.920	 2	99.0	9.982	0.0214	1474.011	1.7529	10.3829	2583.772	0.5784	0.7112
1.930	 2	100.0	9.983	0.0215	1475.029	1.7782	11.4179	2622.831	0.5637	0.7118
1.940	 2	101.0	9.987	0.0229	1475.62	1.8058	10.3679	2664.703	0.5477	0.7133
1.950	 2	102.0	9.982	0.017	1483.43	1.8144	10.3829	2691.597	0.5427	0.7171
1.960	 2	103.0	9.991	0.0245	1492.085	1.8645	10.3559	2781.942	0.5137	0.7235
1.970	 2	104.0	9.992	0.0105	1484.695	1.7788	10.3529	2641.028	0.5633	0.7268
1.980	 2	105.0	9.998	0.0216	1475.284	1.7771	10.3349	2621.75	0.5643	0.7321
1.990	 2	106.0	9.993	0.0081	1490.158	1.856	10.3499	2765.756	0.5186	0.7304
2.000	 2	107.0	9.998	0.0234	1493.799	1.782	10.3349	2661.972	0.5615	0.7251
2.010	 2	108.0	9.998	0.035	1482.943	1.8048	10.3349	2676.466	0.5482	0.7198
2.020	 2	109.0	10.002	0.0316	1491.945	1.8105	10.3229	2701.133	0.545	0.7131
2.030	 2	110.0	9.997	0.0381	1484.997	1.7766	10.3379	2638.307	0.5646	0.7087
2.040	 2	111.0	9.992	0.0409	1488.455	1.7831	10.3529	2654.041	0.5609	0.7098
2.050	 2	112.0	9.992	0.0247	1484.916	1.772	10.3529	2631.279	0.5673	0.7057
2.060	 2	113.0	9.992	0.0169	1488.677	1.7821	10.3529	2652.975	0.5614	0.7084
2.070	 2	114.0	9.987	0.0168	1487.932	1.7771	11.4046	2644.23	0.5643	0.7127
2.080	 2	115.0	9.987	0.0245	1490.375	1.7817	10.3679	2655.379	0.5617	0.7091
2.090	 2	116.0	9.991	0.03	1480.148	1.7699	10.3559	2619.736	0.5685	0.7156
2.100	 2	117.0	9.992	0.0167	1482.273	1.7714	10.3529	2625.634	0.5677	0.7186
2.110	 2	118.0	9.991	0.0333	1489.638	1.8202	10.3559	2711.49	0.5393	0.7219
2.120	 2	119.0	9.99	0.0304	1490.6	1.8279	10.3589	2724.659	0.5349	0.7327
2.130	 2	120.0	9.99	0.0303	1487.493	1.812	10.3589	2695.307	0.5441	0.7394
2.140	 2	121.0	9.99	0.0259	1485.281	1.813	10.3589	2692.798	0.5435	0.7353
2.150	 2	122.0	9.989	0.0216	1483.808	1.7879	10.3619	2652.882	0.5581	0.7292
2.160	 2	123.0	9.989	0.0279	1481.168	1.8095	10.3619	2680.137	0.5455	0.7191
2.170	 2	124.0	9.997	0.0261	1483.895	1.7656	10.3379	2620.0	0.571	0.718
2.180	 2	125.0	10.002	0.0204	1477.619	1.7689	10.3229	2613.816	0.5691	0.7085
2.190	 2	126.0	10.007	0.0159	1475.306	1.7334	10.308	2557.245	0.5897	0.7031
2.200	 2	127.0	10.019	0.0178	1477.729	1.7509	10.2723	2587.299	0.5795	0.7103
2.210	 2	128.0	10.029	0.0145	1478.767	1.7629	10.2427	2606.899	0.5726	0.7241
2.220	 2	129.0	10.038	0.0263	1478.568	1.7504	10.2162	2588.106	0.5798	0.7294
2.230	 2	130.0	10.039	0.0192	1476.106	1.726	10.2133	2547.714	0.594	0.7336
2.240	 2	131.0	10.048	0.0411	1478.517	1.7541	9.1681	2593.464	0.5777	0.7617
2.250	 2	132.0	10.047	0.0297	1479.676	1.7668	10.1898	2614.333	0.5703	0.7669
2.260	 2	133.0	10.051	0.0416	1484.419	1.7469	10.178	2593.097	0.5819	0.7758
2.270	 2	134.0	10.052	0.0244	1481.94	1.763	10.1751	2612.721	0.5725	0.7845
2.280	 2	135.0	10.068	0.0147	1484.299	1.7316	10.1284	2570.237	0.5907	0.7908
2.290	 2	136.0	10.062	0.008	1481.667	1.7501	10.1459	2593.008	0.58	0.8008
2.300	 2	137.0	10.07	0.008	1481.536	1.7442	10.1226	2584.118	0.5834	0.7989
2.310	 2	138.0	10.124	0.0054	1479.901	1.7409	9.9674	2576.404	0.5853	0.8097
2.320	 2	139.0	10.122	0.0046	1375.085	1.7258	9.9731	2373.147	0.5941	0.8163
2.330	 2	140.0	10.162	0.002	1385.79	1.7306	9.8601	2398.29	0.5913	0.824
2.340	 2	141.0	10.207	0.0011	1379.511	1.7363	9.7352	2395.2	0.588	0.8408
2.350	 2	142.0	10.391	0.0	106.8736	1.6984	9.2467	181.5105	0.61	0.8522
2.360	 2	143.0	10.408	0.0004	1287.322	1.7062	9.2033	2196.392	0.6055	0.8653
2.370	 2	144.0	10.359	0.0	106.5445	1.6962	9.3291	180.7178	0.6113	0.894
2.380	 2	145.0	10.315	0.0	106.0919	1.7106	8.4998	181.4773	0.6029	0.9321
2.390	 2	146.0	10.275	0.0	105.6805	1.7082	9.5505	180.5205	0.6043	0.9991
2.400	 2	147.0	10.251	0.0	105.4337	1.6845	9.6151	177.6019	0.618	1.1235
2.410	 2	148.0	10.285	0.0001	810.7363	1.6862	8.5714	1367.071	0.617	1.3015
2.420	 2	149.0	10.412	0.0001	1016.797	1.6888	9.1931	1717.134	0.6156	1.5559
2.430	 2	150.0	10.613	0.0	109.1569	1.5981	7.8317	174.4458	0.6681	1.7917
2.440	 3	0.1	10.629	0.0	109.3215	0.9412	7.7979	102.8971	1.0492	1.8372
2.450	 3	1.1	10.663	0.0	109.6712	1.6556	7.7269	181.5768	0.6348	1.6516
2.460	 3	2.1	10.673	0.0	109.774	1.6626	7.7061	182.5092	0.6307	1.3537
2.470	 3	3.1	10.629	0.0	109.3215	1.583	7.7979	173.0541	0.6769	1.1101
2.480	 3	4.1	10.572	0.0	108.7352	1.6375	7.9191	178.051	0.6453	0.9549
2.490	 3	5.1	10.174	0.0001	894.1031	1.712	9.8266	1530.725	0.6021	0.8667
2.500	 3	6.1	10.071	0.0002	1098.734	1.7066	10.1197	1875.091	0.6052	0.8176
2.510	 3	7.1	10.002	0.0001	1009.997	1.7305	10.3229	1747.777	0.5914	0.7871
2.520	 3	8.1	9.993	0.0002	1218.213	1.765	10.3499	2150.195	0.5713	0.7687
2.530	 3	9.1	9.981	0.0005	1278.632	1.7707	10.3859	2264.095	0.568	0.7578
2.540	 3	10.1	9.977	0.002	1492.0	1.7943	11.4378	2677.134	0.5543	0.7499
2.550	 3	11.1	9.979	0.013	1494.31	1.7831	10.3919	2664.524	0.5608	0.7451
2.560	 3	12.1	9.97	0.0193	1480.766	1.7864	11.461	2645.186	0.559	0.7473
2.570	 3	13.1	9.968	0.0173	1476.741	1.7792	10.4252	2627.417	0.5631	0.7483
2.580	 3	14.1	9.968	0.015	1479.151	1.7874	10.4252	2643.801	0.5584	0.7504
2.590	 3	15.1	9.965	0.0125	1478.926	1.8011	11.4777	2663.737	0.5504	0.7529
2.600	 3	16.1	9.963	0.0105	1480.166	1.8206	10.4403	2694.798	0.5391	0.754
2.610	 3	17.1	9.967	0.0112	1490.058	1.8273	10.4282	2722.839	0.5352	0.7609
2.620	 3	18.1	9.968	0.012	1489.095	1.8106	10.4252	2696.157	0.5449	0.7625
2.630	 3	19.1	9.977	0.0129	1489.772	1.832	11.4378	2729.24	0.5325	0.7624
2.640	 3	20.1	9.978	0.0107	1493.489	1.8342	10.3949	2739.355	0.5312	0.764
2.650	 3	21.1	9.977	0.0108	1491.33	1.8416	11.4378	2746.441	0.5269	0.7608
2.660	 3	22.1	9.988	0.014	1497.227	1.8524	10.3649	2773.467	0.5206	0.7623
2.670	 3	23.1	9.989	0.0113	1504.367	1.9276	10.3619	2899.796	0.477	0.7604
2.680	 3	24.1	9.988	0.0046	1505.35	1.858	10.3649	2796.934	0.5174	0.7635
2.690	 3	25.1	9.995	0.0118	1497.154	1.8829	10.3439	2819.016	0.5029	0.7659
2.700	 3	26.1	9.993	0.0074	1498.65	1.8497	11.3848	2772.105	0.5222	0.7606
2.710	 3	27.1	10.004	0.0191	1498.951	1.8684	11.3487	2800.64	0.5114	0.7551
2.720	 3	28.1	10.009	0.0145	1497.457	1.8703	11.3323	2800.696	0.5103	0.7559
2.730	 3	29.1	10.004	0.0208	1499.625	1.8677	11.3487	2800.837	0.5118	0.758
2.740	 3	30.1	10.004	0.0252	1494.919	1.8425	11.3487	2754.388	0.5264	0.7568
2.750	 3	31.1	10.009	0.0203	1496.337	1.8443	11.3323	2759.767	0.5253	0.7716
2.760	 3	32.1	10.004	0.0322	1496.485	1.8432	11.3487	2758.308	0.526	0.7775
2.770	 3	33.1	10.004	0.0326	1494.473	1.8359	11.3487	2743.771	0.5302	0.7827
2.780	 3	34.1	10.003	0.0245	1496.111	1.8361	12.3839	2747.054	0.5301	0.7905
2.790	 3	35.1	10.004	0.0223	1494.026	1.8411	11.3487	2750.676	0.5272	0.7878
2.800	 3	36.1	10.009	0.0128	1489.878	1.8299	11.3323	2726.305	0.5337	0.7886
2.810	 3	37.1	10.011	0.0085	1494.402	1.845	12.3553	2757.202	0.5249	0.7901
2.820	 3	38.1	10.011	0.0071	1494.402	1.8374	12.3553	2745.837	0.5293	0.8023
2.830	 3	39.1	10.011	0.0116	1492.397	1.834	11.3257	2737.02	0.5313	0.8099
2.840	 3	40.1	10.014	0.0141	1496.19	1.8269	12.3446	2733.422	0.5354	0.8222
2.850	 3	41.1	10.014	0.0201	1497.757	1.8462	11.3159	2765.163	0.5242	0.835
2.860	 3	42.1	10.008	0.0179	1494.847	1.8301	11.3355	2735.672	0.5336	0.8465
2.870	 3	43.1	10.013	0.0147	1492.473	1.8336	11.3192	2736.612	0.5315	0.8432
2.880	 3	44.1	10.014	0.0146	1494.627	1.8303	11.3159	2735.676	0.5334	0.8549
2.890	 3	45.1	10.015	0.0166	1495.446	1.8322	11.3126	2739.976	0.5324	0.8588
2.900	 3	46.1	10.02	0.0173	1497.086	1.8496	11.2963	2769.04	0.5223	0.8636
2.910	 3	47.1	10.02	0.0168	1499.102	1.8535	11.2963	2778.526	0.52	0.8663
2.920	 3	48.1	10.02	0.0223	1504.279	1.8675	11.2963	2809.301	0.5119	0.8747
2.930	 3	49.1	10.014	0.0209	1502.25	1.8441	11.3159	2770.331	0.5255	0.8767
2.940	 3	50.1	10.014	0.0228	1497.757	1.8434	11.3159	2761.006	0.5259	0.8746
2.950	 3	51.1	10.014	0.0237	1498.877	1.8655	10.2872	2796.115	0.5131	0.8761
2.960	 3	52.1	10.014	0.0177	1503.152	1.8626	11.3159	2799.845	0.5147	0.8804
2.970	 3	53.1	10.016	0.0203	1503.452	1.8715	11.3094	2813.681	0.5096	0.8782
2.980	 3	54.1	10.015	0.0179	1502.626	1.8674	10.2842	2806.017	0.5119	0.879
2.990	 3	55.1	10.004	0.0199	1502.102	1.8734	11.3487	2813.991	0.5085	0.8811
3.000	 3	56.1	10.009	0.0202	1502.176	1.8527	11.3323	2783.081	0.5205	0.8771
3.010	 3	57.1	10.008	0.027	1502.026	1.855	11.3355	2786.232	0.5192	0.8727
3.020	 3	58.1	9.996	0.0233	1497.752	1.852	11.375	2773.786	0.5209	0.8645
3.030	 3	59.1	10.0	0.0185	1494.992	1.853	11.3618	2770.174	0.5203	0.8567
3.040	 3	60.1	9.995	0.013	1496.033	1.8431	11.3782	2757.369	0.526	0.864
3.050	 3	61.1	9.994	0.0135	1491.642	1.8072	11.3815	2695.739	0.5469	0.8654
3.060	 3	62.1	9.989	0.0151	1488.673	1.7988	11.398	2677.817	0.5517	0.8662
3.070	 3	63.1	9.985	0.012	1483.214	1.8142	11.4113	2690.897	0.5428	0.872
3.080	 3	64.1	9.979	0.0142	1490.07	1.8251	11.4311	2719.587	0.5365	0.8721
3.090	 3	65.1	9.969	0.0196	1495.724	1.8417	11.4643	2754.678	0.5269	0.8688
3.100	 3	66.1	9.964	0.0201	1496.321	1.8692	11.481	2796.871	0.5109	0.8708
3.110	 3	67.1	9.959	0.0171	1503.018	1.8851	11.4977	2833.271	0.5017	0.8661
3.120	 3	68.1	9.956	0.0177	1505.519	1.8799	11.5077	2830.228	0.5047	0.8657
3.130	 3	69.1	9.954	0.0221	1504.762	1.8814	11.5144	2830.984	0.5039	0.8709
3.140	 3	70.1	9.956	0.0242	1504.609	1.8892	11.5077	2842.527	0.4993	0.8663
3.150	 3	71.1	9.956	0.0204	1505.747	1.8943	11.5077	2852.275	0.4964	0.8682
3.160	 3	72.1	9.956	0.0209	1504.382	1.8889	11.5077	2841.557	0.4995	0.8686
3.170	 3	73.1	9.971	0.0222	1504.148	1.8849	11.4577	2835.223	0.5018	0.8626
3.180	 3	74.1	9.972	0.019	1504.072	1.9014	11.4544	2859.791	0.4922	0.8625
3.190	 3	75.1	9.969	0.0125	1512.288	1.9247	11.4643	2910.765	0.4787	0.8658
3.200	 3	76.1	9.973	0.0129	1512.665	1.8957	11.451	2867.602	0.4955	0.8658
3.210	 3	77.1	9.974	0.0277	1515.575	1.8966	11.4477	2874.478	0.495	0.8666
3.220	 3	78.1	9.979	0.0282	1515.414	1.9288	10.3919	2922.885	0.4764	0.8738
3.230	 3	79.1	9.984	0.0267	1523.112	1.9152	11.4146	2917.052	0.4842	0.8709
3.240	 3	80.1	9.981	0.0372	1523.817	1.9136	11.4245	2915.909	0.4852	0.8687
3.250	 3	81.1	9.99	0.0329	1519.161	1.9252	11.3947	2924.621	0.4784	0.8682
3.260	 3	82.1	9.995	0.0269	1516.232	1.874	11.3782	2841.4	0.5081	0.8699
3.270	 3	83.1	9.998	0.0233	1512.557	1.8841	11.3684	2849.877	0.5022	0.8603
3.280	 3	84.1	9.998	0.0172	1522.461	1.9315	11.3684	2940.565	0.4748	0.8613
3.290	 3	85.1	9.998	0.018	1526.179	1.9125	11.3684	2918.834	0.4858	0.8621
3.300	 3	86.1	10.004	0.0245	1521.752	1.9292	11.3487	2935.725	0.4761	0.8662
3.310	 3	87.1	10.01	0.0162	1522.897	1.9299	11.329	2939.021	0.4757	0.8716
3.320	 3	88.1	10.009	0.0135	1525.065	1.8875	11.3323	2878.51	0.5003	0.88
3.330	 3	89.1	10.021	0.0267	1516.495	1.8709	11.2931	2837.213	0.5099	0.8822
3.340	 3	90.1	10.032	0.0217	1513.35	1.8998	10.2339	2875.072	0.4932	0.8866
3.350	 3	91.1	10.046	0.0186	1519.359	1.9133	11.212	2907.01	0.4853	0.8889
3.360	 3	92.1	10.06	0.0165	1526.555	1.8942	10.1517	2891.531	0.4964	0.8827
3.370	 3	93.1	10.063	0.0308	1522.39	1.8766	11.1573	2856.952	0.5066	0.8696
3.380	 3	94.1	10.059	0.022	1512.631	1.8681	10.1547	2825.731	0.5115	0.8643
3.390	 3	95.1	10.059	0.0237	1511.495	1.8925	11.1701	2860.541	0.4974	0.8523
3.400	 3	96.1	10.068	0.0225	1513.985	1.8956	10.1284	2869.851	0.4956	0.8426
3.410	 3	97.1	10.055	0.0262	1515.677	1.8568	11.183	2814.326	0.5181	0.8434
3.420	 3	98.1	10.052	0.0197	1511.125	1.8616	11.1926	2813.101	0.5153	0.8371
3.430	 3	99.1	10.048	0.0251	1510.296	1.8823	11.2055	2842.827	0.5033	0.8373
3.440	 3	100.1	10.037	0.0182	1514.333	1.8472	11.2411	2797.25	0.5237	0.833
3.450	 3	101.1	10.009	0.0154	1513.305	1.8922	10.3021	2863.419	0.4976	0.8274
3.460	 3	102.1	10.009	0.0235	1512.848	1.8636	10.3021	2819.312	0.5142	0.8311
3.470	 3	103.1	10.009	0.023	1505.566	1.852	11.3323	2788.309	0.5209	0.8304
3.480	 3	104.1	9.998	0.0209	1501.427	1.8492	11.3684	2776.374	0.5225	0.8278
3.490	 3	105.1	9.998	0.0182	1504.816	1.8499	10.3349	2783.689	0.5221	0.8223
3.500	 3	106.1	10.004	0.0177	1504.587	1.8533	11.3487	2788.415	0.5201	0.8206
3.510	 3	107.1	9.998	0.0138	1500.751	1.8405	11.3684	2762.123	0.5276	0.8168
3.520	 3	108.1	9.998	0.0137	1500.075	1.8516	11.3684	2777.532	0.5211	0.8161
3.530	 3	109.1	10.002	0.0167	1497.53	1.8446	11.3552	2762.342	0.5252	0.8162
3.540	 3	110.1	9.998	0.0137	1496.259	1.8646	11.3684	2789.881	0.5136	0.8159
3.550	 3	111.1	10.009	0.0119	1496.785	1.8371	11.3323	2749.733	0.5295	0.8153
3.560	 3	112.1	10.015	0.0094	1494.33	1.8302	11.3126	2734.859	0.5336	0.8063
3.570	 3	113.1	10.015	0.0083	1496.116	1.8302	11.3126	2738.128	0.5336	0.8028
3.580	 3	114.1	10.013	0.0147	1494.031	1.82	12.3482	2719.077	0.5395	0.7982
3.590	 3	115.1	10.015	0.0169	1494.553	1.8278	11.3126	2731.69	0.5349	0.8007
3.600	 3	116.1	10.015	0.015	1493.661	1.8394	11.3126	2747.5	0.5282	0.8
3.610	 3	117.1	10.019	0.0127	1495.82	1.8738	11.2996	2802.815	0.5083	0.8031
3.620	 3	118.1	10.015	0.0096	1502.4	1.8533	12.3411	2784.452	0.5201	0.8093
3.630	 3	119.1	10.015	0.0218	1496.116	1.8281	11.3126	2735.058	0.5347	0.8053
3.640	 3	120.1	10.009	0.0151	1494.55	1.8265	11.3323	2729.75	0.5357	0.8055
3.650	 3	121.1	10.009	0.0187	1500.15	1.8295	12.3625	2744.589	0.5339	0.7946
3.660	 3	122.1	10.01	0.0181	1496.04	1.8161	12.3589	2716.963	0.5417	0.7904
3.670	 3	123.1	10.009	0.0176	1494.996	1.8374	12.3625	2746.962	0.5293	0.7804
3.680	 3	124.1	10.009	0.0242	1502.402	1.8416	12.3625	2766.792	0.5269	0.7655
3.690	 3	125.1	9.998	0.023	1501.652	1.8443	12.4019	2769.494	0.5253	0.7628
3.700	 3	126.1	10.005	0.0192	1502.478	1.8458	11.3454	2773.243	0.5245	0.7567
3.710	 3	127.1	10.009	0.0205	1495.89	1.8412	11.3323	2754.283	0.5271	0.7545
3.720	 3	128.1	10.015	0.0158	1501.274	1.8179	12.3411	2729.169	0.5407	0.7497
3.730	 3	129.1	10.015	0.0304	1497.682	1.8186	12.3411	2723.653	0.5403	0.7619
3.740	 3	130.1	10.024	0.0222	1496.343	1.8038	12.309	2699.141	0.5488	0.7866
3.750	 3	131.1	10.024	0.022	1496.343	1.7922	11.2833	2681.719	0.5556	0.8031
3.760	 3	132.1	10.028	0.0261	1490.266	1.764	11.2703	2628.873	0.5719	0.7986
3.770	 3	133.1	10.032	0.0272	1480.301	1.7636	11.2573	2610.731	0.5721	0.793
3.780	 3	134.1	10.037	0.0161	1479.075	1.7509	11.2411	2589.722	0.5795	0.7862
3.790	 3	135.1	10.041	0.0192	1478.139	1.7334	10.2074	2562.271	0.5896	0.7767
3.800	 3	136.1	10.046	0.0159	1475.4	1.749	10.1927	2580.504	0.5806	0.7677
3.810	 3	137.1	10.056	0.0158	1476.652	1.7368	10.1634	2564.693	0.5877	0.7652
3.820	 3	138.1	10.063	0.0154	1478.766	1.7682	10.143	2614.797	0.5695	0.7616
3.830	 3	139.1	10.089	0.0043	1489.811	1.815	10.0676	2704.061	0.5423	0.7645
3.840	 3	140.1	10.177	0.0031	1490.262	1.7212	9.8182	2565.0	0.5968	0.7612
3.850	 3	141.1	10.297	0.0095	1489.082	1.6724	10.441	2490.401	0.625	0.7615
3.860	 3	142.1	10.443	0.0	107.4084	1.6649	9.1148	178.825	0.6294	0.7584
3.870	 3	143.1	10.423	0.0	107.2027	1.6454	9.1652	176.3921	0.6407	0.7645
3.880	 3	144.1	10.406	0.0	107.0279	1.6812	9.2084	179.9307	0.62	0.7858
3.890	 3	145.1	10.379	0.0004	1479.966	1.7232	9.2775	2550.337	0.5956	0.8361
3.900	 3	146.1	10.367	0.0005	1463.439	1.6989	9.3084	2486.212	0.6097	0.9233
3.910	 3	147.1	10.308	0.0002	1448.159	1.6861	8.5164	2441.743	0.6171	1.0871
3.920	 3	148.1	10.32	0.0014	1488.533	1.635	8.4879	2433.787	0.6467	1.3761
3.930	 3	149.1	10.577	0.0	108.7867	1.6001	7.0297	174.073	0.667	1.7154
3.940	 3	150.1	10.667	0.0	109.7123	1.1074	6.8609	121.4929	0.9528	1.9995
3.950	 4	0.6	10.648	0.0	109.5169	0.6499	6.8961	71.1707	1.2182	2.0151
3.960	 4	1.6	10.66	0.0	109.6403	1.5235	7.7331	167.0416	0.7114	1.7564
3.970	 4	2.6	10.656	0.0	109.5992	1.6293	7.7414	178.5664	0.6501	1.4062
3.980	 4	3.6	10.624	0.0	109.2701	1.6693	7.8084	182.4089	0.6268	1.136
3.990	 4	4.6	10.535	0.0	108.3547	1.7441	8.888	188.9772	0.5835	0.9795
4.000	 4	5.6	10.138	0.0001	1453.268	1.8219	9.9277	2647.72	0.5383	0.894
4.010	 4	6.6	10.05	0.0001	1444.796	1.856	10.181	2681.508	0.5186	0.8589
4.020	 4	7.6	9.984	0.0025	1515.253	1.8518	11.4146	2805.87	0.521	0.8404
4.030	 4	8.6	9.966	0.0082	1516.433	1.8628	11.4743	2824.812	0.5146	0.8327
4.040	 4	9.6	9.962	0.0104	1510.309	1.8749	11.4877	2831.611	0.5076	0.8271
4.050	 4	10.6	9.945	0.0188	1511.858	1.8734	11.5446	2832.382	0.5084	0.8233
4.060	 4	11.6	9.948	0.0302	1509.331	1.8487	11.5345	2790.307	0.5228	0.8059
4.070	 4	12.6	9.949	0.0326	1501.509	1.8692	11.5312	2806.554	0.5109	0.7905
4.080	 4	13.6	9.954	0.0201	1506.128	1.8135	11.5144	2731.338	0.5432	0.7809
4.090	 4	14.6	9.965	0.0333	1502.337	1.8216	10.4342	2736.646	0.5385	0.7699
4.100	 4	15.6	9.971	0.0218	1497.147	1.828	10.4161	2736.734	0.5348	0.7692
4.110	 4	16.6	9.987	0.0225	1494.165	1.7658	10.3679	2638.365	0.5709	0.7655
4.120	 4	17.6	10.0	0.0412	1484.561	1.7536	11.3618	2603.252	0.578	0.7637
4.130	 4	18.6	10.007	0.0289	1480.983	1.7658	10.308	2615.109	0.5709	0.7642
4.140	 4	19.6	10.016	0.0158	1482.973	1.7782	10.2812	2636.961	0.5637	0.757
4.150	 4	20.6	10.022	0.0167	1485.181	1.7703	10.2635	2629.159	0.5683	0.7541
4.160	 4	21.6	10.028	0.0285	1493.151	1.7699	11.2703	2642.655	0.5685	0.7521
4.170	 4	22.6	10.023	0.0213	1489.966	1.805	10.2605	2689.402	0.5481	0.7565
4.180	 4	23.6	10.02	0.0165	1496.639	1.8177	10.2694	2720.399	0.5408	0.7612
4.190	 4	24.6	10.021	0.0138	1497.012	1.8148	10.2664	2716.755	0.5425	0.7658
4.200	 4	25.6	10.021	0.0242	1497.683	1.8131	10.2664	2715.447	0.5434	0.7676
4.210	 4	26.6	10.021	0.0178	1496.565	1.7964	10.2664	2688.378	0.5532	0.7718
4.220	 4	27.6	10.021	0.0236	1497.46	1.8084	10.2664	2707.987	0.5462	0.7769
4.230	 4	28.6	10.019	0.0146	1492.7	1.7997	10.2723	2686.438	0.5512	0.7759
4.240	 4	29.6	10.023	0.0097	1497.982	1.8246	10.2605	2733.218	0.5368	0.7699
4.250	 4	30.6	10.024	0.019	1504.653	1.82	10.2575	2738.464	0.5394	0.7626
4.260	 4	31.6	10.02	0.0121	1503.376	1.8079	10.2694	2717.948	0.5465	0.7647
4.270	 4	32.6	10.021	0.0202	1501.948	1.8144	9.2398	2725.207	0.5427	0.7673
4.280	 4	33.6	10.02	0.014	1503.376	1.8204	9.2424	2736.721	0.5392	0.7601
4.290	 4	34.6	10.017	0.0145	1500.674	1.8257	9.2504	2739.769	0.5361	0.7537
4.300	 4	35.6	10.022	0.019	1504.579	1.8187	10.2635	2736.323	0.5402	0.7548
4.310	 4	36.6	10.033	0.0234	1504.875	1.8113	10.2309	2725.729	0.5445	0.7588
4.320	 4	37.6	10.035	0.0373	1504.949	1.8002	9.2025	2709.177	0.5509	0.7636
4.330	 4	38.6	10.034	0.0324	1498.283	1.7805	10.228	2667.728	0.5623	0.7753
4.340	 4	39.6	10.032	0.035	1494.636	1.7861	10.2339	2669.621	0.5591	0.7816
4.350	 4	40.6	10.029	0.0311	1491.079	1.7759	10.2427	2647.938	0.5651	0.7836
4.360	 4	41.6	10.023	0.0276	1489.302	1.801	10.2605	2682.231	0.5505	0.7869
4.370	 4	42.6	10.024	0.0192	1490.779	1.7872	10.2575	2664.365	0.5585	0.7848
4.380	 4	43.6	10.025	0.0291	1494.484	1.7986	10.2546	2688.04	0.5518	0.7861
4.390	 4	44.6	10.025	0.0205	1497.386	1.8304	10.2546	2740.794	0.5334	0.7835
4.400	 4	45.6	10.031	0.028	1507.061	1.818	9.2131	2739.91	0.5406	0.7828
4.410	 4	46.6	10.028	0.0206	1505.706	1.8122	10.2457	2728.594	0.544	0.7877
4.420	 4	47.6	10.029	0.0168	1495.526	1.79	10.2427	2676.942	0.5569	0.7938
4.430	 4	48.6	10.025	0.012	1490.485	1.7854	10.2546	2661.12	0.5595	0.7987
4.440	 4	49.6	10.024	0.0181	1491.223	1.7813	10.2575	2656.34	0.5619	0.7987
4.450	 4	50.6	10.022	0.0149	1495.821	1.7686	10.2635	2645.571	0.5692	0.797
4.460	 4	51.6	10.024	0.0336	1497.237	1.7995	11.2833	2694.257	0.5513	0.7992
4.470	 4	52.6	10.02	0.0189	1488.856	1.7979	10.2694	2676.776	0.5523	0.804
4.480	 4	53.6	10.029	0.0202	1497.536	1.7949	10.2427	2687.977	0.554	0.802
4.490	 4	54.6	10.028	0.0306	1494.041	1.8044	11.2703	2695.912	0.5485	0.8009
4.500	 4	55.6	10.03	0.0195	1495.007	1.8064	10.2398	2700.624	0.5473	0.8033
4.510	 4	56.6	10.043	0.0268	1499.179	1.8054	9.1813	2706.665	0.5479	0.8045
4.520	 4	57.6	10.035	0.0284	1499.104	1.8194	10.225	2727.407	0.5398	0.8126
4.530	 4	58.6	10.048	0.0321	1499.701	1.7962	10.1868	2693.742	0.5533	0.8102
4.540	 4	59.6	10.051	0.0272	1498.137	1.8087	11.1958	2709.673	0.546	0.8157
4.550	 4	60.6	10.045	0.0284	1497.243	1.7737	10.1956	2655.624	0.5663	0.8134
4.560	 4	61.6	10.044	0.0336	1497.093	1.7745	11.2184	2656.599	0.5658	0.8084
4.570	 4	62.6	10.035	0.0534	1495.306	1.7869	11.2475	2671.989	0.5586	0.8075
4.580	 4	63.6	10.03	0.0493	1493.004	1.774	11.2638	2648.659	0.5661	0.81
4.590	 4	64.6	10.019	0.0341	1494.258	1.775	10.2723	2652.334	0.5655	0.8202
4.600	 4	65.6	10.02	0.0368	1495.076	1.7965	10.2694	2685.972	0.553	0.8219
4.610	 4	66.6	10.02	0.0334	1497.982	1.7866	10.2694	2676.333	0.5588	0.8208
4.620	 4	67.6	10.013	0.0332	1495.147	1.7961	10.2902	2685.494	0.5533	0.8207
4.630	 4	68.6	10.005	0.0287	1496.634	1.7811	11.3454	2665.647	0.562	0.822
4.640	 4	69.6	10.005	0.0465	1495.069	1.8197	10.314	2720.605	0.5396	0.8175
4.650	 4	70.6	9.995	0.0391	1497.827	1.8017	11.3782	2698.642	0.5501	0.8196
4.660	 4	71.6	9.994	0.0415	1498.126	1.7857	10.3469	2675.171	0.5594	0.8148
4.670	 4	72.6	9.989	0.0569	1493.57	1.8031	10.3619	2693.088	0.5492	0.8075
4.680	 4	73.6	9.988	0.0506	1499.7	1.794	10.3649	2690.465	0.5545	0.7965
4.690	 4	74.6	9.98	0.0504	1492.002	1.8212	10.3889	2717.269	0.5387	0.7893
4.700	 4	75.6	9.979	0.0221	1492.522	1.8039	11.4311	2692.399	0.5488	0.7834
4.710	 4	76.6	9.975	0.03	1494.158	1.7865	11.4444	2669.24	0.5589	0.7832
4.720	 4	77.6	9.982	0.0376	1493.641	1.7905	11.4212	2674.301	0.5566	0.7774
4.730	 4	78.6	9.994	0.0499	1494.318	1.7996	10.3469	2689.108	0.5513	0.7838
4.740	 4	79.6	9.988	0.0431	1492.975	1.8063	11.4013	2696.77	0.5474	0.784
4.750	 4	80.6	9.98	0.0421	1493.565	1.8054	10.3889	2696.503	0.5479	0.7912
4.760	 4	81.6	9.976	0.0556	1498.123	1.8028	11.4411	2700.819	0.5494	0.7913
4.770	 4	82.6	9.973	0.0448	1503.769	1.8337	11.451	2757.533	0.5315	0.7872
4.780	 4	83.6	9.972	0.0675	1506.117	1.8159	11.4544	2734.994	0.5418	0.7884
4.790	 4	84.6	9.971	0.057	1506.648	1.8584	11.4577	2799.893	0.5172	0.7849
4.800	 4	85.6	9.972	0.0441	1510.909	1.8408	10.4131	2781.286	0.5274	0.7881
4.810	 4	86.6	9.972	0.0358	1508.395	1.8408	11.4544	2776.658	0.5274	0.7891
4.820	 4	87.6	9.975	0.0239	1506.797	1.8427	11.4444	2776.522	0.5263	0.7901
4.830	 4	88.6	9.978	0.0239	1513.423	1.848	11.4344	2796.798	0.5232	0.7957
4.840	 4	89.6	9.979	0.0399	1509.682	1.8649	10.3919	2815.474	0.5134	0.7946
4.850	 4	90.6	9.979	0.0386	1510.139	1.8489	10.3919	2792.022	0.5227	0.8015
4.860	 4	91.6	9.983	0.0323	1514.411	1.8309	11.4179	2772.712	0.5331	0.7984
4.870	 4	92.6	9.985	0.0287	1506.942	1.8146	11.4113	2734.453	0.5426	0.7994
4.880	 4	93.6	9.996	0.0348	1510.198	1.8295	10.3409	2762.949	0.5339	0.7909
4.890	 4	94.6	9.989	0.0258	1510.51	1.8091	10.3619	2732.722	0.5457	0.7899
4.900	 4	95.6	9.989	0.0264	1502.105	1.8045	10.3619	2710.481	0.5485	0.7798
4.910	 4	96.6	9.995	0.0078	1502.104	1.7954	10.3439	2696.867	0.5537	0.7706
4.920	 4	97.6	10.002	0.0204	1495.514	1.8018	9.2906	2694.583	0.55	0.7614
4.930	 4	98.6	10.005	0.0152	1495.963	1.7949	10.314	2685.138	0.554	0.7514
4.940	 4	99.6	10.005	0.0264	1495.069	1.7775	10.314	2657.487	0.5641	0.7511
4.950	 4	100.6	10.008	0.0151	1494.624	1.7901	10.305	2675.507	0.5568	0.7444
4.960	 4	101.6	10.005	0.0145	1493.506	1.7527	9.2826	2617.631	0.5785	0.7459
4.970	 4	102.6	10.003	0.0267	1488.099	1.7381	9.2879	2586.524	0.5869	0.7513
4.980	 4	103.6	10.003	0.0121	1482.805	1.7306	9.2879	2566.167	0.5913	0.7566
4.990	 4	104.6	10.003	0.0091	1485.447	1.6711	9.2879	2482.257	0.6258	0.7569
5.000	 4	105.6	9.993	0.0113	1488.826	1.7336	9.3149	2581.03	0.5896	0.7507
5.010	 4	106.6	9.992	0.0075	1488.233	1.753	9.3176	2608.935	0.5783	0.7499
5.020	 4	107.6	9.992	0.0074	1490.676	1.7847	9.3176	2660.443	0.5599	0.7484
5.030	 4	108.6	9.992	0.0098	1489.343	1.7877	10.3529	2662.467	0.5582	0.7416
5.040	 4	109.6	9.982	0.0083	1494.983	1.7829	9.3446	2665.413	0.561	0.7393
5.050	 4	110.6	9.982	0.0048	1495.207	1.7722	9.3446	2649.744	0.5672	0.7421
5.060	 4	111.6	9.987	0.0115	1492.379	1.7635	9.3311	2631.848	0.5722	0.745
5.070	 4	112.6	9.987	0.0091	1473.009	1.6968	10.3679	2499.369	0.6109	0.7473
5.080	 4	113.6	9.997	0.0093	1453.898	1.6882	9.3041	2454.399	0.6159	0.7478
5.090	 4	114.6	10.005	0.0049	1455.696	1.6856	9.2826	2453.724	0.6174	0.7532
5.100	 4	115.6	10.002	0.0056	1447.049	1.697	9.2906	2455.577	0.6108	0.7576
5.110	 4	116.6	9.998	0.0044	1439.39	1.6976	10.3349	2443.557	0.6104	0.7565
5.120	 4	117.6	10.003	0.0035	1417.257	1.7518	10.3199	2482.68	0.579	0.7588
5.130	 4	118.6	9.999	0.0027	1258.369	1.756	9.2987	2209.647	0.5766	0.7586
5.140	 4	119.6	9.994	0.0033	1262.028	1.7328	10.3469	2186.844	0.59	0.7649
5.150	 4	120.6	10.001	0.0034	1264.989	1.7505	10.3259	2214.374	0.5798	0.7742
5.160	 4	121.6	9.994	0.0015	1241.336	1.747	9.3122	2168.578	0.5818	0.7805
5.170	 4	122.6	9.999	0.0027	1479.58	1.7531	9.2987	2593.834	0.5783	0.7763
5.180	 4	123.6	9.999	0.0068	1498.202	1.7708	10.3319	2652.963	0.568	0.7732
5.190	 4	124.6	10.002	0.0125	1494.844	1.7922	9.2906	2678.987	0.5556	0.7708
5.200	 4	125.6	10.008	0.0062	1482.667	1.7838	10.305	2644.834	0.5604	0.7662
5.210	 4	126.6	10.018	0.0022	1424.833	1.7837	10.2753	2541.468	0.5605	0.7663
5.220	 4	127.6	10.022	0.0023	1493.146	1.7742	10.2635	2649.082	0.566	0.7647
5.230	 4	128.6	10.011	0.0013	1349.01	1.7459	10.2961	2355.241	0.5824	0.7573
5.240	 4	129.6	10.022	0.0024	1244.66	1.6951	10.2635	2109.8	0.6119	0.7675
5.250	 4	130.6	10.031	0.002	1242.229	1.7162	10.2368	2131.879	0.5997	0.7746
5.260	 4	131.6	10.041	0.0013	1493.974	1.7241	10.2074	2575.712	0.5951	0.8097
5.270	 4	132.6	10.052	0.0011	1470.451	1.7284	10.1751	2541.551	0.5926	0.8131
5.280	 4	133.6	10.063	0.001	1477.897	1.7058	10.143	2520.999	0.6057	0.8169
5.290	 4	134.6	10.069	0.0014	1356.094	1.6722	10.1255	2267.675	0.6252	0.8164
5.300	 4	135.6	10.079	0.0006	1071.892	1.6523	10.0965	1771.092	0.6367	0.8108
5.310	 4	136.6	10.088	0.0003	1177.954	1.6643	9.0634	1960.5	0.6297	0.808
5.320	 4	137.6	10.092	0.0007	1367.294	1.6551	10.059	2263.067	0.6351	0.8089
5.330	 4	138.6	10.104	0.001	1369.106	1.6605	10.0245	2273.417	0.632	0.8137
5.340	 4	139.6	10.104	0.0003	1254.376	1.7173	10.0245	2154.198	0.599	0.8172
5.350	 4	140.6	10.145	0.0003	1244.175	1.703	9.9079	2118.843	0.6073	0.8169
5.360	 4	141.6	10.21	0.0003	1185.417	1.7162	9.7269	2034.454	0.5996	0.8212
5.370	 4	142.6	10.435	0.0002	1383.769	1.6356	9.1349	2263.262	0.6464	0.8224
5.380	 4	143.6	10.418	0.0004	1492.123	1.7382	9.1779	2593.583	0.5869	0.8342
5.390	 4	144.6	10.396	0.0	106.925	1.7386	9.2339	185.9035	0.5866	0.8532
5.400	 4	145.6	10.349	0.0	106.4416	1.6498	9.3551	175.6032	0.6382	0.8902
5.410	 4	146.6	10.342	0.0	106.3696	1.6488	9.3733	175.3833	0.6387	0.9535
5.420	 4	147.6	10.294	0.0001	1074.306	1.6814	8.5498	1806.328	0.6198	1.0672
5.430	 4	148.6	10.327	0.0005	1504.078	1.6999	8.4713	2556.752	0.6091	1.2682
5.440	 4	149.6	10.482	0.0005	1502.149	1.6172	8.1159	2429.316	0.6571	1.525
5.450	 4	150.6	10.613	0.0	109.1569	1.5181	6.9615	165.7102	0.7146	1.7422
5.460	 5	0.5	10.608	0.0	109.1055	1.0162	7.8422	110.871	1.0057	1.8189
5.470	 5	1.5	10.613	0.0	109.1569	1.4862	6.9615	162.227	0.7331	1.6974
5.480	 5	2.5	10.618	0.0	109.2084	1.5618	6.9521	170.5618	0.6892	1.4344
5.490	 5	3.5	10.587	0.0	108.8895	1.5538	7.8869	169.1878	0.6939	1.1723
5.500	 5	4.5	10.53	0.0	108.3032	1.5613	8.0101	169.0988	0.6895	0.9839
5.510	 5	5.5	10.066	0.0	103.5309	1.6483	9.1208	170.6521	0.639	0.8725
5.520	 5	6.5	9.996	0.0002	1389.684	1.7206	10.3409	2391.137	0.5971	0.809
5.530	 5	7.5	9.979	0.0008	1507.402	1.7579	10.3919	2649.832	0.5755	0.7843
5.540	 5	8.5	9.963	0.0011	1498.421	1.7442	10.4403	2613.503	0.5834	0.7787
5.550	 5	9.5	9.962	0.0053	1498.045	1.7406	11.4877	2607.447	0.5855	0.7875
5.560	 5	10.5	9.968	0.0195	1481.79	1.6743	10.4252	2480.887	0.624	0.7944
5.570	 5	11.5	9.966	0.038	1471.213	1.6778	10.4312	2468.473	0.6219	0.7964
5.580	 5	12.5	9.97	0.0517	1472.891	1.679	10.4191	2472.922	0.6213	0.7896
5.590	 5	13.5	9.972	0.0437	1479.306	1.8153	11.4544	2685.311	0.5422	0.7805
5.600	 5	14.5	9.966	0.0235	1507.488	1.8527	11.4743	2792.854	0.5205	0.7763
5.610	 5	15.5	9.976	0.0397	1508.088	1.8518	11.4411	2792.74	0.521	0.7719
5.620	 5	16.5	9.97	0.0299	1509.006	1.8734	11.461	2826.897	0.5085	0.7712
5.630	 5	17.5	9.975	0.0203	1511.593	1.8664	11.4444	2821.234	0.5125	0.7702
5.640	 5	18.5	9.98	0.0207	1511.205	1.8345	12.4667	2772.331	0.531	0.7661
5.650	 5	19.5	9.989	0.0281	1508.229	1.8284	12.4342	2757.674	0.5346	0.7631
5.660	 5	20.5	9.995	0.0131	1501.427	1.8124	11.3782	2721.214	0.5438	0.758
5.670	 5	21.5	9.998	0.0236	1497.828	1.7902	12.4019	2681.452	0.5567	0.7583
5.680	 5	22.5	10.0	0.0235	1494.098	1.7975	12.3947	2685.61	0.5525	0.75
5.690	 5	23.5	10.005	0.0211	1496.634	1.8056	12.3768	2702.288	0.5478	0.7486
5.700	 5	24.5	10.01	0.0285	1493.807	1.7861	11.329	2668.099	0.5591	0.7512
5.710	 5	25.5	10.01	0.017	1488.697	1.7944	11.329	2671.255	0.5543	0.7481
5.720	 5	26.5	10.013	0.0284	1496.488	1.7826	11.3192	2667.666	0.5611	0.7502
5.730	 5	27.5	10.015	0.0215	1495.669	1.8387	12.3411	2750.16	0.5286	0.7489
5.740	 5	28.5	10.016	0.0219	1499.626	1.8303	12.3375	2744.791	0.5335	0.7468
5.750	 5	29.5	10.022	0.0197	1502.549	1.8486	12.3161	2777.541	0.5229	0.7488
5.760	 5	30.5	10.016	0.0172	1509.343	1.908	11.3094	2879.782	0.4884	0.7436
5.770	 5	31.5	10.021	0.0057	1516.725	1.9063	12.3197	2891.309	0.4894	0.7454
5.780	 5	32.5	10.016	0.0194	1513.906	1.8211	12.3375	2756.99	0.5388	0.7511
5.790	 5	33.5	10.016	0.0344	1494.256	1.7979	12.3375	2686.564	0.5522	0.7526
5.800	 5	34.5	10.016	0.0225	1494.702	1.7772	12.3375	2656.354	0.5643	0.755
5.810	 5	35.5	10.005	0.025	1492.17	1.7893	12.3768	2669.947	0.5572	0.7609
5.820	 5	36.5	10.01	0.0327	1493.807	1.7904	12.3589	2674.496	0.5566	0.7652
5.830	 5	37.5	10.006	0.0284	1490.541	1.7845	12.3732	2659.901	0.56	0.7662
5.840	 5	38.5	10.006	0.0328	1489.653	1.7763	12.3732	2646.139	0.5648	0.7704
5.850	 5	39.5	10.006	0.0232	1490.985	1.7941	12.3732	2674.948	0.5545	0.7665
5.860	 5	40.5	10.01	0.014	1494.03	1.8195	11.329	2718.368	0.5397	0.7585
5.870	 5	41.5	10.001	0.0245	1494.694	1.7894	11.3585	2674.548	0.5572	0.7521
5.880	 5	42.5	10.0	0.018	1482.8	1.7415	11.3618	2582.291	0.585	0.7494
5.890	 5	43.5	10.002	0.0106	1477.4	1.7277	12.3875	2552.461	0.593	0.7428
5.900	 5	44.5	10.001	0.0097	1482.069	1.7375	11.3585	2575.161	0.5873	0.7473
5.910	 5	45.5	10.007	0.0151	1484.498	1.7262	11.3388	2562.518	0.5939	0.7473
5.920	 5	46.5	10.004	0.0242	1485.816	1.7276	12.3804	2566.95	0.593	0.7459
5.930	 5	47.5	10.004	0.0161	1486.92	1.7286	11.3487	2570.249	0.5925	0.7492
5.940	 5	48.5	10.009	0.0301	1479.527	1.7352	11.3323	2567.296	0.5886	0.7526
5.950	 5	49.5	10.018	0.0153	1479.764	1.7141	11.3028	2536.433	0.6009	0.7535
5.960	 5	50.5	10.016	0.021	1480.781	1.7565	11.3094	2600.986	0.5763	0.7489
5.970	 5	51.5	10.013	0.0162	1490.473	1.7925	11.3192	2671.667	0.5554	0.743
5.980	 5	52.5	10.018	0.0232	1494.332	1.7775	11.3028	2656.14	0.5641	0.7427
5.990	 5	53.5	10.021	0.0223	1494.333	1.7841	11.2931	2666.11	0.5602	0.7375
6.000	 5	54.5	10.028	0.0242	1498.058	1.78	11.2703	2666.47	0.5627	0.7329
6.010	 5	55.5	10.016	0.037	1489.368	1.771	11.3094	2637.668	0.5679	0.7242
6.020	 5	56.5	10.015	0.0212	1484.583	1.7229	11.3126	2557.851	0.5957	0.7193
6.030	 5	57.5	10.018	0.0222	1482.391	1.6915	11.3028	2507.506	0.614	0.7115
6.040	 5	58.5	10.015	0.0338	1476.703	1.7063	11.3126	2519.71	0.6054	0.7013
6.050	 5	59.5	10.02	0.0292	1486.867	1.7539	11.2963	2607.783	0.5778	0.6939
6.060	 5	60.5	10.015	0.0185	1488.555	1.8051	11.3126	2687.009	0.5481	0.6871
6.070	 5	61.5	10.015	0.021	1489.441	1.7516	12.3411	2608.847	0.5791	0.6816
6.080	 5	62.5	10.025	0.0279	1479.486	1.7387	11.28	2572.426	0.5866	0.6814
6.090	 5	63.5	10.03	0.0291	1480.661	1.736	11.2638	2570.389	0.5882	0.6779
6.100	 5	64.5	10.03	0.0134	1478.261	1.7114	11.2638	2529.916	0.6024	0.6831
6.110	 5	65.5	10.033	0.008	1475.875	1.7174	11.254	2534.631	0.599	0.6772
6.120	 5	66.5	10.041	0.0078	1482.723	1.7095	11.2281	2534.773	0.6035	0.7137
6.130	 5	67.5	10.046	0.0101	1482.148	1.6811	11.212	2491.659	0.62	0.7204
6.140	 5	68.5	10.051	0.0124	1480.483	1.699	11.1958	2515.309	0.6096	0.7258
6.150	 5	69.5	10.058	0.0197	1481.296	1.7224	11.1733	2551.38	0.5961	0.7271
6.160	 5	70.5	10.058	0.0187	1480.642	1.724	10.1576	2552.557	0.5952	0.7272
6.170	 5	71.5	10.063	0.0307	1477.68	1.6762	10.143	2476.864	0.6229	0.7208
6.180	 5	72.5	10.063	0.0302	1475.081	1.6652	10.143	2456.32	0.6292	0.7146
6.190	 5	73.5	10.104	0.0235	1478.923	1.6401	10.0245	2425.576	0.6438	0.7146
6.200	 5	74.5	10.124	0.0324	1471.298	1.6234	9.9674	2388.49	0.6535	0.7075
6.210	 5	75.5	10.14	0.0068	1493.373	1.688	9.922	2520.804	0.616	0.6941
6.220	 5	76.5	10.178	0.0028	1485.189	1.7213	9.8154	2556.482	0.5967	0.682
6.230	 5	77.5	10.41	0.0052	1509.352	1.6909	9.1982	2552.225	0.6143	0.6751
6.240	 5	78.5	10.399	0.0025	1496.259	1.6817	9.2262	2516.226	0.6197	0.6784
6.250	 5	79.5	10.37	0.0	106.6576	1.7074	8.3706	182.1086	0.6047	0.6891
6.260	 5	80.5	10.365	0.0	106.6062	1.6624	7.4509	177.2185	0.6309	0.7231
6.270	 5	81.5	10.322	0.0	106.1639	1.6057	7.5406	170.4717	0.6637	0.7984
6.280	 5	82.5	10.288	0.0	105.8142	1.5995	7.6126	169.2472	0.6674	0.9578
6.290	 5	83.5	10.307	0.0	106.0097	1.6269	5.6792	172.4716	0.6514	1.2993
6.300	 5	84.5	10.303	0.0003	1311.816	1.6447	4.738	2157.592	0.6411	2.0679
6.310	 5	85.5	10.251	0.0	105.4337	1.5227	2.8845	160.5394	0.7119	3.2519
