Geotek MSCL 7.9 - TN336_BB24-27_MSmass.out created at 18:38:34 on 1/23/2016.


Processing Parameters

CT	RCT=11.45	W=1.27
PWAmp	A=1	B=0
PWVel	PTO=26.15
Den1	A=5.9246E-04	B=-.091753	C=9.804
MS1	A=1	B=0	Den=1	LD=14	
FP	MGD=2.75	WD=1.026	
RES	A=536.0255	B=-1.092736	p=0	


SB DEPTH	SECT NUM	SECT DEPTH	CT	PWAmp	PWVel	Den1	MS1	Imp	FP	RES
m		cm	cm		m/s	g/cc	x 10^-8 (m^3/kg)			Ohm.m

-0.638	before cal		10.697	0.0						57.1218
-0.578	cal sect	6.0	10.476	0.0322	1494.863	1.1423			0.9326	15.2981
-0.518	cal sect	12.0	10.238	0.0311	1477.132	1.1487	-1.6802	1696.812	0.9288	14.3456
-0.458	cal sect	18.0	10.269	0.0175	1475.855	1.1328	-1.6891	1671.814	0.9381	13.33
-0.398	cal sect	24.0	10.523	0.0016	1493.048	1.1301	-1.5781	1687.319	0.9396	10.4822
-0.338	cal sect	30.0	10.685	0.0134	1494.615	1.1086	-1.5397	1656.957	0.9521	3.7483
-0.278	cal sect	36.0	10.549	0.0089	1502.492	1.1297	-2.3512	1697.418	0.9398	0.5043
-0.218	cal sect	42.0	10.287	0.003	1508.358	1.1421	-1.6668	1722.738	0.9326	0.3729
-0.158	cal sect	48.0	10.218	0.0188	1493.641	1.1619	-1.6705	1735.531	0.9211	0.3718
-0.098	cal sect	54.0	10.358	0.0061	1498.987	1.1196	-1.667	1678.209	0.9457	0.3686
-0.038	cal sect	60.0	10.489	0.0236	1507.907	1.1491	0.7832	1732.764	0.9286	0.5211
0.002	 1	0.2	10.615	0.0	109.1124	0.658	17.1838	71.7916	1.2135	1.3339
0.012	 1	1.2	10.632	0.0	109.2871	1.5071	9.7654	164.7071	0.7209	1.0024
0.022	 1	2.2	10.626	0.0002	1362.482	1.5331	10.7468	2088.782	0.7059	0.7869
0.032	 1	3.2	10.582	0.0058	1526.543	1.5695	11.7412	2395.916	0.6847	0.6719
0.042	 1	4.2	10.497	0.0009	1516.031	1.5558	12.1221	2358.628	0.6927	0.561
0.052	 1	5.2	10.358	0.0012	1534.291	1.5437	13.2991	2368.472	0.6997	0.5176
0.062	 1	6.2	10.276	0.0053	1512.734	1.5724	13.9662	2378.568	0.6831	0.4975
0.072	 1	7.2	10.262	0.0092	1509.34	1.57	14.042	2369.729	0.6844	0.487
0.082	 1	8.2	10.234	0.0018	1506.329	1.5887	13.987	2393.07	0.6736	0.4794
0.092	 1	9.2	10.234	0.0003	1501.027	1.5813	14.6629	2373.64	0.6779	0.4719
0.102	 1	10.2	10.269	0.0008	1517.96	1.5983	14.3651	2426.17	0.668	0.471
0.112	 1	11.2	10.294	0.0047	1506.292	1.5936	14.3072	2400.386	0.6708	0.4668
0.122	 1	12.2	10.32	0.0068	1512.975	1.5867	14.2649	2400.666	0.6748	0.4655
0.132	 1	13.2	10.34	0.0044	1510.592	1.5746	14.2945	2378.627	0.6818	0.4654
0.142	 1	14.2	10.558	0.0012	1527.709	1.5702	14.0623	2398.879	0.6843	0.47
0.152	 1	15.2	10.55	0.0006	1519.297	1.6315	13.0209	2478.799	0.6488	0.4822
0.162	 1	16.2	10.575	0.0	108.7012	1.5937	13.2401	173.2339	0.6707	0.5
0.172	 1	17.2	10.566	0.0028	1535.979	1.6282	12.9912	2500.847	0.6507	0.5284
0.182	 1	18.2	10.559	0.0015	1539.886	1.6715	13.2068	2573.944	0.6256	0.5774
0.192	 1	19.2	10.576	0.0003	1543.942	1.5852	13.3074	2447.429	0.6756	0.6791
0.202	 1	20.2	10.571	0.0025	1540.289	1.5969	13.2279	2459.649	0.6689	0.8868
0.212	 1	21.2	10.734	0.0004	1531.46	1.5616	12.9467	2391.477	0.6893	1.2637
0.222	 1	22.2	10.909	0.0	112.1344	1.1755	15.7382	131.8101	0.9133	1.6317
0.232	 2	0.4	10.895	0.0	111.9905	1.1261	16.4886	126.1113	0.9419	1.5378
0.242	 2	1.4	10.879	0.0	111.8261	1.498	12.4475	167.5101	0.7262	1.1454
0.252	 2	2.4	10.868	0.0	111.713	1.4788	12.6449	165.2037	0.7373	0.8537
0.262	 2	3.4	10.823	0.0	111.2505	1.4567	13.555	162.056	0.7502	0.7014
0.272	 2	4.4	10.72	0.0	110.1917	1.4301	14.1896	157.5861	0.7656	0.6259
0.282	 2	5.4	10.381	0.0002	1300.388	1.4822	14.3881	1927.456	0.7354	0.5873
0.292	 2	6.4	10.338	0.0004	1469.301	1.4809	15.2078	2175.875	0.7361	0.5723
0.302	 2	7.4	10.31	0.0004	1471.386	1.4953	15.1795	2200.141	0.7278	0.5651
0.312	 2	8.4	10.297	0.0004	1400.381	1.4863	15.3272	2081.346	0.733	0.5657
0.322	 2	9.4	10.256	0.0003	1306.663	1.4953	16.0527	1953.892	0.7278	0.5665
0.332	 2	10.4	10.24	0.0006	1305.29	1.5089	15.9798	1969.582	0.7199	0.5683
0.342	 2	11.4	10.237	0.0008	1302.251	1.4834	16.9198	1931.702	0.7347	0.5708
0.352	 2	12.4	10.23	0.0008	1298.388	1.4934	17.4867	1939.025	0.7289	0.5786
0.362	 2	13.4	10.234	0.0008	1300.051	1.5148	17.8579	1969.345	0.7165	0.5863
0.372	 2	14.4	10.228	0.0008	1299.619	1.5981	16.9556	2076.966	0.6681	0.5922
0.382	 2	15.4	10.223	0.0004	1313.504	1.5955	17.615	2095.69	0.6697	0.5959
0.392	 2	16.4	10.227	0.0006	1316.725	1.5771	17.8004	2076.6	0.6803	0.5952
0.402	 2	17.4	10.223	0.0008	1311.145	1.5788	17.1871	2070.08	0.6793	0.5925
0.412	 2	18.4	10.223	0.0008	1311.145	1.6001	17.5648	2097.91	0.667	0.588
0.422	 2	19.4	10.22	0.0007	1309.585	1.6366	16.595	2143.207	0.6459	0.5856
0.432	 2	20.4	10.219	0.0006	1308.953	1.6438	16.5262	2151.691	0.6416	0.5884
0.442	 2	21.4	10.218	0.0007	1481.084	1.6144	16.8326	2391.005	0.6587	0.5887
0.452	 2	22.4	10.218	0.0007	1487.12	1.5946	16.4329	2371.317	0.6702	0.5943
0.462	 2	23.4	10.218	0.0014	1484.311	1.6225	16.1501	2408.288	0.654	0.6047
0.472	 2	24.4	10.218	0.0011	1485.606	1.6491	15.89	2449.842	0.6386	0.6155
0.482	 2	25.4	10.216	0.0008	1485.315	1.6793	15.6121	2494.36	0.621	0.622
0.492	 2	26.4	10.221	0.0009	1500.0	1.7364	15.6359	2604.662	0.5879	0.6227
0.502	 2	27.4	10.21	0.0005	1533.033	1.8132	15.0206	2779.699	0.5434	0.6211
0.512	 2	28.4	10.216	0.0004	1578.004	1.8355	14.8128	2896.469	0.5304	0.6237
0.522	 2	29.4	10.221	0.0004	1585.634	1.8315	14.8247	2904.026	0.5328	0.6322
0.532	 2	30.4	10.226	0.0009	1584.198	1.8626	14.556	2950.793	0.5147	0.6458
0.542	 2	31.4	10.23	0.0006	1577.243	1.8579	14.5763	2930.431	0.5174	0.6603
0.552	 2	32.4	10.231	0.0006	1569.894	1.8321	14.2498	2876.252	0.5324	0.6713
0.562	 2	33.4	10.231	0.0007	1552.975	1.7975	15.0625	2791.426	0.5525	0.6847
0.572	 2	34.4	10.231	0.0009	1542.207	1.7559	14.8682	2707.996	0.5766	0.6969
0.582	 2	35.4	10.229	0.0006	1533.123	1.7494	14.9323	2682.013	0.5804	0.7165
0.592	 2	36.4	10.238	0.0005	1520.796	1.7861	14.5886	2716.225	0.5591	0.7379
0.602	 2	37.4	10.238	0.0006	1529.429	1.763	15.327	2696.339	0.5725	0.7568
0.612	 2	38.4	10.245	0.0007	1554.156	1.7892	15.0723	2780.75	0.5573	0.7757
0.622	 2	39.4	10.25	0.0005	1537.423	1.7969	14.9872	2762.545	0.5529	0.7915
0.632	 2	40.4	10.249	0.0006	1534.741	1.7936	15.0184	2752.76	0.5547	0.8076
0.642	 2	41.4	10.249	0.0004	1535.891	1.7862	15.0812	2743.355	0.5591	0.8205
0.652	 2	42.4	10.25	0.0007	1341.623	1.839	15.69	2467.204	0.5284	0.8321
0.662	 2	43.4	10.25	0.0005	1560.834	1.8735	14.8872	2924.27	0.5084	0.8398
0.672	 2	44.4	10.249	0.0006	1558.783	1.8744	15.3974	2921.852	0.5079	0.8481
0.682	 2	45.4	10.255	0.0004	1554.494	1.8741	15.8869	2913.245	0.5081	0.8537
0.692	 2	46.4	10.255	0.0004	1534.49	1.8704	15.918	2870.151	0.5102	0.8614
0.702	 2	47.4	10.25	0.0005	1536.271	1.8699	15.945	2872.642	0.5105	0.8648
0.712	 2	48.4	10.264	0.0005	1556.567	1.8905	16.7227	2942.673	0.4986	0.8683
0.722	 2	49.4	10.259	0.0005	1572.984	1.9079	16.0908	3001.063	0.4885	0.8678
0.732	 2	50.4	10.253	0.0006	1602.782	1.9365	15.8798	3103.768	0.4719	0.8572
0.742	 2	51.4	10.258	0.0006	1666.071	1.941	15.8209	3233.784	0.4693	0.8511
0.752	 2	52.4	10.253	0.0014	1641.531	1.8851	16.8224	3094.459	0.5017	0.8456
0.762	 2	53.4	10.255	0.0021	1593.629	1.8825	16.3258	3000.045	0.5032	0.844
0.772	 2	54.4	10.26	0.004	1583.578	1.8998	16.1546	3008.488	0.4932	0.843
0.782	 2	55.4	10.28	0.0062	1589.363	1.8794	16.2384	2987.078	0.505	0.8364
0.792	 2	56.4	10.29	0.0062	1584.296	1.8868	16.1294	2989.288	0.5007	0.8318
0.802	 2	57.4	10.291	0.0049	1572.105	1.8664	16.3011	2934.224	0.5125	0.8262
0.812	 2	58.4	10.291	0.0046	1567.078	1.8781	16.1994	2943.2	0.5057	0.8278
0.822	 2	59.4	10.289	0.0051	1567.489	1.8657	15.8067	2924.465	0.5129	0.8249
0.832	 2	60.4	10.283	0.0054	1566.814	1.8487	15.9787	2896.611	0.5228	0.8266
0.842	 2	61.4	10.273	0.0054	1573.441	1.8726	15.3088	2946.462	0.5089	0.8247
0.852	 2	62.4	10.264	0.0042	1586.154	1.8608	15.4451	2951.512	0.5158	0.8252
0.862	 2	63.4	10.258	0.0048	1588.172	1.8905	15.2282	3002.408	0.4986	0.8278
0.872	 2	64.4	10.248	0.0064	1581.482	1.8794	15.8732	2972.226	0.505	0.8354
0.882	 2	65.4	10.238	0.0059	1573.382	1.9024	15.7256	2993.183	0.4917	0.8379
0.892	 2	66.4	10.238	0.0061	1571.692	1.8968	16.2808	2981.155	0.4949	0.8375
0.902	 2	67.4	10.233	0.0067	1569.96	1.9003	16.2734	2983.43	0.4929	0.8399
0.912	 2	68.4	10.223	0.0061	1569.63	1.8847	16.9686	2958.322	0.5019	0.8369
0.922	 2	69.4	10.218	0.0073	1568.621	1.8845	17.5092	2956.134	0.502	0.8312
0.932	 2	70.4	10.208	0.0079	1568.29	1.9012	16.8927	2981.687	0.4923	0.8274
0.942	 2	71.4	10.208	0.0063	1579.208	1.8971	17.4422	2995.966	0.4947	0.8271
0.952	 2	72.4	10.204	0.0047	1607.435	1.9208	17.2466	3087.594	0.481	0.8326
0.962	 2	73.4	10.198	0.0047	1620.788	1.9277	16.7083	3124.339	0.477	0.8428
0.972	 2	74.4	10.198	0.0083	1593.936	1.8765	17.1639	2991.002	0.5067	0.8451
0.982	 2	75.4	10.193	0.0081	1566.226	1.8543	16.8672	2904.184	0.5196	0.846
0.992	 2	76.4	10.193	0.0084	1563.583	1.8535	16.8737	2898.165	0.52	0.8362
1.002	 2	77.4	10.193	0.0072	1561.906	1.8947	16.507	2959.37	0.4961	0.8331
1.012	 2	78.4	10.193	0.006	1565.745	1.9078	16.9063	2987.096	0.4885	0.8293
1.022	 2	79.4	10.185	0.0062	1573.702	1.9145	16.8848	3012.929	0.4846	0.8282
1.032	 2	80.4	10.189	0.0076	1584.85	1.9378	16.6632	3071.143	0.4711	0.8272
1.042	 2	81.4	10.226	0.0079	1600.313	1.9362	16.5036	3098.507	0.472	0.8263
1.052	 2	82.4	10.221	0.0056	1617.759	1.9856	16.604	3212.232	0.4434	0.829
1.062	 2	83.4	10.236	0.0066	1623.216	1.9561	16.2898	3175.138	0.4605	0.8388
1.072	 2	84.4	10.249	0.012	1610.971	1.954	16.2477	3147.822	0.4617	0.8476
1.082	 2	85.4	10.249	0.0085	1600.656	1.9147	16.079	3064.708	0.4845	0.8478
1.092	 2	86.4	10.244	0.0081	1593.405	1.9224	16.0364	3063.223	0.48	0.8482
1.102	 2	87.4	10.25	0.0162	1573.776	1.8543	17.1162	2918.282	0.5195	0.8436
1.112	 2	88.4	10.256	0.0113	1570.357	1.9024	16.1506	2987.478	0.4916	0.8479
1.122	 2	89.4	10.26	0.0115	1576.521	1.9054	16.1069	3003.957	0.4899	0.8531
1.132	 2	90.4	10.262	0.0101	1574.651	1.8905	16.2251	2976.856	0.4986	0.8588
1.142	 2	91.4	10.262	0.0079	1572.961	1.8514	17.0851	2912.233	0.5212	0.8643
1.152	 2	92.4	10.281	0.0069	1548.11	1.7742	17.1965	2746.684	0.566	0.8648
1.162	 2	93.4	10.275	0.0057	1524.255	1.8341	16.6626	2795.699	0.5312	0.8627
1.172	 2	94.4	10.27	0.0016	1303.299	1.8615	15.9269	2426.119	0.5154	0.8609
1.182	 2	95.4	10.27	0.0009	1329.106	1.8761	15.8031	2493.536	0.5069	0.8647
1.192	 2	96.4	10.262	0.0004	1142.126	1.8875	15.7428	2155.785	0.5003	0.8672
1.202	 2	97.4	10.262	0.0003	1146.464	1.8666	15.9192	2139.992	0.5124	0.873
1.212	 2	98.4	10.257	0.0004	1136.636	1.8567	16.027	2110.336	0.5182	0.882
1.222	 2	99.4	10.247	0.0003	1133.392	1.8456	16.1688	2091.736	0.5246	0.8894
1.232	 2	100.4	10.246	0.0002	1052.491	1.8761	15.9101	1974.569	0.5069	0.8908
1.242	 2	101.4	10.245	0.0001	996.4014	1.8488	16.1498	1842.118	0.5228	0.891
1.252	 2	102.4	10.236	0.0001	998.2446	1.8699	16.0079	1866.604	0.5105	0.8939
1.262	 2	103.4	10.237	0.0001	999.6094	1.8643	16.5696	1863.528	0.5138	0.8974
1.272	 2	104.4	10.231	0.0002	1001.468	1.8895	15.8639	1892.304	0.4991	0.9012
1.282	 2	105.4	10.231	0.0001	1004.615	1.9052	15.7335	1913.982	0.49	0.9017
1.292	 2	106.4	10.229	0.0001	1012.973	1.8726	16.0161	1896.917	0.5089	0.9038
1.302	 2	107.4	10.234	0.0001	1008.872	1.8626	15.042	1879.157	0.5147	0.907
1.312	 2	108.4	10.229	0.0001	979.1328	1.8704	15.0003	1831.407	0.5102	0.9089
1.322	 2	109.4	10.235	0.0001	976.7153	1.829	14.7865	1786.368	0.5342	0.9111
1.332	 2	110.4	10.229	0.0001	1000.685	1.8269	14.8285	1828.121	0.5355	0.9103
1.342	 2	111.4	10.23	0.0001	1000.587	1.8355	14.7547	1836.56	0.5305	0.9142
1.352	 2	112.4	10.234	0.0001	984.0385	1.839	14.1845	1809.655	0.5284	0.912
1.362	 2	113.4	10.234	0.0001	982.0555	1.8145	13.8438	1781.922	0.5426	0.9084
1.372	 2	114.4	10.233	0.0001	996.7855	1.8325	13.7117	1826.587	0.5322	0.8997
1.382	 2	115.4	10.234	0.0001	871.2753	1.8376	12.6182	1601.048	0.5292	0.8925
1.392	 2	116.4	10.239	0.0001	1012.76	1.8279	12.6673	1851.213	0.5349	0.8865
1.402	 2	117.4	10.238	0.0001	1006.884	1.8003	12.3287	1812.736	0.5508	0.887
1.412	 2	118.4	10.243	0.0001	1006.98	1.7724	12.5053	1784.788	0.567	0.8849
1.422	 2	119.4	10.244	0.0001	1015.162	1.786	11.8671	1813.102	0.5592	0.8862
1.432	 2	120.4	10.25	0.0001	1016.159	1.7907	11.8159	1819.673	0.5564	0.8836
1.442	 2	121.4	10.255	0.0001	1018.169	1.8215	11.0725	1854.636	0.5386	0.8779
1.452	 2	122.4	10.254	0.0001	1015.247	1.85	10.9052	1878.217	0.522	0.8746
1.462	 2	123.4	10.259	0.0001	1017.052	1.8398	10.4287	1871.212	0.5279	0.8756
1.472	 2	124.4	10.275	0.0001	877.0058	1.8855	10.1305	1653.596	0.5014	0.9157
1.482	 2	125.4	10.279	0.0001	989.0311	1.8686	10.2106	1848.112	0.5112	0.9402
1.492	 2	126.4	10.274	0.0001	1088.002	1.8123	10.5428	1971.743	0.5439	0.951
1.502	 2	127.4	10.289	0.0001	1125.588	1.8194	9.4119	2047.845	0.5398	0.9558
1.512	 2	128.4	10.287	0.0001	1073.8	1.7907	9.5676	1922.901	0.5564	0.9618
1.522	 2	129.4	10.287	0.0001	1125.0	1.8162	9.4334	2043.25	0.5416	0.9658
1.532	 2	130.4	10.311	0.0001	1080.478	1.8155	8.8534	1961.579	0.5421	0.9662
1.542	 2	131.4	10.328	0.0001	1082.94	1.8265	8.7583	1977.979	0.5357	0.966
1.552	 2	132.4	10.352	0.0001	895.7342	1.8205	8.2151	1630.683	0.5392	0.9662
1.562	 2	133.4	10.371	0.0	878.0798	1.8179	7.6722	1596.23	0.5407	0.966
1.572	 2	134.4	10.395	0.0	869.1471	1.8102	7.6537	1573.31	0.5451	0.9701
1.582	 2	135.4	10.514	0.0	862.4395	1.7777	7.5427	1533.151	0.564	0.9784
1.592	 2	136.4	10.563	0.0	799.8031	1.7769	6.9495	1421.198	0.5644	0.9989
1.602	 2	137.4	10.559	0.0	108.5368	1.8127	6.3327	196.7431	0.5437	1.0353
1.612	 2	138.4	10.586	0.0	108.8143	1.7909	6.3627	194.8808	0.5563	1.0936
1.622	 2	139.4	10.564	0.0	108.5882	1.8296	5.7836	198.6739	0.5339	1.2108
1.632	 2	140.4	10.568	0.0	108.6293	1.8503	5.2368	200.9931	0.5219	1.4441
1.642	 2	141.4	10.55	0.0	108.4443	1.831	4.8345	198.5572	0.5331	1.9002
1.652	 2	142.4	10.576	0.0001	1490.207	1.3455	5.2259	2005.108	0.8147	2.7874
1.662	 2	143.4	10.528	0.0	108.2181	0.9258	5.7711	100.1897	1.0581	4.3267
1.672	 2	144.4	10.477	0.0	107.6939	0.4004	11.2773	43.1167	1.3629	6.1247
