Geotek MSCL 7.9 - TN336_TC10_10_massMS.out created at 20:20:55 on 1/20/2016.


Processing Parameters

CT	RCT=11.45	W=1.27
PWAmp	A=1	B=0
PWVel	PTO=26.73
Den1	A=7.0444E-04	B=-.096532	C=9.8575
MS1	A=1	B=0	Den=1	LD=14	
FP	MGD=2.75	WD=1.026	
RES	A=687.8304	B=-1.135412	p=0	


SB DEPTH	SECT NUM	SECT DEPTH	CT	PWAmp	PWVel	Den1	MS1	Imp	FP	RES
m		cm	cm		m/s	g/cc	x 10^-8 (m^3/kg)			Ohm.m

-0.639	before cal		10.576	0.0						62.4791
-0.579	cal sect	6.0	10.536	0.0139	1496.378	1.1494			0.9284	18.0052
-0.519	cal sect	12.0	10.245	0.0713	1488.666	1.1445	-0.8415	1703.785	0.9313	15.5436
-0.459	cal sect	18.0	10.292	0.0292	1484.28	1.143	-0.8316	1696.598	0.9321	14.6485
-0.399	cal sect	24.0	10.491	0.0198	1494.657	1.1377	-1.5813	1700.49	0.9352	11.7165
-0.339	cal sect	30.0	10.739	0.0082	1504.905	1.1231	-0.7491	1690.105	0.9437	3.7421
-0.279	cal sect	36.0	10.567	0.017	1518.465	1.1484	-0.7672	1743.797	0.929	0.445
-0.219	cal sect	42.0	10.265	0.0068	1507.342	1.1668	-1.6416	1758.765	0.9183	0.3326
-0.159	cal sect	48.0	10.203	0.0222	1506.867	1.1772	-1.6558	1773.922	0.9123	0.3382
-0.099	cal sect	54.0	10.404	0.0085	1508.482	1.1545	0.0	1741.515	0.9255	0.3464
-0.039	cal sect	60.0	10.462	0.0073	1517.111	1.1691	2.3267	1773.692	0.917	0.4873
0.001	 1	0.1	11.039	0.0	113.5384	0.565	15.1403	64.1472	1.2674	1.1656
0.011	 1	1.1	11.061	0.0	113.7647	1.3141	8.2377	149.5015	0.8329	0.9327
0.021	 1	2.1	11.044	0.0	113.5898	1.362	9.6935	154.712	0.8051	0.6864
0.031	 1	3.1	10.975	0.0004	1525.153	1.3845	10.2787	2111.61	0.792	0.5363
0.041	 1	4.1	10.902	0.0003	1518.807	1.3854	11.0516	2104.082	0.7916	0.4613
0.051	 1	5.1	10.395	0.0006	1514.423	1.477	12.5074	2236.734	0.7384	0.4214
0.061	 1	6.1	10.282	0.0035	1508.067	1.4563	13.7446	2196.254	0.7504	0.3995
0.071	 1	7.1	10.248	0.0039	1508.612	1.4595	13.1875	2201.747	0.7486	0.3904
0.081	 1	8.1	10.209	0.0087	1491.889	1.4737	13.8649	2198.555	0.7403	0.3864
0.091	 1	9.1	10.21	0.0068	1489.207	1.45	14.0873	2159.335	0.7541	0.3828
0.101	 1	10.1	10.214	0.0064	1490.007	1.4712	13.8684	2192.124	0.7418	0.3802
0.111	 1	11.1	10.209	0.0069	1489.93	1.4752	13.8509	2197.886	0.7395	0.3777
0.121	 1	12.1	10.214	0.0073	1489.573	1.4683	13.8964	2187.067	0.7435	0.3768
0.131	 1	13.1	10.219	0.0072	1489.433	1.474	13.823	2195.373	0.7402	0.3767
0.141	 1	14.1	10.214	0.0067	1487.403	1.5103	13.5096	2246.419	0.7191	0.3766
0.151	 1	15.1	10.224	0.0061	1489.728	1.5027	13.5398	2238.579	0.7235	0.3753
0.161	 1	16.1	10.226	0.0066	1488.717	1.4655	13.2143	2181.779	0.745	0.3763
0.171	 1	17.1	10.223	0.0062	1483.745	1.4761	13.1307	2190.186	0.7389	0.3775
0.181	 1	18.1	10.226	0.0059	1484.395	1.4673	13.1988	2178.006	0.744	0.379
0.191	 1	19.1	10.229	0.0061	1486.341	1.46	13.2537	2169.993	0.7483	0.3795
0.201	 1	20.1	10.23	0.0068	1490.819	1.4704	13.8136	2192.099	0.7422	0.3798
0.211	 1	21.1	10.24	0.0076	1490.756	1.4809	13.6771	2207.654	0.7361	0.3814
0.221	 1	22.1	10.236	0.0118	1489.956	1.4855	13.6502	2213.307	0.7335	0.384
0.231	 1	23.1	10.238	0.0117	1488.081	1.5009	13.5026	2233.427	0.7245	0.3877
0.241	 1	24.1	10.244	0.0116	1486.792	1.5185	13.3234	2257.695	0.7143	0.3941
0.251	 1	25.1	10.255	0.0105	1487.525	1.5032	13.4171	2236.1	0.7232	0.402
0.261	 1	26.1	10.26	0.0105	1488.251	1.536	13.1125	2285.944	0.7042	0.4086
0.271	 1	27.1	10.259	0.0139	1489.834	1.5478	13.016	2305.993	0.6973	0.4103
0.281	 1	28.1	10.264	0.0118	1493.163	1.5325	13.1277	2288.269	0.7062	0.413
0.291	 1	29.1	10.27	0.0127	1495.994	1.5282	13.1425	2286.166	0.7087	0.4103
0.301	 1	30.1	10.266	0.0115	1496.283	1.5406	13.6723	2305.246	0.7015	0.4111
0.311	 1	31.1	10.276	0.0082	1489.923	1.5344	13.6896	2286.127	0.7051	0.4312
0.321	 1	32.1	10.282	0.0063	1490.145	1.5457	12.9501	2303.299	0.6986	0.4461
0.331	 1	33.1	10.29	0.0046	1491.521	1.5289	12.441	2280.368	0.7083	0.4521
0.341	 1	34.1	10.286	0.0066	1489.645	1.5269	13.095	2274.481	0.7095	0.455
0.351	 1	35.1	10.291	0.0043	1489.938	1.529	12.4366	2278.118	0.7082	0.4562
0.361	 1	36.1	10.292	0.0076	1488.574	1.5283	13.0605	2275.031	0.7086	0.4795
0.371	 1	37.1	10.296	0.0092	1484.643	1.5254	12.4487	2264.642	0.7103	0.4817
0.381	 1	38.1	10.295	0.009	1483.002	1.5515	12.2426	2300.856	0.6952	0.479
0.391	 1	39.1	10.3	0.0079	1485.434	1.5385	12.3289	2285.3	0.7027	0.4779
0.401	 1	40.1	10.295	0.0083	1484.927	1.5347	12.3763	2278.953	0.7049	0.4775
0.411	 1	41.1	10.29	0.01	1485.277	1.5252	12.4709	2265.376	0.7104	0.4744
0.421	 1	42.1	10.319	0.0076	1487.102	1.528	12.3477	2272.29	0.7088	0.4744
0.431	 1	43.1	10.394	0.0076	1496.401	1.537	12.0223	2299.929	0.7036	0.4921
0.441	 1	44.1	10.411	0.0115	1499.496	1.5457	11.8986	2317.722	0.6986	0.4984
0.451	 1	45.1	10.399	0.0172	1500.361	1.541	11.3754	2312.096	0.7013	0.5024
0.461	 1	46.1	10.393	0.0172	1501.661	1.5408	11.3956	2313.834	0.7014	0.4995
0.471	 1	47.1	10.43	0.0101	1497.488	1.5372	11.3061	2302.005	0.7035	0.4942
0.481	 1	48.1	10.552	0.0074	1507.213	1.5142	11.1009	2282.256	0.7168	0.4946
0.491	 1	49.1	10.553	0.006	1496.455	1.5225	10.4567	2278.338	0.712	0.4981
0.501	 1	50.1	10.572	0.0006	1523.123	1.4937	10.603	2275.152	0.7287	0.5141
0.511	 1	51.1	10.568	0.0034	1503.699	1.4386	11.6339	2163.183	0.7607	0.5463
0.521	 1	52.1	10.581	0.0017	1500.851	1.5082	10.4755	2263.652	0.7203	0.6133
0.531	 1	53.1	10.617	0.0068	1511.102	1.5186	10.3034	2294.72	0.7143	0.7465
0.541	 1	54.1	10.634	0.0127	1502.826	1.508	10.328	2266.287	0.7204	1.0109
0.551	 1	55.1	10.839	0.0001	1385.884	1.4706	9.4707	2038.034	0.7421	1.3852
0.561	 1	56.1	10.992	0.0	113.055	0.8277	16.1665	93.5782	1.115	1.5872
0.571	 2	0.6	11.012	0.0	113.2607	1.2166	11.5855	137.7977	0.8894	1.4293
0.581	 2	1.6	10.96	0.0	112.7259	1.4536	9.8287	163.8558	0.752	1.0957
0.591	 2	2.6	10.927	0.0	112.3865	1.457	10.44	163.7427	0.75	0.8578
0.601	 2	3.6	10.847	0.0	111.5637	1.4632	10.6161	163.2351	0.7464	0.7091
0.611	 2	4.6	10.6	0.0	109.0232	1.4967	11.0853	163.1789	0.727	0.6174
0.621	 2	5.6	10.363	0.0	106.5856	1.5357	11.5292	163.6862	0.7043	0.5716
0.631	 2	6.6	10.29	0.0	105.8348	1.5342	11.7784	162.3664	0.7052	0.5456
0.641	 2	7.6	10.282	0.0001	1053.268	1.5204	11.2846	1601.395	0.7132	0.5303
0.651	 2	8.6	10.271	0.0002	1439.322	1.5436	11.7687	2221.758	0.6998	0.5222
0.661	 2	9.6	10.249	0.0002	1416.586	1.5622	11.0848	2213.03	0.689	0.5161
0.671	 2	10.6	10.211	0.0002	1286.993	1.571	11.1414	2021.906	0.6839	0.5153
0.681	 2	11.6	10.21	0.0005	1515.062	1.552	11.281	2351.428	0.6949	0.5121
0.691	 2	12.6	10.212	0.0014	1510.427	1.5348	11.4015	2318.151	0.7049	0.5088
0.701	 2	13.6	10.206	0.0007	1372.328	1.5404	11.3789	2113.953	0.7016	0.5062
0.711	 2	14.6	10.205	0.0006	1425.478	1.5563	11.2661	2218.439	0.6924	0.5033
0.721	 2	15.6	10.205	0.0009	1417.361	1.5427	11.3654	2186.537	0.7003	0.5001
0.731	 2	16.6	10.208	0.0023	1510.059	1.5601	11.2288	2355.874	0.6902	0.4964
0.741	 2	17.6	10.198	0.0037	1496.844	1.5379	11.4232	2302.035	0.7031	0.4897
0.751	 2	18.6	10.203	0.0084	1498.678	1.5317	10.8174	2295.457	0.7067	0.4844
0.761	 2	19.6	10.209	0.0159	1489.712	1.5418	11.359	2296.857	0.7008	0.4817
0.771	 2	20.6	10.204	0.0143	1488.114	1.5444	11.3558	2298.278	0.6993	0.4804
0.781	 2	21.6	10.207	0.0159	1488.335	1.5384	11.3905	2289.677	0.7028	0.4839
0.791	 2	22.6	10.218	0.0166	1488.419	1.5516	10.633	2309.463	0.6951	0.4863
0.801	 2	23.6	10.218	0.0144	1488.203	1.57	11.127	2336.412	0.6845	0.4876
0.811	 2	24.6	10.218	0.0124	1488.636	1.5629	11.1772	2326.6	0.6886	0.4869
0.821	 2	25.6	10.222	0.0127	1489.436	1.5762	11.6858	2347.589	0.6809	0.4859
0.831	 2	26.6	10.234	0.013	1492.054	1.6014	10.8591	2389.442	0.6662	0.4857
0.841	 2	27.6	10.238	0.0128	1493.944	1.5734	11.6534	2350.607	0.6825	0.4874
0.851	 2	28.6	10.238	0.0116	1493.073	1.5631	11.7304	2333.814	0.6885	0.4898
0.861	 2	29.6	10.249	0.0114	1495.113	1.5891	11.503	2375.834	0.6734	0.4953
0.871	 2	30.6	10.248	0.0125	1496.058	1.5867	11.5232	2373.838	0.6748	0.5003
0.881	 2	31.6	10.248	0.0143	1493.66	1.597	11.4489	2385.402	0.6688	0.5068
0.891	 2	32.6	10.249	0.0116	1492.718	1.5896	11.499	2372.856	0.6731	0.5099
0.901	 2	33.6	10.251	0.0145	1493.662	1.5871	11.5108	2370.582	0.6745	0.5151
0.911	 2	34.6	10.256	0.0093	1488.534	1.5728	10.9883	2341.234	0.6828	0.5249
0.921	 2	35.6	10.253	0.0079	1487.667	1.557	11.1093	2316.347	0.692	0.535
0.931	 2	36.6	10.249	0.0078	1486.655	1.5841	11.5392	2354.989	0.6763	0.5458
0.941	 2	37.6	10.253	0.0068	1485.081	1.566	11.046	2325.566	0.6868	0.5553
0.951	 2	38.6	10.26	0.0065	1486.31	1.5681	11.0089	2330.748	0.6855	0.5665
0.961	 2	39.6	10.26	0.0073	1488.899	1.6186	10.6658	2409.9	0.6563	0.5735
0.971	 2	40.6	10.258	0.0078	1489.906	1.6047	10.764	2390.875	0.6643	0.5811
0.981	 2	41.6	10.259	0.0087	1492.652	1.585	10.2894	2365.894	0.6757	0.5873
0.991	 2	42.6	10.261	0.0081	1489.692	1.5961	10.8129	2377.716	0.6693	0.5862
1.001	 2	43.6	10.256	0.0078	1493.085	1.5935	10.2431	2379.292	0.6708	0.587
1.011	 2	44.6	10.25	0.0077	1495.041	1.5956	10.2472	2385.471	0.6696	0.5831
1.021	 2	45.6	10.256	0.0081	1495.262	1.5899	9.6625	2377.353	0.6729	0.5809
1.031	 2	46.6	10.252	0.008	1490.983	1.5986	9.6206	2383.534	0.6678	0.5771
1.041	 2	47.6	10.251	0.0077	1493.009	1.5676	9.2004	2340.464	0.6858	0.5717
1.051	 2	48.6	10.27	0.0096	1492.516	1.559	8.5883	2326.882	0.6908	0.5659
1.061	 2	49.6	10.279	0.0086	1491.007	1.5555	8.5861	2319.281	0.6929	0.5617
1.071	 2	50.6	10.283	0.0102	1492.236	1.5552	8.5783	2320.693	0.6931	0.5564
1.081	 2	51.6	10.294	0.0126	1491.884	1.5627	8.5108	2331.356	0.6887	0.557
1.091	 2	52.6	10.304	0.0127	1492.468	1.5569	7.9103	2323.552	0.6921	0.5578
1.101	 2	53.6	10.321	0.0137	1494.065	1.5602	7.8558	2331.083	0.6901	0.5586
1.111	 2	54.6	10.331	0.0121	1496.379	1.5413	7.9303	2306.338	0.7011	0.5589
1.121	 2	55.6	10.335	0.0126	1497.826	1.5409	8.5326	2308.073	0.7013	0.5642
1.131	 2	56.6	10.342	0.0157	1500.145	1.5538	7.8422	2330.959	0.6938	0.5642
1.141	 2	57.6	10.335	0.0153	1499.782	1.5492	7.8808	2323.505	0.6965	0.5678
1.151	 2	58.6	10.32	0.0227	1504.373	1.6046	7.0528	2413.974	0.6644	0.5694
1.161	 2	59.6	10.315	0.0186	1510.249	1.6402	7.4854	2477.095	0.6437	0.5795
1.171	 2	60.6	10.305	0.0157	1504.16	1.546	7.3512	2325.384	0.6984	0.5828
1.181	 2	61.6	10.3	0.021	1497.093	1.5342	7.4177	2296.903	0.7052	0.5843
1.191	 2	62.6	10.299	0.0165	1501.531	1.6222	7.0177	2435.727	0.6542	0.588
1.201	 2	63.6	10.292	0.0133	1502.262	1.5552	7.3344	2336.262	0.6931	0.5912
1.211	 2	64.6	10.287	0.0205	1494.335	1.5444	7.3958	2307.856	0.6993	0.5949
1.221	 2	65.6	10.277	0.0176	1492.448	1.5409	7.4337	2299.646	0.7014	0.6023
1.231	 2	66.6	10.277	0.0159	1493.316	1.53	6.8624	2284.824	0.7076	0.6084
1.241	 2	67.6	10.267	0.0165	1494.251	1.5326	7.4948	2290.054	0.7062	0.6166
1.251	 2	68.6	10.266	0.0129	1493.453	1.5343	7.4885	2291.414	0.7052	0.6258
1.261	 2	69.6	10.257	0.0129	1492.579	1.5508	8.0466	2314.68	0.6956	0.6329
1.271	 2	70.6	10.257	0.0118	1494.754	1.6139	8.3266	2412.421	0.659	0.6418
1.281	 2	71.6	10.252	0.0115	1501.684	1.652	8.7278	2480.835	0.6369	0.6454
1.291	 2	72.6	10.257	0.0115	1505.283	1.6905	7.9494	2544.691	0.6146	0.6526
1.301	 2	73.6	10.237	0.0095	1510.327	1.6844	8.5965	2543.941	0.6181	0.6715
1.311	 2	74.6	10.238	0.0109	1510.475	1.6976	8.5269	2564.226	0.6104	0.6838
1.321	 2	75.6	10.233	0.0105	1511.298	1.7208	8.4239	2600.667	0.597	0.6991
1.331	 2	76.6	10.227	0.0089	1513.542	1.7047	9.0858	2580.127	0.6063	0.7086
1.341	 2	77.6	10.223	0.0104	1511.607	1.7272	9.5385	2610.881	0.5933	0.7165
1.351	 2	78.6	10.218	0.009	1515.349	1.7497	9.429	2651.48	0.5802	0.7216
1.361	 2	79.6	10.217	0.0089	1518.354	1.7429	9.469	2646.272	0.5842	0.7266
1.371	 2	80.6	10.22	0.0078	1522.419	1.7585	9.9286	2677.115	0.5751	0.7288
1.381	 2	81.6	10.214	0.0079	1523.568	1.7875	10.3276	2723.339	0.5583	0.7238
1.391	 2	82.6	10.209	0.007	1523.959	1.7552	10.5325	2674.802	0.577	0.7237
1.401	 2	83.6	10.211	0.0074	1524.713	1.7863	10.3429	2723.644	0.559	0.7296
1.411	 2	84.6	10.208	0.0073	1523.355	1.7479	11.136	2662.705	0.5813	0.7315
1.421	 2	85.6	10.211	0.0083	1523.348	1.7827	10.9096	2715.634	0.5611	0.7328
1.431	 2	86.6	10.215	0.0062	1528.276	1.7896	11.3977	2735.059	0.5571	0.7332
1.441	 2	87.6	10.213	0.0073	1532.793	1.7662	12.1058	2707.197	0.5707	0.7412
1.451	 2	88.6	10.254	0.0069	1529.991	1.7696	11.9437	2707.464	0.5687	0.74
1.461	 2	89.6	10.216	0.0078	1524.321	1.7855	11.965	2721.612	0.5595	0.7428
1.471	 2	90.6	10.244	0.0058	1530.326	1.8058	11.7374	2763.417	0.5477	0.7482
1.481	 2	91.6	10.249	0.006	1529.93	1.7616	12.0147	2695.142	0.5733	0.7533
1.491	 2	92.6	10.248	0.0063	1527.5	1.7749	11.928	2711.186	0.5656	0.7556
1.501	 2	93.6	10.243	0.0061	1529.948	1.7898	11.8457	2738.231	0.557	0.7607
1.511	 2	94.6	10.248	0.0061	1531.152	1.7926	11.8105	2744.695	0.5554	0.7616
1.521	 2	95.6	10.248	0.0052	1535.741	1.8208	11.6273	2796.289	0.539	0.7608
1.531	 2	96.6	10.215	0.0047	1534.475	1.8371	12.1606	2819.005	0.5295	0.7605
1.541	 2	97.6	10.227	0.0036	1542.767	1.8416	12.0899	2841.167	0.5269	0.7625
1.551	 2	98.6	10.215	0.0033	1543.051	1.8406	12.6652	2840.158	0.5275	0.7632
1.561	 2	99.6	10.211	0.003	1539.888	1.8312	12.2135	2819.87	0.5329	0.7702
1.571	 2	100.6	10.22	0.0032	1533.383	1.7888	13.0139	2742.855	0.5576	0.7692
1.581	 2	101.6	10.22	0.0032	1530.857	1.7995	12.9362	2754.781	0.5513	0.773
1.591	 2	102.6	10.224	0.0027	1533.293	1.8083	12.3231	2772.626	0.5462	0.7701
1.601	 2	103.6	10.23	0.0032	1529.376	1.7897	12.4301	2737.102	0.557	0.7651
1.611	 2	104.6	10.223	0.0039	1527.873	1.7926	11.8939	2738.843	0.5553	0.7595
1.621	 2	105.6	10.235	0.0039	1526.473	1.7792	11.9432	2715.836	0.5631	0.7548
1.631	 2	106.6	10.24	0.0036	1528.586	1.7823	11.9055	2724.355	0.5613	0.7515
1.641	 2	107.6	10.234	0.0037	1524.505	1.7639	12.0501	2689.023	0.572	0.7491
1.651	 2	108.6	10.255	0.004	1522.417	1.7655	11.9681	2687.803	0.5711	0.7433
1.661	 2	109.6	10.251	0.0033	1522.953	1.8124	11.141	2760.166	0.5439	0.7357
1.671	 2	110.6	10.249	0.0021	1529.245	1.8443	10.4326	2820.425	0.5253	0.7258
1.681	 2	111.6	10.266	0.0024	1532.239	1.7801	10.2197	2727.508	0.5626	0.7194
1.691	 2	112.6	10.264	0.0019	1531.483	1.8297	9.4244	2802.208	0.5338	0.7076
1.701	 2	113.6	10.254	0.0018	1529.763	1.727	10.0128	2641.968	0.5934	0.7098
1.711	 2	114.6	10.271	0.0036	1516.462	1.7292	9.3995	2622.337	0.5921	0.7062
1.721	 2	115.6	10.27	0.003	1512.073	1.7043	9.5395	2577.099	0.6065	0.7395
1.731	 2	116.6	10.263	0.0034	1506.827	1.7015	9.0112	2563.852	0.6082	0.743
1.741	 2	117.6	10.279	0.0029	1508.733	1.7144	8.3469	2586.521	0.6007	0.7489
1.751	 2	118.6	10.278	0.0032	1511.915	1.717	8.3363	2596.016	0.5992	0.7527
1.761	 2	119.6	10.297	0.0027	1511.819	1.6993	7.8202	2568.977	0.6095	0.7548
1.771	 2	120.6	10.293	0.0022	1508.795	1.7218	7.7266	2597.784	0.5964	0.7508
1.781	 2	121.6	10.309	0.0022	1510.919	1.7254	7.1276	2606.942	0.5943	0.7505
1.791	 2	122.6	10.322	0.0025	1511.052	1.7016	7.201	2571.256	0.6081	0.7471
1.801	 2	123.6	10.331	0.0034	1511.706	1.6863	7.2482	2549.207	0.617	0.7437
1.811	 2	124.6	10.357	0.0016	1521.075	1.7513	6.3957	2663.928	0.5793	0.7485
1.821	 2	125.6	10.386	0.0022	1524.438	1.6659	6.6699	2539.556	0.6288	0.755
1.831	 2	126.6	10.604	0.0007	1522.47	1.6196	6.4629	2465.863	0.6557	0.7659
1.841	 2	127.6	10.627	0.0007	1525.115	1.6261	6.3975	2479.931	0.6519	0.7922
1.851	 2	128.6	10.663	0.0	109.6712	1.6514	5.7187	181.1134	0.6372	0.8294
1.861	 2	129.6	10.659	0.0004	1535.215	1.6746	5.6456	2570.841	0.6238	0.8932
1.871	 2	130.6	10.658	0.0015	1536.177	1.6634	5.6851	2555.286	0.6303	1.0162
1.881	 2	131.6	10.645	0.0018	1542.083	1.5879	5.4329	2448.718	0.6741	1.2558
1.891	 2	132.6	10.676	0.0003	1521.882	1.4972	5.143	2278.489	0.7267	1.7686
1.901	 2	133.6	10.574	0.0001	1458.483	1.5174	4.6366	2213.045	0.715	2.7643
1.911	 2	134.6	10.526	0.0	108.2621	1.2164	4.3947	131.6945	0.8895	4.2273
