Geotek MSCL 7.9 - TN336_JPC15-17.out created at 5:31:02 on 1/22/2016.


Processing Parameters

CT	RCT=11.45	W=1.27
PWAmp	A=1	B=0
PWVel	PTO=26.51
Den1	A=7.0444E-04	B=-.096532	C=9.8575
MS1	A=1	B=0	Den=0	LD=14	
FP	MGD=2.75	WD=1.026	
RES	A=833.1719	B=-1.166733	p=0	


SB DEPTH	SECT NUM	SECT DEPTH	CT	PWAmp	PWVel	Den1	MS1	Imp	FP	RES
m		cm	cm		m/s	g/cc	SI x 10^-5			Ohm.m

-0.639	cal sect	0.0	10.235	0.0						125.6548
-0.579	cal sect	6.0	10.147	0.0133	1454.35	1.2231	-1.9805		0.8857	21.1647
-0.519	cal sect	12.0	9.907	0.0686	1437.047	1.1918	-2.1224	1712.623	0.9038	21.3142
-0.459	cal sect	18.0	9.957	0.0368	1439.081	1.1743	-2.0917	1689.89	0.914	20.7178
-0.399	cal sect	24.0	10.218	0.0019	1446.694	1.1807	-0.9705	1708.112	0.9103	15.1491
-0.339	cal sect	30.0	10.355	0.0276	1462.777	1.1923	-0.9339	1744.057	0.9035	4.3058
-0.279	cal sect	36.0	10.228	0.0202	1474.625	1.2173	-0.9678	1795.042	0.889	0.5019
-0.219	cal sect	42.0	9.953	0.0121	1476.487	1.1801	-1.0471	1742.432	0.9106	0.3546
-0.159	cal sect	48.0	9.922	0.1152	1460.406	1.2079	-2.1131	1764.019	0.8945	0.3525
-0.099	cal sect	54.0	10.053	0.028	1462.467	1.1905	-1.0172	1741.017	0.9046	0.3513
-0.039	cal sect	60.0	10.139	0.0449	1471.339	1.2108	1.985	1781.451	0.8928	0.4862
0.001	 1	0.1	10.475	0.0	107.7132	0.8782	9.035	94.599	1.0857	1.4635
0.011	 1	1.1	10.471	0.0	107.6721	1.4793	10.8539	159.2749	0.7371	1.0465
0.021	 1	2.1	10.527	0.0	108.2479	1.4886	12.4704	161.1362	0.7317	0.7212
0.031	 1	3.1	10.518	0.0	108.1553	1.5027	14.2869	162.5252	0.7235	0.5656
0.041	 1	4.1	10.48	0.0	107.7646	1.4687	15.3385	158.2752	0.7432	0.4961
0.051	 1	5.1	10.048	0.0009	1510.069	1.5508	18.3363	2341.766	0.6956	0.4646
0.061	 1	6.1	10.013	0.0125	1489.808	1.5944	19.5513	2375.281	0.6703	0.4507
0.071	 1	7.1	9.951	0.0063	1477.067	1.5712	18.8582	2320.839	0.6837	0.4437
0.081	 1	8.1	9.913	0.0055	1472.082	1.5671	20.1277	2306.844	0.6862	0.4438
0.091	 1	9.1	9.901	0.0071	1472.049	1.5308	19.1353	2253.449	0.7072	0.4456
0.101	 1	10.1	9.89	0.0079	1465.837	1.563	19.1971	2291.047	0.6885	0.4471
0.111	 1	11.1	9.896	0.0054	1469.776	1.5541	19.1634	2284.128	0.6937	0.4487
0.121	 1	12.1	9.901	0.0098	1453.251	1.57	20.1984	2281.652	0.6844	0.451
0.131	 1	13.1	9.901	0.0055	1462.482	1.5655	19.1353	2289.496	0.6871	0.4532
0.141	 1	14.1	9.906	0.0068	1470.169	1.561	20.1689	2294.889	0.6897	0.4569
0.151	 1	15.1	9.909	0.0063	1457.42	1.557	20.1512	2269.273	0.692	0.4621
0.161	 1	16.1	9.912	0.0031	1467.792	1.5513	21.1932	2276.976	0.6953	0.4679
0.171	 1	17.1	9.911	0.0088	1471.348	1.5358	21.1994	2259.628	0.7043	0.4728
0.181	 1	18.1	9.916	0.0018	1457.378	1.5412	22.2269	2246.15	0.7011	0.4774
0.191	 1	19.1	9.916	0.0012	1469.037	1.615	23.2853	2372.451	0.6584	0.4807
0.201	 1	20.1	9.915	0.0099	1464.333	1.5963	23.2921	2337.496	0.6692	0.4836
0.211	 1	21.1	9.909	0.0201	1463.879	1.6262	23.333	2380.603	0.6518	0.4836
0.221	 1	22.1	9.901	0.0165	1457.959	1.6326	24.4507	2380.325	0.6481	0.479
0.231	 1	23.1	9.919	0.0135	1465.79	1.6642	24.3224	2439.413	0.6298	0.4744
0.241	 1	24.1	9.908	0.0169	1463.732	1.6515	24.4007	2417.4	0.6372	0.4721
0.251	 1	25.1	9.914	0.0401	1459.229	1.6308	23.2989	2379.688	0.6492	0.4706
0.261	 1	26.1	9.914	0.0342	1461.38	1.6654	23.2989	2433.727	0.6291	0.4671
0.271	 1	27.1	9.918	0.0339	1459.388	1.6375	22.2139	2389.781	0.6453	0.462
0.281	 1	28.1	9.923	0.0328	1460.553	1.5994	21.1253	2336.011	0.6674	0.4564
0.291	 1	29.1	9.929	0.0175	1459.718	1.5957	21.0883	2329.248	0.6696	0.4538
0.301	 1	30.1	9.941	0.0168	1460.408	1.6042	22.0654	2342.842	0.6646	0.4643
0.311	 1	31.1	9.945	0.0123	1464.87	1.6111	20.9902	2360.048	0.6606	0.4906
0.321	 1	32.1	9.951	0.0118	1472.695	1.6404	22.0013	2415.771	0.6436	0.5036
0.331	 1	33.1	9.951	0.0133	1464.89	1.6236	20.9536	2378.383	0.6534	0.5143
0.341	 1	34.1	9.951	0.0137	1470.084	1.6347	19.9059	2403.082	0.647	0.5218
0.351	 1	35.1	9.951	0.0244	1466.618	1.6464	20.9536	2414.656	0.6401	0.5235
0.361	 1	36.1	9.954	0.0226	1464.254	1.6772	19.8885	2455.845	0.6223	0.5226
0.371	 1	37.1	9.956	0.0148	1456.62	1.6373	19.877	2384.867	0.6454	0.5217
0.381	 1	38.1	9.957	0.0127	1463.404	1.6114	19.8712	2358.11	0.6604	0.5219
0.391	 1	39.1	9.956	0.0286	1459.396	1.609	18.8308	2348.225	0.6618	0.5232
0.401	 1	40.1	9.946	0.0448	1453.031	1.6112	18.8857	2341.146	0.6605	0.5228
0.411	 1	41.1	9.946	0.0205	1456.436	1.6315	18.8857	2376.161	0.6488	0.5207
0.421	 1	42.1	9.941	0.0216	1452.725	1.6244	18.9132	2359.773	0.6529	0.5198
0.431	 1	43.1	9.934	0.0203	1451.066	1.6123	18.9518	2339.588	0.6599	0.5359
0.441	 1	44.1	9.933	0.0206	1453.893	1.6362	17.9042	2378.847	0.6461	0.5634
0.451	 1	45.1	9.931	0.018	1452.538	1.642	17.9146	2385.003	0.6427	0.561
0.461	 1	46.1	9.919	0.0469	1452.269	1.6268	17.9774	2362.622	0.6515	0.5576
0.471	 1	47.1	9.925	0.0524	1454.212	1.6155	17.946	2349.226	0.6581	0.5528
0.481	 1	48.1	9.928	0.0505	1452.949	1.645	17.9303	2390.155	0.6409	0.5496
0.491	 1	49.1	9.968	0.0303	1456.671	1.6322	17.7228	2377.51	0.6484	0.5441
0.501	 1	50.1	9.981	0.0299	1457.293	1.6458	17.656	2398.388	0.6405	0.5403
0.511	 1	51.1	9.988	0.0327	1457.039	1.6334	17.6203	2379.987	0.6477	0.5474
0.521	 1	52.1	10.017	0.0363	1454.057	1.6433	16.4452	2389.487	0.6419	0.541
0.531	 1	53.1	10.042	0.0335	1451.576	1.605	17.3475	2329.734	0.6642	0.542
0.541	 1	54.1	10.109	0.0054	1461.683	1.6136	17.0173	2358.583	0.6592	0.5446
0.551	 1	55.1	10.267	0.0017	1463.37	1.5788	15.3152	2310.413	0.6793	0.5523
0.561	 1	56.1	10.256	0.0028	1458.268	1.6149	15.3626	2355.01	0.6584	0.5609
0.571	 1	57.1	10.246	0.0009	1446.766	1.6349	15.4059	2365.303	0.6468	0.5762
0.581	 1	58.1	10.237	0.0015	1477.201	1.6259	15.445	2401.841	0.652	0.5988
0.591	 1	59.1	10.202	0.0012	1464.542	1.6144	14.6234	2364.319	0.6587	0.6389
0.601	 1	60.1	10.191	0.0013	1476.743	1.6076	14.669	2374.068	0.6626	0.7145
0.611	 1	61.1	10.167	0.0227	1462.457	1.598	14.7692	2336.97	0.6682	0.8716
0.621	 1	62.1	10.181	0.0397	1468.272	1.6081	13.7299	2361.115	0.6624	1.1646
0.631	 1	63.1	10.458	0.0027	1485.089	1.5557	12.7082	2310.324	0.6928	1.535
0.641	 1	64.1	10.556	0.0003	1400.371	0.8147	11.4885	1140.872	1.1226	1.7155
0.651	 2	0.5	10.571	0.0	108.7003	1.3714	11.4418	149.0714	0.7997	1.5006
0.661	 2	1.5	10.576	0.0	108.7518	1.4973	12.3052	162.8331	0.7266	1.142
0.671	 2	2.5	10.552	0.0	108.505	1.5216	12.3857	165.0989	0.7125	0.8656
0.681	 2	3.5	10.519	0.0	108.1656	1.5461	13.3903	167.2369	0.6983	0.7051
0.691	 2	4.5	10.371	0.0	106.6438	1.5734	13.0173	167.7926	0.6825	0.6206
0.701	 2	5.5	9.993	0.0088	1457.343	1.6473	14.4898	2400.638	0.6396	0.5754
0.711	 2	6.5	9.943	0.0159	1452.381	1.6417	14.7017	2384.365	0.6429	0.5497
0.721	 2	7.5	9.889	0.0125	1447.665	1.6135	14.9354	2335.821	0.6592	0.5347
0.731	 2	8.5	9.879	0.0375	1451.3	1.6264	14.9793	2360.341	0.6518	0.528
0.741	 2	9.5	9.876	0.0356	1444.916	1.6317	14.9925	2357.616	0.6487	0.5244
0.751	 2	10.5	9.877	0.0276	1445.908	1.6472	14.9881	2381.686	0.6397	0.525
0.761	 2	11.5	9.879	0.0412	1449.809	1.6312	13.9093	2364.882	0.649	0.5268
0.771	 2	12.5	9.877	0.035	1445.908	1.6301	13.9175	2356.949	0.6496	0.5241
0.781	 2	13.5	9.883	0.0226	1443.828	1.6137	14.9617	2329.835	0.6591	0.5194
0.791	 2	14.5	9.886	0.0279	1446.802	1.5905	13.8808	2301.209	0.6725	0.5125
0.801	 2	15.5	9.894	0.0148	1439.965	1.5942	13.8483	2295.567	0.6704	0.5074
0.811	 2	16.5	9.903	0.0154	1444.428	1.5848	13.8119	2289.167	0.6759	0.5058
0.821	 2	17.5	9.91	0.0281	1448.83	1.6165	13.7836	2342.045	0.6575	0.5078
0.831	 2	18.5	9.915	0.0621	1446.39	1.6275	13.7635	2354.006	0.6511	0.5104
0.841	 2	19.5	9.92	0.0503	1441.441	1.6085	13.7434	2318.511	0.6621	0.5092
0.851	 2	20.5	9.925	0.0401	1443.636	1.6152	14.779	2331.737	0.6582	0.5061
0.861	 2	21.5	9.93	0.0429	1447.1	1.6124	14.7575	2333.325	0.6599	0.4998
0.871	 2	22.5	9.936	0.0277	1442.718	1.6056	13.6795	2316.427	0.6638	0.4953
0.881	 2	23.5	9.941	0.0137	1447.227	1.6115	13.6595	2332.158	0.6604	0.4909
0.891	 2	24.5	9.936	0.012	1449.876	1.6306	13.6795	2364.131	0.6493	0.4895
0.901	 2	25.5	9.94	0.0097	1450.883	1.6379	14.7146	2376.392	0.6451	0.489
0.911	 2	26.5	9.929	0.0129	1443.588	1.6498	14.7618	2381.59	0.6382	0.488
0.921	 2	27.5	9.934	0.0157	1439.293	1.6544	14.7403	2381.223	0.6355	0.4869
0.931	 2	28.5	9.945	0.0314	1450.131	1.6465	14.6931	2387.699	0.6401	0.4874
0.941	 2	29.5	9.95	0.0698	1449.592	1.6556	14.6718	2399.875	0.6348	0.4901
0.951	 2	30.5	9.939	0.051	1446.304	1.6452	13.6675	2379.501	0.6408	0.4967
0.961	 2	31.5	9.946	0.0592	1451.547	1.6446	14.6889	2387.282	0.6412	0.5047
0.971	 2	32.5	9.944	0.031	1447.031	1.641	14.6974	2374.514	0.6433	0.5052
0.981	 2	33.5	9.944	0.0202	1446.821	1.6355	14.6974	2366.306	0.6464	0.5026
0.991	 2	34.5	9.951	0.013	1439.046	1.6143	14.6675	2323.074	0.6587	0.5037
1.001	 2	35.5	9.949	0.011	1437.925	1.6262	14.6761	2338.322	0.6519	0.5102
1.011	 2	36.5	9.961	0.0136	1440.492	1.6333	14.6249	2352.755	0.6477	0.5257
1.021	 2	37.5	9.961	0.0096	1439.451	1.6273	15.6696	2342.465	0.6512	0.5439
1.031	 2	38.5	9.961	0.0199	1448.241	1.6347	14.6249	2367.476	0.6469	0.5631
1.041	 2	39.5	9.961	0.019	1441.117	1.6299	14.6249	2348.856	0.6497	0.579
1.051	 2	40.5	9.961	0.0141	1440.492	1.6327	15.6696	2351.934	0.6481	0.5875
1.061	 2	41.5	9.957	0.0089	1353.405	1.6328	15.6878	2209.862	0.648	0.5921
1.071	 2	42.5	9.961	0.0075	1353.397	1.6701	15.6696	2260.318	0.6264	0.5933
1.081	 2	43.5	9.952	0.0042	1323.228	1.6405	15.7106	2170.751	0.6436	0.5932
1.091	 2	44.5	9.951	0.0065	1216.355	1.6315	15.7152	1984.512	0.6488	0.5913
1.101	 2	45.5	9.951	0.0054	1226.248	1.6315	15.7152	2000.652	0.6488	0.5938
1.111	 2	46.5	9.944	0.0048	1225.687	1.6264	15.7472	1993.495	0.6517	0.5966
1.121	 2	47.5	9.941	0.003	1217.663	1.6417	15.761	1999.083	0.6428	0.5998
1.131	 2	48.5	9.952	0.0027	1161.802	1.6382	16.758	1903.271	0.6449	0.6016
1.141	 2	49.5	9.955	0.0053	1164.055	1.6386	15.6969	1907.385	0.6447	0.6017
1.151	 2	50.5	9.951	0.0044	1161.686	1.6444	15.7152	1910.271	0.6413	0.6013
1.161	 2	51.5	9.954	0.0037	1165.028	1.6488	16.7483	1920.9	0.6387	0.6036
1.171	 2	52.5	9.959	0.006	1161.535	1.6319	15.6787	1895.531	0.6485	0.6066
1.181	 2	53.5	9.969	0.0033	1163.651	1.6472	15.6332	1916.75	0.6397	0.6094
1.191	 2	54.5	9.982	0.003	1171.321	1.6448	16.6126	1926.534	0.6411	0.6134
1.201	 2	55.5	9.997	0.0036	1232.524	1.6423	16.5406	2024.155	0.6425	0.6174
1.211	 2	56.5	10.003	0.006	1234.177	1.6442	16.5119	2029.209	0.6414	0.6211
1.221	 2	57.5	10.007	0.0047	1225.597	1.6458	16.4928	2017.128	0.6405	0.6195
1.231	 2	58.5	10.015	0.0026	1227.93	1.6231	16.4547	1993.026	0.6537	0.6196
1.241	 2	59.5	10.017	0.0029	1226.371	1.6341	16.4452	2004.053	0.6473	0.6205
1.251	 2	60.5	10.012	0.0099	1356.272	1.6593	16.469	2250.403	0.6327	0.6208
1.261	 2	61.5	10.001	0.0394	1461.066	1.6584	15.4889	2423.103	0.6332	0.6209
1.271	 2	62.5	9.99	0.063	1452.88	1.6507	15.5383	2398.212	0.6377	0.6242
1.281	 2	63.5	9.991	0.0542	1454.294	1.6482	15.5338	2396.937	0.6391	0.6269
1.291	 2	64.5	9.985	0.0415	1452.998	1.6471	15.5608	2393.297	0.6397	0.6319
1.301	 2	65.5	9.979	0.0428	1455.301	1.6606	15.5879	2416.732	0.6319	0.6372
1.311	 2	66.5	9.97	0.0305	1453.353	1.6548	16.6706	2405.073	0.6352	0.6433
1.321	 2	67.5	9.962	0.0332	1456.22	1.6507	16.7093	2403.721	0.6377	0.6413
1.331	 2	68.5	9.962	0.0373	1453.882	1.655	16.7093	2406.19	0.6351	0.6377
1.341	 2	69.5	9.956	0.021	1448.567	1.6514	16.7385	2392.109	0.6373	0.6331
1.351	 2	70.5	9.948	0.011	1446.561	1.6492	16.7775	2385.694	0.6385	0.6289
1.361	 2	71.5	9.943	0.0087	1344.012	1.672	16.802	2247.122	0.6253	0.6257
1.371	 2	72.5	9.935	0.0137	1453.335	1.6551	16.8412	2405.479	0.6351	0.6255
1.381	 2	73.5	9.934	0.0175	1457.667	1.6649	16.8461	2426.922	0.6294	0.626
1.391	 2	74.5	9.923	0.0191	1452.43	1.6528	16.9002	2400.566	0.6364	0.6216
1.401	 2	75.5	9.917	0.0165	1453.04	1.6646	16.9298	2418.682	0.6296	0.6191
1.411	 2	76.5	9.918	0.0136	1345.726	1.6679	16.9249	2244.557	0.6277	0.613
1.421	 2	77.5	9.912	0.0115	1455.934	1.6722	16.9546	2434.555	0.6252	0.6096
1.431	 2	78.5	9.903	0.0192	1454.612	1.6755	18.0617	2437.131	0.6233	0.6049
1.441	 2	79.5	9.904	0.0226	1449.649	1.6703	16.9943	2421.309	0.6263	0.6024
1.451	 2	80.5	9.904	0.037	1456.471	1.698	18.0564	2473.024	0.6102	0.6034
1.461	 2	81.5	9.9	0.0835	1456.739	1.6878	17.0142	2458.741	0.6161	0.6065
1.471	 2	82.5	9.896	0.083	1453.584	1.6775	18.0987	2438.42	0.6221	0.614
1.481	 2	83.5	9.896	0.0814	1449.751	1.6684	17.0341	2418.753	0.6274	0.6226
1.491	 2	84.5	9.897	0.0687	1448.836	1.6741	17.0291	2425.504	0.6241	0.6279
1.501	 2	85.5	9.891	0.0584	1447.322	1.6713	18.1253	2418.897	0.6257	0.6346
1.511	 2	86.5	9.893	0.054	1447.191	1.6745	18.1146	2423.303	0.6238	0.6403
1.521	 2	87.5	9.891	0.0368	1450.506	1.7108	18.1253	2481.534	0.6028	0.6411
1.531	 2	88.5	9.896	0.0328	1454.011	1.706	19.1634	2480.525	0.6056	0.6451
1.541	 2	89.5	9.891	0.0335	1454.559	1.709	19.1914	2485.809	0.6038	0.6291
1.551	 2	90.5	9.89	0.0534	1458.702	1.7217	18.1306	2511.447	0.5965	0.6327
1.561	 2	91.5	9.891	0.0494	1461.22	1.7518	20.2576	2559.758	0.579	0.6385
1.571	 2	92.5	9.887	0.0458	1463.007	1.7617	20.2814	2577.409	0.5732	0.6482
1.581	 2	93.5	9.89	0.044	1460.641	1.7756	21.3301	2593.569	0.5652	0.6586
1.591	 2	94.5	9.891	0.0463	1464.465	1.7661	20.2576	2586.427	0.5707	0.6657
1.601	 2	95.5	9.89	0.0612	1469.539	1.7982	21.3301	2642.482	0.5521	0.6675
1.611	 2	96.5	9.891	0.0501	1472.313	1.7977	20.2576	2646.716	0.5524	0.6649
1.621	 2	97.5	9.898	0.0514	1472.478	1.7882	20.2162	2633.055	0.5579	0.661
1.631	 2	98.5	9.897	0.0401	1471.016	1.7861	19.1578	2627.342	0.5591	0.6566
1.641	 2	99.5	9.906	0.0518	1469.951	1.7612	19.1074	2588.895	0.5735	0.6512
1.651	 2	100.5	9.917	0.0503	1468.75	1.758	17.9879	2582.037	0.5754	0.6477
1.661	 2	101.5	9.911	0.0639	1472.441	1.7667	16.9595	2601.4	0.5703	0.6428
1.671	 2	102.5	9.911	0.0752	1468.732	1.7878	16.9595	2625.792	0.5581	0.6392
1.681	 2	103.5	9.921	0.0562	1469.342	1.7831	15.8532	2619.918	0.5609	0.6379
1.691	 2	104.5	9.915	0.0416	1473.035	1.7845	14.8223	2628.573	0.5601	0.636
1.701	 2	105.5	9.912	0.0647	1467.358	1.7446	14.8353	2559.975	0.5832	0.6326
1.711	 2	106.5	9.92	0.0561	1467.022	1.7426	13.7434	2556.403	0.5844	0.6237
1.721	 2	107.5	9.919	0.0953	1467.091	1.7318	12.69	2540.722	0.5906	0.6118
1.731	 2	108.5	9.909	0.0367	1458.707	1.7031	12.7271	2484.388	0.6072	0.6011
1.741	 2	109.5	9.909	0.0393	1461.72	1.7224	12.7271	2517.666	0.5961	0.5933
1.751	 2	110.5	9.914	0.0733	1458.799	1.7062	11.6495	2489.045	0.6054	0.5899
1.761	 2	111.5	9.915	0.0726	1456.803	1.7064	10.5873	2485.831	0.6054	0.5901
1.771	 2	112.5	9.913	0.0606	1454.585	1.7043	11.6529	2479.013	0.6066	0.5935
1.781	 2	113.5	9.919	0.0365	1456.748	1.7011	10.575	2478.109	0.6084	0.5979
1.791	 2	114.5	9.919	0.0501	1456.107	1.6849	10.575	2453.401	0.6178	0.5981
1.801	 2	115.5	9.919	0.0509	1453.333	1.681	9.5175	2443.104	0.62	0.5921
1.811	 2	116.5	9.923	0.0389	1456.053	1.6953	9.5064	2468.458	0.6118	0.5866
1.821	 2	117.5	9.926	0.0398	1454.572	1.7096	9.498	2486.8	0.6035	0.5824
1.831	 2	118.5	9.925	0.0295	1458.915	1.7086	9.5008	2492.697	0.6041	0.5805
1.841	 2	119.5	9.934	0.0406	1460.238	1.7022	9.4759	2485.598	0.6078	0.5739
1.851	 2	120.5	9.941	0.0403	1455.064	1.6744	10.5073	2436.293	0.6239	0.5735
1.861	 2	121.5	9.943	0.0637	1454.505	1.6874	9.4511	2454.333	0.6164	0.5757
1.871	 2	122.5	9.946	0.0654	1452.819	1.6741	9.4428	2432.17	0.6241	0.5767
1.881	 2	123.5	9.952	0.0626	1449.039	1.659	9.4264	2403.961	0.6328	0.5762
1.891	 2	124.5	9.963	0.0475	1453.392	1.6891	9.3963	2454.926	0.6154	0.5716
1.901	 2	125.5	9.966	0.0487	1455.315	1.6758	8.345	2438.776	0.6231	0.5882
1.911	 2	126.5	9.973	0.0392	1457.828	1.6672	8.328	2430.513	0.6281	0.5913
1.921	 2	127.5	9.974	0.0578	1460.108	1.6851	9.3663	2460.491	0.6177	0.6232
1.931	 2	128.5	9.982	0.0485	1458.291	1.6862	9.3446	2458.949	0.6171	0.6254
1.941	 2	129.5	9.986	0.0536	1452.509	1.6398	8.2967	2381.795	0.644	0.6292
1.951	 2	130.5	9.995	0.0442	1454.241	1.6754	8.2751	2436.366	0.6233	0.6292
1.961	 2	131.5	10.001	0.0334	1461.28	1.672	8.2607	2443.226	0.6253	0.6288
1.971	 2	132.5	10.011	0.0378	1456.357	1.6286	8.2369	2371.751	0.6505	0.6303
1.981	 2	133.5	10.021	0.0244	1456.964	1.6584	8.2131	2416.159	0.6332	0.63
1.991	 2	134.5	10.027	0.0207	1462.301	1.6659	8.1989	2436.006	0.6288	0.6355
2.001	 2	135.5	10.05	0.0256	1462.669	1.6466	8.1448	2408.413	0.64	0.6392
2.011	 2	136.5	10.113	0.0166	1463.531	1.6186	6.9991	2368.901	0.6563	0.6496
2.021	 2	137.5	10.093	0.0114	1459.792	1.6221	8.0449	2367.945	0.6542	0.6597
2.031	 2	138.5	10.32	0.0	106.1193	1.5862	7.5448	168.3216	0.6751	0.6732
2.041	 2	139.5	10.338	0.0029	1475.803	1.614	7.507	2382.01	0.6589	0.6901
2.051	 2	140.5	10.287	0.0002	1461.221	1.6841	9.5184	2460.777	0.6183	0.7118
2.061	 2	141.5	10.305	0.0014	1480.604	1.7007	9.4706	2518.095	0.6086	0.7424
2.071	 2	142.5	10.285	0.0024	1488.854	1.7616	9.5238	2622.826	0.5733	0.7996
2.081	 2	143.5	10.239	0.0057	1517.114	1.8172	9.6477	2756.967	0.541	0.9043
2.091	 2	144.5	10.232	0.0127	1514.505	1.8219	10.6334	2759.323	0.5383	1.1116
2.101	 2	145.5	10.263	0.0107	1520.67	1.8499	9.5827	2813.135	0.5221	1.5031
2.111	 2	146.5	10.474	0.0003	1539.162	1.7782	9.9412	2736.865	0.5637	1.9886
2.121	 3	0.0	10.572	0.0	108.7106	0.9482	9.6789	103.0818	1.0451	2.2446
2.131	 3	1.0	10.638	0.0	109.3893	1.6919	9.5077	185.0719	0.6138	1.9894
2.141	 3	2.0	10.619	0.0	109.1939	1.7037	10.4253	186.0339	0.6069	1.5965
2.151	 3	3.0	10.588	0.0	108.8752	1.703	10.5131	185.4145	0.6073	1.2759
2.161	 3	4.0	10.52	0.0	108.1759	1.702	11.6018	184.118	0.6079	1.0823
2.171	 3	5.0	10.101	0.0	103.8674	1.8011	13.043	187.0737	0.5504	0.9754
2.181	 3	6.0	9.957	0.0	102.3867	1.8302	14.6419	187.3876	0.5335	0.9123
2.191	 3	7.0	9.874	0.0001	784.7095	1.8289	16.0728	1435.119	0.5343	0.8751
2.201	 3	8.0	9.885	0.0002	1095.412	1.8177	17.0891	1991.152	0.5408	0.8545
2.211	 3	9.0	9.879	0.0004	1070.198	1.8276	17.1192	1955.883	0.535	0.8384
2.221	 3	10.0	9.879	0.0009	1088.475	1.8662	17.1192	2031.272	0.5127	0.829
2.231	 3	11.0	9.88	0.001	1197.286	1.9158	18.1838	2293.722	0.4839	0.822
2.241	 3	12.0	9.885	0.0017	1286.942	1.8948	19.2252	2438.551	0.496	0.8124
2.251	 3	13.0	9.885	0.0033	1292.326	1.8633	19.2252	2407.966	0.5143	0.803
2.261	 3	14.0	9.885	0.0032	1280.606	1.8316	20.2933	2345.516	0.5327	0.7964
2.271	 3	15.0	9.891	0.0037	1272.154	1.8496	20.2576	2353.028	0.5223	0.7905
2.281	 3	16.0	9.893	0.0061	1491.707	1.8444	21.3113	2751.364	0.5253	0.7883
2.291	 3	17.0	9.896	0.0115	1501.214	1.8658	22.3573	2800.903	0.5129	0.7843
2.301	 3	18.0	9.905	0.0283	1498.487	1.87	22.2985	2802.226	0.5104	0.7809
2.311	 3	19.0	9.91	0.0283	1499.244	1.8919	22.2659	2836.354	0.4978	0.7737
2.321	 3	20.0	9.915	0.0269	1504.781	1.8749	23.2921	2821.248	0.5076	0.76
2.331	 3	21.0	9.92	0.0239	1511.734	1.8853	23.2581	2850.062	0.5016	0.7538
2.341	 3	22.0	9.931	0.0419	1510.648	1.8701	22.1298	2825.018	0.5104	0.7532
2.351	 3	23.0	9.932	0.0337	1503.709	1.883	24.2303	2831.507	0.5029	0.7542
2.361	 3	24.0	9.94	0.0289	1505.604	1.8923	24.1739	2848.986	0.4975	0.7547
2.371	 3	25.0	9.929	0.0348	1500.529	1.8631	24.2515	2795.574	0.5145	0.7513
2.381	 3	26.0	9.935	0.036	1496.911	1.8693	24.2092	2798.202	0.5108	0.745
2.391	 3	27.0	9.935	0.0392	1492.414	1.8563	24.2092	2770.43	0.5184	0.7383
2.401	 3	28.0	9.937	0.0414	1490.029	1.8407	25.247	2742.747	0.5274	0.7317
2.411	 3	29.0	9.94	0.0286	1489.585	1.8585	25.225	2768.466	0.5171	0.7301
2.421	 3	30.0	9.94	0.0294	1494.737	1.8638	26.276	2785.895	0.514	0.7267
2.431	 3	31.0	9.929	0.0207	1501.209	1.9005	26.3604	2853.045	0.4928	0.7326
2.441	 3	32.0	9.932	0.0201	1507.361	1.9003	26.3373	2864.417	0.4929	0.7403
2.451	 3	33.0	9.928	0.0394	1498.114	1.8521	26.3681	2774.629	0.5208	0.75
2.461	 3	34.0	9.925	0.0331	1487.783	1.8344	26.3911	2729.169	0.5311	0.7576
2.471	 3	35.0	9.933	0.0431	1487.199	1.8518	27.3828	2754.059	0.521	0.7665
2.481	 3	36.0	9.925	0.0355	1488.452	1.8614	27.4468	2770.541	0.5155	0.7734
2.491	 3	37.0	9.942	0.033	1497.515	1.8645	27.3111	2792.089	0.5136	0.7816
2.501	 3	38.0	9.931	0.0306	1506.294	1.9088	27.3988	2875.289	0.4879	0.791
2.511	 3	39.0	9.937	0.0231	1518.026	1.9143	27.3509	2905.941	0.4848	0.8036
2.521	 3	40.0	9.948	0.0226	1520.868	1.943	28.312	2955.119	0.4681	0.8162
2.531	 3	41.0	9.938	0.0236	1520.967	1.927	28.3946	2930.942	0.4774	0.8349
2.541	 3	42.0	9.949	0.0408	1524.284	1.9142	28.3038	2917.759	0.4848	0.8475
2.551	 3	43.0	9.944	0.0248	1518.168	1.9367	29.3948	2940.21	0.4718	0.8562
2.561	 3	44.0	9.934	0.0252	1520.355	1.9046	29.4806	2895.708	0.4904	0.8564
2.571	 3	45.0	9.943	0.0249	1515.47	1.9433	29.4034	2944.968	0.4679	0.854
2.581	 3	46.0	9.927	0.0138	1524.885	1.9438	29.5408	2964.012	0.4677	0.855
2.591	 3	47.0	9.932	0.0272	1523.079	1.9061	29.4978	2903.146	0.4895	0.8594
2.601	 3	48.0	9.937	0.0314	1506.291	1.8921	28.4029	2850.06	0.4976	0.8625
2.611	 3	49.0	9.937	0.0371	1505.378	1.895	28.4029	2852.675	0.4959	0.8644
2.621	 3	50.0	9.94	0.0222	1508.346	1.9148	28.3781	2888.201	0.4844	0.8678
2.631	 3	51.0	9.936	0.0283	1516.484	1.92	27.3589	2911.656	0.4814	0.8664
2.641	 3	52.0	9.94	0.023	1522.205	1.9281	27.327	2935.001	0.4767	0.8622
2.651	 3	53.0	9.941	0.0264	1526.098	1.9376	27.3191	2957.031	0.4712	0.8642
2.661	 3	54.0	9.951	0.0384	1527.398	1.9515	26.192	2980.79	0.4631	0.8615
2.671	 3	55.0	9.95	0.029	1527.245	1.9556	26.1996	2986.606	0.4608	0.8679
2.681	 3	56.0	9.961	0.0201	1546.019	1.9859	26.1159	3070.181	0.4432	0.8723
2.691	 3	57.0	9.965	0.0106	1606.74	2.0088	26.0856	3227.678	0.4299	0.8811
2.701	 3	58.0	9.971	0.0103	1611.605	1.9652	26.0402	3167.159	0.4552	0.9277
2.711	 3	59.0	9.981	0.0304	1547.922	1.9254	25.9648	2980.372	0.4783	0.9274
2.721	 3	60.0	9.973	0.0287	1519.811	1.9401	26.0251	2948.523	0.4698	0.927
2.731	 3	61.0	9.979	0.0163	1521.421	1.8877	27.019	2872.036	0.5002	0.9245
2.741	 3	62.0	9.982	0.0306	1512.883	1.9024	26.9955	2878.067	0.4917	0.9143
2.751	 3	63.0	9.986	0.0228	1511.885	1.894	26.9642	2863.487	0.4965	0.9098
2.761	 3	64.0	9.989	0.0188	1509.14	1.9047	26.9408	2874.444	0.4903	0.9021
2.771	 3	65.0	9.991	0.0179	1513.329	1.9377	26.9252	2932.367	0.4712	0.8979
2.781	 3	66.0	10.006	0.0126	1522.751	1.9206	26.8086	2924.583	0.4811	0.9034
2.791	 3	67.0	10.043	0.012	1523.051	1.9084	26.5239	2906.515	0.4882	0.9082
2.801	 3	68.0	10.059	0.0078	1526.172	1.9142	25.3866	2921.354	0.4848	0.92
2.811	 3	69.0	10.326	0.0011	1542.576	1.8792	23.5381	2898.824	0.5051	0.9387
2.821	 3	70.0	10.304	0.0	105.9548	1.8943	23.6831	200.7078	0.4964	0.9699
2.831	 3	71.0	10.314	0.0	106.0576	1.9073	23.617	202.2882	0.4888	1.0322
2.841	 3	72.0	10.329	0.0	106.2119	1.9095	22.5776	202.8065	0.4876	1.1426
2.851	 3	73.0	10.292	0.0	105.8314	1.9209	21.8618	203.2871	0.4809	1.3533
2.861	 3	74.0	10.225	0.0	105.1425	1.9419	21.3088	204.1733	0.4688	1.717
2.871	 3	75.0	10.247	0.0001	1514.484	1.9247	20.2145	2914.977	0.4787	2.2347
2.881	 3	76.0	10.452	0.0	107.4767	1.7944	18.1846	192.8598	0.5543	2.6955
2.891	 3	77.0	10.562	0.0	108.6078	0.4783	15.8813	51.9471	1.3177	2.8649
2.901	 4	0.6	10.636	0.0	109.3687	0.6934	16.4312	75.836	1.1929	2.6863
2.911	 4	1.6	10.644	0.0	109.451	1.7793	17.2588	194.744	0.5631	2.2639
2.921	 4	2.6	10.626	0.0	109.2659	1.8484	17.3427	201.9704	0.523	1.7746
2.931	 4	3.6	10.605	0.0	109.05	1.8294	16.5693	199.4977	0.534	1.3874
2.941	 4	4.6	10.514	0.0	108.1142	1.8229	16.0903	197.0771	0.5378	1.1422
2.951	 4	5.6	10.119	0.0001	1460.384	1.8659	16.9687	2724.902	0.5128	1.0014
2.961	 4	6.6	10.054	0.0129	1518.731	1.8986	16.2708	2883.411	0.4939	0.9234
2.971	 4	7.6	9.939	0.0168	1505.225	1.9279	15.7702	2901.993	0.4768	0.8782
2.981	 4	8.6	9.934	0.03	1519.657	1.9189	14.7403	2916.095	0.4821	0.8517
2.991	 4	9.6	9.923	0.0329	1513.575	1.9502	13.7314	2951.795	0.4639	0.84
3.001	 4	10.6	9.901	0.0271	1515.073	1.9474	12.7569	2950.385	0.4656	0.8326
3.011	 4	11.6	9.895	0.0255	1519.269	1.9706	11.7144	2993.945	0.4521	0.8239
3.021	 4	12.6	9.895	0.0239	1524.888	1.9347	10.6494	2950.13	0.4729	0.8232
3.031	 4	13.6	9.896	0.0432	1518.723	1.9315	9.5817	2933.382	0.4748	0.824
3.041	 4	14.6	9.895	0.0333	1509.995	1.9016	9.5845	2871.382	0.4921	0.8176
3.051	 4	15.6	9.894	0.04	1507.772	1.9208	9.5873	2896.077	0.481	0.8135
3.061	 4	16.6	9.89	0.0306	1513.621	1.9241	9.5985	2912.396	0.479	0.8063
3.071	 4	17.6	9.896	0.0543	1517.559	1.9356	9.5817	2937.352	0.4724	0.802
3.081	 4	18.6	9.896	0.0371	1515.931	1.9586	8.517	2969.07	0.4591	0.7945
3.091	 4	19.6	9.895	0.0309	1518.337	1.944	8.5195	2951.669	0.4675	0.7864
3.101	 4	20.6	9.909	0.0184	1521.886	1.9312	8.4847	2939.029	0.475	0.7867
3.111	 4	21.6	9.913	0.0311	1518.536	1.8949	8.4748	2877.446	0.496	0.7885
3.121	 4	22.6	9.927	0.0343	1505.46	1.9012	9.4953	2862.245	0.4923	0.7899
3.131	 4	23.6	9.938	0.037	1507.585	1.9112	8.4132	2881.239	0.4866	0.788
3.141	 4	24.6	9.954	0.0588	1510.7	1.914	8.3741	2891.414	0.4849	0.7869
3.151	 4	25.6	9.959	0.0383	1515.368	1.9451	8.362	2947.471	0.4669	0.7832
3.161	 4	26.6	9.929	0.0258	1517.036	1.9689	8.4353	2986.89	0.4531	0.7828
3.171	 4	27.6	9.936	0.0218	1525.33	1.9706	8.4181	3005.811	0.4521	0.7836
3.181	 4	28.6	9.939	0.0243	1528.372	1.9509	8.4108	2981.644	0.4635	0.7848
3.191	 4	29.6	9.94	0.0097	1534.424	1.9972	7.3573	3064.483	0.4367	0.7849
3.201	 4	30.6	9.941	0.0096	1545.073	1.9922	8.4059	3078.123	0.4395	0.7885
3.211	 4	31.6	9.941	0.0061	1563.05	2.0157	7.3551	3150.633	0.4259	0.7965
3.221	 4	32.6	9.94	0.0081	1549.977	1.9529	8.4083	3027.021	0.4623	0.7966
3.231	 4	33.6	9.941	0.0346	1513.32	1.9047	8.4059	2882.484	0.4903	0.7987
3.241	 4	34.6	9.941	0.027	1505.528	1.9066	8.4059	2870.386	0.4892	0.8004
3.251	 4	35.6	9.942	0.0399	1500.453	1.9086	8.4034	2863.71	0.4881	0.8013
3.261	 4	36.6	9.946	0.0284	1505.601	1.9166	8.3936	2885.636	0.4834	0.8105
3.271	 4	37.6	9.947	0.0387	1508.264	1.9065	8.3912	2875.518	0.4893	0.8195
3.281	 4	38.6	9.947	0.0366	1500.302	1.8834	9.4401	2825.651	0.5027	0.8328
3.291	 4	39.6	9.947	0.0332	1504.386	1.878	8.3912	2825.295	0.5058	0.8441
3.301	 4	40.6	9.975	0.0265	1503.844	1.8881	9.3636	2839.454	0.4999	0.8536
3.311	 4	41.6	9.976	0.012	1498.348	1.9201	8.3208	2876.911	0.4814	0.8617
3.321	 4	42.6	9.974	0.0214	1510.526	1.9032	9.3663	2874.786	0.4912	0.8668
3.331	 4	43.6	9.976	0.0226	1509.457	1.9057	9.3609	2876.584	0.4897	0.8756
3.341	 4	44.6	9.97	0.0367	1511.522	1.9135	9.3772	2892.234	0.4852	0.8809
3.351	 4	45.6	9.97	0.0372	1510.835	1.9183	9.3772	2898.16	0.4825	0.8823
3.361	 4	46.6	9.963	0.03	1510.69	1.9222	9.3963	2903.833	0.4802	0.8812
3.371	 4	47.6	9.967	0.0245	1511.984	1.9174	9.3854	2899.004	0.483	0.8807
3.381	 4	48.6	9.959	0.0253	1515.599	1.9338	9.4072	2930.813	0.4735	0.8768
3.391	 4	49.6	9.949	0.0107	1523.117	1.9676	9.4346	2996.941	0.4538	0.872
3.401	 4	50.6	9.957	0.016	1525.276	1.9289	8.3668	2942.141	0.4763	0.8639
3.411	 4	51.6	9.956	0.0158	1507.115	1.8863	9.4154	2842.93	0.501	0.8559
3.421	 4	52.6	9.956	0.0263	1496.468	1.857	9.4154	2778.878	0.518	0.8435
3.431	 4	53.6	9.971	0.0301	1491.995	1.8496	10.4161	2759.652	0.5223	0.8326
3.441	 4	54.6	9.975	0.0266	1492.816	1.8636	9.3636	2781.982	0.5142	0.8169
3.451	 4	55.6	9.973	0.0271	1494.306	1.8647	10.41	2786.369	0.5135	0.8211
3.461	 4	56.6	9.973	0.0354	1493.188	1.8749	9.369	2799.604	0.5076	0.8368
3.471	 4	57.6	9.981	0.024	1495.057	1.8502	10.3859	2766.181	0.5219	0.8843
3.481	 4	58.6	9.991	0.033	1498.126	1.8698	9.3203	2801.147	0.5106	0.8768
3.491	 4	59.6	9.993	0.0335	1495.51	1.8602	9.3149	2781.982	0.5161	0.8675
3.501	 4	60.6	10.003	0.0266	1497.007	1.8732	9.2879	2804.194	0.5086	0.8654
3.511	 4	61.6	10.012	0.0351	1497.681	1.8445	9.2638	2762.457	0.5252	0.8575
3.521	 4	62.6	10.021	0.0266	1488.783	1.8216	9.2398	2711.908	0.5385	0.8519
3.531	 4	63.6	10.026	0.0256	1485.113	1.822	9.2264	2705.894	0.5383	0.849
3.541	 4	64.6	10.026	0.0241	1484.673	1.8237	9.2264	2707.618	0.5373	0.8486
3.551	 4	65.6	10.032	0.037	1491.747	1.8243	9.2105	2721.432	0.5369	0.851
3.561	 4	66.6	10.062	0.0245	1488.682	1.8216	9.1313	2711.796	0.5385	0.8489
3.571	 4	67.6	10.093	0.0137	1490.182	1.8133	9.0505	2702.146	0.5433	0.8526
3.581	 4	68.6	10.301	0.0015	1499.418	1.7602	8.5331	2639.293	0.5741	0.8573
3.591	 4	69.6	10.301	0.0023	1498.981	1.7757	8.5331	2661.725	0.5651	0.8719
3.601	 4	70.6	10.275	0.0	105.6566	1.8	8.5955	190.1802	0.5511	0.907
3.611	 4	71.6	10.237	0.0003	1481.476	1.8077	7.7225	2678.043	0.5466	0.9734
3.621	 4	72.6	10.233	0.0	105.2247	1.8091	8.6976	190.3593	0.5458	1.1061
3.631	 4	73.6	10.214	0.0002	1494.805	1.8369	7.7727	2745.874	0.5296	1.3503
3.641	 4	74.6	10.23	0.0041	1502.423	1.8059	7.7377	2713.17	0.5476	1.7467
3.651	 4	75.6	10.387	0.001	1501.663	1.788	7.4055	2684.931	0.558	2.2275
3.661	 4	76.6	10.545	0.0	108.433	0.6663	7.091	72.2484	1.2086	2.5126
3.671	 5	0.2	10.552	0.0	108.505	0.7027	7.0776	76.2413	1.1876	2.4081
3.681	 5	1.2	10.581	0.0	108.8032	1.7555	6.1443	191.0063	0.5768	1.9974
3.691	 5	2.2	10.622	0.0	109.2248	1.7697	6.9446	193.3004	0.5686	1.543
3.701	 5	3.2	10.586	0.0	108.8546	1.769	7.0125	192.5671	0.569	1.2191
3.711	 5	4.2	10.524	0.0	108.2171	1.7825	8.0232	192.8965	0.5612	1.0221
3.721	 5	5.2	10.115	0.0068	1507.901	1.8271	8.9937	2755.057	0.5353	0.9139
3.731	 5	6.2	10.021	0.0052	1499.701	1.8408	9.2398	2760.583	0.5274	0.8515
3.741	 5	7.2	9.958	0.0103	1510.619	1.8434	9.4099	2784.662	0.5259	0.8196
3.751	 5	8.2	9.935	0.0446	1496.01	1.876	9.4731	2806.574	0.5069	0.8035
3.761	 5	9.2	9.935	0.0216	1502.344	1.869	9.4731	2807.828	0.511	0.7934
3.771	 5	10.2	9.936	0.025	1497.062	1.8695	9.4704	2798.73	0.5107	0.7884
3.781	 5	11.2	9.924	0.037	1491.434	1.8686	10.5595	2786.845	0.5113	0.786
3.791	 5	12.2	9.915	0.0332	1490.977	1.8493	10.5873	2757.276	0.5224	0.7829
3.801	 5	13.2	9.916	0.0364	1491.352	1.8543	9.5258	2765.448	0.5195	0.7772
3.811	 5	14.2	9.888	0.0325	1492.754	1.874	9.6042	2797.357	0.5081	0.7723
3.821	 5	15.2	9.89	0.0328	1499.166	1.8701	10.665	2803.522	0.5104	0.7695
3.831	 5	16.2	9.891	0.0277	1498.636	1.889	9.5957	2830.968	0.4994	0.7661
3.841	 5	17.2	9.898	0.0213	1499.697	1.8863	10.6401	2828.823	0.501	0.7627
3.851	 5	18.2	9.9	0.0319	1499.773	1.8497	10.6339	2774.11	0.5222	0.7586
3.861	 5	19.2	9.906	0.0325	1496.827	1.8649	10.6152	2791.473	0.5134	0.7557
3.871	 5	20.2	9.915	0.027	1499.093	1.8566	9.5286	2783.212	0.5182	0.7567
3.881	 5	21.2	9.916	0.0339	1495.851	1.8592	9.5258	2781.087	0.5167	0.7575
3.891	 5	22.2	9.921	0.036	1494.577	1.8681	10.5688	2791.983	0.5116	0.7552
3.901	 5	23.2	9.931	0.0308	1492.934	1.8543	10.538	2768.352	0.5195	0.7544
3.911	 5	24.2	9.933	0.0254	1490.77	1.8708	9.4787	2788.862	0.51	0.7512
3.921	 5	25.2	9.936	0.0234	1497.513	1.8737	9.4704	2805.927	0.5083	0.7491
3.931	 5	26.2	9.947	0.0428	1498.042	1.8674	9.4401	2797.466	0.5119	0.7496
3.941	 5	27.2	9.951	0.0267	1496.841	1.8624	10.4768	2787.783	0.5148	0.7516
3.951	 5	28.2	9.964	0.0274	1498.797	1.8692	9.3935	2801.499	0.5109	0.7556
3.961	 5	29.2	9.952	0.0254	1496.992	1.9132	9.4264	2864.103	0.4854	0.7577
3.971	 5	30.2	9.956	0.021	1499.849	1.8799	10.4616	2819.569	0.5047	0.7592
3.981	 5	31.2	9.957	0.0232	1505.671	1.8984	9.4127	2858.383	0.494	0.7686
3.991	 5	32.2	9.955	0.0243	1504.913	1.8901	9.4181	2844.469	0.4988	0.7746
4.001	 5	33.2	9.951	0.0184	1500.452	1.8819	9.4291	2823.727	0.5035	0.7797
4.011	 5	34.2	9.957	0.0211	1500.904	1.8596	9.4127	2791.037	0.5165	0.7868
4.021	 5	35.2	9.956	0.0227	1499.172	1.8721	9.4154	2806.574	0.5092	0.7876
4.031	 5	36.2	9.951	0.0195	1500.0	1.878	9.4291	2816.993	0.5058	0.7931
4.041	 5	37.2	9.954	0.0154	1507.04	1.9012	9.4209	2865.129	0.4924	0.8
4.051	 5	38.2	9.951	0.0203	1507.727	1.9039	9.4291	2870.592	0.4908	0.8029
4.061	 5	39.2	9.952	0.0312	1505.825	1.8778	9.4264	2827.649	0.5059	0.8053
4.071	 5	40.2	9.953	0.0292	1507.573	1.8766	9.4236	2829.038	0.5066	0.8081
4.081	 5	41.2	9.952	0.0344	1508.107	1.8983	9.4264	2862.807	0.494	0.8069
4.091	 5	42.2	9.948	0.0249	1502.492	1.8807	10.4859	2825.736	0.5042	0.8065
4.101	 5	43.2	9.948	0.0271	1504.082	1.8832	9.4373	2832.486	0.5028	0.8063
4.111	 5	44.2	9.953	0.026	1500.302	1.8596	10.4707	2789.986	0.5165	0.7993
4.121	 5	45.2	9.959	0.0278	1500.98	1.8876	9.4072	2833.198	0.5003	0.7943
4.131	 5	46.2	9.958	0.0362	1500.377	1.8678	9.4099	2802.432	0.5117	0.7913
4.141	 5	47.2	9.981	0.0445	1501.128	1.8848	10.3859	2829.385	0.5018	0.7872
4.151	 5	48.2	9.979	0.0191	1500.376	1.8702	10.3919	2806.069	0.5103	0.7833
4.161	 5	49.2	9.957	0.0266	1498.42	1.8794	9.4127	2816.064	0.505	0.7788
4.171	 5	50.2	9.965	0.0229	1499.172	1.8922	9.3908	2836.715	0.4976	0.7744
4.181	 5	51.2	9.962	0.023	1501.885	1.8823	9.399	2827.056	0.5033	0.7713
4.191	 5	52.2	9.961	0.0288	1501.507	1.9009	9.4017	2854.241	0.4925	0.7701
4.201	 5	53.2	9.963	0.0114	1502.035	1.9159	9.3963	2877.76	0.4838	0.7699
4.211	 5	54.2	9.96	0.0115	1510.464	1.9239	9.4045	2905.954	0.4792	0.7702
4.221	 5	55.2	9.965	0.0224	1505.969	1.8983	9.3908	2858.84	0.494	0.7728
4.231	 5	56.2	9.979	0.0188	1504.448	1.9015	9.3527	2860.688	0.4922	0.7769
4.241	 5	57.2	9.981	0.0216	1510.67	1.9239	9.3473	2906.401	0.4792	0.7759
4.251	 5	58.2	9.976	0.0257	1512.202	1.8962	10.401	2867.507	0.4952	0.7761
4.261	 5	59.2	9.985	0.0244	1512.65	1.9113	10.3739	2891.155	0.4865	0.7769
4.271	 5	60.2	9.985	0.0272	1514.026	1.8773	10.3739	2842.265	0.5062	0.7772
4.281	 5	61.2	9.986	0.0309	1513.718	1.9071	10.3709	2886.799	0.4889	0.7819
4.291	 5	62.2	9.986	0.0216	1514.866	1.9244	9.3338	2915.267	0.4789	0.7861
4.301	 5	63.2	9.977	0.0183	1519.957	1.9344	10.398	2940.198	0.4731	0.7902
4.311	 5	64.2	9.981	0.0235	1519.872	1.9029	10.3859	2892.208	0.4913	0.7952
4.321	 5	65.2	9.981	0.0327	1518.716	1.908	10.3859	2897.78	0.4884	0.8006
4.331	 5	66.2	9.975	0.0363	1511.135	1.8917	10.404	2858.664	0.4978	0.8053
4.341	 5	67.2	9.976	0.0355	1506.493	1.8865	10.401	2842.004	0.5009	0.8144
4.351	 5	68.2	9.973	0.0249	1509.917	1.8994	10.41	2867.87	0.4934	0.8159
4.361	 5	69.2	9.968	0.0238	1510.532	1.8887	10.4252	2852.996	0.4996	0.8163
4.371	 5	70.2	9.964	0.0282	1507.641	1.8931	10.4373	2854.114	0.497	0.8108
4.381	 5	71.2	9.958	0.0371	1507.874	1.8993	10.4555	2863.92	0.4934	0.8062
4.391	 5	72.2	9.958	0.0224	1508.102	1.8997	9.4099	2864.901	0.4932	0.801
4.401	 5	73.2	9.947	0.0336	1509.179	1.8816	10.489	2839.675	0.5037	0.7939
4.411	 5	74.2	9.948	0.0366	1504.992	1.8832	10.4859	2834.201	0.5028	0.787
4.421	 5	75.2	9.943	0.0298	1500.83	1.8928	10.5012	2840.717	0.4972	0.7829
4.431	 5	76.2	9.938	0.0213	1503.707	1.9028	10.5165	2861.207	0.4914	0.7821
4.441	 5	77.2	9.931	0.013	1507.438	1.9173	9.4842	2890.187	0.483	0.7817
4.451	 5	78.2	9.933	0.0133	1514.408	1.8896	9.4787	2861.669	0.4991	0.7802
4.461	 5	79.2	9.928	0.0283	1505.611	1.9007	9.4925	2861.699	0.4926	0.7853
4.471	 5	80.2	9.923	0.0242	1503.713	1.8977	9.5064	2853.54	0.4944	0.7871
4.481	 5	81.2	9.921	0.0223	1503.865	1.913	9.5119	2876.849	0.4855	0.7921
4.491	 5	82.2	9.924	0.0166	1504.776	1.9161	8.4476	2883.244	0.4837	0.7944
4.501	 5	83.2	9.927	0.0167	1509.81	1.9344	9.4953	2920.546	0.4731	0.7985
4.511	 5	84.2	9.926	0.0175	1512.649	1.9234	9.498	2909.457	0.4795	0.792
4.521	 5	85.2	9.921	0.0331	1510.966	1.9079	9.5119	2882.698	0.4885	0.7875
4.531	 5	86.2	9.926	0.0271	1509.658	1.9022	10.5534	2871.612	0.4918	0.7856
4.541	 5	87.2	9.921	0.0281	1512.578	1.9233	9.5119	2909.109	0.4795	0.7894
4.551	 5	88.2	9.921	0.0237	1514.656	1.954	10.5688	2959.673	0.4617	0.7915
4.561	 5	89.2	9.922	0.0178	1523.181	1.9565	9.5091	2980.087	0.4603	0.7954
4.571	 5	90.2	9.916	0.0239	1523.663	1.9478	9.5258	2967.799	0.4653	0.8006
4.581	 5	91.2	9.916	0.0236	1522.26	1.9711	9.5258	3000.518	0.4518	0.804
4.591	 5	92.2	9.916	0.0205	1523.195	1.9592	10.5842	2984.242	0.4587	0.8112
4.601	 5	93.2	9.916	0.0184	1527.654	1.9684	9.5258	3007.03	0.4534	0.8153
4.611	 5	94.2	9.921	0.019	1532.201	1.9693	9.5119	3017.409	0.4528	0.818
4.621	 5	95.2	9.924	0.0156	1529.593	1.9664	9.5036	3007.832	0.4545	0.8273
4.631	 5	96.2	9.926	0.0147	1529.901	1.9588	9.498	2996.696	0.459	0.8347
4.641	 5	97.2	9.931	0.0207	1532.325	1.9388	9.4842	2970.938	0.4705	0.8378
4.651	 5	98.2	9.931	0.0238	1529.729	1.9543	9.4842	2989.604	0.4615	0.8444
4.661	 5	99.2	9.932	0.0142	1538.891	2.0115	9.4814	3095.48	0.4284	0.8405
4.671	 5	100.2	9.938	0.025	1542.689	1.9803	9.4649	3054.962	0.4465	0.834
4.681	 5	101.2	9.941	0.0484	1534.105	1.9934	9.4566	3058.085	0.4389	0.8245
4.691	 5	102.2	9.941	0.0117	1549.166	2.0339	9.4566	3150.903	0.4154	0.8249
4.701	 5	103.2	9.942	0.0095	1550.288	1.9772	9.4538	3065.158	0.4483	0.8372
4.711	 5	104.2	9.945	0.0112	1541.382	1.9735	8.3961	3041.846	0.4504	0.846
4.721	 5	105.2	9.947	0.0263	1535.031	1.9793	9.4401	3038.242	0.4471	0.8483
4.731	 5	106.2	9.947	0.0187	1530.543	1.9758	9.4401	3024.003	0.4491	0.8465
4.741	 5	107.2	9.942	0.0158	1525.783	1.9706	9.4538	3006.656	0.4521	0.8442
4.751	 5	108.2	9.941	0.0213	1524.927	1.9577	10.5073	2985.356	0.4596	0.8351
4.761	 5	109.2	9.936	0.0212	1525.564	1.9545	9.4704	2981.705	0.4614	0.8315
4.771	 5	110.2	9.936	0.0299	1529.792	1.9511	9.4704	2984.735	0.4634	0.8274
4.781	 5	111.2	9.936	0.0282	1530.735	1.948	9.4704	2981.933	0.4652	0.8248
4.791	 5	112.2	9.921	0.0195	1527.718	1.9605	9.5119	2995.095	0.4579	0.8257
4.801	 5	113.2	9.921	0.0183	1523.729	1.9624	9.5119	2990.19	0.4568	0.8249
4.811	 5	114.2	9.921	0.023	1523.495	1.9555	10.5688	2979.262	0.4608	0.83
4.821	 5	115.2	9.926	0.0081	1524.263	1.973	9.498	3007.324	0.4507	0.8336
4.831	 5	116.2	9.926	0.0069	1535.819	1.9846	9.498	3048.033	0.444	0.8389
4.841	 5	117.2	9.92	0.0061	1523.108	1.9444	9.5147	2961.498	0.4673	0.8386
4.851	 5	118.2	9.915	0.0058	1504.324	1.9119	10.5873	2876.162	0.4861	0.8378
4.861	 5	119.2	9.921	0.0081	1509.127	1.92	9.5119	2897.455	0.4815	0.8308
4.871	 5	120.2	9.923	0.008	1508.972	1.9214	9.5064	2899.358	0.4806	0.8281
4.881	 5	121.2	9.921	0.0127	1506.377	1.9028	9.5119	2866.268	0.4914	0.8264
4.891	 5	122.2	9.923	0.0138	1511.27	1.9196	9.5064	2900.985	0.4817	0.8296
4.901	 5	123.2	9.929	0.0148	1516.804	1.9521	9.4897	2960.905	0.4628	0.8309
4.911	 5	124.2	9.926	0.0187	1520.993	1.9474	9.498	2961.911	0.4656	0.835
4.921	 5	125.2	9.942	0.0166	1514.164	1.9274	9.4538	2918.346	0.4772	0.8331
4.931	 5	126.2	9.947	0.0096	1508.95	1.9501	9.4401	2942.533	0.464	0.8409
4.941	 5	127.2	9.947	0.0083	1512.852	1.9271	9.4401	2915.476	0.4773	0.8374
4.951	 5	128.2	9.952	0.009	1513.152	1.9217	9.4264	2907.855	0.4804	0.8383
4.961	 5	129.2	9.959	0.0074	1514.447	1.9349	9.4072	2930.287	0.4728	0.8325
4.971	 5	130.2	9.962	0.01	1517.441	1.9332	8.3547	2933.492	0.4738	0.8509
4.981	 5	131.2	9.972	0.0102	1521.746	1.9437	9.3717	2957.742	0.4677	0.8716
4.991	 5	132.2	9.979	0.0159	1531.696	1.9725	9.3527	3021.325	0.451	0.9054
5.001	 5	133.2	9.975	0.0082	1540.303	1.9664	8.3232	3028.789	0.4545	0.9139
5.011	 5	134.2	9.98	0.0072	1540.599	1.9523	9.35	3007.77	0.4627	0.9146
5.021	 5	135.2	9.985	0.0078	1531.677	1.9449	9.3365	2978.961	0.467	0.9139
5.031	 5	136.2	9.988	0.0139	1522.097	1.8976	9.3284	2888.32	0.4944	0.9162
5.041	 5	137.2	9.997	0.0155	1516.305	1.9072	8.2703	2891.881	0.4889	0.9156
5.051	 5	138.2	9.996	0.0156	1514.316	1.8892	9.3068	2860.847	0.4993	0.9231
5.061	 5	139.2	10.001	0.0136	1513.469	1.9061	9.2933	2884.763	0.4895	0.9279
5.071	 5	140.2	10.001	0.0144	1516.222	1.9006	8.2607	2881.701	0.4927	0.933
5.081	 5	141.2	10.06	0.0201	1521.936	1.8902	9.1366	2876.701	0.4987	0.9376
5.091	 5	142.2	10.145	0.0055	1528.322	1.8979	7.9263	2900.67	0.4942	0.9421
5.101	 5	143.2	10.332	0.0004	1538.645	1.8943	8.4595	2914.696	0.4963	0.9535
5.111	 5	144.2	10.31	0.0023	1523.12	1.9032	8.5116	2898.824	0.4912	0.9715
5.121	 5	145.2	10.269	0.0	105.5949	1.9048	8.6099	201.1402	0.4902	1.0176
5.131	 5	146.2	10.248	0.0	105.379	1.9076	7.6986	201.0221	0.4886	1.0952
5.141	 5	147.2	10.228	0.0	105.1733	1.9013	7.7421	199.9646	0.4923	1.2515
5.151	 5	148.2	10.188	0.0	104.762	1.9047	7.8301	199.5365	0.4903	1.5157
5.161	 5	149.2	10.224	0.0	105.1322	1.9031	7.7508	200.0816	0.4912	1.9213
5.171	 5	150.2	10.435	0.0	107.3019	1.8552	7.3079	199.0714	0.519	2.3058
5.181	 5	151.2	10.509	0.0	108.0628	0.9966	7.161	107.7004	1.017	2.5093
5.191	 6	0.6	10.476	0.0	107.7235	1.3912	6.3228	149.8654	0.7882	2.3389
5.201	 6	1.6	10.494	0.0	107.9086	1.8362	7.1905	198.1467	0.53	1.9309
5.211	 6	2.6	10.503	0.0	108.0011	1.8397	7.1728	198.6852	0.528	1.5176
5.221	 6	3.6	10.463	0.0	107.5898	1.8149	7.2519	195.2667	0.5424	1.2309
5.231	 6	4.6	10.372	0.0	106.6541	1.8471	8.3659	197.0011	0.5237	1.0597
5.241	 6	5.6	9.997	0.0016	1517.226	1.9157	8.2703	2906.477	0.484	0.966
5.251	 6	6.6	9.925	0.001	1526.453	1.9166	8.4452	2925.606	0.4834	0.9127
5.261	 6	7.6	9.891	0.0022	1517.956	1.9247	8.5295	2921.562	0.4787	0.881
5.271	 6	8.6	9.89	0.0021	1516.638	1.9364	8.532	2936.785	0.4719	0.8662
5.281	 6	9.6	9.884	0.0051	1526.486	1.9545	9.6154	2983.503	0.4614	0.8539
5.291	 6	10.6	9.873	0.0057	1521.029	1.9727	8.5747	3000.575	0.4509	0.8428
5.301	 6	11.6	9.875	0.0047	1523.685	1.982	9.6408	3019.932	0.4455	0.8367
5.311	 6	12.6	9.884	0.0114	1524.838	1.9417	8.547	2960.732	0.4689	0.827
5.321	 6	13.6	9.878	0.0198	1504.875	1.8876	9.6324	2840.572	0.5002	0.8211
5.331	 6	14.6	9.894	0.0193	1494.562	1.847	8.522	2760.469	0.5238	0.815
5.341	 6	15.6	9.898	0.017	1488.645	1.865	9.5761	2776.37	0.5133	0.8139
5.351	 6	16.6	9.911	0.0121	1492.62	1.8874	8.4798	2817.116	0.5004	0.808
5.361	 6	17.6	9.913	0.0142	1493.597	1.8848	9.5342	2815.186	0.5018	0.8038
5.371	 6	18.6	9.922	0.0167	1494.727	1.8658	8.4526	2788.829	0.5129	0.7954
5.381	 6	19.6	9.936	0.0191	1494.135	1.8461	9.4704	2758.308	0.5243	0.786
5.391	 6	20.6	9.934	0.0149	1492.264	1.8541	9.4759	2766.791	0.5197	0.7758
5.401	 6	21.6	9.945	0.0183	1494.814	1.8348	9.4456	2742.68	0.5309	0.7682
5.411	 6	22.6	9.945	0.0201	1489.218	1.8396	8.3961	2739.562	0.5281	0.7581
5.421	 6	23.6	9.952	0.028	1490.49	1.8623	8.379	2775.676	0.5149	0.7556
5.431	 6	24.6	9.958	0.0267	1489.604	1.8555	9.4099	2764.016	0.5188	0.7541
5.441	 6	25.6	9.961	0.0196	1489.161	1.8449	9.4017	2747.366	0.525	0.749
5.451	 6	26.6	9.961	0.0275	1481.189	1.8206	9.4017	2696.701	0.5391	0.7469
5.461	 6	27.6	9.961	0.0159	1478.332	1.8059	9.4017	2669.646	0.5477	0.7475
5.471	 6	28.6	9.96	0.0188	1474.682	1.8242	8.3595	2690.117	0.537	0.748
5.481	 6	29.6	9.961	0.0223	1479.649	1.8332	9.4017	2712.518	0.5318	0.7489
5.491	 6	30.6	9.961	0.0172	1481.189	1.8366	9.4017	2720.416	0.5298	0.7571
5.501	 6	31.6	9.957	0.0121	1486.341	1.8592	9.4127	2763.435	0.5167	0.7646
5.511	 6	32.6	9.956	0.0174	1491.535	1.8462	8.3693	2753.644	0.5243	0.7715
5.521	 6	33.6	9.951	0.0152	1490.786	1.8837	9.4291	2808.201	0.5025	0.7799
5.531	 6	34.6	9.945	0.0115	1496.389	1.8993	8.3961	2842.019	0.4935	0.7966
5.541	 6	35.6	9.946	0.0111	1509.027	1.9427	9.4428	2931.563	0.4683	0.8122
5.551	 6	36.6	9.943	0.0044	1515.008	1.9493	9.4511	2953.236	0.4644	0.8314
5.561	 6	37.6	9.94	0.0126	1511.557	1.8847	8.4083	2848.854	0.5019	0.8409
5.571	 6	38.6	9.935	0.0118	1497.588	1.9103	9.4731	2860.804	0.4871	0.8517
5.581	 6	39.6	9.942	0.0076	1512.551	1.9318	9.4538	2921.999	0.4746	0.8614
5.591	 6	40.6	9.935	0.0077	1516.099	1.9642	9.4731	2977.997	0.4558	0.8673
5.601	 6	41.6	9.932	0.0075	1523.547	1.9553	9.4814	2978.961	0.461	0.8704
5.611	 6	42.6	9.932	0.013	1520.049	1.9274	9.4814	2929.813	0.4771	0.8683
5.621	 6	43.6	9.938	0.0138	1506.671	1.9159	9.4649	2886.682	0.4838	0.8704
5.631	 6	44.6	9.938	0.0134	1510.334	1.9145	9.4649	2891.48	0.4846	0.8714
5.641	 6	45.6	9.938	0.0083	1517.252	1.9454	9.4649	2951.632	0.4667	0.8678
5.651	 6	46.6	9.939	0.0081	1513.476	1.9209	9.4621	2907.241	0.4809	0.8676
5.661	 6	47.6	9.944	0.0097	1502.115	1.9009	9.4483	2855.361	0.4925	0.8746
5.671	 6	48.6	9.934	0.008	1496.084	1.8981	9.4759	2839.706	0.4941	0.8793
5.681	 6	49.6	9.932	0.0076	1491.067	1.8791	9.4814	2801.856	0.5052	0.8817
5.691	 6	50.6	9.932	0.0083	1495.783	1.8981	9.4814	2839.165	0.4941	0.8761
5.701	 6	51.6	9.932	0.0107	1496.459	1.8909	9.4814	2829.651	0.4983	0.8748
5.711	 6	52.6	9.937	0.0098	1500.831	1.8907	8.4157	2837.569	0.4985	0.8675
5.721	 6	53.6	9.941	0.011	1513.09	1.9154	9.4566	2898.106	0.4841	0.8646
5.731	 6	54.6	9.946	0.0084	1527.569	1.9632	9.4428	2998.965	0.4564	0.8626
5.741	 6	55.6	9.951	0.0079	1530.923	1.9361	8.3814	2963.974	0.4721	0.8628
5.751	 6	56.6	9.944	0.0108	1517.936	1.9382	9.4483	2942.039	0.4709	0.8667
5.761	 6	57.6	9.949	0.0102	1518.236	1.9429	8.3863	2949.708	0.4682	0.8637
5.771	 6	58.6	9.954	0.0124	1518.304	1.951	9.4209	2962.149	0.4635	0.8632
5.781	 6	59.6	9.954	0.0119	1525.283	1.9555	9.4209	2982.735	0.4608	0.8674
5.791	 6	60.6	9.966	0.0078	1521.759	1.9444	9.3881	2958.973	0.4673	0.8735
5.801	 6	61.6	9.974	0.0086	1527.646	1.9346	8.3256	2955.386	0.473	0.8741
5.811	 6	62.6	9.974	0.0118	1521.587	1.9512	8.3256	2968.96	0.4633	0.8777
5.821	 6	63.6	9.971	0.0118	1528.825	1.9733	9.3745	3016.895	0.4505	0.8683
5.831	 6	64.6	9.968	0.0086	1535.428	1.99	8.3401	3055.454	0.4409	0.8673
5.841	 6	65.6	9.964	0.0065	1548.407	1.9963	8.3498	3091.08	0.4372	0.8644
5.851	 6	66.6	9.964	0.0044	1567.899	2.0102	8.3498	3151.855	0.4291	0.8607
5.861	 6	67.6	9.958	0.0038	1559.349	1.9822	8.3644	3090.869	0.4454	0.8649
5.871	 6	68.6	9.964	0.0074	1516.821	1.8653	9.3935	2829.303	0.5132	0.8657
5.881	 6	69.6	9.954	0.0188	1483.016	1.8504	9.4209	2744.12	0.5218	0.8641
5.891	 6	70.6	9.954	0.0121	1481.47	1.8452	9.4209	2733.563	0.5248	0.8639
5.901	 6	71.6	9.949	0.01	1481.167	1.8618	9.4346	2757.587	0.5152	0.8617
5.911	 6	72.6	9.949	0.0089	1486.256	1.8755	9.4346	2787.516	0.5072	0.8585
5.921	 6	73.6	9.944	0.0083	1494.889	1.9214	9.4483	2872.302	0.4806	0.8551
5.931	 6	74.6	9.938	0.0056	1498.492	1.9307	9.4649	2893.209	0.4752	0.8544
5.941	 6	75.6	9.934	0.0087	1518.032	1.936	9.4759	2938.922	0.4722	0.8486
5.951	 6	76.6	9.929	0.0106	1522.152	1.967	9.4897	2994.034	0.4542	0.8495
5.961	 6	77.6	9.928	0.0101	1529.031	1.9668	9.4925	3007.279	0.4543	0.8532
5.971	 6	78.6	9.925	0.0103	1523.641	1.9864	9.5008	3026.552	0.4429	0.856
5.981	 6	79.6	9.914	0.0109	1519.853	1.9646	10.5904	2985.855	0.4556	0.857
5.991	 6	80.6	9.92	0.0104	1522.406	1.9565	9.5147	2978.592	0.4603	0.8624
6.001	 6	81.6	9.91	0.0074	1512.054	1.9317	12.7234	2920.872	0.4746	0.8581
6.011	 6	82.6	9.907	0.0072	1508.144	1.9466	9.5509	2935.683	0.466	0.8567
6.021	 6	83.6	9.906	0.0083	1508.222	1.9359	10.6152	2919.71	0.4722	0.8495
6.031	 6	84.6	9.901	0.0069	1512.296	1.9648	9.5677	2971.428	0.4554	0.8485
6.041	 6	85.6	9.902	0.0113	1514.994	1.94	9.5649	2939.108	0.4698	0.8469
6.051	 6	86.6	9.896	0.0146	1503.951	1.9028	9.5817	2861.779	0.4914	0.8503
6.061	 6	87.6	9.901	0.0127	1497.882	1.9077	10.6307	2857.497	0.4886	0.8557
6.071	 6	88.6	9.923	0.0125	1497.359	1.9207	9.5064	2875.939	0.481	0.853
6.081	 6	89.6	9.906	0.0132	1503.871	1.9243	9.5537	2893.96	0.4789	0.8551
6.091	 6	90.6	9.907	0.0069	1501.061	1.9105	9.5509	2867.848	0.4869	0.8527
6.101	 6	91.6	9.913	0.0134	1500.378	1.8798	10.5935	2820.483	0.5047	0.8474
6.111	 6	92.6	9.907	0.0233	1494.043	1.886	9.5509	2817.733	0.5012	0.8363
6.121	 6	93.6	9.912	0.0096	1493.221	1.9081	9.5369	2849.251	0.4883	0.8291
6.131	 6	94.6	9.912	0.0089	1499.546	1.928	9.5369	2891.11	0.4768	0.8286
6.141	 6	95.6	9.914	0.0162	1503.032	1.9169	9.5314	2881.148	0.4832	0.8263
6.151	 6	96.6	9.916	0.0133	1505.847	1.9306	9.5258	2907.122	0.4753	0.8217
6.161	 6	97.6	9.917	0.0129	1499.168	1.8909	9.523	2834.749	0.4983	0.8191
6.171	 6	98.6	9.926	0.0193	1492.856	1.8532	10.5534	2766.486	0.5202	0.8162
6.181	 6	99.6	9.925	0.0091	1486.669	1.8652	10.5565	2772.956	0.5132	0.8118
6.191	 6	100.6	9.927	0.0072	1485.855	1.8309	10.5503	2720.523	0.5331	0.8108
6.201	 6	101.6	9.931	0.0095	1486.454	1.8374	9.4842	2731.185	0.5294	0.8151
6.211	 6	102.6	9.936	0.0088	1484.093	1.843	10.5227	2735.16	0.5261	0.8126
6.221	 6	103.6	9.932	0.0066	1483.938	1.8607	10.5349	2761.231	0.5158	0.8112
6.231	 6	104.6	9.932	0.0078	1487.049	1.8465	10.5349	2745.818	0.5241	0.8123
6.241	 6	105.6	9.933	0.0134	1499.547	1.8994	9.4787	2848.194	0.4934	0.8187
6.251	 6	106.6	9.932	0.009	1492.636	1.8755	9.4814	2799.502	0.5072	0.8165
6.261	 6	107.6	9.928	0.0147	1501.285	1.8731	9.4925	2812.071	0.5086	0.8133
6.271	 6	108.6	9.932	0.0152	1492.636	1.8959	10.5349	2829.953	0.4954	0.8083
6.281	 6	109.6	9.926	0.0101	1495.781	1.8682	9.498	2794.404	0.5115	0.8046
6.291	 6	110.6	9.917	0.0104	1499.622	1.8706	10.5811	2805.181	0.5101	0.8042
6.301	 6	111.6	9.917	0.0084	1487.03	1.8496	9.523	2750.45	0.5223	0.8042
6.311	 6	112.6	9.922	0.0044	1479.35	1.8363	9.5091	2716.543	0.53	0.8005
6.321	 6	113.6	9.916	0.0045	1481.769	1.8627	9.5258	2760.086	0.5147	0.7978
6.331	 6	114.6	9.916	0.0025	1481.991	1.8269	9.5258	2707.386	0.5355	0.795
6.341	 6	115.6	9.922	0.0014	1487.556	1.8247	9.5091	2714.398	0.5367	0.7941
6.351	 6	116.6	9.916	0.0014	1485.766	1.8262	9.5258	2713.275	0.5359	0.7973
6.361	 6	117.6	9.922	0.0006	1470.144	1.8353	9.5091	2698.13	0.5306	0.7976
6.371	 6	118.6	9.916	0.0004	1241.207	1.833	10.5842	2275.105	0.5319	0.8017
6.381	 6	119.6	9.916	0.001	1183.859	1.8378	9.5258	2175.651	0.5291	0.8051
6.391	 6	120.6	9.922	0.0005	1173.784	1.8404	9.5091	2160.259	0.5276	0.8049
6.401	 6	121.6	9.922	0.0003	980.5317	1.8332	9.5091	1797.544	0.5318	0.8027
6.411	 6	122.6	9.927	0.0002	977.7407	1.813	8.4402	1772.683	0.5435	0.799
6.421	 6	123.6	9.931	0.0001	971.9123	1.8133	8.4304	1762.384	0.5433	0.8002
6.431	 6	124.6	9.932	0.0001	976.9821	1.8276	9.4814	1785.577	0.535	0.7951
6.441	 6	125.6	9.932	0.0001	959.8918	1.8635	9.4814	1788.805	0.5142	0.7886
6.451	 6	126.6	9.942	0.0001	1059.237	1.8684	9.4538	1979.03	0.5114	0.7794
6.461	 6	127.6	9.947	0.0001	794.2984	1.882	9.4401	1494.837	0.5035	0.765
6.471	 6	128.6	9.946	0.0001	1067.167	1.8641	8.3936	1989.289	0.5139	0.7619
6.481	 6	129.6	9.956	0.0002	1123.068	1.8307	8.3693	2056.023	0.5332	0.7999
6.491	 6	130.6	9.955	0.0001	1061.867	1.7666	9.4181	1875.91	0.5704	0.8208
6.501	 6	131.6	9.964	0.0001	1057.75	1.7371	9.3935	1837.393	0.5875	0.8169
6.511	 6	132.6	9.968	0.0001	1030.817	1.7401	9.3826	1793.774	0.5858	0.8157
6.521	 6	133.6	9.977	0.0001	1065.464	1.7329	8.3184	1846.381	0.5899	0.8138
6.531	 6	134.6	9.985	0.0001	1065.294	1.7501	9.3365	1864.406	0.58	0.8121
6.541	 6	135.6	9.987	0.0001	1035.244	1.785	9.3311	1847.87	0.5598	0.8108
6.551	 6	136.6	9.991	0.0001	1029.788	1.7803	8.2847	1833.35	0.5625	0.8153
6.561	 6	137.6	9.991	0.0001	894.2092	1.7849	9.3203	1596.075	0.5598	0.8181
6.571	 6	138.6	9.998	0.0001	1071.253	1.7791	9.3014	1905.836	0.5632	0.8237
6.581	 6	139.6	10.022	0.0003	1136.926	1.7982	9.2371	2044.398	0.5521	0.8275
6.591	 6	140.6	10.119	0.0003	1073.292	1.7783	8.9835	1908.647	0.5636	0.8339
6.601	 6	141.6	10.285	0.0	105.7594	1.7722	9.5238	187.4225	0.5672	0.8433
6.611	 6	142.6	10.295	0.0	105.8623	1.7874	8.5474	189.218	0.5584	0.8585
6.621	 6	143.6	10.285	0.0	105.7594	1.7932	8.5714	189.6446	0.555	0.884
6.631	 6	144.6	10.246	0.0	795.4351	1.8013	7.7029	1432.856	0.5503	0.9281
6.641	 6	145.6	10.252	0.0	105.4201	1.7772	8.6512	187.3526	0.5643	1.02
6.651	 6	146.6	10.227	0.0	105.163	1.7782	7.7443	187.0041	0.5637	1.18
6.661	 6	147.6	10.187	0.0001	1020.844	1.7783	7.8323	1815.324	0.5637	1.4863
6.671	 6	148.6	10.386	0.0	106.798	1.7332	8.3335	185.1061	0.5898	1.9044
6.681	 6	149.6	10.551	0.0	108.4947	1.445	7.9644	156.7792	0.7569	2.152
6.691	 7	0.5	10.548	0.0	108.4638	1.4469	7.0853	156.9386	0.7558	2.0324
6.701	 7	1.5	10.626	0.0	109.2659	1.686	7.8042	184.2198	0.6172	1.6758
6.711	 7	2.5	10.641	0.0	109.4201	1.6955	7.7727	185.5175	0.6117	1.3278
6.721	 7	3.5	10.606	0.0	109.0602	1.7102	6.9747	186.518	0.6031	1.1025
6.731	 7	4.5	10.489	0.0	107.8571	1.7017	8.1004	183.5428	0.6081	0.969
6.741	 7	5.5	10.067	0.0	103.5178	1.8193	9.1182	188.3343	0.5398	0.9022
6.751	 7	6.5	9.962	0.0	102.4381	1.9117	9.399	195.8294	0.4863	0.8688
6.761	 7	7.5	9.926	0.0001	1457.991	1.9538	9.498	2848.62	0.4618	0.8532
6.771	 7	8.5	9.912	0.0004	1423.729	1.9684	9.5369	2802.499	0.4534	0.8518
6.781	 7	9.5	9.907	0.0003	1606.193	1.976	8.4897	3173.803	0.449	0.845
6.791	 7	10.5	9.911	0.0007	1572.426	1.933	8.4798	3039.531	0.4739	0.8349
6.801	 7	11.5	9.916	0.0011	1546.958	1.8896	9.5258	2923.186	0.4991	0.8271
6.811	 7	12.5	9.91	0.0013	1517.611	1.8976	9.5425	2879.851	0.4944	0.8192
6.821	 7	13.5	9.915	0.0011	1495.701	1.8812	9.5286	2813.783	0.5039	0.8156
6.831	 7	14.5	9.918	0.0006	1502.5	1.875	10.5781	2817.184	0.5075	0.8133
6.841	 7	15.5	9.914	0.0007	1503.488	1.8958	9.5314	2850.272	0.4955	0.8114
6.851	 7	16.5	9.919	0.0004	1396.059	1.8597	10.575	2596.23	0.5164	0.8094
6.861	 7	17.5	9.924	0.0006	1502.271	1.8567	10.5595	2789.198	0.5182	0.8078
6.871	 7	18.5	9.929	0.0004	1409.568	1.8648	10.5442	2628.583	0.5134	0.8043
6.881	 7	19.5	9.934	0.0008	1407.281	1.844	10.5288	2595.091	0.5255	0.8035
6.891	 7	20.5	9.934	0.0018	1409.878	1.8344	10.5288	2586.326	0.5311	0.8022
6.901	 7	21.5	9.933	0.0009	1394.105	1.8442	10.5319	2571.052	0.5254	0.793
6.911	 7	22.5	9.933	0.0006	1392.346	1.8466	10.5319	2571.173	0.524	0.7856
6.921	 7	23.5	9.939	0.0006	1378.693	1.8657	10.5135	2572.294	0.5129	0.7822
6.931	 7	24.5	9.939	0.0005	1373.929	1.8633	10.5135	2560.025	0.5143	0.7742
6.941	 7	25.5	9.944	0.0004	1415.919	1.8319	10.4982	2593.829	0.5325	0.77
6.951	 7	26.5	9.944	0.0004	1338.358	1.8322	10.4982	2452.202	0.5323	0.7661
6.961	 7	27.5	9.94	0.0003	1417.368	1.8218	10.5104	2582.118	0.5384	0.7643
6.971	 7	28.5	9.944	0.0002	1406.506	1.7956	10.4982	2525.59	0.5536	0.7664
6.981	 7	29.5	9.939	0.0002	1362.627	1.8112	10.5135	2467.971	0.5446	0.765
6.991	 7	30.5	9.939	0.0001	1210.892	1.8012	10.5135	2181.042	0.5504	0.7669
7.001	 7	31.5	9.939	0.0001	989.9402	1.8085	10.5135	1790.318	0.5461	0.777
7.011	 7	32.5	9.94	0.0001	983.3795	1.8252	10.5104	1794.821	0.5365	0.7781
7.021	 7	33.5	9.939	0.0001	1004.345	1.8257	10.5135	1833.612	0.5361	0.7832
7.031	 7	34.5	9.934	0.0001	988.3594	1.8141	10.5288	1792.993	0.5429	0.7893
7.041	 7	35.5	9.935	0.0002	1081.773	1.8072	10.5257	1955.018	0.5468	0.8006
7.051	 7	36.5	9.943	0.0003	1281.48	1.8108	11.5513	2320.494	0.5448	0.818
7.061	 7	37.5	9.947	0.0005	1350.394	1.8212	10.489	2459.289	0.5388	0.8321
7.071	 7	38.5	9.944	0.0014	1401.748	1.8512	10.4982	2594.892	0.5214	0.8425
7.081	 7	39.5	9.942	0.001	1512.781	1.8606	10.5043	2814.716	0.5159	0.8524
7.091	 7	40.5	9.943	0.0003	1367.111	1.8867	10.5012	2579.264	0.5008	0.8592
7.101	 7	41.5	9.943	0.0002	1301.27	1.8115	10.5012	2357.201	0.5444	0.8633
7.111	 7	42.5	9.937	0.0002	1238.719	1.7943	11.5715	2222.597	0.5544	0.8712
7.121	 7	43.5	9.937	0.0001	1093.3	1.7982	10.5196	1966.01	0.5521	0.8728
7.131	 7	44.5	9.937	0.0002	1259.602	1.8142	10.5196	2285.212	0.5428	0.873
7.141	 7	45.5	9.937	0.0002	1184.81	1.8095	11.5715	2143.965	0.5455	0.8733
7.151	 7	46.5	9.936	0.0002	1288.048	1.8094	11.5749	2330.582	0.5456	0.8747
7.161	 7	47.5	9.937	0.0001	962.8876	1.8305	11.5715	1762.534	0.5334	0.8764
7.171	 7	48.5	9.938	0.0001	963.2646	1.8337	11.5682	1766.333	0.5315	0.8772
7.181	 7	49.5	9.939	0.0002	1202.832	1.8109	10.5135	2178.15	0.5447	0.8828
7.191	 7	50.5	9.937	0.0001	1115.014	1.8342	11.5715	2045.181	0.5312	0.8876
7.201	 7	51.5	9.942	0.0002	1029.832	1.8194	11.5547	1873.654	0.5398	0.89
7.211	 7	52.5	9.937	0.0001	983.4719	1.8271	11.5715	1796.867	0.5353	0.8895
7.221	 7	53.5	9.946	0.0001	1000.704	1.8487	11.5413	1850.032	0.5228	0.8843
7.231	 7	54.5	9.935	0.0004	1373.566	1.8707	10.5257	2569.569	0.51	0.8808
7.241	 7	55.5	9.934	0.0004	1368.885	1.878	11.5817	2570.773	0.5058	0.8772
7.251	 7	56.5	9.935	0.0002	1325.904	1.8796	11.5783	2492.162	0.5049	0.8713
7.261	 7	57.5	9.932	0.0002	1083.215	1.8458	10.5349	1999.395	0.5245	0.8684
7.271	 7	58.5	9.934	0.0001	1018.35	1.7833	10.5288	1816.053	0.5607	0.8631
7.281	 7	59.5	9.934	0.0001	987.377	1.7948	9.4759	1772.157	0.5541	0.8626
7.291	 7	60.5	9.939	0.0001	797.6086	1.7795	10.5135	1419.345	0.5629	0.8553
7.301	 7	61.5	9.934	0.0001	1045.904	1.785	9.4759	1866.901	0.5598	0.8477
7.311	 7	62.5	9.934	0.0001	1247.99	1.7932	10.5288	2237.853	0.555	0.835
7.321	 7	63.5	9.923	0.0001	991.0117	1.7833	10.5626	1767.318	0.5607	0.8259
7.331	 7	64.5	9.919	0.0001	981.3019	1.7883	10.575	1754.879	0.5578	0.819
7.341	 7	65.5	9.919	0.0001	965.9168	1.7919	10.575	1730.852	0.5557	0.8207
7.351	 7	66.5	9.914	0.0001	968.0695	1.8265	9.5314	1768.226	0.5356	0.8253
7.361	 7	67.5	9.925	0.0001	1000.908	1.7879	9.5008	1789.514	0.5581	0.8299
7.371	 7	68.5	9.926	0.0001	988.6453	1.7753	9.498	1755.176	0.5654	0.8288
7.381	 7	69.5	9.915	0.0001	1075.613	1.776	9.5286	1910.297	0.565	0.8223
7.391	 7	70.5	9.921	0.0003	1235.8	1.772	9.5119	2189.867	0.5673	0.82
7.401	 7	71.5	9.921	0.0003	1179.106	1.7621	10.5688	2077.659	0.573	0.8179
7.411	 7	72.5	9.914	0.0002	1295.948	1.763	9.5314	2284.738	0.5725	0.8263
7.421	 7	73.5	9.912	0.0001	1151.621	1.7624	9.5369	2029.596	0.5729	0.8384
7.431	 7	74.5	9.916	0.0001	992.4932	1.7687	9.5258	1755.45	0.5692	0.8492
7.441	 7	75.5	9.916	0.0004	1277.67	1.7556	9.5258	2243.095	0.5768	0.8535
7.451	 7	76.5	9.921	0.0002	1060.162	1.7893	9.5119	1896.914	0.5573	0.8606
7.461	 7	77.5	9.921	0.0002	1053.52	1.7876	9.5119	1883.303	0.5582	0.8606
7.471	 7	78.5	9.915	0.0001	994.1843	1.8136	9.5286	1803.011	0.5432	0.8593
7.481	 7	79.5	9.922	0.0001	894.6799	1.8079	9.5091	1617.523	0.5464	0.8522
7.491	 7	80.5	9.922	0.0001	1018.163	1.8421	9.5091	1875.6	0.5266	0.8376
7.501	 7	81.5	9.92	0.0001	808.4759	1.875	9.5147	1515.871	0.5076	0.8336
7.511	 7	82.5	9.931	0.0	102.1193	1.8811	9.4842	192.093	0.504	0.8591
7.521	 7	83.5	9.936	0.0	862.7996	1.8513	9.4704	1597.287	0.5213	0.9094
7.531	 7	84.5	9.924	0.0	102.0473	1.8163	9.5036	185.3459	0.5416	0.9228
7.541	 7	85.5	9.931	0.0001	962.7726	1.7983	10.538	1731.382	0.552	0.9288
7.551	 7	86.5	9.942	0.0001	977.1007	1.811	9.4538	1769.505	0.5447	0.9299
7.561	 7	87.5	9.953	0.0001	802.0145	1.7852	9.4236	1431.716	0.5597	0.9268
7.571	 7	88.5	9.957	0.0001	1006.062	1.8082	9.4127	1819.209	0.5463	0.9232
7.581	 7	89.5	9.964	0.0001	1036.729	1.7858	10.4373	1851.388	0.5593	0.916
7.591	 7	90.5	9.969	0.0001	995.8046	1.7761	10.4221	1768.642	0.5649	0.9246
7.601	 7	91.5	9.987	0.0001	997.0051	1.782	9.3311	1776.676	0.5615	0.9248
7.611	 7	92.5	9.992	0.0001	987.1566	1.7649	10.3529	1742.228	0.5714	0.9234
7.621	 7	93.5	10.008	0.0	829.438	1.7474	9.2745	1449.343	0.5816	0.9218
7.631	 7	94.5	10.238	0.0	105.2761	1.7032	8.6853	179.3034	0.6072	0.9185
7.641	 7	95.5	10.248	0.0	105.379	1.7233	8.6609	181.602	0.5955	0.9171
7.651	 7	96.5	10.245	0.0	105.3481	1.7662	8.6682	186.0684	0.5706	0.9263
7.661	 7	97.5	10.24	0.0	105.2967	1.7727	8.6804	186.6566	0.5669	0.9565
7.671	 7	98.5	10.234	0.0	105.235	1.7336	7.729	182.4344	0.5896	1.0289
7.681	 7	99.5	10.234	0.0	105.235	1.7596	7.729	185.1745	0.5745	1.1884
7.691	 7	100.5	10.206	0.0	104.9471	1.7622	6.8165	184.9351	0.573	1.5544
7.701	 7	101.5	10.226	0.0	105.1527	1.7089	5.8098	179.6941	0.6039	2.496
7.711	 7	102.5	10.173	0.0	104.6077	1.6581	3.9317	173.4459	0.6334	4.2981
