Geotek MSCL 7.9 - TN336_TC4-04_Try2_massMS.out created at 12:39:54 on 1/20/2016.


Processing Parameters

Den1	A=5.8845E-04	B=-.089542	C=8.5401
MS1	A=1	B=0	Den=1	LD=14	
FP	MGD=2.75	WD=1.026	
RES	A=858.6318	B=-1.165855	p=0	


SB DEPTH	SECT NUM	SECT DEPTH	Den1	MS1	FP	RES
m		cm	g/cc	x 10^-8 (m^3/kg)		Ohm.m

0.010	 1	1.0	1.5811		0.678	2.0443
0.020	 1	2.0	1.5596	11.3223	0.6905	1.2756
0.030	 1	3.0	1.5234	12.2353	0.7115	0.8935
0.040	 1	4.0	1.5168	13.5815	0.7153	0.7143
0.050	 1	5.0	1.5771	13.6843	0.6803	0.6291
0.060	 1	6.0	1.5557	13.8727	0.6928	0.5876
0.070	 1	7.0	1.5206	14.1933	0.7131	0.5668
0.080	 1	8.0	1.502	15.0217	0.7239	0.5542
0.090	 1	9.0	1.5085	14.9574	0.7201	0.5455
0.100	 1	10.0	1.5075	14.9666	0.7207	0.539
0.110	 1	11.0	1.5528	14.5303	0.6944	0.5366
0.120	 1	12.0	1.5131	15.5599	0.7175	0.5381
0.130	 1	13.0	1.5178	15.5122	0.7148	0.5399
0.140	 1	14.0	1.5168	15.5218	0.7153	0.5432
0.150	 1	15.0	1.5243	15.4456	0.711	0.5486
0.160	 1	16.0	1.5318	15.3697	0.7066	0.5559
0.170	 1	17.0	1.5271	16.0595	0.7093	0.5646
0.180	 1	18.0	1.548	15.8428	0.6972	0.5726
0.190	 1	19.0	1.5811	15.5115	0.678	0.5778
0.200	 1	20.0	1.5596	15.0964	0.6905	0.5831
0.210	 1	21.0	1.5423	15.9017	0.7005	0.5911
0.220	 1	22.0	1.5394	15.9312	0.7022	0.604
0.230	 1	23.0	1.5596	15.7254	0.6905	0.6294
0.240	 1	24.0	1.589	15.4342	0.6734	0.6423
0.250	 1	25.0	1.5712	14.9842	0.6837	0.6555
0.260	 1	26.0	1.5281	16.0496	0.7088	0.6712
0.270	 1	27.0	1.5262	16.0694	0.7099	0.6857
0.280	 1	28.0	1.6502	14.8613	0.6379	0.6971
0.290	 1	29.0	1.61	15.2323	0.6612	0.7061
0.300	 1	30.0	1.715	13.7281	0.6003	0.7168
0.310	 1	31.0	1.7318	13.5951	0.5906	0.7344
0.320	 1	32.0	1.7511	13.4451	0.5794	0.748
0.330	 1	33.0	1.8003	13.0778	0.5509	0.7598
0.340	 1	34.0	1.7615	13.366	0.5734	0.7705
0.350	 1	35.0	1.7661	12.7754	0.5707	0.7795
0.360	 1	36.0	1.758	13.3923	0.5754	0.7872
0.370	 1	37.0	1.7592	12.8259	0.5747	0.7991
0.380	 1	38.0	1.7661	12.7754	0.5707	0.8173
0.390	 1	39.0	1.8123	12.4497	0.5439	0.8392
0.400	 1	40.0	1.8087	11.9323	0.546	0.8574
0.410	 1	41.0	1.602	13.4719	0.6659	0.8715
0.420	 1	42.0	1.7872	11.5268	0.5585	0.8796
0.430	 1	43.0	1.8015	10.8909	0.5502	0.8849
0.440	 1	44.0	1.7813	11.0143	0.5619	0.8904
0.450	 1	45.0	1.7943	10.9344	0.5543	0.8902
0.460	 1	46.0	1.8245	10.7537	0.5369	0.8906
0.470	 1	47.0	1.7872	10.429	0.5585	0.8894
0.480	 1	48.0	1.8159	10.264	0.5418	0.886
0.490	 1	49.0	1.8003	9.8083	0.5509	0.8839
0.500	 1	50.0	1.7386	10.1565	0.5867	0.8785
0.510	 1	51.0	1.7592	9.48	0.5747	0.873
0.520	 1	52.0	1.6779	9.3547	0.6219	0.8729
0.530	 1	53.0	1.705	9.2055	0.6061	0.8809
0.540	 1	54.0	1.7488	8.4142	0.5807	0.8981
0.550	 1	55.0	1.7557	8.3812	0.5767	0.9185
0.560	 1	56.0	1.75	8.4087	0.5801	0.9199
0.570	 1	57.0	1.7649	8.3373	0.5714	0.905
0.580	 1	58.0	1.7128	8.0184	0.6016	0.889
0.590	 1	59.0	1.7363	7.9098	0.588	0.878
0.600	 1	60.0	1.7374	7.3401	0.5873	0.8782
0.610	 1	61.0	1.758	7.2542	0.5754	0.8805
0.620	 1	62.0	1.7696	7.2067	0.5687	0.879
0.630	 1	63.0	1.7626	7.2351	0.5727	0.8743
0.640	 1	64.0	1.7307	7.3688	0.5913	0.8725
0.650	 1	65.0	1.7557	7.2637	0.5767	0.8694
0.660	 1	66.0	1.7117	6.8774	0.6023	0.8668
0.670	 1	67.0	1.7352	6.2189	0.5887	0.8696
0.680	 1	68.0	1.6779	7.016	0.6219	0.8749
0.690	 1	69.0	1.6523	7.1243	0.6367	0.8848
0.700	 1	70.0	1.7295	6.8064	0.5919	0.8988
0.710	 1	71.0	1.7318	6.7975	0.5906	0.902
0.720	 1	72.0	1.7273	7.3832	0.5932	0.8992
0.730	 1	73.0	1.7568	6.7005	0.5761	0.8851
0.740	 1	74.0	1.7217	6.8374	0.5965	0.8773
0.750	 1	75.0	1.7172	6.8552	0.5991	0.8824
0.760	 1	76.0	1.7307	6.802	0.5913	0.8972
0.770	 1	77.0	1.7139	6.8685	0.601	0.9152
0.780	 1	78.0	1.6941	6.9488	0.6125	0.9085
0.790	 1	79.0	1.6865	6.9801	0.6169	0.8962
0.800	 1	80.0	1.6843	6.9891	0.6181	0.8837
0.810	 1	81.0	1.6481	7.1425	0.6391	0.8658
0.820	 1	82.0	1.6843	6.9891	0.6181	0.8519
0.830	 1	83.0	1.6714	7.043	0.6256	0.8355
0.840	 1	84.0	1.6865	6.9801	0.6169	0.8357
0.850	 1	85.0	1.6736	6.4478	0.6244	0.8395
0.860	 1	86.0	1.7028	6.913	0.6074	0.8526
0.870	 1	87.0	1.7511	6.7225	0.5794	0.8673
0.880	 1	88.0	1.6843	6.9891	0.6181	0.8849
0.890	 1	89.0	1.7801	7.164	0.5626	0.9007
0.900	 1	90.0	1.7778	6.6217	0.5639	0.9096
0.910	 1	91.0	1.7766	6.6261	0.5646	0.9092
0.920	 1	92.0	1.6963	6.9398	0.6112	0.9051
0.930	 1	93.0	1.693	7.5327	0.6131	0.9009
0.940	 1	94.0	1.6832	6.9936	0.6188	0.8971
0.950	 1	95.0	1.7161	7.4312	0.5997	0.8977
0.960	 1	96.0	1.7307	6.802	0.5913	0.9002
0.970	 1	97.0	1.705	7.4795	0.6061	0.9005
0.980	 1	98.0	1.7363	6.7799	0.588	0.8971
0.990	 1	99.0	1.7206	7.412	0.5971	0.8941
1.000	 1	100.0	1.7239	6.8285	0.5952	0.8957
1.010	 1	101.0	1.7273	6.8152	0.5932	0.8976
1.020	 1	102.0	1.715	7.4361	0.6003	0.9005
1.030	 1	103.0	1.7039	6.9086	0.6068	0.9035
1.040	 1	104.0	1.7919	6.5693	0.5557	0.9082
1.050	 1	105.0	1.7719	6.6435	0.5673	0.9123
1.060	 1	106.0	1.7719	7.1972	0.5673	0.9179
1.070	 1	107.0	1.7431	6.7534	0.584	0.9222
1.080	 1	108.0	1.7731	6.6392	0.5667	0.9265
1.090	 1	109.0	1.7754	6.6304	0.5653	0.9317
1.100	 1	110.0	1.7825	6.6042	0.5612	0.9403
1.110	 1	111.0	1.7557	6.7049	0.5767	0.9447
1.120	 1	112.0	1.7801	6.6129	0.5626	0.9463
1.130	 1	113.0	1.7454	7.3066	0.5827	0.9452
1.140	 1	114.0	1.7638	7.2304	0.5721	0.9419
1.150	 1	115.0	1.7708	6.6479	0.568	0.9385
1.160	 1	116.0	1.7813	6.6086	0.5619	0.9306
1.170	 1	117.0	1.7991	6.5432	0.5516	0.9274
1.180	 1	118.0	1.7626	7.2351	0.5727	0.9212
1.190	 1	119.0	1.7206	6.8418	0.5971	0.9232
1.200	 1	120.0	1.7603	6.6874	0.5741	0.9491
1.210	 1	121.0	1.7754	6.6304	0.5653	1.0203
1.220	 1	122.0	1.7649	6.6698	0.5714	1.0318
1.230	 1	123.0	1.75	6.7269	0.5801	1.0407
1.240	 1	124.0	1.7522	7.278	0.5787	1.0477
1.250	 1	125.0	1.7626	6.6786	0.5727	1.051
1.260	 1	126.0	1.7789	6.6173	0.5633	1.0572
1.270	 1	127.0	1.7813	6.6086	0.5619	1.0598
1.280	 1	128.0	1.7128	6.8729	0.6016	1.0844
1.290	 1	129.0	1.734	6.7887	0.5893	1.0961
1.300	 1	130.0	1.7329	6.7931	0.59	1.1091
1.310	 1	131.0	1.75	6.1664	0.5801	1.1311
1.320	 1	132.0	1.715	6.292	0.6003	1.1583
1.330	 1	133.0	1.7568	6.1422	0.5761	1.202
1.340	 1	134.0	1.7352	6.2189	0.5887	1.2532
1.350	 1	135.0	1.6121	6.0852	0.66	1.3367
1.360	 1	136.0	1.6325	6.0089	0.6482	1.4795
1.370	 1	137.0	1.7534	5.5948	0.5781	1.7629
1.380	 1	138.0	1.7884	4.9368	0.5578	2.3246
1.390	 1	139.0	1.7488	3.9266	0.5807	3.3954
1.400	 1	140.0	0.2713	21.6958	1.4378	5.5376
