Geotek MSCL 7.9 - TN336_JPC44-54_MSmass.out created at 22:28:17 on 1/27/2016.


Processing Parameters

CT	RCT=11.45	W=1.27
PWAmp	A=1	B=0
PWVel	PTO=27.44
Den1	A=9.889801E-04	B=-.1104	C=10.002
MS1	A=1	B=0	Den=1	LD=14	
FP	MGD=2.75	WD=1.026	
RES	A=447.9932	B=-1.066285	p=0	


SB DEPTH	SECT NUM	SECT DEPTH	CT	PWAmp	PWVel	Den1	MS1	Imp	FP	RES
m		cm	cm		m/s	g/cc	x 10^-8 (m^3/kg)			Ohm.m

-0.637	before cal		10.585	0.0078						90.3215
-0.577	cal sect	6.0	10.458	0.0124	1504.532	1.1895			0.9052	1222.677
-0.517	cal sect	12.0	10.203	0.0545	1496.919	1.1814	-1.6499	1768.505	0.9098	2632.261
-0.457	cal sect	18.0	10.234	0.0301	1492.707	1.1705	-1.6508	1747.222	0.9162	74.3343
-0.397	cal sect	24.0	10.419	0.002	1499.784	1.1727	-1.5648	1758.829	0.9149	108.5177
-0.337	cal sect	30.0	10.742	0.0073	1520.883	1.1386	-1.4765	1731.675	0.9347	5.3107
-0.277	cal sect	36.0	10.604	0.0128	1533.922	1.1667	-0.7477	1789.646	0.9184	0.4587
-0.217	cal sect	42.0	10.208	0.0035	1523.582	1.2134	-1.6042	1848.664	0.8913	0.3567
-0.157	cal sect	48.0	10.158	0.0263	1511.607	1.2077	-1.6348	1825.54	0.8946	0.3626
-0.097	cal sect	54.0	10.37	0.0055	1520.974	1.1852	-0.7847	1802.652	0.9077	0.374
-0.037	cal sect	60.0	10.397	0.0085	1529.87	1.1947	0.7727	1827.795	0.9021	0.5682
0.003	 1	0.3	10.796	0.0	111.1203	1.0052	7.4189	111.6987	1.0121	1.4381
0.013	 1	1.3	10.796	0.0	111.1203	1.4095	7.0543	156.6287	0.7775	1.1713
0.023	 1	2.3	10.827	0.0	111.4393	1.4062	8.1824	156.7031	0.7795	0.9056
0.033	 1	3.3	10.812	0.0	111.285	1.4214	8.7076	158.1774	0.7707	0.7441
0.043	 1	4.3	10.73	0.0	110.4409	1.4574	9.2576	160.9607	0.7497	0.6535
0.053	 1	5.3	10.304	0.0001	1418.112	1.5449	9.8108	2190.91	0.699	0.6114
0.063	 1	6.3	10.254	0.0002	1440.776	1.5207	10.7398	2190.967	0.7131	0.5917
0.073	 1	7.3	10.208	0.0001	1042.271	1.5125	10.9393	1576.382	0.7178	0.5861
0.083	 1	8.3	10.198	0.0002	1035.856	1.5125	10.97	1566.715	0.7178	0.5878
0.093	 1	9.3	10.196	0.0001	901.7424	1.5242	11.5326	1374.429	0.711	0.5897
0.103	 1	10.3	10.187	0.0002	1320.244	1.5209	12.2308	2007.965	0.7129	0.5978
0.113	 1	11.3	10.181	0.0004	1547.5	1.5687	10.0027	2427.59	0.6852	0.5958
0.123	 1	12.3	10.17	0.0019	1521.772	1.5792	12.4594	2403.126	0.6791	0.5973
0.133	 1	13.3	10.158	0.0018	1415.552	1.5733	12.5486	2227.082	0.6825	0.5969
0.143	 1	14.3	10.162	0.0011	1525.139	1.5929	12.38	2429.405	0.6712	0.5926
0.153	 1	15.3	10.163	0.0007	1534.501	1.5899	12.4001	2439.66	0.6729	0.5833
0.163	 1	16.3	10.163	0.0007	1540.315	1.5761	13.1337	2427.723	0.6809	0.5779
0.173	 1	17.3	10.163	0.0036	1534.733	1.5684	13.1982	2407.113	0.6854	0.5762
0.183	 1	18.3	10.164	0.0014	1528.651	1.5858	13.0498	2424.14	0.6753	0.5761
0.193	 1	19.3	10.168	0.0007	1523.753	1.5499	13.3366	2361.733	0.6961	0.5778
0.203	 1	20.3	10.173	0.0007	1514.29	1.5412	13.3932	2333.826	0.7012	0.5808
0.213	 1	21.3	10.173	0.0011	1419.62	1.5387	13.4148	2184.4	0.7026	0.5866
0.223	 1	22.3	10.173	0.0003	1372.874	1.5225	13.5577	2090.216	0.712	0.5916
0.233	 1	23.3	10.183	0.0004	1426.39	1.5429	14.611	2200.805	0.7002	0.5943
0.243	 1	24.3	10.184	0.0003	1313.556	1.6	14.0858	2101.674	0.6671	0.594
0.253	 1	25.3	10.189	0.0003	1339.424	1.5942	15.3446	2135.301	0.6704	0.5921
0.263	 1	26.3	10.194	0.0005	1442.683	1.6163	15.7179	2331.795	0.6576	0.585
0.273	 1	27.3	10.205	0.0013	1538.751	1.6374	16.6567	2519.575	0.6454	0.5853
0.283	 1	28.3	10.214	0.0067	1541.503	1.6608	16.3805	2560.118	0.6318	0.5906
0.293	 1	29.3	10.216	0.0077	1427.613	1.6473	17.095	2351.682	0.6396	0.5889
0.303	 1	30.3	10.215	0.003	1544.685	1.5972	18.2436	2467.239	0.6687	0.588
0.313	 1	31.3	10.216	0.0015	1546.473	1.6357	17.8102	2529.492	0.6464	0.6041
0.323	 1	32.3	10.22	0.0103	1538.693	1.6364	17.7821	2517.9	0.6459	0.6088
0.333	 1	33.3	10.21	0.0097	1533.263	1.6555	17.0387	2538.358	0.6348	0.6203
0.343	 1	34.3	10.211	0.009	1529.051	1.6406	17.189	2508.549	0.6435	0.6373
0.353	 1	35.3	10.209	0.009	1533.113	1.6498	17.1026	2529.341	0.6382	0.652
0.363	 1	36.3	10.209	0.0283	1525.097	1.6515	17.0853	2518.674	0.6372	0.6668
0.373	 1	37.3	10.214	0.0316	1518.359	1.6319	16.671	2477.737	0.6486	0.6679
0.383	 1	38.3	10.204	0.0171	1512.152	1.6445	15.9972	2486.718	0.6412	0.6692
0.393	 1	39.3	10.206	0.0124	1517.846	1.6604	15.835	2520.233	0.632	0.6681
0.403	 1	40.3	10.194	0.0085	1521.72	1.6384	16.1026	2493.117	0.6448	0.6701
0.413	 1	41.3	10.198	0.0075	1512.832	1.6108	15.7534	2436.905	0.6608	0.672
0.423	 1	42.3	10.193	0.0044	1527.27	1.63	15.59	2489.465	0.6496	0.6752
0.433	 1	43.3	10.19	0.0072	1529.8	1.6041	15.2457	2453.925	0.6647	0.6821
0.443	 1	44.3	10.197	0.0032	1521.713	1.5701	15.5448	2389.236	0.6844	0.6838
0.453	 1	45.3	10.199	0.0018	1529.773	1.5773	15.4655	2412.842	0.6802	0.677
0.463	 1	46.3	10.192	0.0058	1535.865	1.6059	15.8286	2466.438	0.6636	0.6832
0.473	 1	47.3	10.192	0.0102	1527.578	1.6307	15.5877	2491.046	0.6492	0.7041
0.483	 1	48.3	10.188	0.0103	1524.237	1.654	15.3852	2521.16	0.6357	0.7373
0.493	 1	49.3	10.2	0.0121	1530.612	1.6327	15.5333	2499.062	0.6481	0.7372
0.503	 1	50.3	10.209	0.0232	1529.897	1.6379	15.4451	2505.781	0.6451	0.7404
0.513	 1	51.3	10.214	0.0318	1523.341	1.6354	15.4464	2491.305	0.6465	0.7424
0.523	 1	52.3	10.219	0.0286	1524.541	1.6172	15.5986	2465.463	0.6571	0.7464
0.533	 1	53.3	10.223	0.0471	1524.456	1.6551	15.224	2523.136	0.6351	0.7494
0.543	 1	54.3	10.228	0.0289	1524.292	1.6426	15.3185	2503.758	0.6424	0.7502
0.553	 1	55.3	10.233	0.0208	1527.086	1.6571	14.5793	2530.604	0.6339	0.753
0.563	 1	56.3	10.249	0.0451	1526.739	1.6425	14.6428	2507.721	0.6424	0.7522
0.573	 1	57.3	10.265	0.0487	1521.868	1.6289	14.1108	2479.033	0.6503	0.7567
0.583	 1	58.3	10.302	0.0168	1525.318	1.6319	12.7784	2489.129	0.6486	0.7564
0.593	 1	59.3	10.508	0.003	1543.932	1.5854	12.4248	2447.743	0.6755	0.7577
0.603	 1	60.3	10.49	0.0014	1530.94	1.5887	11.8942	2432.127	0.6736	0.7642
0.613	 1	61.3	10.497	0.0002	1414.881	1.5978	11.8036	2260.666	0.6683	0.7829
0.623	 1	62.3	10.498	0.0024	1543.37	1.6297	11.0182	2515.249	0.6498	0.8271
0.633	 1	63.3	10.461	0.0029	1546.113	1.64	10.5079	2535.575	0.6439	0.9109
0.643	 1	64.3	10.457	0.0032	1538.02	1.6381	9.9774	2519.377	0.645	1.0957
0.653	 1	65.3	10.484	0.0159	1542.218	1.6308	9.3953	2515.006	0.6492	1.6077
0.663	 1	66.3	10.751	0.0	110.6571	1.5889	8.972	175.8244	0.6735	3.0344
0.673	 1	67.3	10.856	0.0	111.7378	1.4375	9.0779	160.6246	0.7613	5.5778
0.683	 2	0.4	10.849	0.0	111.6658	1.192	9.5968	133.106	0.9037	4.6477
0.693	 2	1.4	10.833	0.0	111.5011	1.5601	7.3637	173.9476	0.6902	2.3465
0.703	 2	2.4	10.817	0.0001	1440.538	1.5518	6.9031	2235.456	0.695	1.408
0.713	 2	3.4	10.741	0.0011	1542.139	1.5769	6.9317	2431.788	0.6805	1.0363
0.723	 2	4.4	10.661	0.0	109.7307	1.5647	6.5877	171.7006	0.6875	0.8789
0.733	 2	5.4	10.262	0.002	1528.676	1.6286	6.4743	2489.593	0.6505	0.8027
0.743	 2	6.4	10.203	0.0018	1528.31	1.6397	6.5384	2505.92	0.644	0.7633
0.753	 2	7.4	10.192	0.0044	1521.648	1.628	6.0053	2477.223	0.6508	0.7458
0.763	 2	8.4	10.17	0.0135	1517.005	1.6472	5.9724	2498.82	0.6397	0.7405
0.773	 2	9.4	10.169	0.0127	1517.761	1.6396	6.0017	2488.558	0.6441	0.7429
0.783	 2	10.4	10.164	0.0131	1519.055	1.6385	5.4129	2488.978	0.6447	0.748
0.793	 2	11.4	10.169	0.0161	1526.189	1.6521	5.3607	2521.419	0.6368	0.7452
0.803	 2	12.4	10.169	0.0401	1525.045	1.6527	5.3589	2520.38	0.6365	0.7408
0.813	 2	13.4	10.169	0.0264	1525.503	1.6583	4.7474	2529.681	0.6333	0.7369
0.823	 2	14.4	10.169	0.032	1523.902	1.6371	5.4097	2494.854	0.6455	0.7399
0.833	 2	15.4	10.169	0.0303	1516.855	1.6366	4.8102	2482.484	0.6458	0.7433
0.843	 2	16.4	10.169	0.038	1514.371	1.63	5.4333	2468.472	0.6496	0.7433
0.853	 2	17.4	10.174	0.0362	1516.47	1.6457	4.7768	2495.696	0.6405	0.7318
0.863	 2	18.4	10.18	0.0304	1519.857	1.6351	5.3996	2485.125	0.6467	0.7156
0.873	 2	19.4	10.179	0.021	1521.297	1.6042	4.8934	2440.496	0.6646	0.7046
0.883	 2	20.4	10.189	0.0375	1519.159	1.6345	4.7892	2483.04	0.6471	0.7017
0.893	 2	21.4	10.19	0.0273	1514.566	1.6382	5.3742	2481.119	0.6449	0.7045
0.903	 2	22.4	10.194	0.0278	1517.642	1.622	4.8194	2461.557	0.6543	0.708
0.913	 2	23.4	10.189	0.03	1517.575	1.653	4.7354	2508.621	0.6363	0.7117
0.923	 2	24.4	10.193	0.0427	1518.85	1.6499	4.7391	2505.925	0.6381	0.7052
0.933	 2	25.4	10.189	0.0327	1517.575	1.6489	4.7475	2502.266	0.6387	0.6933
0.943	 2	26.4	10.188	0.0232	1518.784	1.6507	4.7435	2507.045	0.6376	0.6796
0.953	 2	27.4	10.193	0.0299	1518.171	1.6541	4.7271	2511.171	0.6357	0.67
0.963	 2	28.4	10.193	0.0283	1515.688	1.6358	4.7801	2479.307	0.6463	0.6627
0.973	 2	29.4	10.193	0.0192	1518.171	1.6463	4.7496	2499.311	0.6402	0.6614
0.983	 2	30.4	10.193	0.0155	1519.755	1.6465	4.7488	2502.341	0.6401	0.6619
0.993	 2	31.4	10.198	0.0181	1519.595	1.6507	4.73	2508.469	0.6376	0.6725
1.003	 2	32.4	10.198	0.0181	1516.657	1.6257	5.4033	2465.58	0.6522	0.6782
1.013	 2	33.4	10.198	0.0106	1517.56	1.6513	4.7284	2505.957	0.6373	0.6878
1.023	 2	34.4	10.198	0.021	1518.916	1.6385	4.7652	2488.803	0.6447	0.6934
1.033	 2	35.4	10.198	0.0153	1514.63	1.6259	4.8021	2462.697	0.652	0.699
1.043	 2	36.4	10.199	0.0143	1519.291	1.6329	4.7804	2480.821	0.648	0.7121
1.053	 2	37.4	10.198	0.0131	1515.079	1.6243	4.807	2460.957	0.653	0.7223
1.063	 2	38.4	10.198	0.0145	1513.955	1.6194	4.8214	2451.747	0.6558	0.7335
1.073	 2	39.4	10.204	0.0145	1513.497	1.6261	4.7936	2461.056	0.6519	0.7437
1.083	 2	40.4	10.199	0.0092	1510.068	1.6117	4.8431	2433.833	0.6602	0.7499
1.093	 2	41.4	10.199	0.0109	1508.951	1.599	4.8818	2412.747	0.6677	0.7582
1.103	 2	42.4	10.196	0.011	1504.057	1.596	4.895	2400.465	0.6694	0.7643
1.113	 2	43.4	10.2	0.0106	1511.783	1.5885	4.9124	2401.53	0.6737	0.7709
1.123	 2	44.4	10.201	0.029	1513.951	1.6163	4.8268	2446.935	0.6576	0.7814
1.133	 2	45.4	10.212	0.021	1513.113	1.63	4.7713	2466.345	0.6497	0.7933
1.143	 2	46.4	10.217	0.0163	1513.854	1.6463	4.7174	2492.237	0.6402	0.7996
1.153	 2	47.4	10.218	0.0171	1515.349	1.663	4.6687	2519.983	0.6305	0.808
1.163	 2	48.4	10.222	0.0154	1522.037	1.6663	4.6542	2536.161	0.6286	0.814
1.173	 2	49.4	10.223	0.015	1518.568	1.6741	4.6311	2542.273	0.6241	0.815
1.183	 2	50.4	10.225	0.0125	1531.835	1.6877	5.1653	2585.213	0.6162	0.8142
1.193	 2	51.4	10.219	0.0267	1529.104	1.6791	4.6226	2567.507	0.6212	0.8115
1.203	 2	52.4	10.216	0.0255	1528.426	1.679	4.6267	2566.242	0.6212	0.8114
1.213	 2	53.4	10.218	0.0288	1529.87	1.6587	4.6807	2537.644	0.633	0.8071
1.223	 2	54.4	10.228	0.021	1526.795	1.6495	4.6935	2518.5	0.6383	0.808
1.233	 2	55.4	10.244	0.0206	1525.994	1.5999	4.8174	2441.385	0.6671	0.8045
1.243	 2	56.4	10.252	0.0169	1521.294	1.575	4.2721	2396.089	0.6815	0.8012
1.253	 2	57.4	10.254	0.0121	1520.914	1.5975	4.811	2429.674	0.6685	0.7951
1.263	 2	58.4	10.259	0.0188	1522.785	1.612	4.7612	2454.659	0.6601	0.7867
1.273	 2	59.4	10.259	0.0321	1522.785	1.6171	4.1528	2462.47	0.6571	0.7798
1.283	 2	60.4	10.253	0.0234	1522.572	1.6105	4.1769	2452.066	0.661	0.7761
1.293	 2	61.4	10.254	0.0045	1516.639	1.5836	4.2467	2401.697	0.6766	0.7756
1.303	 2	62.4	10.249	0.0059	1522.656	1.5721	4.2836	2393.823	0.6832	0.7812
1.313	 2	63.4	10.249	0.0086	1529.017	1.5872	4.2429	2426.88	0.6745	0.785
1.323	 2	64.4	10.241	0.0109	1531.021	1.5916	4.2407	2436.787	0.6719	0.7957
1.333	 2	65.4	10.247	0.0175	1529.631	1.5899	4.2381	2431.942	0.6729	0.8095
1.343	 2	66.4	10.236	0.0178	1522.988	1.5871	4.2587	2417.187	0.6745	0.8167
1.353	 2	67.4	10.231	0.0132	1519.531	1.5963	4.2401	2425.674	0.6692	0.8245
1.363	 2	68.4	10.226	0.0217	1520.369	1.6043	4.8286	2439.095	0.6646	0.8295
1.373	 2	69.4	10.211	0.0225	1522.212	1.6217	4.1974	2468.569	0.6545	0.8246
1.383	 2	70.4	10.209	0.0212	1522.141	1.6226	4.7972	2469.763	0.654	0.8246
1.393	 2	71.4	10.2	0.0221	1519.893	1.6308	4.7851	2478.647	0.6492	0.8262
1.403	 2	72.4	10.201	0.0279	1518.91	1.629	4.1904	2474.311	0.6502	0.8273
1.413	 2	73.4	10.196	0.0304	1517.714	1.6298	4.7935	2473.575	0.6498	0.8191
1.423	 2	74.4	10.191	0.0283	1516.969	1.6098	4.8599	2442.0	0.6614	0.8106
1.433	 2	75.4	10.191	0.0277	1518.099	1.6386	4.7746	2487.499	0.6447	0.7987
1.443	 2	76.4	10.181	0.0295	1515.255	1.6251	4.8278	2462.469	0.6525	0.7879
1.453	 2	77.4	10.177	0.0215	1510.837	1.6397	4.7902	2477.339	0.644	0.7831
1.463	 2	78.4	10.174	0.0153	1516.697	1.6341	4.2093	2478.508	0.6472	0.7756
1.473	 2	79.4	10.167	0.022	1515.879	1.6045	4.2955	2432.258	0.6644	0.7696
1.483	 2	80.4	10.167	0.0178	1512.496	1.5592	4.4205	2358.23	0.6907	0.7585
1.493	 2	81.4	10.157	0.0117	1509.885	1.5594	3.7991	2354.566	0.6906	0.7523
1.503	 2	82.4	10.163	0.0095	1507.416	1.5795	3.7445	2380.927	0.679	0.7495
1.513	 2	83.4	10.165	0.0204	1514.677	1.5898	3.718	2408.064	0.673	0.7474
1.523	 2	84.4	10.169	0.0222	1507.188	1.5644	3.7741	2357.906	0.6877	0.7466
1.533	 2	85.4	10.175	0.0123	1506.961	1.5491	3.8049	2334.478	0.6966	0.7457
1.543	 2	86.4	10.18	0.0178	1508.372	1.5524	3.7915	2341.571	0.6947	0.7467
1.553	 2	87.4	10.181	0.0112	1510.982	1.5703	3.7473	2372.626	0.6843	0.7496
1.563	 2	88.4	10.192	0.0098	1525.52	1.5794	3.7141	2409.365	0.679	0.761
1.573	 2	89.4	10.192	0.024	1528.953	1.5546	3.7733	2376.884	0.6934	0.7796
1.583	 2	90.4	10.194	0.0274	1526.962	1.5576	4.3913	2378.339	0.6917	0.7952
1.593	 2	91.4	10.192	0.0286	1528.724	1.6356	3.5863	2500.456	0.6464	0.8039
1.603	 2	92.4	10.194	0.0394	1529.253	1.6411	4.1677	2509.68	0.6432	0.8083
1.613	 2	93.4	10.191	0.0537	1529.262	1.6536	0.0	2528.727	0.636	0.8439
1.623	 2	94.4	10.195	0.0632	1528.027	1.6552	4.1312	2529.12	0.6351	0.8428
1.633	 2	95.4	10.191	0.0546	1527.428	1.6505	4.7401	2520.999	0.6378	0.8401
1.643	 2	96.4	10.19	0.0321	1522.259	1.6658	4.6977	2535.837	0.6289	0.841
1.653	 2	97.4	10.189	0.0254	1520.973	1.6666	4.697	2534.807	0.6284	0.8355
1.663	 2	98.4	10.194	0.0177	1527.191	1.6564	4.7191	2529.698	0.6343	0.8428
1.673	 2	99.4	10.194	0.042	1528.336	1.6604	4.7079	2537.616	0.632	0.8471
1.683	 2	100.4	10.199	0.0386	1529.315	1.6652	4.6875	2546.644	0.6292	0.8501
1.693	 2	101.4	10.198	0.0475	1528.248	1.6631	4.6948	2541.654	0.6304	0.8539
1.703	 2	102.4	10.196	0.0357	1526.804	1.6711	4.0906	2551.463	0.6258	0.8573
1.713	 2	103.4	10.189	0.0359	1529.421	1.6508	4.7419	2524.783	0.6376	0.8556
1.723	 2	104.4	10.188	0.0375	1526.064	1.6733	4.6795	2553.535	0.6245	0.8525
1.733	 2	105.4	10.186	0.0301	1526.907	1.6566	4.7293	2529.499	0.6342	0.8549
1.743	 2	106.4	10.182	0.0236	1526.995	1.6584	4.7296	2532.354	0.6332	0.8572
1.753	 2	107.4	10.182	0.0246	1524.936	1.6575	4.732	2527.654	0.6337	0.863
1.763	 2	108.4	10.177	0.0244	1527.161	1.6464	4.7709	2514.243	0.6402	0.8623
1.773	 2	109.4	10.177	0.0253	1527.161	1.6702	4.1148	2550.726	0.6263	0.8581
1.783	 2	110.4	10.177	0.0218	1525.558	1.6533	4.157	2522.229	0.6361	0.8556
1.793	 2	111.4	10.173	0.0332	1524.73	1.659	4.7399	2529.548	0.6328	0.8487
1.803	 2	112.4	10.177	0.0184	1525.787	1.6651	4.7171	2540.636	0.6293	0.8427
1.813	 2	113.4	10.179	0.0296	1526.545	1.6716	4.1091	2551.804	0.6255	0.8434
1.823	 2	114.4	10.179	0.0332	1525.172	1.6558	4.1484	2525.365	0.6347	0.8445
1.833	 2	115.4	10.178	0.0307	1522.741	1.6602	4.7299	2528.006	0.6322	0.8445
1.843	 2	116.4	10.179	0.0306	1524.031	1.6422	4.1828	2502.687	0.6426	0.8508
1.853	 2	117.4	10.184	0.0451	1522.045	1.6342	4.7969	2487.307	0.6472	0.8532
1.863	 2	118.4	10.184	0.0319	1519.093	1.6383	4.7848	2488.745	0.6448	0.8569
1.873	 2	119.4	10.185	0.0354	1527.215	1.6373	4.7863	2500.546	0.6454	0.8628
1.883	 2	120.4	10.191	0.0472	1528.115	1.6388	4.7738	2504.332	0.6445	0.8685
1.893	 2	121.4	10.201	0.0417	1523.902	1.6397	4.163	2498.761	0.644	0.8752
1.903	 2	122.4	10.212	0.027	1523.27	1.6468	4.7225	2508.541	0.6399	0.8788
1.913	 2	123.4	10.215	0.0221	1525.082	1.6553	4.6944	2524.435	0.635	0.8823
1.923	 2	124.4	10.222	0.0276	1528.181	1.6558	4.6836	2530.408	0.6347	0.8875
1.933	 2	125.4	10.222	0.017	1523.852	1.662	4.6661	2532.7	0.6311	0.8899
1.943	 2	126.4	10.232	0.0272	1525.798	1.6508	4.6845	2518.858	0.6376	0.9016
1.953	 2	127.4	10.23	0.0272	1524.59	1.6557	4.6735	2524.203	0.6348	0.9061
1.963	 2	128.4	10.236	0.0251	1527.305	1.6385	4.7144	2502.519	0.6447	0.9162
1.973	 2	129.4	10.239	0.0194	1524.114	1.6664	4.6317	2539.739	0.6286	0.9207
1.983	 2	130.4	10.239	0.0119	1523.207	1.6684	4.6262	2541.266	0.6274	0.9824
1.993	 2	131.4	10.243	0.016	1524.483	1.641	4.698	2501.672	0.6433	0.9969
2.003	 2	132.4	10.253	0.0303	1528.474	1.6661	4.6143	2546.571	0.6287	0.9935
2.013	 2	133.4	10.263	0.0371	1530.192	1.6602	4.6176	2540.431	0.6321	0.9914
2.023	 2	134.4	10.267	0.038	1531.017	1.6601	5.1892	2541.677	0.6322	0.9915
2.033	 2	135.4	10.277	0.0391	1530.682	1.6602	5.1744	2541.252	0.6321	0.9956
2.043	 2	136.4	10.28	0.0435	1526.582	1.6504	4.6229	2519.488	0.6378	0.9888
2.053	 2	137.4	10.293	0.0312	1527.605	1.6333	4.6544	2495.04	0.6477	1.0057
2.063	 2	138.4	10.308	0.0284	1526.885	1.6426	4.6087	2508.021	0.6424	0.9944
2.073	 2	139.4	10.335	0.0164	1524.336	1.6198	4.6384	2469.145	0.6556	0.9893
2.083	 2	140.4	10.343	0.01	1526.417	1.6359	4.5825	2497.071	0.6462	0.9988
2.093	 2	141.4	10.425	0.0046	1524.123	1.6083	4.5565	2451.202	0.6623	1.0136
2.103	 2	142.4	10.505	0.0018	1532.235	1.6112	5.0055	2468.772	0.6605	1.0243
2.113	 2	143.4	10.535	0.0002	1524.381	1.6457	4.3207	2508.598	0.6406	1.0471
2.123	 2	144.4	10.531	0.0013	1539.845	1.6543	4.8407	2547.337	0.6356	1.0883
2.133	 2	145.4	10.501	0.0013	1546.539	1.6518	4.8878	2554.627	0.637	1.1551
2.143	 2	146.4	10.48	0.0039	1536.206	1.6531	4.3663	2539.568	0.6362	1.3013
2.153	 2	147.4	10.48	0.0017	1548.463	1.6851	4.2834	2609.341	0.6177	1.6707
2.163	 2	148.4	10.466	0.0053	1552.819	1.7065	4.246	2649.906	0.6053	3.0985
2.173	 2	149.4	10.667	0.0006	1565.913	1.6258	4.2199	2545.936	0.6521	10.8903
2.183	 2	150.4	10.842	0.0	111.5937	1.0655	6.1465	118.8997	0.9771	76.6054
2.193	 3	0.7	10.816	0.0	111.3261	1.4482	3.9841	161.22	0.7551	12.214
2.203	 3	1.7	10.859	0.0	111.7687	1.6077	4.0553	179.6862	0.6626	3.7107
2.213	 3	2.7	10.845	0.0	111.6246	1.6003	4.0891	178.6295	0.6669	2.0804
2.223	 3	3.7	10.8	0.0	111.1614	1.6047	4.1265	178.3824	0.6643	1.5091
2.233	 3	4.7	10.562	0.0	108.7118	1.6229	4.8929	176.4276	0.6538	1.2686
2.243	 3	5.7	10.242	0.0001	1024.61	1.6582	4.6505	1699.036	0.6333	1.1632
2.253	 3	6.7	10.175	0.0001	1016.281	1.682	5.2564	1709.407	0.6195	1.1013
2.263	 3	7.7	10.152	0.0001	1017.438	1.6746	4.7237	1703.842	0.6238	1.0659
2.273	 3	8.7	10.151	0.0002	1107.462	1.659	4.7698	1837.228	0.6329	1.0386
2.283	 3	9.7	10.153	0.0003	1112.17	1.6502	4.7922	1835.35	0.6379	1.027
2.293	 3	10.7	10.147	0.0003	1113.342	1.6468	5.4118	1833.424	0.6399	1.017
2.303	 3	11.7	10.153	0.0005	1118.049	1.6643	4.7519	1860.719	0.6298	1.0075
2.313	 3	12.7	10.151	0.0004	1113.415	1.6694	4.7399	1858.73	0.6268	1.009
2.323	 3	13.7	10.155	0.0004	1108.624	1.6603	4.7606	1840.611	0.6321	0.9981
2.333	 3	14.7	10.167	0.0005	1108.724	1.6813	4.6849	1864.131	0.6199	1.0005
2.343	 3	15.7	10.173	0.0008	1110.832	1.6652	4.7222	1849.78	0.6292	0.9939
2.353	 3	16.7	10.18	0.0006	1159.321	1.6692	5.2894	1935.115	0.6269	0.9803
2.363	 3	17.7	10.19	0.0006	1108.693	1.6487	4.7466	1827.899	0.6388	0.9691
2.373	 3	18.7	10.199	0.0008	1103.668	1.6593	4.7043	1831.298	0.6327	0.9583
2.383	 3	19.7	10.205	0.0015	1100.625	1.6606	4.6927	1827.658	0.6319	0.946
2.393	 3	20.7	10.207	0.001	1097.173	1.6742	5.2334	1836.852	0.624	0.9297
2.403	 3	21.7	10.209	0.0011	1145.149	1.6773	4.6407	1920.738	0.6222	0.9196
2.413	 3	22.7	10.209	0.0011	1438.09	1.6758	4.6447	2410.019	0.6231	0.9206
2.423	 3	23.7	10.213	0.0011	1521.15	1.6789	4.6309	2553.899	0.6213	0.9149
2.433	 3	24.7	10.212	0.0012	1519.191	1.6625	4.0931	2525.704	0.6308	0.9107
2.443	 3	25.7	10.212	0.0026	1520.322	1.6482	4.7185	2505.804	0.6391	0.8943
2.453	 3	26.7	10.212	0.0032	1523.952	1.6745	3.4834	2551.848	0.6238	0.8794
2.463	 3	27.7	10.214	0.008	1527.213	1.6396	4.7408	2503.954	0.6441	0.8635
2.473	 3	28.7	10.217	0.008	1512.957	1.6561	4.1033	2505.575	0.6345	0.8546
2.483	 3	29.7	10.212	0.0026	1523.27	1.6226	4.1938	2471.695	0.6539	0.8524
2.493	 3	30.7	10.218	0.0044	1532.393	1.5886	4.2763	2434.391	0.6737	0.8658
2.503	 3	31.7	10.218	0.0028	1516.924	1.5625	4.3477	2370.235	0.6888	0.8684
2.513	 3	32.7	10.213	0.0013	1503.681	1.5705	4.3319	2361.467	0.6842	0.8652
2.523	 3	33.7	10.218	0.001	1272.478	1.6337	4.1584	2078.825	0.6475	0.8541
2.533	 3	34.7	10.213	0.0012	1383.5	1.6536	4.114	2287.808	0.6359	0.8439
2.543	 3	35.7	10.208	0.0021	1520.858	1.6536	4.1199	2514.9	0.636	0.8374
2.553	 3	36.7	10.204	0.0027	1520.262	1.6365	4.1677	2487.87	0.6459	0.8369
2.563	 3	37.7	10.203	0.0027	1527.853	1.6347	4.1734	2497.595	0.6469	0.8545
2.573	 3	38.7	10.199	0.0036	1513.429	1.6334	4.1814	2472.079	0.6477	0.8699
2.583	 3	39.7	10.205	0.0037	1508.277	1.6197	3.6084	2442.914	0.6556	0.8744
2.593	 3	40.7	10.201	0.0045	1511.931	1.6077	4.246	2430.696	0.6626	0.8836
2.603	 3	41.7	10.205	0.0053	1507.385	1.5784	3.7027	2379.251	0.6796	0.9038
2.613	 3	42.7	10.211	0.0038	1509.833	1.5003	3.889	2265.132	0.7249	0.9153
2.623	 3	43.7	10.206	0.0025	1502.65	1.5027	3.8883	2257.971	0.7235	0.9331
2.633	 3	44.7	10.206	0.002	1507.756	1.5509	3.7672	2338.44	0.6955	0.953
2.643	 3	45.7	10.215	0.0061	1520.542	1.6015	3.6391	2435.121	0.6662	0.9711
2.653	 3	46.7	10.211	0.0156	1517.913	1.681	4.0494	2551.589	0.6201	0.9815
2.663	 3	47.7	10.212	0.0086	1513.562	1.641	4.7393	2483.732	0.6433	0.9987
2.673	 3	48.7	10.214	0.0054	1506.49	1.5601	4.9823	2350.253	0.6902	1.0101
2.683	 3	49.7	10.216	0.0063	1528.197	1.7211	4.5136	2630.195	0.5968	1.0188
2.693	 3	50.7	10.221	0.0031	1567.157	1.821	4.26	2853.796	0.5389	1.0137
2.703	 3	51.7	10.221	0.0067	1557.842	1.7373	4.4653	2706.379	0.5874	1.0309
2.713	 3	52.7	10.223	0.0244	1531.995	1.6897	4.5883	2588.664	0.615	1.0531
2.723	 3	53.7	10.225	0.0275	1524.299	1.6976	5.135	2587.646	0.6104	1.0788
2.733	 3	54.7	10.221	0.0134	1520.077	1.7188	5.0775	2612.655	0.5982	1.0884
2.743	 3	55.7	10.228	0.0143	1522.25	1.6986	5.1278	2585.648	0.6099	1.1067
2.753	 3	56.7	10.238	0.0126	1518.541	1.696	4.552	2575.488	0.6114	1.1184
2.763	 3	57.7	10.242	0.0111	1518.683	1.701	5.1004	2583.22	0.6085	1.1313
2.773	 3	58.7	10.243	0.0039	1508.542	1.6905	5.1305	2550.214	0.6146	1.133
2.783	 3	59.7	10.255	0.0047	1522.643	1.7089	5.0582	2602.021	0.6039	1.1269
2.793	 3	60.7	10.255	0.0116	1521.739	1.7012	5.0811	2588.731	0.6084	1.1338
2.803	 3	61.7	10.254	0.0128	1528.167	1.7085	5.6232	2610.804	0.6041	1.1345
2.813	 3	62.7	10.256	0.0089	1528.921	1.7025	5.0758	2602.957	0.6076	1.1424
2.823	 3	63.7	10.252	0.0131	1528.097	1.699	5.0919	2596.246	0.6096	1.1513
2.833	 3	64.7	10.253	0.0095	1523.477	1.686	5.1299	2568.511	0.6172	1.1549
2.843	 3	65.7	10.249	0.01	1520.172	1.6834	5.1434	2559.08	0.6187	1.1689
2.853	 3	66.7	10.253	0.0091	1520.765	1.6921	5.1113	2573.26	0.6136	1.1681
2.863	 3	67.7	10.247	0.0065	1516.501	1.6808	5.7268	2549.006	0.6202	1.1748
2.873	 3	68.7	10.244	0.0069	1516.506	1.6986	5.1047	2575.883	0.6099	1.1757
2.883	 3	69.7	10.237	0.008	1517.717	1.6828	5.1628	2553.981	0.619	1.1706
2.893	 3	70.7	10.233	0.0091	1517.574	1.6887	5.1506	2562.674	0.6156	1.1724
2.903	 3	71.7	10.228	0.0106	1517.958	1.6793	5.7627	2549.173	0.621	1.1676
2.913	 3	72.7	10.222	0.011	1521.131	1.6905	5.161	2571.446	0.6146	1.1487
2.923	 3	73.7	10.214	0.0102	1519.262	1.6912	5.1704	2569.412	0.6141	1.1233
2.933	 3	74.7	10.212	0.008	1514.909	1.6751	5.2232	2537.575	0.6235	1.1013
2.943	 3	75.7	10.203	0.0072	1510.884	1.6623	5.2768	2511.544	0.6309	1.0832
2.953	 3	76.7	10.194	0.0058	1508.211	1.6763	5.246	2528.22	0.6228	1.0667
2.963	 3	77.7	10.187	0.0059	1510.752	1.6876	5.2214	2549.471	0.6163	1.0674
2.973	 3	78.7	10.185	0.0061	1511.801	1.6893	4.639	2553.937	0.6152	1.0579
2.983	 3	79.7	10.177	0.0069	1514.66	1.6688	4.7067	2527.693	0.6271	1.0454
2.993	 3	80.7	10.172	0.0097	1522.527	1.6719	4.7046	2545.537	0.6253	1.0366
3.003	 3	81.7	10.173	0.0119	1523.132	1.672	4.7029	2546.733	0.6253	1.0199
3.013	 3	82.7	10.163	0.0174	1521.407	1.6654	4.735	2533.817	0.6291	1.002
3.023	 3	83.7	10.163	0.0169	1516.639	1.6313	4.8342	2474.043	0.6489	0.9882
3.033	 3	84.7	10.168	0.019	1513.771	1.5967	4.9318	2417.031	0.669	0.9808
3.043	 3	85.7	10.164	0.0188	1506.894	1.5934	4.9477	2401.055	0.6709	0.9825
3.053	 3	86.7	10.169	0.0161	1507.412	1.5871	4.3402	2392.424	0.6745	1.0001
3.063	 3	87.7	10.169	0.0156	1507.188	1.5314	4.498	2308.151	0.7068	1.0092
3.073	 3	88.7	10.175	0.0164	1505.846	1.5137	5.1918	2279.442	0.7171	1.0214
3.083	 3	89.7	10.175	0.0188	1508.525	1.5686	4.3839	2366.301	0.6853	1.0227
3.093	 3	90.7	10.175	0.0193	1513.461	1.6489	4.7662	2495.544	0.6387	1.0331
3.103	 3	91.7	10.181	0.0173	1520.006	1.7035	4.03	2589.268	0.607	1.0382
3.113	 3	92.7	10.186	0.0201	1530.119	1.7059	4.0186	2610.181	0.6056	1.0495
3.123	 3	93.7	10.187	0.0275	1530.959	1.6881	4.6396	2584.46	0.6159	1.0515
3.133	 3	94.7	10.191	0.0275	1536.177	1.7244	4.5369	2649.025	0.5949	1.0556
3.143	 3	95.7	10.197	0.0316	1536.387	1.71	4.5675	2627.147	0.6033	1.0589
3.153	 3	96.7	10.202	0.0253	1531.602	1.7374	4.4889	2661.058	0.5873	1.0646
3.163	 3	97.7	10.206	0.0186	1531.512	1.7429	5.0285	2669.252	0.5842	1.0595
3.173	 3	98.7	10.207	0.0273	1534.656	1.7311	4.499	2656.641	0.591	1.0553
3.183	 3	99.7	10.207	0.019	1531.203	1.7393	4.4776	2663.28	0.5862	1.0498
3.193	 3	100.7	10.204	0.0162	1530.064	1.7159	5.1104	2625.482	0.5998	1.0546
3.203	 3	101.7	10.204	0.0155	1531.212	1.7147	5.114	2625.621	0.6005	1.0571
3.213	 3	102.7	10.198	0.0141	1531.691	1.7305	4.512	2650.591	0.5914	1.0768
3.223	 3	103.7	10.199	0.0174	1531.381	1.7061	4.5753	2612.626	0.6055	1.0982
3.233	 3	104.7	10.194	0.011	1537.093	1.726	4.5288	2653.07	0.5939	1.1136
3.243	 3	105.7	10.193	0.005	1553.574	1.796	4.8978	2790.234	0.5534	1.1043
3.253	 3	106.7	10.193	0.0075	1553.337	1.7603	4.9971	2734.37	0.5741	1.0967
3.263	 3	107.7	10.189	0.0184	1534.026	1.7523	5.0257	2688.052	0.5787	1.0972
3.273	 3	108.7	10.188	0.0122	1534.337	1.7728	4.9688	2720.127	0.5668	1.1071
3.283	 3	109.7	10.182	0.0123	1536.442	1.7569	5.5804	2699.392	0.576	1.1087
3.293	 3	110.7	10.183	0.0176	1535.203	1.7589	5.0152	2700.301	0.5749	1.1142
3.303	 3	111.7	10.179	0.0274	1532.52	1.7438	5.0644	2672.432	0.5836	1.1173
3.313	 3	112.7	10.184	0.0136	1529.359	1.7338	5.6516	2651.587	0.5894	1.1169
3.323	 3	113.7	10.178	0.0118	1527.311	1.7111	5.1628	2613.324	0.6026	1.1168
3.333	 3	114.7	10.178	0.0122	1528.458	1.7114	5.7355	2615.74	0.6025	1.1116
3.343	 3	115.7	10.178	0.0151	1528.917	1.7013	5.7693	2601.165	0.6083	1.1129
3.353	 3	116.7	10.178	0.0229	1527.54	1.706	5.178	2606.025	0.6056	1.1055
3.363	 3	117.7	10.178	0.0228	1527.999	1.7173	5.7156	2624.061	0.599	1.0926
3.373	 3	118.7	10.179	0.0222	1530.447	1.7271	5.6817	2643.178	0.5934	1.0819
3.383	 3	119.7	10.178	0.0229	1528.687	1.7013	5.1924	2600.774	0.6083	1.0625
3.393	 3	120.7	10.182	0.024	1523.339	1.6561	5.328	2522.869	0.6345	1.0497
3.403	 3	121.7	10.184	0.0208	1519.32	1.668	5.2872	2534.158	0.6276	1.0392
3.413	 3	122.7	10.184	0.0187	1519.093	1.6581	4.7278	2518.755	0.6334	1.0371
3.423	 3	123.7	10.184	0.0194	1514.575	1.62	4.8388	2453.666	0.6554	1.0319
3.433	 3	124.7	10.189	0.0189	1512.17	1.629	4.8053	2463.342	0.6502	1.029
3.443	 3	125.7	10.193	0.0172	1516.59	1.6552	4.7239	2510.256	0.635	1.0255
3.453	 3	126.7	10.194	0.0178	1520.358	1.6835	5.2236	2559.521	0.6186	1.0279
3.463	 3	127.7	10.204	0.0152	1522.303	1.694	5.1764	2578.857	0.6125	1.0345
3.473	 3	128.7	10.203	0.0169	1523.518	1.7104	5.1283	2605.872	0.603	1.0555
3.483	 3	129.7	10.213	0.0142	1524.784	1.7147	5.101	2614.57	0.6005	1.0875
3.493	 3	130.7	10.223	0.0134	1529.245	1.7403	5.0119	2661.337	0.5857	1.1065
3.503	 3	131.7	10.227	0.0109	1532.594	1.7184	5.0701	2633.543	0.5984	1.1908
3.513	 3	132.7	10.237	0.0105	1527.227	1.7257	5.5937	2635.569	0.5941	1.2297
3.523	 3	133.7	10.243	0.009	1526.3	1.7271	5.5796	2636.128	0.5933	1.2398
3.533	 3	134.7	10.253	0.0096	1528.474	1.7098	5.0583	2613.406	0.6034	1.2443
3.543	 3	135.7	10.261	0.0098	1528.299	1.7238	5.006	2634.487	0.5952	1.2386
3.553	 3	136.7	10.266	0.0081	1524.276	1.7181	4.4582	2618.909	0.5985	1.232
3.563	 3	137.7	10.274	0.0075	1526.144	1.6916	5.0828	2581.549	0.614	1.2135
3.573	 3	138.7	10.28	0.0074	1527.489	1.695	5.0641	2589.043	0.612	1.205
3.583	 3	139.7	10.291	0.0083	1529.805	1.6996	5.0346	2600.125	0.6093	1.1903
3.593	 3	140.7	10.316	0.0054	1525.584	1.6585	4.5544	2530.127	0.6331	1.1835
3.603	 3	141.7	10.34	0.0052	1525.974	1.6467	4.5562	2512.846	0.64	1.1678
3.613	 3	142.7	10.439	0.0042	1533.568	1.6333	4.4693	2504.82	0.6477	1.1595
3.623	 3	143.7	10.505	0.004	1531.341	1.6052	4.466	2458.142	0.664	1.1628
3.633	 3	144.7	10.509	0.0	108.1662	1.628	4.3986	176.0954	0.6508	1.1777
3.643	 3	145.7	10.53	0.0	108.3824	1.6326	4.9064	176.9431	0.6482	1.2242
3.653	 3	146.7	10.506	0.0001	1506.236	1.6226	4.4168	2444.072	0.6539	1.3555
3.663	 3	147.7	10.478	0.0014	1489.622	1.6231	4.4496	2417.79	0.6537	1.6509
3.673	 3	148.7	10.465	0.0003	1500.789	1.6326	4.4394	2450.21	0.6481	2.4105
3.683	 3	149.7	10.479	0.0039	1508.204	1.6196	4.4579	2442.718	0.6557	4.6402
3.693	 3	150.7	10.723	0.0	110.3689	1.5755	4.2899	173.8887	0.6813	13.4316
3.703	 4	0.0	10.824	0.0	111.4084	0.9411	6.1179	104.8452	1.0493	35.7812
3.713	 4	1.0	10.813	0.0	111.2952	1.1552	4.9983	128.5727	0.925	12.5095
3.723	 4	2.0	10.81	0.0	111.2644	1.5786	3.6607	175.6441	0.6795	4.5526
3.733	 4	3.0	10.8	0.0	111.1614	1.6031	4.1308	178.1975	0.6653	2.4415
3.743	 4	4.0	10.745	0.0	110.5953	1.5903	4.2251	175.8845	0.6727	1.6691
3.753	 4	5.0	10.447	0.0002	1544.5	1.6141	4.5125	2493.03	0.6589	1.3589
3.763	 4	6.0	10.232	0.0006	1526.936	1.6367	4.725	2499.096	0.6458	1.2052
3.773	 4	7.0	10.179	0.0082	1523.346	1.6441	4.7748	2504.514	0.6415	1.1199
3.783	 4	8.0	10.167	0.0365	1517.01	1.6544	4.7612	2509.714	0.6355	1.0742
3.793	 4	9.0	10.166	0.0462	1518.673	1.6667	4.7275	2531.097	0.6284	1.0483
3.803	 4	10.0	10.16	0.0294	1515.965	1.6516	5.3761	2503.786	0.6371	1.0267
3.813	 4	11.0	10.165	0.0252	1516.485	1.6436	4.7952	2492.468	0.6418	1.0132
3.823	 4	12.0	10.161	0.0262	1516.567	1.6652	5.3306	2525.396	0.6292	0.9973
3.833	 4	13.0	10.167	0.0352	1517.236	1.6566	4.7548	2513.488	0.6342	0.986
3.843	 4	14.0	10.171	0.0405	1518.06	1.6619	4.7344	2522.825	0.6312	0.9689
3.853	 4	15.0	10.177	0.0326	1517.144	1.6654	4.7163	2526.674	0.6291	0.9623
3.863	 4	16.0	10.18	0.0282	1514.43	1.6495	4.7578	2498.022	0.6384	0.9564
3.873	 4	17.0	10.19	0.0229	1512.992	1.6373	4.7795	2477.29	0.6454	0.9489
3.883	 4	18.0	10.197	0.0164	1512.459	1.6487	4.7372	2493.559	0.6388	0.9406
3.893	 4	19.0	10.204	0.0144	1512.152	1.6621	4.6896	2513.405	0.631	0.9332
3.903	 4	20.0	10.212	0.0153	1513.562	1.6451	4.7273	2490.028	0.6409	0.9236
3.913	 4	21.0	10.222	0.0132	1514.146	1.6358	4.7409	2476.83	0.6463	0.9154
3.923	 4	22.0	10.227	0.0148	1516.459	1.6553	4.6785	2510.198	0.635	0.9128
3.933	 4	23.0	10.23	0.018	1517.804	1.6613	4.6576	2521.534	0.6315	0.9075
3.943	 4	24.0	10.232	0.0169	1516.751	1.6675	4.6377	2529.197	0.6279	0.9079
3.953	 4	25.0	10.237	0.0126	1516.817	1.6715	4.6199	2535.435	0.6256	0.9009
3.963	 4	26.0	10.232	0.0185	1518.326	1.677	5.188	2546.171	0.6224	0.9042
3.973	 4	27.0	10.237	0.0217	1518.843	1.6681	4.6294	2533.613	0.6275	0.9013
3.983	 4	28.0	10.236	0.017	1517.344	1.6709	5.2011	2535.26	0.626	0.9047
3.993	 4	29.0	10.232	0.0166	1516.526	1.6647	5.2263	2524.508	0.6295	0.9051
4.003	 4	30.0	10.232	0.014	1515.178	1.6649	5.2254	2522.695	0.6294	0.9053
4.013	 4	31.0	10.227	0.016	1514.438	1.6581	4.6705	2511.117	0.6333	0.9151
4.023	 4	32.0	10.226	0.015	1514.29	1.6588	5.2535	2511.972	0.6329	0.9223
4.033	 4	33.0	10.222	0.0118	1514.146	1.6838	4.6058	2549.517	0.6184	0.9272
4.043	 4	34.0	10.222	0.0102	1514.37	1.6769	4.6248	2539.407	0.6225	0.9336
4.053	 4	35.0	10.218	0.0086	1512.433	1.6495	5.2953	2494.714	0.6384	0.9407
4.063	 4	36.0	10.218	0.0069	1510.198	1.6672	5.2389	2517.848	0.6281	0.954
4.073	 4	37.0	10.218	0.0066	1510.421	1.6712	4.6457	2524.25	0.6257	0.9792
4.083	 4	38.0	10.214	0.0061	1509.607	1.6753	5.2195	2529.064	0.6234	1.0063
4.093	 4	39.0	10.213	0.0052	1511.47	1.6792	5.2089	2538.082	0.6211	1.0311
4.103	 4	40.0	10.208	0.0069	1512.969	1.6806	4.6328	2542.715	0.6203	1.0487
4.113	 4	41.0	10.211	0.0061	1512.741	1.6752	5.2242	2534.191	0.6234	1.0717
4.123	 4	42.0	10.209	0.0053	1511.101	1.667	5.253	2518.995	0.6282	1.0789
4.133	 4	43.0	10.208	0.0048	1511.625	1.6657	5.2584	2517.967	0.6289	1.0883
4.143	 4	44.0	10.207	0.0057	1513.494	1.6639	5.2657	2518.323	0.63	1.0966
4.153	 4	45.0	10.209	0.0068	1515.138	1.6753	5.227	2538.27	0.6234	1.0998
4.163	 4	46.0	10.209	0.0061	1514.014	1.6704	5.2422	2529.026	0.6262	1.101
4.173	 4	47.0	10.204	0.0056	1514.171	1.6701	5.2507	2528.799	0.6264	1.0929
4.183	 4	48.0	10.206	0.0056	1514.918	1.6923	5.179	2563.63	0.6135	1.103
4.193	 4	49.0	10.214	0.0063	1514.531	1.6639	4.6714	2520.039	0.63	1.0933
4.203	 4	50.0	10.208	0.0061	1513.417	1.6795	5.2155	2541.725	0.621	1.0987
4.213	 4	51.0	10.214	0.0058	1514.307	1.6779	5.2115	2540.854	0.6219	1.0976
4.223	 4	52.0	10.209	0.0054	1514.239	1.6693	5.2458	2527.674	0.6269	1.0952
4.233	 4	53.0	10.218	0.0061	1524.847	1.6958	5.1506	2585.872	0.6115	1.0984
4.243	 4	54.0	10.218	0.0081	1522.802	1.6689	5.2335	2541.464	0.6271	1.0972
4.253	 4	55.0	10.233	0.0075	1517.799	1.6722	5.2013	2538.067	0.6252	1.0978
4.263	 4	56.0	10.243	0.0093	1517.032	1.6694	4.618	2532.573	0.6268	1.101
4.273	 4	57.0	10.255	0.0067	1518.135	1.695	5.0997	2573.205	0.612	1.1006
4.283	 4	58.0	10.26	0.0053	1520.225	1.6753	5.1525	2546.767	0.6234	1.1009
4.293	 4	59.0	10.278	0.0045	1523.569	1.6891	4.5195	2573.516	0.6154	1.1003
4.303	 4	60.0	10.273	0.0034	1521.926	1.6926	5.0811	2576.004	0.6133	1.0968
4.313	 4	61.0	10.263	0.0036	1521.346	1.6893	5.1055	2569.955	0.6153	1.0969
4.323	 4	62.0	10.261	0.0058	1525.572	1.6955	5.0897	2586.541	0.6117	1.1029
4.333	 4	63.0	10.253	0.0066	1525.29	1.6962	5.0989	2587.182	0.6113	1.1009
4.343	 4	64.0	10.252	0.0089	1526.731	1.7154	5.0433	2618.902	0.6001	1.0976
4.353	 4	65.0	10.249	0.0072	1524.922	1.7057	5.0761	2601.088	0.6057	1.0944
4.363	 4	66.0	10.248	0.0066	1525.454	1.7118	5.0594	2611.337	0.6022	1.0905
4.373	 4	67.0	10.236	0.0087	1527.761	1.704	4.5332	2603.348	0.6067	1.082
4.383	 4	68.0	10.238	0.0128	1525.328	1.6855	4.5804	2570.962	0.6175	1.0745
4.393	 4	69.0	10.236	0.0114	1525.257	1.6821	4.5923	2565.595	0.6194	1.0689
4.403	 4	70.0	10.231	0.0113	1525.649	1.6809	5.1774	2564.419	0.6201	1.0698
4.413	 4	71.0	10.226	0.017	1525.358	1.6846	4.5984	2569.6	0.618	1.0723
4.423	 4	72.0	10.221	0.0124	1525.295	1.6679	5.2324	2544.008	0.6277	1.0678
4.433	 4	73.0	10.221	0.0131	1524.385	1.6872	4.5979	2571.873	0.6165	1.0611
4.443	 4	74.0	10.216	0.0127	1523.866	1.6842	5.189	2566.508	0.6182	1.0584
4.453	 4	75.0	10.211	0.0132	1522.666	1.6758	4.6421	2551.693	0.6231	1.0563
4.463	 4	76.0	10.207	0.0131	1520.936	1.6834	4.6265	2560.308	0.6187	1.0594
4.473	 4	77.0	10.202	0.0115	1519.738	1.6932	4.6061	2573.239	0.613	1.0621
4.483	 4	78.0	10.191	0.012	1520.364	1.6912	4.6259	2571.311	0.6141	1.073
4.493	 4	79.0	10.192	0.014	1521.875	1.7043	4.5892	2593.692	0.6066	1.0532
4.503	 4	80.0	10.181	0.0177	1520.914	1.7085	4.0182	2598.455	0.6041	1.0551
4.513	 4	81.0	10.177	0.0144	1522.819	1.6977	4.6267	2585.236	0.6104	1.0619
4.523	 4	82.0	10.172	0.0164	1523.667	1.6938	4.6438	2580.822	0.6126	1.0631
4.533	 4	83.0	10.172	0.0129	1522.071	1.6967	4.0563	2582.563	0.6109	1.0622
4.543	 4	84.0	10.167	0.0115	1520.413	1.6967	4.0622	2579.684	0.611	1.0674
4.553	 4	85.0	10.168	0.0115	1522.612	1.6901	4.6592	2573.402	0.6148	1.0704
4.563	 4	86.0	10.165	0.0124	1524.903	1.6863	4.0896	2571.407	0.617	1.0712
4.573	 4	87.0	10.162	0.0106	1522.397	1.7108	4.0344	2604.496	0.6028	1.0754
4.583	 4	88.0	10.162	0.0111	1522.397	1.6949	4.654	2580.32	0.612	1.0777
4.593	 4	89.0	10.158	0.0119	1523.167	1.6967	4.6543	2584.421	0.6109	1.0769
4.603	 4	90.0	10.158	0.0093	1521.114	1.6973	4.0711	2581.826	0.6106	1.0773
4.613	 4	91.0	10.158	0.0073	1521.342	1.7008	4.0627	2587.559	0.6086	1.0732
4.623	 4	92.0	10.158	0.0061	1520.886	1.7041	4.055	2591.701	0.6067	1.0756
4.633	 4	93.0	10.158	0.0059	1521.342	1.7014	4.6414	2588.452	0.6082	1.0731
4.643	 4	94.0	10.158	0.0066	1521.57	1.7112	4.0381	2603.655	0.6026	1.075
4.653	 4	95.0	10.158	0.006	1519.521	1.6874	4.6799	2564.098	0.6163	1.0762
4.663	 4	96.0	10.158	0.0064	1525.225	1.6728	4.1308	2551.388	0.6248	1.0738
4.673	 4	97.0	10.163	0.0072	1519.36	1.6797	4.108	2552.058	0.6208	1.078
4.683	 4	98.0	10.17	0.0071	1517.684	1.6643	4.1377	2525.876	0.6298	1.0757
4.693	 4	99.0	10.173	0.0066	1517.226	1.6698	4.7094	2533.402	0.6266	1.0771
4.703	 4	100.0	10.177	0.0058	1516.014	1.6714	4.112	2533.834	0.6256	1.0849
4.713	 4	101.0	10.181	0.0049	1515.932	1.6747	4.0992	2538.76	0.6237	1.0904
4.723	 4	102.0	10.184	0.0043	1519.093	1.6567	4.1403	2516.621	0.6342	1.1002
4.733	 4	103.0	10.192	0.0055	1517.57	1.6395	4.1742	2488.062	0.6441	1.108
4.743	 4	104.0	10.198	0.0056	1517.56	1.6614	4.1121	2521.304	0.6314	1.1198
4.753	 4	105.0	10.198	0.0051	1516.882	1.6665	4.0996	2527.911	0.6285	1.1294
4.763	 4	106.0	10.203	0.0042	1516.498	1.6786	4.645	2545.528	0.6215	1.1321
4.773	 4	107.0	10.203	0.0041	1516.498	1.6872	4.0435	2558.672	0.6165	1.1362
4.783	 4	108.0	10.203	0.0043	1519.434	1.6794	4.0623	2551.768	0.621	1.1309
4.793	 4	109.0	10.204	0.0036	1520.942	1.6955	4.0226	2578.776	0.6117	1.1335
4.803	 4	110.0	10.208	0.0035	1523.81	1.7084	3.9877	2603.284	0.6042	1.139
4.813	 4	111.0	10.208	0.0035	1527.001	1.7075	3.9898	2607.377	0.6047	1.1468
4.823	 4	112.0	10.212	0.0036	1526.686	1.6705	4.0736	2550.314	0.6262	1.1489
4.833	 4	113.0	10.207	0.0031	1524.115	1.6828	4.0496	2564.779	0.619	1.1675
4.843	 4	114.0	10.213	0.0032	1525.923	1.699	3.4321	2592.548	0.6096	1.1817
4.853	 4	115.0	10.218	0.0035	1527.126	1.6859	4.0296	2574.593	0.6172	1.2047
4.863	 4	116.0	10.217	0.0033	1525.153	1.7004	3.9964	2593.367	0.6088	1.2787
4.873	 4	117.0	10.222	0.0034	1525.899	1.7135	3.9602	2614.635	0.6012	1.3299
4.883	 4	118.0	10.232	0.003	1530.82	1.6882	4.0081	2584.404	0.6159	1.3332
4.893	 4	119.0	10.239	0.0025	1534.852	1.7125	3.9437	2628.359	0.6018	1.3478
4.903	 4	120.0	10.242	0.0024	1535.762	1.6965	3.9773	2605.485	0.6111	1.362
4.913	 4	121.0	10.253	0.0022	1538.565	1.7018	3.9528	2618.322	0.608	1.3853
4.923	 4	122.0	10.257	0.0023	1537.09	1.6961	3.9615	2607.084	0.6113	1.4034
4.933	 4	123.0	10.261	0.0019	1531.036	1.7022	3.9429	2606.193	0.6077	1.4133
4.943	 4	124.0	10.264	0.0009	1532.169	1.6938	3.9592	2595.165	0.6127	1.4245
4.953	 4	125.0	10.301	0.0008	1534.485	1.7001	4.4616	2608.728	0.609	1.4445
4.963	 4	126.0	10.319	0.0009	1540.609	1.6989	4.4423	2617.307	0.6097	1.4763
4.973	 4	127.0	10.434	0.0002	1548.301	1.6493	3.8781	2553.617	0.6385	1.4919
4.983	 4	128.0	10.573	0.0	108.825	1.6017	3.8445	174.3024	0.6661	1.5253
4.993	 4	129.0	10.561	0.0	108.7015	1.6513	3.7411	179.4989	0.6373	1.5968
5.003	 4	130.0	10.565	0.0	108.7426	1.6757	3.6827	182.2172	0.6232	1.729
5.013	 4	131.0	10.528	0.0	108.3618	1.6884	3.692	182.9568	0.6158	1.9716
5.023	 4	132.0	10.495	0.0	108.0221	1.6898	3.7223	182.5381	0.615	2.5108
5.033	 4	133.0	10.482	0.0001	1532.456	1.7106	3.163	2621.373	0.6029	4.396
5.043	 4	134.0	10.535	0.0004	1549.948	1.6743	2.6543	2595.02	0.624	28.5805
5.053	 4	135.0	10.522	0.0009	1541.233	1.6638	1.6083	2564.272	0.6301	7.6197
5.063	 4	136.0	10.478	0.0001	1449.239	0.8955	2.0163	1297.74	1.0757	4.0075
