Geotek MSCL 7.9 - TN336_JPC42-52.out created at 13:20:30 on 1/27/2016.


Processing Parameters

CT	RCT=11.45	W=1.27
PWAmp	A=1	B=0
PWVel	PTO=27.19
Den1	A=9.889801E-04	B=-.1104	C=10.002
MS1	A=1	B=0	Den=0	LD=14	
FP	MGD=2.75	WD=1.026	
RES	A=567.302	B=-1.103549	p=0	


SB DEPTH	SECT NUM	SECT DEPTH	CT	PWAmp	PWVel	Den1	MS1	Imp	FP	RES
m		cm	cm		m/s	g/cc	SI x 10^-5			Ohm.m

-0.637	cal sect	0.0	10.469	0.0						85.9371
-0.577	cal sect	6.0	10.49	0.0337	1504.158	1.1984	-1.7996		0.9	15.9985
-0.517	cal sect	12.1	10.198	0.0367	1494.87	1.1876	-1.952	1775.275	0.9063	15.0777
-0.457	cal sect	18.1	10.25	0.0432	1493.734	1.1775	-0.9618	1758.902	0.9121	13.8614
-0.397	cal sect	24.1	10.495	0.0008	1481.089	1.1499	-1.7971	1703.058	0.9282	10.4465
-0.337	cal sect	30.1	10.757	0.0032	1515.497	1.1481	-0.8372	1740.002	0.9292	3.7278
-0.277	cal sect	36.1	10.604	0.0031	1530.821	1.1841	-1.7446	1812.707	0.9083	0.4893
-0.217	cal sect	42.1	10.27	0.0022	1513.856	1.1865	-1.9128	1796.206	0.9069	0.3756
-0.157	cal sect	48.1	10.196	0.0237	1513.209	1.2092	-0.9766	1829.816	0.8937	0.3659
-0.097	cal sect	54.1	10.335	0.0091	1518.067	1.1945	-0.9392	1813.341	0.9023	0.3771
-0.037	cal sect	60.1	10.343	0.0147	1526.642	1.24	1.8741	1893.001	0.8759	0.5344
0.003	 1	0.3	10.768	0.0	110.8036	1.2749	10.0175	141.2599	0.8556	1.069
0.013	 1	1.3	10.742	0.0002	1451.229	1.4004	12.6088	2032.323	0.7828	0.8218
0.023	 1	2.3	10.811	0.0005	1551.744	1.3972	14.0307	2168.066	0.7847	0.6228
0.033	 1	3.3	10.817	0.0002	1458.406	1.4019	14.0084	2044.573	0.7819	0.5027
0.043	 1	4.3	10.748	0.0	110.5978	1.3753	15.1064	152.1088	0.7974	0.4345
0.053	 1	5.3	10.284	0.0008	1530.129	1.4475	18.1002	2214.873	0.7555	0.3964
0.063	 1	6.3	10.218	0.0033	1527.126	1.4482	18.4394	2211.658	0.7551	0.3749
0.073	 1	7.3	10.213	0.0039	1515.282	1.4249	18.4655	2159.139	0.7686	0.3636
0.083	 1	8.3	10.196	0.0055	1515.909	1.4366	19.531	2177.721	0.7618	0.3574
0.093	 1	9.3	10.184	0.0099	1514.349	1.4615	18.6176	2213.209	0.7474	0.3534
0.103	 1	10.3	10.19	0.0118	1512.094	1.4435	19.5642	2182.635	0.7579	0.3503
0.113	 1	11.3	10.185	0.0112	1514.273	1.443	18.6124	2185.157	0.7581	0.3491
0.123	 1	12.3	10.184	0.0117	1513.449	1.4565	19.5975	2204.313	0.7503	0.3502
0.133	 1	13.3	10.187	0.0103	1512.546	1.4499	19.5808	2193.11	0.7541	0.3522
0.143	 1	14.3	10.184	0.014	1505.841	1.4531	19.5975	2188.112	0.7523	0.3543
0.153	 1	15.3	10.185	0.019	1505.098	1.4625	20.5716	2201.192	0.7468	0.356
0.163	 1	16.3	10.184	0.0165	1503.173	1.4727	19.5975	2213.792	0.7409	0.3568
0.173	 1	17.3	10.184	0.0186	1500.295	1.4751	20.5774	2213.023	0.7395	0.3568
0.183	 1	18.3	10.185	0.0191	1496.694	1.4882	20.5716	2227.394	0.7319	0.3574
0.193	 1	19.3	10.184	0.0159	1496.767	1.4597	20.5774	2184.781	0.7485	0.3599
0.203	 1	20.3	10.184	0.0142	1501.179	1.4668	20.5774	2201.865	0.7443	0.3638
0.213	 1	21.3	10.184	0.0156	1502.065	1.4452	20.5774	2170.783	0.7568	0.3662
0.223	 1	22.3	10.187	0.0106	1503.838	1.4316	21.5389	2152.949	0.7647	0.3662
0.233	 1	23.3	10.187	0.0107	1504.949	1.4684	20.5599	2209.857	0.7434	0.3667
0.243	 1	24.3	10.19	0.0132	1503.615	1.4657	21.5206	2203.795	0.745	0.3675
0.253	 1	25.3	10.184	0.013	1504.728	1.4615	21.5573	2199.148	0.7474	0.3667
0.263	 1	26.3	10.189	0.0125	1508.364	1.4748	21.5267	2224.532	0.7397	0.3649
0.273	 1	27.3	10.196	0.0103	1505.611	1.4632	22.4607	2203.008	0.7464	0.363
0.283	 1	28.3	10.195	0.0082	1504.797	1.5072	23.4438	2267.961	0.7209	0.3642
0.293	 1	29.3	10.201	0.0096	1502.799	1.5051	22.4289	2261.818	0.7221	0.363
0.303	 1	30.3	10.209	0.0128	1506.196	1.4904	23.3512	2244.764	0.7307	0.3709
0.313	 1	31.3	10.214	0.0178	1503.164	1.4951	23.3182	2247.32	0.7279	0.3974
0.323	 1	32.3	10.215	0.0231	1500.0	1.5117	23.3116	2267.482	0.7183	0.4056
0.333	 1	33.3	10.22	0.0206	1496.121	1.5248	24.2487	2281.233	0.7107	0.4131
0.343	 1	34.3	10.225	0.0166	1500.807	1.5153	24.2145	2274.102	0.7162	0.4131
0.353	 1	35.3	10.23	0.0141	1501.101	1.5022	24.1804	2255.009	0.7238	0.4204
0.363	 1	36.3	10.231	0.0143	1499.707	1.5148	25.1405	2271.829	0.7164	0.4394
0.373	 1	37.3	10.24	0.0147	1496.42	1.5155	25.0768	2267.759	0.7161	0.4407
0.383	 1	38.3	10.239	0.0156	1495.399	1.5183	25.0839	2270.432	0.7145	0.4382
0.393	 1	39.3	10.244	0.0158	1494.166	1.5256	24.0852	2279.498	0.7102	0.4361
0.403	 1	40.3	10.248	0.015	1496.058	1.5211	25.0204	2275.636	0.7128	0.4366
0.413	 1	41.3	10.244	0.0159	1495.911	1.5392	25.0486	2302.496	0.7023	0.4352
0.423	 1	42.3	10.244	0.0158	1495.911	1.5002	25.0486	2244.142	0.725	0.4327
0.433	 1	43.3	10.242	0.0155	1496.275	1.5019	26.0267	2247.271	0.7239	0.4316
0.443	 1	44.3	10.238	0.0166	1496.565	1.5451	27.9861	2312.328	0.6989	0.4299
0.453	 1	45.3	10.229	0.0172	1494.157	1.531	28.0572	2287.609	0.7071	0.4382
0.463	 1	46.3	10.243	0.0144	1493.584	1.5228	28.9104	2274.442	0.7118	0.4474
0.473	 1	47.3	10.363	0.0058	1495.814	1.5161	28.8881	2267.833	0.7157	0.4576
0.483	 1	48.3	10.447	0.0019	1517.136	1.5042	28.2249	2282.034	0.7226	0.4651
0.493	 1	49.3	10.446	0.0014	1499.569	1.5041	29.1434	2255.462	0.7227	0.4759
0.503	 1	50.3	10.462	0.0006	1514.915	1.5194	29.9221	2301.747	0.7138	0.4924
0.513	 1	51.3	10.466	0.0031	1503.304	1.5102	29.8893	2270.3	0.7191	0.5196
0.523	 1	52.3	10.479	0.0004	1502.581	1.5159	29.7828	2277.822	0.7158	0.5685
0.533	 1	53.3	10.456	0.0002	1482.91	1.4947	30.8798	2216.457	0.7282	0.6628
0.543	 1	54.3	10.435	0.0006	1473.87	1.4602	31.0588	2152.077	0.7482	0.8548
0.553	 1	55.3	10.795	0.0	111.0814	1.4352	27.3515	159.4289	0.7626	1.1808
0.563	 1	56.3	10.847	0.0	111.6165	1.0437	28.6136	116.4938	0.9897	1.423
0.573	 2	0.6	10.81	0.0	111.2357	1.3702	29.7198	152.417	0.8003	1.2913
0.583	 2	1.6	10.857	0.0	111.7194	1.4851	30.1691	165.911	0.7337	0.9511
0.593	 2	2.6	10.819	0.0004	1533.74	1.5101	32.12	2316.058	0.7192	0.7124
0.603	 2	3.6	10.772	0.0006	1523.405	1.3742	33.3562	2093.454	0.798	0.593
0.613	 2	4.6	10.603	0.0	109.1057	1.2866	36.6467	140.3753	0.8488	0.5362
0.623	 2	5.6	10.255	0.0003	1497.518	1.5193	42.259	2275.204	0.7139	0.5075
0.633	 2	6.6	10.201	0.001	1501.914	1.534	43.8826	2303.941	0.7053	0.4939
0.643	 2	7.6	10.178	0.0024	1487.577	1.4743	45.151	2193.145	0.74	0.4877
0.653	 2	8.6	10.183	0.0041	1487.873	1.471	46.0672	2188.725	0.7419	0.4864
0.663	 2	9.6	10.177	0.0049	1490.699	1.5381	48.1093	2292.867	0.7029	0.4872
0.673	 2	10.6	10.183	0.0082	1503.47	1.5774	49.9878	2371.582	0.6802	0.4894
0.683	 2	11.6	10.183	0.0138	1500.811	1.5813	51.9481	2373.213	0.6779	0.4941
0.693	 2	12.6	10.183	0.0094	1495.74	1.5741	52.9283	2354.376	0.6821	0.4963
0.703	 2	13.6	10.188	0.0156	1496.914	1.5834	53.8321	2370.165	0.6767	0.4975
0.713	 2	14.6	10.192	0.0156	1497.502	1.566	54.7488	2345.092	0.6868	0.5003
0.723	 2	15.6	10.196	0.0136	1498.09	1.5915	56.6399	2384.244	0.672	0.5027
0.733	 2	16.6	10.198	0.0133	1498.164	1.5689	58.5599	2350.493	0.6851	0.5061
0.743	 2	17.6	10.202	0.0077	1496.772	1.5574	59.4685	2331.003	0.6918	0.5074
0.753	 2	18.6	10.208	0.007	1503.609	1.562	60.341	2348.667	0.6891	0.5032
0.763	 2	19.6	10.212	0.0103	1508.865	1.6081	61.2449	2426.377	0.6624	0.497
0.773	 2	20.6	10.213	0.0105	1509.459	1.6195	62.1995	2444.547	0.6558	0.4936
0.783	 2	21.6	10.218	0.0128	1509.975	1.6079	62.1117	2427.946	0.6624	0.4948
0.793	 2	22.6	10.219	0.0205	1507.894	1.6121	62.0942	2430.827	0.6601	0.4979
0.803	 2	23.6	10.227	0.0134	1508.63	1.6475	62.9222	2485.408	0.6395	0.4977
0.813	 2	24.6	10.228	0.0139	1507.221	1.6445	63.8722	2478.648	0.6412	0.4928
0.823	 2	25.6	10.233	0.0112	1503.305	1.608	64.7487	2417.295	0.6624	0.4895
0.833	 2	26.6	10.233	0.0135	1503.305	1.6161	65.7151	2429.417	0.6577	0.4902
0.843	 2	27.6	10.24	0.01	1503.671	1.6152	67.5146	2428.752	0.6582	0.4936
0.853	 2	28.6	10.243	0.0077	1502.567	1.612	69.3849	2422.211	0.6601	0.497
0.863	 2	29.6	10.246	0.0077	1500.366	1.6224	71.252	2434.185	0.6541	0.498
0.873	 2	30.6	10.243	0.0075	1500.366	1.6234	72.2759	2435.714	0.6535	0.5021
0.883	 2	31.6	10.248	0.0074	1502.639	1.6413	75.0613	2466.291	0.6431	0.5081
0.893	 2	32.6	10.243	0.0066	1504.774	1.6349	77.0943	2460.18	0.6468	0.5156
0.903	 2	33.6	10.244	0.0067	1505.142	1.6456	78.9995	2476.806	0.6406	0.5232
0.913	 2	34.6	10.246	0.0067	1504.331	1.6684	81.8436	2509.776	0.6274	0.5323
0.923	 2	35.6	10.245	0.0056	1504.184	1.6643	83.7929	2503.349	0.6298	0.5465
0.933	 2	36.6	10.246	0.0076	1504.11	1.6486	83.7693	2479.663	0.6389	0.5598
0.943	 2	37.6	10.248	0.007	1501.979	1.6446	84.6845	2470.217	0.6412	0.5696
0.953	 2	38.6	10.249	0.0074	1504.109	1.6364	84.6607	2461.385	0.6459	0.5767
0.963	 2	39.6	10.248	0.0075	1509.278	1.6483	83.7222	2487.697	0.6391	0.583
0.973	 2	40.6	10.246	0.0107	1513.665	1.6778	84.7322	2539.679	0.6219	0.5889
0.983	 2	41.6	10.243	0.0136	1506.988	1.6502	85.7675	2486.822	0.6379	0.5922
0.993	 2	42.6	10.243	0.0123	1507.21	1.6355	87.6948	2464.993	0.6465	0.593
1.003	 2	43.6	10.238	0.0138	1506.031	1.653	88.7834	2489.412	0.6363	0.5955
1.013	 2	44.6	10.238	0.0134	1510.03	1.6737	88.7834	2527.304	0.6243	0.5989
1.023	 2	45.6	10.238	0.0144	1508.25	1.6794	90.7135	2533.006	0.621	0.6073
1.033	 2	46.6	10.238	0.0165	1508.028	1.658	91.6785	2500.353	0.6334	0.6127
1.043	 2	47.6	10.236	0.0122	1503.746	1.6405	92.6958	2466.829	0.6436	0.617
1.053	 2	48.6	10.243	0.0096	1505.438	1.6449	93.4769	2476.276	0.641	0.6195
1.063	 2	49.6	10.259	0.0116	1512.012	1.6155	94.0165	2442.596	0.6581	0.6235
1.073	 2	50.6	10.263	0.0208	1513.717	1.6159	93.9109	2446.034	0.6578	0.6294
1.083	 2	51.6	10.263	0.0188	1507.048	1.6456	93.9109	2479.97	0.6406	0.636
1.093	 2	52.6	10.273	0.0183	1510.069	1.6775	93.6476	2533.078	0.6221	0.6377
1.103	 2	53.6	10.285	0.0118	1512.5	1.6769	93.3329	2536.379	0.6224	0.6359
1.113	 2	54.6	10.304	0.0119	1517.749	1.6463	91.8905	2498.651	0.6402	0.6322
1.123	 2	55.6	10.315	0.0093	1517.358	1.6698	91.6085	2533.633	0.6266	0.6328
1.133	 2	56.6	10.321	0.008	1522.271	1.6597	92.398	2526.438	0.6325	0.628
1.143	 2	57.6	10.316	0.0077	1521.983	1.7017	92.5271	2590.029	0.608	0.6245
1.153	 2	58.6	10.311	0.0099	1524.394	1.7282	94.5473	2634.438	0.5927	0.6209
1.163	 2	59.6	10.305	0.0093	1523.958	1.7015	95.6531	2592.988	0.6082	0.6165
1.173	 2	60.6	10.296	0.0097	1527.37	1.6985	96.8437	2594.274	0.6099	0.6151
1.183	 2	61.6	10.29	0.0091	1521.514	1.7066	96.0554	2596.681	0.6052	0.6138
1.193	 2	62.6	10.28	0.0089	1520.26	1.7113	96.325	2601.609	0.6025	0.6139
1.203	 2	63.6	10.274	0.0102	1523.202	1.6977	95.5319	2585.979	0.6104	0.6123
1.213	 2	64.6	10.264	0.0095	1522.171	1.7128	94.8425	2607.115	0.6016	0.6121
1.223	 2	65.6	10.262	0.0103	1523.456	1.7092	93.9372	2603.905	0.6037	0.61
1.233	 2	66.6	10.257	0.0105	1522.488	1.7103	92.1495	2603.973	0.6031	0.6119
1.243	 2	67.6	10.252	0.0123	1522.197	1.7023	91.318	2591.17	0.6077	0.612
1.253	 2	68.6	10.252	0.0172	1523.555	1.7014	89.3955	2592.128	0.6083	0.6128
1.263	 2	69.6	10.242	0.0161	1521.843	1.7036	88.6835	2592.644	0.6069	0.6143
1.273	 2	70.6	10.237	0.0127	1519.97	1.6962	86.8778	2578.165	0.6113	0.6114
1.283	 2	71.6	10.229	0.0079	1512.718	1.668	85.139	2523.213	0.6276	0.6098
1.293	 2	72.6	10.222	0.0075	1517.293	1.6928	86.2766	2568.501	0.6132	0.6082
1.303	 2	73.6	10.222	0.0133	1511.459	1.6818	85.3072	2541.932	0.6196	0.6073
1.313	 2	74.6	10.215	0.0094	1510.201	1.6896	86.4473	2551.636	0.6151	0.608
1.323	 2	75.6	10.212	0.0082	1510.204	1.6927	87.4928	2556.356	0.6133	0.608
1.333	 2	76.6	10.202	0.0083	1508.725	1.6473	87.7404	2485.344	0.6396	0.611
1.343	 2	77.6	10.198	0.0109	1499.265	1.6235	88.8158	2434.048	0.6534	0.6092
1.353	 2	78.6	10.198	0.0104	1501.03	1.691	89.7918	2538.182	0.6143	0.6095
1.363	 2	79.6	10.188	0.0081	1504.874	1.6616	92.0039	2500.557	0.6313	0.6061
1.373	 2	80.6	10.187	0.014	1505.394	1.6652	95.9461	2506.775	0.6292	0.6109
1.383	 2	81.6	10.183	0.011	1502.36	1.6732	97.0351	2513.82	0.6246	0.6123
1.393	 2	82.6	10.18	0.0106	1503.249	1.7042	101.0416	2561.861	0.6066	0.6111
1.403	 2	83.6	10.178	0.0077	1511.883	1.7822	102.0805	2694.505	0.5614	0.6118
1.413	 2	84.6	10.173	0.0062	1530.004	1.8103	99.2766	2769.816	0.5451	0.61
1.423	 2	85.6	10.173	0.0039	1538.101	1.8219	93.379	2802.281	0.5383	0.6096
1.433	 2	86.6	10.17	0.0042	1519.952	1.6826	85.5883	2557.413	0.6192	0.6109
1.443	 2	87.6	10.172	0.0133	1501.181	1.6117	78.6572	2419.49	0.6603	0.6113
1.453	 2	88.6	10.173	0.0076	1492.956	1.6199	74.7032	2418.434	0.6555	0.6125
1.463	 2	89.6	10.173	0.0078	1494.93	1.6351	73.7203	2444.409	0.6467	0.6131
1.473	 2	90.6	10.173	0.0059	1499.558	1.6737	75.6861	2509.883	0.6243	0.6138
1.483	 2	91.6	10.174	0.0081	1508.153	1.7058	78.6126	2572.625	0.6057	0.6144
1.493	 2	92.6	10.174	0.0087	1511.065	1.7392	81.5606	2627.976	0.5863	0.6178
1.503	 2	93.6	10.175	0.0081	1513.461	1.7535	81.5375	2653.787	0.578	0.6189
1.513	 2	94.6	10.179	0.0121	1522.435	1.776	81.445	2703.828	0.565	0.618
1.523	 2	95.6	10.178	0.0092	1521.148	1.6735	81.4681	2545.637	0.6244	0.6181
1.533	 2	96.6	10.178	0.0118	1504.509	1.704	81.4681	2563.625	0.6068	0.6194
1.543	 2	97.6	10.178	0.0088	1509.417	1.7043	82.4497	2572.433	0.6066	0.6216
1.553	 2	98.6	10.184	0.009	1510.083	1.7139	82.3095	2588.162	0.601	0.6273
1.563	 2	99.6	10.189	0.0075	1511.721	1.7173	85.1284	2596.015	0.599	0.6326
1.573	 2	100.6	10.194	0.0073	1514.71	1.7486	87.9393	2648.684	0.5808	0.6377
1.583	 2	101.6	10.194	0.007	1516.287	1.7406	89.8935	2639.304	0.5855	0.642
1.593	 2	102.6	10.193	0.0069	1515.913	1.7497	92.8511	2652.454	0.5802	0.6477
1.603	 2	103.6	10.199	0.0068	1519.291	1.7587	95.6207	2671.914	0.575	0.6565
1.613	 2	104.6	10.198	0.0059	1523.226	1.748	98.5758	2662.53	0.5812	0.6669
1.623	 2	105.6	10.203	0.0057	1522.381	1.7759	100.3857	2703.657	0.565	0.6766
1.633	 2	106.6	10.207	0.0047	1524.343	1.7639	102.2192	2688.727	0.572	0.684
1.643	 2	107.6	10.206	0.0053	1523.738	1.7681	103.2219	2694.165	0.5695	0.6899
1.653	 2	108.6	10.208	0.0044	1525.631	1.7827	106.0833	2719.793	0.5611	0.6899
1.663	 2	109.6	10.214	0.0038	1528.813	1.7949	105.9036	2744.084	0.554	0.6907
1.673	 2	110.6	10.223	0.004	1531.077	1.7904	106.604	2741.263	0.5566	0.6896
1.683	 2	111.6	10.234	0.0042	1531.577	1.7885	107.2399	2739.212	0.5577	0.6935
1.693	 2	112.6	10.244	0.0027	1532.844	1.7826	105.9749	2732.383	0.5612	0.6951
1.703	 2	113.6	10.249	0.0022	1533.134	1.7943	105.8259	2750.902	0.5544	0.696
1.713	 2	114.6	10.256	0.0018	1533.951	1.8105	104.6575	2777.176	0.545	0.6952
1.723	 2	115.6	10.264	0.0019	1538.139	1.8177	104.4225	2795.881	0.5408	0.6998
1.733	 2	116.6	10.271	0.0017	1538.727	1.7853	103.2613	2747.048	0.5596	0.716
1.743	 2	117.6	10.274	0.0016	1540.792	1.7951	102.2191	2765.943	0.5539	0.7572
1.753	 2	118.6	10.281	0.0014	1537.461	1.7842	101.0652	2743.111	0.5602	0.7606
1.763	 2	119.6	10.294	0.0012	1538.715	1.7771	98.7978	2734.454	0.5643	0.7599
1.773	 2	120.6	10.296	0.0012	1537.175	1.7982	96.8437	2764.109	0.5521	0.7616
1.783	 2	121.6	10.306	0.0009	1540.278	1.7741	94.6796	2732.565	0.5661	0.7562
1.793	 2	122.6	10.316	0.0006	1541.542	1.7724	92.5271	2732.156	0.5671	0.7508
1.803	 2	123.6	10.319	0.0006	1539.001	1.7604	89.6195	2709.242	0.574	0.7423
1.813	 2	124.6	10.326	0.0007	1534.324	1.7392	87.5616	2668.483	0.5863	0.7363
1.823	 2	125.6	10.349	0.0007	1529.333	1.7332	85.1313	2650.593	0.5898	0.7317
1.833	 2	126.6	10.364	0.0007	1526.137	1.7304	83.8454	2640.756	0.5914	0.7301
1.843	 2	127.6	10.378	0.0008	1541.822	1.7176	81.6642	2648.29	0.5988	0.7306
1.853	 2	128.6	10.572	0.0004	1555.621	1.6805	77.4311	2614.177	0.6204	0.7294
1.863	 2	129.6	10.56	0.0005	1545.215	1.7153	77.6839	2650.486	0.6002	0.7323
1.873	 2	130.6	10.571	0.0001	1536.036	1.7368	76.572	2667.8	0.5877	0.746
1.883	 2	131.6	10.554	0.0001	1453.119	1.7098	76.9265	2484.582	0.6033	0.7722
1.893	 2	132.6	10.499	0.0	108.0355	1.7333	78.0894	187.2603	0.5897	0.82
1.903	 2	133.6	10.488	0.0001	1539.862	1.7433	77.4247	2684.421	0.5839	0.9206
1.913	 2	134.6	10.483	0.0004	1547.535	1.7279	75.7278	2673.962	0.5929	1.1409
1.923	 2	135.6	10.667	0.0006	1546.839	1.6875	70.3246	2610.282	0.6163	1.5012
1.933	 2	136.6	10.807	0.0	111.2049	1.588	67.7489	176.5941	0.674	1.8328
1.943	 3	0.3	10.807	0.0	111.2049	1.1047	67.7489	122.8451	0.9544	1.815
1.953	 3	1.3	10.83	0.0	111.4415	1.6198	68.1597	180.5184	0.6555	1.4879
1.963	 3	2.3	10.845	0.0	111.5959	1.6586	68.7087	185.0947	0.6331	1.158
1.973	 3	3.3	10.81	0.0	111.2357	1.6771	70.9974	186.5556	0.6223	0.9382
1.983	 3	4.3	10.748	0.0	110.5978	1.6802	72.1748	185.8225	0.6206	0.8134
1.993	 3	5.3	10.363	0.0	106.6361	1.7321	81.0731	184.6998	0.5905	0.7407
2.003	 3	6.3	10.244	0.0019	1550.477	1.7569	82.8531	2723.974	0.5761	0.7029
2.013	 3	7.3	10.211	0.0028	1547.59	1.7585	84.6002	2721.385	0.5751	0.6814
2.023	 3	8.3	10.194	0.0065	1530.861	1.7471	85.008	2674.56	0.5817	0.6681
2.033	 3	9.3	10.184	0.0083	1530.968	1.7603	85.2491	2694.979	0.5741	0.6615
2.043	 3	10.3	10.185	0.0079	1532.731	1.7327	85.225	2655.776	0.5901	0.659
2.053	 3	11.3	10.189	0.0126	1533.333	1.7433	85.1284	2673.11	0.5839	0.6544
2.063	 3	12.3	10.189	0.0139	1528.503	1.7296	86.1069	2643.7	0.5919	0.654
2.073	 3	13.3	10.192	0.0134	1524.151	1.7379	87.0115	2648.847	0.5871	0.6533
2.083	 3	14.3	10.194	0.0063	1516.964	1.7182	88.9164	2606.465	0.5985	0.6527
2.093	 3	15.3	10.199	0.0058	1525.426	1.7379	89.7664	2651.108	0.587	0.6511
2.103	 3	16.3	10.205	0.0067	1531.133	1.7667	90.5882	2705.089	0.5703	0.6493
2.113	 3	17.3	10.212	0.0077	1536.101	1.7763	92.3535	2728.551	0.5648	0.6468
2.123	 3	18.3	10.219	0.0097	1537.848	1.7543	93.1413	2697.818	0.5776	0.6485
2.133	 3	19.3	10.224	0.0087	1531.456	1.7562	93.01	2689.59	0.5764	0.6479
2.143	 3	20.3	10.229	0.0088	1527.172	1.7591	92.8789	2686.488	0.5748	0.6496
2.153	 3	21.3	10.238	0.0074	1528.973	1.7632	91.6785	2695.932	0.5724	0.6499
2.163	 3	22.3	10.236	0.006	1529.588	1.756	91.7302	2686.025	0.5765	0.6498
2.173	 3	23.3	10.237	0.0061	1531.11	1.7964	91.7044	2750.491	0.5531	0.6486
2.183	 3	24.3	10.239	0.0072	1535.082	1.771	90.688	2718.576	0.5679	0.6465
2.193	 3	25.3	10.243	0.0058	1529.491	1.7757	89.6222	2715.891	0.5651	0.645
2.203	 3	26.3	10.244	0.0046	1528.727	1.7746	88.6335	2712.808	0.5658	0.6422
2.213	 3	27.3	10.239	0.0041	1527.297	1.7834	87.7937	2723.823	0.5607	0.6384
2.223	 3	28.3	10.245	0.0046	1523.647	1.7674	86.6823	2692.881	0.57	0.6372
2.233	 3	29.3	10.249	0.0055	1523.788	1.7399	85.6227	2651.196	0.5859	0.6317
2.243	 3	30.3	10.245	0.0063	1523.873	1.7323	83.7929	2639.77	0.5903	0.6324
2.253	 3	31.3	10.244	0.0055	1518.529	1.7309	83.8165	2628.454	0.5911	0.6367
2.263	 3	32.3	10.249	0.0056	1514.78	1.7261	83.6986	2614.699	0.5939	0.6372
2.273	 3	33.3	10.246	0.0045	1512.548	1.7438	83.7693	2637.539	0.5837	0.6408
2.283	 3	34.3	10.251	0.0044	1513.733	1.7322	84.6131	2622.054	0.5904	0.6474
2.293	 3	35.3	10.249	0.0044	1514.332	1.7132	85.6227	2594.309	0.6014	0.6558
2.303	 3	36.3	10.249	0.0055	1515.676	1.746	86.5848	2646.438	0.5823	0.6638
2.313	 3	37.3	10.244	0.0041	1521.235	1.7647	87.6701	2684.555	0.5715	0.6774
2.323	 3	38.3	10.24	0.0046	1521.998	1.7626	88.7334	2682.631	0.5728	0.692
2.333	 3	39.3	10.245	0.0047	1523.647	1.7683	89.5717	2694.328	0.5694	0.7017
2.343	 3	40.3	10.235	0.0046	1526.7	1.7704	89.8244	2702.85	0.5682	0.7069
2.353	 3	41.3	10.235	0.0041	1528.296	1.7723	88.8585	2708.587	0.5671	0.7089
2.363	 3	42.3	10.227	0.0039	1527.558	1.7762	88.0911	2713.289	0.5648	0.713
2.373	 3	43.3	10.226	0.0078	1528.322	1.7518	86.1793	2677.369	0.579	0.7147
2.383	 3	44.3	10.23	0.0083	1526.638	1.753	85.115	2676.223	0.5783	0.7161
2.393	 3	45.3	10.225	0.0076	1521.351	1.7262	83.2979	2626.205	0.5938	0.7174
2.403	 3	46.3	10.225	0.007	1520.22	1.7281	82.3293	2627.018	0.5928	0.72
2.413	 3	47.3	10.225	0.0067	1518.64	1.7317	81.3608	2629.825	0.5907	0.7234
2.423	 3	48.3	10.229	0.0076	1516.981	1.7292	80.3015	2623.157	0.5921	0.726
2.433	 3	49.3	10.234	0.0064	1513.01	1.7545	80.1884	2654.598	0.5774	0.7262
2.443	 3	50.3	10.235	0.0045	1518.321	1.7509	79.2	2658.454	0.5795	0.7239
2.453	 3	51.3	10.238	0.0038	1518.315	1.7436	78.168	2647.321	0.5838	0.7137
2.463	 3	52.3	10.235	0.0034	1517.645	1.7466	76.3024	2650.681	0.582	0.7039
2.473	 3	53.3	10.235	0.0041	1515.174	1.7346	75.3366	2628.19	0.589	0.6911
2.483	 3	54.3	10.244	0.0026	1512.253	1.7155	73.219	2594.277	0.6001	0.6855
2.493	 3	55.3	10.249	0.003	1511.429	1.696	72.154	2563.339	0.6114	0.6965
2.503	 3	56.3	10.259	0.0039	1507.789	1.6734	71.9514	2523.146	0.6245	0.6959
2.513	 3	57.3	10.266	0.0034	1507.489	1.7059	71.81	2571.57	0.6056	0.6974
2.523	 3	58.3	10.273	0.0027	1510.291	1.7257	70.7135	2606.355	0.5941	0.6989
2.533	 3	59.3	10.276	0.002	1517.425	1.7359	70.654	2634.119	0.5882	0.7011
2.543	 3	60.3	10.275	0.0028	1519.745	1.7491	69.7187	2658.139	0.5806	0.7083
2.553	 3	61.3	10.273	0.0021	1518.327	1.7242	68.8023	2617.919	0.595	0.7104
2.563	 3	62.3	10.269	0.0022	1517.511	1.7194	67.9229	2609.269	0.5978	0.7056
2.573	 3	63.3	10.263	0.0022	1514.834	1.6896	67.0792	2559.397	0.6151	0.6992
2.583	 3	64.3	10.258	0.0024	1511.641	1.7114	67.1735	2586.976	0.6025	0.6932
2.593	 3	65.3	10.249	0.0022	1512.767	1.7007	67.3437	2572.74	0.6087	0.6929
2.603	 3	66.3	10.242	0.0018	1512.627	1.7158	67.4766	2595.427	0.5999	0.6982
2.613	 3	67.3	10.239	0.0018	1512.408	1.7312	66.5688	2618.214	0.591	0.6999
2.623	 3	68.3	10.233	0.002	1512.862	1.7195	65.7151	2601.295	0.5978	0.704
2.633	 3	69.3	10.23	0.0022	1511.525	1.7215	65.7707	2602.033	0.5966	0.7006
2.643	 3	70.3	10.224	0.0022	1510.192	1.7072	64.9132	2578.222	0.6049	0.6995
2.653	 3	71.3	10.223	0.0023	1508.93	1.7059	63.9624	2574.081	0.6056	0.6969
2.663	 3	72.3	10.218	0.0032	1508.86	1.7124	64.0527	2583.748	0.6019	0.6925
2.673	 3	73.3	10.218	0.0027	1509.306	1.7329	64.0527	2615.452	0.59	0.688
2.683	 3	74.3	10.214	0.0029	1508.715	1.7021	62.1819	2567.949	0.6078	0.6843
2.693	 3	75.3	10.207	0.0033	1507.458	1.7035	61.3315	2568.014	0.607	0.6796
2.703	 3	76.3	10.203	0.0028	1512.9	1.74	61.401	2632.477	0.5858	0.6747
2.713	 3	77.3	10.199	0.0025	1513.429	1.6969	59.519	2568.182	0.6108	0.6709
2.723	 3	78.3	10.193	0.0031	1505.835	1.6662	57.6654	2509.022	0.6287	0.6678
2.733	 3	79.3	10.182	0.003	1500.885	1.6916	55.8845	2538.862	0.6139	0.664
2.743	 3	80.3	10.183	0.0033	1502.804	1.6796	54.8886	2524.036	0.6209	0.6618
2.753	 3	81.3	10.178	0.0033	1501.623	1.6853	54.9664	2530.652	0.6176	0.6584
2.763	 3	82.3	10.178	0.0024	1500.737	1.6695	53.0034	2505.492	0.6267	0.6547
2.773	 3	83.3	10.179	0.0021	1503.101	1.7562	52.0071	2639.721	0.5765	0.652
2.783	 3	84.3	10.184	0.0016	1509.635	1.6907	51.9334	2552.284	0.6145	0.6528
2.793	 3	85.3	10.188	0.0026	1500.663	1.677	49.917	2516.617	0.6224	0.6585
2.803	 3	86.3	10.19	0.0019	1496.988	1.6286	50.867	2437.964	0.6505	0.6635
2.813	 3	87.3	10.19	0.002	1494.135	1.661	53.8016	2481.803	0.6317	0.6698
2.823	 3	88.3	10.19	0.0016	1498.97	1.6675	56.7362	2499.595	0.6279	0.6762
2.833	 3	89.3	10.19	0.0015	1504.281	1.7225	61.6273	2591.106	0.596	0.6771
2.843	 3	90.3	10.194	0.0012	1513.136	1.7558	66.443	2656.73	0.5767	0.6783
2.853	 3	91.3	10.194	0.0013	1521.266	1.7693	70.3514	2691.517	0.5689	0.6793
2.863	 3	92.3	10.19	0.0016	1524.08	1.7706	73.3658	2698.518	0.5681	0.6852
2.873	 3	93.3	10.195	0.0016	1523.916	1.7631	75.2157	2686.828	0.5724	0.6885
2.883	 3	94.3	10.191	0.0016	1521.499	1.7733	76.2788	2698.019	0.5666	0.692
2.893	 3	95.3	10.196	0.0013	1520.656	1.7721	77.1475	2694.72	0.5672	0.6946
2.903	 3	96.3	10.19	0.0017	1519.082	1.7432	77.2787	2648.004	0.584	0.6933
2.913	 3	97.3	10.19	0.0021	1514.791	1.721	76.3004	2606.933	0.5969	0.6898
2.923	 3	98.3	10.19	0.0017	1512.318	1.721	75.3222	2602.677	0.5969	0.6869
2.933	 3	99.3	10.19	0.0017	1514.791	1.7512	74.344	2652.678	0.5794	0.682
2.943	 3	100.3	10.19	0.0014	1519.761	1.7722	74.344	2693.276	0.5672	0.678
2.953	 3	101.3	10.19	0.0013	1527.278	1.7798	72.3876	2718.249	0.5628	0.6736
2.963	 3	102.3	10.19	0.0014	1526.135	1.7599	71.4094	2685.843	0.5743	0.6722
2.973	 3	103.3	10.195	0.0016	1523.916	1.7516	70.3315	2669.239	0.5791	0.67
2.983	 3	104.3	10.189	0.0022	1522.337	1.7418	69.4726	2651.602	0.5848	0.6716
2.993	 3	105.3	10.195	0.0019	1522.323	1.7748	68.3779	2701.802	0.5657	0.6735
3.003	 3	106.3	10.189	0.0026	1521.2	1.7523	67.5157	2665.578	0.5787	0.6744
3.013	 3	107.3	10.189	0.0024	1514.192	1.7403	65.5587	2635.094	0.5857	0.6739
3.023	 3	108.3	10.19	0.002	1515.692	1.7373	64.5619	2633.273	0.5874	0.6697
3.033	 3	109.3	10.195	0.002	1518.243	1.7448	63.4937	2648.979	0.5831	0.6636
3.043	 3	110.3	10.2	0.002	1516.503	1.7442	61.4531	2645.114	0.5834	0.6613
3.053	 3	111.3	10.2	0.0021	1515.151	1.7038	59.5022	2581.549	0.6068	0.658
3.063	 3	112.3	10.2	0.0019	1513.353	1.722	57.5513	2605.997	0.5963	0.6574
3.073	 3	113.3	10.205	0.0017	1513.646	1.7686	56.4959	2677.06	0.5692	0.6572
3.083	 3	114.3	10.204	0.0018	1512.152	1.7228	55.5375	2605.184	0.5958	0.6564
3.093	 3	115.3	10.209	0.002	1507.754	1.6935	54.4861	2553.398	0.6128	0.6566
3.103	 3	116.3	10.21	0.0018	1509.016	1.7066	53.498	2575.268	0.6052	0.6569
3.113	 3	117.3	10.214	0.0019	1509.607	1.7038	52.466	2572.141	0.6068	0.6561
3.123	 3	118.3	10.219	0.0019	1508.785	1.6802	52.392	2535.129	0.6205	0.6493
3.133	 3	119.3	10.224	0.0018	1506.409	1.6864	52.3181	2540.362	0.617	0.6511
3.143	 3	120.3	10.224	0.0018	1505.079	1.68	53.287	2528.533	0.6206	0.6523
3.153	 3	121.3	10.228	0.0018	1502.35	1.6779	53.2269	2520.798	0.6219	0.6503
3.163	 3	122.3	10.228	0.0016	1503.896	1.7134	55.1624	2576.77	0.6013	0.6513
3.173	 3	123.3	10.234	0.0015	1508.105	1.6964	55.0692	2558.346	0.6111	0.6478
3.183	 3	124.3	10.244	0.0016	1512.476	1.7209	55.8777	2602.846	0.5969	0.6573
3.193	 3	125.3	10.248	0.0016	1513.737	1.729	57.7394	2617.293	0.5922	0.6648
3.203	 3	126.3	10.253	0.0014	1513.805	1.7447	57.6583	2641.203	0.5831	0.7079
3.213	 3	127.3	10.263	0.0014	1518.42	1.7207	59.413	2612.815	0.597	0.7144
3.223	 3	128.3	10.268	0.0017	1522.764	1.754	60.2866	2670.938	0.5777	0.7234
3.233	 3	129.3	10.281	0.0013	1526.277	1.7354	61.0205	2648.665	0.5885	0.7319
3.243	 3	130.3	10.288	0.0013	1526.636	1.7509	60.9009	2673.0	0.5795	0.7315
3.253	 3	131.3	10.3	0.0014	1525.248	1.742	60.6967	2657.032	0.5847	0.7268
3.263	 3	132.3	10.311	0.0016	1526.199	1.7306	61.4558	2641.292	0.5913	0.7175
3.273	 3	133.3	10.322	0.0017	1529.865	1.7325	61.2673	2650.441	0.5902	0.7198
3.283	 3	134.3	10.33	0.0017	1530.144	1.7268	61.1307	2642.313	0.5935	0.7166
3.293	 3	135.3	10.366	0.0015	1532.525	1.7319	59.5903	2654.126	0.5906	0.7168
3.303	 3	136.3	10.387	0.0012	1534.722	1.7336	58.3185	2660.597	0.5896	0.7181
3.313	 3	137.3	10.581	0.0006	1555.115	1.6961	52.6652	2637.584	0.6113	0.7219
3.323	 3	138.3	10.585	0.0009	1540.533	1.6966	51.7313	2613.723	0.611	0.7334
3.333	 3	139.3	10.582	0.0	108.8896	1.7272	50.8959	188.0716	0.5933	0.7558
3.343	 3	140.3	10.56	0.001	1545.894	1.7095	49.4352	2642.653	0.6036	0.8051
3.353	 3	141.3	10.514	0.0013	1536.685	1.7308	48.2709	2659.769	0.5912	0.8939
3.363	 3	142.3	10.489	0.0007	1528.786	1.7422	47.7021	2663.415	0.5846	1.0536
3.373	 3	143.3	10.498	0.0011	1528.538	1.741	45.7891	2661.181	0.5853	1.3436
3.383	 3	144.3	10.612	0.001	1532.419	1.7066	41.7801	2615.188	0.6052	1.7032
3.393	 3	145.3	10.797	0.0	111.102	0.7019	38.9346	77.9795	1.188	1.9671
3.403	 4	0.0	10.799	0.0	111.1225	0.9533	38.914	105.9302	1.0422	1.9363
3.413	 4	1.0	10.845	0.0	111.5959	1.6829	39.2621	187.8005	0.619	1.6686
3.423	 4	2.0	10.805	0.0002	1566.623	1.6728	40.5055	2620.641	0.6248	1.3332
3.433	 4	3.0	10.781	0.0015	1543.671	1.6768	39.9319	2588.458	0.6225	1.0617
3.443	 4	4.0	10.736	0.0	110.4743	1.6441	41.2545	181.6273	0.6415	0.8866
3.453	 4	5.0	10.368	0.0037	1547.232	1.7187	45.5985	2659.206	0.5982	0.7877
3.463	 4	6.0	10.242	0.0044	1536.223	1.75	47.2336	2688.438	0.58	0.7384
3.473	 4	7.0	10.193	0.0102	1532.782	1.7572	48.869	2693.398	0.5759	0.709
3.483	 4	8.0	10.192	0.0113	1523.923	1.7219	47.9052	2623.967	0.5964	0.6932
3.493	 4	9.0	10.188	0.0075	1523.781	1.7228	48.9383	2625.21	0.5958	0.6871
3.503	 4	10.0	10.187	0.0075	1517.956	1.7431	47.9731	2645.888	0.5841	0.6858
3.513	 4	11.0	10.188	0.0074	1516.297	1.7286	49.917	2621.01	0.5925	0.6892
3.523	 4	12.0	10.188	0.0065	1516.297	1.7237	50.8958	2613.686	0.5953	0.6897
3.533	 4	13.0	10.193	0.0059	1520.662	1.751	51.8011	2662.647	0.5795	0.6854
3.543	 4	14.0	10.198	0.0059	1523.909	1.7302	52.7039	2636.661	0.5915	0.681
3.553	 4	15.0	10.203	0.0068	1526.481	1.7718	53.604	2704.637	0.5674	0.6772
3.563	 4	16.0	10.211	0.0066	1530.655	1.7714	54.4553	2711.362	0.5676	0.6746
3.573	 4	17.0	10.223	0.0065	1530.848	1.7869	54.2711	2735.415	0.5587	0.6688
3.583	 4	18.0	10.224	0.0046	1539.064	1.8414	53.287	2834.002	0.527	0.6646
3.593	 4	19.0	10.233	0.0051	1554.695	1.8266	52.1855	2839.751	0.5356	0.6612
3.603	 4	20.0	10.241	0.0066	1556.856	1.8235	50.1395	2838.866	0.5374	0.6579
3.613	 4	21.0	10.246	0.0043	1555.016	1.8043	48.1433	2805.739	0.5485	0.6558
3.623	 4	22.0	10.253	0.0043	1549.026	1.7528	44.2047	2715.165	0.5784	0.6532
3.633	 4	23.0	10.253	0.0063	1541.341	1.7547	42.2827	2704.583	0.5773	0.6489
3.643	 4	24.0	10.254	0.0057	1526.347	1.7412	38.428	2657.643	0.5852	0.6467
3.653	 4	25.0	10.258	0.0037	1525.58	1.7495	36.4656	2668.966	0.5804	0.6453
3.663	 4	26.0	10.259	0.0023	1529.14	1.7867	33.5773	2732.137	0.5588	0.6446
3.673	 4	27.0	10.261	0.0021	1535.618	1.7653	30.682	2710.778	0.5712	0.646
3.683	 4	28.0	10.259	0.0023	1539.928	1.7851	28.7806	2748.926	0.5597	0.6427
3.693	 4	29.0	10.261	0.0038	1539.073	1.7777	26.8468	2735.979	0.564	0.6353
3.703	 4	30.0	10.263	0.0041	1535.458	1.7838	23.9569	2738.887	0.5605	0.6277
3.713	 4	31.0	10.259	0.0038	1534.171	1.7787	22.0651	2728.78	0.5634	0.6274
3.723	 4	32.0	10.259	0.0036	1527.091	1.7474	21.1057	2668.503	0.5815	0.63
3.733	 4	33.0	10.254	0.0031	1522.268	1.7433	19.214	2653.829	0.5839	0.633
3.743	 4	34.0	10.254	0.0029	1524.985	1.7712	18.2533	2701.102	0.5677	0.6386
3.753	 4	35.0	10.249	0.0024	1525.149	1.7673	18.279	2695.449	0.57	0.6434
3.763	 4	36.0	10.249	0.0022	1522.656	1.7535	15.3929	2669.987	0.578	0.6495
3.773	 4	37.0	10.247	0.0028	1515.156	1.7399	14.4389	2636.225	0.5859	0.6579
3.783	 4	38.0	10.243	0.0026	1512.999	1.7308	13.4915	2618.675	0.5912	0.6657
3.793	 4	39.0	10.239	0.0028	1513.973	1.7468	13.5067	2644.64	0.5819	0.6726
3.803	 4	40.0	10.235	0.0032	1515.847	1.7188	12.5561	2605.462	0.5981	0.6784
3.813	 4	41.0	10.234	0.0055	1511.0	1.6982	12.5596	2565.922	0.6101	0.6829
3.823	 4	42.0	10.228	0.0046	1507.665	1.7236	12.5809	2598.626	0.5954	0.6837
3.833	 4	43.0	10.226	0.0039	1509.15	1.7084	11.6197	2578.18	0.6042	0.6844
3.843	 4	44.0	10.223	0.0023	1506.262	1.675	11.6295	2522.967	0.6236	0.6827
3.853	 4	45.0	10.223	0.0018	1504.489	1.7044	10.6604	2564.277	0.6065	0.6794
3.863	 4	46.0	10.223	0.0018	1504.71	1.6976	10.6604	2554.449	0.6104	0.6666
3.873	 4	47.0	10.223	0.002	1505.153	1.6796	11.6295	2528.038	0.6209	0.6687
3.883	 4	48.0	10.223	0.0019	1503.825	1.6819	11.6295	2529.279	0.6195	0.6676
3.893	 4	49.0	10.239	0.0017	1504.408	1.6724	10.6124	2515.924	0.6251	0.6635
3.903	 4	50.0	10.245	0.0018	1503.743	1.6421	9.6314	2469.242	0.6427	0.6575
3.913	 4	51.0	10.246	0.0016	1501.686	1.6178	10.5915	2429.399	0.6567	0.652
3.923	 4	52.0	10.25	0.0014	1498.976	1.6067	9.6178	2408.34	0.6632	0.6474
3.933	 4	53.0	10.259	0.0014	1502.49	1.6114	9.5935	2421.136	0.6604	0.6426
3.943	 4	54.0	10.269	0.0016	1501.975	1.6029	9.5666	2407.49	0.6654	0.6379
3.953	 4	55.0	10.281	0.0016	1500.438	1.6048	9.5345	2407.829	0.6643	0.6361
3.963	 4	56.0	10.291	0.0018	1501.897	1.5792	8.557	2371.756	0.6791	0.6358
3.973	 4	57.0	10.301	0.0018	1499.418	1.5341	9.4812	2300.33	0.7053	0.6372
3.983	 4	58.0	10.307	0.0016	1502.04	1.6066	9.4653	2413.168	0.6632	0.6431
3.993	 4	59.0	10.305	0.0014	1511.44	1.692	9.4706	2557.402	0.6137	0.6525
4.003	 4	60.0	10.306	0.0011	1514.03	1.6418	9.468	2485.698	0.6428	0.6621
4.013	 4	61.0	10.303	0.002	1514.256	1.6977	10.4235	2570.7	0.6104	0.6707
4.023	 4	62.0	10.301	0.0019	1522.69	1.7147	10.4293	2610.956	0.6005	0.6775
4.033	 4	63.0	10.29	0.0024	1525.122	1.7186	10.4615	2621.141	0.5982	0.6826
4.043	 4	64.0	10.29	0.0032	1523.993	1.7256	10.4615	2629.821	0.5942	0.6862
4.053	 4	65.0	10.29	0.0032	1524.219	1.706	11.4125	2600.388	0.6055	0.6902
4.063	 4	66.0	10.28	0.004	1520.935	1.6798	10.4908	2554.845	0.6208	0.6924
4.073	 4	67.0	10.278	0.0064	1524.926	1.6821	11.451	2565.143	0.6194	0.6913
4.083	 4	68.0	10.272	0.0051	1524.94	1.6796	10.5144	2561.36	0.6209	0.6902
4.093	 4	69.0	10.27	0.0047	1523.287	1.6506	10.5203	2514.359	0.6377	0.691
4.103	 4	70.0	10.268	0.0054	1518.037	1.6685	10.5262	2532.848	0.6273	0.6949
4.113	 4	71.0	10.255	0.0055	1516.787	1.6678	10.5647	2529.635	0.6278	0.6985
4.123	 4	72.0	10.254	0.0058	1515.967	1.6708	11.5284	2532.848	0.626	0.7013
4.133	 4	73.0	10.246	0.0047	1520.855	1.7562	10.5915	2670.936	0.5764	0.7011
4.143	 4	74.0	10.239	0.0028	1524.795	1.7602	10.6124	2683.989	0.5741	0.7
4.153	 4	75.0	10.232	0.0047	1530.133	1.7468	11.6001	2672.802	0.5819	0.6977
4.163	 4	76.0	10.228	0.0039	1525.429	1.7266	11.6131	2633.858	0.5936	0.6952
4.173	 4	77.0	10.227	0.005	1522.102	1.7157	11.6164	2611.404	0.6	0.6937
4.183	 4	78.0	10.217	0.0049	1519.482	1.7267	11.6492	2623.653	0.5936	0.6927
4.193	 4	79.0	10.21	0.0049	1518.216	1.7134	11.6723	2601.352	0.6013	0.6937
4.203	 4	80.0	10.197	0.0045	1514.706	1.7165	11.7153	2600.005	0.5995	0.696
4.213	 4	81.0	10.198	0.0047	1515.98	1.7335	11.712	2628.011	0.5896	0.6981
4.223	 4	82.0	10.192	0.0047	1520.513	1.7407	10.7542	2646.713	0.5855	0.7008
4.233	 4	83.0	10.184	0.0039	1527.753	1.76	11.7585	2688.842	0.5742	0.703
4.243	 4	84.0	10.183	0.0039	1527.832	1.7577	10.7817	2685.43	0.5756	0.7069
4.253	 4	85.0	10.177	0.0035	1521.908	1.7445	11.7819	2654.916	0.5833	0.7113
4.263	 4	86.0	10.173	0.0035	1523.817	1.7682	11.7952	2694.381	0.5695	0.7156
4.273	 4	87.0	10.177	0.0037	1526.016	1.7732	11.7819	2705.88	0.5666	0.7203
4.283	 4	88.0	10.173	0.0037	1522.448	1.7653	11.7952	2687.652	0.5711	0.7222
4.293	 4	89.0	10.178	0.0029	1523.197	1.7803	11.7785	2711.749	0.5625	0.7185
4.303	 4	90.0	10.178	0.0032	1527.082	1.7896	11.7785	2732.861	0.5571	0.7213
4.313	 4	91.0	10.177	0.003	1528.767	1.7949	11.7819	2744.044	0.554	0.7223
4.323	 4	92.0	10.188	0.0029	1527.665	1.7741	11.7452	2710.236	0.5661	0.7199
4.333	 4	93.0	10.185	0.0028	1528.591	1.7661	11.7552	2699.637	0.5707	0.7168
4.343	 4	94.0	10.185	0.0025	1526.3	1.7775	11.7552	2712.976	0.5641	0.7098
4.353	 4	95.0	10.185	0.0025	1523.788	1.7759	12.7348	2706.089	0.565	0.7055
4.363	 4	96.0	10.188	0.0026	1522.642	1.7662	12.724	2689.298	0.5706	0.7026
4.373	 4	97.0	10.19	0.0024	1520.669	1.7543	12.7167	2667.69	0.5776	0.6995
4.383	 4	98.0	10.189	0.0023	1517.123	1.7054	11.7419	2587.251	0.6059	0.6981
4.393	 4	99.0	10.189	0.0026	1514.643	1.7351	11.7419	2628.011	0.5887	0.6979
4.403	 4	100.0	10.189	0.0022	1515.318	1.7473	11.7419	2647.77	0.5816	0.6956
4.413	 4	101.0	10.196	0.0022	1521.791	1.7495	11.7186	2662.426	0.5803	0.6947
4.423	 4	102.0	10.199	0.0021	1521.104	1.7422	12.6844	2650.124	0.5845	0.6914
4.433	 4	103.0	10.201	0.0022	1519.589	1.7188	11.702	2611.914	0.5981	0.6885
4.443	 4	104.0	10.203	0.002	1517.175	1.7449	11.6954	2647.376	0.583	0.6903
4.453	 4	105.0	10.203	0.002	1520.566	1.7428	11.6954	2650.018	0.5842	0.693
4.463	 4	106.0	10.203	0.0021	1521.473	1.7699	11.6954	2692.874	0.5685	0.6977
4.473	 4	107.0	10.198	0.0024	1523.226	1.761	11.712	2682.434	0.5737	0.7045
4.483	 4	108.0	10.197	0.0022	1524.443	1.7681	12.6916	2695.383	0.5695	0.7049
4.493	 4	109.0	10.198	0.0019	1525.049	1.7768	11.712	2709.722	0.5645	0.7043
4.503	 4	110.0	10.204	0.002	1525.262	1.7506	11.6921	2670.184	0.5797	0.7028
4.513	 4	111.0	10.203	0.0019	1520.793	1.7397	11.6954	2645.744	0.586	0.7051
4.523	 4	112.0	10.209	0.002	1518.293	1.7504	11.6756	2657.623	0.5798	0.7094
4.533	 4	113.0	10.209	0.0017	1519.875	1.7356	11.6756	2637.944	0.5884	0.7143
4.543	 4	114.0	10.218	0.0017	1521.668	1.7205	10.6755	2617.987	0.5972	0.7129
4.553	 4	115.0	10.219	0.0017	1518.425	1.6846	11.6427	2557.912	0.618	0.7092
4.563	 4	116.0	10.224	0.0017	1516.014	1.6893	11.6262	2560.969	0.6153	0.7052
4.573	 4	117.0	10.224	0.0014	1516.689	1.6829	10.6574	2552.421	0.619	0.699
4.583	 4	118.0	10.229	0.0015	1515.857	1.6855	10.6424	2555.044	0.6174	0.6956
4.593	 4	119.0	10.233	0.0013	1516.0	1.7132	10.6304	2597.144	0.6014	0.6977
4.603	 4	120.0	10.233	0.0012	1518.024	1.6977	10.6304	2577.209	0.6104	0.6946
4.613	 4	121.0	10.238	0.0013	1516.965	1.6708	10.6154	2534.567	0.626	0.6922
4.623	 4	122.0	10.244	0.0013	1511.137	1.5927	10.5975	2406.823	0.6713	0.6877
4.633	 4	123.0	10.253	0.0013	1506.244	1.6188	10.5707	2438.372	0.6561	0.6886
4.643	 4	124.0	10.259	0.0013	1512.681	1.7223	10.5529	2605.326	0.5961	0.6885
4.653	 4	125.0	10.263	0.001	1517.971	1.7217	11.4993	2613.418	0.5965	0.6999
4.663	 4	126.0	10.273	0.0012	1521.025	1.7407	10.5115	2647.694	0.5854	0.7631
4.673	 4	127.0	10.281	0.0009	1528.092	1.7713	11.4413	2706.783	0.5677	0.7793
4.683	 4	128.0	10.285	0.0008	1534.846	1.7406	11.4285	2671.477	0.5855	0.7899
4.693	 4	129.0	10.296	0.0009	1536.258	1.7602	11.3934	2704.142	0.5741	0.7963
4.703	 4	130.0	10.305	0.0008	1541.05	1.7749	11.3647	2735.187	0.5656	0.8
4.713	 4	131.0	10.321	0.0008	1546.681	1.7802	11.314	2753.352	0.5625	0.802
4.723	 4	132.0	10.332	0.0005	1549.49	1.7671	11.2794	2738.035	0.5702	0.7995
4.733	 4	133.0	10.342	0.0005	1548.899	1.7657	11.248	2734.838	0.571	0.8047
4.743	 4	134.0	10.342	0.0006	1543.121	1.7549	11.248	2708.023	0.5772	0.7938
4.753	 4	135.0	10.348	0.0005	1542.176	1.7386	11.2292	2681.205	0.5867	0.7906
4.763	 4	136.0	10.37	0.0005	1540.175	1.7405	11.1608	2680.638	0.5856	0.7868
4.773	 4	137.0	10.536	0.0001	1547.818	1.7257	10.6627	2671.043	0.5942	0.7853
4.783	 4	138.0	10.629	0.0002	1563.088	1.7264	10.3972	2698.504	0.5937	0.7896
4.793	 4	139.0	10.611	0.0001	1542.969	1.7353	9.5772	2677.5	0.5886	0.7986
4.803	 4	140.0	10.587	0.0004	1563.349	1.7759	10.5159	2776.418	0.565	0.8135
4.813	 4	141.0	10.581	0.0008	1564.542	1.7298	10.533	2706.405	0.5917	0.8466
4.823	 4	142.0	10.541	0.0003	1545.148	1.7386	10.6482	2686.396	0.5867	0.9184
4.833	 4	143.0	10.516	0.0007	1555.851	1.7259	9.8276	2685.186	0.594	1.0659
4.843	 4	144.0	10.44	0.0023	1546.896	1.7217	10.0346	2663.339	0.5964	1.3445
4.853	 4	145.0	10.729	0.0001	1529.001	1.6727	9.2785	2557.521	0.6249	1.727
4.863	 4	146.0	10.839	0.0	111.5341	1.3499	9.8311	150.5592	0.8121	1.988
4.873	 5	0.8	10.844	0.0	111.5856	1.258	8.9999	140.3753	0.8654	1.9149
4.883	 5	1.8	10.883	0.0	111.9869	1.6461	9.718	184.3393	0.6403	1.5433
4.893	 5	2.8	10.883	0.0	111.9869	1.6426	9.718	183.9474	0.6424	1.1963
4.903	 5	3.8	10.836	0.0	111.5033	1.5944	9.8388	177.783	0.6703	0.9639
4.913	 5	4.8	10.65	0.0	109.5893	1.6441	10.3386	180.1724	0.6415	0.8307
4.923	 5	5.8	10.359	0.0	106.5949	1.6841	11.1949	179.5151	0.6183	0.7573
4.933	 5	6.8	10.271	0.0009	1545.906	1.7218	12.4296	2661.776	0.5964	0.7162
4.943	 5	7.8	10.243	0.0026	1543.085	1.7265	11.5642	2664.182	0.5937	0.6921
4.953	 5	8.8	10.223	0.0097	1530.16	1.7272	11.6295	2642.856	0.5933	0.6748
4.963	 5	9.8	10.22	0.0151	1530.857	1.7153	12.6093	2625.932	0.6002	0.6649
4.973	 5	10.8	10.22	0.014	1525.829	1.7189	11.6394	2622.797	0.5981	0.658
4.983	 5	11.8	10.22	0.0138	1524.918	1.6961	11.6394	2586.38	0.6113	0.6506
4.993	 5	12.8	10.22	0.0088	1519.929	1.6932	11.6394	2573.467	0.613	0.6445
5.003	 5	13.8	10.231	0.0084	1522.244	1.7016	11.6033	2590.261	0.6081	0.6376
5.013	 5	14.8	10.231	0.0072	1520.434	1.7022	11.6033	2588.08	0.6078	0.6298
5.023	 5	15.8	10.241	0.0064	1521.468	1.6955	11.5707	2579.697	0.6116	0.6243
5.033	 5	16.8	10.246	0.003	1522.211	1.688	11.5544	2569.459	0.616	0.6194
5.043	 5	17.8	10.254	0.0033	1521.591	1.6631	11.5284	2530.527	0.6305	0.6167
5.053	 5	18.8	10.258	0.0059	1516.558	1.6439	11.5155	2493.03	0.6416	0.6155
5.063	 5	19.8	10.266	0.0045	1512.82	1.6538	11.4896	2501.884	0.6359	0.6141
5.073	 5	20.8	10.266	0.0026	1505.941	1.6274	11.4896	2450.786	0.6512	0.6112
5.083	 5	21.8	10.276	0.0021	1501.242	1.6096	11.4574	2416.333	0.6615	0.6066
5.093	 5	22.8	10.271	0.0012	1507.117	1.664	11.4735	2507.874	0.6299	0.6026
5.103	 5	23.8	10.277	0.0011	1509.548	1.6596	10.4997	2505.308	0.6325	0.6034
5.113	 5	24.8	10.277	0.0012	1511.99	1.7026	11.4542	2574.244	0.6076	0.6052
5.123	 5	25.8	10.282	0.0011	1517.862	1.72	11.4381	2610.694	0.5975	0.6056
5.133	 5	26.8	10.282	0.001	1519.882	1.7128	11.4381	2603.188	0.6016	0.6068
5.143	 5	27.8	10.282	0.0017	1515.178	1.6809	11.4381	2546.875	0.6201	0.6049
5.153	 5	28.8	10.282	0.0018	1505.858	1.6392	11.4381	2468.408	0.6443	0.6045
5.163	 5	29.8	10.282	0.0018	1506.52	1.6671	11.4381	2511.501	0.6281	0.6047
5.173	 5	30.8	10.277	0.0016	1509.104	1.678	11.4542	2532.218	0.6218	0.6053
5.183	 5	31.8	10.277	0.0018	1513.549	1.6794	11.4542	2541.866	0.621	0.6081
5.193	 5	32.8	10.281	0.0022	1516.372	1.684	12.3948	2553.534	0.6183	0.6069
5.203	 5	33.8	10.282	0.002	1517.638	1.694	12.3913	2570.954	0.6125	0.6043
5.213	 5	34.8	10.277	0.0019	1516.9	1.6803	11.4542	2548.811	0.6205	0.6021
5.223	 5	35.8	10.276	0.0028	1510.51	1.648	11.4574	2489.273	0.6392	0.5999
5.233	 5	36.8	10.277	0.0035	1507.555	1.6339	11.4542	2463.211	0.6474	0.5978
5.243	 5	37.8	10.283	0.0031	1508.214	1.6441	11.4349	2479.583	0.6415	0.5989
5.253	 5	38.8	10.286	0.0027	1509.539	1.6537	12.3774	2496.277	0.6359	0.6061
5.263	 5	39.8	10.285	0.002	1509.836	1.6561	12.3809	2500.419	0.6345	0.6162
5.273	 5	40.8	10.283	0.0023	1507.771	1.6321	11.4349	2460.88	0.6484	0.6235
5.283	 5	41.8	10.285	0.003	1507.843	1.646	11.4285	2481.861	0.6404	0.6301
5.293	 5	42.8	10.285	0.0025	1508.286	1.6393	11.4285	2472.503	0.6443	0.6328
5.303	 5	43.8	10.286	0.0025	1508.654	1.6633	11.4253	2509.346	0.6303	0.6346
5.313	 5	44.8	10.286	0.0026	1510.204	1.6427	11.4253	2480.868	0.6423	0.6329
5.323	 5	45.8	10.291	0.0024	1510.051	1.6333	12.3601	2466.432	0.6477	0.6367
5.333	 5	46.8	10.289	0.002	1507.988	1.6603	11.4157	2503.648	0.6321	0.6397
5.343	 5	47.8	10.291	0.0021	1507.618	1.6565	12.3601	2497.422	0.6343	0.6394
5.353	 5	48.8	10.287	0.0027	1508.358	1.639	12.374	2472.141	0.6445	0.6394
5.363	 5	49.8	10.285	0.0026	1504.535	1.639	12.3809	2465.937	0.6444	0.6352
5.373	 5	50.8	10.285	0.0023	1503.655	1.6365	12.3809	2460.744	0.6459	0.6329
5.383	 5	51.8	10.284	0.002	1503.289	1.621	12.3844	2436.857	0.6549	0.6307
5.393	 5	52.8	10.279	0.002	1501.68	1.6322	12.4017	2451.065	0.6484	0.628
5.403	 5	53.8	10.273	0.0024	1504.1	1.6708	12.4226	2513.109	0.626	0.6268
5.413	 5	54.8	10.278	0.0017	1509.473	1.6729	12.4052	2525.193	0.6248	0.6279
5.423	 5	55.8	10.282	0.002	1511.17	1.6902	12.3913	2554.231	0.6147	0.6294
5.433	 5	56.8	10.28	0.002	1510.876	1.685	12.3983	2545.846	0.6177	0.6304
5.443	 5	57.8	10.285	0.0017	1508.728	1.6778	12.3809	2531.362	0.6219	0.6277
5.453	 5	58.8	10.292	0.0018	1506.22	1.6384	12.3567	2467.855	0.6448	0.6262
5.463	 5	59.8	10.292	0.0016	1502.262	1.6359	12.3567	2457.624	0.6462	0.6262
5.473	 5	60.8	10.291	0.0017	1501.459	1.638	12.3601	2459.461	0.645	0.627
5.483	 5	61.8	10.287	0.0017	1503.947	1.66	11.4221	2496.572	0.6322	0.6303
5.493	 5	62.8	10.286	0.0019	1510.426	1.669	12.3774	2520.923	0.627	0.6329
5.503	 5	63.8	10.292	0.0021	1513.529	1.6971	12.3567	2568.633	0.6107	0.6371
5.513	 5	64.8	10.287	0.002	1518.6	1.7039	12.374	2587.491	0.6068	0.6398
5.523	 5	65.8	10.281	0.0021	1519.959	1.6863	12.3948	2563.116	0.617	0.6422
5.533	 5	66.8	10.274	0.0022	1518.699	1.6916	12.4192	2568.956	0.614	0.6449
5.543	 5	67.8	10.268	0.002	1517.588	1.7061	12.4401	2589.196	0.6055	0.6471
5.553	 5	68.8	10.268	0.0024	1518.037	1.7011	12.4401	2582.305	0.6084	0.6502
5.563	 5	69.8	10.264	0.0023	1519.692	1.7104	12.4541	2599.233	0.603	0.655
5.573	 5	70.8	10.264	0.0021	1519.017	1.7128	12.4541	2601.713	0.6016	0.6591
5.583	 5	71.8	10.253	0.002	1515.595	1.7119	13.4536	2594.553	0.6021	0.6636
5.593	 5	72.8	10.254	0.0024	1515.967	1.7238	13.4498	2613.176	0.5953	0.6677
5.603	 5	73.8	10.249	0.002	1522.204	1.7319	13.4688	2636.313	0.5905	0.6697
5.613	 5	74.8	10.245	0.0026	1528.648	1.7455	12.5208	2668.238	0.5827	0.6708
5.623	 5	75.8	10.24	0.002	1523.81	1.746	12.5384	2660.619	0.5823	0.6759
5.633	 5	76.8	10.239	0.0021	1522.754	1.729	12.542	2632.882	0.5922	0.6826
5.643	 5	77.8	10.239	0.0021	1525.022	1.7318	13.5067	2640.981	0.5906	0.6921
5.653	 5	78.8	10.243	0.0017	1530.176	1.7409	12.5278	2663.87	0.5853	0.7048
5.663	 5	79.8	10.233	0.0018	1530.511	1.7506	12.5632	2679.371	0.5797	0.7122
5.673	 5	80.8	10.232	0.0019	1529.675	1.7617	12.5667	2694.902	0.5732	0.7137
5.683	 5	81.8	10.227	0.0018	1531.217	1.7205	12.5844	2634.4	0.5972	0.7128
5.693	 5	82.8	10.234	0.002	1525.414	1.7229	12.5596	2628.136	0.5958	0.7131
5.703	 5	83.8	10.234	0.0018	1523.143	1.7406	12.5596	2651.145	0.5855	0.7159
5.713	 5	84.8	10.232	0.0018	1530.362	1.7662	12.5667	2702.861	0.5707	0.7191
5.723	 5	85.8	10.234	0.002	1532.265	1.7614	12.5596	2698.937	0.5734	0.7265
5.733	 5	86.8	10.229	0.0019	1532.434	1.7657	12.5774	2705.864	0.5709	0.7319
5.743	 5	87.8	10.229	0.0016	1539.121	1.7907	12.5774	2756.042	0.5565	0.7291
5.753	 5	88.8	10.229	0.0016	1545.166	1.7861	12.5774	2759.879	0.5591	0.7343
5.763	 5	89.8	10.234	0.002	1547.324	1.7878	12.5596	2766.375	0.5581	0.7372
5.773	 5	90.8	10.233	0.0018	1547.641	1.7883	12.5632	2767.712	0.5578	0.7413
5.783	 5	91.8	10.236	0.0016	1547.392	1.7875	12.5526	2765.957	0.5583	0.7414
5.793	 5	92.8	10.235	0.0014	1548.646	1.7916	13.5219	2774.481	0.5559	0.7386
5.803	 5	93.8	10.235	0.0014	1548.177	1.7755	12.5561	2748.751	0.5653	0.7369
5.813	 5	94.8	10.236	0.0013	1546.457	1.7772	12.5526	2748.391	0.5643	0.7356
5.823	 5	95.8	10.235	0.0012	1539.561	1.7729	13.5219	2729.531	0.5667	0.7307
5.833	 5	96.8	10.235	0.0011	1540.256	1.7593	13.5219	2709.845	0.5746	0.7271
5.843	 5	97.8	10.235	0.0018	1539.098	1.772	12.5561	2727.241	0.5673	0.7213
5.853	 5	98.8	10.232	0.0014	1537.029	1.7596	9.6667	2704.479	0.5745	0.7173
5.863	 5	99.8	10.233	0.0015	1535.795	1.7562	13.5296	2697.235	0.5764	0.718
5.873	 5	100.8	10.239	0.0013	1533.703	1.7521	13.5067	2687.2	0.5788	0.7167
5.883	 5	101.8	10.244	0.0013	1534.682	1.7497	13.4877	2685.216	0.5802	0.7222
5.893	 5	102.8	10.244	0.0018	1533.303	1.7537	13.4877	2689.011	0.5779	0.7237
5.903	 5	103.8	10.244	0.0014	1534.911	1.7435	13.4877	2676.111	0.5838	0.7223
5.913	 5	104.8	10.243	0.0015	1537.065	1.7902	13.4915	2751.582	0.5568	0.7193
5.923	 5	105.8	10.244	0.0018	1538.831	1.7781	13.4877	2736.145	0.5638	0.7208
5.933	 5	106.8	10.244	0.0017	1536.754	1.7613	13.4877	2706.615	0.5735	0.7183
5.943	 5	107.8	10.245	0.0014	1532.306	1.763	13.4839	2701.412	0.5725	0.7221
5.953	 5	108.8	10.249	0.0013	1532.446	1.7377	9.6205	2662.963	0.5872	0.7248
5.963	 5	109.8	10.244	0.0013	1530.097	1.7472	12.5243	2673.396	0.5817	0.7297
5.973	 5	110.8	10.254	0.0012	1531.591	1.7262	12.4891	2643.822	0.5939	0.7326
5.983	 5	111.8	10.258	0.0012	1531.73	1.7598	13.4347	2695.53	0.5744	0.7375
5.993	 5	112.8	10.255	0.001	1532.198	1.7682	13.446	2709.234	0.5695	0.7365
6.003	 5	113.8	10.259	0.001	1534.63	1.7459	13.4309	2679.296	0.5824	0.7365
6.013	 5	114.8	10.264	0.0008	1536.987	1.7676	12.4541	2716.781	0.5698	0.7347
6.023	 5	115.8	10.264	0.001	1536.757	1.7607	13.4121	2705.694	0.5739	0.7291
6.033	 5	116.8	10.269	0.001	1535.437	1.7532	13.3933	2691.943	0.5782	0.7256
6.043	 5	117.8	10.271	0.001	1535.965	1.7772	12.4296	2729.763	0.5643	0.7173
6.053	 5	118.8	10.271	0.0008	1538.496	1.7541	12.4296	2698.706	0.5777	0.7124
6.063	 5	119.8	10.274	0.0008	1541.485	1.7637	12.4192	2718.666	0.5721	0.7121
6.073	 5	120.8	10.278	0.0007	1542.548	1.7627	12.4052	2718.995	0.5727	0.7113
6.083	 5	121.8	10.277	0.0009	1541.473	1.7575	12.4087	2709.111	0.5757	0.7165
6.093	 5	122.8	10.277	0.0011	1534.568	1.7339	12.4087	2660.794	0.5894	0.7203
6.103	 5	123.8	10.282	0.0013	1527.559	1.6961	12.3913	2590.908	0.6113	0.7227
6.113	 5	124.8	10.281	0.0011	1526.277	1.7338	12.3948	2646.324	0.5894	0.7359
6.123	 5	125.8	10.292	0.0009	1528.818	1.7201	12.3567	2629.753	0.5974	0.7647
6.133	 5	126.8	10.285	0.0012	1527.324	1.7268	12.3809	2637.316	0.5935	0.7682
6.143	 5	127.8	10.287	0.001	1529.665	1.7455	12.374	2669.992	0.5827	0.7694
6.153	 5	128.8	10.297	0.0011	1535.491	1.746	12.3394	2680.894	0.5824	0.7704
6.163	 5	129.8	10.299	0.0012	1535.56	1.7336	12.3325	2662.001	0.5896	0.7691
6.173	 5	130.8	10.311	0.001	1534.832	1.727	12.2912	2650.603	0.5934	0.765
6.183	 5	131.8	10.322	0.0007	1534.185	1.7209	12.2535	2640.133	0.5969	0.7578
6.193	 5	132.8	10.357	0.0008	1534.143	1.6921	12.1346	2595.854	0.6137	0.7508
6.203	 5	133.8	10.373	0.0004	1531.975	1.6836	11.1515	2579.186	0.6186	0.7381
6.213	 5	134.8	10.398	0.0001	1413.348	1.6984	11.9974	2400.437	0.61	0.731
6.223	 5	135.8	10.425	0.0003	1301.173	1.659	11.9082	2158.641	0.6328	0.7242
6.233	 5	136.8	10.641	0.0001	1127.583	1.6276	10.3636	1835.217	0.6511	0.7246
6.243	 5	137.8	10.69	0.0	110.0009	1.6232	11.0805	178.5526	0.6536	0.7363
6.253	 5	138.8	10.685	0.0	109.9495	1.6621	11.0953	182.7485	0.631	0.7668
6.263	 5	139.8	10.631	0.0001	1445.804	1.6703	11.2576	2414.872	0.6263	0.8252
6.273	 5	140.8	10.601	0.0002	1306.99	1.6592	11.3492	2168.537	0.6327	0.9422
6.283	 5	141.8	10.589	0.0001	1135.55	1.6257	10.5102	1846.086	0.6521	1.156
6.293	 5	142.8	10.608	0.0006	1514.563	1.5768	10.4563	2388.165	0.6805	1.4913
6.303	 5	143.8	10.735	0.0	110.464	1.3649	9.2637	150.7691	0.8034	1.8407
6.313	 5	144.8	10.905	0.0	112.2133	0.5861	8.857	65.7672	1.2552	1.9766
6.323	 6	0.5	10.896	0.0	112.1207	1.3986	8.8779	156.8117	0.7839	1.8141
6.333	 6	1.5	10.907	0.0	112.2339	1.5702	9.6571	176.2311	0.6843	1.4759
6.343	 6	2.5	10.897	0.0002	1540.865	1.5631	9.6824	2408.492	0.6885	1.1631
6.353	 6	3.5	10.835	0.0014	1543.008	1.5688	9.8414	2420.683	0.6851	0.9533
6.363	 6	4.5	10.747	0.0	110.5875	1.6418	10.9131	181.5636	0.6428	0.8356
6.373	 6	5.5	10.325	0.0007	1567.006	1.7509	12.2432	2743.632	0.5795	0.7723
6.383	 6	6.5	10.262	0.0013	1553.907	1.7585	13.4196	2732.513	0.5751	0.7419
6.393	 6	7.5	10.229	0.0067	1544.466	1.7686	13.5448	2731.501	0.5693	0.7301
6.403	 6	8.5	10.223	0.0108	1537.524	1.7302	12.5987	2660.242	0.5915	0.7287
6.413	 6	9.5	10.225	0.0143	1537.825	1.7788	13.5601	2735.498	0.5633	0.7317
6.423	 6	10.5	10.223	0.013	1544.493	1.8002	13.5678	2780.35	0.5509	0.7339
6.433	 6	11.5	10.222	0.0092	1554.677	1.8155	12.6022	2822.512	0.5421	0.7374
6.443	 6	12.5	10.22	0.0102	1561.975	1.8442	13.5793	2880.515	0.5254	0.7291
6.453	 6	13.5	10.223	0.0098	1565.064	1.831	13.5678	2865.706	0.533	0.7238
6.463	 6	14.5	10.228	0.0152	1558.671	1.8251	13.5487	2844.742	0.5365	0.716
6.473	 6	15.5	10.228	0.0141	1561.05	1.8393	13.5487	2871.236	0.5282	0.7079
6.483	 6	16.5	10.233	0.0113	1558.246	1.8199	13.5296	2835.8	0.5395	0.6987
6.493	 6	17.5	10.238	0.0081	1551.682	1.809	13.5105	2807.026	0.5458	0.6904
6.503	 6	18.5	10.247	0.0161	1548.821	1.7827	13.4763	2761.049	0.5611	0.6879
6.513	 6	19.5	10.247	0.0146	1531.46	1.7007	12.5137	2604.587	0.6086	0.6849
6.523	 6	20.5	10.257	0.0199	1523.845	1.7008	12.4786	2591.808	0.6086	0.6852
6.533	 6	21.5	10.257	0.0122	1525.431	1.7059	12.4786	2602.192	0.6056	0.6907
6.543	 6	22.5	10.257	0.0135	1527.021	1.646	12.4786	2513.454	0.6404	0.6991
6.553	 6	23.5	10.262	0.0092	1520.747	1.6842	13.4196	2561.218	0.6182	0.7059
6.563	 6	24.5	10.267	0.0079	1516.544	1.6234	12.4436	2462.0	0.6535	0.7066
6.573	 6	25.5	10.261	0.0112	1514.762	1.7719	13.4234	2684.055	0.5673	0.7031
6.583	 6	26.5	10.262	0.0076	1537.609	1.7878	13.4196	2748.952	0.5581	0.7015
6.593	 6	27.5	10.267	0.0087	1541.129	1.7996	13.4008	2773.478	0.5513	0.706
6.603	 6	28.5	10.262	0.0075	1542.694	1.8184	13.4196	2805.222	0.5404	0.7125
6.613	 6	29.5	10.263	0.0056	1543.308	1.7994	13.4158	2776.965	0.5514	0.7196
6.623	 6	30.5	10.262	0.0048	1541.535	1.8114	13.4196	2792.339	0.5444	0.7286
6.633	 6	31.5	10.262	0.0046	1541.767	1.7995	14.3782	2774.462	0.5513	0.7371
6.643	 6	32.5	10.266	0.0064	1536.596	1.7998	14.362	2765.59	0.5512	0.7381
6.653	 6	33.5	10.268	0.005	1534.828	1.7939	14.3539	2753.342	0.5546	0.737
6.663	 6	34.5	10.265	0.0035	1534.15	1.7896	14.366	2745.447	0.5571	0.7373
6.673	 6	35.5	10.264	0.0037	1532.169	1.7578	14.3701	2693.281	0.5755	0.7361
6.683	 6	36.5	10.269	0.0045	1526.762	1.7476	13.3933	2668.172	0.5814	0.7378
6.693	 6	37.5	10.265	0.0039	1525.94	1.7517	14.366	2673.001	0.5791	0.7494
6.703	 6	38.5	10.265	0.0026	1524.807	1.7536	14.366	2673.872	0.578	0.7578
6.713	 6	39.5	10.266	0.0042	1526.316	1.7444	14.362	2662.491	0.5833	0.77
6.723	 6	40.5	10.265	0.0039	1522.094	1.739	13.4083	2646.928	0.5864	0.772
6.733	 6	41.5	10.272	0.0033	1517.955	1.7232	14.3378	2615.692	0.5956	0.7729
6.743	 6	42.5	10.27	0.003	1515.42	1.722	14.3459	2609.538	0.5963	0.7727
6.753	 6	43.5	10.267	0.0027	1512.745	1.7237	14.358	2607.525	0.5953	0.7782
6.763	 6	44.5	10.272	0.0031	1515.044	1.7099	13.382	2590.623	0.6033	0.7794
6.773	 6	45.5	10.272	0.0038	1514.597	1.704	14.3378	2580.837	0.6067	0.7829
6.783	 6	46.5	10.272	0.0027	1515.268	1.689	14.3378	2559.215	0.6155	0.782
6.793	 6	47.5	10.278	0.0024	1510.36	1.703	14.3137	2572.114	0.6073	0.7809
6.803	 6	48.5	10.272	0.0022	1509.478	1.7162	13.382	2590.607	0.5996	0.779
6.813	 6	49.5	10.281	0.0019	1516.595	1.7156	13.3482	2601.91	0.6	0.775
6.823	 6	50.5	10.276	0.0022	1524.403	1.7365	13.367	2647.169	0.5879	0.77
6.833	 6	51.5	10.27	0.0024	1521.707	1.7008	13.3895	2588.044	0.6086	0.7623
6.843	 6	52.5	10.271	0.0035	1514.004	1.6885	13.3857	2556.444	0.6157	0.7516
6.853	 6	53.5	10.271	0.0035	1508.002	1.6944	13.3857	2555.147	0.6123	0.746
6.863	 6	54.5	10.278	0.0028	1515.035	1.7158	13.3595	2599.537	0.5999	0.7364
6.873	 6	55.5	10.273	0.0024	1514.522	1.717	13.3782	2600.376	0.5992	0.7299
6.883	 6	56.5	10.26	0.002	1511.714	1.7328	13.4272	2619.49	0.59	0.7274
6.893	 6	57.5	10.27	0.0028	1517.211	1.7052	14.3459	2587.146	0.606	0.7267
6.903	 6	58.5	10.27	0.0033	1513.41	1.6884	13.3895	2555.249	0.6158	0.729
6.913	 6	59.5	10.279	0.0033	1510.285	1.6881	13.3557	2549.504	0.616	0.731
6.923	 6	60.5	10.279	0.0031	1510.507	1.6855	13.3557	2545.912	0.6175	0.7357
6.933	 6	61.5	10.279	0.003	1515.853	1.6913	13.3557	2563.783	0.6141	0.74
6.943	 6	62.5	10.269	0.0026	1523.591	1.6962	13.3933	2584.305	0.6113	0.7427
6.953	 6	63.5	10.262	0.0034	1517.823	1.6839	12.4611	2555.852	0.6184	0.7463
6.963	 6	64.5	10.253	0.0048	1513.135	1.6938	13.4536	2563.009	0.6126	0.7493
6.973	 6	65.5	10.243	0.0039	1513.222	1.7187	13.4915	2600.738	0.5982	0.7492
6.983	 6	66.5	10.238	0.0029	1517.19	1.7076	13.5105	2590.681	0.6047	0.7545
6.993	 6	67.5	10.233	0.0033	1516.449	1.6954	12.5632	2570.972	0.6117	0.7607
7.003	 6	68.5	10.233	0.0028	1511.968	1.6823	13.5296	2543.55	0.6193	0.7679
7.013	 6	69.5	10.229	0.0029	1512.271	1.7186	13.5448	2599.021	0.5982	0.7769
7.023	 6	70.5	10.227	0.0028	1511.975	1.7247	13.5525	2607.68	0.5947	0.78
7.033	 6	71.5	10.229	0.0027	1516.981	1.739	13.5448	2637.979	0.5864	0.7847
7.043	 6	72.5	10.229	0.0023	1521.72	1.7569	13.5448	2673.561	0.576	0.7889
7.053	 6	73.5	10.224	0.0023	1529.165	1.7531	13.564	2680.799	0.5782	0.7897
7.063	 6	74.5	10.219	0.0037	1526.819	1.749	13.5831	2670.406	0.5806	0.7907
7.073	 6	75.5	10.22	0.0037	1526.284	1.7685	13.5793	2699.307	0.5693	0.7857
7.083	 6	76.5	10.226	0.0033	1532.904	1.7899	12.588	2743.729	0.5569	0.777
7.093	 6	77.5	10.221	0.0032	1536.992	1.7696	13.5754	2719.924	0.5687	0.7716
7.103	 6	78.5	10.221	0.0041	1533.073	1.7712	13.5754	2715.418	0.5677	0.7672
7.113	 6	79.5	10.222	0.0043	1535.065	1.8086	12.6022	2776.244	0.5461	0.76
7.123	 6	80.5	10.22	0.0044	1546.844	1.8259	9.6995	2824.328	0.536	0.758
7.133	 6	81.5	10.212	0.0049	1547.976	1.7969	12.6378	2781.541	0.5528	0.7561
7.143	 6	82.5	10.218	0.0056	1543.505	1.7452	12.6165	2693.647	0.5829	0.7543
7.153	 6	83.5	10.224	0.0046	1533.293	1.731	12.5951	2654.06	0.5911	0.7484
7.163	 6	84.5	10.223	0.0049	1520.827	1.722	12.5987	2618.923	0.5963	0.742
7.173	 6	85.5	10.227	0.0051	1518.937	1.7148	12.5844	2604.61	0.6005	0.7358
7.183	 6	86.5	10.229	0.0044	1517.881	1.7102	12.5774	2595.948	0.6031	0.7305
7.193	 6	87.5	10.235	0.0043	1517.87	1.7009	11.5902	2581.81	0.6085	0.7277
7.203	 6	88.5	10.239	0.0045	1513.302	1.705	12.542	2580.195	0.6061	0.7134
7.213	 6	89.5	10.247	0.0036	1519.65	1.7087	11.5511	2596.669	0.604	0.7108
7.223	 6	90.5	10.251	0.0046	1518.667	1.7303	12.4997	2627.821	0.5914	0.7084
7.233	 6	91.5	10.257	0.0037	1516.859	1.7047	11.5187	2585.767	0.6063	0.7072
7.243	 6	92.5	10.262	0.0036	1516.477	1.7212	12.4611	2610.184	0.5967	0.7059
7.253	 6	93.5	10.262	0.0027	1518.721	1.7015	12.4611	2584.081	0.6082	0.7029
7.263	 6	94.5	10.263	0.0028	1521.12	1.6945	11.4993	2577.596	0.6122	0.7027
7.273	 6	95.5	10.265	0.0024	1518.042	1.7117	12.4506	2598.427	0.6023	0.7037
7.283	 6	96.5	10.259	0.0019	1515.586	1.6914	11.5122	2563.44	0.614	0.7057
7.293	 6	97.5	10.251	0.0017	1514.404	1.6959	12.4997	2568.328	0.6114	0.7055
7.303	 6	98.5	10.251	0.0013	1514.628	1.6912	11.5381	2561.602	0.6141	0.7069
7.313	 6	99.5	10.247	0.0012	1514.932	1.7117	11.5511	2593.125	0.6023	0.7087
7.323	 6	100.5	10.251	0.0014	1518.217	1.7054	11.5381	2589.146	0.6059	0.7127
7.333	 6	101.5	10.24	0.0014	1520.19	1.7028	12.5384	2588.535	0.6074	0.7147
7.343	 6	102.5	10.243	0.0016	1519.057	1.7193	12.5278	2611.68	0.5979	0.7209
7.353	 6	103.5	10.241	0.0016	1517.185	1.7011	11.5707	2580.924	0.6084	0.7256
7.363	 6	104.5	10.24	0.0014	1514.345	1.7045	11.5739	2581.272	0.6064	0.7318
7.373	 6	105.5	10.24	0.0017	1516.588	1.7282	11.5739	2621.042	0.5927	0.7368
7.383	 6	106.5	10.246	0.0018	1518.601	1.7309	12.5173	2628.527	0.5911	0.7391
7.393	 6	107.5	10.246	0.0019	1520.404	1.717	11.5544	2610.488	0.5992	0.7391
7.403	 6	108.5	10.246	0.0019	1519.727	1.6909	11.5544	2569.702	0.6143	0.7379
7.413	 6	109.5	10.248	0.0019	1517.099	1.7106	11.5479	2595.222	0.6029	0.738
7.423	 6	110.5	10.25	0.0021	1515.824	1.7002	11.5414	2577.239	0.6089	0.7412
7.433	 6	111.5	10.246	0.0019	1515.681	1.7224	11.5544	2610.596	0.5961	0.7433
7.443	 6	112.5	10.246	0.002	1518.601	1.7047	12.5173	2588.811	0.6063	0.7456
7.453	 6	113.5	10.251	0.0016	1520.243	1.7213	12.4997	2616.719	0.5967	0.7504
7.463	 6	114.5	10.251	0.0015	1520.694	1.731	11.5381	2632.257	0.5911	0.7504
7.473	 6	115.5	10.256	0.0017	1520.759	1.7234	11.5219	2620.926	0.5955	0.7526
7.483	 6	116.5	10.258	0.0016	1522.41	1.7198	12.4751	2618.202	0.5976	0.7503
7.493	 6	117.5	10.261	0.0018	1523.307	1.7205	11.5058	2620.817	0.5972	0.7431
7.503	 6	118.5	10.261	0.0019	1524.666	1.74	11.5058	2652.904	0.5859	0.7374
7.513	 6	119.5	10.265	0.0018	1525.487	1.7353	11.4928	2647.205	0.5886	0.7349
7.523	 6	120.5	10.266	0.002	1526.997	1.7254	12.4471	2634.663	0.5943	0.7334
7.533	 6	121.5	10.271	0.0019	1525.245	1.7488	11.4735	2667.373	0.5807	0.7411
7.543	 6	122.5	10.271	0.0018	1524.34	1.751	11.4735	2669.113	0.5795	0.7523
7.553	 6	123.5	10.271	0.0018	1527.286	1.7538	11.4735	2678.564	0.5778	0.762
7.563	 6	124.5	10.28	0.0015	1529.762	1.7377	12.3983	2658.263	0.5872	0.7657
7.573	 6	125.5	10.282	0.0017	1528.695	1.7526	12.3913	2679.122	0.5786	0.7637
7.583	 6	126.5	10.279	0.0024	1533.492	1.7537	12.4017	2689.273	0.5779	0.7993
7.593	 6	127.5	10.278	0.0024	1532.2	1.7393	13.3595	2664.906	0.5863	0.8066
7.603	 6	128.5	10.28	0.0024	1528.852	1.7516	12.3983	2678.008	0.5791	0.8116
7.613	 6	129.5	10.282	0.0013	1531.883	1.7414	11.4381	2667.572	0.5851	0.8181
7.623	 6	130.5	10.286	0.0013	1536.829	1.7556	11.4253	2698.104	0.5768	0.822
7.633	 6	131.5	10.28	0.001	1536.622	1.7601	11.4446	2704.629	0.5742	0.8268
7.643	 6	132.5	10.285	0.0013	1539.671	1.7659	11.4285	2718.893	0.5708	0.8248
7.653	 6	133.5	10.287	0.0008	1535.832	1.7498	12.374	2687.445	0.5801	0.8235
7.663	 6	134.5	10.322	0.001	1541.057	1.7555	12.2535	2705.272	0.5769	0.8262
7.673	 6	135.5	10.373	0.0004	1536.058	1.7025	12.0808	2615.137	0.6076	0.8308
7.683	 6	136.5	10.372	0.0021	1551.301	1.7361	11.1546	2693.228	0.5881	0.8368
7.693	 6	137.5	10.574	0.0009	1549.985	1.6751	11.4325	2596.429	0.6235	0.8437
7.703	 6	138.5	10.6	0.0003	1562.039	1.653	10.479	2582.015	0.6363	0.8543
7.713	 6	139.5	10.615	0.0	109.2292	1.6463	10.4366	179.8276	0.6402	0.8775
7.723	 6	140.5	10.657	0.0002	1453.888	1.6487	10.3191	2397.075	0.6388	0.9276
7.733	 6	141.5	10.637	0.0	109.4556	1.6652	10.3748	182.2665	0.6292	1.0204
7.743	 6	142.5	10.585	0.0	1005.51	1.7015	9.6448	1710.851	0.6082	1.1908
7.753	 6	143.5	10.597	0.0	109.044	1.6744	10.4875	182.5876	0.6239	1.4684
7.763	 6	144.5	10.697	0.0	110.073	1.6486	10.209	181.4682	0.6389	1.8265
7.773	 6	145.5	10.863	0.0	111.7811	1.0579	8.9551	118.253	0.9815	2.1071
7.783	 7	0.5	10.867	0.0	111.8223	0.9265	8.9456	103.6061	1.0577	2.1274
7.793	 7	1.5	10.881	0.0	111.9663	1.649	8.9128	184.6342	0.6386	1.8391
7.803	 7	2.5	10.933	0.0	112.5014	1.6406	9.5917	184.5686	0.6435	1.4657
7.813	 7	3.5	10.916	0.0	112.3265	1.6552	9.6344	185.9221	0.635	1.1726
7.823	 7	4.5	10.865	0.0	111.8017	1.6497	9.764	184.4375	0.6382	0.9917
7.833	 7	5.5	10.503	0.0	108.0767	1.7129	11.6558	185.1276	0.6015	0.8931
7.843	 7	6.5	10.371	0.0004	1540.095	1.7434	12.0875	2685.035	0.5839	0.8386
7.853	 7	7.5	10.268	0.0069	1551.995	1.7333	12.4401	2690.042	0.5897	0.8087
7.863	 7	8.5	10.235	0.0197	1540.488	1.7565	12.5561	2705.912	0.5763	0.7924
7.873	 7	9.5	10.232	0.0357	1544.22	1.753	12.5667	2706.997	0.5783	0.7833
7.883	 7	10.5	10.227	0.0337	1544.397	1.791	12.5844	2766.031	0.5563	0.7779
7.893	 7	11.5	10.23	0.0406	1548.592	1.7744	12.5738	2747.87	0.5659	0.7773
7.903	 7	12.5	10.229	0.0458	1550.318	1.8172	12.5774	2817.309	0.541	0.776
7.913	 7	13.5	10.225	0.0299	1557.027	1.7979	12.5916	2799.316	0.5523	0.7779
7.923	 7	14.5	10.229	0.0353	1552.2	1.7874	13.5448	2774.445	0.5583	0.7736
7.933	 7	15.5	10.23	0.0273	1548.124	1.7844	12.5738	2762.398	0.5601	0.7714
7.943	 7	16.5	10.239	0.0366	1550.189	1.7941	13.5067	2781.194	0.5545	0.7672
7.953	 7	17.5	10.242	0.0313	1553.466	1.7695	12.5314	2748.848	0.5687	0.7621
7.963	 7	18.5	10.249	0.0354	1550.764	1.7817	12.5067	2762.977	0.5617	0.7524
7.973	 7	19.5	10.263	0.0313	1552.178	1.7961	13.4158	2787.848	0.5533	0.745
7.983	 7	20.5	10.257	0.02	1551.975	1.7949	12.4786	2785.568	0.554	0.7393
7.993	 7	21.5	10.257	0.0212	1551.975	1.7787	12.4786	2760.487	0.5634	0.7411
8.003	 7	22.5	10.262	0.0297	1549.683	1.7692	12.4611	2741.723	0.5689	0.7431
8.013	 7	23.5	10.267	0.03	1545.072	1.7655	12.4436	2727.826	0.5711	0.7434
8.023	 7	24.5	10.267	0.0298	1540.666	1.7808	12.4436	2743.636	0.5622	0.7436
8.033	 7	25.5	10.267	0.0163	1542.286	1.7824	12.4436	2749.002	0.5612	0.7414
8.043	 7	26.5	10.266	0.0151	1540.285	1.7832	13.4045	2746.695	0.5608	0.7385
8.053	 7	27.5	10.267	0.0169	1540.204	1.7987	12.4436	2770.3	0.5518	0.738
8.063	 7	28.5	10.267	0.0134	1540.898	1.7931	11.4864	2762.993	0.555	0.7424
8.073	 7	29.5	10.267	0.0119	1544.142	1.8056	12.4436	2788.04	0.5478	0.7435
8.083	 7	30.5	10.267	0.0102	1559.86	1.8595	12.4436	2900.516	0.5165	0.7452
8.093	 7	31.5	10.269	0.0053	1588.399	1.8946	12.4366	3009.388	0.4962	0.7504
8.103	 7	32.5	10.262	0.0033	1594.964	1.8332	11.5025	2923.895	0.5318	0.7495
8.113	 7	33.5	10.269	0.0095	1567.308	1.799	11.4799	2819.527	0.5516	0.7507
8.123	 7	34.5	10.268	0.0115	1544.989	1.7861	12.4401	2759.534	0.5591	0.7507
8.133	 7	35.5	10.267	0.0114	1554.664	1.8099	12.4436	2813.719	0.5453	0.7572
8.143	 7	36.5	10.269	0.0117	1555.202	1.8003	11.4799	2799.79	0.5509	0.7662
8.153	 7	37.5	10.267	0.0111	1554.664	1.7831	12.4436	2772.066	0.5609	0.7716
8.163	 7	38.5	10.265	0.0118	1552.95	1.7993	12.4506	2794.278	0.5514	0.7811
8.173	 7	39.5	10.27	0.0152	1554.412	1.7945	11.4767	2789.45	0.5542	0.7893
8.183	 7	40.5	10.265	0.0128	1557.427	1.7732	11.4928	2761.555	0.5666	0.7957
8.193	 7	41.5	10.271	0.0173	1550.808	1.775	11.4735	2752.668	0.5656	0.8027
8.203	 7	42.5	10.274	0.0172	1543.802	1.7599	12.4192	2716.908	0.5743	0.8022
8.213	 7	43.5	10.274	0.011	1543.338	1.7981	12.4192	2775.055	0.5522	0.8041
8.223	 7	44.5	10.277	0.0111	1555.943	1.8191	12.4087	2830.384	0.54	0.8064
8.233	 7	45.5	10.277	0.0124	1562.091	1.8234	11.4542	2848.382	0.5374	0.807
8.243	 7	46.5	10.278	0.0076	1565.575	1.845	11.451	2888.524	0.5249	0.8188
8.253	 7	47.5	10.277	0.0054	1570.926	1.7797	11.4542	2795.811	0.5628	0.8185
8.263	 7	48.5	10.277	0.0179	1549.141	1.7772	12.4087	2753.061	0.5643	0.8183
8.273	 7	49.5	10.281	0.018	1546.48	1.7965	11.4413	2778.306	0.5531	0.8141
8.283	 7	50.5	10.275	0.0144	1544.416	1.7513	11.4606	2704.658	0.5793	0.8132
8.293	 7	51.5	10.272	0.0143	1536.344	1.7783	11.4703	2732.142	0.5636	0.8128
8.303	 7	52.5	10.275	0.0105	1534.957	1.7585	12.4157	2699.148	0.5751	0.8146
8.313	 7	53.5	10.274	0.0115	1535.725	1.7883	11.4638	2746.355	0.5578	0.8156
8.323	 7	54.5	10.275	0.0114	1537.713	1.7959	11.4606	2761.655	0.5534	0.8119
8.333	 7	55.5	10.267	0.012	1540.666	1.7973	12.4436	2769.114	0.5526	0.8014
8.343	 7	56.5	10.27	0.0102	1542.969	1.8004	12.4331	2778.002	0.5508	0.7945
8.353	 7	57.5	10.28	0.0116	1544.471	1.7886	12.3983	2762.387	0.5577	0.7884
8.363	 7	58.5	10.279	0.0105	1542.698	1.7891	12.4017	2759.985	0.5574	0.7886
8.373	 7	59.5	10.284	0.0092	1543.681	1.7911	12.3844	2764.914	0.5562	0.7879
8.383	 7	60.5	10.287	0.0103	1542.51	1.7919	11.4221	2764.02	0.5557	0.7877
8.393	 7	61.5	10.286	0.0084	1539.129	1.775	12.3774	2731.89	0.5656	0.7887
8.403	 7	62.5	10.283	0.0082	1535.005	1.7707	12.3878	2718.012	0.568	0.7898
8.413	 7	63.5	10.279	0.0069	1533.492	1.7657	12.4017	2707.619	0.571	0.7885
8.423	 7	64.5	10.278	0.0077	1534.946	1.7974	11.451	2758.892	0.5526	0.7898
8.433	 7	65.5	10.273	0.0078	1534.887	1.7727	12.4226	2720.938	0.5669	0.7924
8.443	 7	66.5	10.263	0.0084	1532.02	1.7703	11.4993	2712.156	0.5683	0.7979
8.453	 7	67.5	10.261	0.0106	1532.636	1.7634	12.4646	2702.609	0.5723	0.8024
8.463	 7	68.5	10.258	0.0095	1532.646	1.7686	12.4751	2710.692	0.5692	0.805
8.473	 7	69.5	10.253	0.0098	1533.044	1.7759	12.4926	2722.482	0.565	0.8024
8.483	 7	70.5	10.249	0.0099	1532.675	1.7823	12.5067	2731.733	0.5613	0.7935
8.493	 7	71.5	10.239	0.009	1530.036	1.7802	12.542	2723.795	0.5625	0.7846
8.503	 7	72.5	10.238	0.0082	1531.488	1.775	11.5805	2718.323	0.5656	0.7722
8.513	 7	73.5	10.23	0.0098	1528.919	1.786	12.5738	2730.593	0.5592	0.7626
8.523	 7	74.5	10.234	0.0112	1529.517	1.7756	12.5596	2715.886	0.5652	0.7558
8.533	 7	75.5	10.233	0.0099	1529.596	1.78	11.5968	2722.648	0.5627	0.753
8.543	 7	76.5	10.229	0.0078	1526.716	1.7439	11.6099	2662.426	0.5836	0.7519
8.553	 7	77.5	10.219	0.009	1519.78	1.7437	12.6129	2650.11	0.5837	0.7508
8.563	 7	78.5	10.215	0.0078	1518.282	1.7578	12.6271	2668.802	0.5755	0.7516
8.573	 7	79.5	10.215	0.0079	1524.399	1.754	12.6271	2673.848	0.5777	0.7523
8.583	 7	80.5	10.22	0.0081	1523.1	1.7554	12.6093	2673.584	0.5769	0.7519
8.593	 7	81.5	10.216	0.0085	1524.776	1.7642	12.6236	2689.998	0.5718	0.7567
8.603	 7	82.5	10.211	0.0083	1524.257	1.7736	12.6414	2703.415	0.5664	0.7577
8.613	 7	83.5	10.211	0.0057	1523.802	1.7841	12.6414	2718.668	0.5602	0.7611
8.623	 7	84.5	10.206	0.0065	1523.511	1.785	12.6593	2719.479	0.5597	0.7651
8.633	 7	85.5	10.212	0.0064	1526.229	1.7998	12.6378	2746.94	0.5511	0.7696
8.643	 7	86.5	10.216	0.0064	1533.243	1.8139	12.6236	2781.166	0.543	0.7733
8.653	 7	87.5	10.218	0.006	1537.235	1.8106	12.6165	2783.285	0.5449	0.7777
8.663	 7	88.5	10.229	0.0044	1536.809	1.7907	12.5774	2751.901	0.5565	0.7802
8.673	 7	89.5	10.229	0.0036	1537.04	1.807	12.5774	2777.407	0.547	0.7803
8.683	 7	90.5	10.229	0.0038	1537.502	1.8034	12.5774	2772.683	0.5491	0.7834
8.693	 7	91.5	10.235	0.0033	1535.864	1.7796	11.5902	2733.271	0.5629	0.7832
8.703	 7	92.5	10.235	0.0027	1537.018	1.8023	12.5561	2770.185	0.5497	0.782
8.713	 7	93.5	10.24	0.0024	1540.313	1.8054	11.5739	2780.838	0.5479	0.7817
8.723	 7	94.5	10.244	0.0027	1539.062	1.8219	12.5243	2804.052	0.5383	0.7799
8.733	 7	95.5	10.24	0.0024	1535.232	1.7972	12.5384	2759.091	0.5527	0.7789
8.743	 7	96.5	10.244	0.003	1537.446	1.7971	12.5243	2762.993	0.5527	0.7712
8.753	 7	97.5	10.248	0.0024	1539.663	1.7883	11.5479	2753.395	0.5578	0.7742
8.763	 7	98.5	10.25	0.0029	1538.808	1.7961	11.5414	2763.823	0.5533	0.7775
8.773	 7	99.5	10.244	0.0025	1535.602	1.8063	12.5243	2773.778	0.5474	0.7807
8.783	 7	100.5	10.249	0.0023	1534.741	1.7762	12.5067	2726.068	0.5648	0.7824
8.793	 7	101.5	10.249	0.0017	1531.073	1.781	12.5067	2726.909	0.562	0.7818
8.803	 7	102.5	10.248	0.0018	1531.839	1.8215	12.5102	2790.314	0.5385	0.7807
8.813	 7	103.5	10.249	0.0015	1535.891	1.8154	11.5446	2788.197	0.5421	0.7792
8.823	 7	104.5	10.248	0.0016	1538.277	1.8033	11.5479	2773.983	0.5491	0.7816
8.833	 7	105.5	10.244	0.0016	1539.756	1.827	11.5609	2813.068	0.5354	0.7832
8.843	 7	106.5	10.238	0.0012	1540.939	1.82	12.5455	2804.478	0.5395	0.788
8.853	 7	107.5	10.241	0.002	1541.855	1.7915	12.5349	2762.196	0.556	0.7926
8.863	 7	108.5	10.24	0.0017	1541.472	1.8166	12.5384	2800.275	0.5414	0.7963
8.873	 7	109.5	10.245	0.0017	1541.297	1.7892	11.5576	2757.621	0.5573	0.801
8.883	 7	110.5	10.245	0.0013	1541.529	1.8078	11.5576	2786.753	0.5465	0.8085
8.893	 7	111.5	10.243	0.0012	1544.714	1.8085	11.5642	2793.567	0.5461	0.8172
8.903	 7	112.5	10.24	0.0012	1546.127	1.8054	11.5739	2791.335	0.5479	0.8233
8.913	 7	113.5	10.244	0.0008	1539.988	1.8152	11.5609	2795.462	0.5422	0.8312
8.923	 7	114.5	10.252	0.0004	1549.577	1.8195	12.4961	2819.451	0.5397	0.8354
8.933	 7	115.5	10.25	0.0011	1557.987	1.8425	12.5032	2870.605	0.5264	0.8376
8.943	 7	116.5	10.25	0.0005	1558.935	1.8316	11.5414	2855.38	0.5327	0.8376
8.953	 7	117.5	10.255	0.0003	1557.091	1.814	12.4856	2824.51	0.5429	0.8339
8.963	 7	118.5	10.255	0.0002	1559.459	1.8382	12.4856	2866.592	0.5289	0.8322
8.973	 7	119.5	10.255	0.0004	1558.984	1.8454	12.4856	2876.917	0.5247	0.832
8.983	 7	120.5	10.26	0.0004	1559.271	1.8414	11.509	2871.235	0.527	0.8264
8.993	 7	121.5	10.265	0.0004	1560.979	1.8402	11.4928	2872.448	0.5278	0.8214
9.003	 7	122.5	10.268	0.0007	1558.118	1.8318	12.4401	2854.152	0.5326	0.8141
9.013	 7	123.5	10.269	0.0006	1554.261	1.8429	12.4366	2864.289	0.5262	0.8068
9.023	 7	124.5	10.269	0.0008	1552.146	1.8195	12.4366	2824.118	0.5397	0.8083
9.033	 7	125.5	10.273	0.0011	1552.986	1.8205	12.4226	2827.145	0.5392	0.8099
9.043	 7	126.5	10.268	0.001	1551.761	1.8444	12.4401	2862.09	0.5253	0.8231
9.053	 7	127.5	10.273	0.001	1553.22	1.8394	12.4226	2857.006	0.5282	0.8491
9.063	 7	128.5	10.277	0.0008	1555.001	1.8299	12.4087	2845.42	0.5337	0.8551
9.073	 7	129.5	10.281	0.0006	1557.963	1.8452	11.4413	2874.713	0.5248	0.8563
9.083	 7	130.5	10.286	0.0005	1554.951	1.8412	12.3774	2862.956	0.5272	0.8584
9.093	 7	131.5	10.285	0.0009	1555.976	1.8434	11.4285	2868.324	0.5259	0.8589
9.103	 7	132.5	10.292	0.0009	1548.601	1.8312	12.3567	2835.873	0.5329	0.8589
9.113	 7	133.5	10.292	0.0007	1547.669	1.8088	11.4061	2799.379	0.546	0.8561
9.123	 7	134.5	10.297	0.0005	1547.723	1.8344	12.3394	2839.203	0.5311	0.8488
9.133	 7	135.5	10.322	0.0004	1548.919	1.8399	12.2535	2849.86	0.5279	0.8419
9.143	 7	136.5	10.346	0.0004	1551.357	1.8258	12.1718	2832.392	0.5361	0.8396
9.153	 7	137.5	10.379	0.0018	1563.809	1.8223	11.1329	2849.752	0.5381	0.8358
9.163	 7	138.5	10.591	0.0007	1570.2	1.7802	11.3799	2795.286	0.5625	0.8398
9.173	 7	139.5	10.583	0.0003	1562.066	1.7717	10.5273	2767.51	0.5675	0.8543
9.183	 7	140.5	10.602	0.0	109.0954	1.7893	10.4733	195.2051	0.5572	0.8792
9.193	 7	141.5	10.607	0.0001	1553.001	1.7522	10.4592	2721.113	0.5788	0.9346
9.203	 7	142.5	10.585	0.0005	1549.327	1.7264	10.5216	2674.721	0.5937	1.0278
9.213	 7	143.5	10.555	0.0005	1537.733	1.765	10.6077	2714.093	0.5713	1.2155
9.223	 7	144.5	10.568	0.0005	1554.346	1.7436	10.5703	2710.185	0.5837	1.5674
9.233	 7	145.5	10.797	0.0	111.102	1.6965	9.1123	188.4798	0.6111	2.0828
9.243	 7	146.5	10.908	0.0	112.2442	0.6972	8.85	78.257	1.1907	2.3939
9.253	 8	0.6	10.888	0.0	112.0384	1.4271	8.8965	159.889	0.7673	2.1978
9.263	 8	1.6	10.929	0.0	112.4603	1.7351	8.8016	195.1324	0.5887	1.7327
9.273	 8	2.6	10.972	0.0	112.9027	1.6819	9.4948	189.8867	0.6196	1.3392
9.283	 8	3.6	10.943	0.0	112.6043	1.6839	9.5667	189.6106	0.6184	1.0811
9.293	 8	4.6	10.857	0.0	111.7194	1.6729	9.7846	186.8905	0.6248	0.9345
9.303	 8	5.6	10.441	0.0003	1556.036	1.7293	10.9438	2690.788	0.5921	0.8552
9.313	 8	6.6	10.309	0.0017	1560.315	1.7527	12.298	2734.69	0.5785	0.8101
9.323	 8	7.6	10.261	0.0016	1549.298	1.7774	12.4646	2753.659	0.5642	0.7857
9.333	 8	8.6	10.249	0.0012	1544.222	1.7667	12.5067	2728.18	0.5704	0.7715
9.343	 8	9.6	10.239	0.0036	1539.931	1.7703	12.542	2726.185	0.5683	0.7596
9.353	 8	10.6	10.239	0.0091	1536.695	1.7515	12.542	2691.486	0.5792	0.7545
9.363	 8	11.6	10.239	0.0076	1531.867	1.7659	12.542	2705.121	0.5708	0.7475
9.373	 8	12.6	10.239	0.01	1535.773	1.7552	12.542	2695.617	0.577	0.743
9.383	 8	13.6	10.243	0.0087	1535.682	1.7633	12.5278	2707.892	0.5723	0.7408
9.393	 8	14.6	10.25	0.007	1536.271	1.7806	11.5414	2735.407	0.5623	0.7415
9.403	 8	15.6	10.254	0.0054	1538.254	1.7719	12.4891	2725.582	0.5674	0.7399
9.413	 8	16.6	10.263	0.0065	1540.528	1.7496	12.4576	2695.242	0.5803	0.7388
9.423	 8	17.6	10.274	0.008	1535.955	1.7499	12.4192	2687.708	0.5801	0.7371
9.433	 8	18.6	10.281	0.0076	1534.707	1.7406	12.3948	2671.326	0.5855	0.7378
9.443	 8	19.6	10.292	0.0066	1536.807	1.7593	12.3567	2703.738	0.5746	0.7374
9.453	 8	20.6	10.302	0.0051	1541.523	1.756	12.3221	2706.978	0.5765	0.7344
9.463	 8	21.6	10.304	0.0047	1546.218	1.7544	12.3152	2712.754	0.5775	0.7338
9.473	 8	22.6	10.308	0.0047	1542.652	1.7506	12.3015	2700.616	0.5797	0.7324
9.483	 8	23.6	10.316	0.0053	1545.931	1.7762	12.274	2745.884	0.5648	0.7317
9.493	 8	24.6	10.317	0.0063	1550.03	1.8008	12.2706	2791.226	0.5506	0.7322
9.503	 8	25.6	10.317	0.0049	1543.306	1.7802	12.2706	2747.413	0.5625	0.7312
9.513	 8	26.6	10.32	0.0045	1548.387	1.8128	12.2603	2806.97	0.5436	0.7304
9.523	 8	27.6	10.322	0.0043	1549.617	1.7986	12.2535	2787.09	0.5519	0.7306
9.533	 8	28.6	10.322	0.0047	1549.617	1.7989	12.2535	2787.6	0.5517	0.7288
9.543	 8	29.6	10.322	0.0043	1543.13	1.7852	12.2535	2754.754	0.5596	0.7288
9.553	 8	30.6	10.321	0.0039	1539.529	1.7789	12.2569	2738.634	0.5633	0.7283
9.563	 8	31.6	10.316	0.0041	1536.262	1.7641	12.274	2710.073	0.5719	0.732
9.573	 8	32.6	10.318	0.0047	1534.275	1.7666	12.2671	2710.429	0.5704	0.7323
9.583	 8	33.6	10.316	0.0039	1539.242	1.7898	12.274	2754.917	0.557	0.7341
9.593	 8	34.6	10.312	0.0042	1543.482	1.783	12.2877	2752.05	0.5609	0.7345
9.603	 8	35.6	10.317	0.0031	1542.152	1.7696	12.2706	2729.031	0.5687	0.7356
9.613	 8	36.6	10.308	0.0045	1532.788	1.7049	12.3015	2613.179	0.6062	0.7444
9.623	 8	37.6	10.306	0.0046	1526.589	1.7447	12.3083	2663.499	0.5831	0.7546
9.633	 8	38.6	10.305	0.003	1529.613	1.7421	12.3118	2664.763	0.5846	0.7645
9.643	 8	39.6	10.297	0.0055	1528.425	1.7324	12.3394	2647.804	0.5903	0.7687
9.653	 8	40.6	10.297	0.0053	1525.708	1.7269	12.3394	2634.704	0.5935	0.7695
9.663	 8	41.6	10.292	0.0051	1527.683	1.7277	12.3567	2639.397	0.593	0.769
9.673	 8	42.6	10.289	0.0061	1526.558	1.7319	11.4157	2643.819	0.5906	0.7689
9.683	 8	43.6	10.287	0.0059	1525.356	1.7167	12.374	2618.627	0.5993	0.7692
9.693	 8	44.6	10.287	0.006	1524.677	1.7258	12.374	2631.306	0.5941	0.7654
9.703	 8	45.6	10.282	0.0057	1523.485	1.7071	11.4381	2600.704	0.6049	0.7681
9.713	 8	46.6	10.284	0.0061	1520.402	1.7151	12.3844	2607.68	0.6003	0.7673
9.723	 8	47.6	10.284	0.0057	1519.279	1.7056	11.4317	2591.21	0.6058	0.7634
9.733	 8	48.6	10.282	0.0056	1518.984	1.7134	12.3913	2602.561	0.6013	0.765
9.743	 8	49.6	10.288	0.0051	1517.18	1.7079	11.4189	2591.146	0.6045	0.7649
9.753	 8	50.6	10.288	0.0046	1514.054	1.7004	11.4189	2574.553	0.6088	0.7634
9.763	 8	51.6	10.287	0.004	1518.825	1.7249	11.4221	2619.82	0.5946	0.7588
9.773	 8	52.6	10.297	0.0032	1530.47	1.7937	11.3902	2745.27	0.5547	0.7545
9.783	 8	53.6	10.307	0.0022	1540.658	1.7344	12.3049	2672.077	0.5891	0.7515
9.793	 8	54.6	10.31	0.003	1528.086	1.6428	11.3489	2510.361	0.6422	0.7465
9.803	 8	55.6	10.332	0.0034	1518.518	1.636	11.2794	2484.263	0.6462	0.7363
9.813	 8	56.6	10.342	0.0031	1519.988	1.7103	11.248	2599.639	0.6031	0.7301
9.823	 8	57.6	10.347	0.0025	1520.723	1.63	11.2324	2478.793	0.6496	0.7334
9.833	 8	58.6	10.346	0.0034	1514.123	1.5615	11.2355	2364.292	0.6894	0.7387
9.843	 8	59.6	10.351	0.0038	1512.42	1.6605	11.2199	2511.417	0.6319	0.7394
9.853	 8	60.6	10.352	0.0023	1525.044	1.7174	11.2167	2619.105	0.599	0.738
9.863	 8	61.6	10.357	0.0033	1531.194	1.7233	11.2012	2638.635	0.5956	0.7351
9.873	 8	62.6	10.346	0.0027	1531.606	1.7254	11.2355	2642.618	0.5943	0.7305
9.883	 8	63.6	10.372	0.0022	1531.375	1.6997	11.1546	2602.847	0.6092	0.7264
9.893	 8	64.6	10.362	0.0023	1523.151	1.6714	10.2535	2545.781	0.6256	0.7209
9.903	 8	65.6	10.361	0.0022	1519.208	1.6439	10.2563	2497.486	0.6416	0.7129
9.913	 8	66.6	10.358	0.0023	1516.101	1.6222	10.2649	2459.464	0.6542	0.7034
9.923	 8	67.6	10.346	0.002	1510.365	1.5804	10.2992	2387.009	0.6784	0.6864
9.933	 8	68.6	10.346	0.0022	1508.823	1.6299	9.3629	2459.218	0.6497	0.6591
9.943	 8	69.6	10.341	0.0017	1510.738	1.6337	9.3759	2468.126	0.6475	0.6168
9.953	 8	70.6	10.336	0.0019	1510.228	1.6558	9.389	2500.669	0.6347	0.5611
9.963	 8	71.6	10.329	0.0012	1518.747	1.7511	8.4666	2659.535	0.5794	0.5028
9.973	 8	72.6	10.321	0.0011	1533.581	1.7769	6.5999	2725.091	0.5644	0.4521
9.983	 8	73.6	10.317	0.0009	1534.583	1.5933	5.6633	2445.056	0.6709	0.4081
9.993	 8	74.6	10.309	0.0019	1525.451	1.215	3.784	1853.487	0.8903	0.3661
10.003	 8	75.6	10.301	0.0033	1517.755	1.1914	2.8444	1808.295	0.904	0.3237
10.013	 8	76.6	10.291	0.0026	1518.743	1.2034	1.9016	1827.666	0.8971	0.284
10.023	 8	77.6	10.285	0.0038	1518.754	1.186	1.9048	1801.188	0.9072	0.2541
10.033	 8	78.6	10.272	0.0054	1517.506	1.2013	0.0	1823.003	0.8983	0.235
10.043	 8	79.6	10.27	0.0041	1517.884	1.1911	0.9564	1807.947	0.9042	0.2226
10.053	 8	80.6	10.263	0.0041	1516.625	1.214	0.9583	1841.181	0.891	0.2157
10.063	 8	81.6	10.251	0.004	1515.075	1.2029	0.0	1822.504	0.8974	0.2114
10.073	 8	82.6	10.246	0.0028	1516.802	1.1965	0.9629	1814.782	0.9011	0.2085
10.083	 8	83.6	10.238	0.0031	1518.541	1.2015	0.965	1824.541	0.8982	0.2068
10.093	 8	84.6	10.236	0.0044	1518.019	1.1988	0.9656	1819.834	0.8998	0.2058
10.103	 8	85.6	10.232	0.0045	1516.751	1.2067	0.9667	1830.269	0.8952	0.2056
10.113	 8	86.6	10.228	0.0045	1515.484	1.1924	0.9678	1807.069	0.9035	0.2061
10.123	 8	87.6	10.223	0.0043	1515.866	1.2242	0.9691	1855.728	0.885	0.2075
10.133	 8	88.6	10.223	0.0044	1516.091	1.1966	0.9691	1814.114	0.9011	0.2089
10.143	 8	89.6	10.223	0.0046	1515.641	1.2045	0.9691	1825.56	0.8965	0.2097
10.153	 8	90.6	10.218	0.005	1512.881	1.1977	0.9705	1811.937	0.9004	0.2099
10.163	 8	91.6	10.222	0.0039	1513.698	1.2041	0.9694	1822.613	0.8967	0.21
10.173	 8	92.6	10.223	0.0036	1512.502	1.2102	0.9691	1830.423	0.8932	0.2095
10.183	 8	93.6	10.229	0.0028	1512.495	1.2045	0.9675	1821.745	0.8965	0.2093
10.193	 8	94.6	10.229	0.0027	1512.047	1.1954	0.9675	1807.439	0.9018	0.2091
10.203	 8	95.6	10.229	0.002	1516.756	1.2112	1.935	1837.13	0.8926	0.2089
10.213	 8	96.6	10.234	0.0024	1518.172	1.1996	0.9661	1821.156	0.8993	0.2089
10.223	 8	97.6	10.239	0.0023	1518.238	1.204	0.9648	1827.925	0.8968	0.2083
10.233	 8	98.6	10.244	0.0023	1518.079	1.2003	0.9634	1822.135	0.8989	0.2078
10.243	 8	99.7	10.254	0.0027	1516.415	1.2065	1.9214	1829.611	0.8953	0.2076
10.253	 8	100.7	10.261	0.002	1515.657	1.2012	1.9176	1820.644	0.8984	0.2087
10.263	 8	101.7	10.271	0.0017	1516.239	1.2056	0.9561	1827.943	0.8958	0.2112
10.273	 8	102.7	10.279	0.0016	1516.524	1.2039	0.954	1825.816	0.8968	0.2156
10.283	 8	103.7	10.276	0.0018	1516.305	1.2027	0.9548	1823.728	0.8975	0.223
10.293	 8	104.7	10.287	0.0018	1517.928	1.1888	1.9037	1804.496	0.9056	0.2342
10.303	 8	105.7	10.286	0.0017	1518.453	1.1964	1.9042	1816.702	0.9012	0.2518
10.313	 8	106.7	10.283	0.0018	1518.234	1.1969	2.8587	1817.231	0.9008	0.2786
10.323	 8	107.7	10.281	0.0015	1516.595	1.2046	3.8138	1826.858	0.8964	0.3155
10.333	 8	108.7	10.281	0.0013	1516.819	1.2994	5.7207	1970.917	0.8414	0.356
10.343	 8	109.7	10.281	0.0014	1509.027	1.5784	6.6741	2381.795	0.6796	0.3963
10.353	 8	110.7	10.281	0.0011	1504.83	1.5928	7.6276	2396.872	0.6712	0.4379
10.363	 8	111.7	10.276	0.0016	1504.098	1.5391	8.593	2314.999	0.7024	0.4878
10.373	 8	112.7	10.275	0.0014	1499.562	1.5383	9.5505	2306.746	0.7029	0.5433
10.383	 8	113.7	10.276	0.0012	1499.708	1.5636	9.5478	2345.006	0.6881	0.5961
10.393	 8	114.7	10.276	0.001	1505.862	1.6663	10.5026	2509.288	0.6286	0.6376
10.403	 8	115.7	10.276	0.0005	1523.273	1.7709	10.5026	2697.619	0.5679	0.6646
10.413	 8	116.7	10.273	0.0004	1542.724	1.7553	11.4671	2708.01	0.5769	0.687
10.423	 8	117.7	10.273	0.0004	1541.104	1.7588	11.4671	2710.486	0.5749	0.7081
10.433	 8	118.7	10.274	0.0003	1537.104	1.7464	12.4192	2684.461	0.5821	0.7215
10.443	 8	119.7	10.274	0.0004	1533.204	1.7332	12.4192	2657.327	0.5898	0.7273
10.453	 8	120.7	10.273	0.0006	1528.038	1.7315	11.4671	2645.827	0.5908	0.7224
10.463	 8	121.7	10.273	0.0005	1529.175	1.7254	11.4671	2638.48	0.5943	0.7159
10.473	 8	122.7	10.274	0.0008	1526.371	1.6907	11.4638	2580.591	0.6145	0.7096
10.483	 8	123.7	10.274	0.0009	1516.234	1.6286	11.4638	2469.354	0.6505	0.7026
10.493	 8	124.7	10.278	0.0008	1508.365	1.589	11.451	2396.839	0.6734	0.7022
10.503	 8	125.7	10.275	0.0009	1502.852	1.5916	11.4606	2391.944	0.6719	0.7023
10.513	 8	126.7	10.286	0.0012	1503.362	1.6064	10.4732	2414.972	0.6634	0.7041
10.523	 8	127.7	10.294	0.0009	1502.554	1.5774	11.3998	2370.147	0.6802	0.7046
10.533	 8	128.7	10.301	0.0009	1505.114	1.6643	11.3774	2504.959	0.6298	0.7063
10.543	 8	129.7	10.312	0.0005	1512.024	1.5935	11.3425	2409.479	0.6708	0.7166
10.553	 8	130.7	10.325	0.0011	1515.04	1.6955	11.3014	2568.788	0.6116	0.7771
10.563	 8	131.7	10.331	0.0003	1514.365	1.6047	12.2227	2430.161	0.6643	0.8001
10.573	 8	132.7	10.337	0.0006	1511.478	1.6989	12.2023	2567.825	0.6097	0.8174
10.583	 8	133.7	10.346	0.0002	1527.085	1.7461	13.1081	2666.401	0.5823	0.8329
10.593	 8	134.7	10.358	0.0002	1546.432	1.7633	12.1312	2726.755	0.5724	0.8437
10.603	 8	135.7	10.368	0.0001	1440.8	1.7527	13.0281	2525.291	0.5785	0.8521
10.613	 8	136.7	10.371	0.0	106.7184	1.7601	12.0875	187.8343	0.5742	0.8607
10.623	 8	137.7	10.377	0.0	106.7801	1.7575	12.9956	187.6651	0.5757	0.8689
10.633	 8	138.7	10.382	0.0	106.8316	1.7579	12.9776	187.8005	0.5755	0.8799
10.643	 8	139.7	10.398	0.0	106.9962	1.7667	12.9203	189.0265	0.5704	0.8854
10.653	 8	140.7	10.403	0.0	107.0477	1.7677	12.9024	189.2323	0.5698	0.8888
10.663	 8	141.7	10.707	0.0	110.1759	1.7191	11.8786	189.4041	0.598	0.8978
10.673	 8	142.7	10.73	0.0	110.4125	1.7346	11.8059	191.5236	0.589	0.9118
10.683	 8	143.7	10.684	0.0	109.9392	1.77	11.952	194.5883	0.5685	0.9432
10.693	 8	144.7	10.667	0.0	109.7643	1.7728	12.0066	194.5883	0.5668	0.9999
10.703	 8	145.7	10.651	0.0003	1574.893	1.7745	11.1971	2794.581	0.5659	1.1022
10.713	 8	146.7	10.595	0.0004	1577.811	1.7892	11.3676	2822.948	0.5573	1.2986
10.723	 8	147.7	10.551	0.0014	1567.29	1.7956	10.6192	2814.246	0.5536	1.6865
10.733	 8	148.7	10.514	0.0014	1562.723	1.7959	8.9391	2806.511	0.5534	2.4938
10.743	 8	149.7	10.498	0.0018	1558.492	1.7785	7.1826	2771.768	0.5635	3.7011
10.753	 8	150.7	10.442	0.0	107.449	0.7797	5.4704	83.7818	1.1428	5.2505
