Geotek MSCL 7.9 - TN336_TC19-21_massMS.out created at 14:55:29 on 1/22/2016.


Processing Parameters

CT	RCT=11.45	W=1.27
PWAmp	A=1	B=0
PWVel	PTO=26.15
Den1	A=5.9246E-04	B=-.091753	C=9.804
MS1	A=1	B=0	Den=1	LD=14	
FP	MGD=2.75	WD=1.026	
RES	A=505.0359	B=-1.084619	p=0	


SB DEPTH	SECT NUM	SECT DEPTH	CT	PWAmp	PWVel	Den1	MS1	Imp	FP	RES
m		cm	cm		m/s	g/cc	x 10^-8 (m^3/kg)			Ohm.m

-0.638	cal sect	0.0	10.656	0.0						67.9012
-0.578	cal sect	6.0	10.403	0.015	1472.053	1.1632			0.9204	13.3976
-0.518	cal sect	12.1	10.143	0.0248	1464.905	1.1483	-0.8633	1682.222	0.929	12.4487
-0.458	cal sect	18.1	10.162	0.0297	1462.579	1.143	-0.8626	1671.76	0.9321	12.7394
-0.398	cal sect	24.1	10.349	0.0069	1464.827	1.1371	-1.6454	1665.719	0.9355	10.1691
-0.338	cal sect	30.1	10.712	0.0066	1487.778	1.1237	-1.5081	1671.848	0.9433	3.6157
-0.278	cal sect	36.1	10.586	0.0117	1497.524	1.1506	-0.7618	1723.068	0.9277	0.4774
-0.218	cal sect	42.1	10.203	0.0071	1489.924	1.1496	-1.6955	1712.89	0.9283	0.3666
-0.158	cal sect	48.1	10.173	0.0298	1483.81	1.17	-1.6803	1735.992	0.9165	0.3712
-0.098	cal sect	54.1	10.36	0.007	1490.647	1.1611	-0.8032	1730.851	0.9216	0.3794
-0.038	cal sect	60.1	10.386	0.0036	1491.17	1.1594	1.5973	1728.823	0.9226	0.5284
0.002	 1	0.2	10.885	0.0	111.8878	1.0688	8.33	119.5907	0.9751	1.1903
0.012	 1	1.2	10.894	0.0	111.9803	1.3951	7.5245	156.2242	0.7859	0.9565
0.022	 1	2.2	10.866	0.0034	1511.266	1.3835	8.8193	2090.897	0.7926	0.7154
0.032	 1	3.2	10.83	0.0094	1502.914	1.3855	9.4833	2082.298	0.7915	0.5772
0.042	 1	4.2	10.767	0.0015	1488.594	1.3542	10.4822	2015.889	0.8096	0.5133
0.052	 1	5.2	10.373	0.001	1493.162	1.3973	11.9712	2086.377	0.7846	0.4832
0.062	 1	6.2	10.295	0.0032	1485.141	1.4202	12.7057	2109.184	0.7714	0.4692
0.072	 1	7.2	10.239	0.0096	1475.998	1.4512	12.6316	2141.913	0.7534	0.4651
0.082	 1	8.2	10.197	0.0069	1476.328	1.4967	11.7413	2209.595	0.727	0.4664
0.092	 1	9.2	10.188	0.0142	1473.106	1.5225	12.2148	2242.742	0.712	0.4737
0.102	 1	10.2	10.186	0.015	1479.018	1.534	11.4915	2268.791	0.7053	0.4836
0.112	 1	11.2	10.185	0.0164	1474.804	1.5406	12.0812	2272.088	0.7015	0.4984
0.122	 1	12.2	10.178	0.0138	1478.501	1.561	11.9468	2307.994	0.6897	0.5138
0.132	 1	13.2	10.178	0.0166	1477.428	1.5449	12.0714	2282.498	0.699	0.5253
0.142	 1	14.2	10.164	0.0112	1478.83	1.5454	12.1156	2285.403	0.6987	0.5259
0.152	 1	15.2	10.168	0.0108	1479.197	1.5573	12.6411	2303.625	0.6918	0.5179
0.162	 1	16.2	10.159	0.0077	1485.451	1.5456	12.7696	2295.958	0.6986	0.5039
0.172	 1	17.2	10.153	0.0195	1482.623	1.5512	12.7457	2299.796	0.6954	0.4939
0.182	 1	18.2	10.155	0.0151	1476.017	1.5344	12.878	2264.747	0.7051	0.4927
0.192	 1	19.2	10.153	0.0222	1469.532	1.5192	13.6646	2232.516	0.7139	0.4951
0.202	 1	20.2	10.153	0.0182	1469.107	1.5382	12.8535	2259.725	0.7029	0.4942
0.212	 1	21.2	10.158	0.0155	1468.768	1.5291	12.9114	2245.879	0.7082	0.487
0.222	 1	22.2	10.158	0.0171	1469.618	1.5137	13.6948	2224.562	0.7171	0.4745
0.232	 1	23.2	10.163	0.018	1463.566	1.504	13.7632	2201.259	0.7227	0.4646
0.242	 1	24.2	10.168	0.0155	1467.667	1.5483	12.7147	2272.441	0.697	0.4581
0.252	 1	25.2	10.178	0.0159	1467.84	1.5536	12.6355	2280.478	0.694	0.4551
0.262	 1	26.2	10.178	0.0203	1469.535	1.5344	12.794	2254.831	0.7051	0.4575
0.272	 1	27.2	10.183	0.0285	1466.868	1.5556	12.6016	2281.864	0.6928	0.4626
0.282	 1	28.2	10.189	0.0221	1466.043	1.5481	12.6409	2269.631	0.6971	0.4692
0.292	 1	29.2	10.193	0.0216	1466.197	1.5538	12.5805	2278.18	0.6939	0.4738
0.302	 1	30.2	10.194	0.0191	1466.13	1.5444	13.2863	2264.27	0.6993	0.4768
0.312	 1	31.2	10.194	0.0209	1466.341	1.5594	13.7849	2286.628	0.6906	0.4798
0.322	 1	32.2	10.199	0.0233	1467.904	1.5809	13.5786	2320.557	0.6782	0.4793
0.332	 1	33.2	10.205	0.0211	1468.345	1.5777	13.5828	2316.599	0.68	0.4811
0.342	 1	34.2	10.201	0.0185	1472.218	1.6191	13.8528	2383.643	0.656	0.4871
0.352	 1	35.2	10.2	0.0184	1473.563	1.5827	13.5592	2332.169	0.6771	0.4964
0.362	 1	36.2	10.211	0.0227	1469.208	1.5609	13.7053	2293.349	0.6897	0.5036
0.372	 1	37.2	10.211	0.0175	1464.993	1.5421	13.2423	2259.145	0.7006	0.5072
0.382	 1	38.2	10.208	0.0172	1463.303	1.5578	13.1196	2279.565	0.6915	0.5089
0.392	 1	39.2	10.212	0.0165	1466.399	1.5349	13.3004	2250.795	0.7048	0.5101
0.402	 1	40.2	10.217	0.022	1467.749	1.5575	12.4654	2286.09	0.6917	0.5123
0.412	 1	41.2	10.217	0.0279	1468.804	1.5331	13.2975	2251.804	0.7059	0.5166
0.422	 1	42.2	10.211	0.0247	1466.255	1.5472	12.5697	2268.657	0.6977	0.5212
0.432	 1	43.2	10.211	0.0174	1465.834	1.5654	12.4242	2294.56	0.6871	0.5232
0.442	 1	44.2	10.206	0.0166	1464.696	1.5639	12.4533	2290.66	0.688	0.5246
0.452	 1	45.2	10.206	0.015	1465.747	1.5623	12.4665	2289.876	0.6889	0.5272
0.462	 1	46.2	10.207	0.0131	1464.629	1.5536	12.5325	2275.427	0.694	0.5295
0.472	 1	47.2	10.202	0.0122	1466.647	1.5773	12.3614	2313.37	0.6802	0.5308
0.482	 1	48.2	10.208	0.0182	1468.354	1.5795	11.7075	2319.222	0.679	0.5302
0.492	 1	49.2	10.205	0.0176	1466.446	1.5732	12.3831	2307.052	0.6826	0.526
0.502	 1	50.2	10.207	0.0173	1467.366	1.5763	11.117	2312.96	0.6808	0.5225
0.512	 1	51.2	10.214	0.0173	1467.529	1.5696	11.142	2303.455	0.6847	0.52
0.522	 1	52.2	10.213	0.0159	1465.49	1.5612	10.5828	2287.905	0.6896	0.5173
0.532	 1	53.2	10.212	0.0155	1465.557	1.5466	11.3146	2266.557	0.6981	0.5157
0.542	 1	54.2	10.225	0.0153	1464.061	1.5411	10.6848	2256.201	0.7012	0.5136
0.552	 1	55.2	10.235	0.0151	1464.234	1.554	10.5661	2275.401	0.6937	0.5145
0.562	 1	56.2	10.239	0.0155	1464.807	1.5417	10.6386	2258.231	0.7009	0.5149
0.572	 1	57.2	10.241	0.0157	1464.884	1.5427	10.6253	2259.895	0.7003	0.5149
0.582	 1	58.2	10.243	0.0146	1465.17	1.5594	10.5059	2284.738	0.6906	0.5135
0.592	 1	59.2	10.248	0.0151	1465.675	1.5452	10.5874	2264.748	0.6988	0.5119
0.602	 1	60.2	10.247	0.0164	1466.161	1.5533	10.5353	2277.333	0.6942	0.5113
0.612	 1	61.2	10.24	0.0155	1465.999	1.5348	10.055	2249.942	0.7049	0.5107
0.622	 1	62.2	10.232	0.0162	1464.643	1.5274	10.7594	2237.031	0.7092	0.5108
0.632	 1	63.2	10.23	0.0172	1464.357	1.5569	10.5609	2279.921	0.692	0.5079
0.642	 1	64.2	10.225	0.0169	1467.844	1.5654	10.5184	2297.808	0.6871	0.5055
0.652	 1	65.2	10.218	0.0188	1468.314	1.5613	10.5674	2292.407	0.6895	0.5032
0.662	 1	66.2	10.216	0.0181	1468.449	1.5643	10.5527	2297.122	0.6878	0.5025
0.672	 1	67.2	10.206	0.0196	1467.011	1.5461	10.7072	2268.145	0.6983	0.5054
0.682	 1	68.2	10.198	0.0197	1466.073	1.5468	10.7269	2267.674	0.6979	0.5114
0.692	 1	69.2	10.196	0.02	1466.206	1.5531	10.6894	2277.124	0.6943	0.5191
0.702	 1	70.2	10.188	0.0209	1465.267	1.5675	11.2393	2296.819	0.6859	0.5242
0.712	 1	71.2	10.181	0.0194	1463.418	1.5611	11.3077	2284.582	0.6896	0.527
0.722	 1	72.2	10.176	0.0185	1464.805	1.5895	11.7394	2328.321	0.6731	0.5247
0.732	 1	73.2	10.182	0.0157	1472.238	1.6169	10.9147	2380.431	0.6573	0.5215
0.742	 1	74.2	10.181	0.0135	1473.372	1.6012	11.0246	2359.194	0.6663	0.5208
0.752	 1	75.2	10.177	0.0148	1470.24	1.5764	11.2106	2317.741	0.6807	0.5187
0.762	 1	76.2	10.18	0.015	1464.959	1.6025	11.0187	2347.628	0.6656	0.5176
0.772	 1	77.2	10.176	0.0142	1463.751	1.5977	11.0643	2338.682	0.6684	0.5186
0.782	 1	78.2	10.172	0.0119	1463.597	1.6026	10.4295	2345.616	0.6655	0.5163
0.792	 1	79.2	10.18	0.0124	1467.493	1.592	10.4754	2336.242	0.6717	0.5184
0.802	 1	80.2	10.175	0.0159	1464.872	1.5726	10.6199	2303.609	0.683	0.52
0.812	 1	81.2	10.169	0.0199	1463.376	1.6028	9.8232	2345.536	0.6654	0.5198
0.822	 1	82.2	10.187	0.0137	1466.388	1.6181	9.6808	2372.783	0.6565	0.5184
0.832	 1	83.2	10.181	0.0081	1465.947	1.5767	9.9523	2311.293	0.6806	0.5159
0.842	 1	84.2	10.188	0.0127	1464.424	1.5518	10.0915	2272.539	0.695	0.5106
0.852	 1	85.2	10.188	0.0103	1458.137	1.5681	9.3628	2286.45	0.6856	0.5056
0.862	 1	86.2	10.187	0.0083	1460.502	1.5704	9.9747	2293.626	0.6842	0.5022
0.872	 1	87.2	10.193	0.0115	1464.932	1.5765	9.9197	2309.428	0.6807	0.4997
0.882	 1	88.2	10.198	0.012	1465.651	1.5607	10.0056	2287.48	0.6898	0.4998
0.892	 1	89.2	10.192	0.0165	1466.053	1.542	10.1444	2260.623	0.7007	0.5022
0.902	 1	90.2	10.195	0.0215	1466.063	1.5337	9.5536	2248.507	0.7055	0.5048
0.912	 1	91.2	10.202	0.0225	1466.437	1.5565	9.3948	2282.568	0.6923	0.5084
0.922	 1	92.2	10.192	0.0203	1465.631	1.5553	9.4288	2279.532	0.693	0.5133
0.932	 1	93.2	10.197	0.0181	1467.194	1.5579	9.4002	2285.673	0.6915	0.5198
0.942	 1	94.2	10.194	0.0161	1466.763	1.5622	9.3822	2291.326	0.689	0.5259
0.952	 1	95.2	10.192	0.0159	1466.264	1.5639	9.3774	2293.019	0.688	0.5278
0.962	 1	96.2	10.186	0.0139	1466.244	1.5634	9.3961	2292.315	0.6883	0.5253
0.972	 1	97.2	10.177	0.0184	1467.061	1.5481	8.8792	2271.089	0.6972	0.5215
0.982	 1	98.2	10.175	0.0148	1470.163	1.5623	8.8031	2296.87	0.6889	0.5174
0.992	 1	99.2	10.18	0.015	1470.886	1.5796	8.6945	2323.421	0.6789	0.5151
1.002	 1	100.2	10.175	0.013	1470.376	1.5648	8.1613	2300.853	0.6875	0.514
1.012	 1	101.2	10.17	0.0124	1468.168	1.5653	8.7989	2298.123	0.6872	0.5173
1.022	 1	102.2	10.17	0.0132	1469.441	1.5761	8.7384	2316.024	0.6809	0.5205
1.032	 1	103.2	10.175	0.0117	1465.505	1.5962	8.0009	2339.212	0.6693	0.526
1.042	 1	104.2	10.18	0.0076	1466.225	1.566	8.1437	2296.067	0.6868	0.5294
1.052	 1	105.2	10.179	0.0082	1467.561	1.5656	8.1481	2297.573	0.687	0.5285
1.062	 1	106.2	10.18	0.0087	1471.098	1.5624	8.1624	2298.418	0.6889	0.525
1.072	 1	107.2	10.18	0.009	1470.886	1.5903	7.4023	2339.146	0.6727	0.5198
1.082	 1	108.2	10.18	0.0114	1469.188	1.5771	8.0863	2317.04	0.6803	0.5202
1.092	 1	109.2	10.181	0.0154	1468.908	1.5716	7.488	2308.595	0.6835	0.5258
1.102	 1	110.2	10.185	0.0114	1465.468	1.573	7.4732	2305.136	0.6827	0.5292
1.112	 1	111.2	10.186	0.0107	1466.878	1.5756	8.0802	2311.216	0.6812	0.53
1.122	 1	112.2	10.19	0.0118	1470.631	1.5885	8.0057	2336.03	0.6738	0.5304
1.132	 1	113.2	10.191	0.0103	1471.625	1.5951	7.3571	2347.382	0.6699	0.5285
1.142	 1	114.2	10.195	0.014	1471.352	1.5703	8.0868	2310.487	0.6843	0.533
1.152	 1	115.2	10.2	0.0137	1466.36	1.5765	7.4249	2311.73	0.6807	0.5397
1.162	 1	116.2	10.205	0.0118	1466.868	1.5827	7.3852	2321.673	0.6771	0.5674
1.172	 1	117.2	10.206	0.0112	1468.489	1.5942	7.3301	2341.022	0.6704	0.5723
1.182	 1	118.2	10.215	0.0125	1469.996	1.5709	8.0384	2309.144	0.684	0.5756
1.192	 1	119.2	10.215	0.0129	1469.996	1.5787	7.3833	2320.635	0.6794	0.5789
1.202	 1	120.2	10.22	0.0139	1470.292	1.5757	7.387	2316.677	0.6812	0.5832
1.212	 1	121.2	10.225	0.0135	1470.377	1.5796	6.7448	2322.674	0.6789	0.5854
1.222	 1	122.2	10.245	0.0119	1470.293	1.578	6.714	2320.067	0.6798	0.588
1.232	 1	123.2	10.265	0.0099	1472.107	1.576	6.6847	2320.052	0.681	0.5925
1.242	 1	124.2	10.279	0.0107	1474.749	1.5798	6.6427	2329.736	0.6788	0.5923
1.252	 1	125.2	10.329	0.0077	1478.317	1.5939	5.9022	2356.242	0.6706	0.5949
1.262	 1	126.2	10.325	0.0071	1476.265	1.6193	6.3975	2390.556	0.6558	0.6018
1.272	 1	127.2	10.541	0.0023	1481.102	1.5405	5.7602	2281.616	0.7016	0.6156
1.282	 1	128.2	10.562	0.0015	1478.237	1.5501	5.6919	2291.395	0.696	0.6412
1.292	 1	129.2	10.557	0.0001	1495.538	1.5752	5.6088	2355.775	0.6814	0.6803
1.302	 1	130.2	10.559	0.0016	1493.705	1.5608	5.6573	2331.415	0.6898	0.7413
1.312	 1	131.2	10.543	0.0005	1486.395	1.5551	5.1326	2311.496	0.6931	0.8446
1.322	 1	132.2	10.482	0.0001	1463.353	1.5268	4.7251	2234.218	0.7095	1.0314
1.332	 1	133.2	10.466	0.0001	1262.333	1.4474	3.7546	1827.082	0.7556	1.3743
1.342	 1	134.2	10.52	0.0001	994.517	1.2981	2.7499	1291.031	0.8421	1.9167
1.352	 1	135.2	10.46	0.0	107.5191	1.0852	1.672	116.6785	0.9657	2.6223
