Geotek MSCL 7.9 - TN336_JPC19-22.out created at 23:44:12 on 1/22/2016.


Processing Parameters

CT	RCT=11.45	W=1.27
PWAmp	A=1	B=0
PWVel	PTO=26.15
Den1	A=5.9246E-04	B=-.091753	C=9.804
MS1	A=1	B=0	Den=0	LD=14	
FP	MGD=2.75	WD=1.026	
RES	A=505.0359	B=-1.084619	p=0	


SB DEPTH	SECT NUM	SECT DEPTH	CT	PWAmp	PWVel	Den1	MS1	Imp	FP	RES
m		cm	cm		m/s	g/cc	SI x 10^-5			Ohm.m

-0.639	before cal		10.869	0.0011						151.2129
-0.579	cal sect	6.0	10.67	0.0077	1508.767	1.1118	-1.7139		0.9502	16.1615
-0.519	cal sect	12.0	10.394	0.0313	1500.505	1.123	-0.9239	1685.07	0.9437	15.4518
-0.459	cal sect	18.0	10.44	0.0316	1500.0	1.1428	-0.9122	1714.259	0.9322	14.6766
-0.399	cal sect	24.0	10.606	0.0019	1504.611	1.1092	-0.8718	1668.954	0.9517	11.2954
-0.339	cal sect	30.0	10.775	0.032	1515.684	1.1037	-0.8332	1672.84	0.9549	3.657
-0.279	cal sect	36.0	10.679	0.018	1527.754	1.1413	-0.8549	1743.687	0.9331	0.4896
-0.219	cal sect	42.0	10.411	0.0109	1527.436	1.121	-0.9196	1712.231	0.9449	0.3604
-0.159	cal sect	48.0	10.407	0.0401	1519.714	1.1408	-0.9206	1733.757	0.9334	0.3642
-0.099	cal sect	54.0	10.603	0.007	1523.201	1.1245	1.7451	1712.89	0.9428	0.368
-0.039	cal sect	60.0	10.6	0.0088	1528.919	1.1285	1.7465	1725.452	0.9405	0.5151
0.001	 1	0.1	10.945	0.0	112.5045	0.9485	7.1713	106.7149	1.0449	1.1602
0.011	 1	1.1	10.959	0.0	112.6484	1.4201	9.527	159.967	0.7714	0.9493
0.021	 1	2.1	10.926	0.0	112.3092	1.4164	11.2108	159.0753	0.7735	0.7147
0.031	 1	3.1	10.889	0.0	111.9289	1.4252	12.1284	159.5203	0.7684	0.5784
0.041	 1	4.1	10.838	0.0	111.4046	1.4028	12.2921	156.2784	0.7814	0.5104
0.051	 1	5.1	10.558	0.0	108.5265	1.4505	15.0153	157.4218	0.7537	0.4696
0.061	 1	6.1	10.488	0.0004	1473.862	1.4774	15.3049	2177.426	0.7382	0.4466
0.071	 1	7.1	10.478	0.0004	1472.043	1.4832	15.3469	2183.288	0.7348	0.4349
0.081	 1	8.1	10.472	0.0005	1571.193	1.5026	16.2764	2360.867	0.7236	0.4319
0.091	 1	9.1	10.471	0.0014	1566.108	1.4928	16.2809	2337.816	0.7293	0.4374
0.101	 1	10.1	10.463	0.0029	1469.316	1.483	17.2232	2178.939	0.7349	0.4538
0.111	 1	11.1	10.469	0.0154	1456.658	1.4762	17.1948	2150.28	0.7389	0.4492
0.121	 1	12.1	10.471	0.0058	1543.94	1.4782	16.2809	2282.269	0.7377	0.4475
0.131	 1	13.1	10.481	0.0039	1337.033	1.4768	17.1383	1974.531	0.7385	0.4461
0.141	 1	14.1	10.489	0.0042	1459.035	1.4616	16.2007	2132.531	0.7473	0.4422
0.151	 1	15.1	10.496	0.0071	1545.575	1.4665	17.068	2266.565	0.7445	0.4401
0.161	 1	16.1	10.527	0.0097	1539.035	1.4447	16.9241	2223.511	0.7571	0.4378
0.171	 1	17.1	10.527	0.0021	1539.035	1.4584	16.9241	2244.46	0.7492	0.4371
0.181	 1	18.1	10.556	0.0004	1532.52	1.4528	17.6746	2226.495	0.7524	0.4355
0.191	 1	19.1	10.583	0.005	1522.515	1.4695	17.5456	2237.306	0.7428	0.4353
0.201	 1	20.1	10.628	0.0019	1537.171	1.4844	17.3333	2281.85	0.7341	0.4354
0.211	 1	21.1	10.87	0.0002	1443.559	1.4483	16.252	2090.767	0.755	0.438
0.221	 1	22.1	10.893	0.0007	1551.267	1.417	16.1542	2198.122	0.7732	0.4415
0.231	 1	23.1	10.894	0.0002	1473.357	1.4117	15.3425	2079.909	0.7763	0.447
0.241	 1	24.1	10.852	0.0004	1512.263	1.4209	15.5126	2148.701	0.771	0.4619
0.251	 1	25.1	10.805	0.0	111.0654	1.439	15.7062	159.8273	0.7604	0.4929
0.261	 1	26.1	10.751	0.0003	1489.677	1.4312	15.9329	2132.033	0.765	0.5607
0.271	 1	27.1	10.718	0.0023	1474.481	1.4594	16.0737	2151.823	0.7486	0.7071
0.281	 1	28.1	10.931	0.0006	1482.572	1.4425	15.1948	2138.667	0.7584	0.9857
0.291	 1	29.1	11.119	0.0	114.2931	1.3386	13.7128	152.9941	0.8187	1.2928
0.301	 2	0.4	11.105	0.0	114.1491	1.0252	13.762	117.0217	1.0005	1.3035
0.311	 2	1.4	11.102	0.0	114.1183	1.3974	13.7726	159.4646	0.7846	1.0083
0.321	 2	2.4	11.077	0.0	113.8613	1.4081	14.6313	160.3313	0.7783	0.7543
0.331	 2	3.4	11.035	0.0	113.4296	1.3922	14.7903	157.9154	0.7876	0.6129
0.341	 2	4.4	10.952	0.0	112.5764	1.3894	14.3165	156.4139	0.7892	0.5412
0.351	 2	5.4	10.565	0.0003	1276.583	1.4146	15.8683	1805.903	0.7746	0.5052
0.361	 2	6.4	10.494	0.0001	1106.145	1.4363	16.1786	1588.758	0.762	0.4892
0.371	 2	7.4	10.429	0.0002	1102.781	1.4483	16.4701	1597.108	0.7551	0.4828
0.381	 2	8.4	10.407	0.0004	1111.028	1.4553	17.491	1616.923	0.751	0.4796
0.391	 2	9.4	10.412	0.0009	1109.903	1.4773	17.4669	1639.647	0.7382	0.4794
0.401	 2	10.4	10.417	0.0012	1109.254	1.5087	16.5247	1673.501	0.72	0.4785
0.411	 2	11.4	10.422	0.0013	1159.03	1.5293	17.4187	1772.551	0.708	0.4781
0.421	 2	12.4	10.427	0.0007	1151.773	1.5038	16.4792	1732.027	0.7229	0.4782
0.431	 2	13.4	10.43	0.0007	1155.167	1.4592	16.4656	1685.609	0.7487	0.4787
0.441	 2	14.4	10.443	0.0006	1146.574	1.4591	16.4067	1673.019	0.7488	0.4781
0.451	 2	15.4	10.447	0.0005	1214.767	1.4535	15.4782	1765.711	0.752	0.4743
0.461	 2	16.4	10.453	0.0013	1213.208	1.4479	16.3616	1756.643	0.7553	0.4696
0.471	 2	17.4	10.462	0.0015	1282.579	1.4256	16.3212	1828.466	0.7682	0.4685
0.481	 2	18.4	10.468	0.0014	1289.162	1.4531	16.2943	1873.332	0.7522	0.4676
0.491	 2	19.4	10.476	0.0011	1278.34	1.4655	15.3553	1873.351	0.7451	0.4695
0.501	 2	20.4	10.483	0.0006	1268.668	1.4581	16.2274	1849.878	0.7493	0.4718
0.511	 2	21.4	10.488	0.0004	1209.828	1.4547	16.2052	1759.877	0.7514	0.4717
0.521	 2	22.4	10.488	0.0006	1280.742	1.4526	16.2052	1860.448	0.7525	0.4705
0.531	 2	23.4	10.494	0.0026	1296.676	1.4642	15.2798	1898.612	0.7458	0.4692
0.541	 2	24.4	10.499	0.0042	1515.226	1.4738	15.2589	2233.07	0.7403	0.4667
0.551	 2	25.4	10.502	0.0034	1393.393	1.4611	16.1432	2035.837	0.7476	0.4653
0.561	 2	26.4	10.501	0.0026	1274.703	1.4843	16.1476	1892.075	0.7341	0.4648
0.571	 2	27.4	10.503	0.0035	1428.008	1.4817	16.1388	2115.894	0.7357	0.4628
0.581	 2	28.4	10.503	0.0036	1399.84	1.5079	16.1388	2110.877	0.7205	0.4614
0.591	 2	29.4	10.503	0.003	1384.707	1.4789	16.1388	2047.792	0.7373	0.4598
0.601	 2	30.4	10.504	0.0024	1299.196	1.4912	16.1344	1937.359	0.7302	0.4637
0.611	 2	31.4	10.506	0.0039	1384.555	1.4907	16.1255	2063.89	0.7305	0.4705
0.621	 2	32.4	10.503	0.0031	1293.951	1.5066	16.1388	1949.485	0.7212	0.4757
0.631	 2	33.4	10.499	0.0023	1285.225	1.4987	16.1564	1926.206	0.7258	0.48
0.641	 2	34.4	10.503	0.0015	1272.012	1.4924	17.0354	1898.333	0.7295	0.4855
0.651	 2	35.4	10.503	0.001	1206.271	1.4673	16.1388	1769.958	0.744	0.493
0.661	 2	36.4	10.504	0.0009	1104.754	1.4756	17.0307	1630.203	0.7392	0.5005
0.671	 2	37.4	10.501	0.0009	1103.858	1.4945	17.0447	1649.721	0.7282	0.5066
0.681	 2	38.4	10.503	0.0009	1256.039	1.5008	17.0354	1885.057	0.7246	0.511
0.691	 2	39.4	10.498	0.002	1281.494	1.4931	17.0587	1913.396	0.7291	0.5145
0.701	 2	40.4	10.498	0.0035	1296.53	1.5039	17.9565	1949.835	0.7228	0.517
0.711	 2	41.4	10.488	0.0029	1441.649	1.4846	17.1055	2140.283	0.734	0.5199
0.721	 2	42.4	10.493	0.0018	1293.197	1.4803	17.082	1914.284	0.7365	0.5202
0.731	 2	43.4	10.488	0.0017	1400.641	1.5184	17.1055	2126.698	0.7144	0.5201
0.741	 2	44.4	10.488	0.0042	1389.139	1.4979	17.1055	2080.838	0.7263	0.523
0.751	 2	45.4	10.488	0.0033	1385.103	1.5141	17.1055	2097.177	0.7169	0.5274
0.761	 2	46.4	10.488	0.0025	1492.316	1.5152	17.1055	2261.103	0.7163	0.5314
0.771	 2	47.4	10.489	0.0027	1492.034	1.5078	17.1008	2249.732	0.7205	0.5386
0.781	 2	48.4	10.497	0.0026	1501.502	1.5157	17.0633	2275.879	0.7159	0.5416
0.791	 2	49.4	10.513	0.0048	1392.635	1.5188	16.9889	2115.109	0.7142	0.5425
0.801	 2	50.4	10.516	0.0071	1533.615	1.5237	16.9749	2336.814	0.7113	0.5424
0.811	 2	51.4	10.526	0.0039	1526.614	1.5185	16.9287	2318.187	0.7143	0.5395
0.821	 2	52.4	10.531	0.0037	1536.475	1.5021	16.9056	2307.908	0.7239	0.5393
0.831	 2	53.4	10.546	0.0095	1526.415	1.497	16.8367	2285.108	0.7268	0.5391
0.841	 2	54.4	10.542	0.0097	1512.916	1.4995	16.855	2268.552	0.7254	0.5393
0.851	 2	55.4	10.552	0.0141	1518.492	1.4618	15.9245	2219.665	0.7472	0.5387
0.861	 2	56.4	10.563	0.0056	1506.418	1.4597	15.8769	2198.956	0.7484	0.537
0.871	 2	57.4	10.572	0.0042	1288.012	1.47	16.7181	1893.353	0.7425	0.5318
0.881	 2	58.4	10.578	0.0013	1264.101	1.4805	15.8124	1871.511	0.7364	0.5294
0.891	 2	59.4	10.577	0.0007	1096.858	1.4859	15.8167	1629.767	0.7333	0.5249
0.901	 2	60.4	10.578	0.0006	1097.417	1.4828	15.8124	1627.299	0.735	0.525
0.911	 2	61.4	10.577	0.0006	1098.339	1.4631	15.8167	1607.024	0.7464	0.5261
0.921	 2	62.4	10.576	0.0005	1107.203	1.4917	15.821	1651.666	0.7298	0.5296
0.931	 2	63.4	10.572	0.0005	1119.797	1.4741	14.9583	1650.693	0.7401	0.5322
0.941	 2	64.4	10.567	0.0004	1129.315	1.4907	14.9786	1683.421	0.7305	0.535
0.951	 2	65.4	10.563	0.0005	1124.8	1.4957	14.9949	1682.348	0.7276	0.5388
0.961	 2	66.4	10.562	0.0006	1096.553	1.4893	14.999	1633.062	0.7313	0.5417
0.971	 2	67.4	10.551	0.0006	1116.036	1.5061	15.0439	1680.879	0.7215	0.5431
0.981	 2	68.4	10.551	0.0006	1097.919	1.5064	15.0439	1653.885	0.7214	0.5407
0.991	 2	69.4	10.546	0.0009	1096.372	1.4889	14.1782	1632.4	0.7315	0.5397
1.001	 2	70.4	10.543	0.001	1103.17	1.482	15.0767	1634.944	0.7355	0.5335
1.011	 2	71.4	10.542	0.0011	1105.843	1.4744	15.0808	1630.479	0.7399	0.5272
1.021	 2	72.4	10.536	0.0006	1109.754	1.4729	14.2169	1634.604	0.7408	0.5219
1.031	 2	73.4	10.53	0.0006	1099.394	1.4828	15.1302	1630.217	0.735	0.5173
1.041	 2	74.4	10.526	0.0005	1088.859	1.4824	14.2557	1614.078	0.7353	0.5158
1.051	 2	75.4	10.521	0.0004	1113.687	1.4709	13.383	1638.154	0.7419	0.5149
1.061	 2	76.4	10.521	0.0007	1116.879	1.4977	14.2752	1672.751	0.7264	0.5149
1.071	 2	77.4	10.511	0.0007	1114.871	1.4931	14.3142	1664.594	0.7291	0.5161
1.081	 2	78.4	10.51	0.0013	1114.646	1.5262	13.4233	1701.194	0.7098	0.5144
1.091	 2	79.4	10.496	0.0013	1107.64	1.5135	14.3731	1676.386	0.7172	0.515
1.101	 2	80.4	10.491	0.0014	1223.297	1.5036	13.4932	1839.312	0.723	0.5138
1.111	 2	81.4	10.486	0.0019	1293.45	1.4966	13.5117	1935.833	0.727	0.5117
1.121	 2	82.4	10.476	0.0017	1283.037	1.5153	13.5488	1944.18	0.7162	0.5091
1.131	 2	83.4	10.476	0.0017	1270.742	1.5266	13.5488	1939.881	0.7096	0.5107
1.141	 2	84.4	10.468	0.002	1212.276	1.517	13.5786	1839.007	0.7152	0.5148
1.151	 2	85.4	10.464	0.0018	1214.062	1.5093	13.5935	1832.39	0.7197	0.5166
1.161	 2	86.4	10.461	0.0012	1212.026	1.5121	13.6047	1832.743	0.718	0.5179
1.171	 2	87.4	10.473	0.0007	1215.247	1.5096	13.56	1834.538	0.7195	0.5159
1.181	 2	88.4	10.478	0.0014	1287.698	1.5325	13.5414	1973.407	0.7062	0.5133
1.191	 2	89.4	10.472	0.0026	1302.488	1.5413	13.5637	2007.514	0.7011	0.5122
1.201	 2	90.4	10.467	0.002	1297.026	1.5536	13.5823	2015.045	0.694	0.5139
1.211	 2	91.4	10.471	0.0016	1270.907	1.5354	13.5674	1951.395	0.7045	0.5168
1.221	 2	92.4	10.468	0.0023	1400.964	1.5463	13.5786	2166.268	0.6982	0.52
1.231	 2	93.4	10.471	0.007	1523.941	1.5447	13.5674	2354.075	0.6991	0.517
1.241	 2	94.4	10.474	0.0144	1518.631	1.5418	12.6525	2341.454	0.7008	0.518
1.251	 2	95.4	10.478	0.0033	1505.676	1.5158	12.6386	2282.315	0.7159	0.5185
1.261	 2	96.4	10.482	0.0027	1411.717	1.5182	12.6248	2143.229	0.7145	0.519
1.271	 2	97.4	10.487	0.0027	1391.033	1.5355	12.6075	2135.989	0.7044	0.5213
1.281	 2	98.4	10.489	0.0013	1279.146	1.5377	12.6006	1966.946	0.7032	0.5239
1.291	 2	99.4	10.487	0.0019	1316.635	1.5255	12.6075	2008.542	0.7103	0.5288
1.301	 2	100.4	10.492	0.0073	1324.079	1.5261	12.5902	2020.721	0.7099	0.532
1.311	 2	101.4	10.496	0.0069	1328.944	1.5457	12.5764	2054.168	0.6985	0.5339
1.321	 2	102.4	10.497	0.0086	1521.304	1.5461	12.573	2352.115	0.6983	0.5369
1.331	 2	103.4	10.502	0.0148	1519.167	1.5584	13.4526	2367.448	0.6912	0.5397
1.341	 2	104.4	10.496	0.0137	1518.079	1.5618	12.5764	2370.916	0.6892	0.5427
1.351	 2	105.4	10.502	0.0142	1520.046	1.5609	12.5558	2372.632	0.6897	0.5469
1.361	 2	106.4	10.502	0.013	1516.534	1.5531	11.659	2355.344	0.6943	0.5502
1.371	 2	107.4	10.497	0.0232	1515.593	1.5572	11.6749	2360.052	0.6919	0.5547
1.381	 2	108.4	10.502	0.0216	1515.878	1.5642	11.659	2371.208	0.6878	0.5566
1.391	 2	109.4	10.5	0.0216	1517.999	1.5523	11.6653	2356.387	0.6947	0.5561
1.401	 2	110.4	10.496	0.0216	1516.325	1.5646	11.6781	2372.415	0.6876	0.5524
1.411	 2	111.4	10.487	0.0126	1522.945	1.5949	11.7069	2428.926	0.67	0.5475
1.421	 2	112.4	10.488	0.0213	1526.193	1.5913	11.7037	2428.613	0.6721	0.5426
1.431	 2	113.4	10.493	0.0234	1522.711	1.5636	11.6877	2380.957	0.6881	0.5389
1.441	 2	114.4	10.487	0.021	1521.619	1.5817	11.7069	2406.79	0.6777	0.5402
1.451	 2	115.4	10.487	0.0175	1521.398	1.5724	11.7069	2392.229	0.6831	0.5438
1.461	 2	116.4	10.487	0.0111	1517.875	1.5517	11.7069	2355.334	0.6951	0.5468
1.471	 2	117.4	10.485	0.0172	1518.025	1.569	11.7134	2381.826	0.685	0.5483
1.481	 2	118.4	10.487	0.0173	1518.095	1.5854	11.7069	2406.836	0.6755	0.5488
1.491	 2	119.4	10.485	0.0144	1516.269	1.5815	10.8123	2397.923	0.6778	0.5478
1.501	 2	120.4	10.488	0.0137	1518.459	1.5839	11.7037	2405.02	0.6764	0.5482
1.511	 2	121.4	10.487	0.0162	1521.619	1.6036	10.8064	2440.002	0.665	0.5496
1.521	 2	122.4	10.486	0.0225	1520.812	1.5728	10.8094	2391.964	0.6828	0.5513
1.531	 2	123.4	10.494	0.0187	1518.229	1.6101	11.6845	2444.427	0.6612	0.5526
1.541	 2	124.4	10.496	0.0144	1518.299	1.5804	10.7798	2399.479	0.6784	0.5558
1.551	 2	125.4	10.496	0.0135	1516.982	1.5775	10.7798	2393.095	0.6801	0.5598
1.561	 2	126.4	10.504	0.0223	1515.073	1.5517	9.8599	2350.949	0.6951	0.5585
1.571	 2	127.4	10.509	0.0224	1513.829	1.5599	10.7415	2361.353	0.6903	0.5587
1.581	 2	128.4	10.511	0.0174	1513.245	1.5719	9.841	2378.663	0.6834	0.5591
1.591	 2	129.4	10.523	0.0168	1513.883	1.5707	10.7006	2377.805	0.6841	0.5722
1.601	 2	130.4	10.524	0.0173	1516.864	1.5856	10.6976	2405.076	0.6754	0.5891
1.611	 2	131.4	10.522	0.0115	1520.081	1.5942	9.8115	2423.285	0.6704	0.6147
1.621	 2	132.4	10.532	0.0174	1522.405	1.5944	9.7848	2427.317	0.6703	0.6152
1.631	 2	133.4	10.531	0.0179	1522.921	1.5842	9.7874	2412.641	0.6762	0.6139
1.641	 2	134.4	10.546	0.0207	1523.768	1.5891	9.7475	2421.447	0.6734	0.6128
1.651	 2	135.4	10.552	0.0168	1522.216	1.6056	9.7316	2444.017	0.6638	0.6119
1.661	 2	136.4	10.557	0.025	1526.681	1.6071	8.8349	2453.588	0.6629	0.6064
1.671	 2	137.4	10.562	0.0251	1527.846	1.6035	9.7052	2449.845	0.665	0.5997
1.681	 2	138.4	10.572	0.0197	1528.85	1.6075	9.6789	2457.606	0.6627	0.5915
1.691	 2	139.4	10.577	0.0157	1531.345	1.5896	8.7871	2434.263	0.6731	0.5827
1.701	 2	140.4	10.644	0.0079	1530.85	1.5831	8.6294	2423.416	0.6769	0.5753
1.711	 2	141.4	10.66	0.0072	1531.609	1.5804	8.5923	2420.54	0.6784	0.5722
1.721	 2	142.4	10.869	0.0003	1537.558	1.5531	8.1281	2387.971	0.6943	0.5687
1.731	 2	143.4	10.879	0.0024	1523.456	1.4956	7.2961	2278.407	0.7276	0.5678
1.741	 2	144.4	10.839	0.0003	1544.237	1.5148	7.3733	2339.21	0.7165	0.573
1.751	 2	145.4	10.811	0.0059	1525.254	1.5193	6.6027	2317.268	0.7139	0.5891
1.761	 2	146.4	10.797	0.002	1531.055	1.5142	6.6272	2318.299	0.7168	0.6262
1.771	 2	147.4	10.737	0.0089	1520.821	1.5065	7.5753	2291.055	0.7213	0.7117
1.781	 2	148.4	10.725	0.0041	1515.473	1.5192	6.7552	2302.292	0.7139	0.9077
1.791	 2	149.4	10.881	0.0176	1529.734	1.4971	6.4821	2290.231	0.7267	1.2729
1.801	 2	150.4	11.065	0.0001	1360.339	1.2972	5.4071	1764.697	0.8427	1.5881
1.811	 3	0.4	11.043	0.0	113.5118	1.2194	6.2147	138.4156	0.8878	1.4772
1.821	 3	1.4	11.052	0.0	113.6044	1.4822	6.2003	168.3795	0.7354	1.1041
1.831	 3	2.4	11.039	0.0	113.4707	1.4747	6.2211	167.3311	0.7398	0.8346
1.841	 3	3.4	10.977	0.0	112.8334	1.4846	6.3217	167.5101	0.734	0.6945
1.851	 3	4.4	10.901	0.0	112.0522	1.4557	7.2542	163.1149	0.7508	0.622
1.861	 3	5.4	10.518	0.0098	1519.284	1.5302	8.0364	2324.809	0.7075	0.5835
1.871	 3	6.4	10.455	0.0113	1521.17	1.5391	8.1763	2341.307	0.7023	0.56
1.881	 3	7.4	10.427	0.0116	1518.643	1.5384	8.2396	2336.231	0.7028	0.5463
1.891	 3	8.4	10.425	0.039	1516.143	1.5184	8.2441	2302.144	0.7144	0.5384
1.901	 3	9.4	10.431	0.0396	1511.739	1.5275	8.2305	2309.152	0.7091	0.535
1.911	 3	10.4	10.437	0.0434	1510.42	1.5304	8.2169	2311.52	0.7074	0.5342
1.921	 3	11.4	10.436	0.0354	1505.699	1.5305	8.2192	2304.516	0.7073	0.5332
1.931	 3	12.4	10.445	0.0235	1509.393	1.5265	8.1988	2304.105	0.7097	0.5327
1.941	 3	13.4	10.444	0.0256	1509.685	1.531	9.1123	2311.297	0.7071	0.5323
1.951	 3	14.4	10.452	0.0302	1511.497	1.5142	9.0923	2288.757	0.7168	0.5306
1.961	 3	15.4	10.459	0.0312	1511.198	1.5231	9.0748	2301.739	0.7116	0.5301
1.971	 3	16.4	10.461	0.0214	1506.914	1.5345	9.0698	2312.292	0.7051	0.5277
1.981	 3	17.4	10.476	0.0122	1502.366	1.532	9.9358	2301.604	0.7065	0.5263
1.991	 3	18.4	10.487	0.012	1512.184	1.522	9.0053	2301.56	0.7123	0.5259
2.001	 3	19.4	10.497	0.0139	1509.708	1.5147	9.8788	2286.703	0.7166	0.527
2.011	 3	20.4	10.499	0.0171	1510.865	1.5414	9.8734	2328.893	0.701	0.5284
2.021	 3	21.4	10.502	0.0181	1512.167	1.5279	9.8653	2310.474	0.7089	0.5322
2.031	 3	22.4	10.508	0.0111	1498.36	1.5192	9.8491	2276.364	0.7139	0.5333
2.041	 3	23.4	10.508	0.0073	1315.473	1.5448	9.8491	2032.109	0.6991	0.532
2.051	 3	24.4	10.513	0.0075	1318.079	1.5212	10.7298	2005.063	0.7128	0.5328
2.061	 3	25.4	10.508	0.0107	1321.595	1.5333	10.7445	2026.385	0.7057	0.5332
2.071	 3	26.4	10.508	0.0124	1509.77	1.5418	10.7445	2327.694	0.7008	0.5355
2.081	 3	27.4	10.509	0.0309	1514.265	1.5378	10.7415	2328.6	0.7031	0.5367
2.091	 3	28.4	10.507	0.0159	1511.146	1.5532	10.7474	2347.115	0.6942	0.54
2.101	 3	29.4	10.508	0.0149	1516.525	1.5464	10.7445	2345.191	0.6981	0.5421
2.111	 3	30.4	10.503	0.0329	1511.441	1.5485	10.7592	2340.525	0.6969	0.5417
2.121	 3	31.4	10.507	0.0158	1513.759	1.543	11.643	2335.727	0.7001	0.5454
2.131	 3	32.4	10.506	0.01	1514.706	1.5379	11.6462	2329.529	0.7031	0.5425
2.141	 3	33.4	10.499	0.0107	1502.863	1.5216	11.6685	2286.777	0.7125	0.5423
2.151	 3	34.4	10.498	0.0083	1405.731	1.5309	10.7739	2152.095	0.7071	0.5448
2.161	 3	35.4	10.498	0.0078	1517.271	1.5263	11.6717	2315.874	0.7098	0.5476
2.171	 3	36.4	10.495	0.0054	1508.986	1.5346	10.7828	2315.755	0.705	0.5525
2.181	 3	37.4	10.488	0.0062	1301.241	1.5227	11.7037	1981.362	0.7119	0.5617
2.191	 3	38.4	10.488	0.007	1427.521	1.5283	11.7037	2181.735	0.7086	0.5693
2.201	 3	39.4	10.484	0.0055	1525.167	1.5398	11.7166	2348.454	0.702	0.5745
2.211	 3	40.4	10.483	0.0043	1294.357	1.5212	11.7198	1969.036	0.7127	0.5809
2.221	 3	41.4	10.478	0.0026	1408.523	1.5475	11.7359	2179.75	0.6975	0.5868
2.231	 3	42.4	10.479	0.0064	1524.662	1.5302	11.7326	2333.025	0.7075	0.586
2.241	 3	43.4	10.478	0.0047	1387.998	1.5385	11.7359	2135.431	0.7027	0.5904
2.251	 3	44.4	10.479	0.0037	1254.069	1.5354	11.7326	1925.437	0.7046	0.5913
2.261	 3	45.4	10.48	0.0021	1247.47	1.5442	12.6317	1926.375	0.6994	0.5906
2.271	 3	46.4	10.485	0.0043	1250.596	1.5361	11.7134	1921.049	0.7041	0.5888
2.281	 3	47.4	10.488	0.0045	1311.0	1.5458	11.7037	2026.535	0.6985	0.5897
2.291	 3	48.4	10.496	0.0055	1528.915	1.5515	11.6781	2372.12	0.6952	0.5874
2.301	 3	49.4	10.495	0.0069	1514.649	1.5423	12.5799	2336.03	0.7005	0.5885
2.311	 3	50.4	10.496	0.003	1301.103	1.5438	12.5764	2008.631	0.6997	0.5874
2.321	 3	51.4	10.494	0.0021	1224.218	1.5296	12.5833	1872.6	0.7079	0.5859
2.331	 3	52.4	10.489	0.0035	1325.875	1.5473	12.6006	2051.522	0.6976	0.5854
2.341	 3	53.4	10.498	0.0028	1405.543	1.5234	12.5696	2141.168	0.7115	0.5836
2.351	 3	54.4	10.503	0.0021	1392.232	1.5524	12.5524	2161.313	0.6947	0.5834
2.361	 3	55.4	10.512	0.0055	1190.892	1.52	12.5215	1810.156	0.7135	0.581
2.371	 3	56.4	10.522	0.0052	1249.941	1.5175	12.4874	1896.764	0.7149	0.5802
2.381	 3	57.4	10.508	0.0025	1244.876	1.5357	12.5352	1911.805	0.7043	0.5794
2.391	 3	58.4	10.517	0.002	1251.726	1.5185	12.5044	1900.712	0.7143	0.581
2.401	 3	59.4	10.544	0.0049	1193.976	1.5248	12.4127	1820.58	0.7107	0.5855
2.411	 3	60.4	10.546	0.0024	1389.826	1.5242	12.406	2118.437	0.711	0.5919
2.421	 3	61.4	10.547	0.0034	1523.473	1.5534	12.4026	2366.564	0.6941	0.5968
2.431	 3	62.4	10.541	0.0045	1515.6	1.5277	12.4229	2315.344	0.709	0.6062
2.441	 3	63.4	10.54	0.0029	1303.326	1.5415	13.3138	2009.019	0.701	0.6104
2.451	 3	64.4	10.536	0.0026	1250.267	1.5308	13.3283	1913.962	0.7072	0.6108
2.461	 3	65.4	10.532	0.0032	1181.777	1.5465	13.3429	1827.593	0.6981	0.6155
2.471	 3	66.4	10.526	0.0012	1184.56	1.5408	13.3647	1825.123	0.7014	0.616
2.481	 3	67.4	10.521	0.0011	1253.993	1.5525	13.383	1946.848	0.6946	0.6164
2.491	 3	68.4	10.516	0.0033	1250.862	1.5544	13.4013	1944.299	0.6935	0.6198
2.501	 3	69.4	10.516	0.0034	1249.079	1.5439	13.4013	1928.42	0.6996	0.6205
2.511	 3	70.4	10.516	0.0035	1243.614	1.5502	12.5079	1927.866	0.6959	0.6196
2.521	 3	71.4	10.511	0.0027	1244.937	1.5269	13.4196	1900.875	0.7095	0.6186
2.531	 3	72.4	10.506	0.0056	1253.25	1.5317	13.4379	1919.575	0.7067	0.6177
2.541	 3	73.4	10.498	0.0037	1254.841	1.5479	13.4674	1942.366	0.6973	0.6172
2.551	 3	74.4	10.507	0.0018	1247.714	1.5705	13.4343	1959.561	0.6842	0.6161
2.561	 3	75.4	10.497	0.0023	1153.897	1.5608	13.4711	1801.003	0.6898	0.6169
2.571	 3	76.4	10.497	0.0016	1196.512	1.5569	13.4711	1862.853	0.6921	0.6194
2.581	 3	77.4	10.502	0.0024	1091.684	1.5559	13.4526	1698.533	0.6926	0.6203
2.591	 3	78.4	10.496	0.0017	1189.753	1.5548	13.4748	1849.863	0.6933	0.6165
2.601	 3	79.4	10.494	0.0012	1190.876	1.5444	14.3809	1839.141	0.6993	0.6138
2.611	 3	80.4	10.492	0.0009	1180.202	1.5367	13.4895	1813.637	0.7038	0.6122
2.621	 3	81.4	10.487	0.0012	1143.995	1.5564	13.508	1780.561	0.6923	0.6137
2.631	 3	82.4	10.481	0.0004	1181.224	1.5551	14.4323	1836.935	0.6931	0.6189
2.641	 3	83.4	10.475	0.001	1198.924	1.5387	14.456	1844.742	0.7026	0.6202
2.651	 3	84.4	10.466	0.0017	1188.508	1.5543	14.4918	1847.286	0.6936	0.6209
2.661	 3	85.4	10.461	0.0023	1257.785	1.5676	14.5117	1971.669	0.6859	0.6175
2.671	 3	86.4	10.459	0.0056	1256.185	1.5712	15.4272	1973.77	0.6837	0.6157
2.681	 3	87.4	10.452	0.0041	1263.54	1.5999	15.4569	2021.587	0.6671	0.6131
2.691	 3	88.4	10.453	0.0038	1416.588	1.5843	15.4526	2244.314	0.6762	0.6108
2.701	 3	89.4	10.447	0.0042	1538.586	1.5759	15.4782	2424.604	0.6811	0.6107
2.711	 3	90.4	10.453	0.0036	1417.164	1.5548	14.5436	2203.46	0.6932	0.6084
2.721	 3	91.4	10.447	0.0009	1311.778	1.5691	14.5677	2058.327	0.685	0.6099
2.731	 3	92.4	10.448	0.0008	1268.731	1.5848	14.5637	2010.664	0.6759	0.611
2.741	 3	93.4	10.449	0.003	1397.859	1.5691	14.5597	2193.37	0.685	0.6152
2.751	 3	94.4	10.454	0.0058	1525.463	1.5879	14.5397	2422.228	0.6741	0.614
2.761	 3	95.4	10.458	0.0143	1521.385	1.5666	14.5237	2383.434	0.6864	0.6157
2.771	 3	96.4	10.463	0.0077	1519.019	1.5659	14.5037	2378.59	0.6868	0.615
2.781	 3	97.4	10.468	0.0065	1515.125	1.5582	15.3891	2360.799	0.6913	0.6147
2.791	 3	98.4	10.468	0.0087	1518.642	1.5699	15.3891	2384.102	0.6845	0.6119
2.801	 3	99.4	10.478	0.0084	1514.599	1.562	14.4441	2365.737	0.6891	0.6124
2.811	 3	100.4	10.473	0.0054	1516.068	1.5616	14.464	2367.47	0.6893	0.6133
2.821	 3	101.4	10.478	0.0023	1388.55	1.5581	14.4441	2163.439	0.6914	0.6128
2.831	 3	102.4	10.478	0.0011	1261.498	1.5634	15.3469	1972.164	0.6883	0.6101
2.841	 3	103.4	10.48	0.0008	1190.368	1.5653	14.4362	1863.271	0.6872	0.6134
2.851	 3	104.4	10.478	0.0008	1180.886	1.5653	15.3469	1848.451	0.6872	0.6134
2.861	 3	105.4	10.478	0.002	1261.346	1.5704	14.4441	1980.766	0.6842	0.6164
2.871	 3	106.4	10.479	0.0022	1255.722	1.5677	14.4402	1968.572	0.6858	0.6172
2.881	 3	107.4	10.472	0.0012	1171.758	1.5648	13.5637	1833.574	0.6875	0.6195
2.891	 3	108.4	10.474	0.0009	1085.389	1.5648	15.3637	1698.402	0.6875	0.6218
2.901	 3	109.4	10.477	0.001	1197.782	1.5759	14.4481	1887.543	0.6811	0.6219
2.911	 3	110.4	10.467	0.002	1188.486	1.5743	14.4878	1870.991	0.682	0.6242
2.921	 3	111.4	10.473	0.0019	1310.271	1.5683	14.464	2054.897	0.6854	0.6237
2.931	 3	112.4	10.464	0.0023	1316.392	1.5582	14.4997	2051.194	0.6913	0.6273
2.941	 3	113.4	10.472	0.0028	1300.547	1.5576	15.3722	2025.678	0.6917	0.629
2.951	 3	114.4	10.468	0.0017	1258.778	1.5668	14.4838	1972.259	0.6863	0.6332
2.961	 3	115.4	10.473	0.0008	1179.259	1.5796	15.368	1862.736	0.6789	0.6361
2.971	 3	116.4	10.478	0.0003	1163.447	1.5859	15.3469	1845.153	0.6752	0.6374
2.981	 3	117.4	10.478	0.0012	1178.76	1.5983	9.0276	1883.984	0.6681	0.6391
2.991	 3	118.4	10.479	0.0031	1180.865	1.5898	15.3427	1877.325	0.673	0.6389
3.001	 3	119.4	10.479	0.0024	1175.83	1.6062	15.3427	1888.658	0.6634	0.6427
3.011	 3	120.4	10.474	0.0024	1250.776	1.6099	16.2675	2013.64	0.6613	0.6459
3.021	 3	121.4	10.484	0.0054	1256.321	1.6119	15.3217	2025.038	0.6602	0.6467
3.031	 3	122.4	10.478	0.0034	1253.499	1.6184	15.3469	2028.63	0.6564	0.6433
3.041	 3	123.4	10.481	0.0071	1254.609	1.601	15.3343	2008.624	0.6665	0.6353
3.051	 3	124.4	10.483	0.0044	1256.051	1.6109	14.4243	2023.327	0.6608	0.6213
3.061	 3	125.4	10.488	0.0047	1321.073	1.6081	14.4046	2124.358	0.6624	0.6134
3.071	 3	126.4	10.487	0.0052	1328.477	1.6059	14.4085	2133.375	0.6636	0.6099
3.081	 3	127.4	10.494	0.0087	1528.178	1.6233	13.4821	2480.646	0.6536	0.6092
3.091	 3	128.4	10.498	0.0202	1526.094	1.6086	13.4674	2454.817	0.6621	0.6131
3.101	 3	129.4	10.508	0.0158	1525.109	1.6196	11.6399	2470.116	0.6557	0.6198
3.111	 3	130.4	10.51	0.035	1522.306	1.6094	11.6335	2449.924	0.6616	0.6226
3.121	 3	131.4	10.514	0.027	1522.444	1.6338	10.7269	2487.427	0.6474	0.6571
3.131	 3	132.4	10.518	0.0209	1526.782	1.6483	10.7152	2516.522	0.6391	0.6572
3.141	 3	133.4	10.53	0.0215	1530.523	1.6537	10.6801	2530.962	0.6359	0.6559
3.151	 3	134.4	10.533	0.0276	1525.637	1.6342	9.7821	2493.16	0.6472	0.6536
3.161	 3	135.4	10.527	0.0208	1523.665	1.6315	9.7981	2485.893	0.6488	0.6515
3.171	 3	136.4	10.537	0.0136	1525.775	1.624	9.7715	2477.904	0.6531	0.6488
3.181	 3	137.4	10.547	0.0181	1526.56	1.595	8.859	2434.879	0.6699	0.6448
3.191	 3	138.4	10.551	0.0174	1522.95	1.6028	8.8493	2440.994	0.6654	0.645
3.201	 3	139.4	10.578	0.0119	1522.672	1.5935	8.7847	2426.388	0.6708	0.6431
3.211	 3	140.4	10.601	0.0139	1525.763	1.5929	7.8571	2430.439	0.6712	0.6401
3.221	 3	141.4	10.628	0.0128	1525.696	1.5823	7.8	2414.082	0.6773	0.6388
3.231	 3	142.4	10.844	0.0018	1537.066	1.5584	7.3636	2395.314	0.6912	0.6349
3.241	 3	143.4	10.927	0.0005	1546.42	1.5505	7.2051	2397.669	0.6958	0.6326
3.251	 3	144.4	10.897	0.0	112.0111	1.5595	7.2618	174.6862	0.6905	0.6342
3.261	 3	145.4	10.861	0.0079	1553.791	1.5741	7.3307	2445.894	0.6821	0.6414
3.271	 3	146.4	10.84	0.005	1545.04	1.5629	7.3714	2414.756	0.6886	0.6622
3.281	 3	147.4	10.796	0.0049	1533.087	1.5551	7.4575	2384.145	0.6931	0.7124
3.291	 3	148.4	10.765	0.0044	1540.719	1.569	6.6837	2417.311	0.6851	0.8377
3.301	 3	149.4	10.719	0.0384	1534.794	1.58	6.766	2424.939	0.6787	1.131
3.311	 3	150.4	11.014	0.0	113.2138	1.534	6.2614	173.674	0.7053	1.5558
3.321	 3	151.4	11.162	0.0	114.7351	1.204	6.7816	138.1382	0.8968	1.7287
3.331	 4	0.8	11.184	0.0	114.9612	1.4665	6.7438	168.5903	0.7445	1.4495
3.341	 4	1.8	11.177	0.0	114.8892	1.5021	6.7558	172.5769	0.7238	1.1091
3.351	 4	2.8	11.165	0.0	114.7659	1.4997	6.0235	172.1099	0.7253	0.8895
3.361	 4	3.8	11.113	0.0	114.2314	1.4988	6.8669	171.2122	0.7257	0.763
3.371	 4	4.8	10.812	0.0001	1343.106	1.5372	6.6009	2064.651	0.7035	0.6919
3.381	 4	5.8	10.566	0.0099	1525.776	1.5598	7.932	2379.895	0.6904	0.6527
3.391	 4	6.8	10.475	0.011	1530.985	1.6121	9.035	2468.092	0.66	0.6345
3.401	 4	7.8	10.427	0.0187	1530.457	1.6151	8.2396	2471.872	0.6583	0.6293
3.411	 4	8.8	10.426	0.0344	1522.044	1.5961	8.2419	2429.4	0.6693	0.6271
3.421	 4	9.8	10.421	0.0282	1514.9	1.596	7.3362	2417.853	0.6693	0.6231
3.431	 4	10.8	10.422	0.0298	1515.486	1.5757	8.251	2387.939	0.6812	0.6179
3.441	 4	11.8	10.429	0.0331	1516.725	1.5834	8.2351	2401.586	0.6767	0.6073
3.451	 4	12.8	10.432	0.041	1522.92	1.6362	8.2282	2491.79	0.6461	0.6004
3.461	 4	13.8	10.439	0.0392	1522.608	1.5782	8.2124	2402.985	0.6797	0.5962
3.471	 4	14.8	10.447	0.0596	1517.797	1.575	8.1943	2390.559	0.6815	0.5916
3.481	 4	15.8	10.456	0.047	1518.002	1.5728	7.2658	2387.541	0.6828	0.588
3.491	 4	16.8	10.461	0.0529	1516.966	1.5777	8.1628	2393.333	0.68	0.5851
3.501	 4	17.8	10.467	0.0485	1517.176	1.5771	8.1494	2392.721	0.6803	0.5795
3.511	 4	18.8	10.477	0.0391	1519.286	1.5915	7.224	2417.98	0.672	0.5749
3.521	 4	19.8	10.479	0.0543	1516.717	1.5809	8.1226	2397.85	0.6781	0.5693
3.531	 4	20.8	10.483	0.0371	1513.791	1.5623	7.2122	2365.035	0.6889	0.5632
3.541	 4	21.8	10.483	0.0265	1514.009	1.5646	7.2122	2368.762	0.6876	0.5586
3.551	 4	22.8	10.492	0.0408	1518.599	1.589	7.1944	2412.996	0.6735	0.5547
3.561	 4	23.8	10.492	0.0354	1516.404	1.5835	8.0937	2401.281	0.6766	0.552
3.571	 4	24.8	10.492	0.031	1516.843	1.628	8.0937	2469.454	0.6508	0.5492
3.581	 4	25.8	10.497	0.0283	1518.663	1.576	8.0826	2393.369	0.681	0.5502
3.591	 4	26.8	10.497	0.0316	1514.063	1.5628	7.1846	2366.11	0.6887	0.5534
3.601	 4	27.8	10.497	0.0163	1510.794	1.5692	8.0826	2370.741	0.6849	0.5544
3.611	 4	28.8	10.498	0.024	1511.156	1.5947	8.0804	2409.772	0.6702	0.5531
3.621	 4	29.8	10.501	0.0167	1510.718	1.6113	8.0738	2434.242	0.6605	0.5527
3.631	 4	30.8	10.503	0.0148	1517.994	1.5962	8.0694	2423.022	0.6693	0.5558
3.641	 4	31.8	10.502	0.0162	1512.167	1.5926	8.0716	2408.292	0.6713	0.56
3.651	 4	32.8	10.503	0.0115	1511.223	1.5896	8.966	2402.222	0.6731	0.5631
3.661	 4	33.8	10.508	0.0118	1518.936	1.592	8.9537	2418.127	0.6717	0.5663
3.671	 4	34.8	10.505	0.0285	1516.968	1.579	8.065	2395.321	0.6792	0.5708
3.681	 4	35.8	10.511	0.0234	1514.771	1.5668	8.0518	2373.391	0.6863	0.5787
3.691	 4	36.8	10.511	0.0318	1513.027	1.5756	8.0518	2383.877	0.6812	0.5888
3.701	 4	37.8	10.513	0.0228	1518.342	1.5809	8.9415	2400.41	0.6781	0.6002
3.711	 4	38.8	10.515	0.0191	1518.85	1.6124	8.9366	2448.973	0.6599	0.6124
3.721	 4	39.8	10.52	0.0201	1520.891	1.5474	8.032	2353.448	0.6976	0.6226
3.731	 4	40.8	10.521	0.028	1511.638	1.5409	8.0298	2329.35	0.7013	0.6228
3.741	 4	41.8	10.521	0.0325	1512.29	1.542	8.922	2332.013	0.7007	0.6231
3.751	 4	42.8	10.516	0.0264	1512.658	1.5516	8.9342	2347.034	0.6951	0.6227
3.761	 4	43.8	10.516	0.0256	1515.929	1.5491	8.9342	2348.337	0.6966	0.6185
3.771	 4	44.8	10.516	0.038	1512.658	1.5497	8.9342	2344.105	0.6963	0.6164
3.781	 4	45.8	10.513	0.0255	1513.097	1.5581	8.9415	2357.628	0.6913	0.6181
3.791	 4	46.8	10.513	0.0264	1516.808	1.5598	8.9415	2365.947	0.6904	0.6179
3.801	 4	47.8	10.508	0.0269	1516.744	1.5701	8.9537	2381.424	0.6844	0.6174
3.811	 4	48.8	10.508	0.0214	1518.936	1.5589	8.9537	2367.852	0.6909	0.6171
3.821	 4	49.8	10.507	0.0359	1520.77	1.5394	8.9562	2341.127	0.7022	0.6176
3.831	 4	50.8	10.503	0.0374	1518.872	1.5327	9.8626	2327.912	0.7061	0.6204
3.841	 4	51.8	10.508	0.0363	1519.375	1.539	9.8491	2338.342	0.7024	0.6225
3.851	 4	52.8	10.506	0.0282	1518.866	1.5303	9.8545	2324.352	0.7075	0.6231
3.861	 4	53.8	10.5	0.036	1519.977	1.538	10.768	2337.726	0.703	0.6249
3.871	 4	54.8	10.497	0.0347	1519.542	1.5785	11.6749	2398.628	0.6795	0.6216
3.881	 4	55.8	10.518	0.0234	1524.348	1.629	12.501	2483.229	0.6502	0.6189
3.891	 4	56.8	10.527	0.024	1534.995	1.6581	12.4704	2545.171	0.6334	0.6121
3.901	 4	57.8	10.526	0.0232	1540.015	1.6902	12.4738	2602.952	0.6147	0.6043
3.911	 4	58.8	10.535	0.0126	1558.201	1.7533	12.4432	2731.921	0.5782	0.5955
3.921	 4	59.8	10.531	0.0097	1575.318	1.7707	12.4568	2789.485	0.568	0.5837
3.931	 4	60.8	10.526	0.0107	1587.632	1.7832	11.5828	2831.036	0.5608	0.5733
3.941	 4	61.8	10.52	0.0104	1595.874	1.7638	10.7093	2814.81	0.572	0.56
3.951	 4	62.8	10.521	0.0076	1583.534	1.5241	8.922	2413.438	0.7111	0.5413
3.961	 4	63.8	10.515	0.0499	1551.571	1.1527	7.1493	1788.48	0.9265	0.5178
3.971	 4	64.8	10.511	0.0581	1537.145	1.1325	7.1571	1740.847	0.9382	0.4943
3.981	 4	65.8	10.503	0.0465	1542.291	1.1401	6.2762	1758.345	0.9338	0.4753
3.991	 4	66.8	10.493	0.0436	1536.986	1.1511	5.3943	1769.274	0.9274	0.4648
4.001	 4	67.8	10.489	0.0423	1537.526	1.1317	5.4002	1740.079	0.9387	0.459
4.011	 4	68.8	10.482	0.0574	1538.078	1.1471	5.4106	1764.269	0.9298	0.4593
4.021	 4	69.8	10.479	0.041	1534.71	1.1291	6.3176	1732.868	0.9402	0.4662
4.031	 4	70.8	10.475	0.0418	1533.899	1.1295	6.3245	1732.614	0.9399	0.4792
4.041	 4	71.8	10.471	0.0408	1537.592	1.1385	8.1404	1750.583	0.9347	0.4973
4.051	 4	72.8	10.468	0.0388	1537.151	1.1473	9.0524	1763.54	0.9297	0.5185
4.061	 4	73.8	10.469	0.0434	1535.494	1.4435	11.7649	2216.44	0.7578	0.5413
4.071	 4	74.8	10.463	0.0215	1537.772	1.6557	12.6908	2546.089	0.6347	0.563
4.081	 4	75.8	10.459	0.0176	1549.022	1.7352	13.6122	2687.8	0.5887	0.5818
4.091	 4	76.8	10.462	0.0199	1549.237	1.7236	15.4144	2670.272	0.5954	0.5972
4.101	 4	77.8	10.454	0.0131	1549.429	1.737	15.4484	2691.313	0.5876	0.6126
4.111	 4	78.8	10.45	0.0139	1554.597	1.7399	16.3751	2704.89	0.5859	0.6284
4.121	 4	79.8	10.439	0.0211	1556.434	1.7623	17.3373	2742.94	0.5729	0.6422
4.131	 4	80.8	10.44	0.0201	1562.406	1.7872	17.3325	2792.341	0.5585	0.6522
4.141	 4	81.8	10.434	0.0286	1565.022	1.775	17.3612	2777.839	0.5656	0.663
4.151	 4	82.8	10.424	0.0165	1565.635	1.801	18.3254	2819.672	0.5505	0.6686
4.161	 4	83.8	10.424	0.0235	1580.591	1.7723	17.4091	2801.218	0.5671	0.6739
4.171	 4	84.8	10.425	0.0072	1600.645	1.9233	17.4043	3078.549	0.4795	0.6761
4.181	 4	85.8	10.42	0.0089	1689.638	1.8832	18.3456	3181.99	0.5028	0.6738
4.191	 4	86.8	10.418	0.0174	1637.793	1.7592	18.3557	2881.186	0.5747	0.67
4.201	 4	87.8	10.415	0.0322	1569.469	1.7392	18.371	2729.639	0.5863	0.665
4.211	 4	88.8	10.41	0.0292	1552.11	1.7555	18.3964	2724.802	0.5768	0.6595
4.221	 4	89.8	10.41	0.0244	1551.185	1.7532	19.3162	2719.575	0.5782	0.6589
4.231	 4	90.8	10.42	0.0271	1552.675	1.7552	19.2629	2725.24	0.577	0.6588
4.241	 4	91.8	10.416	0.03	1551.616	1.7502	19.2842	2715.684	0.5799	0.6643
4.251	 4	92.8	10.417	0.0235	1557.566	1.7644	19.2789	2748.123	0.5717	0.6712
4.261	 4	93.8	10.422	0.0186	1572.895	1.829	19.2523	2876.873	0.5342	0.6763
4.271	 4	94.8	10.424	0.0137	1587.089	1.8684	19.2416	2965.384	0.5113	0.6767
4.281	 4	95.8	10.427	0.011	1600.706	1.865	19.2257	2985.261	0.5134	0.6833
4.291	 4	96.8	10.423	0.0132	1591.298	1.8525	20.1635	2947.95	0.5206	0.6838
4.301	 4	97.8	10.433	0.012	1588.943	1.8364	20.1079	2917.881	0.53	0.6845
4.311	 4	98.8	10.433	0.0088	1582.676	1.8123	19.1939	2868.285	0.5439	0.6909
4.321	 4	99.8	10.439	0.0167	1576.174	1.8116	19.1622	2855.411	0.5443	0.693
4.331	 4	100.8	10.442	0.0183	1571.88	1.7979	19.1464	2826.039	0.5523	0.6931
4.341	 4	101.8	10.443	0.0146	1572.978	1.8099	20.0526	2846.879	0.5453	0.6926
4.351	 4	102.8	10.448	0.0171	1571.128	1.8094	19.1148	2842.719	0.5456	0.6928
4.361	 4	103.8	10.457	0.0108	1582.236	1.824	19.9755	2885.955	0.5371	0.6925
4.371	 4	104.8	10.452	0.0107	1586.28	1.8362	19.0938	2912.801	0.53	0.6913
4.381	 4	105.8	10.458	0.011	1595.423	1.8442	19.0623	2942.244	0.5254	0.6923
4.391	 4	106.8	10.456	0.0066	1623.602	1.9115	18.1646	3103.462	0.4864	0.6934
4.401	 4	107.8	10.451	0.0063	1660.734	1.9002	18.1896	3155.691	0.4929	0.6916
4.411	 4	108.8	10.456	0.0046	1657.315	1.8481	18.1646	3062.959	0.5231	0.6917
4.421	 4	109.8	10.456	0.0089	1622.091	1.8192	17.2563	2950.903	0.5399	0.69
4.431	 4	110.8	10.457	0.0088	1573.901	1.784	16.3436	2807.774	0.5603	0.6866
4.441	 4	111.8	10.459	0.009	1561.278	1.7744	16.3346	2770.379	0.5659	0.6863
4.451	 4	112.8	10.463	0.0138	1565.614	1.7995	15.4102	2817.246	0.5514	0.6891
4.461	 4	113.8	10.462	0.0067	1567.576	1.8259	15.4144	2862.294	0.536	0.694
4.471	 4	114.8	10.461	0.0077	1572.61	1.8212	13.6047	2863.96	0.5388	0.6981
4.481	 4	115.8	10.463	0.0096	1576.703	1.8008	12.6908	2839.387	0.5506	0.7071
4.491	 4	116.8	10.463	0.0142	1581.469	1.8307	11.7843	2895.265	0.5332	0.7124
4.501	 4	117.8	10.46	0.0083	1595.242	1.8309	10.8868	2920.747	0.5331	0.718
4.511	 4	118.8	10.458	0.006	1624.922	1.9077	10.8928	3099.796	0.4886	0.7218
4.521	 4	119.8	10.463	0.0059	1637.402	1.8596	9.9713	3044.988	0.5164	0.7168
4.531	 4	120.8	10.463	0.0156	1613.167	1.8251	9.9713	2944.114	0.5365	0.7138
4.541	 4	121.8	10.463	0.0174	1587.227	1.8162	9.0648	2882.75	0.5416	0.7064
4.551	 4	122.8	10.465	0.012	1583.926	1.8205	9.0598	2883.467	0.5392	0.7026
4.561	 4	123.8	10.468	0.008	1596.949	1.8602	8.1472	2970.68	0.5161	0.7021
4.571	 4	124.8	10.473	0.007	1615.954	1.8693	8.136	3020.646	0.5109	0.7045
4.581	 4	125.8	10.473	0.0042	1619.202	1.8462	8.136	2989.42	0.5242	0.7076
4.591	 4	126.8	10.482	0.007	1600.305	1.7889	8.1159	2862.861	0.5575	0.7093
4.601	 4	127.8	10.487	0.008	1562.658	1.7816	8.1048	2784.007	0.5617	0.7009
4.611	 4	128.8	10.496	0.0063	1557.27	1.7743	8.0848	2763.017	0.566	0.694
4.621	 4	129.8	10.496	0.0062	1565.399	1.8126	8.0848	2837.466	0.5437	0.7014
4.631	 4	130.8	10.508	0.0073	1582.768	1.8201	8.0584	2880.744	0.5394	0.7031
4.641	 4	131.8	10.505	0.0054	1589.74	1.8178	8.065	2889.759	0.5407	0.7126
4.651	 4	132.8	10.513	0.0042	1591.191	1.8217	8.0474	2898.644	0.5385	0.7552
4.661	 4	133.8	10.513	0.0067	1583.999	1.7909	7.1532	2836.773	0.5563	0.7611
4.671	 4	134.8	10.516	0.0056	1567.68	1.8057	8.0408	2830.705	0.5478	0.7663
4.681	 4	135.8	10.527	0.0085	1569.554	1.7684	8.0167	2775.549	0.5694	0.7679
4.691	 4	136.8	10.53	0.0151	1566.032	1.7726	8.0101	2775.963	0.5669	0.7663
4.701	 4	137.8	10.54	0.011	1570.556	1.7716	7.9883	2782.406	0.5675	0.7663
4.711	 4	138.8	10.547	0.0177	1574.414	1.7603	7.9731	2771.438	0.5741	0.768
4.721	 4	139.8	10.566	0.0201	1571.62	1.7662	7.932	2775.844	0.5706	0.7699
4.731	 4	140.8	10.589	0.0189	1578.563	1.7901	7.8827	2825.777	0.5568	0.7684
4.741	 4	141.8	10.617	0.0035	1578.971	1.7954	7.8232	2834.944	0.5537	0.7654
4.751	 4	142.8	10.622	0.0074	1583.482	1.838	7.8126	2910.37	0.529	0.7686
4.761	 4	143.8	10.891	0.0003	1619.72	1.8093	7.2732	2930.576	0.5456	0.7713
4.771	 4	144.8	10.88	0.0011	1610.182	1.8036	7.2942	2904.148	0.5489	0.7705
4.781	 4	145.8	10.862	0.0	111.6513	1.7652	7.3288	197.0884	0.5712	0.7704
4.791	 4	146.8	10.831	0.0006	1615.121	1.8	7.3889	2907.223	0.551	0.7783
4.801	 4	147.8	10.766	0.0038	1602.56	1.7675	7.5171	2832.524	0.5699	0.8245
4.811	 4	148.8	10.747	0.0016	1578.12	1.7279	7.5552	2726.785	0.5929	0.9488
4.821	 4	149.8	10.743	0.0002	1563.983	1.7259	7.5632	2699.238	0.594	1.2272
4.831	 4	150.8	10.926	0.0001	1599.239	1.7332	8.0077	2771.808	0.5898	1.7158
4.841	 4	151.8	11.069	0.0	113.7791	1.7245	7.7165	196.2081	0.5949	2.0839
4.851	 5	0.3	11.081	0.0	113.9024	1.2912	6.9235	147.0706	0.8462	1.9387
4.861	 5	1.3	11.115	0.0	114.2519	1.7451	6.8634	199.3767	0.5829	1.5341
4.871	 5	2.3	11.105	0.0	114.1491	1.7453	6.881	199.2202	0.5828	1.2066
4.881	 5	3.3	11.075	0.0003	1615.845	1.7346	7.7046	2802.915	0.589	1.0102
4.891	 5	4.3	11.015	0.0003	1591.993	1.6949	7.0422	2698.245	0.612	0.8939
4.901	 5	5.3	10.603	0.009	1575.249	1.7119	7.8529	2696.694	0.6021	0.823
4.911	 5	6.3	10.521	0.0142	1557.052	1.7266	8.0298	2688.343	0.5936	0.7795
4.921	 5	7.3	10.446	0.0119	1557.013	1.7672	9.1073	2751.524	0.5701	0.7541
4.931	 5	8.3	10.427	0.0208	1554.181	1.7366	8.2396	2698.922	0.5878	0.7412
4.941	 5	9.3	10.402	0.026	1560.69	1.7845	8.2967	2785.043	0.56	0.7359
4.951	 5	10.3	10.396	0.0395	1562.368	1.7626	8.3105	2753.795	0.5728	0.7333
4.961	 5	11.3	10.393	0.0391	1556.537	1.7478	8.3174	2720.554	0.5813	0.7307
4.971	 5	12.3	10.391	0.0253	1556.704	1.7711	8.322	2757.137	0.5678	0.7292
4.981	 5	13.3	10.391	0.0234	1556.005	1.7515	8.322	2725.282	0.5792	0.7245
4.991	 5	14.3	10.392	0.0196	1549.195	1.7444	8.3197	2702.374	0.5833	0.7197
5.001	 5	15.3	10.401	0.0151	1547.998	1.7237	9.2211	2668.238	0.5953	0.7152
5.011	 5	16.3	10.406	0.0273	1549.203	1.7277	8.2875	2676.54	0.593	0.7104
5.021	 5	17.3	10.412	0.0285	1552.639	1.7322	8.2738	2689.493	0.5904	0.7083
5.031	 5	18.3	10.415	0.0261	1556.801	1.7376	9.1855	2705.06	0.5873	0.7048
5.041	 5	19.3	10.425	0.0261	1555.506	1.7577	9.1602	2734.073	0.5756	0.7018
5.051	 5	20.3	10.44	0.0223	1555.887	1.7406	9.1224	2708.195	0.5855	0.6991
5.061	 5	21.3	10.441	0.0294	1550.72	1.7398	8.2079	2697.926	0.586	0.6983
5.071	 5	22.3	10.446	0.0444	1556.085	1.7459	8.1966	2716.71	0.5824	0.6978
5.081	 5	23.3	10.441	0.0299	1563.96	1.7898	8.2079	2799.139	0.557	0.6978
5.091	 5	24.3	10.45	0.0337	1567.187	1.7807	8.1876	2790.715	0.5622	0.6972
5.101	 5	25.3	10.447	0.0323	1566.267	1.785	8.1943	2795.758	0.5598	0.6946
5.111	 5	26.3	10.451	0.0301	1565.927	1.7755	8.1853	2780.226	0.5653	0.6919
5.121	 5	27.3	10.451	0.0351	1557.99	1.7477	8.1853	2722.85	0.5814	0.6887
5.131	 5	28.3	10.451	0.0432	1549.904	1.7264	8.1853	2675.739	0.5937	0.6842
5.141	 5	29.3	10.456	0.0526	1549.037	1.7462	8.1741	2704.885	0.5823	0.682
5.151	 5	30.3	10.457	0.0396	1550.563	1.743	9.0798	2702.69	0.5841	0.6845
5.161	 5	31.3	10.456	0.0264	1549.726	1.7508	8.1741	2713.266	0.5796	0.6936
5.171	 5	32.3	10.454	0.0407	1552.882	1.7611	9.0873	2734.832	0.5736	0.6969
5.181	 5	33.3	10.449	0.0399	1557.46	1.759	8.1898	2739.521	0.5748	0.7041
5.191	 5	34.3	10.452	0.0369	1558.372	1.7468	8.1831	2722.226	0.5819	0.7093
5.201	 5	35.3	10.447	0.0536	1556.698	1.7694	8.1943	2754.372	0.5688	0.7156
5.211	 5	36.3	10.446	0.0379	1561.435	1.7865	8.1966	2789.536	0.5589	0.7242
5.221	 5	37.3	10.439	0.0223	1559.689	1.7765	8.2124	2770.746	0.5647	0.7395
5.231	 5	38.3	10.442	0.0333	1571.644	1.8006	8.2056	2829.967	0.5507	0.7567
5.241	 5	39.3	10.437	0.026	1578.971	1.7911	8.2169	2828.173	0.5562	0.7729
5.251	 5	40.3	10.433	0.037	1581.476	1.8064	8.226	2856.724	0.5474	0.7912
5.261	 5	41.3	10.432	0.0271	1583.005	1.8167	8.2282	2875.819	0.5414	0.7982
5.271	 5	42.3	10.431	0.0262	1582.373	1.7949	8.2305	2840.253	0.554	0.8058
5.281	 5	43.3	10.429	0.0297	1569.214	1.7694	8.2351	2776.549	0.5688	0.8088
5.291	 5	44.3	10.426	0.0393	1561.948	1.7582	8.2419	2746.172	0.5753	0.8076
5.301	 5	45.3	10.427	0.0289	1566.321	1.7929	8.2396	2808.206	0.5552	0.8062
5.311	 5	46.3	10.437	0.021	1581.603	1.7963	8.2169	2841.057	0.5532	0.8041
5.321	 5	47.3	10.437	0.0196	1573.733	1.7637	9.1299	2775.541	0.5721	0.8059
5.331	 5	48.3	10.437	0.0453	1564.768	1.76	9.1299	2753.97	0.5743	0.8041
5.341	 5	49.3	10.45	0.0731	1555.986	1.723	8.1876	2680.956	0.5957	0.8043
5.351	 5	50.3	10.452	0.0452	1547.756	1.7357	9.0923	2686.39	0.5884	0.799
5.361	 5	51.3	10.452	0.0305	1548.674	1.7488	8.1831	2708.358	0.5807	0.7952
5.371	 5	52.3	10.461	0.0445	1554.383	1.7424	8.1628	2708.313	0.5845	0.7933
5.381	 5	53.3	10.457	0.0303	1554.713	1.7407	9.0798	2706.344	0.5854	0.7902
5.391	 5	54.3	10.463	0.0287	1560.245	1.771	8.1583	2763.265	0.5678	0.7861
5.401	 5	55.3	10.465	0.0333	1566.617	1.7673	9.0598	2768.737	0.57	0.7807
5.411	 5	56.3	10.464	0.0414	1573.297	1.7672	9.0623	2780.279	0.5701	0.7788
5.421	 5	57.3	10.474	0.035	1561.652	1.7216	9.0375	2688.587	0.5965	0.775
5.431	 5	58.3	10.485	0.0446	1553.794	1.7134	9.0103	2662.248	0.6013	0.7708
5.441	 5	59.3	10.484	0.035	1547.682	1.6853	8.1115	2608.384	0.6175	0.7685
5.451	 5	60.3	10.48	0.0451	1542.538	1.6888	9.0226	2605.055	0.6155	0.7591
5.461	 5	61.3	10.475	0.0369	1544.757	1.6753	9.035	2587.892	0.6234	0.7527
5.471	 5	62.3	10.47	0.04	1550.881	1.7139	9.0474	2658.076	0.601	0.7382
5.481	 5	63.3	10.459	0.0274	1559.415	1.7981	9.0748	2803.924	0.5522	0.7182
5.491	 5	64.3	10.452	0.0147	1567.722	1.7699	9.0923	2774.664	0.5685	0.6858
5.501	 5	65.3	10.45	0.0518	1557.609	1.7022	7.2778	2651.344	0.6078	0.6402
5.511	 5	66.3	10.443	0.0473	1544.137	1.7075	5.4689	2636.555	0.6047	0.5861
5.521	 5	67.3	10.437	0.0462	1551.97	1.769	5.4779	2745.5	0.569	0.5319
5.531	 5	68.3	10.436	0.0161	1571.923	1.8003	2.7397	2829.918	0.5509	0.4826
5.541	 5	69.3	10.432	0.0093	1570.611	1.3781	0.9142	2164.414	0.7958	0.4351
5.551	 5	70.3	10.425	0.0505	1543.53	1.1248	0.0	1736.161	0.9427	0.3858
5.561	 5	71.3	10.417	0.0478	1531.912	1.1427	-0.918	1750.576	0.9323	0.3384
5.571	 5	72.3	10.413	0.0504	1531.098	1.1404	-1.8381	1746.024	0.9337	0.3002
5.581	 5	73.3	10.407	0.0379	1529.991	1.1435	-1.8412	1749.488	0.9319	0.2733
5.591	 5	74.3	10.408	0.0384	1531.714	1.1351	-1.8407	1738.72	0.9367	0.2569
5.601	 5	75.3	10.414	0.0498	1534.63	1.1459	-1.8376	1758.502	0.9305	0.2462
5.611	 5	76.3	10.417	0.1021	1535.525	1.139	-1.8361	1748.967	0.9345	0.2401
5.621	 5	77.3	10.415	0.1088	1533.422	1.1422	-2.7556	1751.49	0.9326	0.2371
5.631	 5	78.3	10.41	0.0941	1533.137	1.1433	-1.8396	1752.866	0.9319	0.2345
5.641	 5	79.3	10.406	0.0767	1534.356	1.137	-1.8417	1744.621	0.9356	0.2337
5.651	 5	80.3	10.4	0.1129	1532.793	1.1442	-2.7671	1753.871	0.9314	0.2322
5.661	 5	81.3	10.393	0.105	1534.022	1.1392	-2.7725	1747.568	0.9343	0.2307
5.671	 5	82.3	10.39	0.0836	1532.222	1.1559	-2.7748	1771.082	0.9247	0.2301
5.681	 5	83.3	10.39	0.0736	1533.579	1.1379	-2.7748	1744.995	0.9351	0.2293
5.691	 5	84.3	10.386	0.068	1532.763	1.1374	-1.8519	1743.31	0.9354	0.2297
5.701	 5	85.3	10.386	0.0473	1533.215	1.1473	-2.7778	1759.022	0.9297	0.2307
5.711	 5	86.3	10.388	0.0496	1534.643	1.1472	-2.7763	1760.61	0.9297	0.2314
5.721	 5	87.3	10.386	0.0496	1531.181	1.1598	-2.7778	1775.793	0.9224	0.2333
5.731	 5	88.3	10.391	0.0401	1530.339	1.1531	-2.774	1764.68	0.9263	0.2361
5.741	 5	89.3	10.391	0.0361	1535.313	1.142	-2.774	1753.389	0.9327	0.2408
5.751	 5	90.3	10.388	0.0449	1530.573	1.1403	-1.8509	1745.335	0.9337	0.2468
5.761	 5	91.3	10.39	0.0361	1526.146	1.1388	-0.9249	1737.958	0.9346	0.2555
5.771	 5	92.3	10.391	0.0215	1526.292	1.1437	-0.9247	1745.657	0.9317	0.2703
5.781	 5	93.3	10.386	0.0232	1526.006	1.151	0.0	1756.498	0.9275	0.3073
5.791	 5	94.3	10.397	0.03	1528.746	1.1446	0.9231	1749.745	0.9312	0.3457
5.801	 5	95.3	10.396	0.0352	1526.803	1.1615	1.8468	1773.37	0.9214	0.3904
5.811	 5	96.3	10.397	0.0412	1534.16	1.5649	3.6925	2400.782	0.6874	0.4346
5.821	 5	97.3	10.402	0.0352	1539.44	1.6526	5.5311	2544.138	0.6365	0.476
5.831	 5	98.3	10.406	0.0719	1540.033	1.7056	6.4458	2626.635	0.6058	0.519
5.841	 5	99.3	10.412	0.0556	1538.416	1.7113	7.3545	2632.643	0.6025	0.5614
5.851	 5	100.3	10.407	0.0425	1540.637	1.7121	7.3646	2637.709	0.602	0.6007
5.861	 5	101.3	10.406	0.0448	1540.717	1.7199	7.3667	2649.947	0.5975	0.6336
5.871	 5	102.3	10.417	0.0462	1543.717	1.7054	8.2624	2632.586	0.6059	0.6565
5.881	 5	103.3	10.414	0.0384	1541.216	1.6901	8.2692	2604.785	0.6148	0.6724
5.891	 5	104.3	10.416	0.0466	1538.552	1.6857	8.2646	2593.535	0.6173	0.6805
5.901	 5	105.3	10.411	0.0464	1532.833	1.6809	8.2761	2576.55	0.6201	0.6855
5.911	 5	106.3	10.405	0.0329	1537.155	1.6573	8.2898	2547.544	0.6338	0.6865
5.921	 5	107.3	10.41	0.0429	1533.589	1.6817	7.3585	2579.02	0.6197	0.6884
5.931	 5	108.3	10.411	0.0407	1533.51	1.6987	7.3565	2605.038	0.6098	0.6874
5.941	 5	109.3	10.405	0.0385	1532.626	1.6894	8.2898	2589.15	0.6152	0.6893
5.951	 5	110.3	10.405	0.0351	1536.701	1.6953	7.3687	2605.186	0.6118	0.6864
5.961	 5	111.3	10.395	0.0387	1536.585	1.702	8.3128	2615.251	0.6079	0.6871
5.971	 5	112.3	10.4	0.0284	1535.962	1.705	7.3789	2618.767	0.6062	0.6862
5.981	 5	113.3	10.4	0.0299	1538.006	1.6799	8.3013	2583.686	0.6207	0.6898
5.991	 5	114.3	10.406	0.0463	1536.395	1.6851	8.2875	2589.033	0.6177	0.6945
6.001	 5	115.3	10.405	0.0355	1531.949	1.6708	8.2898	2559.511	0.626	0.697
6.011	 5	116.3	10.406	0.0307	1531.871	1.6448	8.2875	2519.583	0.6411	0.7008
6.021	 5	117.3	10.406	0.035	1534.582	1.687	8.2875	2588.849	0.6166	0.7053
6.031	 5	118.3	10.406	0.0339	1539.577	1.7158	8.2875	2641.564	0.5999	0.708
6.041	 5	119.3	10.411	0.0429	1544.659	1.6956	8.2761	2619.111	0.6116	0.7089
6.051	 5	120.3	10.412	0.0291	1542.062	1.7132	8.2738	2641.836	0.6014	0.7126
6.061	 5	121.3	10.412	0.0393	1544.349	1.7238	7.3545	2662.123	0.5953	0.7113
6.071	 5	122.3	10.412	0.0389	1542.518	1.7129	8.2738	2642.126	0.6016	0.7071
6.081	 5	123.3	10.417	0.027	1543.945	1.7146	8.2624	2647.25	0.6006	0.708
6.091	 5	124.3	10.426	0.0313	1547.114	1.7087	8.2419	2643.479	0.604	0.7096
6.101	 5	125.3	10.432	0.0286	1546.627	1.7237	8.2282	2665.928	0.5953	0.7088
6.111	 5	126.3	10.436	0.023	1550.899	1.7413	8.2192	2700.548	0.5851	0.7092
6.121	 5	127.3	10.446	0.0224	1551.002	1.7492	7.2858	2712.961	0.5805	0.7035
6.131	 5	128.3	10.452	0.0202	1564.202	1.7535	7.2738	2742.776	0.578	0.7085
6.141	 5	129.3	10.469	0.0309	1563.237	1.7453	7.2399	2728.354	0.5828	0.7163
6.151	 5	130.3	10.475	0.014	1574.478	1.8103	7.228	2850.241	0.5451	0.7451
6.161	 5	131.3	10.469	0.0209	1588.619	1.7953	7.2399	2852.058	0.5538	0.7458
6.171	 5	132.3	10.479	0.0192	1589.654	1.8068	7.2201	2872.168	0.5471	0.7479
6.181	 5	133.3	10.486	0.0121	1591.924	1.7972	8.107	2861.061	0.5526	0.7468
6.191	 5	134.3	10.495	0.012	1573.227	1.7503	7.1885	2753.557	0.5799	0.7487
6.201	 5	135.3	10.516	0.0255	1556.082	1.6812	7.1473	2616.016	0.62	0.7443
6.211	 5	136.3	10.523	0.0512	1546.363	1.6779	7.1337	2594.575	0.6219	0.7412
6.221	 5	137.3	10.526	0.0323	1542.949	1.6746	7.1279	2583.793	0.6238	0.7425
6.231	 5	138.3	10.542	0.0323	1545.974	1.7	7.0968	2628.125	0.6091	0.7425
6.241	 5	139.3	10.566	0.0155	1552.226	1.7306	7.0507	2686.297	0.5913	0.7436
6.251	 5	140.3	10.592	0.0066	1574.082	1.7704	7.0011	2786.705	0.5682	0.7495
6.261	 5	141.3	10.745	0.0007	1587.853	1.7063	6.7193	2709.351	0.6054	0.7615
6.271	 5	142.3	10.814	0.004	1574.549	1.707	6.5974	2687.823	0.605	0.78
6.281	 5	143.3	10.787	0.0005	1566.967	1.7457	6.6447	2735.515	0.5825	0.8146
6.291	 5	144.3	10.784	0.0034	1578.223	1.7137	6.65	2704.679	0.6011	0.8778
6.301	 5	145.3	10.756	0.0005	1563.372	1.7046	5.8622	2664.851	0.6064	0.9754
6.311	 5	146.3	10.721	0.0026	1565.338	1.7085	5.9171	2674.378	0.6041	1.1375
6.321	 5	147.3	10.685	0.0022	1572.48	1.6772	5.1209	2637.407	0.6223	1.3957
6.331	 5	148.3	10.67	0.0025	1564.057	1.53	5.1416	2393.039	0.7076	1.8057
6.341	 5	149.3	10.891	0.0001	1195.893	0.435	4.0407	520.2113	1.3428	2.2311
6.351	 5	150.3	11.03	0.0	113.3782	0.4417	3.8972	50.0832	1.3389	2.348
6.361	 6	0.5	11.031	0.0	113.3885	1.721	3.8962	195.1451	0.5968	1.9736
6.371	 6	1.5	11.059	0.0	113.6763	1.8156	3.8682	206.3919	0.542	1.4693
6.381	 6	2.5	11.074	0.0	113.8305	1.8282	3.8533	208.1062	0.5347	1.1151
6.391	 6	3.5	11.021	0.0	113.2857	1.8322	3.9063	207.56	0.5324	0.9039
6.401	 6	4.5	10.891	0.0	111.9494	1.8518	4.0407	207.3087	0.521	0.7929
6.411	 6	5.5	10.52	0.0081	1698.418	1.9014	5.3547	3229.309	0.4922	0.7372
6.421	 6	6.5	10.428	0.0015	1709.228	1.8859	5.4915	3223.428	0.5012	0.713
6.431	 6	7.5	10.413	0.0061	1689.051	1.7054	6.4334	2880.467	0.6059	0.7001
6.441	 6	8.5	10.406	0.0163	1550.127	1.6436	7.3667	2547.749	0.6418	0.6868
6.451	 6	9.5	10.399	0.0259	1532.194	1.7991	6.4583	2756.531	0.5516	0.6693
6.461	 6	10.5	10.4	0.0133	1559.688	1.6958	7.3789	2644.938	0.6115	0.6578
6.471	 6	11.5	10.4	0.0424	1545.09	1.6691	7.3789	2578.909	0.627	0.6515
6.481	 6	12.5	10.405	0.0223	1530.597	1.6549	7.3687	2532.963	0.6352	0.6511
6.491	 6	13.5	10.41	0.0348	1531.108	1.6752	8.2784	2564.892	0.6234	0.6488
6.501	 6	14.5	10.415	0.0333	1532.519	1.6827	8.2669	2578.841	0.6191	0.6437
6.511	 6	15.5	10.425	0.0321	1534.216	1.6914	8.2441	2595.022	0.614	0.6391
6.521	 6	16.5	10.431	0.0332	1540.541	1.6964	7.316	2613.419	0.6111	0.639
6.531	 6	17.5	10.44	0.0557	1538.235	1.6828	7.2979	2588.476	0.6191	0.6459
6.541	 6	18.5	10.451	0.0464	1539.402	1.6847	8.1853	2593.468	0.6179	0.6514
6.551	 6	19.5	10.461	0.0388	1539.288	1.7112	7.2558	2634.062	0.6025	0.66
6.561	 6	20.5	10.466	0.0348	1537.761	1.7085	8.1516	2627.244	0.6041	0.6661
6.571	 6	21.5	10.48	0.024	1542.992	1.7197	8.1204	2653.445	0.5976	0.673
6.581	 6	22.5	10.475	0.0225	1551.852	1.7559	7.228	2724.949	0.5766	0.6779
6.591	 6	23.5	10.475	0.0212	1559.476	1.77	8.1315	2760.319	0.5684	0.681
6.601	 6	24.5	10.468	0.0238	1561.223	1.7794	8.1472	2777.971	0.563	0.6832
6.611	 6	25.5	10.468	0.025	1565.191	1.7574	8.1472	2750.733	0.5757	0.6865
6.621	 6	26.5	10.473	0.0341	1558.018	1.725	8.136	2687.63	0.5945	0.6857
6.631	 6	27.5	10.464	0.0146	1548.387	1.7347	7.2499	2685.92	0.5889	0.6883
6.641	 6	28.5	10.474	0.0243	1563.517	1.8038	7.23	2820.292	0.5488	0.6863
6.651	 6	29.5	10.472	0.0104	1578.773	1.8224	8.1382	2877.189	0.538	0.6806
6.661	 6	30.5	10.469	0.0229	1573.812	1.751	8.1449	2755.668	0.5795	0.6803
6.671	 6	31.5	10.468	0.0392	1554.961	1.7405	7.2419	2706.486	0.5855	0.685
6.681	 6	32.5	10.474	0.0286	1545.978	1.722	7.23	2662.101	0.5963	0.6787
6.691	 6	33.5	10.474	0.0253	1543.699	1.7027	7.23	2628.497	0.6075	0.6736
6.701	 6	34.5	10.48	0.0222	1540.27	1.6745	7.2181	2579.144	0.6239	0.6658
6.711	 6	35.5	10.486	0.0425	1535.735	1.6735	7.2062	2570.079	0.6244	0.6631
6.721	 6	36.5	10.475	0.0142	1535.473	1.6981	7.228	2607.427	0.6101	0.6723
6.731	 6	37.5	10.483	0.0265	1537.773	1.6586	7.2122	2550.594	0.633	0.684
6.741	 6	38.5	10.481	0.034	1525.175	1.6285	7.2161	2483.813	0.6505	0.6941
6.751	 6	39.5	10.482	0.0283	1525.32	1.64	7.2141	2501.563	0.6438	0.7031
6.761	 6	40.5	10.478	0.0244	1536.364	1.7268	7.2221	2652.998	0.5935	0.7087
6.771	 6	41.5	10.477	0.0189	1557.224	1.7646	7.224	2747.936	0.5716	0.72
6.781	 6	42.5	10.477	0.0199	1565.367	1.812	7.224	2836.5	0.5441	0.7274
6.791	 6	43.5	10.472	0.0069	1598.291	1.8877	8.1382	3017.087	0.5002	0.7342
6.801	 6	44.5	10.472	0.0081	1628.363	1.9074	8.1382	3105.938	0.4887	0.7477
6.811	 6	45.5	10.47	0.0043	1597.498	1.7561	8.1427	2805.374	0.5765	0.7523
6.821	 6	46.5	10.472	0.0217	1566.492	1.7386	7.234	2723.456	0.5867	0.7517
6.831	 6	47.5	10.466	0.0086	1550.289	1.7773	7.2459	2755.351	0.5642	0.7479
6.841	 6	48.5	10.472	0.0095	1570.721	1.8076	7.234	2839.309	0.5466	0.735
6.851	 6	49.5	10.476	0.0138	1575.575	1.7913	7.226	2822.403	0.5561	0.7285
6.861	 6	50.5	10.48	0.0101	1575.94	1.8035	7.2181	2842.17	0.549	0.7267
6.871	 6	51.5	10.485	0.0159	1574.088	1.77	7.2082	2786.184	0.5684	0.7302
6.881	 6	52.5	10.482	0.0134	1566.816	1.7965	7.2141	2814.841	0.5531	0.7351
6.891	 6	53.5	10.489	0.0103	1577.056	1.8128	7.2003	2858.84	0.5436	0.7302
6.901	 6	54.5	10.506	0.0085	1576.294	1.7756	7.1669	2798.927	0.5652	0.73
6.911	 6	55.5	10.516	0.0103	1574.487	1.7743	7.1473	2793.595	0.566	0.7266
6.921	 6	56.5	10.532	0.0097	1579.484	1.7866	7.1162	2821.953	0.5588	0.7257
6.931	 6	57.5	10.541	0.0071	1597.847	1.8193	7.0988	2907.0	0.5398	0.7297
6.941	 6	58.5	10.551	0.0052	1609.856	1.8351	7.0795	2954.246	0.5307	0.7315
6.951	 6	59.5	10.56	0.0049	1602.914	1.8002	7.0622	2885.619	0.5509	0.7331
6.961	 6	60.5	10.56	0.0106	1590.601	1.7751	7.9449	2823.397	0.5655	0.7352
6.971	 6	61.5	10.565	0.0086	1589.678	1.7973	7.0526	2857.112	0.5526	0.7341
6.981	 6	62.5	10.561	0.007	1592.671	1.7955	7.0603	2859.697	0.5536	0.7329
6.991	 6	63.5	10.545	0.0094	1589.539	1.7892	7.091	2844.08	0.5573	0.7319
7.001	 6	64.5	10.543	0.0103	1589.237	1.8109	7.0949	2877.874	0.5447	0.7368
7.011	 6	65.5	10.546	0.006	1607.377	1.8585	7.0891	2987.356	0.5171	0.7446
7.021	 6	66.5	10.532	0.0035	1608.43	1.7774	7.1162	2858.789	0.5642	0.7488
7.031	 6	67.5	10.525	0.0158	1577.961	1.7249	7.1298	2721.869	0.5946	0.7499
7.041	 6	68.5	10.52	0.0172	1568.043	1.7801	7.1395	2791.257	0.5626	0.7521
7.051	 6	69.5	10.523	0.0106	1584.551	1.7975	7.1337	2848.222	0.5525	0.7496
7.061	 6	70.5	10.521	0.0085	1602.589	1.8389	7.1376	2946.983	0.5285	0.7441
7.071	 6	71.5	10.51	0.0075	1611.469	1.8311	7.1591	2950.777	0.533	0.7438
7.081	 6	72.5	10.512	0.0159	1586.477	1.7825	7.1552	2827.85	0.5612	0.746
7.091	 6	73.5	10.506	0.0148	1572.755	1.7959	7.1669	2824.495	0.5534	0.7459
7.101	 6	74.5	10.504	0.0132	1580.024	1.7897	6.2745	2827.719	0.557	0.7469
7.111	 6	75.5	10.496	0.0205	1574.557	1.7746	7.1865	2794.224	0.5658	0.745
7.121	 6	76.5	10.49	0.0127	1577.918	1.7921	7.1983	2827.719	0.5557	0.7403
7.131	 6	77.5	10.486	0.0107	1589.27	1.8497	7.2062	2939.734	0.5222	0.7408
7.141	 6	78.5	10.486	0.0064	1616.464	1.8537	7.2062	2996.508	0.5199	0.7396
7.151	 6	79.5	10.476	0.0092	1616.667	1.8628	6.3228	3011.584	0.5146	0.7358
7.161	 6	80.5	10.47	0.0079	1606.321	1.8504	6.3332	2972.312	0.5218	0.7392
7.171	 6	81.5	10.465	0.0073	1611.736	1.8714	7.2479	3016.256	0.5096	0.7418
7.181	 6	82.5	10.46	0.009	1613.45	1.8554	6.3506	2993.644	0.5189	0.7384
7.191	 6	83.5	10.456	0.0071	1610.846	1.8816	6.3576	3030.957	0.5037	0.7305
7.201	 6	84.5	10.453	0.0062	1630.479	1.89	6.3628	3081.603	0.4988	0.7271
7.211	 6	85.5	10.443	0.012	1616.063	1.8501	7.2919	2989.852	0.522	0.7319
7.221	 6	86.5	10.443	0.0219	1603.901	1.8544	7.2919	2974.34	0.5195	0.7289
7.231	 6	87.5	10.448	0.0131	1603.438	1.8605	7.2818	2983.171	0.516	0.7326
7.241	 6	88.5	10.443	0.013	1601.441	1.8647	8.2033	2986.169	0.5135	0.73
7.251	 6	89.5	10.444	0.0153	1597.675	1.8488	7.2899	2953.813	0.5227	0.7369
7.261	 6	90.5	10.438	0.0188	1592.129	1.8409	7.3019	2930.892	0.5273	0.7379
7.271	 6	91.5	10.438	0.0142	1593.588	1.8546	8.2146	2955.47	0.5194	0.7342
7.281	 6	92.5	10.439	0.0124	1593.254	1.8533	8.2124	2952.83	0.5201	0.7359
7.291	 6	93.5	10.44	0.0096	1603.44	1.8927	7.2979	3034.878	0.4973	0.7372
7.301	 6	94.5	10.442	0.009	1612.913	1.886	7.2939	3041.931	0.5012	0.7353
7.311	 6	95.5	10.452	0.0156	1609.486	1.8384	7.2738	2958.874	0.5288	0.7332
7.321	 6	96.5	10.451	0.0298	1590.958	1.8454	8.1853	2935.973	0.5247	0.7299
7.331	 6	97.5	10.446	0.0098	1595.053	1.8576	7.2858	2962.893	0.5177	0.7229
7.341	 6	98.5	10.455	0.0152	1603.036	1.8325	6.3593	2937.565	0.5322	0.7108
7.351	 6	99.5	10.451	0.0258	1588.057	1.8127	6.3663	2878.638	0.5437	0.6963
7.361	 6	100.5	10.45	0.0197	1585.255	1.8423	7.2778	2920.584	0.5265	0.6869
7.371	 6	101.5	10.45	0.008	1596.151	1.8627	5.4584	2973.139	0.5147	0.6862
7.381	 6	102.5	10.456	0.0083	1624.107	1.8547	7.2658	3012.202	0.5193	0.688
7.391	 6	103.5	10.46	0.0065	1613.45	1.7787	6.3506	2869.802	0.5634	0.6961
7.401	 6	104.5	10.46	0.0106	1585.329	1.7009	6.3506	2696.45	0.6085	0.701
7.411	 6	105.5	10.46	0.0157	1576.726	1.8482	7.2578	2914.046	0.5231	0.701
7.421	 6	106.5	10.46	0.0086	1613.202	1.8129	6.3506	2924.53	0.5436	0.6996
7.431	 6	107.5	10.467	0.0176	1594.607	1.8008	7.2439	2871.64	0.5506	0.7042
7.441	 6	108.5	10.464	0.0183	1575.429	1.8104	7.2499	2852.201	0.545	0.7158
7.451	 6	109.5	10.465	0.0098	1588.012	1.8318	7.2479	2908.954	0.5326	0.7225
7.461	 6	110.5	10.466	0.0198	1595.67	1.8178	7.2459	2900.626	0.5407	0.7318
7.471	 6	111.5	10.465	0.0147	1580.1	1.8152	7.2479	2868.146	0.5422	0.7338
7.481	 6	112.5	10.47	0.015	1583.485	1.8059	7.2379	2859.609	0.5476	0.7304
7.491	 6	113.5	10.481	0.0161	1579.415	1.7816	7.2161	2813.853	0.5617	0.7262
7.501	 6	114.5	10.486	0.026	1579.217	1.8038	7.2062	2848.651	0.5488	0.7253
7.511	 6	115.5	10.496	0.0245	1582.391	1.8204	7.1865	2880.546	0.5392	0.7214
7.521	 6	116.5	10.501	0.021	1592.267	1.8302	7.1767	2914.129	0.5335	0.7186
7.531	 6	117.5	10.499	0.0084	1608.303	1.8889	6.2831	3037.845	0.4995	0.7188
7.541	 6	118.5	10.498	0.0073	1639.544	1.9012	7.1826	3117.02	0.4924	0.7189
7.551	 6	119.5	10.497	0.0114	1660.918	1.89	6.2865	3139.076	0.4989	0.7272
7.561	 6	120.5	10.497	0.0075	1655.417	1.8093	7.1846	2995.119	0.5457	0.7822
7.571	 6	121.5	10.507	0.0128	1593.66	1.7519	7.1649	2791.959	0.5789	0.7873
7.581	 6	122.5	10.512	0.0362	1563.355	1.7481	7.1552	2732.89	0.5812	0.789
7.591	 6	123.5	10.521	0.0174	1565.392	1.7566	7.1376	2749.75	0.5762	0.788
7.601	 6	124.5	10.527	0.0102	1557.709	1.7724	7.1259	2760.939	0.567	0.7831
7.611	 6	125.5	10.532	0.009	1569.364	1.7846	7.1162	2800.635	0.56	0.781
7.621	 6	126.5	10.536	0.0079	1594.431	1.8295	7.1085	2916.932	0.534	0.7802
7.631	 6	127.5	10.551	0.0039	1635.053	1.834	7.0795	2998.719	0.5313	0.7887
7.641	 6	128.5	10.552	0.0066	1623.135	1.8093	7.0776	2936.75	0.5456	0.7929
7.651	 6	129.5	10.566	0.0167	1592.224	1.7792	7.0507	2832.833	0.5631	0.7933
7.661	 6	130.5	10.565	0.0144	1594.236	1.8088	7.0526	2883.716	0.5459	0.7878
7.671	 6	131.5	10.877	0.0003	1629.757	1.8185	6.4889	2963.703	0.5403	0.7878
7.681	 6	132.5	10.926	0.0002	1620.347	1.7812	6.4062	2886.15	0.562	0.7898
7.691	 6	133.5	10.909	0.0	112.1344	1.7717	7.239	198.6739	0.5674	0.8035
7.701	 6	134.5	10.857	0.0001	1316.479	1.6849	6.5231	2218.085	0.6178	0.8277
7.711	 6	135.5	10.784	0.0017	1541.673	1.7001	6.65	2621.04	0.609	0.8819
7.721	 6	136.5	10.739	0.0003	1531.517	1.6861	6.73	2582.297	0.6171	0.983
7.731	 6	137.5	10.736	0.0003	1537.228	1.6961	6.7354	2607.352	0.6113	1.1622
7.741	 6	138.5	10.691	0.0015	1579.639	1.7567	7.669	2774.911	0.5762	1.4396
7.751	 6	139.5	10.944	0.0	112.4942	1.7506	6.3762	196.9348	0.5797	1.7413
7.761	 6	140.5	11.051	0.0	113.5941	0.9794	6.2019	111.2568	1.027	1.849
7.771	 7	0.8	11.093	0.0	114.0258	1.5353	6.1353	175.068	0.7046	1.6536
7.781	 7	1.8	11.096	0.0	114.0566	1.6297	6.1306	185.879	0.6498	1.3413
7.791	 7	2.8	11.055	0.0	113.6352	1.6995	6.9699	193.1215	0.6093	1.0826
7.801	 7	3.8	11.017	0.0	113.2446	1.7086	7.0386	193.4937	0.604	0.9317
7.811	 7	4.8	10.801	0.0	111.0243	1.7039	6.6201	189.175	0.6068	0.8437
7.821	 7	5.8	10.565	0.0016	1581.587	1.7334	7.9342	2741.519	0.5897	0.7958
7.831	 7	6.8	10.498	0.002	1554.338	1.7385	7.1826	2702.261	0.5867	0.7727
7.841	 7	7.8	10.459	0.0137	1564.547	1.6941	8.1673	2650.485	0.6125	0.7635
7.851	 7	8.8	10.414	0.0258	1541.216	1.687	8.2692	2599.968	0.6166	0.7572
7.861	 7	9.8	10.409	0.0217	1557.767	1.76	8.2806	2741.736	0.5742	0.7532
7.871	 7	10.8	10.408	0.0068	1576.253	1.8955	7.3626	2987.837	0.4956	0.7499
7.881	 7	11.8	10.406	0.0193	1588.46	1.7662	8.2875	2805.594	0.5706	0.7515
7.891	 7	12.8	10.415	0.0408	1570.89	1.8119	8.2669	2846.345	0.5441	0.7534
7.901	 7	13.8	10.421	0.0552	1589.536	1.8345	8.2532	2916.08	0.531	0.7568
7.911	 7	14.8	10.426	0.0221	1602.274	1.8983	8.2419	3041.582	0.494	0.7591
7.921	 7	15.8	10.435	0.0296	1612.828	1.8253	8.2214	2943.951	0.5363	0.7666
7.931	 7	16.8	10.44	0.0409	1597.307	1.8305	8.2101	2923.865	0.5334	0.7698
7.941	 7	17.8	10.446	0.0195	1603.623	1.8901	7.2858	3031.068	0.4988	0.775
7.951	 7	18.8	10.463	0.0117	1609.197	1.8564	7.2519	2987.244	0.5184	0.7796
7.961	 7	19.8	10.463	0.0123	1607.713	1.8927	8.1583	3042.932	0.4973	0.779
7.971	 7	20.8	10.471	0.0079	1634.306	1.8935	8.1404	3094.599	0.4968	0.7757
7.981	 7	21.8	10.476	0.0129	1629.238	1.8439	7.226	3004.143	0.5256	0.7684
7.991	 7	22.8	10.482	0.0287	1600.794	1.8242	8.1159	2920.211	0.537	0.762
8.001	 7	23.8	10.482	0.0233	1586.739	1.8285	8.1159	2901.343	0.5345	0.7595
8.011	 7	24.8	10.482	0.0253	1584.82	1.8186	7.2141	2882.093	0.5403	0.7628
8.021	 7	25.8	10.487	0.02	1583.9	1.828	7.2043	2895.334	0.5348	0.7632
8.031	 7	26.8	10.488	0.0186	1590.537	1.8367	7.2023	2921.411	0.5297	0.758
8.041	 7	27.8	10.492	0.0178	1595.984	1.8393	8.0937	2935.463	0.5283	0.7551
8.051	 7	28.8	10.487	0.0116	1600.336	1.8474	8.1048	2956.437	0.5236	0.7544
8.061	 7	29.8	10.481	0.0058	1608.749	1.8597	8.1181	2991.864	0.5164	0.7554
8.071	 7	30.8	10.476	0.01	1599.145	1.831	8.1293	2927.983	0.5331	0.7602
8.081	 7	31.8	10.481	0.011	1582.516	1.8419	8.1181	2914.886	0.5267	0.7624
8.091	 7	32.8	10.481	0.0065	1590.44	1.8362	7.2161	2920.329	0.5301	0.7612
8.101	 7	33.8	10.477	0.006	1598.078	1.8575	7.224	2968.473	0.5177	0.7627
8.111	 7	34.8	10.476	0.019	1597.926	1.8403	8.1293	2940.644	0.5277	0.764
8.121	 7	35.8	10.478	0.0167	1600.672	1.8595	8.1248	2976.522	0.5165	0.7701
8.131	 7	36.8	10.471	0.0172	1608.201	1.8793	8.1404	3022.245	0.5051	0.7775
8.141	 7	37.8	10.471	0.0147	1613.654	1.8744	8.1404	3024.69	0.5079	0.7966
8.151	 7	38.8	10.467	0.0138	1606.6	1.867	7.2439	2999.545	0.5122	0.8091
8.161	 7	39.8	10.465	0.0117	1597.222	1.8718	8.1539	2989.686	0.5094	0.8121
8.171	 7	40.8	10.467	0.0087	1594.364	1.8641	8.1494	2972.005	0.5139	0.8149
8.181	 7	41.8	10.463	0.0071	1592.542	1.8307	8.1583	2915.536	0.5332	0.8208
8.191	 7	42.8	10.463	0.0167	1594.24	1.8792	7.2519	2995.923	0.5051	0.8246
8.201	 7	43.8	10.462	0.0069	1626.049	1.8982	7.2539	3086.535	0.4941	0.8302
8.211	 7	44.8	10.468	0.0067	1657.64	1.9262	8.1472	3193.026	0.4778	0.8339
8.221	 7	45.8	10.468	0.0058	1625.214	1.7736	7.2419	2882.45	0.5664	0.831
8.231	 7	46.8	10.468	0.0255	1570.593	1.7598	8.1472	2763.899	0.5744	0.8268
8.241	 7	47.8	10.464	0.017	1567.406	1.779	9.0623	2788.438	0.5632	0.8245
8.251	 7	48.8	10.472	0.0198	1578.297	1.801	8.1382	2842.555	0.5504	0.8243
8.261	 7	49.8	10.473	0.0142	1582.263	1.8308	8.136	2896.774	0.5332	0.8297
8.271	 7	50.8	10.473	0.0132	1587.299	1.8462	8.136	2930.52	0.5242	0.8333
8.281	 7	51.8	10.475	0.0077	1605.856	1.8857	8.1315	3028.09	0.5014	0.8458
8.291	 7	52.8	10.477	0.0086	1605.671	1.8347	8.127	2945.966	0.5309	0.8446
8.301	 7	53.8	10.483	0.0064	1589.056	1.8456	8.1137	2932.688	0.5246	0.8429
8.311	 7	54.8	10.482	0.0029	1590.833	1.8654	8.1159	2967.615	0.5131	0.8451
8.321	 7	55.8	10.502	0.0058	1608.27	1.8623	8.0716	2995.02	0.5149	0.8487
8.331	 7	56.8	10.512	0.0069	1605.376	1.8532	8.9439	2975.027	0.5202	0.8528
8.341	 7	57.8	10.516	0.0076	1599.878	1.8448	8.0408	2951.495	0.525	0.852
8.351	 7	58.8	10.521	0.009	1595.299	1.8593	8.0298	2966.086	0.5167	0.8539
8.361	 7	59.8	10.525	0.0126	1595.422	1.8364	8.9123	2929.815	0.5299	0.851
8.371	 7	60.8	10.526	0.0136	1593.159	1.812	8.0188	2886.828	0.5441	0.8483
8.381	 7	61.8	10.52	0.0115	1580.054	1.7932	8.032	2833.281	0.555	0.8431
8.391	 7	62.8	10.515	0.0167	1575.281	1.7975	8.9366	2831.525	0.5525	0.8484
8.401	 7	63.8	10.515	0.0152	1576.698	1.7961	8.043	2831.885	0.5533	0.8449
8.411	 7	64.8	10.518	0.0144	1578.805	1.812	8.9293	2860.772	0.5441	0.8468
8.421	 7	65.8	10.511	0.0132	1580.126	1.8213	8.9464	2877.914	0.5387	0.8481
8.431	 7	66.8	10.506	0.009	1587.249	1.8105	8.9586	2873.775	0.5449	0.849
8.441	 7	67.8	10.504	0.011	1588.146	1.7855	8.0672	2835.703	0.5594	0.8482
8.451	 7	68.8	10.496	0.0183	1579.771	1.7921	8.9832	2831.056	0.5556	0.8526
8.461	 7	69.8	10.518	0.0201	1581.892	1.7692	8.0364	2798.69	0.5689	0.8496
8.471	 7	70.8	10.517	0.0172	1583.409	1.8051	8.0386	2858.28	0.5481	0.8383
8.481	 7	71.8	10.51	0.0192	1584.263	1.7956	7.1591	2844.629	0.5536	0.8242
8.491	 7	72.8	10.513	0.0178	1599.909	1.8435	8.0474	2949.495	0.5258	0.8074
8.501	 7	73.8	10.506	0.0159	1614.569	1.8546	8.0628	2994.362	0.5194	0.7909
8.511	 7	74.8	10.5	0.006	1622.624	1.9	7.1787	3083.031	0.493	0.7789
8.521	 7	75.8	10.496	0.0033	1665.239	1.9065	7.1865	3174.737	0.4893	0.7675
8.531	 7	76.8	10.486	0.0059	1668.682	1.8995	8.107	3169.697	0.4933	0.7636
8.541	 7	77.8	10.481	0.0091	1649.772	1.8037	8.1181	2975.615	0.5489	0.7581
8.551	 7	78.8	10.47	0.01	1636.449	1.7889	8.1427	2927.499	0.5575	0.7596
8.561	 7	79.8	10.463	0.0077	1632.293	1.7939	7.2519	2928.201	0.5546	0.7654
8.571	 7	80.8	10.458	0.0164	1606.945	1.8445	7.2618	2964.072	0.5252	0.7667
8.581	 7	81.8	10.457	0.016	1586.317	1.8541	8.1718	2941.254	0.5196	0.7694
8.591	 7	82.8	10.449	0.0119	1594.78	1.8632	8.1898	2971.455	0.5144	0.7709
8.601	 7	83.8	10.439	0.0097	1598.132	1.878	8.2124	3001.213	0.5058	0.7769
8.611	 7	84.8	10.438	0.0102	1608.816	1.883	8.2146	3029.354	0.5029	0.7883
8.621	 7	85.8	10.428	0.0089	1621.016	1.8535	8.2373	3004.507	0.52	0.7898
8.631	 7	86.8	10.429	0.0173	1598.559	1.8018	9.1501	2880.356	0.55	0.793
8.641	 7	87.8	10.422	0.0252	1585.336	1.8065	8.251	2863.958	0.5473	0.7927
8.651	 7	88.8	10.424	0.0214	1580.591	1.8038	8.2464	2850.993	0.5489	0.7939
8.661	 7	89.8	10.428	0.017	1570.718	1.7612	9.1526	2766.305	0.5736	0.7904
8.671	 7	90.8	10.43	0.0193	1563.484	1.7449	8.2328	2728.142	0.583	0.7872
8.681	 7	91.8	10.436	0.0095	1561.107	1.7429	8.2192	2720.887	0.5842	0.7843
8.691	 7	92.8	10.435	0.0103	1560.257	1.7792	8.2214	2775.996	0.5631	0.7794
8.701	 7	93.8	10.436	0.0098	1572.16	1.7695	8.2192	2782.013	0.5687	0.7734
8.711	 7	94.8	10.442	0.0147	1570.934	1.7749	8.2056	2788.324	0.5656	0.7704
8.721	 7	95.8	10.445	0.0109	1564.794	1.7526	8.1988	2742.533	0.5785	0.7692
8.731	 7	96.8	10.452	0.0099	1548.444	1.736	8.1831	2688.09	0.5882	0.768
8.741	 7	97.8	10.456	0.0197	1552.487	1.7363	8.1741	2695.6	0.588	0.7628
8.751	 7	98.8	10.457	0.0159	1551.254	1.7457	8.1718	2707.984	0.5826	0.7576
8.761	 7	99.8	10.457	0.0135	1559.117	1.753	8.1718	2733.07	0.5783	0.7527
8.771	 7	100.8	10.462	0.0093	1565.699	1.7435	8.1606	2729.83	0.5838	0.753
8.781	 7	101.8	10.462	0.0096	1565.933	1.7571	8.1606	2751.524	0.5759	0.7545
8.791	 7	102.8	10.46	0.0067	1586.772	1.8181	8.1651	2884.987	0.5405	0.7552
8.801	 7	103.8	10.456	0.0015	1588.333	1.7022	8.1741	2703.602	0.6078	0.7531
8.811	 7	104.8	10.451	0.0026	1541.9	1.6926	8.1853	2609.75	0.6134	0.7528
8.821	 7	105.8	10.44	0.007	1554.265	1.6997	8.2101	2641.785	0.6092	0.7506
8.831	 7	106.8	10.437	0.0054	1557.761	1.7104	8.2169	2664.328	0.603	0.7538
8.841	 7	107.8	10.442	0.0021	1543.761	1.6772	8.2056	2589.127	0.6223	0.7567
8.851	 7	108.8	10.438	0.0028	1536.582	1.6821	8.2146	2584.754	0.6194	0.7579
8.861	 7	109.8	10.442	0.0014	1537.623	1.7159	8.2056	2638.467	0.5998	0.7588
8.871	 7	110.8	10.434	0.0011	1566.902	1.7565	8.2237	2752.249	0.5763	0.7578
8.881	 7	111.8	10.436	0.002	1583.852	1.7961	8.2192	2844.822	0.5533	0.7603
8.891	 7	112.8	10.439	0.0028	1608.227	1.8123	8.2124	2914.604	0.5439	0.7584
8.901	 7	113.8	10.439	0.0015	1598.132	1.8099	8.2124	2892.396	0.5453	0.7591
8.911	 7	114.8	10.44	0.0017	1603.933	1.8111	8.2101	2904.86	0.5446	0.7586
8.921	 7	115.8	10.442	0.0009	1589.345	1.778	8.2056	2825.854	0.5638	0.7551
8.931	 7	116.8	10.447	0.0011	1581.202	1.7603	8.1943	2783.399	0.5741	0.7499
8.941	 7	117.8	10.452	0.0015	1577.66	1.7191	8.1831	2712.183	0.598	0.7477
8.951	 7	118.8	10.45	0.0023	1550.675	1.7022	8.1876	2639.541	0.6078	0.746
8.961	 7	119.8	10.447	0.0019	1550.92	1.6801	8.1943	2605.662	0.6206	0.7421
8.971	 7	120.8	10.451	0.0034	1559.851	1.6677	8.1853	2601.353	0.6278	0.7355
8.981	 7	121.8	10.453	0.0033	1558.753	1.6726	8.1808	2607.185	0.6249	0.7293
8.991	 7	122.8	10.452	0.005	1564.436	1.6911	8.1831	2645.675	0.6142	0.7248
9.001	 7	123.8	10.46	0.0025	1555.622	1.6553	7.2578	2574.962	0.635	0.7222
9.011	 7	124.8	10.462	0.0014	1412.638	1.6595	8.1606	2344.292	0.6325	0.7247
9.021	 7	125.8	10.462	0.0009	1549.926	1.6613	8.1606	2574.963	0.6315	0.7319
9.031	 7	126.8	10.468	0.0003	1435.743	1.6711	8.1472	2399.323	0.6258	0.7426
9.041	 7	127.8	10.473	0.0002	1418.337	1.6793	8.136	2381.839	0.621	0.752
9.051	 7	128.8	10.479	0.0003	1579.352	1.7179	8.1226	2713.177	0.5987	0.7622
9.061	 7	129.8	10.49	0.0008	1591.323	1.8165	7.1983	2890.589	0.5415	0.7803
9.071	 7	130.8	10.497	0.0002	1475.541	1.8467	8.0826	2724.9	0.5239	0.8313
9.081	 7	131.8	10.488	0.0002	1480.311	1.8688	8.1026	2766.414	0.5111	0.8606
9.091	 7	132.8	10.497	0.0004	1440.313	1.8783	8.0826	2705.397	0.5056	0.8766
9.101	 7	133.8	10.502	0.0001	1288.431	1.8408	8.0716	2371.707	0.5274	0.8828
9.111	 7	134.8	10.5	0.0	107.9303	1.8112	8.9733	195.4857	0.5445	0.8808
9.121	 7	135.8	10.515	0.0001	1505.153	1.8345	8.043	2761.263	0.531	0.8764
9.131	 7	136.8	10.522	0.0001	1288.513	1.8198	8.0276	2344.797	0.5396	0.8713
9.141	 7	137.8	10.527	0.0001	1027.425	1.8168	8.0167	1866.608	0.5413	0.8738
9.151	 7	138.8	10.526	0.0002	1496.446	1.7842	8.9098	2669.975	0.5602	0.8657
9.161	 7	139.8	10.547	0.0002	1474.28	1.7181	8.859	2532.947	0.5986	0.8549
9.171	 7	140.8	10.547	0.0001	1260.849	1.7354	8.859	2188.038	0.5885	0.8464
9.181	 7	141.8	10.705	0.0001	840.3988	1.7225	8.4893	1447.551	0.596	0.8364
9.191	 7	142.8	10.779	0.0	110.7982	1.6903	8.3236	187.2854	0.6147	0.8315
9.201	 7	143.8	10.757	0.0	110.572	1.706	8.3723	188.6372	0.6056	0.8384
9.211	 7	144.8	10.747	0.0	110.4692	1.6912	8.3947	186.8265	0.6141	0.8473
9.221	 7	145.8	10.712	0.0	110.1095	1.6993	7.6261	187.1087	0.6095	0.8772
9.231	 7	146.8	10.718	0.0	110.1711	1.7032	8.4598	187.6396	0.6072	0.934
9.241	 7	147.8	10.708	0.0	110.0684	1.691	14.4202	186.1239	0.6143	1.0571
9.251	 7	148.8	10.726	0.0	110.2534	1.6913	7.5976	186.4747	0.6141	1.3504
9.261	 7	149.8	10.916	0.0	112.2064	1.6613	7.2258	186.4044	0.6315	1.8916
9.271	 7	150.8	10.978	0.0	112.8437	1.1799	7.11	133.149	0.9107	2.3171
9.281	 8	0.8	10.984	0.0	112.9054	1.583	7.099	178.7264	0.6769	2.0399
9.291	 8	1.8	10.979	0.0	112.854	1.6605	7.1082	187.3916	0.632	1.4923
9.301	 8	2.8	10.969	0.0	112.7512	1.6935	7.9185	190.9493	0.6128	1.1452
9.311	 8	3.8	10.919	0.0	112.2372	1.6791	7.2201	188.4584	0.6212	0.9848
9.321	 8	4.8	10.809	0.0	111.1065	1.7137	8.2577	190.4033	0.6011	0.9107
9.331	 8	5.8	10.588	0.0	108.8349	1.7511	8.7609	190.585	0.5794	0.8623
9.341	 8	6.8	10.486	0.0	107.7864	1.7672	9.0078	190.476	0.5701	0.8372
9.351	 8	7.8	10.424	0.0001	983.2107	1.7876	9.1627	1757.539	0.5583	0.8175
9.361	 8	8.8	10.413	0.0002	1109.773	1.7977	9.1906	1995.028	0.5524	0.8021
9.371	 8	9.8	10.402	0.0003	1468.172	1.7569	9.2185	2579.428	0.576	0.7959
9.381	 8	10.8	10.398	0.0013	1587.723	1.7319	6.4601	2749.837	0.5905	0.7919
9.391	 8	11.8	10.402	0.0014	1450.969	1.7145	9.2185	2487.704	0.6006	0.7926
9.401	 8	12.8	10.397	0.0009	1376.539	1.7272	9.2313	2377.614	0.5932	0.7842
9.411	 8	13.8	10.396	0.0007	1225.943	1.7339	9.2339	2125.658	0.5894	0.7802
9.421	 8	14.8	10.397	0.0011	1501.589	1.7318	9.2313	2600.419	0.5906	0.7698
9.431	 8	15.8	10.392	0.0007	1452.005	1.7323	9.2441	2515.289	0.5903	0.7617
9.441	 8	16.8	10.392	0.0006	1479.92	1.6955	9.2441	2509.272	0.6116	0.7531
9.451	 8	17.8	10.394	0.0007	1397.983	1.689	9.239	2361.128	0.6155	0.7421
9.461	 8	18.8	10.396	0.0024	1480.49	1.6949	9.2339	2509.272	0.612	0.7393
9.471	 8	19.8	10.405	0.003	1487.066	1.7188	9.2109	2556.005	0.5981	0.7342
9.481	 8	20.8	10.408	0.003	1467.983	1.7084	9.2033	2507.932	0.6042	0.7271
9.491	 8	21.8	10.417	0.0017	1490.272	1.7025	9.1804	2537.191	0.6076	0.7271
9.501	 8	22.8	10.421	0.0012	1451.191	1.6915	8.2532	2454.622	0.614	0.7267
9.511	 8	23.8	10.427	0.0015	1482.161	1.6889	9.1551	2503.243	0.6155	0.727
9.521	 8	24.8	10.428	0.0026	1473.089	1.7102	9.1526	2519.332	0.6031	0.7263
9.531	 8	25.8	10.431	0.0019	1466.47	1.719	9.145	2520.912	0.598	0.7236
9.541	 8	26.8	10.433	0.0026	1460.795	1.7027	9.14	2487.355	0.6075	0.7203
9.551	 8	27.8	10.438	0.0059	1481.408	1.6797	9.1274	2488.26	0.6208	0.7144
9.561	 8	28.8	10.434	0.0049	1480.63	1.6978	9.1375	2513.864	0.6103	0.7139
9.571	 8	29.8	10.433	0.0045	1460.386	1.6914	8.226	2470.081	0.614	0.7075
9.581	 8	30.8	10.432	0.0034	1479.506	1.6916	8.2282	2502.66	0.6139	0.7026
9.591	 8	31.8	10.432	0.005	1461.064	1.6794	8.2282	2453.687	0.621	0.7021
9.601	 8	32.8	10.422	0.002	1468.922	1.6417	9.1677	2411.456	0.6429	0.7009
9.611	 8	33.8	10.42	0.0023	1475.921	1.6444	9.1728	2426.952	0.6413	0.7014
9.621	 8	34.8	10.422	0.0013	1431.397	1.6351	8.251	2340.448	0.6467	0.7025
9.631	 8	35.8	10.423	0.0021	1477.182	1.6281	8.2487	2404.996	0.6508	0.7036
9.641	 8	36.8	10.423	0.0067	1472.799	1.6079	8.2487	2368.071	0.6625	0.7148
9.651	 8	37.8	10.423	0.0051	1462.672	1.5943	8.2487	2331.947	0.6704	0.7259
9.661	 8	38.8	10.423	0.0027	1463.082	1.5966	8.2487	2335.962	0.669	0.736
9.671	 8	39.8	10.418	0.005	1565.204	1.6142	8.2601	2526.516	0.6588	0.748
9.681	 8	40.8	10.423	0.0108	1460.622	1.6457	8.2487	2403.738	0.6405	0.7564
9.691	 8	41.8	10.44	0.0062	1564.045	1.6545	9.1224	2587.685	0.6355	0.7731
9.701	 8	42.8	10.44	0.011	1451.815	1.6713	9.1224	2426.414	0.6257	0.7827
9.711	 8	43.8	10.437	0.0113	1477.91	1.697	9.1299	2508.058	0.6108	0.7916
9.721	 8	44.8	10.439	0.0111	1487.249	1.6973	8.2124	2524.361	0.6106	0.8001
9.731	 8	45.8	10.437	0.0104	1467.313	1.7126	8.2169	2512.912	0.6017	0.8089
9.741	 8	46.8	10.441	0.0052	1474.718	1.7126	9.1198	2525.569	0.6018	0.8112
9.751	 8	47.8	10.441	0.0045	1475.968	1.73	9.1198	2553.415	0.5917	0.8103
9.761	 8	48.8	10.436	0.0038	1434.304	1.7396	9.1324	2495.171	0.5861	0.8003
9.771	 8	49.8	10.437	0.0109	1485.271	1.7533	8.2169	2604.166	0.5781	0.7893
9.781	 8	50.8	10.439	0.0036	1464.712	1.7717	9.1249	2595.083	0.5674	0.7763
9.791	 8	51.8	10.428	0.0046	1452.368	1.7479	7.3221	2538.572	0.5813	0.7672
9.801	 8	52.8	10.428	0.0146	1591.332	1.7055	9.1526	2713.956	0.6059	0.7636
9.811	 8	53.8	10.428	0.0172	1450.751	1.6972	8.2373	2462.263	0.6107	0.7568
9.821	 8	54.8	10.427	0.0056	1475.24	1.6814	9.1551	2480.515	0.6198	0.7501
9.831	 8	55.8	10.435	0.0066	1502.52	1.6789	9.1349	2522.582	0.6213	0.7462
9.841	 8	56.8	10.439	0.0077	1479.87	1.661	8.2124	2458.109	0.6317	0.7466
9.851	 8	57.8	10.438	0.0034	1460.677	1.6769	9.1274	2449.365	0.6225	0.7468
9.861	 8	58.8	10.444	0.0037	1575.026	1.6756	9.1123	2639.108	0.6232	0.746
9.871	 8	59.8	10.459	0.0062	1474.137	1.6548	8.1673	2439.421	0.6353	0.7432
9.881	 8	60.8	10.451	0.0123	1468.043	1.6506	8.1853	2423.184	0.6377	0.7405
9.891	 8	61.8	10.448	0.0062	1493.425	1.6871	8.1921	2519.531	0.6165	0.7375
9.901	 8	62.8	10.443	0.0039	1492.923	1.6452	8.2033	2456.228	0.6408	0.738
9.911	 8	63.8	10.438	0.0039	1440.718	1.6442	8.2146	2368.872	0.6414	0.7442
9.921	 8	64.8	10.443	0.0074	1484.435	1.6525	8.2033	2453.017	0.6366	0.7543
9.931	 8	65.8	10.439	0.0506	1480.079	1.6693	9.1249	2470.701	0.6269	0.7674
9.941	 8	66.8	10.434	0.0154	1438.776	1.685	8.2237	2424.295	0.6178	0.7777
9.951	 8	67.8	10.435	0.0229	1494.986	1.6993	9.1349	2540.354	0.6095	0.7807
9.961	 8	68.8	10.435	0.0093	1467.238	1.7081	9.1349	2506.239	0.6043	0.7876
9.971	 8	69.8	10.43	0.0103	1418.083	1.707	9.1475	2420.727	0.605	0.7933
9.981	 8	70.8	10.428	0.0035	1480.619	1.6878	9.1526	2499.011	0.6161	0.7978
9.991	 8	71.8	10.431	0.0034	1375.577	1.6727	9.145	2300.982	0.6249	0.8005
10.001	 8	72.8	10.421	0.0034	1507.014	1.6737	9.1703	2522.33	0.6243	0.799
10.011	 8	73.8	10.416	0.0048	1372.694	1.7068	9.1829	2342.901	0.6051	0.7979
10.021	 8	74.8	10.41	0.014	1496.12	1.7017	9.1982	2546.018	0.608	0.7938
10.031	 8	75.8	10.41	0.0054	1467.23	1.7257	9.1982	2532.043	0.5941	0.7936
10.041	 8	76.8	10.417	0.0039	1497.556	1.7054	8.2624	2553.866	0.6059	0.7969
10.051	 8	77.8	10.406	0.0054	1445.278	1.7034	9.2084	2461.816	0.6071	0.8064
10.061	 8	78.8	10.406	0.0013	1470.813	1.7053	9.2084	2508.109	0.606	0.8061
10.071	 8	79.8	10.407	0.002	1431.499	1.722	9.2058	2465.087	0.5963	0.8112
10.081	 8	80.8	10.413	0.0025	1357.981	1.7239	9.1906	2341.079	0.5952	0.8138
10.091	 8	81.8	10.408	0.0026	1496.047	1.7094	9.2033	2557.306	0.6036	0.8124
10.101	 8	82.8	10.402	0.0015	1483.88	1.7345	9.2185	2573.825	0.589	0.814
10.111	 8	83.8	10.408	0.003	1489.41	1.7167	9.2033	2556.907	0.5993	0.8154
10.121	 8	84.8	10.419	0.0018	1379.087	1.7418	8.2578	2402.121	0.5848	0.8145
10.131	 8	85.8	10.43	0.0014	1458.741	1.7525	9.1475	2556.462	0.5786	0.8057
10.141	 8	86.8	10.431	0.0009	1528.8	1.7454	9.145	2668.373	0.5827	0.8012
10.151	 8	87.8	10.43	0.0007	1507.443	1.7519	9.1475	2640.814	0.579	0.7944
10.161	 8	88.8	10.43	0.0008	1501.151	1.7344	9.1475	2603.633	0.5891	0.7889
10.171	 8	89.8	10.43	0.001	1520.852	1.7269	8.2328	2626.43	0.5934	0.7855
10.181	 8	90.8	10.43	0.0019	1494.912	1.7282	9.1475	2583.572	0.5927	0.7827
10.191	 8	91.8	10.424	0.0008	1489.994	1.7033	9.1627	2537.847	0.6072	0.7785
10.201	 8	92.8	10.43	0.0008	1438.422	1.6903	8.2328	2431.376	0.6147	0.7748
10.211	 8	93.8	10.426	0.0004	1428.415	1.6735	9.1576	2390.512	0.6244	0.7667
10.221	 8	94.8	10.414	0.0003	1258.794	1.658	8.2692	2087.086	0.6334	0.7591
10.231	 8	95.8	10.408	0.0009	1395.174	1.7161	8.2829	2394.235	0.5997	0.7584
10.241	 8	96.8	10.408	0.0014	1516.317	1.6845	8.2829	2554.237	0.618	0.7536
10.251	 8	97.8	10.414	0.0011	1509.932	1.6976	8.2692	2563.293	0.6104	0.7524
10.261	 8	98.8	10.405	0.0012	1490.901	1.676	8.2898	2498.739	0.623	0.7534
10.271	 8	99.8	10.408	0.001	1489.197	1.6454	8.2829	2450.265	0.6407	0.761
10.281	 8	100.8	10.408	0.0005	1447.969	1.6119	8.2829	2334.031	0.6601	0.7665
10.291	 8	101.8	10.41	0.0011	1513.962	1.6411	8.2784	2484.632	0.6432	0.7742
10.301	 8	102.8	10.415	0.0006	1464.838	1.6673	8.2669	2442.338	0.628	0.7822
10.311	 8	103.8	10.413	0.0003	1410.02	1.6824	8.2715	2372.285	0.6192	0.8015
10.321	 8	104.8	10.418	0.0004	1398.765	1.6647	8.2601	2328.503	0.6295	0.8286
10.331	 8	105.8	10.424	0.0003	1127.284	1.6677	8.2464	1879.982	0.6278	0.8629
10.341	 8	106.8	10.436	0.0001	1141.919	1.7508	8.2192	1999.32	0.5796	0.8978
10.351	 8	107.8	10.435	0.0002	1350.809	1.8285	8.2214	2469.992	0.5345	0.9327
10.361	 8	108.8	10.441	0.0003	1472.015	1.6495	9.1198	2428.061	0.6384	0.9544
10.371	 8	109.8	10.435	0.0016	1443.891	1.6414	9.1349	2370.005	0.643	0.9549
10.381	 8	110.8	10.43	0.0014	1409.841	1.7035	9.1475	2401.73	0.607	0.9228
10.391	 8	111.8	10.439	0.0009	1313.082	1.6369	8.2124	2149.364	0.6457	0.8812
10.401	 8	112.8	10.433	0.0006	1510.059	1.6733	9.14	2526.849	0.6245	0.8497
10.411	 8	113.8	10.431	0.0022	1425.195	1.6703	9.145	2380.468	0.6263	0.8304
10.421	 8	114.8	10.433	0.001	1376.567	1.6839	9.14	2317.982	0.6184	0.8239
10.431	 8	115.8	10.431	0.0006	1117.527	1.7181	9.145	1919.99	0.5986	0.856
10.441	 8	116.8	10.431	0.0004	1422.862	1.7294	9.145	2460.664	0.592	0.8531
10.451	 8	117.8	10.438	0.0005	1381.967	1.7495	10.0401	2417.771	0.5803	0.8521
10.461	 8	118.8	10.445	0.0001	1143.905	1.745	10.0208	1996.161	0.5829	0.8531
10.471	 8	119.8	10.452	0.0001	1023.201	1.7492	9.0923	1789.737	0.5805	0.8655
10.481	 8	120.8	10.451	0.0	1016.041	1.7454	9.0948	1773.355	0.5827	0.881
10.491	 8	121.8	10.456	0.0	887.0037	1.7143	9.0823	1520.575	0.6008	0.8983
10.501	 8	122.8	10.487	0.0001	904.5975	1.7358	9.0053	1570.16	0.5883	0.9216
10.511	 8	123.8	10.493	0.0001	913.7856	1.7533	8.0915	1602.099	0.5782	0.944
10.521	 8	124.8	10.535	0.0001	929.4221	1.7516	7.9992	1627.962	0.5791	0.9679
10.531	 8	125.8	10.562	0.0001	925.6793	1.77	7.9406	1638.407	0.5685	0.9914
10.541	 8	126.8	10.796	0.0	845.3527	1.7346	7.4575	1466.333	0.589	1.0086
10.551	 8	127.8	10.808	0.0	111.0963	1.6842	7.4339	187.1087	0.6182	1.0223
10.561	 8	128.8	10.79	0.0	110.9112	1.7493	7.4694	194.0166	0.5805	1.0375
10.571	 8	129.8	10.781	0.0	110.8187	1.7654	6.6553	195.6375	0.5711	1.0736
10.581	 8	130.8	10.754	0.0	110.5412	1.6876	6.7032	186.545	0.6163	1.1471
10.591	 8	131.8	10.721	0.0	110.202	1.6496	6.7624	181.7917	0.6383	1.3017
10.601	 8	132.8	10.714	0.0	110.13	1.577	5.0813	173.674	0.6804	1.6624
10.611	 8	133.8	10.751	0.0	110.5104	1.5319	4.1929	169.2857	0.7066	2.4767
10.621	 8	134.8	10.716	0.0	110.1506	1.1094	3.3857	122.201	0.9516	3.7066
