Geotek MSCL 7.9 - TN336_JPC4-04_sec1_t2.out created at 12:46:46 on 1/20/2016.


Processing Parameters

CT	RCT=11.45	W=1.27
PWAmp	A=1	B=0
PWVel	PTO=26.74
Den1	A=8.3722E-04	B=-.10475	C=9.9854
MS1	A=1	B=0	Den=0	LD=14	
FP	MGD=2.75	WD=1.026	
RES	A=858.6318	B=-1.165855	p=0	


SB DEPTH	SECT NUM	SECT DEPTH	CT	PWAmp	PWVel	Den1	MS1	Imp	FP	RES
m		cm	cm		m/s	g/cc	SI x 10^-5			Ohm.m

0.010	 1	1.0	10.93	0.0						1.6656
0.020	 1	2.0	10.905	0.0	112.1614	3.2356	6.4414		-0.2816	1.0721
0.030	 1	3.0	10.852	0.0	111.6162	3.0027	7.3481	335.1472	-0.1466	0.767
0.040	 1	4.0	10.802	0.0	111.102	3.0776	7.4457	341.9298	-0.19	0.6133
0.050	 1	5.0	10.359	0.0001	1018.584	3.2741	9.3291	3334.963	-0.304	0.5385
0.060	 1	6.0	10.248	0.0001	1417.82	3.4181	9.6232	4846.235	-0.3875	0.4979
0.070	 1	7.0	10.247	0.0012	1533.523	3.4602	9.6259	5306.349	-0.412	0.4732
0.080	 1	8.0	10.233	0.0017	1510.406	3.4981	10.6304	5283.546	-0.4339	0.46
0.090	 1	9.0	10.235	0.0015	1520.802	3.5166	10.6244	5347.98	-0.4446	0.4535
0.100	 1	10.0	10.237	0.0057	1516.593	3.475	9.6531	5270.203	-0.4206	0.451
0.110	 1	11.0	10.231	0.0034	1510.333	3.4529	10.6364	5215.071	-0.4077	0.4505
0.120	 1	12.0	10.231	0.0017	1517.953	3.3378	9.6694	5066.647	-0.341	0.449
0.130	 1	13.0	10.231	0.0006	1397.296	3.512	9.6694	4907.307	-0.442	0.4458
0.140	 1	14.0	10.225	0.0004	1423.698	3.4863	9.6858	4963.447	-0.4271	0.445
0.150	 1	15.0	10.226	0.0008	1522.406	3.4603	9.6831	5267.911	-0.412	0.4454
0.160	 1	16.0	10.237	0.0015	1519.068	3.5398	8.6878	5377.266	-0.4581	0.4453
0.170	 1	17.0	10.231	0.002	1507.885	3.4814	9.6694	5249.518	-0.4242	0.4474
0.180	 1	18.0	10.228	0.0013	1518.183	3.433	8.7099	5211.975	-0.3962	0.451
0.190	 1	19.0	10.231	0.0005	1517.277	3.398	8.7025	5155.698	-0.3759	0.4555
0.200	 1	20.0	10.231	0.0003	1372.368	3.439	8.7025	4719.508	-0.3996	0.457
0.210	 1	21.0	10.226	0.0003	1429.61	3.4448	8.7148	4924.737	-0.403	0.4569
0.220	 1	22.0	10.231	0.0004	1524.512	3.4713	7.7355	5292.103	-0.4184	0.4564
0.230	 1	23.0	10.229	0.001	1516.081	3.4494	7.7399	5229.559	-0.4057	0.4511
0.240	 1	24.0	10.225	0.0007	1281.65	3.3946	8.7172	4350.724	-0.3739	0.4537
0.250	 1	25.0	10.236	0.0004	1260.126	3.464	7.7246	4365.016	-0.4141	0.4547
0.260	 1	26.0	10.231	0.0003	1260.596	3.4944	7.7355	4405.036	-0.4318	0.452
0.270	 1	27.0	10.231	0.0003	1252.418	3.5032	7.7355	4387.434	-0.4369	0.4503
0.280	 1	28.0	10.231	0.0002	1134.76	3.515	7.7355	3988.638	-0.4437	0.4484
0.290	 1	29.0	10.239	0.0004	1197.264	3.4931	7.7181	4182.2	-0.4311	0.446
0.300	 1	30.0	10.236	0.0002	1120.648	3.4869	7.7246	3907.581	-0.4274	0.4429
0.310	 1	31.0	10.236	0.0001	1042.256	3.5177	7.7246	3666.338	-0.4453	0.4629
0.320	 1	32.0	10.246	0.0001	1045.724	3.5113	8.6658	3671.844	-0.4416	0.4721
0.330	 1	33.0	10.241	0.0001	851.6424	3.5415	8.678	3016.085	-0.4591	0.4786
0.340	 1	34.0	10.242	0.0001	862.4841	3.452	7.7116	2977.321	-0.4072	0.4845
0.350	 1	35.0	10.246	0.0001	1013.151	3.4893	7.7029	3535.179	-0.4288	0.4882
0.360	 1	36.0	10.248	0.0001	1082.955	3.5151	7.6986	3806.649	-0.4438	0.4889
0.370	 1	37.0	10.242	0.0003	1249.634	3.4478	7.7116	4308.507	-0.4048	0.4912
0.380	 1	38.0	10.245	0.0003	1085.966	3.5206	7.7051	3823.202	-0.447	0.4959
0.390	 1	39.0	10.248	0.0001	1080.785	3.5077	7.6986	3791.017	-0.4395	0.4997
0.400	 1	40.0	10.241	0.0001	1006.091	3.5645	7.7138	3586.183	-0.4724	0.5042
0.410	 1	41.0	10.259	0.0002	1392.561	3.4704	7.6748	4832.802	-0.4179	0.5105
0.420	 1	42.0	10.264	0.0001	1020.177	3.526	7.664	3597.156	-0.4501	0.515
0.430	 1	43.0	10.264	0.0001	1089.828	3.5767	7.664	3898.009	-0.4795	0.5173
0.440	 1	44.0	10.27	0.0001	1082.762	3.5195	8.6075	3810.728	-0.4463	0.5204
0.450	 1	45.0	10.275	0.0001	1071.094	3.5404	7.6404	3792.107	-0.4585	0.5245
0.460	 1	46.0	10.275	0.0001	876.0338	3.5358	7.6404	3097.514	-0.4558	0.5267
0.470	 1	47.0	10.269	0.0001	1044.872	3.5108	8.6099	3668.377	-0.4413	0.5302
0.480	 1	48.0	10.27	0.0001	1036.013	3.4826	8.6075	3608.006	-0.4249	0.5324
0.490	 1	49.0	10.267	0.0001	1025.879	3.5265	8.6148	3617.749	-0.4504	0.5336
0.500	 1	50.0	10.268	0.0001	1020.27	3.5053	8.6124	3576.302	-0.4381	0.5361
0.510	 1	51.0	10.267	0.0001	868.0984	3.4938	8.6148	3032.975	-0.4314	0.5368
0.520	 1	52.0	10.238	0.0001	901.2324	3.541	8.6853	3191.276	-0.4588	0.5365
0.530	 1	53.0	10.257	0.0001	894.0899	3.487	8.639	3117.693	-0.4275	0.5316
0.540	 1	54.0	10.248	0.0001	877.0219	3.5165	8.6609	3084.087	-0.4446	0.5278
0.550	 1	55.0	10.242	0.0001	873.6671	3.5457	8.6756	3097.768	-0.4615	0.525
0.560	 1	56.0	10.248	0.0001	861.7558	3.5032	8.6609	3018.929	-0.4369	0.5234
0.570	 1	57.0	10.247	0.0001	1041.679	3.5319	8.6634	3679.067	-0.4535	0.5229
0.580	 1	58.0	10.248	0.0001	1049.677	3.5605	8.6609	3737.368	-0.4701	0.5175
0.590	 1	59.0	10.249	0.0001	1089.045	3.6026	8.6585	3923.359	-0.4945	0.5077
0.600	 1	60.0	10.248	0.0001	1083.756	3.4684	8.6609	3758.941	-0.4167	0.5161
0.610	 1	61.0	10.237	0.0001	1014.569	3.5338	8.6878	3585.288	-0.4546	0.5613
0.620	 1	62.0	10.248	0.0001	1038.508	3.5467	8.6609	3683.256	-0.4621	0.5677
0.630	 1	63.0	10.253	0.0001	867.4281	3.4927	8.6487	3029.694	-0.4308	0.5735
0.640	 1	64.0	10.248	0.0001	868.401	3.5406	8.6609	3074.653	-0.4586	0.5772
0.650	 1	65.0	10.26	0.0001	1018.16	3.446	9.5908	3508.553	-0.4037	0.5795
0.660	 1	66.0	10.269	0.0001	1008.148	3.5228	8.6099	3551.497	-0.4483	0.5795
0.670	 1	67.0	10.254	0.0001	1005.886	3.54	9.607	3560.874	-0.4583	0.5799
0.680	 1	68.0	10.267	0.0001	1004.894	3.5883	8.6148	3605.856	-0.4863	0.5887
0.690	 1	69.0	10.272	0.0001	1011.521	3.5692	9.5586	3610.36	-0.4752	0.5869
0.700	 1	70.0	10.272	0.0002	1413.708	3.5599	9.5586	5032.656	-0.4698	0.5863
0.710	 1	71.0	10.322	0.0006	1514.156	3.5243	9.4257	5336.318	-0.4491	0.5838
0.720	 1	72.0	10.581	0.0001	1418.555	3.5114	8.7775	4981.156	-0.4417	0.5814
0.730	 1	73.0	10.569	0.0002	1441.293	3.5573	9.6868	5127.066	-0.4683	0.5823
0.740	 1	74.0	10.575	0.0	108.7672	3.5277	8.7918	383.7014	-0.4511	0.59
0.750	 1	75.0	10.553	0.0001	1426.852	3.5367	8.8445	5046.333	-0.4563	0.6132
0.760	 1	76.0	10.529	0.0	108.2941	3.4975	8.0123	378.7542	-0.4336	0.6681
0.770	 1	77.0	10.522	0.0	108.2221	3.5327	8.0276	382.3171	-0.454	0.7818
0.780	 1	78.0	10.516	0.0003	1531.159	3.5605	7.1473	5451.637	-0.4701	1.0239
0.790	 1	79.0	10.479	0.0025	1519.797	3.5173	6.3176	5345.515	-0.445	1.4884
0.800	 1	80.0	10.464	0.0008	1507.998	2.7733	4.5312	4182.118	-0.0135	2.2121
