Geotek MSCL 7.9 - TN336_JPC27-31.out created at 4:16:17 on 1/24/2016.


Processing Parameters

CT	RCT=11.45	W=1.27
PWAmp	A=1	B=0
PWVel	PTO=26.15
Den1	A=5.9246E-04	B=-.091753	C=9.804
MS1	A=1	B=0	Den=0	LD=14	
FP	MGD=2.75	WD=1.026	
RES	A=536.0255	B=-1.092736	p=0	


SB DEPTH	SECT NUM	SECT DEPTH	CT	PWAmp	PWVel	Den1	MS1	Imp	FP	RES
m		cm	cm		m/s	g/cc	SI x 10^-5			Ohm.m

-0.638	cal sect	0.0	10.597	0.0						258.3771
-0.578	cal sect	6.0	10.451	0.0348	1484.306	1.1542	-1.819		0.9256	44.812
-0.518	cal sect	12.0	10.204	0.0976	1483.786	1.1283	-1.9487	1674.188	0.9406	45.2198
-0.458	cal sect	18.0	10.214	0.0596	1476.012	1.1391	-0.9716	1681.27	0.9344	46.1638
-0.398	cal sect	24.0	10.385	0.007	1482.724	1.1568	-1.8524	1715.255	0.9241	23.7864
-0.338	cal sect	30.0	10.702	0.019	1496.783	1.1018	-0.8496	1649.151	0.956	4.5624
-0.278	cal sect	36.0	10.566	0.0039	1511.804	1.1451	-0.8813	1731.101	0.9309	0.4796
-0.218	cal sect	42.0	10.248	0.0161	1508.834	1.1444	-0.9623	1726.73	0.9313	0.366
-0.158	cal sect	48.0	10.271	0.0631	1495.704	1.1535	-0.9561	1725.284	0.926	0.3684
-0.098	cal sect	54.0	10.508	0.0102	1502.645	1.1097	-0.8954	1667.53	0.9514	0.3896
-0.038	cal sect	60.0	10.463	0.0628	1506.334	1.1613	1.813	1749.266	0.9215	0.5931
0.002	 1	0.2	10.818	0.0	111.1991	0.9301	9.0619	103.4286	1.0556	1.5543
0.012	 1	1.2	10.838	0.0	111.4046	1.3206	10.6531	147.1206	0.8291	1.1965
0.022	 1	2.2	10.807	0.0022	1524.905	1.3667	12.3931	2084.012	0.8024	0.8906
0.032	 1	3.2	10.772	0.0034	1524.052	1.4518	13.3425	2212.628	0.753	0.722
0.042	 1	4.2	10.694	0.0005	1488.171	1.4481	12.7714	2155.086	0.7551	0.6321
0.052	 1	5.2	10.278	0.0117	1496.942	1.5115	14.3137	2262.629	0.7184	0.5816
0.062	 1	6.2	10.226	0.008	1488.501	1.4935	14.5246	2223.039	0.7288	0.5509
0.072	 1	7.2	10.215	0.0055	1486.251	1.473	13.5985	2189.224	0.7407	0.5269
0.082	 1	8.2	10.199	0.0039	1490.646	1.4933	13.6601	2225.947	0.729	0.5093
0.092	 1	9.2	10.195	0.0136	1482.478	1.482	12.6988	2197.044	0.7355	0.4985
0.102	 1	10.2	10.202	0.011	1476.838	1.4592	12.6736	2154.978	0.7487	0.4904
0.112	 1	11.2	10.188	0.0124	1474.812	1.467	13.7027	2163.529	0.7442	0.4859
0.122	 1	12.2	10.198	0.0157	1476.259	1.4359	12.688	2119.773	0.7622	0.4824
0.132	 1	13.2	10.203	0.0157	1476.342	1.4396	13.6447	2125.393	0.7601	0.4809
0.142	 1	14.2	10.193	0.0263	1478.318	1.4547	14.6607	2150.52	0.7513	0.4778
0.152	 1	15.2	10.199	0.0327	1477.902	1.4674	15.6116	2168.711	0.744	0.475
0.162	 1	16.2	10.203	0.0663	1485.153	1.4984	16.5685	2225.356	0.726	0.4733
0.172	 1	17.2	10.202	0.0669	1483.496	1.5035	19.4979	2230.444	0.723	0.4733
0.182	 1	18.2	10.203	0.0717	1486.018	1.4971	21.4416	2224.72	0.7267	0.4743
0.192	 1	19.2	10.192	0.042	1492.022	1.5331	22.4861	2287.391	0.7059	0.4757
0.202	 1	20.2	10.203	0.009	1502.43	1.5141	20.467	2274.875	0.7169	0.4778
0.212	 1	21.2	10.198	0.0182	1509.697	1.5086	17.568	2277.454	0.7201	0.4814
0.222	 1	22.2	10.197	0.0313	1492.535	1.5032	17.5729	2243.574	0.7232	0.4836
0.232	 1	23.2	10.202	0.0206	1492.611	1.527	17.5481	2279.259	0.7094	0.4843
0.242	 1	24.2	10.196	0.0514	1492.607	1.536	18.5545	2292.607	0.7042	0.4859
0.252	 1	25.2	10.207	0.0526	1492.47	1.5484	18.4968	2310.936	0.697	0.4905
0.262	 1	26.2	10.207	0.035	1492.906	1.5712	18.4968	2345.725	0.6837	0.4966
0.272	 1	27.2	10.211	0.0243	1488.267	1.5712	18.4759	2338.347	0.6838	0.502
0.282	 1	28.2	10.216	0.0535	1493.567	1.5489	18.4498	2313.446	0.6967	0.507
0.292	 1	29.2	10.221	0.067	1487.99	1.5403	18.4238	2291.96	0.7017	0.5102
0.302	 1	30.2	10.221	0.0545	1485.61	1.5547	18.4238	2309.743	0.6933	0.5148
0.312	 1	31.2	10.222	0.058	1486.404	1.5469	18.4186	2299.38	0.6978	0.524
0.322	 1	32.2	10.228	0.0553	1487.06	1.5515	18.3875	2307.158	0.6952	0.5283
0.332	 1	33.2	10.228	0.0419	1488.358	1.5956	18.3875	2374.78	0.6696	0.5346
0.342	 1	34.2	10.239	0.0568	1491.044	1.5652	18.3305	2333.824	0.6872	0.5486
0.352	 1	35.2	10.241	0.0571	1488.518	1.5575	18.3202	2318.32	0.6917	0.5666
0.362	 1	36.2	10.241	0.0463	1489.383	1.6056	18.3202	2391.28	0.6638	0.5814
0.372	 1	37.2	10.239	0.0457	1492.566	1.58	17.3658	2358.269	0.6786	0.5939
0.382	 1	38.2	10.239	0.0698	1490.61	1.5534	18.3305	2315.483	0.6941	0.6039
0.392	 1	39.2	10.24	0.0463	1489.454	1.5568	18.3254	2318.777	0.6921	0.612
0.402	 1	40.2	10.234	0.0495	1488.365	1.5654	18.3564	2329.944	0.6871	0.6181
0.412	 1	41.2	10.229	0.0437	1486.341	1.5643	19.3498	2325.032	0.6878	0.6203
0.422	 1	42.2	10.224	0.0467	1487.127	1.5829	20.3459	2353.96	0.677	0.6204
0.432	 1	43.2	10.224	0.0527	1492.119	1.5601	20.3459	2327.794	0.6902	0.6212
0.442	 1	44.2	10.224	0.0789	1488.426	1.57	21.3148	2336.865	0.6844	0.6233
0.452	 1	45.2	10.223	0.0595	1488.064	1.543	20.3517	2296.061	0.7001	0.6229
0.462	 1	46.2	10.221	0.0496	1486.907	1.5512	20.3632	2306.468	0.6954	0.6201
0.472	 1	47.2	10.218	0.0399	1483.019	1.5337	19.4099	2274.57	0.7055	0.6187
0.482	 1	48.2	10.224	0.0698	1487.344	1.5399	19.3771	2290.293	0.7019	0.6199
0.492	 1	49.2	10.238	0.0574	1484.844	1.5513	19.3007	2303.5	0.6953	0.6195
0.502	 1	50.2	10.238	0.0419	1484.629	1.5429	19.3007	2290.625	0.7002	0.6209
0.512	 1	51.2	10.242	0.0689	1486.502	1.5388	20.243	2287.385	0.7026	0.6208
0.522	 1	52.2	10.257	0.0555	1488.247	1.5433	20.1577	2296.8	0.6999	0.6218
0.532	 1	53.2	10.267	0.0802	1491.213	1.544	21.0584	2302.377	0.6996	0.6223
0.542	 1	54.2	10.284	0.0882	1492.381	1.5776	20.9582	2354.349	0.6801	0.6216
0.552	 1	55.2	10.294	0.0637	1495.569	1.5797	21.8495	2362.547	0.6788	0.6204
0.562	 1	56.2	10.304	0.078	1495.501	1.5466	21.7885	2312.912	0.698	0.6165
0.572	 1	57.2	10.306	0.0667	1494.923	1.5233	22.7231	2277.242	0.7115	0.6102
0.582	 1	58.2	10.298	0.0587	1494.847	1.5307	22.774	2288.119	0.7073	0.6052
0.592	 1	59.2	10.293	0.0536	1490.659	1.5469	22.8059	2305.852	0.6979	0.6004
0.602	 1	60.2	10.283	0.0661	1490.506	1.5329	23.8228	2284.802	0.706	0.5959
0.612	 1	61.2	10.282	0.0554	1493.174	1.5385	22.8763	2297.183	0.7028	0.5909
0.622	 1	62.2	10.278	0.0649	1494.33	1.5393	22.902	2300.26	0.7022	0.5871
0.632	 1	63.2	10.268	0.0512	1491.791	1.4887	22.9663	2220.767	0.7316	0.584
0.642	 1	64.2	10.26	0.0541	1492.581	1.4867	23.018	2219.047	0.7328	0.5834
0.652	 1	65.2	10.261	0.0582	1491.424	1.4889	22.0527	2220.578	0.7315	0.5829
0.662	 1	66.2	10.253	0.0351	1486.804	1.495	22.1023	2222.752	0.728	0.583
0.672	 1	67.2	10.251	0.017	1479.221	1.4906	22.1148	2204.94	0.7305	0.5819
0.682	 1	68.2	10.246	0.0186	1489.028	1.525	22.1459	2270.77	0.7106	0.5818
0.692	 1	69.2	10.246	0.0858	1491.195	1.5175	22.1459	2262.96	0.7149	0.5817
0.702	 1	70.2	10.235	0.0651	1487.213	1.5272	21.2488	2271.235	0.7093	0.5833
0.712	 1	71.2	10.235	0.0493	1486.565	1.5155	21.2488	2252.84	0.7161	0.586
0.722	 1	72.2	10.236	0.0505	1487.142	1.5386	21.2428	2288.102	0.7027	0.5893
0.732	 1	73.2	10.231	0.0732	1487.929	1.5243	21.2727	2268.048	0.711	0.5927
0.742	 1	74.2	10.227	0.0409	1483.249	1.5051	21.2968	2232.377	0.7221	0.5967
0.752	 1	75.2	10.229	0.0666	1489.588	1.5111	22.2522	2250.875	0.7186	0.6004
0.762	 1	76.2	10.227	0.0597	1484.972	1.5244	22.2648	2263.634	0.7109	0.6051
0.772	 1	77.2	10.223	0.0561	1488.281	1.536	22.2899	2285.931	0.7042	0.6098
0.782	 1	78.2	10.206	0.096	1490.144	1.565	22.3972	2332.107	0.6873	0.6108
0.792	 1	79.2	10.202	0.0881	1485.224	1.5375	22.4226	2283.526	0.7033	0.6071
0.802	 1	80.2	10.202	0.0784	1486.955	1.5327	21.4477	2278.985	0.7061	0.6048
0.812	 1	81.2	10.203	0.0562	1483.641	1.5379	21.4416	2281.67	0.7031	0.6015
0.822	 1	82.2	10.198	0.0512	1488.976	1.5389	21.472	2291.4	0.7025	0.5997
0.832	 1	83.2	10.186	0.1036	1486.79	1.5527	21.545	2308.512	0.6945	0.5982
0.842	 1	84.2	10.186	0.1008	1488.528	1.5459	20.5657	2301.072	0.6985	0.5991
0.852	 1	85.2	10.192	0.1085	1487.883	1.5312	21.5085	2278.251	0.707	0.5993
0.862	 1	86.2	10.181	0.0805	1485.41	1.5507	21.5756	2303.445	0.6956	0.5972
0.872	 1	87.2	10.181	0.0661	1486.928	1.5559	20.5949	2313.524	0.6926	0.5969
0.882	 1	88.2	10.189	0.0472	1483.331	1.5449	21.5267	2291.557	0.699	0.5987
0.892	 1	89.2	10.181	0.0608	1494.13	1.5562	21.5756	2325.138	0.6925	0.5999
0.902	 1	90.2	10.198	0.0636	1491.59	1.5618	20.496	2329.607	0.6892	0.602
0.912	 1	91.2	10.191	0.0446	1491.657	1.5467	21.5145	2307.208	0.6979	0.6031
0.922	 1	92.2	10.198	0.0698	1493.119	1.5555	21.472	2322.554	0.6929	0.6028
0.932	 1	93.2	10.209	0.043	1494.729	1.5687	21.4053	2344.807	0.6852	0.6015
0.942	 1	94.2	10.209	0.0514	1500.22	1.5413	21.4053	2312.296	0.7011	0.5998
0.952	 1	95.2	10.21	0.077	1500.367	1.5509	20.4265	2326.983	0.6955	0.5982
0.962	 1	96.2	10.21	0.0724	1502.133	1.58	21.3992	2373.373	0.6787	0.5975
0.972	 1	97.2	10.208	0.0859	1499.633	1.5272	20.4381	2290.237	0.7093	0.5996
0.982	 1	98.2	10.206	0.0439	1499.559	1.5456	20.4496	2317.652	0.6986	0.5996
0.992	 1	99.2	10.209	0.0651	1495.824	1.5451	20.4323	2311.2	0.6989	0.6013
1.002	 1	100.2	10.205	0.0459	1496.115	1.5473	19.4813	2314.997	0.6976	0.604
1.012	 1	101.2	10.205	0.034	1493.925	1.5627	18.5073	2334.537	0.6887	0.605
1.022	 1	102.2	10.207	0.0291	1496.189	1.566	18.4968	2342.993	0.6868	0.6067
1.032	 1	103.2	10.208	0.0358	1494.583	1.5534	18.4916	2321.735	0.6941	0.6087
1.042	 1	104.2	10.207	0.0434	1499.486	1.5514	17.5233	2326.299	0.6952	0.612
1.052	 1	105.2	10.218	0.0448	1496.485	1.5577	16.4984	2331.032	0.6916	0.6156
1.062	 1	106.2	10.214	0.0273	1492.62	1.563	16.5171	2332.915	0.6885	0.6171
1.072	 1	107.2	10.207	0.0208	1497.725	1.5632	16.5498	2341.259	0.6884	0.6193
1.082	 1	108.2	10.215	0.0441	1494.732	1.5787	15.5411	2359.686	0.6794	0.6187
1.092	 1	109.2	10.217	0.0324	1495.901	1.5639	15.5323	2339.422	0.688	0.6146
1.102	 1	110.2	10.228	0.0384	1496.197	1.5941	15.4842	2385.158	0.6704	0.6139
1.112	 1	111.2	10.228	0.0407	1495.759	1.5647	15.4842	2340.406	0.6875	0.6162
1.122	 1	112.2	10.236	0.0355	1496.491	1.5591	14.4837	2333.114	0.6908	0.6208
1.132	 1	113.2	10.253	0.0164	1498.319	1.5659	15.3755	2346.16	0.6869	0.628
1.142	 1	114.2	10.257	0.0176	1501.098	1.5559	14.3984	2335.504	0.6927	0.6386
1.152	 1	115.2	10.259	0.035	1493.522	1.5482	14.3903	2312.219	0.6971	0.638
1.162	 1	116.2	10.264	0.0285	1494.467	1.5482	14.3701	2313.779	0.6971	0.6373
1.172	 1	117.2	10.26	0.0279	1493.232	1.5615	13.4272	2331.64	0.6894	0.6663
1.182	 1	118.2	10.275	0.0207	1495.198	1.5553	13.3707	2325.535	0.693	0.6683
1.192	 1	119.2	10.267	0.0109	1491.863	1.5604	13.4008	2327.913	0.69	0.6707
1.202	 1	120.2	10.272	0.0131	1500.657	1.5577	13.382	2337.6	0.6916	0.6732
1.212	 1	121.2	10.277	0.0126	1496.36	1.5798	13.3632	2363.916	0.6788	0.6777
1.222	 1	122.2	10.285	0.0217	1501.898	1.5879	13.3333	2384.805	0.6741	0.6784
1.232	 1	123.2	10.289	0.0222	1498.325	1.5743	13.3184	2358.798	0.682	0.68
1.242	 1	124.2	10.314	0.0181	1502.403	1.568	12.2809	2355.714	0.6856	0.6805
1.252	 1	125.2	10.329	0.0149	1503.493	1.5774	13.1703	2371.662	0.6801	0.6734
1.262	 1	126.2	10.37	0.0059	1498.988	1.5531	12.0908	2328.14	0.6942	0.6692
1.272	 1	127.2	10.401	0.0001	1387.355	1.5458	11.9874	2144.53	0.6985	0.6669
1.282	 1	128.2	10.586	0.0004	1512.07	1.5279	11.3953	2310.363	0.7088	0.6695
1.292	 1	129.2	10.566	0.0003	1501.065	1.5303	10.576	2297.074	0.7075	0.6723
1.302	 1	130.2	10.581	0.0	108.7629	1.5227	10.533	165.6143	0.7119	0.6773
1.312	 1	131.2	10.568	0.0003	1517.083	1.5165	11.4511	2300.656	0.7155	0.684
1.322	 1	132.2	10.518	0.0016	1521.481	1.5441	11.6081	2349.364	0.6995	0.7032
1.332	 1	133.2	10.499	0.0013	1510.647	1.5494	11.6685	2340.605	0.6964	0.7659
1.342	 1	134.2	10.512	0.0003	1541.801	1.5222	11.6271	2346.856	0.7122	0.9581
1.352	 1	135.2	10.644	0.0048	1522.965	1.5041	11.2182	2290.651	0.7227	1.4505
1.362	 1	136.2	10.722	0.0021	1506.745	1.4712	10.986	2216.686	0.7418	2.2629
1.372	 2	0.0	10.876	0.0	111.7952	1.1277	9.7359	126.0698	0.941	2.5399
1.382	 2	1.0	10.916	0.0	112.2064	1.445	9.6344	162.1415	0.7569	1.8853
1.392	 2	2.0	10.935	0.0	112.4017	1.4382	8.7878	161.6579	0.7609	1.3104
1.402	 2	3.0	10.913	0.0	112.1756	1.4704	8.8384	164.9406	0.7422	0.9946
1.412	 2	4.0	10.856	0.0	111.5897	1.4617	8.9716	163.1149	0.7473	0.8326
1.422	 2	5.0	10.526	0.0	108.1976	1.5102	9.8008	163.4028	0.7191	0.7547
1.432	 2	6.0	10.351	0.0	106.3987	1.5215	11.2199	161.8852	0.7126	0.7137
1.442	 2	7.0	10.231	0.0003	1474.207	1.5377	11.6033	2266.918	0.7032	0.6817
1.452	 2	8.0	10.205	0.0045	1504.053	1.5309	11.6888	2302.495	0.7072	0.6546
1.462	 2	9.0	10.198	0.0309	1483.13	1.5495	10.736	2298.096	0.6964	0.6372
1.472	 2	10.0	10.198	0.0137	1485.723	1.55	10.736	2302.924	0.696	0.6311
1.482	 2	11.0	10.195	0.0141	1482.909	1.5348	11.7219	2275.939	0.7049	0.6349
1.492	 2	12.0	10.176	0.0219	1488.372	1.5422	10.8031	2295.421	0.7006	0.6394
1.502	 2	13.0	10.176	0.0306	1485.764	1.5449	10.8031	2295.425	0.699	0.6419
1.512	 2	14.0	10.176	0.02	1483.598	1.5589	11.7852	2312.734	0.6909	0.6434
1.522	 2	15.0	10.177	0.0303	1487.213	1.5527	11.7819	2309.178	0.6945	0.6451
1.532	 2	16.0	10.178	0.0516	1490.19	1.5878	11.7785	2366.104	0.6741	0.6486
1.542	 2	17.0	10.186	0.0574	1488.528	1.575	11.7518	2344.498	0.6815	0.6508
1.552	 2	18.0	10.19	0.0638	1485.423	1.5636	12.7167	2322.617	0.6882	0.6523
1.562	 2	19.0	10.195	0.0888	1488.104	1.575	11.7219	2343.835	0.6815	0.654
1.572	 2	20.0	10.203	0.0673	1485.369	1.5747	12.67	2338.936	0.6818	0.658
1.582	 2	21.0	10.216	0.0506	1486.18	1.5654	12.6236	2326.503	0.6871	0.6569
1.592	 2	22.0	10.226	0.0557	1486.986	1.5374	11.6197	2286.079	0.7034	0.6536
1.602	 2	23.0	10.23	0.0541	1483.039	1.5474	12.5738	2294.802	0.6976	0.6467
1.612	 2	24.0	10.232	0.0318	1484.62	1.5641	12.5667	2322.069	0.6879	0.6431
1.622	 2	25.0	10.241	0.0523	1481.198	1.5752	12.5349	2333.21	0.6814	0.6395
1.632	 2	26.0	10.242	0.0489	1481.985	1.551	12.5314	2298.572	0.6955	0.6361
1.642	 2	27.0	10.243	0.0473	1481.701	1.5619	12.5278	2314.197	0.6892	0.6335
1.652	 2	28.0	10.251	0.0251	1483.717	1.5709	12.4997	2330.76	0.6839	0.6304
1.662	 2	29.0	10.249	0.0214	1487.086	1.5748	11.5446	2341.905	0.6817	0.6245
1.672	 2	30.0	10.247	0.0413	1481.637	1.5824	12.5137	2344.587	0.6772	0.6227
1.682	 2	31.0	10.244	0.0419	1480.775	1.5931	12.5243	2358.99	0.6711	0.6265
1.692	 2	32.0	10.242	0.0294	1482.2	1.5765	12.5314	2336.634	0.6807	0.6276
1.702	 2	33.0	10.242	0.0273	1485.424	1.5787	12.5314	2345.047	0.6794	0.6294
1.712	 2	34.0	10.237	0.0248	1485.561	1.5865	12.549	2356.865	0.6749	0.633
1.722	 2	35.0	10.23	0.0236	1480.892	1.56	12.5738	2310.147	0.6903	0.6389
1.732	 2	36.0	10.232	0.0082	1481.61	1.5641	12.5667	2317.362	0.6879	0.646
1.742	 2	37.0	10.227	0.0089	1353.136	1.5582	12.5844	2108.49	0.6913	0.656
1.752	 2	38.0	10.227	0.0077	1484.325	1.5624	13.5525	2319.05	0.6889	0.6712
1.762	 2	39.0	10.226	0.0505	1488.718	1.5817	12.588	2354.76	0.6776	0.6861
1.772	 2	40.0	10.227	0.0412	1480.886	1.5602	12.5844	2310.408	0.6902	0.7016
1.782	 2	41.0	10.227	0.0252	1483.034	1.5629	13.5525	2317.851	0.6886	0.7144
1.792	 2	42.0	10.23	0.0218	1484.545	1.5683	13.541	2328.167	0.6855	0.7283
1.802	 2	43.0	10.225	0.0292	1480.382	1.5583	12.5916	2306.812	0.6913	0.7381
1.812	 2	44.0	10.227	0.022	1484.325	1.5763	13.5525	2339.676	0.6808	0.7436
1.822	 2	45.0	10.227	0.0153	1487.564	1.5618	13.5525	2323.288	0.6892	0.7458
1.832	 2	46.0	10.239	0.0299	1485.42	1.575	13.5067	2339.488	0.6816	0.7481
1.842	 2	47.0	10.243	0.0339	1480.202	1.5884	13.4915	2351.171	0.6738	0.7525
1.852	 2	48.0	10.244	0.0275	1482.704	1.5773	13.4877	2338.633	0.6802	0.7647
1.862	 2	49.0	10.254	0.0371	1482.22	1.576	13.4498	2336.006	0.681	0.7735
1.872	 2	50.0	10.248	0.0333	1480.925	1.5755	13.4725	2333.258	0.6812	0.779
1.882	 2	51.0	10.238	0.0396	1480.121	1.594	13.5105	2359.331	0.6705	0.7809
1.892	 2	52.0	10.233	0.0435	1480.469	1.5812	13.5296	2340.943	0.6779	0.7821
1.902	 2	53.0	10.242	0.0481	1483.918	1.5753	13.4953	2337.682	0.6814	0.78
1.912	 2	54.0	10.247	0.0393	1482.709	1.5972	13.4763	2368.133	0.6687	0.7768
1.922	 2	55.0	10.253	0.0351	1483.792	1.5869	13.4536	2354.573	0.6747	0.78
1.932	 2	56.0	10.266	0.0414	1485.458	1.5689	13.4045	2330.499	0.6851	0.7795
1.942	 2	57.0	10.277	0.0557	1487.265	1.5795	14.3177	2349.129	0.6789	0.7805
1.952	 2	58.0	10.276	0.0518	1486.905	1.5735	13.367	2339.618	0.6824	0.7814
1.962	 2	59.0	10.284	0.0436	1489.355	1.5756	14.2897	2346.652	0.6812	0.7834
1.972	 2	60.0	10.276	0.0217	1491.004	1.5811	14.3218	2357.362	0.678	0.7823
1.982	 2	61.0	10.271	0.0222	1486.181	1.5773	13.3857	2344.197	0.6802	0.7876
1.992	 2	62.0	10.266	0.0234	1485.673	1.6071	14.362	2387.627	0.6629	0.7926
2.002	 2	63.0	10.26	0.0331	1486.526	1.5779	14.3862	2345.585	0.6799	0.7949
2.012	 2	64.0	10.261	0.0353	1489.692	1.6039	14.3822	2389.252	0.6648	0.7964
2.022	 2	65.0	10.251	0.0389	1489.105	1.6008	14.4227	2383.804	0.6666	0.8036
2.032	 2	66.0	10.26	0.0324	1485.665	1.598	14.3862	2374.087	0.6682	0.8052
2.042	 2	67.0	10.249	0.0361	1486.224	1.5892	14.4308	2361.878	0.6733	0.8068
2.052	 2	68.0	10.246	0.0547	1487.083	1.5888	13.4801	2362.671	0.6736	0.807
2.062	 2	69.0	10.236	0.0593	1484.985	1.6046	14.4837	2382.822	0.6644	0.8099
2.072	 2	70.0	10.231	0.0548	1486.848	1.5994	14.5041	2378.033	0.6674	0.8146
2.082	 2	71.0	10.226	0.0544	1484.18	1.5928	14.5246	2363.935	0.6713	0.8156
2.092	 2	72.0	10.221	0.0447	1481.734	1.5828	14.5451	2345.278	0.677	0.8113
2.102	 2	73.0	10.215	0.0414	1486.467	1.5894	14.5698	2362.54	0.6732	0.8062
2.112	 2	74.0	10.211	0.0387	1485.236	1.5863	14.5863	2356.053	0.675	0.7927
2.122	 2	75.0	10.204	0.0392	1485.082	1.577	14.6151	2341.988	0.6804	0.788
2.132	 2	76.0	10.2	0.0371	1485.365	1.6011	14.6317	2378.206	0.6664	0.7853
2.142	 2	77.0	10.19	0.0388	1487.591	1.6012	14.6732	2381.982	0.6663	0.7809
2.152	 2	78.0	10.18	0.0365	1487.869	1.594	15.6958	2371.632	0.6705	0.7791
2.162	 2	79.0	10.181	0.0408	1488.886	1.6139	15.6913	2402.848	0.659	0.78
2.172	 2	80.0	10.178	0.0285	1484.972	1.5954	15.7047	2369.166	0.6697	0.7822
2.182	 2	81.0	10.176	0.0193	1488.59	1.5983	15.7136	2379.214	0.668	0.7809
2.192	 2	82.0	10.175	0.0083	1485.401	1.588	13.7533	2358.776	0.674	0.777
2.202	 2	83.0	10.176	0.0151	1490.552	1.5856	15.7136	2363.363	0.6754	0.7655
2.212	 2	84.0	10.187	0.0518	1490.199	1.5963	15.6647	2378.79	0.6692	0.7611
2.222	 2	85.0	10.187	0.0387	1486.936	1.604	15.6647	2385.037	0.6647	0.7576
2.232	 2	86.0	10.195	0.0347	1488.321	1.6016	15.6292	2383.683	0.6661	0.7562
2.242	 2	87.0	10.198	0.0424	1487.89	1.6051	15.616	2388.254	0.6641	0.7495
2.252	 2	88.0	10.199	0.0301	1488.688	1.6041	14.6358	2388.02	0.6647	0.7523
2.262	 2	89.0	10.204	0.0271	1492.467	1.5849	15.5895	2365.361	0.6758	0.7517
2.272	 2	90.0	10.21	0.0279	1490.729	1.5811	16.5358	2357.027	0.678	0.7525
2.282	 2	91.0	10.209	0.0226	1490.8	1.6031	15.5675	2389.92	0.6652	0.7547
2.292	 2	92.0	10.201	0.0097	1361.586	1.6018	16.5779	2180.978	0.666	0.7562
2.302	 2	93.0	10.21	0.0082	1264.866	1.605	17.5084	2030.061	0.6642	0.7614
2.312	 2	94.0	10.21	0.0081	1271.957	1.6024	18.4811	2038.162	0.6657	0.7652
2.322	 2	95.0	10.204	0.0065	1415.256	1.6068	19.4869	2273.987	0.6631	0.7693
2.332	 2	96.0	10.204	0.0087	1405.51	1.6166	20.4612	2272.114	0.6574	0.7877
2.342	 2	97.0	10.204	0.0088	1491.595	1.6076	23.3842	2397.93	0.6626	0.8115
2.352	 2	98.0	10.197	0.0214	1492.317	1.6255	27.3357	2425.827	0.6522	0.8385
2.362	 2	99.0	10.199	0.0198	1497.87	1.6739	33.1745	2507.252	0.6242	0.8742
2.372	 2	100.0	10.199	0.0182	1503.169	1.6575	40.0046	2491.536	0.6337	0.9022
2.382	 2	101.0	10.181	0.012	1510.758	1.7275	48.0547	2609.809	0.5931	0.9153
2.392	 2	102.0	10.189	0.0059	1565.371	1.7845	53.8168	2793.405	0.56	0.915
2.402	 2	103.0	10.203	0.0065	1751.889	2.044	54.5786	3580.908	0.4095	0.9176
2.412	 2	104.0	10.197	0.0058	1770.62	1.9561	49.79	3463.5	0.4605	0.9294
2.422	 2	105.0	10.191	0.0033	1732.869	1.6934	44.985	2934.36	0.6129	0.9396
2.432	 2	106.0	10.203	0.0076	1537.523	1.6784	39.9594	2580.606	0.6216	0.9358
2.442	 2	107.0	10.191	0.0048	1392.213	1.7885	33.2497	2490.02	0.5577	0.9104
2.452	 2	108.0	10.197	0.0101	1515.606	1.618	29.2882	2452.215	0.6566	0.8704
2.462	 2	109.0	10.208	0.0468	1497.653	1.6116	25.3043	2413.626	0.6603	0.8314
2.472	 2	110.0	10.213	0.0113	1493.784	1.6123	22.353	2408.368	0.6599	0.8043
2.482	 2	111.0	10.21	0.0179	1497.946	1.597	20.4265	2392.157	0.6688	0.783
2.492	 2	112.0	10.213	0.0136	1497.507	1.5869	20.4092	2376.321	0.6747	0.768
2.502	 2	113.0	10.199	0.0089	1499.632	1.5842	19.5144	2375.771	0.6762	0.7612
2.512	 2	114.0	10.21	0.0043	1503.239	1.5995	18.4811	2404.467	0.6673	0.7532
2.522	 2	115.0	10.198	0.0059	1502.357	1.5937	18.544	2394.332	0.6707	0.7477
2.532	 2	116.0	10.198	0.0034	1490.282	1.5858	18.544	2363.287	0.6753	0.7474
2.542	 2	117.0	10.197	0.0049	1374.259	1.557	17.5729	2139.761	0.692	0.7446
2.552	 2	118.0	10.181	0.0062	1402.728	1.5783	18.6335	2213.971	0.6796	0.7457
2.562	 2	119.0	10.192	0.0051	1498.603	1.5913	18.5755	2384.656	0.6721	0.7475
2.572	 2	120.0	10.189	0.0036	1356.183	1.5917	18.5913	2158.665	0.6719	0.7495
2.582	 2	121.0	10.187	0.0019	1361.352	1.5757	18.6018	2145.119	0.6811	0.7509
2.592	 2	122.0	10.193	0.0032	1359.61	1.5829	18.5702	2152.151	0.677	0.7496
2.602	 2	123.0	10.194	0.0036	1270.439	1.5752	19.5421	2001.198	0.6814	0.7442
2.612	 2	124.0	10.203	0.0028	1263.686	1.5783	19.4924	1994.454	0.6797	0.7377
2.622	 2	125.0	10.211	0.0019	1249.358	1.5784	19.4483	1972.043	0.6796	0.7277
2.632	 2	126.0	10.219	0.0019	1256.486	1.5722	19.4044	1975.427	0.6832	0.7261
2.642	 2	127.0	10.23	0.0017	1265.15	1.5884	20.3115	2009.625	0.6738	0.7237
2.652	 2	128.0	10.235	0.0017	1265.925	1.5692	20.2829	1986.452	0.6849	0.7208
2.662	 2	129.0	10.249	0.0012	1264.84	1.5701	20.2031	1985.906	0.6844	0.7174
2.672	 2	130.0	10.254	0.001	1263.897	1.566	20.1747	1979.245	0.6868	0.724
2.682	 2	131.0	10.268	0.0021	1259.723	1.5658	20.0955	1972.463	0.6869	0.7369
2.692	 2	132.0	10.278	0.001	1263.896	1.5385	20.9935	1944.52	0.7027	0.7506
2.702	 2	133.0	10.281	0.0005	1262.557	1.5435	20.9758	1948.745	0.6998	0.7845
2.712	 2	134.0	10.289	0.0008	1258.901	1.5502	21.8801	1951.553	0.6959	0.7916
2.722	 2	135.0	10.294	0.0012	1196.281	1.547	21.8495	1850.635	0.6978	0.7936
2.732	 2	136.0	10.31	0.0006	1133.839	1.54	21.752	1746.072	0.7019	0.7949
2.742	 2	137.0	10.319	0.0006	1262.726	1.5633	21.6974	1974.035	0.6883	0.7986
2.752	 2	138.0	10.326	0.0005	1200.977	1.5512	22.5965	1862.976	0.6954	0.7934
2.762	 2	139.0	10.332	0.0007	1200.837	1.5248	22.5588	1831.072	0.7107	0.7921
2.772	 2	140.0	10.336	0.0014	1200.325	1.5318	23.4725	1838.617	0.7066	0.792
2.782	 2	141.0	10.382	0.0016	1200.925	1.5358	23.1743	1844.35	0.7043	0.7907
2.792	 2	142.0	10.396	0.0007	1268.269	1.5367	23.0847	1948.936	0.7038	0.7868
2.802	 2	143.0	10.419	0.0003	1207.58	1.5393	23.8559	1858.8	0.7023	0.7823
2.812	 2	144.0	10.604	0.0001	1140.092	1.5286	22.6799	1742.758	0.7085	0.7827
2.822	 2	145.0	10.583	0.0	108.7835	1.5278	22.8092	166.2034	0.7089	0.7866
2.832	 2	146.0	10.543	0.0	108.3723	1.5418	23.9453	167.0928	0.7008	0.7982
2.842	 2	147.0	10.522	0.0	108.1564	1.5389	24.0828	166.4399	0.7025	0.8226
2.852	 2	148.0	10.495	0.0	107.8789	1.5486	27.8554	167.063	0.6969	0.8756
2.862	 2	149.0	10.475	0.0002	1132.065	1.548	24.3945	1752.422	0.6972	1.0327
2.872	 2	150.0	10.483	0.0013	1126.841	1.5293	24.3411	1723.32	0.708	1.5067
2.882	 2	151.0	10.67	0.0001	1137.042	1.4544	23.9939	1653.765	0.7515	2.8615
2.892	 2	152.0	10.808	0.0	111.0963	1.0041	23.9536	111.5471	1.0127	5.1583
2.902	 3	0.5	10.773	0.0	110.7365	1.1931	25.8442	132.116	0.9031	3.974
2.912	 3	1.5	10.806	0.0003	1520.259	1.5105	24.7927	2296.342	0.719	2.0379
2.922	 3	2.5	10.812	0.0009	1510.056	1.5183	31.3543	2292.735	0.7144	1.2914
2.932	 3	3.5	10.776	0.0015	1474.75	1.5465	34.9868	2280.742	0.6981	1.0084
2.942	 3	4.5	10.692	0.0001	1140.967	1.5277	38.3349	1743.043	0.709	0.8842
2.952	 3	5.5	10.278	0.0006	1490.429	1.6084	44.8497	2397.2	0.6622	0.8245
2.962	 3	6.5	10.229	0.0014	1493.721	1.6083	46.4394	2402.347	0.6622	0.8004
2.972	 3	7.5	10.22	0.0034	1483.309	1.6005	45.5876	2374.079	0.6667	0.791
2.982	 3	8.5	10.208	0.0093	1484.584	1.5871	43.7959	2356.129	0.6746	0.7902
2.992	 3	9.5	10.203	0.0154	1478.267	1.6081	44.8324	2377.162	0.6624	0.7889
3.002	 3	10.5	10.202	0.0154	1488.691	1.6318	45.82	2429.211	0.6486	0.7922
3.012	 3	11.5	10.197	0.0166	1492.972	1.6261	46.8612	2427.765	0.6519	0.7966
3.022	 3	12.5	10.191	0.0219	1497.795	1.6685	47.9188	2499.063	0.6273	0.7973
3.032	 3	13.5	10.19	0.0231	1507.396	1.7324	46.9541	2611.362	0.5903	0.7914
3.042	 3	14.5	10.196	0.0062	1518.166	1.7989	42.9682	2730.96	0.5517	0.7829
3.052	 3	15.5	10.204	0.0033	1529.376	1.6166	37.9994	2472.354	0.6574	0.7786
3.062	 3	16.5	10.207	0.0179	1500.588	1.5746	32.126	2362.812	0.6818	0.7769
3.072	 3	17.5	10.217	0.0232	1487.407	1.5876	28.1523	2361.469	0.6742	0.7716
3.082	 3	18.5	10.227	0.0286	1488.646	1.5909	24.2009	2368.283	0.6723	0.7643
3.092	 3	19.5	10.231	0.021	1490.096	1.5957	21.2727	2377.704	0.6696	0.7573
3.102	 3	20.5	10.238	0.0155	1488.947	1.583	20.2658	2356.968	0.6769	0.7512
3.112	 3	21.5	10.247	0.0152	1491.34	1.5754	18.2893	2349.48	0.6813	0.7486
3.122	 3	22.5	10.248	0.0256	1488.021	1.5708	16.3595	2337.376	0.684	0.7499
3.132	 3	23.5	10.249	0.0221	1491.631	1.6156	15.3929	2409.813	0.658	0.7523
3.142	 3	24.5	10.261	0.0301	1498.394	1.6556	15.341	2480.749	0.6348	0.7608
3.152	 3	25.5	10.257	0.027	1498.904	1.6535	14.3984	2478.504	0.636	0.7722
3.162	 3	26.5	10.261	0.0321	1508.527	1.6992	13.4234	2563.288	0.6095	0.782
3.172	 3	27.5	10.257	0.0346	1503.298	1.708	12.4786	2567.687	0.6044	0.7851
3.182	 3	28.5	10.257	0.0407	1505.725	1.7185	13.4385	2587.587	0.5983	0.7797
3.192	 3	29.5	10.257	0.0369	1502.417	1.6852	11.5187	2531.928	0.6176	0.7688
3.202	 3	30.5	10.257	0.0269	1500.878	1.6812	11.5187	2523.314	0.6199	0.7565
3.212	 3	31.5	10.257	0.026	1500.658	1.6862	11.5187	2530.357	0.6171	0.7485
3.222	 3	32.5	10.259	0.0224	1500.951	1.6611	11.5122	2493.167	0.6316	0.7374
3.232	 3	33.5	10.252	0.0322	1495.769	1.6528	10.5737	2472.28	0.6364	0.7277
3.242	 3	34.5	10.252	0.0414	1496.424	1.6356	10.5737	2447.514	0.6464	0.7239
3.252	 3	35.5	10.248	0.0443	1491.486	1.633	9.6232	2435.547	0.6479	0.723
3.262	 3	36.5	10.251	0.0382	1492.14	1.6307	11.5381	2433.266	0.6492	0.7262
3.272	 3	37.5	10.247	0.0463	1492.427	1.5966	12.5137	2382.803	0.669	0.7354
3.282	 3	38.5	10.247	0.0397	1491.34	1.6026	11.5511	2390.024	0.6655	0.7434
3.292	 3	39.5	10.245	0.0436	1491.484	1.613	12.5208	2405.759	0.6595	0.7537
3.302	 3	40.5	10.242	0.0385	1490.179	1.6298	12.5314	2428.697	0.6498	0.7609
3.312	 3	41.5	10.247	0.0461	1492.644	1.6267	13.4763	2428.024	0.6516	0.7735
3.322	 3	42.5	10.237	0.0549	1490.536	1.6233	13.5143	2419.547	0.6536	0.7846
3.332	 3	43.5	10.248	0.0705	1492.572	1.625	13.4725	2425.485	0.6525	0.7964
3.342	 3	44.5	10.257	0.0817	1494.1	1.6254	12.4786	2428.462	0.6523	0.8034
3.352	 3	45.5	10.255	0.0727	1495.552	1.6342	12.4856	2444.048	0.6472	0.8116
3.362	 3	46.5	10.252	0.0673	1492.937	1.6374	11.5349	2444.461	0.6454	0.8209
3.372	 3	47.5	10.25	0.0714	1492.429	1.6394	11.5414	2446.758	0.6442	0.829
3.382	 3	48.5	10.254	0.059	1492.359	1.6217	12.4891	2420.232	0.6544	0.8315
3.392	 3	49.5	10.259	0.0575	1491.784	1.6099	11.5122	2401.667	0.6613	0.8303
3.402	 3	50.5	10.247	0.0535	1491.123	1.6311	11.5511	2432.119	0.649	0.8259
3.412	 3	51.5	10.247	0.0382	1491.34	1.6264	11.5511	2425.467	0.6518	0.8206
3.422	 3	52.5	10.249	0.0484	1492.5	1.6299	11.5446	2432.573	0.6497	0.819
3.432	 3	53.5	10.25	0.0605	1493.298	1.6556	10.5796	2472.268	0.6348	0.8238
3.442	 3	54.5	10.26	0.0575	1494.973	1.6435	10.5499	2456.976	0.6418	0.8266
3.452	 3	55.5	10.272	0.0607	1495.196	1.6286	11.4703	2435.022	0.6505	0.8298
3.462	 3	56.5	10.284	0.0613	1497.597	1.6202	10.4791	2426.443	0.6553	0.8284
3.472	 3	57.5	10.298	0.0543	1497.673	1.6047	10.4381	2403.31	0.6643	0.8289
3.482	 3	58.5	10.298	0.0601	1494.63	1.5927	10.4381	2380.451	0.6713	0.8308
3.492	 3	59.5	10.298	0.0529	1492.896	1.5842	11.387	2364.985	0.6762	0.8338
3.502	 3	60.5	10.289	0.0654	1491.808	1.6052	10.4644	2394.703	0.664	0.8358
3.512	 3	61.5	10.288	0.0608	1495.132	1.612	10.4673	2410.205	0.6601	0.8355
3.522	 3	62.5	10.278	0.0596	1495.199	1.6303	10.4967	2437.563	0.6495	0.8404
3.532	 3	63.5	10.278	0.0944	1498.251	1.627	10.4967	2437.692	0.6514	0.8431
3.542	 3	64.5	10.276	0.1076	1497.959	1.6508	10.5026	2472.811	0.6376	0.8469
3.552	 3	65.5	10.266	0.0753	1499.562	1.6345	10.5321	2451.073	0.647	0.8506
3.562	 3	66.5	10.266	0.0885	1496.938	1.6158	11.4896	2418.722	0.6579	0.8527
3.572	 3	67.5	10.261	0.101	1493.378	1.6171	10.5469	2415.014	0.6571	0.854
3.582	 3	68.5	10.251	0.1173	1492.14	1.6054	10.5766	2395.512	0.6639	0.8467
3.592	 3	69.5	10.246	0.1166	1491.195	1.5871	10.5915	2366.673	0.6745	0.8434
3.602	 3	70.5	10.247	0.0994	1491.557	1.5989	10.5885	2384.822	0.6677	0.8359
3.612	 3	71.5	10.236	0.0995	1489.956	1.6191	10.6214	2412.329	0.656	0.8305
3.622	 3	72.5	10.222	0.0938	1487.702	1.5928	10.6634	2369.626	0.6712	0.822
3.632	 3	73.5	10.22	0.0706	1491.753	1.5894	9.6995	2371.047	0.6732	0.8157
3.642	 3	74.5	10.215	0.1016	1489.936	1.5979	10.6845	2380.747	0.6683	0.8097
3.652	 3	75.5	10.21	0.1078	1491.6	1.6032	10.6996	2391.394	0.6652	0.805
3.662	 3	76.5	10.2	0.1098	1490.574	1.5982	9.7545	2382.293	0.6681	0.8036
3.672	 3	77.5	10.195	0.0746	1495.526	1.6305	10.7451	2438.526	0.6493	0.7977
3.682	 3	78.5	10.19	0.061	1500.294	1.5992	9.7821	2399.326	0.6675	0.7961
3.692	 3	79.5	10.19	0.1186	1491.51	1.6191	9.7821	2414.886	0.656	0.7903
3.702	 3	80.5	10.181	0.1034	1489.539	1.6176	10.7878	2409.504	0.6568	0.7908
3.712	 3	81.5	10.181	0.1051	1489.321	1.6147	10.7878	2404.842	0.6585	0.7891
3.722	 3	82.5	10.192	0.0919	1490.494	1.6015	10.7542	2387.014	0.6662	0.7892
3.732	 3	83.5	10.186	0.0948	1490.271	1.609	10.7725	2397.891	0.6618	0.7935
3.742	 3	84.5	10.198	0.1281	1492.245	1.6115	10.736	2404.685	0.6604	0.7932
3.752	 3	85.5	10.203	0.1331	1492.539	1.6512	10.7208	2464.447	0.6374	0.7907
3.762	 3	86.5	10.209	0.1054	1498.239	1.6689	10.7026	2500.396	0.6271	0.7927
3.772	 3	87.5	10.219	0.1068	1500.367	1.6504	10.6724	2476.182	0.6378	0.7916
3.782	 3	88.5	10.214	0.1026	1495.242	1.5998	10.6875	2392.02	0.6672	0.7962
3.792	 3	89.5	10.214	0.1023	1491.313	1.5749	9.7159	2348.678	0.6816	0.8025
3.802	 3	90.5	10.214	0.0835	1486.538	1.5646	9.7159	2325.873	0.6876	0.8086
3.812	 3	91.5	10.214	0.0894	1487.187	1.5828	9.7159	2353.848	0.6771	0.8127
3.822	 3	92.5	10.21	0.0875	1488.555	1.6206	9.7269	2412.295	0.6551	0.8129
3.832	 3	93.5	10.209	0.0528	1498.019	1.6598	10.7026	2486.427	0.6324	0.8087
3.842	 3	94.5	10.204	0.0786	1500.147	1.6779	10.7178	2517.168	0.6218	0.8025
3.852	 3	95.5	10.2	0.058	1506.87	1.7342	10.7299	2613.22	0.5892	0.7976
3.862	 3	96.5	10.198	0.0444	1507.465	1.5889	9.76	2395.215	0.6735	0.8004
3.872	 3	97.5	10.198	0.0824	1492.9	1.6034	9.76	2393.729	0.6651	0.7996
3.882	 3	98.5	10.204	0.063	1493.997	1.5756	9.7434	2353.96	0.6812	0.7964
3.892	 3	99.5	10.197	0.0736	1488.179	1.5871	10.739	2361.862	0.6745	0.7921
3.902	 3	100.5	10.197	0.0677	1488.396	1.6154	10.739	2404.308	0.6581	0.7883
3.912	 3	101.5	10.202	0.0508	1491.52	1.6489	10.7238	2459.442	0.6387	0.7806
3.922	 3	102.5	10.203	0.0563	1496.699	1.6671	9.7462	2495.205	0.6281	0.7795
3.932	 3	103.5	10.208	0.0418	1502.06	1.6794	10.7057	2522.613	0.621	0.7771
3.942	 3	104.5	10.214	0.0578	1504.714	1.6742	9.7159	2519.139	0.624	0.7748
3.952	 3	105.5	10.217	0.0901	1495.682	1.6033	9.7077	2398.009	0.6651	0.7754
3.962	 3	106.5	10.217	0.0995	1488.274	1.6128	10.6785	2400.265	0.6596	0.7713
3.972	 3	107.5	10.223	0.0817	1487.847	1.5749	9.6913	2343.235	0.6816	0.7607
3.982	 3	108.5	10.215	0.1257	1490.371	1.6157	10.6845	2407.999	0.6579	0.7478
3.992	 3	109.5	10.219	0.0743	1488.999	1.5885	9.7022	2365.217	0.6737	0.7384
4.002	 3	110.5	10.213	0.0798	1486.392	1.5954	9.7187	2371.317	0.6698	0.7323
4.012	 3	111.5	10.208	0.0643	1486.313	1.6235	10.7057	2413.031	0.6534	0.7282
4.022	 3	112.5	10.214	0.0659	1487.187	1.5986	9.7159	2377.436	0.6679	0.7272
4.032	 3	113.5	10.218	0.0598	1491.026	1.5785	10.6755	2353.561	0.6795	0.7291
4.042	 3	114.5	10.218	0.0639	1489.939	1.5881	10.6755	2366.099	0.674	0.7325
4.052	 3	115.5	10.215	0.0739	1487.766	1.588	10.6845	2362.501	0.674	0.7356
4.062	 3	116.5	10.202	0.0605	1485.44	1.6042	10.7238	2382.96	0.6646	0.7355
4.072	 3	117.5	10.212	0.063	1491.456	1.6001	9.7214	2386.43	0.667	0.7349
4.082	 3	118.5	10.213	0.0582	1491.167	1.6033	10.6905	2390.852	0.6651	0.7367
4.092	 3	119.5	10.218	0.0557	1490.156	1.5765	10.6755	2349.268	0.6807	0.739
4.102	 3	120.5	10.223	0.0555	1488.064	1.5682	10.6604	2333.631	0.6855	0.7456
4.112	 3	121.5	10.212	0.0484	1485.382	1.6104	10.6936	2392.056	0.661	0.7443
4.122	 3	122.5	10.228	0.0286	1494.229	1.6489	11.6131	2463.883	0.6387	0.751
4.132	 3	123.5	10.238	0.0587	1498.975	1.6446	11.5805	2465.272	0.6412	0.7617
4.142	 3	124.5	10.247	0.0571	1497.661	1.6516	12.5137	2473.47	0.6371	0.7819
4.152	 3	125.5	10.252	0.089	1499.05	1.6544	11.5349	2479.953	0.6355	0.8013
4.162	 3	126.5	10.269	0.0832	1503.734	1.6948	11.4799	2548.456	0.6121	0.8183
4.172	 3	127.5	10.263	0.0634	1505.722	1.7127	12.4576	2578.894	0.6017	0.8556
4.182	 3	128.5	10.267	0.076	1509.187	1.7178	12.4436	2592.451	0.5987	0.942
4.192	 3	129.5	10.272	0.0657	1510.588	1.7253	13.382	2606.145	0.5944	0.9624
4.202	 3	130.5	10.276	0.0681	1508.293	1.7099	13.367	2579.074	0.6033	0.9688
4.212	 3	131.5	10.289	0.0521	1506.663	1.7059	14.2697	2570.177	0.6056	0.978
4.222	 3	132.5	10.293	0.0453	1503.725	1.6902	14.2537	2541.563	0.6147	0.9866
4.232	 3	133.5	10.309	0.0395	1504.964	1.6627	16.082	2502.269	0.6307	0.9894
4.242	 3	134.5	10.319	0.0507	1503.57	1.6586	17.9239	2493.884	0.633	0.9902
4.252	 3	135.5	10.329	0.0252	1512.963	1.7603	19.7554	2663.289	0.5741	0.9869
4.262	 3	136.5	10.334	0.0153	1536.197	1.7645	22.5462	2710.544	0.5717	0.9964
4.272	 3	137.5	10.334	0.012	1530.056	1.7352	25.3645	2654.907	0.5886	1.0061
4.282	 3	138.5	10.442	0.0067	1535.362	1.7328	29.1755	2660.41	0.59	1.015
4.292	 3	139.5	10.585	0.0	108.804	1.7918	32.4417	194.9563	0.5558	1.0263
4.302	 3	140.5	10.623	0.0	109.1946	1.8088	37.317	197.5117	0.5459	1.0328
4.312	 3	141.5	10.602	0.0	108.9788	1.8213	41.0205	198.4794	0.5387	1.0528
4.322	 3	142.5	10.597	0.0	108.9274	1.722	44.5718	187.5687	0.5963	1.0916
4.332	 3	143.5	10.537	0.0	108.3106	1.2919	46.1924	139.93	0.8457	1.1747
4.342	 3	144.5	10.544	0.0	108.3826	1.2121	43.4445	131.3746	0.892	1.3863
4.352	 3	145.5	10.509	0.0	108.0228	1.1866	37.5954	128.1826	0.9068	1.9659
4.362	 3	146.5	10.528	0.0018	1559.935	1.0938	30.2769	1706.219	0.9607	4.118
4.372	 3	147.5	10.507	0.0013	1528.291	0.9675	22.3904	1478.676	1.0339	18.6158
4.382	 3	148.5	10.483	0.0	107.7556	0.2821	17.1289	30.3979	1.4315	24.8845
