Geotek MSCL 7.9 - TN336_JPC42-51_MSmass.out created at 22:58:49 on 1/26/2016.


Processing Parameters

CT	RCT=11.45	W=1.27
PWAmp	A=1	B=0
PWVel	PTO=27.19
Den1	A=9.889801E-04	B=-.1104	C=10.002
MS1	A=1	B=0	Den=1	LD=14	
FP	MGD=2.75	WD=1.026	
RES	A=567.302	B=-1.103549	p=0	


SB DEPTH	SECT NUM	SECT DEPTH	CT	PWAmp	PWVel	Den1	MS1	Imp	FP	RES
m		cm	cm		m/s	g/cc	x 10^-8 (m^3/kg)			Ohm.m

-0.638	cal sect	0.0	10.627	0.0						74.8153
-0.578	cal sect	6.0	10.437	0.0176	1516.565	1.1734			0.9145	14.1146
-0.518	cal sect	12.0	10.178	0.024	1486.273	1.1832	-1.6592	1758.489	0.9088	14.8209
-0.458	cal sect	18.0	10.194	0.0218	1485.573	1.1838	-1.6508	1758.652	0.9085	13.3161
-0.398	cal sect	24.0	10.468	0.0011	1502.512	1.1866	-0.7629	1782.933	0.9068	10.6638
-0.338	cal sect	30.0	10.531	0.0158	1501.426	1.1721	-1.5182	1759.83	0.9153	4.0524
-0.278	cal sect	36.0	10.511	0.0094	1514.771	1.1862	-1.5084	1796.836	0.9071	0.4756
-0.218	cal sect	42.0	10.252	0.0058	1509.423	1.2044	-1.5963	1817.873	0.8965	0.3559
-0.158	cal sect	48.0	10.231	0.0177	1502.791	1.1931	-1.6209	1792.945	0.9031	0.3608
-0.098	cal sect	54.0	10.422	0.004	1504.765	1.1776	-0.7785	1772.004	0.9121	0.3671
-0.038	cal sect	60.0	10.448	0.0037	1519.046	1.1857	1.5354	1801.08	0.9074	0.5227
0.002	 1	0.2	10.774	0.0	110.8653	1.0243	8.9505	113.5601	1.001	1.0701
0.012	 1	1.2	10.762	0.0	110.7418	1.371	8.5382	151.8253	0.7999	0.8498
0.022	 1	2.2	10.789	0.0	111.0196	1.3839	9.5981	153.6354	0.7924	0.6384
0.032	 1	3.2	10.764	0.0005	1551.903	1.3858	10.8548	2150.582	0.7913	0.5157
0.042	 1	4.2	10.709	0.0	110.1964	1.3754	11.7145	151.566	0.7973	0.4494
0.052	 1	5.2	10.266	0.0001	1329.276	1.4471	13.8945	1923.602	0.7557	0.4122
0.062	 1	6.2	10.197	0.0013	1542.196	1.4633	14.0108	2256.67	0.7464	0.3947
0.072	 1	7.2	10.127	0.0017	1532.073	1.4787	14.8166	2265.497	0.7374	0.3851
0.082	 1	8.2	10.13	0.0069	1518.741	1.476	14.8315	2241.603	0.739	0.3805
0.092	 1	9.2	10.128	0.0078	1520.492	1.4795	14.8045	2249.562	0.737	0.3777
0.102	 1	10.2	10.134	0.0142	1521.622	1.4898	14.6769	2266.935	0.731	0.3748
0.112	 1	11.2	10.135	0.0103	1514.721	1.4869	15.3701	2252.174	0.7327	0.373
0.122	 1	12.2	10.142	0.0051	1518.946	1.48	14.7405	2248.047	0.7367	0.3728
0.132	 1	13.2	10.149	0.0108	1519.084	1.4813	15.3663	2250.232	0.7359	0.3746
0.142	 1	14.2	10.154	0.0058	1512.588	1.469	15.4728	2222.022	0.743	0.3766
0.152	 1	15.2	10.16	0.0086	1511.905	1.4848	15.282	2244.926	0.7339	0.3812
0.162	 1	16.2	10.17	0.0103	1503.548	1.4725	15.3666	2213.917	0.741	0.3855
0.172	 1	17.2	10.175	0.0063	1502.51	1.4754	14.6481	2216.859	0.7393	0.3875
0.182	 1	18.2	10.182	0.0097	1497.353	1.5026	15.0071	2249.947	0.7235	0.3893
0.192	 1	19.2	10.179	0.0087	1496.472	1.4964	14.4265	2239.323	0.7271	0.3889
0.202	 1	20.2	10.19	0.0066	1504.281	1.4922	15.0778	2244.669	0.7296	0.3876
0.212	 1	21.2	10.19	0.0053	1504.059	1.501	14.9896	2257.532	0.7245	0.3868
0.222	 1	22.2	10.195	0.0087	1499.485	1.4689	15.2956	2202.521	0.7431	0.3852
0.232	 1	23.2	10.2	0.0067	1501.104	1.4813	15.1452	2223.647	0.7359	0.3853
0.242	 1	24.2	10.205	0.0052	1506.051	1.4978	14.9576	2255.767	0.7263	0.3845
0.252	 1	25.2	10.21	0.0063	1500.367	1.5102	15.4577	2265.892	0.7191	0.3828
0.262	 1	26.2	10.215	0.0049	1492.984	1.5049	15.4903	2246.825	0.7222	0.3843
0.272	 1	27.2	10.219	0.0062	1500.808	1.4917	15.6097	2238.793	0.7299	0.3868
0.282	 1	28.2	10.22	0.0072	1497.875	1.5001	15.5179	2246.998	0.725	0.3926
0.292	 1	29.2	10.224	0.003	1493.645	1.5096	16.0449	2254.808	0.7195	0.4004
0.302	 1	30.2	10.225	0.0018	1505.891	1.5013	16.1291	2260.792	0.7243	0.4082
0.312	 1	31.2	10.225	0.0012	1491.612	1.5206	15.9243	2268.146	0.7131	0.4173
0.322	 1	32.2	10.225	0.0017	1504.34	1.5228	17.1734	2290.804	0.7118	0.4175
0.332	 1	33.2	10.221	0.0056	1496.048	1.5325	17.0842	2292.666	0.7062	0.4189
0.342	 1	34.2	10.215	0.0054	1492.548	1.5359	16.4431	2292.337	0.7043	0.4243
0.352	 1	35.2	10.213	0.0067	1492.474	1.5023	17.4663	2242.211	0.7237	0.4343
0.362	 1	36.2	10.218	0.0051	1496.266	1.498	17.4918	2241.459	0.7262	0.4454
0.372	 1	37.2	10.215	0.0034	1497.801	1.5059	17.4155	2255.509	0.7216	0.4591
0.382	 1	38.2	10.215	0.0035	1493.858	1.5226	17.8624	2274.514	0.712	0.4697
0.392	 1	39.2	10.211	0.005	1498.972	1.5038	18.1055	2254.208	0.7228	0.4784
0.402	 1	40.2	10.211	0.0068	1497.214	1.5281	18.4547	2287.85	0.7088	0.4836
0.412	 1	41.2	10.206	0.0052	1500.22	1.5335	19.0504	2300.586	0.7056	0.4841
0.422	 1	42.2	10.205	0.0049	1502.724	1.5356	19.0294	2307.623	0.7044	0.4797
0.432	 1	43.2	10.201	0.0066	1495.967	1.5429	19.5927	2308.18	0.7002	0.4745
0.442	 1	44.2	10.2	0.0067	1490.357	1.5443	20.2121	2301.608	0.6993	0.4717
0.452	 1	45.2	10.2	0.0052	1489.051	1.5346	20.3397	2285.169	0.705	0.47
0.462	 1	46.2	10.195	0.0059	1486.802	1.5509	20.1557	2305.811	0.6956	0.4689
0.472	 1	47.2	10.195	0.0059	1487.236	1.5526	20.1328	2309.102	0.6945	0.4683
0.482	 1	48.2	10.195	0.0054	1490.061	1.5671	20.5704	2335.037	0.6862	0.4666
0.492	 1	49.2	10.211	0.0055	1491.092	1.553	20.6637	2315.592	0.6943	0.4673
0.502	 1	50.2	10.216	0.0043	1490.516	1.5487	20.0646	2308.316	0.6968	0.4688
0.512	 1	51.2	10.219	0.0048	1489.65	1.537	20.2	2289.574	0.7036	0.4743
0.522	 1	52.2	10.216	0.0046	1488.562	1.5384	20.8293	2290.051	0.7028	0.4799
0.532	 1	53.2	10.231	0.0042	1492.052	1.5158	21.0507	2261.68	0.7159	0.4859
0.542	 1	54.2	10.233	0.0028	1497.366	1.4502	21.991	2171.461	0.754	0.49
0.552	 1	55.2	10.243	0.001	1497.734	1.4673	22.9877	2197.555	0.7441	0.4903
0.562	 1	56.2	10.247	0.002	1497.443	1.5485	22.3787	2318.789	0.6969	0.4836
0.572	 1	57.2	10.247	0.0039	1491.123	1.5363	23.1836	2290.748	0.704	0.4842
0.582	 1	58.2	10.252	0.0028	1494.025	1.5573	24.072	2326.713	0.6918	0.4859
0.592	 1	59.2	10.252	0.0023	1497.736	1.5498	24.8101	2321.127	0.6962	0.4892
0.602	 1	60.2	10.246	0.003	1495.33	1.5512	25.4502	2319.51	0.6954	0.4932
0.612	 1	61.2	10.247	0.0017	1493.514	1.5599	26.535	2329.711	0.6903	0.497
0.622	 1	62.2	10.247	0.0029	1497.443	1.5579	27.8055	2332.792	0.6915	0.4991
0.632	 1	63.2	10.242	0.0034	1499.561	1.5691	28.2595	2352.945	0.685	0.5
0.642	 1	64.2	10.237	0.0024	1496.2	1.5959	28.4284	2387.821	0.6694	0.5014
0.652	 1	65.2	10.232	0.0024	1493.723	1.5949	29.0937	2382.27	0.67	0.5033
0.662	 1	66.2	10.227	0.0039	1499.56	1.5642	30.3243	2345.63	0.6878	0.5051
0.672	 1	67.2	10.226	0.0038	1495.685	1.5827	30.5908	2367.188	0.6771	0.5056
0.682	 1	68.2	10.225	0.0031	1499.047	1.5983	31.5118	2395.966	0.668	0.5081
0.692	 1	69.2	10.222	0.0042	1493.135	1.5578	32.9802	2326.079	0.6915	0.5127
0.702	 1	70.2	10.219	0.0039	1490.954	1.6102	33.1403	2400.719	0.6611	0.5184
0.712	 1	71.2	10.214	0.0033	1491.313	1.5825	34.9968	2359.933	0.6772	0.5207
0.722	 1	72.2	10.209	0.0044	1490.8	1.5843	35.6202	2361.83	0.6762	0.5217
0.732	 1	73.2	10.208	0.0039	1489.567	1.6165	36.1241	2407.88	0.6575	0.5189
0.742	 1	74.2	10.184	0.0032	1495.009	1.6072	38.4108	2402.713	0.6629	0.5162
0.752	 1	75.2	10.18	0.004	1492.45	1.6057	40.3231	2396.363	0.6638	0.515
0.762	 1	76.2	10.179	0.0036	1491.866	1.609	42.6899	2400.432	0.6618	0.5133
0.772	 1	77.2	10.179	0.0019	1503.545	1.641	43.0525	2467.385	0.6432	0.512
0.782	 1	78.2	10.178	0.003	1504.509	1.6437	45.3839	2472.953	0.6417	0.5147
0.792	 1	79.2	10.173	0.0019	1501.107	1.6635	46.0884	2497.126	0.6302	0.5191
0.802	 1	80.2	10.178	0.0011	1499.853	1.6667	48.2919	2499.756	0.6284	0.5247
0.812	 1	81.2	10.177	0.0016	1506.142	1.6612	50.2384	2501.968	0.6316	0.5341
0.822	 1	82.2	10.175	0.0017	1503.843	1.6609	52.0485	2497.792	0.6317	0.5427
0.832	 1	83.2	10.175	0.002	1506.515	1.676	52.7533	2524.907	0.623	0.5499
0.842	 1	84.2	10.18	0.0021	1502.583	1.6835	54.1916	2529.603	0.6186	0.5516
0.852	 1	85.2	10.185	0.0024	1503.099	1.7096	53.2892	2569.682	0.6035	0.5537
0.862	 1	86.2	10.19	0.0026	1500.957	1.6935	54.2984	2541.802	0.6128	0.5557
0.872	 1	87.2	10.187	0.0022	1495.449	1.6775	54.8628	2508.549	0.6221	0.5607
0.882	 1	88.2	10.196	0.0017	1499.191	1.668	55.034	2500.622	0.6276	0.5623
0.892	 1	89.2	10.21	0.0022	1501.912	1.6541	54.6878	2484.348	0.6357	0.5627
0.902	 1	90.2	10.216	0.0017	1501.028	1.6546	55.1678	2483.533	0.6354	0.5648
0.912	 1	91.2	10.227	0.0018	1498.681	1.6556	54.9626	2481.191	0.6348	0.5703
0.922	 1	92.2	10.237	0.0014	1497.732	1.6886	54.88	2529.053	0.6157	0.5772
0.932	 1	93.2	10.246	0.0013	1510.541	1.7065	53.6018	2577.761	0.6053	0.6118
0.942	 1	94.2	10.252	0.0021	1511.648	1.649	54.2111	2492.745	0.6386	0.6207
0.952	 1	95.2	10.268	0.0015	1503.147	1.6257	54.1527	2443.708	0.6521	0.6161
0.962	 1	96.2	10.272	0.001	1495.85	1.5934	53.99	2383.469	0.6709	0.6132
0.972	 1	97.2	10.285	0.001	1503.655	1.6488	51.9867	2479.178	0.6388	0.6112
0.982	 1	98.2	10.292	0.0006	1506.661	1.6845	51.9126	2537.977	0.618	0.6124
0.992	 1	99.2	10.302	0.001	1512.109	1.6826	52.3902	2544.242	0.6192	0.6135
1.002	 1	100.2	10.307	0.0014	1504.452	1.6605	53.0132	2498.115	0.632	0.6184
1.012	 1	101.2	10.326	0.0019	1504.152	1.6714	52.9503	2514.096	0.6256	0.6177
1.022	 1	102.2	10.343	0.0014	1508.166	1.6567	53.1692	2498.56	0.6342	0.6153
1.032	 1	103.2	10.353	0.0009	1516.923	1.6737	52.4822	2538.89	0.6243	0.6098
1.042	 1	104.2	10.492	0.0023	1527.442	1.6674	50.699	2546.818	0.628	0.6047
1.052	 1	105.2	10.524	0.0018	1536.126	1.6609	50.9914	2551.287	0.6318	0.6021
1.062	 1	106.2	10.509	0.0	108.1384	1.6882	50.3726	182.5554	0.6159	0.6058
1.072	 1	107.2	10.504	0.0001	1524.307	1.6991	50.1158	2590.005	0.6095	0.62
1.082	 1	108.2	10.482	0.0002	1489.767	1.6883	51.2748	2515.246	0.6158	0.6484
1.092	 1	109.2	10.449	0.0001	1493.995	1.6982	50.9069	2537.038	0.6101	0.706
1.102	 1	110.2	10.443	0.0011	1520.309	1.6872	50.7809	2565.121	0.6165	0.8354
1.112	 1	111.2	10.402	0.0033	1517.654	1.6661	52.0098	2528.585	0.6287	1.099
1.122	 1	112.2	10.655	0.0031	1542.415	1.6313	49.5765	2516.213	0.6489	1.4626
1.132	 1	113.2	10.815	0.0	111.2872	1.1165	68.6754	124.25	0.9475	1.6076
1.142	 2	0.7	10.8	0.0	111.1328	1.6184	47.0534	179.8589	0.6564	1.383
1.152	 2	1.7	10.806	0.0001	1450.081	1.634	46.0251	2369.42	0.6473	1.0568
1.162	 2	2.7	10.747	0.0001	1406.859	1.6389	46.0981	2305.753	0.6445	0.8371
1.172	 2	3.7	10.686	0.0	109.9598	1.5986	47.5046	175.7791	0.6679	0.7167
1.182	 2	4.7	10.45	0.0001	1415.222	1.5931	51.393	2254.626	0.671	0.6478
1.192	 2	5.7	10.208	0.0004	1504.939	1.6339	54.8	2458.933	0.6474	0.6113
1.202	 2	6.7	10.133	0.0009	1520.102	1.6647	56.7348	2530.539	0.6295	0.5926
1.212	 2	7.7	10.125	0.0023	1505.576	1.6889	57.8207	2542.741	0.6155	0.583
1.222	 2	8.7	10.125	0.0023	1511.42	1.7026	59.6971	2573.29	0.6076	0.5794
1.232	 2	9.7	10.125	0.0023	1515.038	1.7709	57.9568	2682.955	0.5679	0.577
1.242	 2	10.7	10.125	0.0015	1536.652	1.8006	55.894	2766.872	0.5507	0.5765
1.252	 2	11.7	10.125	0.0017	1538.286	1.7248	56.0387	2653.247	0.5947	0.5762
1.262	 2	12.7	10.125	0.0063	1523.015	1.7482	51.2993	2662.513	0.5811	0.5766
1.272	 2	13.7	10.125	0.0031	1512.549	1.6579	49.2853	2507.625	0.6335	0.576
1.282	 2	14.7	10.128	0.0036	1503.563	1.6405	45.5175	2466.551	0.6436	0.5709
1.292	 2	15.7	10.126	0.0031	1495.937	1.6215	43.6197	2425.615	0.6546	0.5685
1.302	 2	16.7	10.13	0.0045	1491.461	1.6019	42.8601	2389.159	0.666	0.5663
1.312	 2	17.7	10.135	0.0046	1495.279	1.5953	43.5984	2385.437	0.6698	0.5646
1.322	 2	18.7	10.14	0.0051	1494.693	1.6667	43.4583	2491.165	0.6284	0.5658
1.332	 2	19.7	10.145	0.0035	1497.417	1.6549	45.5015	2478.062	0.6352	0.5629
1.342	 2	20.7	10.155	0.0026	1509.364	1.6485	46.746	2488.229	0.6389	0.5609
1.352	 2	21.7	10.155	0.0043	1514.993	1.6696	46.748	2529.418	0.6267	0.5645
1.362	 2	22.7	10.16	0.0032	1507.195	1.6802	46.9744	2532.371	0.6205	0.5717
1.372	 2	23.7	10.165	0.004	1503.921	1.7325	46.0608	2605.498	0.5902	0.5773
1.382	 2	24.7	10.171	0.0067	1509.946	1.6993	47.46	2565.78	0.6095	0.5834
1.392	 2	25.7	10.176	0.0087	1503.99	1.6856	48.359	2535.14	0.6174	0.5849
1.402	 2	26.7	10.179	0.0079	1502.657	1.7017	49.0133	2557.121	0.608	0.5867
1.412	 2	27.7	10.176	0.0071	1504.435	1.715	50.3944	2580.06	0.6004	0.5895
1.422	 2	28.7	10.176	0.0064	1507.332	1.7336	51.5514	2613.16	0.5895	0.5934
1.432	 2	29.7	10.176	0.0048	1512.935	1.7548	52.6075	2654.952	0.5772	0.5969
1.442	 2	30.7	10.176	0.0052	1519.033	1.7533	54.3345	2663.294	0.5781	0.6031
1.452	 2	31.7	10.176	0.0051	1519.486	1.7576	55.3175	2670.703	0.5756	0.6095
1.462	 2	32.7	10.176	0.0053	1518.579	1.7642	56.7817	2679.079	0.5718	0.6158
1.472	 2	33.7	10.176	0.0049	1521.531	1.7951	56.898	2731.325	0.5539	0.6224
1.482	 2	34.7	10.176	0.0034	1524.723	1.7842	57.7976	2720.361	0.5602	0.6292
1.492	 2	35.7	10.176	0.0024	1530.916	1.7919	58.6449	2743.223	0.5558	0.6406
1.502	 2	36.7	10.171	0.0048	1529.014	1.7905	58.7733	2737.708	0.5566	0.6554
1.512	 2	37.7	10.17	0.0042	1528.174	1.8251	58.2142	2789.093	0.5365	0.6694
1.522	 2	38.7	10.165	0.0022	1537.821	1.8307	58.1191	2815.287	0.5332	0.6786
1.532	 2	39.7	10.164	0.0038	1536.043	1.7989	58.6168	2763.124	0.5517	0.6859
1.542	 2	40.7	10.166	0.0037	1528.722	1.805	57.8379	2759.373	0.5481	0.6897
1.552	 2	41.7	10.161	0.0045	1533.273	1.8171	56.4498	2786.096	0.5411	0.6926
1.562	 2	42.7	10.155	0.0032	1537.704	1.8112	56.1834	2785.148	0.5445	0.6933
1.572	 2	43.7	10.156	0.0041	1535.299	1.8193	54.8324	2793.184	0.5398	0.6898
1.582	 2	44.7	10.153	0.0032	1530.911	1.7924	55.1519	2743.99	0.5555	0.6828
1.592	 2	45.7	10.156	0.004	1528.597	1.7948	53.381	2743.473	0.5541	0.6788
1.602	 2	46.7	10.156	0.0043	1527.218	1.7806	53.2495	2719.438	0.5623	0.6712
1.612	 2	47.7	10.156	0.0042	1527.448	1.7854	52.0003	2727.163	0.5595	0.6656
1.622	 2	48.7	10.156	0.0052	1525.383	1.815	50.6088	2768.587	0.5423	0.6589
1.632	 2	49.7	10.165	0.0035	1524.674	1.7893	50.6541	2728.112	0.5572	0.6525
1.642	 2	50.7	10.18	0.0031	1524.409	1.7739	50.3237	2704.165	0.5662	0.6485
1.652	 2	51.7	10.177	0.0029	1522.136	1.76	50.7658	2678.895	0.5743	0.6462
1.662	 2	52.7	10.174	0.0031	1518.507	1.7413	50.7893	2644.172	0.5851	0.6446
1.672	 2	53.7	10.172	0.0024	1517.982	1.7693	50.0138	2685.763	0.5689	0.6408
1.682	 2	54.7	10.176	0.0026	1517.447	1.7579	50.8384	2667.592	0.5754	0.6399
1.692	 2	55.7	10.176	0.002	1526.553	1.7721	49.8788	2705.166	0.5672	0.6394
1.702	 2	56.7	10.175	0.0018	1522.52	1.7843	49.55	2716.697	0.5601	0.6412
1.712	 2	57.7	10.175	0.0016	1525.487	1.7869	48.9291	2725.906	0.5586	0.642
1.722	 2	58.7	10.17	0.0029	1522.911	1.7814	48.5983	2712.887	0.5618	0.6448
1.732	 2	59.7	10.17	0.0039	1516.779	1.7649	49.0514	2677.005	0.5714	0.6472
1.742	 2	60.7	10.168	0.0043	1516.254	1.7439	49.6722	2644.132	0.5836	0.6498
1.752	 2	61.7	10.165	0.0043	1511.974	1.7481	49.5949	2643.028	0.5812	0.6522
1.762	 2	62.7	10.164	0.003	1510.253	1.7381	49.8929	2624.995	0.5869	0.6527
1.772	 2	63.7	10.164	0.0029	1509.58	1.7299	50.6991	2611.444	0.5917	0.6524
1.782	 2	64.7	10.165	0.0024	1509.28	1.7422	50.8921	2629.506	0.5846	0.6547
1.792	 2	65.7	10.165	0.0018	1504.589	1.7533	51.6938	2638.024	0.5781	0.6562
1.802	 2	66.7	10.17	0.0013	1517.684	1.7846	51.2675	2708.427	0.56	0.6537
1.812	 2	67.7	10.175	0.0021	1522.976	1.7792	51.3487	2709.728	0.5631	0.6316
1.822	 2	68.7	10.181	0.0018	1522.279	1.7846	51.6575	2716.616	0.56	0.63
1.832	 2	69.7	10.191	0.0015	1524.686	1.7815	51.0501	2716.291	0.5618	0.6489
1.842	 2	70.7	10.196	0.002	1524.75	1.7784	50.5179	2711.665	0.5636	0.6885
1.852	 2	71.7	10.209	0.0022	1518.067	1.7771	49.822	2697.793	0.5643	0.6938
1.862	 2	72.7	10.215	0.0019	1523.717	1.7675	49.4584	2693.196	0.5699	0.6957
1.872	 2	73.7	10.225	0.002	1519.091	1.7699	48.7054	2688.636	0.5685	0.6946
1.882	 2	74.7	10.233	0.0016	1516.899	1.7426	48.8026	2643.336	0.5843	0.6899
1.892	 2	75.7	10.233	0.002	1517.349	1.742	48.8199	2643.185	0.5847	0.6894
1.902	 2	76.7	10.238	0.0021	1516.741	1.747	48.0588	2649.733	0.5818	0.6816
1.912	 2	77.7	10.238	0.002	1517.64	1.742	48.1951	2643.803	0.5847	0.6858
1.922	 2	78.7	10.243	0.0017	1513.222	1.744	48.0742	2639.021	0.5835	0.6855
1.932	 2	79.7	10.289	0.0016	1517.328	1.7377	47.0806	2636.685	0.5872	0.6885
1.942	 2	80.7	10.392	0.0007	1519.965	1.6961	46.8714	2578.03	0.6113	0.6923
1.952	 2	81.7	10.497	0.0003	1531.961	1.703	44.8249	2608.901	0.6073	0.6945
1.962	 2	82.7	10.507	0.0	108.1178	1.7357	43.3427	187.6651	0.5883	0.6979
1.972	 2	83.7	10.51	0.0013	1560.505	1.7425	42.6265	2719.13	0.5844	0.711
1.982	 2	84.7	10.522	0.0013	1540.105	1.727	42.3499	2659.835	0.5934	0.7357
1.992	 2	85.7	10.496	0.0003	1546.714	1.7242	42.7224	2666.845	0.595	0.786
2.002	 2	86.7	10.48	0.0004	1544.584	1.725	41.8446	2664.376	0.5946	0.882
2.012	 2	87.7	10.428	0.0006	1533.078	1.7382	41.5968	2664.864	0.5869	1.065
2.022	 2	88.7	10.603	0.0004	1538.004	1.7291	38.8567	2659.302	0.5922	1.3588
2.032	 2	89.7	10.713	0.0	110.2376	1.6316	39.4596	179.8589	0.6487	1.6404
2.042	 3	0.4	10.776	0.0	110.8859	1.381	44.6373	153.1319	0.7941	1.6581
2.052	 3	1.4	10.792	0.0	111.0505	1.6332	37.5831	181.3728	0.6478	1.3801
2.062	 3	2.4	10.818	0.0002	1551.858	1.6425	37.1141	2549.0	0.6424	1.0717
2.072	 3	3.4	10.802	0.001	1544.246	1.7111	36.2611	2642.408	0.6026	0.8727
2.082	 3	4.4	10.755	0.0001	1547.26	1.6779	37.4439	2596.104	0.6219	0.7587
2.092	 3	5.4	10.452	0.0001	1551.202	1.7247	39.0121	2675.304	0.5947	0.6988
2.102	 3	6.4	10.288	0.0032	1538.278	1.766	39.8733	2716.616	0.5708	0.6682
2.112	 3	7.4	10.18	0.0053	1530.367	1.7242	41.534	2638.628	0.595	0.6539
2.122	 3	8.4	10.142	0.0135	1514.862	1.7352	40.5756	2628.564	0.5886	0.6474
2.132	 3	9.4	10.125	0.0133	1511.194	1.7525	40.3699	2648.365	0.5786	0.6418
2.142	 3	10.4	10.125	0.0146	1513.679	1.7257	40.4192	2612.167	0.5941	0.6365
2.152	 3	11.4	10.125	0.0196	1512.323	1.7182	40.5951	2598.517	0.5985	0.628
2.162	 3	12.4	10.124	0.0185	1512.399	1.7539	39.2124	2652.607	0.5778	0.6189
2.172	 3	13.4	10.125	0.0157	1513.679	1.7457	39.3848	2642.476	0.5825	0.6104
2.182	 3	14.4	10.124	0.0156	1512.399	1.7582	38.5488	2659.167	0.5753	0.6027
2.192	 3	15.4	10.129	0.0145	1509.313	1.7238	38.685	2601.793	0.5952	0.5976
2.202	 3	16.4	10.136	0.0121	1508.782	1.7262	37.9785	2604.516	0.5938	0.5935
2.212	 3	17.4	10.141	0.0099	1506.164	1.6978	37.9748	2557.212	0.6103	0.5894
2.222	 3	18.4	10.145	0.0086	1498.744	1.7122	37.6139	2566.104	0.602	0.5888
2.232	 3	19.4	10.155	0.0068	1500.443	1.6914	37.3831	2537.873	0.614	0.59
2.242	 3	20.4	10.16	0.0068	1496.98	1.7002	37.1369	2545.183	0.6089	0.5941
2.252	 3	21.4	10.171	0.0062	1495.076	1.6812	38.0237	2513.588	0.6199	0.597
2.262	 3	22.4	10.18	0.0069	1494.422	1.6417	40.0351	2453.411	0.6429	0.6042
2.272	 3	23.4	10.181	0.0065	1492.377	1.69	41.2014	2522.115	0.6149	0.6148
2.282	 3	24.4	10.181	0.006	1497.867	1.7416	42.2323	2608.732	0.5849	0.6247
2.292	 3	25.4	10.185	0.0059	1510.679	1.7788	44.0576	2687.135	0.5634	0.6272
2.302	 3	26.4	10.184	0.006	1517.735	1.7742	46.3934	2692.712	0.566	0.6261
2.312	 3	27.4	10.185	0.0056	1522.194	1.7929	47.5352	2729.115	0.5552	0.6241
2.322	 3	28.4	10.19	0.0061	1526.135	1.8245	47.1806	2784.485	0.5368	0.6237
2.332	 3	29.4	10.19	0.0055	1527.507	1.8109	48.0752	2766.208	0.5447	0.6217
2.342	 3	30.4	10.191	0.0061	1526.513	1.8101	48.0838	2763.131	0.5452	0.6243
2.352	 3	31.4	10.19	0.0057	1525.906	1.8126	47.4917	2765.825	0.5437	0.63
2.362	 3	32.4	10.195	0.0056	1525.284	1.7889	47.5072	2728.529	0.5575	0.6369
2.372	 3	33.4	10.195	0.0061	1521.188	1.7522	47.3867	2665.403	0.5788	0.6443
2.382	 3	34.4	10.195	0.0072	1513.06	1.7622	46.0096	2666.263	0.573	0.648
2.392	 3	35.4	10.2	0.005	1515.151	1.7641	44.7877	2672.919	0.5719	0.6478
2.402	 3	36.4	10.197	0.0062	1514.706	1.754	44.5275	2656.818	0.5777	0.6462
2.412	 3	37.4	10.195	0.0064	1512.162	1.7399	43.7925	2630.939	0.5859	0.6464
2.422	 3	38.4	10.195	0.0075	1508.359	1.7426	43.1626	2628.487	0.5843	0.6483
2.432	 3	39.4	10.194	0.0081	1511.79	1.7137	42.7622	2590.797	0.6011	0.648
2.442	 3	40.4	10.194	0.0083	1511.79	1.7257	41.3324	2608.939	0.5941	0.6465
2.452	 3	41.4	10.19	0.0144	1514.341	1.7108	41.7397	2590.778	0.6028	0.6441
2.462	 3	42.4	10.185	0.0147	1508.219	1.712	41.1988	2582.019	0.6021	0.6436
2.472	 3	43.4	10.185	0.01	1505.543	1.7236	40.3516	2595.007	0.5953	0.6421
2.482	 3	44.4	10.181	0.0078	1504.507	1.7079	40.7698	2569.532	0.6045	0.6429
2.492	 3	45.4	10.181	0.0074	1504.507	1.7192	40.5014	2586.558	0.5979	0.6435
2.502	 3	46.4	10.181	0.0087	1503.84	1.7144	40.6144	2578.222	0.6007	0.6473
2.512	 3	47.4	10.176	0.0071	1504.213	1.7195	41.1243	2586.421	0.5978	0.6485
2.522	 3	48.4	10.176	0.0074	1505.325	1.7177	41.739	2585.632	0.5988	0.6493
2.532	 3	49.4	10.186	0.0071	1505.024	1.7289	42.4831	2602.033	0.5923	0.6495
2.542	 3	50.4	10.186	0.0065	1507.028	1.7392	43.3565	2621.091	0.5863	0.6491
2.552	 3	51.4	10.191	0.0069	1513.59	1.7572	43.4086	2659.724	0.5759	0.6503
2.562	 3	52.4	10.196	0.0075	1513.433	1.7511	44.6147	2650.147	0.5794	0.6485
2.572	 3	53.4	10.2	0.0066	1515.151	1.7746	44.5245	2688.718	0.5658	0.6482
2.582	 3	54.4	10.209	0.0055	1516.488	1.7654	45.1927	2677.211	0.5711	0.6485
2.592	 3	55.4	10.215	0.0044	1514.68	1.7628	45.1829	2670.066	0.5726	0.6516
2.602	 3	56.4	10.233	0.0037	1513.086	1.7603	45.0172	2663.514	0.5741	0.6534
2.612	 3	57.4	10.241	0.0034	1516.511	1.7847	44.8428	2706.5	0.5599	0.6553
2.622	 3	58.4	10.242	0.0032	1519.134	1.7513	45.6855	2660.421	0.5793	0.657
2.632	 3	59.4	10.252	0.0032	1516.12	1.769	45.0997	2682.07	0.569	0.6607
2.642	 3	60.4	10.252	0.0033	1522.197	1.7748	44.4126	2701.539	0.5657	0.662
2.652	 3	61.4	10.246	0.0042	1523.116	1.7556	44.4252	2673.953	0.5768	0.6684
2.662	 3	62.4	10.246	0.0043	1518.826	1.7534	43.3823	2663.102	0.5781	0.6739
2.672	 3	63.4	10.245	0.0052	1518.678	1.7446	43.0622	2649.426	0.5832	0.6762
2.682	 3	64.4	10.247	0.0049	1519.425	1.7617	41.5269	2676.744	0.5733	0.6749
2.692	 3	65.4	10.242	0.005	1516.884	1.767	40.3701	2680.274	0.5702	0.6733
2.702	 3	66.4	10.236	0.0049	1520.048	1.7702	39.8186	2690.81	0.5683	0.6697
2.712	 3	67.4	10.227	0.0046	1513.99	1.7452	39.3835	2642.15	0.5829	0.6692
2.722	 3	68.4	10.226	0.0055	1509.15	1.7239	39.3176	2601.694	0.5952	0.6645
2.732	 3	69.4	10.222	0.0052	1507.67	1.7261	38.7506	2602.439	0.5939	0.6599
2.742	 3	70.4	10.219	0.0047	1508.562	1.7179	38.9693	2591.559	0.5987	0.6561
2.752	 3	71.4	10.214	0.0051	1509.384	1.7458	37.8434	2635.133	0.5825	0.6529
2.762	 3	72.4	10.209	0.0047	1508.868	1.735	38.6939	2617.919	0.5887	0.6484
2.772	 3	73.4	10.21	0.0049	1510.578	1.7668	37.9871	2668.897	0.5703	0.6452
2.782	 3	74.4	10.2	0.0045	1515.602	1.7676	38.0777	2678.962	0.5698	0.6414
2.792	 3	75.4	10.196	0.0046	1517.262	1.7788	37.3326	2698.833	0.5634	0.6397
2.802	 3	76.4	10.194	0.0055	1516.513	1.7655	37.6346	2677.373	0.5711	0.64
2.812	 3	77.4	10.184	0.0054	1516.83	1.7597	38.9793	2669.145	0.5744	0.6421
2.822	 3	78.4	10.179	0.0046	1522.663	1.7862	39.5537	2719.789	0.559	0.646
2.832	 3	79.4	10.178	0.005	1528.458	1.8065	40.2074	2761.142	0.5473	0.6488
2.842	 3	80.4	10.175	0.006	1535.154	1.8146	40.6033	2785.675	0.5426	0.6549
2.852	 3	81.4	10.17	0.0059	1536.022	1.8241	41.5273	2801.878	0.5371	0.6603
2.862	 3	82.4	10.159	0.0075	1536.914	1.8446	41.7292	2835.023	0.5252	0.6639
2.872	 3	83.4	10.149	0.0059	1544.279	1.8762	41.6719	2897.323	0.5069	0.6637
2.882	 3	84.4	10.149	0.0066	1546.632	1.8581	4.261	2873.773	0.5174	0.6636
2.892	 3	85.4	10.144	0.0068	1547.521	1.8711	41.8433	2895.628	0.5098	0.6667
2.902	 3	86.4	10.139	0.0072	1547.23	1.8623	41.0352	2881.46	0.5149	0.6701
2.912	 3	87.4	10.135	0.0062	1550.643	1.8876	39.4797	2926.966	0.5002	0.6708
2.922	 3	88.4	10.136	0.0056	1549.61	1.8587	38.4776	2880.328	0.517	0.6687
2.932	 3	89.4	10.14	0.0059	1543.144	1.8515	37.5125	2857.118	0.5212	0.6638
2.942	 3	90.4	10.14	0.0055	1538.695	1.8594	36.286	2861.032	0.5166	0.6586
2.952	 3	91.4	10.14	0.0064	1535.433	1.8352	34.6014	2817.844	0.5306	0.658
2.962	 3	92.4	10.14	0.0064	1532.185	1.8133	33.9259	2778.248	0.5434	0.6568
2.972	 3	93.4	10.14	0.0058	1530.566	1.8379	31.8514	2813.037	0.5291	0.651
2.982	 3	94.4	10.145	0.0057	1529.243	1.831	30.8446	2799.969	0.5331	0.6526
2.992	 3	95.4	10.155	0.0059	1528.677	1.8261	29.215	2791.578	0.5359	0.6532
3.002	 3	96.4	10.165	0.0063	1528.112	1.8078	27.7925	2762.544	0.5465	0.6534
3.012	 3	97.4	10.175	0.0061	1527.09	1.7959	26.803	2742.563	0.5534	0.6523
3.022	 3	98.4	10.175	0.006	1522.292	1.7751	25.4574	2702.22	0.5655	0.6486
3.032	 3	99.4	10.18	0.0054	1520.311	1.8111	23.8332	2753.375	0.5446	0.6451
3.042	 3	100.4	10.18	0.0053	1519.403	1.7931	22.9776	2724.467	0.555	0.6429
3.052	 3	101.4	10.18	0.005	1513.53	1.756	22.3458	2657.775	0.5766	0.6386
3.062	 3	102.4	10.18	0.0046	1511.956	1.778	20.9655	2688.319	0.5638	0.6394
3.072	 3	103.4	10.18	0.0038	1513.755	1.7986	20.1801	2722.681	0.5518	0.6368
3.082	 3	104.4	10.18	0.0035	1517.817	1.8065	19.0065	2741.879	0.5473	0.6362
3.092	 3	105.4	10.18	0.0025	1520.084	1.8074	17.9107	2747.469	0.5467	0.6343
3.102	 3	106.4	10.178	0.0024	1518.878	1.7964	17.4848	2728.487	0.5531	0.6335
3.112	 3	107.4	10.175	0.0029	1515.264	1.7776	16.5789	2693.596	0.564	0.6327
3.122	 3	108.4	10.18	0.0026	1517.817	1.7944	15.854	2723.587	0.5543	0.6301
3.132	 3	109.4	10.175	0.0034	1518.657	1.7726	14.9638	2691.918	0.567	0.6229
3.142	 3	110.4	10.17	0.0034	1516.326	1.8004	14.2069	2729.988	0.5508	0.6171
3.152	 3	111.4	10.145	0.0029	1520.078	1.8032	13.1871	2741.01	0.5492	0.6156
3.162	 3	112.4	10.151	0.0027	1513.945	1.7707	11.7301	2680.817	0.568	0.6136
3.172	 3	113.4	10.15	0.0029	1505.711	1.7665	11.2015	2659.871	0.5705	0.6146
3.182	 3	114.4	10.155	0.0027	1506.006	1.7569	10.6844	2645.916	0.576	0.611
3.192	 3	115.4	10.155	0.0028	1503.999	1.761	9.5378	2648.479	0.5737	0.6065
3.202	 3	116.4	10.155	0.0025	1503.108	1.7507	9.0292	2631.51	0.5796	0.6018
3.212	 3	117.4	10.155	0.0024	1503.999	1.7476	8.4798	2628.431	0.5814	0.5998
3.222	 3	118.4	10.155	0.0023	1503.999	1.74	7.9494	2616.901	0.5859	0.5971
3.232	 3	119.4	10.155	0.0022	1501.552	1.7269	8.0094	2593.056	0.5934	0.5994
3.242	 3	120.4	10.154	0.0029	1501.627	1.7337	6.8402	2603.431	0.5895	0.5984
3.252	 3	121.4	10.155	0.0025	1500.887	1.7327	6.8425	2600.526	0.5901	0.5967
3.262	 3	122.4	10.155	0.0026	1498.672	1.7173	6.3283	2573.702	0.599	0.5915
3.272	 3	123.4	10.165	0.0023	1500.59	1.7067	7.504	2561.104	0.6051	0.5842
3.282	 3	124.4	10.168	0.0022	1500.369	1.7092	6.335	2564.407	0.6037	0.5786
3.292	 3	125.4	10.171	0.0021	1496.395	1.6905	5.8178	2529.652	0.6146	0.5711
3.302	 3	126.4	10.181	0.0026	1493.911	1.6699	5.873	2494.635	0.6265	0.566
3.312	 3	127.4	10.182	0.002	1495.594	1.6726	5.2757	2501.461	0.625	0.567
3.322	 3	128.4	10.191	0.0017	1498.236	1.6983	5.1826	2544.396	0.6101	0.5683
3.332	 3	129.4	10.195	0.0014	1505.241	1.7038	5.16	2564.589	0.6069	0.5742
3.342	 3	130.4	10.206	0.001	1510.433	1.7258	5.0783	2606.726	0.5941	0.581
3.352	 3	131.4	10.215	0.0009	1513.109	1.7147	5.6647	2594.496	0.6005	0.6144
3.362	 3	132.4	10.225	0.0009	1511.903	1.7433	5.5559	2635.759	0.5839	0.6184
3.372	 3	133.4	10.238	0.0015	1510.475	1.7442	5.5328	2634.583	0.5834	0.6193
3.382	 3	134.4	10.243	0.0013	1507.432	1.7412	5.5346	2624.739	0.5852	0.6203
3.392	 3	135.4	10.252	0.0013	1506.097	1.7139	5.6086	2581.249	0.601	0.621
3.402	 3	136.4	10.259	0.0012	1506.461	1.7317	5.5398	2608.802	0.5906	0.6193
3.412	 3	137.4	10.303	0.001	1508.271	1.7048	5.5584	2571.281	0.6063	0.6196
3.422	 3	138.4	10.308	0.0008	1505.697	1.6892	5.6019	2543.408	0.6153	0.6205
3.432	 3	139.4	10.324	0.0013	1514.671	1.668	5.6477	2526.507	0.6276	0.6218
3.442	 3	140.4	10.339	0.003	1503.636	1.6688	5.0595	2509.209	0.6272	0.6273
3.452	 3	141.4	10.332	0.0036	1513.403	1.6859	5.5755	2551.372	0.6173	0.6327
3.462	 3	142.4	10.521	0.0011	1517.744	1.6267	5.4847	2468.924	0.6516	0.6371
3.472	 3	143.4	10.507	0.0003	1521.871	1.6834	5.3202	2561.985	0.6187	0.6443
3.482	 3	144.4	10.5	0.0	108.0458	1.7168	5.2268	185.491	0.5993	0.6648
3.492	 3	145.4	10.46	0.0007	1498.353	1.6973	4.8107	2543.106	0.6106	0.7079
3.502	 3	146.4	10.464	0.0002	1469.869	1.7102	5.2991	2513.726	0.6031	0.7928
3.512	 3	147.4	10.459	0.0004	1475.176	1.7001	5.3377	2507.986	0.609	0.9415
3.522	 3	148.4	10.461	0.0005	1473.795	1.7076	5.3113	2516.699	0.6046	1.1747
3.532	 3	149.4	10.607	0.0004	1488.911	1.6545	4.7413	2463.376	0.6355	1.4529
3.542	 3	150.4	10.789	0.0	111.0196	1.1147	5.9577	123.7559	0.9485	1.6581
3.552	 4	0.5	10.774	0.0	110.8653	0.8952	8.3791	99.2494	1.0759	1.6092
3.562	 4	1.5	10.792	0.0	111.0505	1.6115	4.6327	178.9552	0.6604	1.3792
3.572	 4	2.5	10.782	0.0	110.9476	1.6674	4.4891	184.9958	0.6279	1.1021
3.582	 4	3.5	10.738	0.0001	1442.117	1.6844	4.9956	2429.156	0.6181	0.8946
3.592	 4	4.5	10.681	0.0	109.9083	1.6639	5.1349	182.8774	0.63	0.7644
3.602	 4	5.5	10.28	0.0028	1532.27	1.7319	5.5068	2653.69	0.5906	0.6924
3.612	 4	6.5	10.192	0.0022	1524.151	1.7416	5.6136	2654.448	0.5849	0.6522
3.622	 4	7.5	10.154	0.0043	1516.201	1.7512	5.6433	2655.162	0.5794	0.6332
3.632	 4	8.5	10.13	0.0047	1507.441	1.7688	5.6256	2666.288	0.5692	0.6239
3.642	 4	9.5	10.13	0.0043	1508.114	1.7563	5.6656	2648.658	0.5764	0.6195
3.652	 4	10.5	10.13	0.0035	1506.768	1.7669	5.6316	2662.262	0.5703	0.6187
3.662	 4	11.5	10.128	0.0033	1508.265	1.7817	5.5878	2687.344	0.5616	0.6169
3.672	 4	12.5	10.13	0.0031	1512.392	1.8042	6.0665	2728.724	0.5486	0.615
3.682	 4	13.5	10.13	0.003	1514.2	1.771	6.1805	2681.577	0.5679	0.6117
3.692	 4	14.5	10.135	0.0034	1513.816	1.7773	5.5905	2690.567	0.5642	0.6072
3.702	 4	15.5	10.141	0.0036	1512.228	1.764	6.1854	2667.592	0.5719	0.604
3.712	 4	16.5	10.146	0.0034	1510.496	1.7588	6.195	2656.627	0.575	0.6032
3.722	 4	17.5	10.155	0.0031	1509.588	1.7653	5.5965	2664.933	0.5711	0.6013
3.732	 4	18.5	10.161	0.0029	1510.256	1.7599	6.1646	2657.926	0.5743	0.5999
3.742	 4	19.5	10.171	0.0026	1508.379	1.7351	6.2351	2617.178	0.5887	0.5983
3.752	 4	20.5	10.181	0.0026	1508.073	1.738	5.6429	2620.969	0.587	0.599
3.762	 4	21.5	10.181	0.0025	1504.952	1.721	5.6985	2590.03	0.5969	0.5966
3.772	 4	22.5	10.184	0.0023	1503.839	1.716	6.2812	2580.6	0.5998	0.5951
3.782	 4	23.5	10.186	0.0022	1505.469	1.7307	5.6585	2605.539	0.5912	0.5931
3.792	 4	24.5	10.186	0.0026	1507.251	1.7399	6.1916	2622.402	0.5859	0.5906
3.802	 4	25.5	10.186	0.0027	1505.914	1.7522	5.5891	2638.635	0.5788	0.5874
3.812	 4	26.5	10.186	0.0026	1504.801	1.7537	5.5842	2639.021	0.5779	0.5864
3.822	 4	27.5	10.191	0.0027	1505.318	1.7281	6.2251	2601.265	0.5928	0.5833
3.832	 4	28.5	10.186	0.0038	1503.691	1.7205	6.2614	2587.04	0.5972	0.58
3.842	 4	29.5	10.191	0.0031	1501.99	1.7124	6.2818	2572.075	0.6018	0.577
3.852	 4	30.5	10.185	0.0035	1498.455	1.7078	5.736	2559.078	0.6045	0.5724
3.862	 4	31.5	10.186	0.0031	1500.589	1.7068	5.7379	2561.139	0.6051	0.5757
3.872	 4	32.5	10.185	0.0028	1505.766	1.7428	5.6209	2624.23	0.5842	0.5731
3.882	 4	33.5	10.186	0.0039	1509.037	1.7362	5.0766	2619.976	0.5881	0.5729
3.892	 4	34.5	10.181	0.0034	1504.063	1.715	5.7183	2579.5	0.6003	0.5723
3.902	 4	35.5	10.181	0.0032	1502.952	1.7503	5.6032	2630.549	0.5799	0.5736
3.912	 4	36.5	10.181	0.0029	1504.063	1.7307	5.1	2603.016	0.5913	0.5801
3.922	 4	37.5	10.181	0.0029	1504.507	1.6614	5.3127	2499.543	0.6315	0.5916
3.932	 4	38.5	10.182	0.004	1500.663	1.6453	5.3632	2468.989	0.6408	0.6062
3.942	 4	39.5	10.182	0.0032	1496.033	1.6812	5.8319	2515.062	0.62	0.6201
3.952	 4	40.5	10.182	0.0033	1496.693	1.6217	5.4411	2427.196	0.6545	0.6295
3.962	 4	41.5	10.177	0.0032	1495.738	1.6837	5.8313	2518.389	0.6185	0.6404
3.972	 4	42.5	10.178	0.003	1508.522	1.7498	5.6093	2639.676	0.5801	0.6446
3.982	 4	43.5	10.183	0.0031	1511.952	1.7312	5.6616	2617.532	0.5909	0.6534
3.992	 4	44.5	10.179	0.0028	1514.056	1.7481	5.6132	2646.761	0.5811	0.6603
4.002	 4	45.5	10.183	0.0033	1517.134	1.7661	5.5497	2679.452	0.5707	0.6691
4.012	 4	46.5	10.184	0.0038	1514.8	1.7631	5.5576	2670.787	0.5724	0.6774
4.022	 4	47.5	10.184	0.0028	1518.867	1.777	5.5141	2699.062	0.5644	0.6853
4.032	 4	48.5	10.184	0.0025	1520.908	1.7682	6.096	2689.206	0.5695	0.6886
4.042	 4	49.5	10.194	0.0029	1514.036	1.7474	5.5917	2645.633	0.5816	0.689
4.052	 4	50.5	10.194	0.0028	1511.342	1.7558	5.5651	2653.579	0.5767	0.6866
4.062	 4	51.5	10.193	0.0023	1513.887	1.7641	6.0945	2670.619	0.5719	0.6829
4.072	 4	52.5	10.196	0.0022	1515.683	1.7576	6.1117	2663.986	0.5756	0.6793
4.082	 4	53.5	10.192	0.0027	1515.764	1.7702	5.5227	2683.268	0.5683	0.6809
4.092	 4	54.5	10.195	0.0021	1515.76	1.7863	5.4685	2707.588	0.559	0.6805
4.102	 4	55.5	10.196	0.0024	1515.683	1.7586	6.1085	2665.406	0.5751	0.6812
4.112	 4	56.5	10.211	0.0024	1517.687	1.7845	5.9943	2708.245	0.5601	0.6812
4.122	 4	57.5	10.215	0.0019	1522.809	1.7951	5.9522	2733.534	0.5539	0.6791
4.132	 4	58.5	10.225	0.0018	1524.981	1.7769	5.9961	2709.729	0.5644	0.6765
4.142	 4	59.5	10.243	0.0025	1523.349	1.7677	5.9966	2692.881	0.5698	0.6783
4.152	 4	60.5	10.242	0.0023	1521.616	1.7438	5.5278	2653.449	0.5836	0.6821
4.162	 4	61.5	10.237	0.0027	1513.23	1.7194	6.1757	2601.821	0.5978	0.6888
4.172	 4	62.5	10.242	0.003	1510.842	1.7273	5.5807	2609.685	0.5932	0.6942
4.182	 4	63.5	10.232	0.0025	1509.145	1.733	5.5782	2615.273	0.5899	0.6981
4.192	 4	64.5	10.231	0.0024	1507.885	1.7273	6.1577	2604.631	0.5932	0.6985
4.202	 4	65.5	10.233	0.0023	1503.747	1.7126	5.643	2575.255	0.6018	0.6987
4.212	 4	66.5	10.224	0.0022	1502.204	1.7368	5.5785	2608.956	0.5877	0.6948
4.222	 4	67.5	10.228	0.0019	1507.665	1.7318	5.5882	2610.973	0.5906	0.6896
4.232	 4	68.5	10.225	0.0019	1510.563	1.7157	5.0809	2591.663	0.5999	0.6822
4.242	 4	69.5	10.215	0.002	1506.415	1.7267	5.0627	2601.143	0.5936	0.6764
4.252	 4	70.5	10.205	0.0022	1499.853	1.7065	5.7079	2559.552	0.6053	0.6682
4.262	 4	71.5	10.203	0.0026	1499.118	1.6668	5.2624	2498.785	0.6283	0.6589
4.272	 4	72.5	10.194	0.0024	1496.257	1.7081	5.1484	2555.727	0.6044	0.6487
4.282	 4	73.5	10.19	0.0025	1498.309	1.6827	5.232	2521.229	0.6191	0.6416
4.292	 4	74.5	10.185	0.0027	1498.014	1.6562	5.3232	2481.037	0.6344	0.6347
4.302	 4	75.5	10.178	0.0031	1495.885	1.6827	5.2499	2517.095	0.6191	0.6288
4.312	 4	76.5	10.175	0.0024	1500.959	1.6869	5.2411	2532.016	0.6166	0.6246
4.322	 4	77.5	10.17	0.0023	1502.66	1.7	5.2082	2554.53	0.609	0.6232
4.332	 4	78.5	10.16	0.0026	1498.304	1.6745	5.8919	2508.853	0.6239	0.6232
4.342	 4	79.5	10.16	0.0027	1491.924	1.6648	5.9261	2483.76	0.6295	0.6206
4.352	 4	80.5	10.159	0.0028	1490.682	1.6715	5.904	2491.662	0.6256	0.6166
4.362	 4	81.5	10.153	0.0024	1491.991	1.6696	5.9207	2491.081	0.6267	0.613
4.372	 4	82.5	10.145	0.0024	1494.769	1.6966	5.2559	2535.994	0.611	0.6097
4.382	 4	83.5	10.14	0.0024	1496.9	1.6778	5.3224	2511.445	0.6219	0.6107
4.392	 4	84.5	10.135	0.0027	1495.941	1.7053	5.8267	2551.01	0.606	0.6111
4.402	 4	85.5	10.137	0.0026	1497.563	1.7032	5.2475	2550.631	0.6072	0.6142
4.412	 4	86.5	10.135	0.0024	1498.595	1.6974	5.8538	2543.68	0.6106	0.6185
4.422	 4	87.5	10.131	0.0024	1498.004	1.7226	5.7747	2580.442	0.5959	0.6212
4.432	 4	88.5	10.131	0.0023	1504.008	1.7074	5.826	2567.995	0.6047	0.6247
4.442	 4	89.5	10.136	0.0026	1506.988	1.754	5.6633	2643.248	0.5777	0.6256
4.452	 4	90.5	10.139	0.0021	1510.578	1.7678	6.1756	2670.414	0.5697	0.6276
4.462	 4	91.5	10.147	0.0018	1508.847	1.741	6.2564	2626.947	0.5853	0.6287
4.472	 4	92.5	10.147	0.0023	1501.48	1.7328	6.286	2601.783	0.59	0.6258
4.482	 4	93.5	10.153	0.002	1499.926	1.7111	5.7771	2566.548	0.6026	0.615
4.492	 4	94.5	10.155	0.0019	1499.557	1.7022	6.3844	2552.581	0.6078	0.612
4.502	 4	95.5	10.162	0.0018	1497.274	1.6787	6.461	2513.489	0.6214	0.611
4.512	 4	96.5	10.168	0.0021	1493.756	1.6783	6.4516	2506.96	0.6216	0.6131
4.522	 4	97.5	10.168	0.0018	1492.441	1.6815	6.4395	2509.469	0.6198	0.6137
4.532	 4	98.5	10.173	0.0018	1494.271	1.6829	6.4247	2514.754	0.619	0.6177
4.542	 4	99.5	10.178	0.0019	1495.225	1.6735	6.4517	2502.256	0.6244	0.6161
4.552	 4	100.5	10.175	0.0019	1493.907	1.6672	6.4818	2490.58	0.6281	0.6166
4.562	 4	101.5	10.178	0.0019	1494.786	1.6761	5.8562	2505.368	0.6229	0.6175
4.572	 4	102.5	10.177	0.0019	1495.738	1.6837	5.8313	2518.389	0.6185	0.619
4.582	 4	103.5	10.177	0.0017	1499.484	1.703	5.7654	2553.547	0.6073	0.6219
4.592	 4	104.5	10.172	0.0019	1501.846	1.7121	5.7428	2571.267	0.602	0.6236
4.602	 4	105.5	10.172	0.002	1502.067	1.7091	6.3281	2567.19	0.6038	0.6251
4.612	 4	106.5	10.166	0.002	1501.847	1.7083	5.7652	2565.66	0.6042	0.6263
4.622	 4	107.5	10.161	0.0023	1501.33	1.6858	5.8506	2530.917	0.6173	0.6304
4.632	 4	108.5	10.161	0.0023	1500.222	1.7104	5.7666	2565.922	0.603	0.6367
4.642	 4	109.5	10.161	0.0022	1502.44	1.7295	5.7027	2598.497	0.5919	0.6449
4.652	 4	110.5	10.162	0.0021	1508.61	1.7345	5.6847	2616.685	0.589	0.6505
4.662	 4	111.5	10.158	0.0024	1512.507	1.757	5.6182	2657.493	0.576	0.6558
4.672	 4	112.5	10.16	0.002	1512.13	1.7443	5.6559	2637.623	0.5833	0.6617
4.682	 4	113.5	10.157	0.002	1512.133	1.7615	5.6054	2663.695	0.5733	0.6694
4.692	 4	114.5	10.163	0.002	1517.319	1.7677	5.5763	2682.187	0.5698	0.6732
4.702	 4	115.5	10.163	0.002	1518.906	1.7813	5.5337	2705.678	0.5619	0.6758
4.712	 4	116.5	10.163	0.0019	1521.635	1.7791	5.5406	2707.146	0.5632	0.6756
4.722	 4	117.5	10.162	0.0021	1522.625	1.7825	5.5317	2714.027	0.5612	0.6783
4.732	 4	118.5	10.163	0.0016	1525.976	1.8026	4.9215	2750.746	0.5495	0.6836
4.742	 4	119.5	10.162	0.0016	1529.961	1.8087	4.9064	2767.205	0.546	0.6879
4.752	 4	120.5	10.168	0.0016	1532.942	1.8037	6.0031	2764.943	0.5489	0.6917
4.762	 4	121.5	10.166	0.0016	1533.102	1.7998	4.925	2759.283	0.5512	0.696
4.772	 4	122.5	10.167	0.0016	1529.562	1.8026	4.9161	2757.123	0.5496	0.7
4.782	 4	123.5	10.172	0.0014	1530.775	1.7801	4.9711	2724.896	0.5626	0.7044
4.792	 4	124.5	10.178	0.0013	1531.908	1.8	4.9078	2757.37	0.5511	0.7073
4.802	 4	125.5	10.183	0.0013	1535.434	1.8069	4.882	2774.396	0.547	0.7088
4.812	 4	126.5	10.188	0.0012	1535.031	1.794	4.9103	2753.803	0.5545	0.7078
4.822	 4	127.5	10.198	0.0012	1533.303	1.8121	4.8473	2778.571	0.544	0.706
4.832	 4	128.5	10.199	0.0012	1532.993	1.7933	4.8967	2749.165	0.5549	0.7054
4.842	 4	129.5	10.2	0.0011	1530.842	1.7857	4.3699	2733.681	0.5593	0.7046
4.852	 4	130.5	10.209	0.0011	1534.265	1.7968	4.3321	2756.715	0.5529	0.7116
4.862	 4	131.5	10.212	0.0011	1534.024	1.7878	4.8938	2742.56	0.5581	0.7373
4.872	 4	132.5	10.22	0.0011	1536.149	1.8027	5.3806	2769.157	0.5495	0.7374
4.882	 4	133.5	10.231	0.0009	1537.34	1.7945	4.8495	2758.798	0.5542	0.7402
4.892	 4	134.5	10.234	0.0009	1536.637	1.7731	4.9039	2724.612	0.5666	0.738
4.902	 4	135.5	10.241	0.0009	1536.765	1.7924	5.3794	2754.573	0.5554	0.737
4.912	 4	136.5	10.248	0.0008	1532.526	1.7666	5.4475	2707.296	0.5704	0.7299
4.922	 4	137.5	10.253	0.0008	1526.426	1.7578	5.4668	2683.19	0.5755	0.728
4.932	 4	138.5	10.263	0.0008	1525.87	1.7637	5.4334	2691.116	0.5721	0.726
4.942	 4	139.5	10.298	0.0009	1524.726	1.7508	5.42	2669.443	0.5796	0.7273
4.952	 4	140.5	10.329	0.0015	1534.086	1.7743	5.302	2721.906	0.566	0.7256
4.962	 4	141.5	10.339	0.0016	1538.542	1.7407	5.3892	2678.169	0.5854	0.7237
4.972	 4	142.5	10.561	0.0007	1549.67	1.7105	5.6754	2650.751	0.6029	0.7235
4.982	 4	143.5	10.52	0.0003	1539.813	1.7364	5.6535	2673.756	0.5879	0.7337
4.992	 4	144.5	10.511	0.0	108.159	1.736	5.1534	187.7666	0.5882	0.7556
5.002	 4	145.5	10.481	0.0	107.8503	1.7153	4.7328	184.9958	0.6002	0.8008
5.012	 4	146.5	10.483	0.0	107.8709	1.7025	5.2952	183.6545	0.6076	0.8977
5.022	 4	147.5	10.46	0.0002	1456.622	1.6813	4.8565	2448.952	0.6199	1.0631
5.032	 4	148.5	10.47	0.001	1480.696	1.6894	4.8199	2501.477	0.6152	1.3073
5.042	 4	149.5	10.629	0.0014	1508.515	1.6511	4.723	2490.646	0.6374	1.5594
5.052	 4	150.5	10.821	0.0	111.3489	0.5859	12.6443	65.2401	1.2553	1.7017
5.062	 5	0.5	10.818	0.0	111.3181	1.4405	4.5752	160.3513	0.7596	1.6314
5.072	 5	1.5	10.828	0.0	111.421	1.6686	4.4316	185.9221	0.6272	1.4031
5.082	 5	2.5	10.804	0.0002	1550.072	1.6947	4.3911	2626.978	0.6121	1.1515
5.092	 5	3.5	10.755	0.0001	1304.743	1.6848	4.972	2198.218	0.6179	0.9508
5.102	 5	4.5	10.694	0.0	110.0421	1.6619	5.1233	182.8774	0.6312	0.8297
5.112	 5	5.5	10.289	0.0004	1534.984	1.7009	5.5931	2610.799	0.6085	0.7534
5.122	 5	6.5	10.234	0.002	1531.348	1.71	5.6498	2618.613	0.6032	0.712
5.132	 5	7.5	10.199	0.0042	1524.742	1.7416	5.6024	2655.526	0.5849	0.6804
5.142	 5	8.5	10.144	0.0083	1519.7	1.7526	5.6548	2663.443	0.5785	0.6632
5.152	 5	9.5	10.146	0.0101	1518.181	1.7541	5.0821	2663.073	0.5777	0.6547
5.162	 5	10.5	10.145	0.0086	1523.502	1.7608	5.6269	2682.615	0.5738	0.6499
5.172	 5	11.5	10.139	0.0099	1522.372	1.7245	5.7551	2625.369	0.5948	0.6496
5.182	 5	12.5	10.141	0.0107	1517.886	1.7772	5.5812	2697.648	0.5642	0.6488
5.192	 5	13.5	10.142	0.008	1523.509	1.6895	5.2824	2574.0	0.6151	0.6545
5.202	 5	14.5	10.142	0.0143	1509.676	1.6509	6.0066	2492.352	0.6375	0.6549
5.212	 5	15.5	10.151	0.0125	1508.545	1.6768	5.3088	2529.534	0.6225	0.6495
5.222	 5	16.5	10.161	0.0079	1518.38	1.7338	5.1199	2632.506	0.5895	0.6427
5.232	 5	17.5	10.171	0.0079	1525.803	1.7806	5.5235	2716.798	0.5623	0.6386
5.242	 5	18.5	10.177	0.0078	1530.146	1.7713	5.543	2710.299	0.5677	0.6393
5.252	 5	19.5	10.186	0.0069	1530.119	1.7672	5.5417	2703.997	0.5701	0.6417
5.262	 5	20.5	10.197	0.0078	1531.541	1.7432	5.6005	2669.773	0.584	0.6447
5.272	 5	21.5	10.191	0.0082	1529.721	1.7647	5.5415	2699.562	0.5715	0.6432
5.282	 5	22.5	10.191	0.007	1533.404	1.7883	5.4686	2742.154	0.5578	0.6375
5.292	 5	23.5	10.195	0.0073	1543.294	1.8473	5.2879	2850.931	0.5236	0.6343
5.302	 5	24.5	10.196	0.0063	1542.745	1.7664	4.9757	2725.092	0.5705	0.6267
5.312	 5	25.5	10.193	0.0092	1528.874	1.7479	5.5918	2672.295	0.5813	0.6213
5.322	 5	26.5	10.192	0.0074	1521.194	1.7859	4.927	2716.628	0.5593	0.6185
5.332	 5	27.5	10.192	0.0061	1528.494	1.7144	5.1325	2620.394	0.6007	0.6217
5.342	 5	28.5	10.192	0.0139	1520.286	1.7007	5.1736	2585.609	0.6086	0.6277
5.352	 5	29.5	10.196	0.0086	1511.638	1.6586	5.2989	2507.27	0.633	0.6332
5.362	 5	30.5	10.197	0.0075	1506.871	1.699	5.1715	2560.209	0.6096	0.636
5.372	 5	31.5	10.194	0.0063	1512.687	1.7766	4.95	2687.368	0.5646	0.6409
5.382	 5	32.5	10.191	0.005	1524.458	1.7806	5.4922	2714.423	0.5623	0.6424
5.392	 5	33.5	10.187	0.0067	1527.516	1.8125	5.4018	2768.549	0.5438	0.6445
5.402	 5	34.5	10.192	0.0063	1530.56	1.8172	5.3801	2781.313	0.5411	0.6459
5.412	 5	35.5	10.192	0.0071	1530.33	1.8185	5.3761	2782.927	0.5403	0.6479
5.422	 5	36.5	10.187	0.0062	1532.341	1.8098	5.9506	2773.255	0.5454	0.6508
5.432	 5	37.5	10.187	0.0048	1531.88	1.799	5.4421	2755.878	0.5516	0.6558
5.442	 5	38.5	10.187	0.0062	1528.432	1.8168	5.9279	2776.781	0.5413	0.663
5.452	 5	39.5	10.188	0.0052	1526.521	1.8106	5.9462	2763.959	0.5449	0.6696
5.462	 5	40.5	10.183	0.0062	1523.489	1.791	6.02	2728.529	0.5563	0.6717
5.472	 5	41.5	10.178	0.0062	1517.519	1.757	6.1452	2666.248	0.576	0.6804
5.482	 5	42.5	10.183	0.0062	1514.201	1.733	6.2212	2624.183	0.5899	0.6822
5.492	 5	43.5	10.179	0.0051	1508.0	1.7295	6.2411	2608.059	0.5919	0.6811
5.502	 5	44.5	10.184	0.0046	1507.178	1.7104	6.302	2577.803	0.603	0.6809
5.512	 5	45.5	10.183	0.004	1511.055	1.7515	6.1558	2646.55	0.5792	0.679
5.522	 5	46.5	10.179	0.004	1510.91	1.7426	5.6311	2632.892	0.5843	0.6779
5.532	 5	47.5	10.19	0.0052	1506.951	1.7132	6.2808	2581.721	0.6014	0.6816
5.542	 5	48.5	10.19	0.0053	1507.173	1.7034	5.7426	2567.361	0.6071	0.6841
5.552	 5	49.5	10.195	0.0048	1512.162	1.7426	6.1661	2635.115	0.5843	0.6855
5.562	 5	50.5	10.195	0.0056	1512.387	1.7109	5.7095	2587.514	0.6027	0.6857
5.572	 5	51.5	10.196	0.0048	1506.501	1.7248	6.228	2598.393	0.5947	0.6842
5.582	 5	52.5	10.195	0.0049	1509.476	1.7219	5.6728	2599.233	0.5963	0.6821
5.592	 5	53.5	10.2	0.0043	1514.027	1.7286	5.6428	2617.214	0.5924	0.6819
5.602	 5	54.5	10.193	0.0049	1511.866	1.7286	5.6541	2613.44	0.5924	0.6811
5.612	 5	55.5	10.197	0.0044	1513.357	1.7377	5.6183	2629.723	0.5872	0.6807
5.622	 5	56.5	10.205	0.0042	1510.956	1.7098	5.697	2583.431	0.6034	0.6801
5.632	 5	57.5	10.206	0.0046	1508.201	1.7043	5.7137	2570.423	0.6066	0.6794
5.642	 5	58.5	10.211	0.0046	1512.069	1.7374	6.1565	2627.116	0.5873	0.6778
5.652	 5	59.5	10.238	0.0043	1517.64	1.724	5.5975	2616.473	0.5951	0.679
5.662	 5	60.5	10.238	0.0047	1515.394	1.7356	5.5602	2630.118	0.5884	0.6814
5.672	 5	61.5	10.238	0.0036	1513.601	1.7268	5.5887	2613.635	0.5935	0.6839
5.682	 5	62.5	10.231	0.0039	1516.827	1.755	5.5096	2662.076	0.5771	0.6895
5.692	 5	63.5	10.233	0.0031	1520.731	1.7594	5.4928	2675.541	0.5746	0.6935
5.702	 5	64.5	10.227	0.0035	1523.008	1.7708	6.0132	2696.973	0.568	0.6966
5.712	 5	65.5	10.225	0.0039	1524.981	1.7655	5.4862	2692.314	0.5711	0.7051
5.722	 5	66.5	10.22	0.0037	1527.197	1.7787	5.4531	2716.456	0.5634	0.7112
5.732	 5	67.5	10.21	0.0035	1526.159	1.7982	5.4092	2744.365	0.5521	0.7174
5.742	 5	68.5	10.205	0.0041	1523.817	1.7756	5.4859	2705.676	0.5652	0.7226
5.752	 5	69.5	10.197	0.0041	1521.259	1.776	5.4969	2701.801	0.5649	0.7223
5.762	 5	70.5	10.19	0.0039	1521.804	1.8057	5.4174	2747.879	0.5478	0.7205
5.772	 5	71.5	10.19	0.0033	1528.882	1.7859	5.4775	2730.404	0.5592	0.7172
5.782	 5	72.5	10.183	0.0034	1530.128	1.8053	5.4294	2762.301	0.548	0.71
5.792	 5	73.5	10.18	0.0033	1530.137	1.7847	4.9469	2730.908	0.5599	0.7037
5.802	 5	74.5	10.169	0.0041	1522.078	1.7755	4.9881	2702.468	0.5652	0.7
5.812	 5	75.5	10.167	0.0038	1520.64	1.7667	5.5732	2686.522	0.5704	0.6951
5.822	 5	76.5	10.16	0.0034	1518.912	1.7595	5.0465	2672.476	0.5746	0.6898
5.832	 5	77.5	10.154	0.0044	1516.428	1.7325	5.1337	2627.252	0.5902	0.6839
5.842	 5	78.5	10.146	0.0037	1517.726	1.7675	5.0435	2682.628	0.5699	0.6771
5.852	 5	79.5	10.145	0.0033	1523.96	1.7636	5.0561	2687.703	0.5721	0.674
5.862	 5	80.5	10.143	0.0045	1518.186	1.7131	5.2082	2600.805	0.6014	0.6724
5.872	 5	81.5	10.138	0.0054	1512.231	1.7337	5.1535	2621.823	0.5895	0.6685
5.882	 5	82.5	10.13	0.0044	1512.844	1.7321	5.7447	2620.374	0.5904	0.6675
5.892	 5	83.5	10.136	0.0047	1515.324	1.7429	5.1293	2641.085	0.5842	0.6674
5.902	 5	84.5	10.131	0.0044	1513.671	1.7331	5.1657	2623.38	0.5898	0.6642
5.912	 5	85.5	10.136	0.0044	1513.74	1.7226	5.1897	2607.621	0.5959	0.6637
5.922	 5	86.5	10.142	0.0045	1512.151	1.753	5.0912	2650.735	0.5783	0.6659
5.932	 5	87.5	10.142	0.0039	1511.926	1.7204	5.1875	2601.147	0.5972	0.6682
5.942	 5	88.5	10.148	0.0036	1509.67	1.7354	5.1341	2619.84	0.5885	0.6728
5.952	 5	89.5	10.147	0.0043	1512.671	1.731	4.5764	2618.429	0.5911	0.6754
5.962	 5	90.5	10.147	0.0037	1516.515	1.7838	4.996	2705.193	0.5604	0.6746
5.972	 5	91.5	10.163	0.0027	1526.893	1.7484	4.5103	2669.633	0.581	0.6736
5.982	 5	92.5	10.162	0.0038	1520.347	1.7511	5.631	2662.205	0.5794	0.6742
5.992	 5	93.5	10.159	0.0035	1517.854	1.7469	5.0841	2651.602	0.5818	0.67
6.002	 5	94.5	10.186	0.0026	1513.297	1.742	5.0596	2636.167	0.5847	0.6717
6.012	 5	95.5	10.181	0.0027	1513.903	1.7243	5.1188	2610.442	0.5949	0.6724
6.022	 5	96.5	10.17	0.0028	1516.326	1.735	5.1033	2630.764	0.5888	0.6725
6.032	 5	97.5	10.17	0.0027	1514.971	1.7509	5.0568	2652.577	0.5795	0.6724
6.042	 5	98.5	10.171	0.0026	1521.011	1.7812	4.9694	2709.236	0.5619	0.6726
6.052	 5	99.5	10.172	0.0022	1526.869	1.7775	4.9782	2714.054	0.5641	0.676
6.062	 5	100.5	10.169	0.0024	1521.167	1.7664	5.014	2686.924	0.5706	0.6812
6.072	 5	101.5	10.168	0.0024	1518.292	1.7475	5.0694	2653.289	0.5815	0.6865
6.082	 5	102.5	10.172	0.0021	1518.209	1.7509	5.054	2658.193	0.5795	0.6915
6.092	 5	103.5	10.172	0.0025	1517.077	1.7459	5.0683	2648.722	0.5824	0.6972
6.102	 5	104.5	10.167	0.0025	1519.05	1.7539	5.0524	2664.268	0.5778	0.7016
6.112	 5	105.5	10.166	0.0025	1520.036	1.7263	5.1348	2623.967	0.5938	0.7044
6.122	 5	106.5	10.162	0.003	1517.396	1.7535	5.0607	2660.794	0.578	0.7057
6.132	 5	107.5	10.162	0.0025	1520.802	1.785	4.9714	2714.668	0.5597	0.7032
6.142	 5	108.5	10.159	0.0023	1526.292	1.7757	5.5576	2710.197	0.5652	0.7028
6.152	 5	109.5	10.158	0.0024	1526.142	1.7877	4.9698	2728.207	0.5582	0.7045
6.162	 5	110.5	10.159	0.0026	1530.892	1.8118	5.4467	2773.731	0.5442	0.7055
6.172	 5	111.5	10.153	0.0019	1537.401	1.794	5.5102	2758.103	0.5545	0.705
6.182	 5	112.5	10.158	0.0021	1541.894	1.8269	5.4032	2816.942	0.5354	0.7066
6.192	 5	113.5	10.158	0.0019	1538.625	1.8156	5.4368	2793.594	0.542	0.7073
6.202	 5	114.5	10.158	0.0019	1536.298	1.7951	5.4992	2757.744	0.5539	0.711
6.212	 5	115.5	10.163	0.002	1530.803	1.7829	5.5287	2729.313	0.5609	0.7116
6.222	 5	116.5	10.163	0.0018	1528.041	1.7785	5.5426	2717.57	0.5635	0.7155
6.232	 5	117.5	10.158	0.0018	1527.978	1.786	4.9742	2729.041	0.5591	0.7176
6.242	 5	118.5	10.158	0.0016	1536.762	1.7944	5.5012	2757.585	0.5543	0.7204
6.252	 5	119.5	10.157	0.0018	1541.041	1.803	4.9288	2778.538	0.5493	0.7248
6.262	 5	120.5	10.157	0.0022	1537.542	1.8288	4.8594	2811.837	0.5343	0.7263
6.272	 5	121.5	10.158	0.0016	1536.298	1.8289	5.3973	2809.8	0.5343	0.7296
6.282	 5	122.5	10.166	0.0016	1540.07	1.8067	5.4515	2782.375	0.5472	0.7276
6.292	 5	123.5	10.167	0.0018	1536.962	1.8091	5.4426	2780.517	0.5458	0.725
6.302	 5	124.5	10.173	0.0017	1536.475	1.8123	5.4237	2784.564	0.5439	0.7184
6.312	 5	125.5	10.183	0.0015	1538.915	1.8315	5.3517	2818.507	0.5328	0.7123
6.322	 5	126.5	10.187	0.0015	1541.383	1.8177	5.386	2801.843	0.5408	0.7072
6.332	 5	127.5	10.193	0.0015	1539.728	1.8504	5.282	2849.123	0.5218	0.7071
6.342	 5	128.5	10.198	0.0015	1539.553	1.8271	5.3417	2812.945	0.5353	0.7133
6.352	 5	129.5	10.202	0.0013	1536.909	1.8118	5.3809	2784.52	0.5442	0.7173
6.362	 5	130.5	10.207	0.0011	1530.285	1.7861	5.4505	2733.271	0.5591	0.7233
6.372	 5	131.5	10.209	0.0013	1530.355	1.8171	5.3544	2780.877	0.5411	0.7658
6.382	 5	132.5	10.221	0.0009	1540.235	1.813	5.3484	2792.481	0.5435	0.7713
6.392	 5	133.5	10.23	0.001	1540.663	1.8258	4.7679	2812.876	0.5361	0.7757
6.402	 5	134.5	10.236	0.0008	1544.357	1.8244	4.7635	2817.451	0.5369	0.7771
6.412	 5	135.5	10.243	0.0009	1540.764	1.8091	5.3268	2787.441	0.5457	0.7732
6.422	 5	136.5	10.253	0.0009	1539.721	1.7797	4.8596	2740.253	0.5628	0.7725
6.432	 5	137.5	10.257	0.001	1538.704	1.8083	4.7774	2782.454	0.5462	0.772
6.442	 5	138.5	10.268	0.0012	1540.123	1.7972	5.3246	2767.868	0.5527	0.7738
6.452	 5	139.5	10.289	0.0007	1543.968	1.8551	5.1279	2864.289	0.5191	0.7739
6.462	 5	140.5	10.293	0.0003	1580.135	1.8632	4.5902	2944.04	0.5144	0.7714
6.472	 5	141.5	10.385	0.0004	1588.649	1.8401	4.5302	2923.224	0.5278	0.7699
6.482	 5	142.5	10.595	0.0004	1585.84	1.7772	4.4282	2818.405	0.5643	0.775
6.492	 5	143.5	10.588	0.0002	1564.421	1.7563	4.4895	2747.549	0.5764	0.7894
6.502	 5	144.5	10.684	0.0	109.9392	1.7588	4.3685	193.3658	0.5749	0.8249
6.512	 5	145.5	10.583	0.0	108.8999	1.7882	4.4154	194.7331	0.5579	0.8842
6.522	 5	146.5	10.512	0.0	108.1693	1.782	4.0152	192.7599	0.5615	0.9913
6.532	 5	147.5	10.475	0.0	107.7886	1.7749	4.5814	191.3132	0.5656	1.1786
6.542	 5	148.5	10.512	0.0	108.1693	1.784	4.0108	192.9733	0.5603	1.4662
6.552	 5	149.5	10.655	0.0	109.6408	1.7046	4.038	186.8905	0.6064	1.7997
6.562	 5	150.5	10.796	0.0	111.0917	0.9711	5.9728	107.8831	1.0318	2.0221
6.572	 6	0.5	10.77	0.0	110.8241	0.9219	6.335	102.1725	1.0604	2.009
6.582	 6	1.5	10.771	0.0	110.8344	1.6856	3.464	186.8234	0.6174	1.7471
6.592	 6	2.5	10.756	0.0	110.6801	1.7178	3.9001	190.1288	0.5987	1.4159
6.602	 6	3.5	10.7	0.0	110.1038	1.743	3.9016	191.9106	0.5841	1.1466
6.612	 6	4.5	10.638	0.0	109.4658	1.748	4.4502	191.3482	0.5812	0.9727
6.622	 6	5.5	10.238	0.002	1556.163	1.818	4.7775	2829.071	0.5406	0.8705
6.632	 6	6.5	10.171	0.006	1548.569	1.7963	4.9275	2781.729	0.5532	0.8077
6.642	 6	7.5	10.152	0.0054	1537.25	1.8003	4.9432	2767.563	0.5509	0.7653
6.652	 6	8.5	10.147	0.0123	1545.15	1.8143	4.9121	2803.384	0.5427	0.7371
6.662	 6	9.5	10.141	0.014	1540.951	1.8374	4.8587	2831.325	0.5294	0.7186
6.672	 6	10.5	10.141	0.0092	1543.766	1.829	4.3386	2823.541	0.5342	0.7056
6.682	 6	11.5	10.137	0.0122	1541.046	1.8224	4.9043	2808.383	0.5381	0.6998
6.692	 6	12.5	10.139	0.0143	1538.543	1.8098	4.9355	2784.496	0.5453	0.6924
6.702	 6	13.5	10.147	0.0153	1536.028	1.7935	4.9692	2754.789	0.5548	0.6867
6.712	 6	14.5	10.148	0.0139	1535.947	1.8059	4.9335	2773.815	0.5476	0.6834
6.722	 6	15.5	10.152	0.0165	1537.017	1.7858	4.9833	2744.838	0.5593	0.6785
6.732	 6	16.5	10.161	0.0214	1535.358	1.7766	4.4413	2727.707	0.5646	0.6743
6.742	 6	17.5	10.17	0.0185	1535.558	1.7923	4.94	2752.172	0.5555	0.6707
6.752	 6	18.5	10.172	0.0182	1534.238	1.7782	4.9764	2728.129	0.5637	0.6665
6.762	 6	19.5	10.181	0.0181	1531.438	1.7791	4.961	2724.642	0.5631	0.6647
6.772	 6	20.5	10.185	0.0175	1531.809	1.7583	5.0143	2693.325	0.5753	0.6646
6.782	 6	21.5	10.191	0.0155	1535.252	1.7796	4.9457	2732.172	0.5629	0.6628
6.792	 6	22.5	10.19	0.0143	1533.715	1.7731	4.9652	2719.461	0.5666	0.6603
6.802	 6	23.5	10.191	0.0126	1533.634	1.7815	4.9403	2732.233	0.5618	0.6563
6.812	 6	24.5	10.192	0.0132	1527.807	1.7917	4.9111	2737.297	0.5559	0.6547
6.822	 6	25.5	10.196	0.0114	1527.491	1.8023	4.3346	2753.026	0.5497	0.6557
6.832	 6	26.5	10.196	0.011	1529.553	1.79	4.3645	2737.869	0.5569	0.658
6.842	 6	27.5	10.196	0.01	1532.311	1.7835	4.9278	2732.951	0.5606	0.6631
6.852	 6	28.5	10.201	0.0123	1530.303	1.7985	4.3377	2752.251	0.5519	0.6684
6.862	 6	29.5	10.196	0.0112	1528.636	1.8059	4.8667	2760.594	0.5476	0.6737
6.872	 6	30.5	10.196	0.0089	1532.542	1.8115	4.8517	2776.218	0.5444	0.6779
6.882	 6	31.5	10.196	0.0102	1536.236	1.8132	4.8473	2785.447	0.5434	0.6844
6.892	 6	32.5	10.191	0.0103	1536.641	1.8214	4.2954	2798.765	0.5387	0.6846
6.902	 6	33.5	10.191	0.0111	1534.327	1.796	4.9005	2755.708	0.5533	0.6874
6.912	 6	34.5	10.189	0.011	1534.257	1.8091	4.8677	2775.674	0.5457	0.6929
6.922	 6	35.5	10.188	0.0091	1540.369	1.8152	4.3135	2796.152	0.5422	0.6992
6.932	 6	36.5	10.191	0.0104	1539.891	1.8141	4.3127	2793.444	0.5429	0.7132
6.942	 6	37.5	10.191	0.0107	1536.409	1.8016	4.3426	2767.948	0.5501	0.731
6.952	 6	38.5	10.187	0.0101	1537.196	1.8055	4.8802	2775.482	0.5478	0.7438
6.962	 6	39.5	10.187	0.0092	1539.985	1.8049	4.8819	2779.508	0.5482	0.7536
6.972	 6	40.5	10.182	0.01	1540.393	1.8117	4.8705	2790.72	0.5443	0.7589
6.982	 6	41.5	10.187	0.011	1539.287	1.8187	4.8448	2799.565	0.5402	0.769
6.992	 6	42.5	10.183	0.0098	1539.38	1.8118	4.3278	2789.119	0.5442	0.7742
7.002	 6	43.5	10.183	0.0096	1541.711	1.8059	4.3419	2784.221	0.5476	0.777
7.012	 6	44.5	10.177	0.0117	1542.203	1.8146	4.8697	2798.427	0.5426	0.7853
7.022	 6	45.5	10.178	0.01	1543.29	1.8104	4.3373	2794.018	0.545	0.7928
7.032	 6	46.5	10.183	0.0111	1544.048	1.8325	4.279	2829.468	0.5322	0.7955
7.042	 6	47.5	10.178	0.0108	1542.589	1.8294	4.2924	2821.959	0.534	0.7951
7.052	 6	48.5	10.179	0.011	1545.551	1.8376	4.8059	2840.116	0.5292	0.7939
7.062	 6	49.5	10.183	0.0101	1549.452	1.8342	4.275	2841.98	0.5312	0.7926
7.072	 6	50.5	10.188	0.0094	1557.084	1.8541	4.2232	2886.936	0.5197	0.7912
7.082	 6	51.5	10.188	0.0106	1560.901	1.8672	4.7176	2914.573	0.512	0.7901
7.092	 6	52.5	10.191	0.0093	1562.078	1.848	4.7626	2886.764	0.5232	0.7907
7.102	 6	53.5	10.187	0.0109	1560.031	1.8556	4.7485	2894.833	0.5188	0.7925
7.112	 6	54.5	10.191	0.0134	1554.691	1.8453	4.7697	2868.861	0.5248	0.7958
7.122	 6	55.5	10.206	0.0157	1555.555	1.8681	4.6914	2905.986	0.5115	0.7974
7.132	 6	56.5	10.215	0.0134	1555.742	1.8328	4.7696	2851.392	0.532	0.7981
7.142	 6	57.5	10.215	0.0132	1557.64	1.8416	4.7468	2868.61	0.5269	0.7955
7.152	 6	58.5	10.214	0.0125	1558.2	1.8415	4.7485	2869.391	0.527	0.7954
7.162	 6	59.5	10.225	0.0113	1559.878	1.8388	4.7407	2868.33	0.5285	0.7943
7.172	 6	60.5	10.22	0.0115	1558.402	1.8548	5.2294	2890.53	0.5193	0.7942
7.182	 6	61.5	10.214	0.011	1562.012	1.8497	4.7275	2889.238	0.5222	0.7929
7.192	 6	62.5	10.21	0.0124	1561.401	1.859	5.2322	2902.713	0.5168	0.7963
7.202	 6	63.5	10.203	0.0126	1561.285	1.8673	4.6975	2915.364	0.512	0.7966
7.212	 6	64.5	10.2	0.012	1563.218	1.8766	5.1979	2933.553	0.5066	0.7999
7.222	 6	65.5	10.194	0.0121	1561.82	1.8651	4.715	2912.94	0.5133	0.8017
7.232	 6	66.5	10.194	0.0106	1560.864	1.8798	5.1978	2934.167	0.5047	0.8017
7.242	 6	67.5	10.184	0.0107	1556.473	1.8534	4.7582	2884.792	0.5201	0.7998
7.252	 6	68.5	10.184	0.0124	1550.076	1.8524	4.7608	2871.338	0.5207	0.7987
7.262	 6	69.5	10.181	0.0123	1547.264	1.8349	4.8103	2839.047	0.5308	0.7991
7.272	 6	70.5	10.178	0.012	1548.691	1.8391	4.8033	2848.264	0.5283	0.798
7.282	 6	71.5	10.175	0.0132	1540.966	1.8083	4.8893	2786.581	0.5462	0.794
7.292	 6	72.5	10.172	0.014	1534.007	1.7862	4.9542	2739.969	0.5591	0.7893
7.302	 6	73.5	10.171	0.0115	1536.869	1.7999	4.9178	2766.202	0.5511	0.7862
7.312	 6	74.5	10.165	0.0102	1538.054	1.8059	4.9099	2777.497	0.5477	0.7802
7.322	 6	75.5	10.166	0.0109	1538.904	1.7956	5.4851	2763.235	0.5536	0.7767
7.332	 6	76.5	10.16	0.0117	1536.135	1.8193	4.8806	2794.624	0.5399	0.7701
7.342	 6	77.5	10.161	0.0116	1533.967	1.8017	4.9269	2763.696	0.5501	0.7613
7.352	 6	78.5	10.155	0.012	1532.368	1.7745	5.0109	2719.145	0.5659	0.754
7.362	 6	79.5	10.151	0.012	1533.615	1.8002	4.945	2760.794	0.5509	0.7569
7.372	 6	80.5	10.152	0.0097	1542.623	1.8237	5.4221	2813.25	0.5373	0.7525
7.382	 6	81.5	10.152	0.0126	1544.03	1.8304	4.8621	2826.129	0.5334	0.7516
7.392	 6	82.5	10.147	0.0105	1539.757	1.796	4.9621	2765.456	0.5533	0.7477
7.402	 6	83.5	10.146	0.0143	1536.342	1.8175	4.905	2792.24	0.5409	0.7393
7.412	 6	84.5	10.142	0.0121	1535.504	1.7963	4.9685	2758.182	0.5532	0.7309
7.422	 6	85.5	10.142	0.0118	1538.765	1.8325	5.4114	2819.784	0.5322	0.7277
7.432	 6	86.5	10.147	0.0094	1537.657	1.8252	4.8827	2806.601	0.5364	0.716
7.442	 6	87.5	10.148	0.0148	1535.482	1.7952	4.9629	2756.513	0.5538	0.71
7.452	 6	88.5	10.147	0.0133	1531.854	1.7889	4.9817	2740.403	0.5575	0.7016
7.462	 6	89.5	10.152	0.0122	1534.694	1.7871	4.9798	2742.655	0.5585	0.6931
7.472	 6	90.5	10.153	0.0085	1535.774	1.7812	4.9949	2735.48	0.562	0.6849
7.482	 6	91.5	10.153	0.0071	1537.169	1.7969	4.9512	2762.159	0.5528	0.6803
7.492	 6	92.5	10.153	0.0096	1534.845	1.7979	4.9485	2759.475	0.5523	0.6753
7.502	 6	93.5	10.153	0.0084	1527.226	1.81	4.9155	2764.207	0.5453	0.6704
7.512	 6	94.5	10.153	0.0111	1526.078	1.7545	4.5075	2677.445	0.5775	0.6722
7.522	 6	95.5	10.153	0.0122	1527.456	1.7815	4.994	2721.152	0.5618	0.674
7.532	 6	96.5	10.153	0.0076	1527.916	1.6976	4.6586	2593.755	0.6105	0.6798
7.542	 6	97.5	10.153	0.015	1517.185	1.7348	4.5586	2632.045	0.5889	0.6844
7.552	 6	98.5	10.152	0.0088	1523.409	1.6998	4.6538	2589.48	0.6092	0.6779
7.562	 6	99.5	10.159	0.0147	1514.912	1.6465	4.7949	2494.29	0.6401	0.6653
7.572	 6	100.5	10.162	0.0138	1508.61	1.6767	4.7045	2529.494	0.6226	0.6541
7.582	 6	101.5	10.168	0.0114	1516.706	1.7553	4.4863	2662.25	0.577	0.6532
7.592	 6	102.5	10.173	0.0084	1522.448	1.7726	4.9907	2698.688	0.5669	0.659
7.602	 6	103.5	10.167	0.0064	1528.412	1.7428	4.5197	2663.721	0.5842	0.667
7.612	 6	104.5	10.172	0.0084	1522.299	1.6822	4.6758	2560.858	0.6194	0.6699
7.622	 6	105.5	10.183	0.0136	1516.682	1.6882	4.6447	2560.484	0.6159	0.6665
7.632	 6	106.5	10.18	0.011	1508.595	1.6806	4.0859	2535.376	0.6203	0.6536
7.642	 6	107.5	10.182	0.0093	1510.683	1.7051	4.0251	2575.807	0.6061	0.6386
7.652	 6	108.5	10.187	0.0082	1522.265	1.7867	3.8357	2719.876	0.5587	0.6296
7.662	 6	109.5	10.188	0.0063	1536.188	1.7706	3.8695	2720.005	0.5681	0.6242
7.672	 6	110.5	10.192	0.0077	1523.696	1.6726	4.0915	2548.572	0.6249	0.6258
7.682	 6	111.5	10.193	0.0088	1512.988	1.6546	4.1348	2503.446	0.6354	0.6285
7.692	 6	112.5	10.197	0.0062	1512.908	1.6062	4.2548	2429.992	0.6635	0.6356
7.702	 6	113.5	10.2	0.0081	1508.206	1.5761	4.3324	2377.034	0.6809	0.6423
7.712	 6	114.5	10.206	0.0085	1503.314	1.5785	4.3184	2372.982	0.6795	0.6762
7.722	 6	115.5	10.206	0.0046	1508.647	1.7374	4.484	2621.072	0.5874	0.6804
7.732	 6	116.5	10.216	0.0035	1537.165	1.7903	4.339	2752.061	0.5566	0.6794
7.742	 6	117.5	10.226	0.0056	1533.133	1.759	4.4039	2696.804	0.5748	0.6845
7.752	 6	118.5	10.233	0.0035	1531.428	1.7361	4.4531	2658.776	0.5881	0.6911
7.762	 6	119.5	10.238	0.0054	1528.06	1.6817	4.5906	2569.808	0.6196	0.6993
7.772	 6	120.5	10.248	0.0026	1521.83	1.6764	4.5925	2551.125	0.6228	0.7064
7.782	 6	121.5	10.253	0.0021	1522.798	1.6635	4.6214	2533.215	0.6302	0.7118
7.792	 6	122.5	10.273	0.0026	1519.225	1.6263	4.7007	2470.72	0.6518	0.7145
7.802	 6	123.5	10.294	0.0009	1525.715	1.6784	5.0941	2560.713	0.6216	0.7175
7.812	 6	124.5	10.299	0.0005	1538.312	1.6752	5.0965	2577.046	0.6234	0.722
7.822	 6	125.5	10.526	0.0001	1253.095	1.6962	4.7276	2125.481	0.6113	0.7336
7.832	 6	126.5	10.593	0.0	109.0028	1.7057	4.6165	185.9221	0.6058	0.7449
7.842	 6	127.5	10.604	0.0	109.116	1.7358	5.0254	189.4041	0.5883	0.7678
7.852	 6	128.5	10.575	0.0	108.8176	1.7852	4.4323	194.2633	0.5596	0.8055
7.862	 6	129.5	10.552	0.0001	1565.579	1.7858	4.4587	2795.804	0.5593	0.8737
7.872	 6	130.5	10.539	0.0002	1558.102	1.7867	3.9753	2783.82	0.5588	1.0022
7.882	 6	131.5	10.52	0.0002	1579.817	1.7641	4.0472	2786.907	0.5719	1.2701
7.892	 6	132.5	10.481	0.0003	1441.48	1.7919	3.5237	2583.009	0.5557	1.8289
7.902	 6	133.5	10.44	0.0003	1429.745	1.7239	2.6459	2464.708	0.5952	2.6998
