Geotek MSCL 7.9 - TN336_JPC42-51.out created at 22:58:31 on 1/26/2016.


Processing Parameters

CT	RCT=11.45	W=1.27
PWAmp	A=1	B=0
PWVel	PTO=27.19
Den1	A=9.889801E-04	B=-.1104	C=10.002
MS1	A=1	B=0	Den=0	LD=14	
FP	MGD=2.75	WD=1.026	
RES	A=567.302	B=-1.103549	p=0	


SB DEPTH	SECT NUM	SECT DEPTH	CT	PWAmp	PWVel	Den1	MS1	Imp	FP	RES
m		cm	cm		m/s	g/cc	SI x 10^-5			Ohm.m

-0.638	cal sect	0.0	10.627	0.0						74.8153
-0.578	cal sect	6.0	10.437	0.0176	1516.565	1.1734	-1.826		0.9145	14.1146
-0.518	cal sect	12.0	10.178	0.024	1486.273	1.1832	-1.9631	1758.489	0.9088	14.8209
-0.458	cal sect	18.0	10.194	0.0218	1485.573	1.1838	-1.9542	1758.652	0.9085	13.3161
-0.398	cal sect	24.0	10.468	0.0011	1502.512	1.1866	-0.9052	1782.933	0.9068	10.6638
-0.338	cal sect	30.0	10.531	0.0158	1501.426	1.1721	-1.7795	1759.83	0.9153	4.0524
-0.278	cal sect	36.0	10.511	0.0094	1514.771	1.1862	-1.7893	1796.836	0.9071	0.4756
-0.218	cal sect	42.0	10.252	0.0058	1509.423	1.2044	-1.9225	1817.873	0.8965	0.3559
-0.158	cal sect	48.0	10.231	0.0177	1502.791	1.1931	-1.9339	1792.945	0.9031	0.3608
-0.098	cal sect	54.0	10.422	0.004	1504.765	1.1776	-0.9168	1772.004	0.9121	0.3671
-0.038	cal sect	60.0	10.448	0.0037	1519.046	1.1857	1.8205	1801.08	0.9074	0.5227
0.002	 1	0.2	10.774	0.0	110.8653	1.0243	9.1681	113.5601	1.001	1.0701
0.012	 1	1.2	10.762	0.0	110.7418	1.371	11.7057	151.8253	0.7999	0.8498
0.022	 1	2.2	10.789	0.0	111.0196	1.3839	13.2824	153.6354	0.7924	0.6384
0.032	 1	3.2	10.764	0.0005	1551.903	1.3858	15.0422	2150.582	0.7913	0.5157
0.042	 1	4.2	10.709	0.0	110.1964	1.3754	16.1124	151.566	0.7973	0.4494
0.052	 1	5.2	10.266	0.0001	1329.276	1.4471	20.1068	1923.602	0.7557	0.4122
0.062	 1	6.2	10.197	0.0013	1542.196	1.4633	20.5018	2256.67	0.7464	0.3947
0.072	 1	7.2	10.127	0.0017	1532.073	1.4787	21.9095	2265.497	0.7374	0.3851
0.082	 1	8.2	10.13	0.0069	1518.741	1.476	21.8907	2241.603	0.739	0.3805
0.092	 1	9.2	10.128	0.0078	1520.492	1.4795	21.9032	2249.562	0.737	0.3777
0.102	 1	10.2	10.134	0.0142	1521.622	1.4898	21.8658	2266.935	0.731	0.3748
0.112	 1	11.2	10.135	0.0103	1514.721	1.4869	22.8532	2252.174	0.7327	0.373
0.122	 1	12.2	10.142	0.0051	1518.946	1.48	21.816	2248.047	0.7367	0.3728
0.132	 1	13.2	10.149	0.0108	1519.084	1.4813	22.7622	2250.232	0.7359	0.3746
0.142	 1	14.2	10.154	0.0058	1512.588	1.469	22.7299	2222.022	0.743	0.3766
0.152	 1	15.2	10.16	0.0086	1511.905	1.4848	22.6912	2244.926	0.7339	0.3812
0.162	 1	16.2	10.17	0.0103	1503.548	1.4725	22.6268	2213.917	0.741	0.3855
0.172	 1	17.2	10.175	0.0063	1502.51	1.4754	21.6123	2216.859	0.7393	0.3875
0.182	 1	18.2	10.182	0.0097	1497.353	1.5026	22.5499	2249.947	0.7235	0.3893
0.192	 1	19.2	10.179	0.0087	1496.472	1.4964	21.5878	2239.323	0.7271	0.3889
0.202	 1	20.2	10.19	0.0066	1504.281	1.4922	22.4989	2244.669	0.7296	0.3876
0.212	 1	21.2	10.19	0.0053	1504.059	1.501	22.4989	2257.532	0.7245	0.3868
0.222	 1	22.2	10.195	0.0087	1499.485	1.4689	22.467	2202.521	0.7431	0.3852
0.232	 1	23.2	10.2	0.0067	1501.104	1.4813	22.4353	2223.647	0.7359	0.3853
0.242	 1	24.2	10.205	0.0052	1506.051	1.4978	22.4035	2255.767	0.7263	0.3845
0.252	 1	25.2	10.21	0.0063	1500.367	1.5102	23.3446	2265.892	0.7191	0.3828
0.262	 1	26.2	10.215	0.0049	1492.984	1.5049	23.3116	2246.825	0.7222	0.3843
0.272	 1	27.2	10.219	0.0062	1500.808	1.4917	23.2853	2238.793	0.7299	0.3868
0.282	 1	28.2	10.22	0.0072	1497.875	1.5001	23.2788	2246.998	0.725	0.3926
0.292	 1	29.2	10.224	0.003	1493.645	1.5096	24.2213	2254.808	0.7195	0.4004
0.302	 1	30.2	10.225	0.0018	1505.891	1.5013	24.2145	2260.792	0.7243	0.4082
0.312	 1	31.2	10.225	0.0012	1491.612	1.5206	24.2145	2268.146	0.7131	0.4173
0.322	 1	32.2	10.225	0.0017	1504.34	1.5228	26.1517	2290.804	0.7118	0.4175
0.332	 1	33.2	10.221	0.0056	1496.048	1.5325	26.1812	2292.666	0.7062	0.4189
0.342	 1	34.2	10.215	0.0054	1492.548	1.5359	25.2543	2292.337	0.7043	0.4243
0.352	 1	35.2	10.213	0.0067	1492.474	1.5023	26.2404	2242.211	0.7237	0.4343
0.362	 1	36.2	10.218	0.0051	1496.266	1.498	26.2034	2241.459	0.7262	0.4454
0.372	 1	37.2	10.215	0.0034	1497.801	1.5059	26.2256	2255.509	0.7216	0.4591
0.382	 1	38.2	10.215	0.0035	1493.858	1.5226	27.1969	2274.514	0.712	0.4697
0.392	 1	39.2	10.211	0.005	1498.972	1.5038	27.2277	2254.208	0.7228	0.4784
0.402	 1	40.2	10.211	0.0068	1497.214	1.5281	28.2001	2287.85	0.7088	0.4836
0.412	 1	41.2	10.206	0.0052	1500.22	1.5335	29.2138	2300.586	0.7056	0.4841
0.422	 1	42.2	10.205	0.0049	1502.724	1.5356	29.222	2307.623	0.7044	0.4797
0.432	 1	43.2	10.201	0.0066	1495.967	1.5429	30.2303	2308.18	0.7002	0.4745
0.442	 1	44.2	10.2	0.0067	1490.357	1.5443	31.2143	2301.608	0.6993	0.4717
0.452	 1	45.2	10.2	0.0052	1489.051	1.5346	31.2143	2285.169	0.705	0.47
0.462	 1	46.2	10.195	0.0059	1486.802	1.5509	31.2585	2305.811	0.6956	0.4689
0.472	 1	47.2	10.195	0.0059	1487.236	1.5526	31.2585	2309.102	0.6945	0.4683
0.482	 1	48.2	10.195	0.0054	1490.061	1.5671	32.2353	2335.037	0.6862	0.4666
0.492	 1	49.2	10.211	0.0055	1491.092	1.553	32.0898	2315.592	0.6943	0.4673
0.502	 1	50.2	10.216	0.0043	1490.516	1.5487	31.0734	2308.316	0.6968	0.4688
0.512	 1	51.2	10.219	0.0048	1489.65	1.537	31.0471	2289.574	0.7036	0.4743
0.522	 1	52.2	10.216	0.0046	1488.562	1.5384	32.0445	2290.051	0.7028	0.4799
0.532	 1	53.2	10.231	0.0042	1492.052	1.5158	31.9091	2261.68	0.7159	0.4859
0.542	 1	54.2	10.233	0.0028	1497.366	1.4502	31.8911	2171.461	0.754	0.49
0.552	 1	55.2	10.243	0.001	1497.734	1.4673	33.7288	2197.555	0.7441	0.4903
0.562	 1	56.2	10.247	0.002	1497.443	1.5485	34.6534	2318.789	0.6969	0.4836
0.572	 1	57.2	10.247	0.0039	1491.123	1.5363	35.616	2290.748	0.704	0.4842
0.582	 1	58.2	10.252	0.0028	1494.025	1.5573	37.4884	2326.713	0.6918	0.4859
0.592	 1	59.2	10.252	0.0023	1497.736	1.5498	38.4497	2321.127	0.6962	0.4892
0.602	 1	60.2	10.246	0.003	1495.33	1.5512	39.4775	2319.51	0.6954	0.4932
0.612	 1	61.2	10.247	0.0017	1493.514	1.5599	41.3916	2329.711	0.6903	0.497
0.622	 1	62.2	10.247	0.0029	1497.443	1.5579	43.3168	2332.792	0.6915	0.4991
0.632	 1	63.2	10.242	0.0034	1499.561	1.5691	44.3417	2352.945	0.685	0.5
0.642	 1	64.2	10.237	0.0024	1496.2	1.5959	45.3695	2387.821	0.6694	0.5014
0.652	 1	65.2	10.232	0.0024	1493.723	1.5949	46.4002	2382.27	0.67	0.5033
0.662	 1	66.2	10.227	0.0039	1499.56	1.5642	47.4337	2345.63	0.6878	0.5051
0.672	 1	67.2	10.226	0.0038	1495.685	1.5827	48.4154	2367.188	0.6771	0.5056
0.682	 1	68.2	10.225	0.0031	1499.047	1.5983	50.3662	2395.966	0.668	0.5081
0.692	 1	69.2	10.222	0.0042	1493.135	1.5578	51.3782	2326.079	0.6915	0.5127
0.702	 1	70.2	10.219	0.0039	1490.954	1.6102	53.3622	2400.719	0.6611	0.5184
0.712	 1	71.2	10.214	0.0033	1491.313	1.5825	55.3808	2359.933	0.6772	0.5207
0.722	 1	72.2	10.209	0.0044	1490.8	1.5843	56.4321	2361.83	0.6762	0.5217
0.732	 1	73.2	10.208	0.0039	1489.567	1.6165	58.3945	2407.88	0.6575	0.5189
0.742	 1	74.2	10.184	0.0032	1495.009	1.6072	61.7321	2402.713	0.6629	0.5162
0.752	 1	75.2	10.18	0.004	1492.45	1.6057	64.7451	2396.363	0.6638	0.515
0.762	 1	76.2	10.179	0.0036	1491.866	1.609	68.6886	2400.432	0.6618	0.5133
0.772	 1	77.2	10.179	0.0019	1503.545	1.641	70.6511	2467.385	0.6432	0.512
0.782	 1	78.2	10.178	0.003	1504.509	1.6437	74.5973	2472.953	0.6417	0.5147
0.792	 1	79.2	10.173	0.0019	1501.107	1.6635	76.6691	2497.126	0.6302	0.5191
0.802	 1	80.2	10.178	0.0011	1499.853	1.6667	80.4866	2499.756	0.6284	0.5247
0.812	 1	81.2	10.177	0.0016	1506.142	1.6612	83.4548	2501.968	0.6316	0.5341
0.822	 1	82.2	10.175	0.0017	1503.843	1.6609	86.4493	2497.792	0.6317	0.5427
0.832	 1	83.2	10.175	0.002	1506.515	1.676	88.4141	2524.907	0.623	0.5499
0.842	 1	84.2	10.18	0.0021	1502.583	1.6835	91.2318	2529.603	0.6186	0.5516
0.852	 1	85.2	10.185	0.0024	1503.099	1.7096	91.1026	2569.682	0.6035	0.5537
0.862	 1	86.2	10.19	0.0026	1500.957	1.6935	91.9518	2541.802	0.6128	0.5557
0.872	 1	87.2	10.187	0.0022	1495.449	1.6775	92.03	2508.549	0.6221	0.5607
0.882	 1	88.2	10.196	0.0017	1499.191	1.668	91.7957	2500.622	0.6276	0.5623
0.892	 1	89.2	10.21	0.0022	1501.912	1.6541	90.4603	2484.348	0.6357	0.5627
0.902	 1	90.2	10.216	0.0017	1501.028	1.6546	91.2781	2483.533	0.6354	0.5648
0.912	 1	91.2	10.227	0.0018	1498.681	1.6556	90.9952	2481.191	0.6348	0.5703
0.922	 1	92.2	10.237	0.0014	1497.732	1.6886	92.6697	2529.053	0.6157	0.5772
0.932	 1	93.2	10.246	0.0013	1510.541	1.7065	91.4722	2577.761	0.6053	0.6118
0.942	 1	94.2	10.252	0.0021	1511.648	1.649	89.3955	2492.745	0.6386	0.6207
0.952	 1	95.2	10.268	0.0015	1503.147	1.6257	88.0375	2443.708	0.6521	0.6161
0.962	 1	96.2	10.272	0.001	1495.85	1.5934	86.027	2383.469	0.6709	0.6132
0.972	 1	97.2	10.285	0.001	1503.655	1.6488	85.7139	2479.178	0.6388	0.6112
0.982	 1	98.2	10.292	0.0006	1506.661	1.6845	87.4471	2537.977	0.618	0.6124
0.992	 1	99.2	10.302	0.001	1512.109	1.6826	88.1505	2544.242	0.6192	0.6135
1.002	 1	100.2	10.307	0.0014	1504.452	1.6605	88.0274	2498.115	0.632	0.6184
1.012	 1	101.2	10.326	0.0019	1504.152	1.6714	88.5031	2514.096	0.6256	0.6177
1.022	 1	102.2	10.343	0.0014	1508.166	1.6567	88.0848	2498.56	0.6342	0.6153
1.032	 1	103.2	10.353	0.0009	1516.923	1.6737	87.84	2538.89	0.6243	0.6098
1.042	 1	104.2	10.492	0.0023	1527.442	1.6674	84.5343	2546.818	0.628	0.6047
1.052	 1	105.2	10.524	0.0018	1536.126	1.6609	84.6895	2551.287	0.6318	0.6021
1.062	 1	106.2	10.509	0.0	108.1384	1.6882	85.0372	182.5554	0.6159	0.6058
1.072	 1	107.2	10.504	0.0001	1524.307	1.6991	85.1535	2590.005	0.6095	0.62
1.082	 1	108.2	10.482	0.0002	1489.767	1.6883	86.5698	2515.246	0.6158	0.6484
1.092	 1	109.2	10.449	0.0001	1493.995	1.6982	86.448	2537.038	0.6101	0.706
1.102	 1	110.2	10.443	0.0011	1520.309	1.6872	85.6794	2565.121	0.6165	0.8354
1.112	 1	111.2	10.402	0.0033	1517.654	1.6661	86.6543	2528.585	0.6287	1.099
1.122	 1	112.2	10.655	0.0031	1542.415	1.6313	80.8764	2516.213	0.6489	1.4626
1.132	 1	113.2	10.815	0.0	111.2872	1.1165	76.6748	124.25	0.9475	1.6076
1.142	 2	0.7	10.8	0.0	111.1328	1.6184	76.1518	179.8589	0.6564	1.383
1.152	 2	1.7	10.806	0.0001	1450.081	1.634	75.2046	2369.42	0.6473	1.0568
1.162	 2	2.7	10.747	0.0001	1406.859	1.6389	75.5519	2305.753	0.6445	0.8371
1.172	 2	3.7	10.686	0.0	109.9598	1.5986	75.9398	175.7791	0.6679	0.7167
1.182	 2	4.7	10.45	0.0001	1415.222	1.5931	81.8755	2254.626	0.671	0.6478
1.192	 2	5.7	10.208	0.0004	1504.939	1.6339	89.5382	2458.933	0.6474	0.6113
1.202	 2	6.7	10.133	0.0009	1520.102	1.6647	94.4473	2530.539	0.6295	0.5926
1.212	 2	7.7	10.125	0.0023	1505.576	1.6889	97.6524	2542.741	0.6155	0.583
1.222	 2	8.7	10.125	0.0023	1511.42	1.7026	101.6382	2573.29	0.6076	0.5794
1.232	 2	9.7	10.125	0.0023	1515.038	1.7709	102.6347	2682.955	0.5679	0.577
1.242	 2	10.7	10.125	0.0015	1536.652	1.8006	100.6418	2766.872	0.5507	0.5765
1.252	 2	11.7	10.125	0.0017	1538.286	1.7248	96.656	2653.247	0.5947	0.5762
1.262	 2	12.7	10.125	0.0063	1523.015	1.7482	89.6808	2662.513	0.5811	0.5766
1.272	 2	13.7	10.125	0.0031	1512.549	1.6579	81.7092	2507.625	0.6335	0.576
1.282	 2	14.7	10.128	0.0036	1503.563	1.6405	74.6701	2466.551	0.6436	0.5709
1.292	 2	15.7	10.126	0.0031	1495.937	1.6215	70.728	2425.615	0.6546	0.5685
1.302	 2	16.7	10.13	0.0045	1491.461	1.6019	68.6573	2389.159	0.666	0.5663
1.312	 2	17.7	10.135	0.0046	1495.279	1.5953	69.5531	2385.437	0.6698	0.5646
1.322	 2	18.7	10.14	0.0051	1494.693	1.6667	72.4307	2491.165	0.6284	0.5658
1.332	 2	19.7	10.145	0.0035	1497.417	1.6549	75.3001	2478.062	0.6352	0.5629
1.342	 2	20.7	10.155	0.0026	1509.364	1.6485	77.0621	2488.229	0.6389	0.5609
1.352	 2	21.7	10.155	0.0043	1514.993	1.6696	78.05	2529.418	0.6267	0.5645
1.362	 2	22.7	10.16	0.0032	1507.195	1.6802	78.9258	2532.371	0.6205	0.5717
1.372	 2	23.7	10.165	0.004	1503.921	1.7325	79.7989	2605.498	0.5902	0.5773
1.382	 2	24.7	10.171	0.0067	1509.946	1.6993	80.6466	2565.78	0.6095	0.5834
1.392	 2	25.7	10.176	0.0087	1503.99	1.6856	81.5143	2535.14	0.6174	0.5849
1.402	 2	26.7	10.179	0.0079	1502.657	1.7017	83.4075	2557.121	0.608	0.5867
1.412	 2	27.7	10.176	0.0071	1504.435	1.715	86.4248	2580.06	0.6004	0.5895
1.422	 2	28.7	10.176	0.0064	1507.332	1.7336	89.3711	2613.16	0.5895	0.5934
1.432	 2	29.7	10.176	0.0048	1512.935	1.7548	92.3174	2654.952	0.5772	0.5969
1.442	 2	30.7	10.176	0.0052	1519.033	1.7533	95.2637	2663.294	0.5781	0.6031
1.452	 2	31.7	10.176	0.0051	1519.486	1.7576	97.2279	2670.703	0.5756	0.6095
1.462	 2	32.7	10.176	0.0053	1518.579	1.7642	100.1742	2679.079	0.5718	0.6158
1.472	 2	33.7	10.176	0.0049	1521.531	1.7951	102.1384	2731.325	0.5539	0.6224
1.482	 2	34.7	10.176	0.0034	1524.723	1.7842	103.1205	2720.361	0.5602	0.6292
1.492	 2	35.7	10.176	0.0024	1530.916	1.7919	105.0847	2743.223	0.5558	0.6406
1.502	 2	36.7	10.171	0.0048	1529.014	1.7905	105.2339	2737.708	0.5566	0.6554
1.512	 2	37.7	10.17	0.0042	1528.174	1.8251	106.2476	2789.093	0.5365	0.6694
1.522	 2	38.7	10.165	0.0022	1537.821	1.8307	106.3985	2815.287	0.5332	0.6786
1.532	 2	39.7	10.164	0.0038	1536.043	1.7989	105.4433	2763.124	0.5517	0.6859
1.542	 2	40.7	10.166	0.0037	1528.722	1.805	104.3985	2759.373	0.5481	0.6897
1.552	 2	41.7	10.161	0.0045	1533.273	1.8171	102.5743	2786.096	0.5411	0.6926
1.562	 2	42.7	10.155	0.0032	1537.704	1.8112	101.7614	2785.148	0.5445	0.6933
1.572	 2	43.7	10.156	0.0041	1535.299	1.8193	99.7571	2793.184	0.5398	0.6898
1.582	 2	44.7	10.153	0.0032	1530.911	1.7924	98.8537	2743.99	0.5555	0.6828
1.592	 2	45.7	10.156	0.004	1528.597	1.7948	95.8063	2743.473	0.5541	0.6788
1.602	 2	46.7	10.156	0.0043	1527.218	1.7806	94.8186	2719.438	0.5623	0.6712
1.612	 2	47.7	10.156	0.0042	1527.448	1.7854	92.8433	2727.163	0.5595	0.6656
1.622	 2	48.7	10.156	0.0052	1525.383	1.815	91.8556	2768.587	0.5423	0.6589
1.632	 2	49.7	10.165	0.0035	1524.674	1.7893	90.6358	2728.112	0.5572	0.6525
1.642	 2	50.7	10.18	0.0031	1524.409	1.7739	89.2698	2704.165	0.5662	0.6485
1.652	 2	51.7	10.177	0.0029	1522.136	1.76	89.3458	2678.895	0.5743	0.6462
1.662	 2	52.7	10.174	0.0031	1518.507	1.7413	88.4392	2644.172	0.5851	0.6446
1.672	 2	53.7	10.172	0.0024	1517.982	1.7693	88.4894	2685.763	0.5689	0.6408
1.682	 2	54.7	10.176	0.0026	1517.447	1.7579	89.3711	2667.592	0.5754	0.6399
1.692	 2	55.7	10.176	0.002	1526.553	1.7721	88.389	2705.166	0.5672	0.6394
1.702	 2	56.7	10.175	0.0018	1522.52	1.7843	88.4141	2716.697	0.5601	0.6412
1.712	 2	57.7	10.175	0.0016	1525.487	1.7869	87.4317	2725.906	0.5586	0.642
1.722	 2	58.7	10.17	0.0029	1522.911	1.7814	86.5721	2712.887	0.5618	0.6448
1.732	 2	59.7	10.17	0.0039	1516.779	1.7649	86.5721	2677.005	0.5714	0.6472
1.742	 2	60.7	10.168	0.0043	1516.254	1.7439	86.6213	2644.132	0.5836	0.6498
1.752	 2	61.7	10.165	0.0043	1511.974	1.7481	86.6951	2643.028	0.5812	0.6522
1.762	 2	62.7	10.164	0.003	1510.253	1.7381	86.7197	2624.995	0.5869	0.6527
1.772	 2	63.7	10.164	0.0029	1509.58	1.7299	87.7052	2611.444	0.5917	0.6524
1.782	 2	64.7	10.165	0.0024	1509.28	1.7422	88.6654	2629.506	0.5846	0.6547
1.792	 2	65.7	10.165	0.0018	1504.589	1.7533	90.6358	2638.024	0.5781	0.6562
1.802	 2	66.7	10.17	0.0013	1517.684	1.7846	91.491	2708.427	0.56	0.6537
1.812	 2	67.7	10.175	0.0021	1522.976	1.7792	91.3612	2709.728	0.5631	0.6316
1.822	 2	68.7	10.181	0.0018	1522.279	1.7846	92.1866	2716.616	0.56	0.63
1.832	 2	69.7	10.191	0.0015	1524.686	1.7815	90.9478	2716.291	0.5618	0.6489
1.842	 2	70.7	10.196	0.002	1524.75	1.7784	89.8426	2711.665	0.5636	0.6885
1.852	 2	71.7	10.209	0.0022	1518.067	1.7771	88.5399	2697.793	0.5643	0.6938
1.862	 2	72.7	10.215	0.0019	1523.717	1.7675	87.4186	2693.196	0.5699	0.6957
1.872	 2	73.7	10.225	0.002	1519.091	1.7699	86.2037	2688.636	0.5685	0.6946
1.882	 2	74.7	10.233	0.0016	1516.899	1.7426	85.043	2643.336	0.5843	0.6899
1.892	 2	75.7	10.233	0.002	1517.349	1.742	85.043	2643.185	0.5847	0.6894
1.902	 2	76.7	10.238	0.0021	1516.741	1.747	83.9582	2649.733	0.5818	0.6816
1.912	 2	77.7	10.238	0.002	1517.64	1.742	83.9582	2643.803	0.5847	0.6858
1.922	 2	78.7	10.243	0.0017	1513.222	1.744	83.8401	2639.021	0.5835	0.6855
1.932	 2	79.7	10.289	0.0016	1517.328	1.7377	81.8127	2636.685	0.5872	0.6885
1.942	 2	80.7	10.392	0.0007	1519.965	1.6961	79.4992	2578.03	0.6113	0.6923
1.952	 2	81.7	10.497	0.0003	1531.961	1.703	76.336	2608.901	0.6073	0.6945
1.962	 2	82.7	10.507	0.0	108.1178	1.7357	75.2319	187.6651	0.5883	0.6979
1.972	 2	83.7	10.51	0.0013	1560.505	1.7425	74.2753	2719.13	0.5844	0.711
1.982	 2	84.7	10.522	0.0013	1540.105	1.727	73.1404	2659.835	0.5934	0.7357
1.992	 2	85.7	10.496	0.0003	1546.714	1.7242	73.662	2666.845	0.595	0.786
2.002	 2	86.7	10.48	0.0004	1544.584	1.725	72.181	2664.376	0.5946	0.882
2.012	 2	87.7	10.428	0.0006	1533.078	1.7382	72.3054	2664.864	0.5869	1.065
2.022	 2	88.7	10.603	0.0004	1538.004	1.7291	67.1855	2659.302	0.5922	1.3588
2.032	 2	89.7	10.713	0.0	110.2376	1.6316	64.3806	179.8589	0.6487	1.6404
2.042	 3	0.4	10.776	0.0	110.8859	1.381	61.6434	153.1319	0.7941	1.6581
2.052	 3	1.4	10.792	0.0	111.0505	1.6332	61.3825	181.3728	0.6478	1.3801
2.062	 3	2.4	10.818	0.0002	1551.858	1.6425	60.9617	2549.0	0.6424	1.0717
2.072	 3	3.4	10.802	0.001	1544.246	1.7111	62.0475	2642.408	0.6026	0.8727
2.082	 3	4.4	10.755	0.0001	1547.26	1.6779	62.826	2596.104	0.6219	0.7587
2.092	 3	5.4	10.452	0.0001	1551.202	1.7247	67.2829	2675.304	0.5947	0.6988
2.102	 3	6.4	10.288	0.0032	1538.278	1.766	70.4167	2716.616	0.5708	0.6682
2.112	 3	7.4	10.18	0.0053	1530.367	1.7242	71.612	2638.628	0.595	0.6539
2.122	 3	8.4	10.142	0.0135	1514.862	1.7352	70.4062	2628.564	0.5886	0.6474
2.132	 3	9.4	10.125	0.0133	1511.194	1.7525	70.7482	2648.365	0.5786	0.6418
2.142	 3	10.4	10.125	0.0146	1513.679	1.7257	69.7517	2612.167	0.5941	0.6365
2.152	 3	11.4	10.125	0.0196	1512.323	1.7182	69.7517	2598.517	0.5985	0.628
2.162	 3	12.4	10.124	0.0185	1512.399	1.7539	68.7749	2652.607	0.5778	0.6189
2.172	 3	13.4	10.125	0.0157	1513.679	1.7457	68.7553	2642.476	0.5825	0.6104
2.182	 3	14.4	10.124	0.0156	1512.399	1.7582	67.7782	2659.167	0.5753	0.6027
2.192	 3	15.4	10.129	0.0145	1509.313	1.7238	66.6862	2601.793	0.5952	0.5976
2.202	 3	16.4	10.136	0.0121	1508.782	1.7262	65.56	2604.516	0.5938	0.5935
2.212	 3	17.4	10.141	0.0099	1506.164	1.6978	64.4747	2557.212	0.6103	0.5894
2.222	 3	18.4	10.145	0.0086	1498.744	1.7122	64.4014	2566.104	0.602	0.5888
2.232	 3	19.4	10.155	0.0068	1500.443	1.6914	63.2304	2537.873	0.614	0.59
2.242	 3	20.4	10.16	0.0068	1496.98	1.7002	63.1406	2545.183	0.6089	0.5941
2.252	 3	21.4	10.171	0.0062	1495.076	1.6812	63.9272	2513.588	0.6199	0.597
2.262	 3	22.4	10.18	0.0069	1494.422	1.6417	65.7261	2453.411	0.6429	0.6042
2.272	 3	23.4	10.181	0.0065	1492.377	1.69	69.6303	2522.115	0.6149	0.6148
2.282	 3	24.4	10.181	0.006	1497.867	1.7416	73.5532	2608.732	0.5849	0.6247
2.292	 3	25.4	10.185	0.0059	1510.679	1.7788	78.3678	2687.135	0.5634	0.6272
2.302	 3	26.4	10.184	0.006	1517.735	1.7742	82.3095	2692.712	0.566	0.6261
2.312	 3	27.4	10.185	0.0056	1522.194	1.7929	85.225	2729.115	0.5552	0.6241
2.322	 3	28.4	10.19	0.0061	1526.135	1.8245	86.0825	2784.485	0.5368	0.6237
2.332	 3	29.4	10.19	0.0055	1527.507	1.8109	87.0608	2766.208	0.5447	0.6217
2.342	 3	30.4	10.191	0.0061	1526.513	1.8101	87.0361	2763.131	0.5452	0.6243
2.352	 3	31.4	10.19	0.0057	1525.906	1.8126	86.0825	2765.825	0.5437	0.63
2.362	 3	32.4	10.195	0.0056	1525.284	1.7889	84.9839	2728.529	0.5575	0.6369
2.372	 3	33.4	10.195	0.0061	1521.188	1.7522	83.0303	2665.403	0.5788	0.6443
2.382	 3	34.4	10.195	0.0072	1513.06	1.7622	81.0766	2666.263	0.573	0.648
2.392	 3	35.4	10.2	0.005	1515.151	1.7641	79.0111	2672.919	0.5719	0.6478
2.402	 3	36.4	10.197	0.0062	1514.706	1.754	78.1019	2656.818	0.5777	0.6462
2.412	 3	37.4	10.195	0.0064	1512.162	1.7399	76.1925	2630.939	0.5859	0.6464
2.422	 3	38.4	10.195	0.0075	1508.359	1.7426	75.2157	2628.487	0.5843	0.6483
2.432	 3	39.4	10.194	0.0081	1511.79	1.7137	73.2828	2590.797	0.6011	0.648
2.442	 3	40.4	10.194	0.0083	1511.79	1.7257	71.3285	2608.939	0.5941	0.6465
2.452	 3	41.4	10.19	0.0144	1514.341	1.7108	71.4094	2590.778	0.6028	0.6441
2.462	 3	42.4	10.185	0.0147	1508.219	1.712	70.531	2582.019	0.6021	0.6436
2.472	 3	43.4	10.185	0.01	1505.543	1.7236	69.5514	2595.007	0.5953	0.6421
2.482	 3	44.4	10.181	0.0078	1504.507	1.7079	69.6303	2569.532	0.6045	0.6429
2.492	 3	45.4	10.181	0.0074	1504.507	1.7192	69.6303	2586.558	0.5979	0.6435
2.502	 3	46.4	10.181	0.0087	1503.84	1.7144	69.6303	2578.222	0.6007	0.6473
2.512	 3	47.4	10.176	0.0071	1504.213	1.7195	70.7112	2586.421	0.5978	0.6485
2.522	 3	48.4	10.176	0.0074	1505.325	1.7177	71.6933	2585.632	0.5988	0.6493
2.532	 3	49.4	10.186	0.0071	1505.024	1.7289	73.449	2602.033	0.5923	0.6495
2.542	 3	50.4	10.186	0.0065	1507.028	1.7392	75.4076	2621.091	0.5863	0.6491
2.552	 3	51.4	10.191	0.0069	1513.59	1.7572	76.2788	2659.724	0.5759	0.6503
2.562	 3	52.4	10.196	0.0075	1513.433	1.7511	78.124	2650.147	0.5794	0.6485
2.572	 3	53.4	10.2	0.0066	1515.151	1.7746	79.0111	2688.718	0.5658	0.6482
2.582	 3	54.4	10.209	0.0055	1516.488	1.7654	79.7832	2677.211	0.5711	0.6485
2.592	 3	55.4	10.215	0.0044	1514.68	1.7628	79.6481	2670.066	0.5726	0.6516
2.602	 3	56.4	10.233	0.0037	1513.086	1.7603	79.2446	2663.514	0.5741	0.6534
2.612	 3	57.4	10.241	0.0034	1516.511	1.7847	80.0304	2706.5	0.5599	0.6553
2.622	 3	58.4	10.242	0.0032	1519.134	1.7513	80.0079	2660.421	0.5793	0.657
2.632	 3	59.4	10.252	0.0032	1516.12	1.769	79.7831	2682.07	0.569	0.6607
2.642	 3	60.4	10.252	0.0033	1522.197	1.7748	78.8218	2701.539	0.5657	0.662
2.652	 3	61.4	10.246	0.0042	1523.116	1.7556	77.9921	2673.953	0.5768	0.6684
2.662	 3	62.4	10.246	0.0043	1518.826	1.7534	76.0664	2663.102	0.5781	0.6739
2.672	 3	63.4	10.245	0.0052	1518.678	1.7446	75.1247	2649.426	0.5832	0.6762
2.682	 3	64.4	10.247	0.0049	1519.425	1.7617	73.1572	2676.744	0.5733	0.6749
2.692	 3	65.4	10.242	0.005	1516.884	1.767	71.3324	2680.274	0.5702	0.6733
2.702	 3	66.4	10.236	0.0049	1520.048	1.7702	70.4874	2690.81	0.5683	0.6697
2.712	 3	67.4	10.227	0.0046	1513.99	1.7452	68.7304	2642.15	0.5829	0.6692
2.722	 3	68.4	10.226	0.0055	1509.15	1.7239	67.7815	2601.694	0.5952	0.6645
2.732	 3	69.4	10.222	0.0052	1507.67	1.7261	66.8886	2602.439	0.5939	0.6599
2.742	 3	70.4	10.219	0.0047	1508.562	1.7179	66.9453	2591.559	0.5987	0.6561
2.752	 3	71.4	10.214	0.0051	1509.384	1.7458	66.0683	2635.133	0.5825	0.6529
2.762	 3	72.4	10.209	0.0047	1508.868	1.735	67.1347	2617.919	0.5887	0.6484
2.772	 3	73.4	10.21	0.0049	1510.578	1.7668	67.1157	2668.897	0.5703	0.6452
2.782	 3	74.4	10.2	0.0045	1515.602	1.7676	67.3058	2678.962	0.5698	0.6414
2.792	 3	75.4	10.196	0.0046	1517.262	1.7788	66.4054	2698.833	0.5634	0.6397
2.802	 3	76.4	10.194	0.0055	1516.513	1.7655	66.443	2677.373	0.5711	0.64
2.812	 3	77.4	10.184	0.0054	1516.83	1.7597	68.5913	2669.145	0.5744	0.6421
2.822	 3	78.4	10.179	0.0046	1522.663	1.7862	70.6511	2719.789	0.559	0.646
2.832	 3	79.4	10.178	0.005	1528.458	1.8065	72.6342	2761.142	0.5473	0.6488
2.842	 3	80.4	10.175	0.006	1535.154	1.8146	73.6784	2785.675	0.5426	0.6549
2.852	 3	81.4	10.17	0.0059	1536.022	1.8241	75.7506	2801.878	0.5371	0.6603
2.862	 3	82.4	10.159	0.0075	1536.914	1.8446	76.9745	2835.023	0.5252	0.6639
2.872	 3	83.4	10.149	0.0059	1544.279	1.8762	78.1834	2897.323	0.5069	0.6637
2.882	 3	84.4	10.149	0.0066	1546.632	1.8581	7.9173	2873.773	0.5174	0.6636
2.892	 3	85.4	10.144	0.0068	1547.521	1.8711	78.2947	2895.628	0.5098	0.6667
2.902	 3	86.4	10.139	0.0072	1547.23	1.8623	76.4213	2881.46	0.5149	0.6701
2.912	 3	87.4	10.135	0.0062	1550.643	1.8876	74.5212	2926.966	0.5002	0.6708
2.922	 3	88.4	10.136	0.0056	1549.61	1.8587	71.52	2880.328	0.517	0.6687
2.932	 3	89.4	10.14	0.0059	1543.144	1.8515	69.4541	2857.118	0.5212	0.6638
2.942	 3	90.4	10.14	0.0055	1538.695	1.8594	67.4697	2861.032	0.5166	0.6586
2.952	 3	91.4	10.14	0.0064	1535.433	1.8352	63.5009	2817.844	0.5306	0.658
2.962	 3	92.4	10.14	0.0064	1532.185	1.8133	61.5165	2778.248	0.5434	0.6568
2.972	 3	93.4	10.14	0.0058	1530.566	1.8379	58.5399	2813.037	0.5291	0.651
2.982	 3	94.4	10.145	0.0057	1529.243	1.831	56.475	2799.969	0.5331	0.6526
2.992	 3	95.4	10.155	0.0059	1528.677	1.8261	53.3507	2791.578	0.5359	0.6532
3.002	 3	96.4	10.165	0.0063	1528.112	1.8078	50.2437	2762.544	0.5465	0.6534
3.012	 3	97.4	10.175	0.0061	1527.09	1.7959	48.1366	2742.563	0.5534	0.6523
3.022	 3	98.4	10.175	0.006	1522.292	1.7751	45.1894	2702.22	0.5655	0.6486
3.032	 3	99.4	10.18	0.0054	1520.311	1.8111	43.1634	2753.375	0.5446	0.6451
3.042	 3	100.4	10.18	0.0053	1519.403	1.7931	41.2014	2724.467	0.555	0.6429
3.052	 3	101.4	10.18	0.005	1513.53	1.756	39.2395	2657.775	0.5766	0.6386
3.062	 3	102.4	10.18	0.0046	1511.956	1.778	37.2775	2688.319	0.5638	0.6394
3.072	 3	103.4	10.18	0.0038	1513.755	1.7986	36.2965	2722.681	0.5518	0.6368
3.082	 3	104.4	10.18	0.0035	1517.817	1.8065	34.3345	2741.879	0.5473	0.6362
3.092	 3	105.4	10.18	0.0025	1520.084	1.8074	32.3726	2747.469	0.5467	0.6343
3.102	 3	106.4	10.178	0.0024	1518.878	1.7964	31.4094	2728.487	0.5531	0.6335
3.112	 3	107.4	10.175	0.0029	1515.264	1.7776	29.4714	2693.596	0.564	0.6327
3.122	 3	108.4	10.18	0.0026	1517.817	1.7944	28.4486	2723.587	0.5543	0.6301
3.132	 3	109.4	10.175	0.0034	1518.657	1.7726	26.5242	2691.918	0.567	0.6229
3.142	 3	110.4	10.17	0.0034	1516.326	1.8004	25.5781	2729.988	0.5508	0.6171
3.152	 3	111.4	10.145	0.0029	1520.078	1.8032	23.779	2741.01	0.5492	0.6156
3.162	 3	112.4	10.151	0.0027	1513.945	1.7707	20.7711	2680.817	0.568	0.6136
3.172	 3	113.4	10.15	0.0029	1505.711	1.7665	19.7876	2659.871	0.5705	0.6146
3.182	 3	114.4	10.155	0.0027	1506.006	1.7569	18.7715	2645.916	0.576	0.611
3.192	 3	115.4	10.155	0.0028	1503.999	1.761	16.7956	2648.479	0.5737	0.6065
3.202	 3	116.4	10.155	0.0025	1503.108	1.7507	15.8076	2631.51	0.5796	0.6018
3.212	 3	117.4	10.155	0.0024	1503.999	1.7476	14.8196	2628.431	0.5814	0.5998
3.222	 3	118.4	10.155	0.0023	1503.999	1.74	13.8317	2616.901	0.5859	0.5971
3.232	 3	119.4	10.155	0.0022	1501.552	1.7269	13.8317	2593.056	0.5934	0.5994
3.242	 3	120.4	10.154	0.0029	1501.627	1.7337	11.8591	2603.431	0.5895	0.5984
3.252	 3	121.4	10.155	0.0025	1500.887	1.7327	11.8557	2600.526	0.5901	0.5967
3.262	 3	122.4	10.155	0.0026	1498.672	1.7173	10.8677	2573.702	0.599	0.5915
3.272	 3	123.4	10.165	0.0023	1500.59	1.7067	12.8072	2561.104	0.6051	0.5842
3.282	 3	124.4	10.168	0.0022	1500.369	1.7092	10.8277	2564.407	0.6037	0.5786
3.292	 3	125.4	10.171	0.0021	1496.395	1.6905	9.8349	2529.652	0.6146	0.5711
3.302	 3	126.4	10.181	0.0026	1493.911	1.6699	9.8071	2494.635	0.6265	0.566
3.312	 3	127.4	10.182	0.002	1495.594	1.6726	8.8239	2501.461	0.625	0.567
3.322	 3	128.4	10.191	0.0017	1498.236	1.6983	8.8014	2544.396	0.6101	0.5683
3.332	 3	129.4	10.195	0.0014	1505.241	1.7038	8.7914	2564.589	0.6069	0.5742
3.342	 3	130.4	10.206	0.001	1510.433	1.7258	8.7641	2606.726	0.5941	0.581
3.352	 3	131.4	10.215	0.0009	1513.109	1.7147	9.7132	2594.496	0.6005	0.6144
3.362	 3	132.4	10.225	0.0009	1511.903	1.7433	9.6858	2635.759	0.5839	0.6184
3.372	 3	133.4	10.238	0.0015	1510.475	1.7442	9.6504	2634.583	0.5834	0.6193
3.382	 3	134.4	10.243	0.0013	1507.432	1.7412	9.6368	2624.739	0.5852	0.6203
3.392	 3	135.4	10.252	0.0013	1506.097	1.7139	9.6124	2581.249	0.601	0.621
3.402	 3	136.4	10.259	0.0012	1506.461	1.7317	9.5935	2608.802	0.5906	0.6193
3.412	 3	137.4	10.303	0.001	1508.271	1.7048	9.4759	2571.281	0.6063	0.6196
3.422	 3	138.4	10.308	0.0008	1505.697	1.6892	9.4627	2543.408	0.6153	0.6205
3.432	 3	139.4	10.324	0.0013	1514.671	1.668	9.4205	2526.507	0.6276	0.6218
3.442	 3	140.4	10.339	0.003	1503.636	1.6688	8.443	2509.209	0.6272	0.6273
3.452	 3	141.4	10.332	0.0036	1513.403	1.6859	9.3995	2551.372	0.6173	0.6327
3.462	 3	142.4	10.521	0.0011	1517.744	1.6267	8.922	2468.924	0.6516	0.6371
3.472	 3	143.4	10.507	0.0003	1521.871	1.6834	8.9562	2561.985	0.6187	0.6443
3.482	 3	144.4	10.5	0.0	108.0458	1.7168	8.9733	185.491	0.5993	0.6648
3.492	 3	145.4	10.46	0.0007	1498.353	1.6973	8.1651	2543.106	0.6106	0.7079
3.502	 3	146.4	10.464	0.0002	1469.869	1.7102	9.0623	2513.726	0.6031	0.7928
3.512	 3	147.4	10.459	0.0004	1475.176	1.7001	9.0748	2507.986	0.609	0.9415
3.522	 3	148.4	10.461	0.0005	1473.795	1.7076	9.0698	2516.699	0.6046	1.1747
3.532	 3	149.4	10.607	0.0004	1488.911	1.6545	7.8444	2463.376	0.6355	1.4529
3.542	 3	150.4	10.789	0.0	111.0196	1.1147	6.6412	123.7559	0.9485	1.6581
3.552	 4	0.5	10.774	0.0	110.8653	0.8952	7.5012	99.2494	1.0759	1.6092
3.562	 4	1.5	10.792	0.0	111.0505	1.6115	7.4654	178.9552	0.6604	1.3792
3.572	 4	2.5	10.782	0.0	110.9476	1.6674	7.4852	184.9958	0.6279	1.1021
3.582	 4	3.5	10.738	0.0001	1442.117	1.6844	8.4148	2429.156	0.6181	0.8946
3.592	 4	4.5	10.681	0.0	109.9083	1.6639	8.544	182.8774	0.63	0.7644
3.602	 4	5.5	10.28	0.0028	1532.27	1.7319	9.5371	2653.69	0.5906	0.6924
3.612	 4	6.5	10.192	0.0022	1524.151	1.7416	9.7766	2654.448	0.5849	0.6522
3.622	 4	7.5	10.154	0.0043	1516.201	1.7512	9.8826	2655.162	0.5794	0.6332
3.632	 4	8.5	10.13	0.0047	1507.441	1.7688	9.9503	2666.288	0.5692	0.6239
3.642	 4	9.5	10.13	0.0043	1508.114	1.7563	9.9503	2648.658	0.5764	0.6195
3.652	 4	10.5	10.13	0.0035	1506.768	1.7669	9.9503	2662.262	0.5703	0.6187
3.662	 4	11.5	10.128	0.0033	1508.265	1.7817	9.956	2687.344	0.5616	0.6169
3.672	 4	12.5	10.13	0.0031	1512.392	1.8042	10.9454	2728.724	0.5486	0.615
3.682	 4	13.5	10.13	0.003	1514.2	1.771	10.9454	2681.577	0.5679	0.6117
3.692	 4	14.5	10.135	0.0034	1513.816	1.7773	9.9362	2690.567	0.5642	0.6072
3.702	 4	15.5	10.141	0.0036	1512.228	1.764	10.9111	2667.592	0.5719	0.604
3.712	 4	16.5	10.146	0.0034	1510.496	1.7588	10.8956	2656.627	0.575	0.6032
3.722	 4	17.5	10.155	0.0031	1509.588	1.7653	9.8798	2664.933	0.5711	0.6013
3.732	 4	18.5	10.161	0.0029	1510.256	1.7599	10.8492	2657.926	0.5743	0.5999
3.742	 4	19.5	10.171	0.0026	1508.379	1.7351	10.8184	2617.178	0.5887	0.5983
3.752	 4	20.5	10.181	0.0026	1508.073	1.738	9.8071	2620.969	0.587	0.599
3.762	 4	21.5	10.181	0.0025	1504.952	1.721	9.8071	2590.03	0.5969	0.5966
3.772	 4	22.5	10.184	0.0023	1503.839	1.716	10.7786	2580.6	0.5998	0.5951
3.782	 4	23.5	10.186	0.0022	1505.469	1.7307	9.7932	2605.539	0.5912	0.5931
3.792	 4	24.5	10.186	0.0026	1507.251	1.7399	10.7725	2622.402	0.5859	0.5906
3.802	 4	25.5	10.186	0.0027	1505.914	1.7522	9.7932	2638.635	0.5788	0.5874
3.812	 4	26.5	10.186	0.0026	1504.801	1.7537	9.7932	2639.021	0.5779	0.5864
3.822	 4	27.5	10.191	0.0027	1505.318	1.7281	10.7573	2601.265	0.5928	0.5833
3.832	 4	28.5	10.186	0.0038	1503.691	1.7205	10.7725	2587.04	0.5972	0.58
3.842	 4	29.5	10.191	0.0031	1501.99	1.7124	10.7573	2572.075	0.6018	0.577
3.852	 4	30.5	10.185	0.0035	1498.455	1.7078	9.796	2559.078	0.6045	0.5724
3.862	 4	31.5	10.186	0.0031	1500.589	1.7068	9.7932	2561.139	0.6051	0.5757
3.872	 4	32.5	10.185	0.0028	1505.766	1.7428	9.796	2624.23	0.5842	0.5731
3.882	 4	33.5	10.186	0.0039	1509.037	1.7362	8.8139	2619.976	0.5881	0.5729
3.892	 4	34.5	10.181	0.0034	1504.063	1.715	9.8071	2579.5	0.6003	0.5723
3.902	 4	35.5	10.181	0.0032	1502.952	1.7503	9.8071	2630.549	0.5799	0.5736
3.912	 4	36.5	10.181	0.0029	1504.063	1.7307	8.8264	2603.016	0.5913	0.5801
3.922	 4	37.5	10.181	0.0029	1504.507	1.6614	8.8264	2499.543	0.6315	0.5916
3.932	 4	38.5	10.182	0.004	1500.663	1.6453	8.8239	2468.989	0.6408	0.6062
3.942	 4	39.5	10.182	0.0032	1496.033	1.6812	9.8043	2515.062	0.62	0.6201
3.952	 4	40.5	10.182	0.0033	1496.693	1.6217	8.8239	2427.196	0.6545	0.6295
3.962	 4	41.5	10.177	0.0032	1495.738	1.6837	9.8182	2518.389	0.6185	0.6404
3.972	 4	42.5	10.178	0.003	1508.522	1.7498	9.8154	2639.676	0.5801	0.6446
3.982	 4	43.5	10.183	0.0031	1511.952	1.7312	9.8015	2617.532	0.5909	0.6534
3.992	 4	44.5	10.179	0.0028	1514.056	1.7481	9.8127	2646.761	0.5811	0.6603
4.002	 4	45.5	10.183	0.0033	1517.134	1.7661	9.8015	2679.452	0.5707	0.6691
4.012	 4	46.5	10.184	0.0038	1514.8	1.7631	9.7988	2670.787	0.5724	0.6774
4.022	 4	47.5	10.184	0.0028	1518.867	1.777	9.7988	2699.062	0.5644	0.6853
4.032	 4	48.5	10.184	0.0025	1520.908	1.7682	10.7786	2689.206	0.5695	0.6886
4.042	 4	49.5	10.194	0.0029	1514.036	1.7474	9.771	2645.633	0.5816	0.689
4.052	 4	50.5	10.194	0.0028	1511.342	1.7558	9.771	2653.579	0.5767	0.6866
4.062	 4	51.5	10.193	0.0023	1513.887	1.7641	10.7512	2670.619	0.5719	0.6829
4.072	 4	52.5	10.196	0.0022	1515.683	1.7576	10.7421	2663.986	0.5756	0.6793
4.082	 4	53.5	10.192	0.0027	1515.764	1.7702	9.7766	2683.268	0.5683	0.6809
4.092	 4	54.5	10.195	0.0021	1515.76	1.7863	9.7683	2707.588	0.559	0.6805
4.102	 4	55.5	10.196	0.0024	1515.683	1.7586	10.7421	2665.406	0.5751	0.6812
4.112	 4	56.5	10.211	0.0024	1517.687	1.7845	10.6966	2708.245	0.5601	0.6812
4.122	 4	57.5	10.215	0.0019	1522.809	1.7951	10.6845	2733.534	0.5539	0.6791
4.132	 4	58.5	10.225	0.0018	1524.981	1.7769	10.6544	2709.729	0.5644	0.6765
4.142	 4	59.5	10.243	0.0025	1523.349	1.7677	10.6005	2692.881	0.5698	0.6783
4.152	 4	60.5	10.242	0.0023	1521.616	1.7438	9.6395	2653.449	0.5836	0.6821
4.162	 4	61.5	10.237	0.0027	1513.23	1.7194	10.6184	2601.821	0.5978	0.6888
4.172	 4	62.5	10.242	0.003	1510.842	1.7273	9.6395	2609.685	0.5932	0.6942
4.182	 4	63.5	10.232	0.0025	1509.145	1.733	9.6667	2615.273	0.5899	0.6981
4.192	 4	64.5	10.231	0.0024	1507.885	1.7273	10.6364	2604.631	0.5932	0.6985
4.202	 4	65.5	10.233	0.0023	1503.747	1.7126	9.664	2575.255	0.6018	0.6987
4.212	 4	66.5	10.224	0.0022	1502.204	1.7368	9.6885	2608.956	0.5877	0.6948
4.222	 4	67.5	10.228	0.0019	1507.665	1.7318	9.6776	2610.973	0.5906	0.6896
4.232	 4	68.5	10.225	0.0019	1510.563	1.7157	8.7172	2591.663	0.5999	0.6822
4.242	 4	69.5	10.215	0.002	1506.415	1.7267	8.7419	2601.143	0.5936	0.6764
4.252	 4	70.5	10.205	0.0022	1499.853	1.7065	9.7407	2559.552	0.6053	0.6682
4.262	 4	71.5	10.203	0.0026	1499.118	1.6668	8.7716	2498.785	0.6283	0.6589
4.272	 4	72.5	10.194	0.0024	1496.257	1.7081	8.7939	2555.727	0.6044	0.6487
4.282	 4	73.5	10.19	0.0025	1498.309	1.6827	8.8039	2521.229	0.6191	0.6416
4.292	 4	74.5	10.185	0.0027	1498.014	1.6562	8.8164	2481.037	0.6344	0.6347
4.302	 4	75.5	10.178	0.0031	1495.885	1.6827	8.8339	2517.095	0.6191	0.6288
4.312	 4	76.5	10.175	0.0024	1500.959	1.6869	8.8414	2532.016	0.6166	0.6246
4.322	 4	77.5	10.17	0.0023	1502.66	1.7	8.854	2554.53	0.609	0.6232
4.332	 4	78.5	10.16	0.0026	1498.304	1.6745	9.8657	2508.853	0.6239	0.6232
4.342	 4	79.5	10.16	0.0027	1491.924	1.6648	9.8657	2483.76	0.6295	0.6206
4.352	 4	80.5	10.159	0.0028	1490.682	1.6715	9.8685	2491.662	0.6256	0.6166
4.362	 4	81.5	10.153	0.0024	1491.991	1.6696	9.8854	2491.081	0.6267	0.613
4.372	 4	82.5	10.145	0.0024	1494.769	1.6966	8.9171	2535.994	0.611	0.6097
4.382	 4	83.5	10.14	0.0024	1496.9	1.6778	8.9298	2511.445	0.6219	0.6107
4.392	 4	84.5	10.135	0.0027	1495.941	1.7053	9.9362	2551.01	0.606	0.6111
4.402	 4	85.5	10.137	0.0026	1497.563	1.7032	8.9374	2550.631	0.6072	0.6142
4.412	 4	86.5	10.135	0.0024	1498.595	1.6974	9.9362	2543.68	0.6106	0.6185
4.422	 4	87.5	10.131	0.0024	1498.004	1.7226	9.9475	2580.442	0.5959	0.6212
4.432	 4	88.5	10.131	0.0023	1504.008	1.7074	9.9475	2567.995	0.6047	0.6247
4.442	 4	89.5	10.136	0.0026	1506.988	1.754	9.9333	2643.248	0.5777	0.6256
4.452	 4	90.5	10.139	0.0021	1510.578	1.7678	10.9173	2670.414	0.5697	0.6276
4.462	 4	91.5	10.147	0.0018	1508.847	1.741	10.8925	2626.947	0.5853	0.6287
4.472	 4	92.5	10.147	0.0023	1501.48	1.7328	10.8925	2601.783	0.59	0.6258
4.482	 4	93.5	10.153	0.002	1499.926	1.7111	9.8854	2566.548	0.6026	0.615
4.492	 4	94.5	10.155	0.0019	1499.557	1.7022	10.8677	2552.581	0.6078	0.612
4.502	 4	95.5	10.162	0.0018	1497.274	1.6787	10.8461	2513.489	0.6214	0.611
4.512	 4	96.5	10.168	0.0021	1493.756	1.6783	10.8277	2506.96	0.6216	0.6131
4.522	 4	97.5	10.168	0.0018	1492.441	1.6815	10.8277	2509.469	0.6198	0.6137
4.532	 4	98.5	10.173	0.0018	1494.271	1.6829	10.8123	2514.754	0.619	0.6177
4.542	 4	99.5	10.178	0.0019	1495.225	1.6735	10.797	2502.256	0.6244	0.6161
4.552	 4	100.5	10.175	0.0019	1493.907	1.6672	10.8062	2490.58	0.6281	0.6166
4.562	 4	101.5	10.178	0.0019	1494.786	1.6761	9.8154	2505.368	0.6229	0.6175
4.572	 4	102.5	10.177	0.0019	1495.738	1.6837	9.8182	2518.389	0.6185	0.619
4.582	 4	103.5	10.177	0.0017	1499.484	1.703	9.8182	2553.547	0.6073	0.6219
4.592	 4	104.5	10.172	0.0019	1501.846	1.7121	9.8322	2571.267	0.602	0.6236
4.602	 4	105.5	10.172	0.002	1502.067	1.7091	10.8154	2567.19	0.6038	0.6251
4.612	 4	106.5	10.166	0.002	1501.847	1.7083	9.8489	2565.66	0.6042	0.6263
4.622	 4	107.5	10.161	0.0023	1501.33	1.6858	9.8629	2530.917	0.6173	0.6304
4.632	 4	108.5	10.161	0.0023	1500.222	1.7104	9.8629	2565.922	0.603	0.6367
4.642	 4	109.5	10.161	0.0022	1502.44	1.7295	9.8629	2598.497	0.5919	0.6449
4.652	 4	110.5	10.162	0.0021	1508.61	1.7345	9.8601	2616.685	0.589	0.6505
4.662	 4	111.5	10.158	0.0024	1512.507	1.757	9.8713	2657.493	0.576	0.6558
4.672	 4	112.5	10.16	0.002	1512.13	1.7443	9.8657	2637.623	0.5833	0.6617
4.682	 4	113.5	10.157	0.002	1512.133	1.7615	9.8741	2663.695	0.5733	0.6694
4.692	 4	114.5	10.163	0.002	1517.319	1.7677	9.8573	2682.187	0.5698	0.6732
4.702	 4	115.5	10.163	0.002	1518.906	1.7813	9.8573	2705.678	0.5619	0.6758
4.712	 4	116.5	10.163	0.0019	1521.635	1.7791	9.8573	2707.146	0.5632	0.6756
4.722	 4	117.5	10.162	0.0021	1522.625	1.7825	9.8601	2714.027	0.5612	0.6783
4.732	 4	118.5	10.163	0.0016	1525.976	1.8026	8.8716	2750.746	0.5495	0.6836
4.742	 4	119.5	10.162	0.0016	1529.961	1.8087	8.8741	2767.205	0.546	0.6879
4.752	 4	120.5	10.168	0.0016	1532.942	1.8037	10.8277	2764.943	0.5489	0.6917
4.762	 4	121.5	10.166	0.0016	1533.102	1.7998	8.864	2759.283	0.5512	0.696
4.772	 4	122.5	10.167	0.0016	1529.562	1.8026	8.8615	2757.123	0.5496	0.7
4.782	 4	123.5	10.172	0.0014	1530.775	1.7801	8.8489	2724.896	0.5626	0.7044
4.792	 4	124.5	10.178	0.0013	1531.908	1.8	8.8339	2757.37	0.5511	0.7073
4.802	 4	125.5	10.183	0.0013	1535.434	1.8069	8.8214	2774.396	0.547	0.7088
4.812	 4	126.5	10.188	0.0012	1535.031	1.794	8.8089	2753.803	0.5545	0.7078
4.822	 4	127.5	10.198	0.0012	1533.303	1.8121	8.784	2778.571	0.544	0.706
4.832	 4	128.5	10.199	0.0012	1532.993	1.7933	8.7815	2749.165	0.5549	0.7054
4.842	 4	129.5	10.2	0.0011	1530.842	1.7857	7.8036	2733.681	0.5593	0.7046
4.852	 4	130.5	10.209	0.0011	1534.265	1.7968	7.7837	2756.715	0.5529	0.7116
4.862	 4	131.5	10.212	0.0011	1534.024	1.7878	8.7493	2742.56	0.5581	0.7373
4.872	 4	132.5	10.22	0.0011	1536.149	1.8027	9.6995	2769.157	0.5495	0.7374
4.882	 4	133.5	10.231	0.0009	1537.34	1.7945	8.7025	2758.798	0.5542	0.7402
4.892	 4	134.5	10.234	0.0009	1536.637	1.7731	8.6951	2724.612	0.5666	0.738
4.902	 4	135.5	10.241	0.0009	1536.765	1.7924	9.6422	2754.573	0.5554	0.737
4.912	 4	136.5	10.248	0.0008	1532.526	1.7666	9.6232	2707.296	0.5704	0.7299
4.922	 4	137.5	10.253	0.0008	1526.426	1.7578	9.6097	2683.19	0.5755	0.728
4.932	 4	138.5	10.263	0.0008	1525.87	1.7637	9.5827	2691.116	0.5721	0.726
4.942	 4	139.5	10.298	0.0009	1524.726	1.7508	9.4892	2669.443	0.5796	0.7273
4.952	 4	140.5	10.329	0.0015	1534.086	1.7743	9.4073	2721.906	0.566	0.7256
4.962	 4	141.5	10.339	0.0016	1538.542	1.7407	9.3812	2678.169	0.5854	0.7237
4.972	 4	142.5	10.561	0.0007	1549.67	1.7105	9.7079	2650.751	0.6029	0.7235
4.982	 4	143.5	10.52	0.0003	1539.813	1.7364	9.8169	2673.756	0.5879	0.7337
4.992	 4	144.5	10.511	0.0	108.159	1.736	8.9464	187.7666	0.5882	0.7556
5.002	 4	145.5	10.481	0.0	107.8503	1.7153	8.1181	184.9958	0.6002	0.8008
5.012	 4	146.5	10.483	0.0	107.8709	1.7025	9.0152	183.6545	0.6076	0.8977
5.022	 4	147.5	10.46	0.0002	1456.622	1.6813	8.1651	2448.952	0.6199	1.0631
5.032	 4	148.5	10.47	0.001	1480.696	1.6894	8.1427	2501.477	0.6152	1.3073
5.042	 4	149.5	10.629	0.0014	1508.515	1.6511	7.7979	2490.646	0.6374	1.5594
5.052	 4	150.5	10.821	0.0	111.3489	0.5859	7.4084	65.2401	1.2553	1.7017
5.062	 5	0.5	10.818	0.0	111.3181	1.4405	6.5905	160.3513	0.7596	1.6314
5.072	 5	1.5	10.828	0.0	111.421	1.6686	7.3947	185.9221	0.6272	1.4031
5.082	 5	2.5	10.804	0.0002	1550.072	1.6947	7.4418	2626.978	0.6121	1.1515
5.092	 5	3.5	10.755	0.0001	1304.743	1.6848	8.3768	2198.218	0.6179	0.9508
5.102	 5	4.5	10.694	0.0	110.0421	1.6619	8.5143	182.8774	0.6312	0.8297
5.112	 5	5.5	10.289	0.0004	1534.984	1.7009	9.5131	2610.799	0.6085	0.7534
5.122	 5	6.5	10.234	0.002	1531.348	1.71	9.6613	2618.613	0.6032	0.712
5.132	 5	7.5	10.199	0.0042	1524.742	1.7416	9.7572	2655.526	0.5849	0.6804
5.142	 5	8.5	10.144	0.0083	1519.7	1.7526	9.9107	2663.443	0.5785	0.6632
5.152	 5	9.5	10.146	0.0101	1518.181	1.7541	8.9146	2663.073	0.5777	0.6547
5.162	 5	10.5	10.145	0.0086	1523.502	1.7608	9.9079	2682.615	0.5738	0.6499
5.172	 5	11.5	10.139	0.0099	1522.372	1.7245	9.9248	2625.369	0.5948	0.6496
5.182	 5	12.5	10.141	0.0107	1517.886	1.7772	9.9192	2697.648	0.5642	0.6488
5.192	 5	13.5	10.142	0.008	1523.509	1.6895	8.9247	2574.0	0.6151	0.6545
5.202	 5	14.5	10.142	0.0143	1509.676	1.6509	9.9164	2492.352	0.6375	0.6549
5.212	 5	15.5	10.151	0.0125	1508.545	1.6768	8.9019	2529.534	0.6225	0.6495
5.222	 5	16.5	10.161	0.0079	1518.38	1.7338	8.8766	2632.506	0.5895	0.6427
5.232	 5	17.5	10.171	0.0079	1525.803	1.7806	9.8349	2716.798	0.5623	0.6386
5.242	 5	18.5	10.177	0.0078	1530.146	1.7713	9.8182	2710.299	0.5677	0.6393
5.252	 5	19.5	10.186	0.0069	1530.119	1.7672	9.7932	2703.997	0.5701	0.6417
5.262	 5	20.5	10.197	0.0078	1531.541	1.7432	9.7627	2669.773	0.584	0.6447
5.272	 5	21.5	10.191	0.0082	1529.721	1.7647	9.7793	2699.562	0.5715	0.6432
5.282	 5	22.5	10.191	0.007	1533.404	1.7883	9.7793	2742.154	0.5578	0.6375
5.292	 5	23.5	10.195	0.0073	1543.294	1.8473	9.7683	2850.931	0.5236	0.6343
5.302	 5	24.5	10.196	0.0063	1542.745	1.7664	8.789	2725.092	0.5705	0.6267
5.312	 5	25.5	10.193	0.0092	1528.874	1.7479	9.7738	2672.295	0.5813	0.6213
5.322	 5	26.5	10.192	0.0074	1521.194	1.7859	8.7989	2716.628	0.5593	0.6185
5.332	 5	27.5	10.192	0.0061	1528.494	1.7144	8.7989	2620.394	0.6007	0.6217
5.342	 5	28.5	10.192	0.0139	1520.286	1.7007	8.7989	2585.609	0.6086	0.6277
5.352	 5	29.5	10.196	0.0086	1511.638	1.6586	8.789	2507.27	0.633	0.6332
5.362	 5	30.5	10.197	0.0075	1506.871	1.699	8.7865	2560.209	0.6096	0.636
5.372	 5	31.5	10.194	0.0063	1512.687	1.7766	8.7939	2687.368	0.5646	0.6409
5.382	 5	32.5	10.191	0.005	1524.458	1.7806	9.7793	2714.423	0.5623	0.6424
5.392	 5	33.5	10.187	0.0067	1527.516	1.8125	9.7904	2768.549	0.5438	0.6445
5.402	 5	34.5	10.192	0.0063	1530.56	1.8172	9.7766	2781.313	0.5411	0.6459
5.412	 5	35.5	10.192	0.0071	1530.33	1.8185	9.7766	2782.927	0.5403	0.6479
5.422	 5	36.5	10.187	0.0062	1532.341	1.8098	10.7695	2773.255	0.5454	0.6508
5.432	 5	37.5	10.187	0.0048	1531.88	1.799	9.7904	2755.878	0.5516	0.6558
5.442	 5	38.5	10.187	0.0062	1528.432	1.8168	10.7695	2776.781	0.5413	0.663
5.452	 5	39.5	10.188	0.0052	1526.521	1.8106	10.7664	2763.959	0.5449	0.6696
5.462	 5	40.5	10.183	0.0062	1523.489	1.791	10.7817	2728.529	0.5563	0.6717
5.472	 5	41.5	10.178	0.0062	1517.519	1.757	10.797	2666.248	0.576	0.6804
5.482	 5	42.5	10.183	0.0062	1514.201	1.733	10.7817	2624.183	0.5899	0.6822
5.492	 5	43.5	10.179	0.0051	1508.0	1.7295	10.7939	2608.059	0.5919	0.6811
5.502	 5	44.5	10.184	0.0046	1507.178	1.7104	10.7786	2577.803	0.603	0.6809
5.512	 5	45.5	10.183	0.004	1511.055	1.7515	10.7817	2646.55	0.5792	0.679
5.522	 5	46.5	10.179	0.004	1510.91	1.7426	9.8127	2632.892	0.5843	0.6779
5.532	 5	47.5	10.19	0.0052	1506.951	1.7132	10.7603	2581.721	0.6014	0.6816
5.542	 5	48.5	10.19	0.0053	1507.173	1.7034	9.7821	2567.361	0.6071	0.6841
5.552	 5	49.5	10.195	0.0048	1512.162	1.7426	10.7451	2635.115	0.5843	0.6855
5.562	 5	50.5	10.195	0.0056	1512.387	1.7109	9.7683	2587.514	0.6027	0.6857
5.572	 5	51.5	10.196	0.0048	1506.501	1.7248	10.7421	2598.393	0.5947	0.6842
5.582	 5	52.5	10.195	0.0049	1509.476	1.7219	9.7683	2599.233	0.5963	0.6821
5.592	 5	53.5	10.2	0.0043	1514.027	1.7286	9.7545	2617.214	0.5924	0.6819
5.602	 5	54.5	10.193	0.0049	1511.866	1.7286	9.7738	2613.44	0.5924	0.6811
5.612	 5	55.5	10.197	0.0044	1513.357	1.7377	9.7627	2629.723	0.5872	0.6807
5.622	 5	56.5	10.205	0.0042	1510.956	1.7098	9.7407	2583.431	0.6034	0.6801
5.632	 5	57.5	10.206	0.0046	1508.201	1.7043	9.7379	2570.423	0.6066	0.6794
5.642	 5	58.5	10.211	0.0046	1512.069	1.7374	10.6966	2627.116	0.5873	0.6778
5.652	 5	59.5	10.238	0.0043	1517.64	1.724	9.6504	2616.473	0.5951	0.679
5.662	 5	60.5	10.238	0.0047	1515.394	1.7356	9.6504	2630.118	0.5884	0.6814
5.672	 5	61.5	10.238	0.0036	1513.601	1.7268	9.6504	2613.635	0.5935	0.6839
5.682	 5	62.5	10.231	0.0039	1516.827	1.755	9.6694	2662.076	0.5771	0.6895
5.692	 5	63.5	10.233	0.0031	1520.731	1.7594	9.664	2675.541	0.5746	0.6935
5.702	 5	64.5	10.227	0.0035	1523.008	1.7708	10.6484	2696.973	0.568	0.6966
5.712	 5	65.5	10.225	0.0039	1524.981	1.7655	9.6858	2692.314	0.5711	0.7051
5.722	 5	66.5	10.22	0.0037	1527.197	1.7787	9.6995	2716.456	0.5634	0.7112
5.732	 5	67.5	10.21	0.0035	1526.159	1.7982	9.7269	2744.365	0.5521	0.7174
5.742	 5	68.5	10.205	0.0041	1523.817	1.7756	9.7407	2705.676	0.5652	0.7226
5.752	 5	69.5	10.197	0.0041	1521.259	1.776	9.7627	2701.801	0.5649	0.7223
5.762	 5	70.5	10.19	0.0039	1521.804	1.8057	9.7821	2747.879	0.5478	0.7205
5.772	 5	71.5	10.19	0.0033	1528.882	1.7859	9.7821	2730.404	0.5592	0.7172
5.782	 5	72.5	10.183	0.0034	1530.128	1.8053	9.8015	2762.301	0.548	0.71
5.792	 5	73.5	10.18	0.0033	1530.137	1.7847	8.8289	2730.908	0.5599	0.7037
5.802	 5	74.5	10.169	0.0041	1522.078	1.7755	8.8565	2702.468	0.5652	0.7
5.812	 5	75.5	10.167	0.0038	1520.64	1.7667	9.8461	2686.522	0.5704	0.6951
5.822	 5	76.5	10.16	0.0034	1518.912	1.7595	8.8791	2672.476	0.5746	0.6898
5.832	 5	77.5	10.154	0.0044	1516.428	1.7325	8.8943	2627.252	0.5902	0.6839
5.842	 5	78.5	10.146	0.0037	1517.726	1.7675	8.9146	2682.628	0.5699	0.6771
5.852	 5	79.5	10.145	0.0033	1523.96	1.7636	8.9171	2687.703	0.5721	0.674
5.862	 5	80.5	10.143	0.0045	1518.186	1.7131	8.9222	2600.805	0.6014	0.6724
5.872	 5	81.5	10.138	0.0054	1512.231	1.7337	8.9349	2621.823	0.5895	0.6685
5.882	 5	82.5	10.13	0.0044	1512.844	1.7321	9.9503	2620.374	0.5904	0.6675
5.892	 5	83.5	10.136	0.0047	1515.324	1.7429	8.94	2641.085	0.5842	0.6674
5.902	 5	84.5	10.131	0.0044	1513.671	1.7331	8.9527	2623.38	0.5898	0.6642
5.912	 5	85.5	10.136	0.0044	1513.74	1.7226	8.94	2607.621	0.5959	0.6637
5.922	 5	86.5	10.142	0.0045	1512.151	1.753	8.9247	2650.735	0.5783	0.6659
5.932	 5	87.5	10.142	0.0039	1511.926	1.7204	8.9247	2601.147	0.5972	0.6682
5.942	 5	88.5	10.148	0.0036	1509.67	1.7354	8.9095	2619.84	0.5885	0.6728
5.952	 5	89.5	10.147	0.0043	1512.671	1.731	7.9218	2618.429	0.5911	0.6754
5.962	 5	90.5	10.147	0.0037	1516.515	1.7838	8.912	2705.193	0.5604	0.6746
5.972	 5	91.5	10.163	0.0027	1526.893	1.7484	7.8858	2669.633	0.581	0.6736
5.982	 5	92.5	10.162	0.0038	1520.347	1.7511	9.8601	2662.205	0.5794	0.6742
5.992	 5	93.5	10.159	0.0035	1517.854	1.7469	8.8817	2651.602	0.5818	0.67
6.002	 5	94.5	10.186	0.0026	1513.297	1.742	8.8139	2636.167	0.5847	0.6717
6.012	 5	95.5	10.181	0.0027	1513.903	1.7243	8.8264	2610.442	0.5949	0.6724
6.022	 5	96.5	10.17	0.0028	1516.326	1.735	8.854	2630.764	0.5888	0.6725
6.032	 5	97.5	10.17	0.0027	1514.971	1.7509	8.854	2652.577	0.5795	0.6724
6.042	 5	98.5	10.171	0.0026	1521.011	1.7812	8.8515	2709.236	0.5619	0.6726
6.052	 5	99.5	10.172	0.0022	1526.869	1.7775	8.8489	2714.054	0.5641	0.676
6.062	 5	100.5	10.169	0.0024	1521.167	1.7664	8.8565	2686.924	0.5706	0.6812
6.072	 5	101.5	10.168	0.0024	1518.292	1.7475	8.859	2653.289	0.5815	0.6865
6.082	 5	102.5	10.172	0.0021	1518.209	1.7509	8.8489	2658.193	0.5795	0.6915
6.092	 5	103.5	10.172	0.0025	1517.077	1.7459	8.8489	2648.722	0.5824	0.6972
6.102	 5	104.5	10.167	0.0025	1519.05	1.7539	8.8615	2664.268	0.5778	0.7016
6.112	 5	105.5	10.166	0.0025	1520.036	1.7263	8.864	2623.967	0.5938	0.7044
6.122	 5	106.5	10.162	0.003	1517.396	1.7535	8.8741	2660.794	0.578	0.7057
6.132	 5	107.5	10.162	0.0025	1520.802	1.785	8.8741	2714.668	0.5597	0.7032
6.142	 5	108.5	10.159	0.0023	1526.292	1.7757	9.8685	2710.197	0.5652	0.7028
6.152	 5	109.5	10.158	0.0024	1526.142	1.7877	8.8842	2728.207	0.5582	0.7045
6.162	 5	110.5	10.159	0.0026	1530.892	1.8118	9.8685	2773.731	0.5442	0.7055
6.172	 5	111.5	10.153	0.0019	1537.401	1.794	9.8854	2758.103	0.5545	0.705
6.182	 5	112.5	10.158	0.0021	1541.894	1.8269	9.8713	2816.942	0.5354	0.7066
6.192	 5	113.5	10.158	0.0019	1538.625	1.8156	9.8713	2793.594	0.542	0.7073
6.202	 5	114.5	10.158	0.0019	1536.298	1.7951	9.8713	2757.744	0.5539	0.711
6.212	 5	115.5	10.163	0.002	1530.803	1.7829	9.8573	2729.313	0.5609	0.7116
6.222	 5	116.5	10.163	0.0018	1528.041	1.7785	9.8573	2717.57	0.5635	0.7155
6.232	 5	117.5	10.158	0.0018	1527.978	1.786	8.8842	2729.041	0.5591	0.7176
6.242	 5	118.5	10.158	0.0016	1536.762	1.7944	9.8713	2757.585	0.5543	0.7204
6.252	 5	119.5	10.157	0.0018	1541.041	1.803	8.8867	2778.538	0.5493	0.7248
6.262	 5	120.5	10.157	0.0022	1537.542	1.8288	8.8867	2811.837	0.5343	0.7263
6.272	 5	121.5	10.158	0.0016	1536.298	1.8289	9.8713	2809.8	0.5343	0.7296
6.282	 5	122.5	10.166	0.0016	1540.07	1.8067	9.8489	2782.375	0.5472	0.7276
6.292	 5	123.5	10.167	0.0018	1536.962	1.8091	9.8461	2780.517	0.5458	0.725
6.302	 5	124.5	10.173	0.0017	1536.475	1.8123	9.8294	2784.564	0.5439	0.7184
6.312	 5	125.5	10.183	0.0015	1538.915	1.8315	9.8015	2818.507	0.5328	0.7123
6.322	 5	126.5	10.187	0.0015	1541.383	1.8177	9.7904	2801.843	0.5408	0.7072
6.332	 5	127.5	10.193	0.0015	1539.728	1.8504	9.7738	2849.123	0.5218	0.7071
6.342	 5	128.5	10.198	0.0015	1539.553	1.8271	9.76	2812.945	0.5353	0.7133
6.352	 5	129.5	10.202	0.0013	1536.909	1.8118	9.7489	2784.52	0.5442	0.7173
6.362	 5	130.5	10.207	0.0011	1530.285	1.7861	9.7352	2733.271	0.5591	0.7233
6.372	 5	131.5	10.209	0.0013	1530.355	1.8171	9.7297	2780.877	0.5411	0.7658
6.382	 5	132.5	10.221	0.0009	1540.235	1.813	9.6967	2792.481	0.5435	0.7713
6.392	 5	133.5	10.23	0.001	1540.663	1.8258	8.7049	2812.876	0.5361	0.7757
6.402	 5	134.5	10.236	0.0008	1544.357	1.8244	8.6902	2817.451	0.5369	0.7771
6.412	 5	135.5	10.243	0.0009	1540.764	1.8091	9.6368	2787.441	0.5457	0.7732
6.422	 5	136.5	10.253	0.0009	1539.721	1.7797	8.6487	2740.253	0.5628	0.7725
6.432	 5	137.5	10.257	0.001	1538.704	1.8083	8.639	2782.454	0.5462	0.772
6.442	 5	138.5	10.268	0.0012	1540.123	1.7972	9.5693	2767.868	0.5527	0.7738
6.452	 5	139.5	10.289	0.0007	1543.968	1.8551	9.5131	2864.289	0.5191	0.7739
6.462	 5	140.5	10.293	0.0003	1580.135	1.8632	8.5522	2944.04	0.5144	0.7714
6.472	 5	141.5	10.385	0.0004	1588.649	1.8401	8.3358	2923.224	0.5278	0.7699
6.482	 5	142.5	10.595	0.0004	1585.84	1.7772	7.8699	2818.405	0.5643	0.775
6.492	 5	143.5	10.588	0.0002	1564.421	1.7563	7.8848	2747.549	0.5764	0.7894
6.502	 5	144.5	10.684	0.0	109.9392	1.7588	7.6834	193.3658	0.5749	0.8249
6.512	 5	145.5	10.583	0.0	108.8999	1.7882	7.8955	194.7331	0.5579	0.8842
6.522	 5	146.5	10.512	0.0	108.1693	1.782	7.1552	192.7599	0.5615	0.9913
6.532	 5	147.5	10.475	0.0	107.7886	1.7749	8.1315	191.3132	0.5656	1.1786
6.542	 5	148.5	10.512	0.0	108.1693	1.784	7.1552	192.9733	0.5603	1.4662
6.552	 5	149.5	10.655	0.0	109.6408	1.7046	6.8831	186.8905	0.6064	1.7997
6.562	 5	150.5	10.796	0.0	111.0917	0.9711	5.8003	107.8831	1.0318	2.0221
6.572	 6	0.5	10.77	0.0	110.8241	0.9219	5.8404	102.1725	1.0604	2.009
6.582	 6	1.5	10.771	0.0	110.8344	1.6856	5.8389	186.8234	0.6174	1.7471
6.592	 6	2.5	10.756	0.0	110.6801	1.7178	6.6997	190.1288	0.5987	1.4159
6.602	 6	3.5	10.7	0.0	110.1038	1.743	6.8005	191.9106	0.5841	1.1466
6.612	 6	4.5	10.638	0.0	109.4658	1.748	7.779	191.3482	0.5812	0.9727
6.622	 6	5.5	10.238	0.002	1556.163	1.818	8.6853	2829.071	0.5406	0.8705
6.632	 6	6.5	10.171	0.006	1548.569	1.7963	8.8515	2781.729	0.5532	0.8077
6.642	 6	7.5	10.152	0.0054	1537.25	1.8003	8.8994	2767.563	0.5509	0.7653
6.652	 6	8.5	10.147	0.0123	1545.15	1.8143	8.912	2803.384	0.5427	0.7371
6.662	 6	9.5	10.141	0.014	1540.951	1.8374	8.9273	2831.325	0.5294	0.7186
6.672	 6	10.5	10.141	0.0092	1543.766	1.829	7.9354	2823.541	0.5342	0.7056
6.682	 6	11.5	10.137	0.0122	1541.046	1.8224	8.9374	2808.383	0.5381	0.6998
6.692	 6	12.5	10.139	0.0143	1538.543	1.8098	8.9324	2784.496	0.5453	0.6924
6.702	 6	13.5	10.147	0.0153	1536.028	1.7935	8.912	2754.789	0.5548	0.6867
6.712	 6	14.5	10.148	0.0139	1535.947	1.8059	8.9095	2773.815	0.5476	0.6834
6.722	 6	15.5	10.152	0.0165	1537.017	1.7858	8.8994	2744.838	0.5593	0.6785
6.732	 6	16.5	10.161	0.0214	1535.358	1.7766	7.8903	2727.707	0.5646	0.6743
6.742	 6	17.5	10.17	0.0185	1535.558	1.7923	8.854	2752.172	0.5555	0.6707
6.752	 6	18.5	10.172	0.0182	1534.238	1.7782	8.8489	2728.129	0.5637	0.6665
6.762	 6	19.5	10.181	0.0181	1531.438	1.7791	8.8264	2724.642	0.5631	0.6647
6.772	 6	20.5	10.185	0.0175	1531.809	1.7583	8.8164	2693.325	0.5753	0.6646
6.782	 6	21.5	10.191	0.0155	1535.252	1.7796	8.8014	2732.172	0.5629	0.6628
6.792	 6	22.5	10.19	0.0143	1533.715	1.7731	8.8039	2719.461	0.5666	0.6603
6.802	 6	23.5	10.191	0.0126	1533.634	1.7815	8.8014	2732.233	0.5618	0.6563
6.812	 6	24.5	10.192	0.0132	1527.807	1.7917	8.7989	2737.297	0.5559	0.6547
6.822	 6	25.5	10.196	0.0114	1527.491	1.8023	7.8124	2753.026	0.5497	0.6557
6.832	 6	26.5	10.196	0.011	1529.553	1.79	7.8124	2737.869	0.5569	0.658
6.842	 6	27.5	10.196	0.01	1532.311	1.7835	8.789	2732.951	0.5606	0.6631
6.852	 6	28.5	10.201	0.0123	1530.303	1.7985	7.8014	2752.251	0.5519	0.6684
6.862	 6	29.5	10.196	0.0112	1528.636	1.8059	8.789	2760.594	0.5476	0.6737
6.872	 6	30.5	10.196	0.0089	1532.542	1.8115	8.789	2776.218	0.5444	0.6779
6.882	 6	31.5	10.196	0.0102	1536.236	1.8132	8.789	2785.447	0.5434	0.6844
6.892	 6	32.5	10.191	0.0103	1536.641	1.8214	7.8235	2798.765	0.5387	0.6846
6.902	 6	33.5	10.191	0.0111	1534.327	1.796	8.8014	2755.708	0.5533	0.6874
6.912	 6	34.5	10.189	0.011	1534.257	1.8091	8.8064	2775.674	0.5457	0.6929
6.922	 6	35.5	10.188	0.0091	1540.369	1.8152	7.8301	2796.152	0.5422	0.6992
6.932	 6	36.5	10.191	0.0104	1539.891	1.8141	7.8235	2793.444	0.5429	0.7132
6.942	 6	37.5	10.191	0.0107	1536.409	1.8016	7.8235	2767.948	0.5501	0.731
6.952	 6	38.5	10.187	0.0101	1537.196	1.8055	8.8114	2775.482	0.5478	0.7438
6.962	 6	39.5	10.187	0.0092	1539.985	1.8049	8.8114	2779.508	0.5482	0.7536
6.972	 6	40.5	10.182	0.01	1540.393	1.8117	8.8239	2790.72	0.5443	0.7589
6.982	 6	41.5	10.187	0.011	1539.287	1.8187	8.8114	2799.565	0.5402	0.769
6.992	 6	42.5	10.183	0.0098	1539.38	1.8118	7.8412	2789.119	0.5442	0.7742
7.002	 6	43.5	10.183	0.0096	1541.711	1.8059	7.8412	2784.221	0.5476	0.777
7.012	 6	44.5	10.177	0.0117	1542.203	1.8146	8.8364	2798.427	0.5426	0.7853
7.022	 6	45.5	10.178	0.01	1543.29	1.8104	7.8523	2794.018	0.545	0.7928
7.032	 6	46.5	10.183	0.0111	1544.048	1.8325	7.8412	2829.468	0.5322	0.7955
7.042	 6	47.5	10.178	0.0108	1542.589	1.8294	7.8523	2821.959	0.534	0.7951
7.052	 6	48.5	10.179	0.011	1545.551	1.8376	8.8314	2840.116	0.5292	0.7939
7.062	 6	49.5	10.183	0.0101	1549.452	1.8342	7.8412	2841.98	0.5312	0.7926
7.072	 6	50.5	10.188	0.0094	1557.084	1.8541	7.8301	2886.936	0.5197	0.7912
7.082	 6	51.5	10.188	0.0106	1560.901	1.8672	8.8089	2914.573	0.512	0.7901
7.092	 6	52.5	10.191	0.0093	1562.078	1.848	8.8014	2886.764	0.5232	0.7907
7.102	 6	53.5	10.187	0.0109	1560.031	1.8556	8.8114	2894.833	0.5188	0.7925
7.112	 6	54.5	10.191	0.0134	1554.691	1.8453	8.8014	2868.861	0.5248	0.7958
7.122	 6	55.5	10.206	0.0157	1555.555	1.8681	8.7641	2905.986	0.5115	0.7974
7.132	 6	56.5	10.215	0.0134	1555.742	1.8328	8.7419	2851.392	0.532	0.7981
7.142	 6	57.5	10.215	0.0132	1557.64	1.8416	8.7419	2868.61	0.5269	0.7955
7.152	 6	58.5	10.214	0.0125	1558.2	1.8415	8.7443	2869.391	0.527	0.7954
7.162	 6	59.5	10.225	0.0113	1559.878	1.8388	8.7172	2868.33	0.5285	0.7943
7.172	 6	60.5	10.22	0.0115	1558.402	1.8548	9.6995	2890.53	0.5193	0.7942
7.182	 6	61.5	10.214	0.011	1562.012	1.8497	8.7443	2889.238	0.5222	0.7929
7.192	 6	62.5	10.21	0.0124	1561.401	1.859	9.7269	2902.713	0.5168	0.7963
7.202	 6	63.5	10.203	0.0126	1561.285	1.8673	8.7716	2915.364	0.512	0.7966
7.212	 6	64.5	10.2	0.012	1563.218	1.8766	9.7545	2933.553	0.5066	0.7999
7.222	 6	65.5	10.194	0.0121	1561.82	1.8651	8.7939	2912.94	0.5133	0.8017
7.232	 6	66.5	10.194	0.0106	1560.864	1.8798	9.771	2934.167	0.5047	0.8017
7.242	 6	67.5	10.184	0.0107	1556.473	1.8534	8.8189	2884.792	0.5201	0.7998
7.252	 6	68.5	10.184	0.0124	1550.076	1.8524	8.8189	2871.338	0.5207	0.7987
7.262	 6	69.5	10.181	0.0123	1547.264	1.8349	8.8264	2839.047	0.5308	0.7991
7.272	 6	70.5	10.178	0.012	1548.691	1.8391	8.8339	2848.264	0.5283	0.798
7.282	 6	71.5	10.175	0.0132	1540.966	1.8083	8.8414	2786.581	0.5462	0.794
7.292	 6	72.5	10.172	0.014	1534.007	1.7862	8.8489	2739.969	0.5591	0.7893
7.302	 6	73.5	10.171	0.0115	1536.869	1.7999	8.8515	2766.202	0.5511	0.7862
7.312	 6	74.5	10.165	0.0102	1538.054	1.8059	8.8665	2777.497	0.5477	0.7802
7.322	 6	75.5	10.166	0.0109	1538.904	1.7956	9.8489	2763.235	0.5536	0.7767
7.332	 6	76.5	10.16	0.0117	1536.135	1.8193	8.8791	2794.624	0.5399	0.7701
7.342	 6	77.5	10.161	0.0116	1533.967	1.8017	8.8766	2763.696	0.5501	0.7613
7.352	 6	78.5	10.155	0.012	1532.368	1.7745	8.8918	2719.145	0.5659	0.754
7.362	 6	79.5	10.151	0.012	1533.615	1.8002	8.9019	2760.794	0.5509	0.7569
7.372	 6	80.5	10.152	0.0097	1542.623	1.8237	9.8882	2813.25	0.5373	0.7525
7.382	 6	81.5	10.152	0.0126	1544.03	1.8304	8.8994	2826.129	0.5334	0.7516
7.392	 6	82.5	10.147	0.0105	1539.757	1.796	8.912	2765.456	0.5533	0.7477
7.402	 6	83.5	10.146	0.0143	1536.342	1.8175	8.9146	2792.24	0.5409	0.7393
7.412	 6	84.5	10.142	0.0121	1535.504	1.7963	8.9247	2758.182	0.5532	0.7309
7.422	 6	85.5	10.142	0.0118	1538.765	1.8325	9.9164	2819.784	0.5322	0.7277
7.432	 6	86.5	10.147	0.0094	1537.657	1.8252	8.912	2806.601	0.5364	0.716
7.442	 6	87.5	10.148	0.0148	1535.482	1.7952	8.9095	2756.513	0.5538	0.71
7.452	 6	88.5	10.147	0.0133	1531.854	1.7889	8.912	2740.403	0.5575	0.7016
7.462	 6	89.5	10.152	0.0122	1534.694	1.7871	8.8994	2742.655	0.5585	0.6931
7.472	 6	90.5	10.153	0.0085	1535.774	1.7812	8.8968	2735.48	0.562	0.6849
7.482	 6	91.5	10.153	0.0071	1537.169	1.7969	8.8968	2762.159	0.5528	0.6803
7.492	 6	92.5	10.153	0.0096	1534.845	1.7979	8.8968	2759.475	0.5523	0.6753
7.502	 6	93.5	10.153	0.0084	1527.226	1.81	8.8968	2764.207	0.5453	0.6704
7.512	 6	94.5	10.153	0.0111	1526.078	1.7545	7.9083	2677.445	0.5775	0.6722
7.522	 6	95.5	10.153	0.0122	1527.456	1.7815	8.8968	2721.152	0.5618	0.674
7.532	 6	96.5	10.153	0.0076	1527.916	1.6976	7.9083	2593.755	0.6105	0.6798
7.542	 6	97.5	10.153	0.015	1517.185	1.7348	7.9083	2632.045	0.5889	0.6844
7.552	 6	98.5	10.152	0.0088	1523.409	1.6998	7.9105	2589.48	0.6092	0.6779
7.562	 6	99.5	10.159	0.0147	1514.912	1.6465	7.8948	2494.29	0.6401	0.6653
7.572	 6	100.5	10.162	0.0138	1508.61	1.6767	7.8881	2529.494	0.6226	0.6541
7.582	 6	101.5	10.168	0.0114	1516.706	1.7553	7.8747	2662.25	0.577	0.6532
7.592	 6	102.5	10.173	0.0084	1522.448	1.7726	8.8464	2698.688	0.5669	0.659
7.602	 6	103.5	10.167	0.0064	1528.412	1.7428	7.8769	2663.721	0.5842	0.667
7.612	 6	104.5	10.172	0.0084	1522.299	1.6822	7.8657	2560.858	0.6194	0.6699
7.622	 6	105.5	10.183	0.0136	1516.682	1.6882	7.8412	2560.484	0.6159	0.6665
7.632	 6	106.5	10.18	0.011	1508.595	1.6806	6.8669	2535.376	0.6203	0.6536
7.642	 6	107.5	10.182	0.0093	1510.683	1.7051	6.863	2575.807	0.6061	0.6386
7.652	 6	108.5	10.187	0.0082	1522.265	1.7867	6.8533	2719.876	0.5587	0.6296
7.662	 6	109.5	10.188	0.0063	1536.188	1.7706	6.8514	2720.005	0.5681	0.6242
7.672	 6	110.5	10.192	0.0077	1523.696	1.6726	6.8436	2548.572	0.6249	0.6258
7.682	 6	111.5	10.193	0.0088	1512.988	1.6546	6.8417	2503.446	0.6354	0.6285
7.692	 6	112.5	10.197	0.0062	1512.908	1.6062	6.8339	2429.992	0.6635	0.6356
7.702	 6	113.5	10.2	0.0081	1508.206	1.5761	6.8281	2377.034	0.6809	0.6423
7.712	 6	114.5	10.206	0.0085	1503.314	1.5785	6.8165	2372.982	0.6795	0.6762
7.722	 6	115.5	10.206	0.0046	1508.647	1.7374	7.7903	2621.072	0.5874	0.6804
7.732	 6	116.5	10.216	0.0035	1537.165	1.7903	7.7684	2752.061	0.5566	0.6794
7.742	 6	117.5	10.226	0.0056	1533.133	1.759	7.7465	2696.804	0.5748	0.6845
7.752	 6	118.5	10.233	0.0035	1531.428	1.7361	7.7312	2658.776	0.5881	0.6911
7.762	 6	119.5	10.238	0.0054	1528.06	1.6817	7.7203	2569.808	0.6196	0.6993
7.772	 6	120.5	10.248	0.0026	1521.83	1.6764	7.6986	2551.125	0.6228	0.7064
7.782	 6	121.5	10.253	0.0021	1522.798	1.6635	7.6878	2533.215	0.6302	0.7118
7.792	 6	122.5	10.273	0.0026	1519.225	1.6263	7.6447	2470.72	0.6518	0.7145
7.802	 6	123.5	10.294	0.0009	1525.715	1.6784	8.5498	2560.713	0.6216	0.7175
7.812	 6	124.5	10.299	0.0005	1538.312	1.6752	8.5379	2577.046	0.6234	0.722
7.822	 6	125.5	10.526	0.0001	1253.095	1.6962	8.0188	2125.481	0.6113	0.7336
7.832	 6	126.5	10.593	0.0	109.0028	1.7057	7.8741	185.9221	0.6058	0.7449
7.842	 6	127.5	10.604	0.0	109.116	1.7358	8.723	189.4041	0.5883	0.7678
7.852	 6	128.5	10.575	0.0	108.8176	1.7852	7.9126	194.2633	0.5596	0.8055
7.862	 6	129.5	10.552	0.0001	1565.579	1.7858	7.9622	2795.804	0.5593	0.8737
7.872	 6	130.5	10.539	0.0002	1558.102	1.7867	7.1026	2783.82	0.5588	1.0022
7.882	 6	131.5	10.52	0.0002	1579.817	1.7641	7.1395	2786.907	0.5719	1.2701
7.892	 6	132.5	10.481	0.0003	1441.48	1.7919	6.3141	2583.009	0.5557	1.8289
7.902	 6	133.5	10.44	0.0003	1429.745	1.7239	4.5612	2464.708	0.5952	2.6998
