Geotek MSCL 7.9 - TN336_JPC26-29.out created at 21:00:52 on 1/23/2016.


Processing Parameters

CT	RCT=11.45	W=1.27
PWAmp	A=1	B=0
PWVel	PTO=26.15
Den1	A=5.9246E-04	B=-.091753	C=9.804
MS1	A=1	B=0	Den=0	LD=14	
FP	MGD=2.75	WD=1.026	
RES	A=536.0255	B=-1.092736	p=0	


SB DEPTH	SECT NUM	SECT DEPTH	CT	PWAmp	PWVel	Den1	MS1	Imp	FP	RES
m		cm	cm		m/s	g/cc	SI x 10^-5			Ohm.m

-0.637	cal sect	0.0	10.695	0.0003						85.7605
-0.577	cal sect	6.0	10.456	0.0112	1479.972	1.156	-0.9082		0.9246	15.8868
-0.517	cal sect	12.1	10.19	0.0223	1473.395	1.16	-0.9782	1709.139	0.9223	14.3115
-0.457	cal sect	18.1	10.192	0.022	1467.531	1.1483	-0.9777	1685.104	0.9291	13.6806
-0.397	cal sect	24.1	10.379	0.0055	1468.242	1.1443	-0.9277	1680.104	0.9314	10.5864
-0.337	cal sect	30.1	10.678	0.0148	1491.757	1.1264	-1.7102	1680.279	0.9418	3.7141
-0.277	cal sect	36.1	10.616	0.0135	1507.098	1.123	-0.8695	1692.43	0.9438	0.4768
-0.217	cal sect	42.1	10.259	0.0051	1492.001	1.1753	-0.9594	1753.499	0.9134	0.3655
-0.157	cal sect	48.1	10.218	0.0166	1485.606	1.1669	-0.9705	1733.56	0.9183	0.3695
-0.097	cal sect	54.1	10.41	0.0039	1494.831	1.1301	-0.9198	1689.324	0.9396	0.3753
-0.037	cal sect	60.1	10.488	0.0073	1505.382	1.1629	1.8006	1750.593	0.9206	0.5448
0.003	 1	0.3	10.825	0.0	111.271	1.1397	9.0451	126.8183	0.934	1.0947
0.013	 1	1.3	10.773	0.0	110.7365	1.4216	10.8379	157.4218	0.7705	0.871
0.023	 1	2.3	10.764	0.0031	1447.358	1.433	12.5352	2074.016	0.7639	0.6798
0.033	 1	3.3	10.725	0.0004	1542.278	1.4324	13.5104	2209.203	0.7643	0.5646
0.043	 1	4.3	10.655	0.0	109.5236	1.4431	13.7662	158.0528	0.7581	0.501
0.053	 1	5.3	10.262	0.0007	1532.786	1.4683	15.3367	2250.537	0.7435	0.467
0.063	 1	6.3	10.223	0.0006	1530.618	1.4797	15.506	2264.917	0.7368	0.4458
0.073	 1	7.3	10.2	0.0029	1521.026	1.4939	15.6071	2272.272	0.7286	0.4325
0.083	 1	8.3	10.185	0.0054	1510.231	1.494	15.6736	2256.336	0.7285	0.4234
0.093	 1	9.3	10.167	0.0161	1500.0	1.5334	15.7538	2300.036	0.7057	0.4171
0.103	 1	10.3	10.156	0.0152	1492.871	1.5265	14.8154	2278.801	0.7097	0.4154
0.113	 1	11.3	10.156	0.0239	1500.148	1.5326	14.8154	2299.131	0.7061	0.4141
0.123	 1	12.3	10.151	0.0189	1498.524	1.5103	14.8365	2263.177	0.7191	0.4141
0.133	 1	13.3	10.156	0.0061	1487.187	1.5019	13.8277	2233.669	0.7239	0.4153
0.143	 1	14.3	10.155	0.0094	1497.788	1.5218	13.8317	2279.36	0.7124	0.4175
0.153	 1	15.3	10.151	0.0238	1490.602	1.528	13.8474	2277.651	0.7088	0.4209
0.163	 1	16.3	10.15	0.0227	1480.455	1.5306	13.8513	2265.93	0.7073	0.4262
0.173	 1	17.3	10.151	0.017	1482.764	1.5377	13.8474	2279.982	0.7032	0.4312
0.183	 1	18.3	10.151	0.0283	1480.601	1.5272	13.8474	2261.185	0.7093	0.433
0.193	 1	19.3	10.15	0.015	1478.083	1.5157	14.8407	2240.309	0.716	0.4345
0.203	 1	20.3	10.155	0.0211	1483.348	1.5255	14.8196	2262.906	0.7102	0.4326
0.213	 1	21.3	10.156	0.0093	1481.114	1.5502	15.8031	2295.971	0.696	0.4306
0.223	 1	22.3	10.161	0.0106	1480.116	1.5497	14.7944	2293.698	0.6962	0.4277
0.233	 1	23.3	10.166	0.0164	1481.061	1.5626	16.7432	2314.311	0.6887	0.4304
0.243	 1	24.3	10.171	0.0089	1486.119	1.5462	15.7359	2297.909	0.6982	0.4333
0.253	 1	25.3	10.176	0.0096	1488.807	1.5358	15.7136	2286.452	0.7043	0.4364
0.263	 1	26.3	10.186	0.0101	1485.273	1.5294	16.6484	2271.615	0.708	0.4393
0.273	 1	27.3	10.189	0.0068	1490.274	1.5566	16.6343	2319.767	0.6922	0.4427
0.283	 1	28.3	10.197	0.0122	1490.789	1.5488	16.5967	2308.972	0.6967	0.4453
0.293	 1	29.3	10.202	0.0112	1488.691	1.5394	16.5732	2291.67	0.7022	0.4468
0.303	 1	30.3	10.207	0.0085	1490.073	1.543	16.5498	2299.125	0.7001	0.4518
0.313	 1	31.3	10.207	0.0078	1485.735	1.5671	16.5498	2328.27	0.6861	0.4766
0.323	 1	32.3	10.212	0.0079	1490.585	1.5683	16.5264	2337.619	0.6855	0.4807
0.333	 1	33.3	10.217	0.0096	1492.622	1.5733	17.4739	2348.385	0.6825	0.4873
0.343	 1	34.3	10.217	0.0093	1490.445	1.5315	17.4739	2282.579	0.7068	0.492
0.353	 1	35.3	10.222	0.0137	1487.919	1.5499	16.4798	2306.185	0.6961	0.5199
0.363	 1	36.3	10.221	0.0078	1492.553	1.5509	16.4845	2314.817	0.6955	0.5222
0.373	 1	37.3	10.231	0.0112	1496.198	1.5429	17.405	2308.429	0.7002	0.5239
0.383	 1	38.3	10.232	0.0102	1493.504	1.5468	17.4001	2310.138	0.6979	0.5222
0.393	 1	39.3	10.237	0.0169	1494.671	1.5493	16.4103	2315.702	0.6965	0.5206
0.403	 1	40.3	10.242	0.0071	1493.656	1.538	16.3872	2297.181	0.703	0.5195
0.413	 1	41.3	10.27	0.0104	1498.177	1.5193	16.2587	2276.191	0.7139	0.5197
0.423	 1	42.3	10.295	0.0084	1496.584	1.5167	16.1451	2269.839	0.7154	0.5225
0.433	 1	43.3	10.301	0.0058	1499.418	1.5198	16.1181	2278.793	0.7136	0.5214
0.443	 1	44.3	10.323	0.0112	1496.955	1.5254	15.077	2283.387	0.7104	0.5193
0.453	 1	45.3	10.311	0.0134	1484.238	1.5425	15.1276	2289.485	0.7004	0.5172
0.463	 1	46.3	10.451	0.0049	1493.854	1.5262	14.5517	2279.88	0.7099	0.5137
0.473	 1	47.3	10.451	0.0062	1492.787	1.512	14.5517	2257.064	0.7181	0.5175
0.483	 1	48.3	10.457	0.0002	1532.61	1.5405	14.5277	2360.975	0.7016	0.5287
0.493	 1	49.3	10.446	0.0047	1510.411	1.5372	15.4824	2321.807	0.7035	0.549
0.503	 1	50.3	10.441	0.0005	1502.302	1.5341	14.5918	2304.729	0.7053	0.5881
0.513	 1	51.3	10.41	0.0113	1516.608	1.5354	13.7973	2328.657	0.7045	0.6689
0.523	 1	52.3	10.423	0.0079	1521.606	1.5373	14.6643	2339.202	0.7034	0.8264
0.533	 1	53.3	10.658	0.0018	1526.278	1.5249	12.8954	2327.47	0.7106	1.0748
0.543	 1	54.3	10.85	0.0005	1544.264	1.3868	12.2533	2141.551	0.7907	1.3052
0.553	 2	0.2	10.858	0.0	111.6102	1.0332	12.2275	115.3166	0.9958	1.2982
0.563	 2	1.2	10.869	0.0	111.7233	1.4887	12.1922	166.3216	0.7316	1.0799
0.573	 2	2.2	10.848	0.0003	1200.0	1.4868	12.2597	1784.176	0.7327	0.8519
0.583	 2	3.2	10.811	0.0002	1176.003	1.4756	13.2053	1735.327	0.7392	0.7001
0.593	 2	4.2	10.76	0.0	110.6029	1.4657	14.2216	162.113	0.7449	0.6116
0.603	 2	5.2	10.347	0.0001	994.0436	1.5226	14.9765	1513.55	0.7119	0.5647
0.613	 2	6.2	10.304	0.0002	1120.365	1.5077	15.1572	1689.161	0.7206	0.5361
0.623	 2	7.2	10.266	0.0003	1136.374	1.5496	15.3195	1760.888	0.6963	0.5201
0.633	 2	8.2	10.24	0.0008	1200.61	1.5415	15.4319	1850.749	0.701	0.51
0.643	 2	9.2	10.229	0.0003	1210.532	1.5359	15.4798	1859.21	0.7043	0.5081
0.653	 2	10.2	10.235	0.0004	1269.693	1.5452	15.4537	1961.992	0.6988	0.5087
0.663	 2	11.2	10.233	0.0011	1275.776	1.5345	15.4624	1957.619	0.7051	0.5075
0.673	 2	12.2	10.229	0.0016	1390.566	1.5383	14.5123	2139.094	0.7028	0.5074
0.683	 2	13.2	10.235	0.002	1376.412	1.5444	14.4878	2125.776	0.6993	0.516
0.693	 2	14.2	10.235	0.0017	1270.324	1.5007	15.4537	1906.432	0.7246	0.528
0.703	 2	15.2	10.234	0.0014	1131.954	1.5233	15.458	1724.327	0.7115	0.541
0.713	 2	16.2	10.234	0.0014	1377.204	1.5249	14.4919	2100.124	0.7106	0.5499
0.723	 2	17.2	10.229	0.0007	1280.706	1.473	14.5123	1886.483	0.7407	0.5505
0.733	 2	18.2	10.228	0.0004	1094.255	1.3219	14.5164	1446.446	0.8284	0.5485
0.743	 2	19.2	10.229	0.0004	1284.889	1.4372	15.4798	1846.649	0.7615	0.542
0.753	 2	20.2	10.225	0.0005	1378.404	1.5392	15.4973	2121.588	0.7023	0.5361
0.763	 2	21.2	10.229	0.0012	1380.059	1.5219	15.4798	2100.356	0.7123	0.531
0.773	 2	22.2	10.234	0.0013	1282.135	1.5303	16.4241	1962.015	0.7075	0.535
0.783	 2	23.2	10.237	0.0038	1297.301	1.575	15.445	2043.243	0.6816	0.543
0.793	 2	24.2	10.235	0.0032	1296.062	1.5631	15.4537	2025.838	0.6885	0.5466
0.803	 2	25.2	10.228	0.0037	1298.794	1.5764	16.4519	2047.394	0.6808	0.5244
0.813	 2	26.2	10.238	0.0029	1299.568	1.5588	15.4406	2025.704	0.691	0.4913
0.823	 2	27.2	10.238	0.004	1293.82	1.564	15.4406	2023.53	0.6879	0.4662
0.833	 2	28.2	10.238	0.0062	1300.063	1.5732	16.4056	2045.216	0.6826	0.4712
0.843	 2	29.2	10.243	0.0033	1296.582	1.5774	16.3826	2045.268	0.6801	0.5026
0.853	 2	30.2	10.248	0.0023	1296.231	1.5733	15.3972	2039.366	0.6825	0.5381
0.863	 2	31.2	10.25	0.0065	1296.32	1.5722	16.3503	2038.023	0.6832	0.5577
0.873	 2	32.2	10.25	0.0024	1238.82	1.5831	15.3885	1961.168	0.6769	0.558
0.883	 2	33.2	10.259	0.0028	1234.24	1.5783	15.3496	1948.04	0.6796	0.5531
0.893	 2	34.2	10.259	0.002	1165.398	1.56	15.3496	1817.982	0.6903	0.5527
0.903	 2	35.2	10.264	0.001	1048.631	1.5603	15.3281	1636.19	0.6901	0.5569
0.913	 2	36.2	10.26	0.0005	1124.507	1.574	15.3453	1769.948	0.6821	0.5661
0.923	 2	37.2	10.259	0.0002	1326.309	1.5688	15.3496	2080.757	0.6851	0.5728
0.933	 2	38.2	10.259	0.0007	1241.408	1.5575	14.3903	1933.477	0.6917	0.5763
0.943	 2	39.2	10.255	0.0014	1361.886	1.5603	14.4065	2124.949	0.6901	0.5761
0.953	 2	40.2	10.255	0.0048	1492.505	1.5775	14.4065	2354.493	0.6801	0.5724
0.963	 2	41.2	10.255	0.0089	1485.801	1.5711	14.4065	2334.365	0.6838	0.5668
0.973	 2	42.2	10.25	0.0077	1382.706	1.5716	14.4267	2173.065	0.6835	0.5599
0.983	 2	43.2	10.251	0.0106	1385.645	1.5623	14.4227	2164.778	0.6889	0.5594
0.993	 2	44.2	10.25	0.0133	1384.013	1.5817	14.4267	2189.073	0.6777	0.556
1.003	 2	45.2	10.25	0.0129	1491.994	1.5572	15.3885	2323.336	0.6919	0.5574
1.013	 2	46.2	10.248	0.0101	1489.102	1.5509	14.4349	2309.479	0.6955	0.5557
1.023	 2	47.2	10.253	0.009	1483.792	1.5849	15.3755	2351.64	0.6758	0.5553
1.033	 2	48.2	10.247	0.0178	1493.079	1.5763	14.4389	2353.472	0.6808	0.5511
1.043	 2	49.2	10.263	0.0141	1489.766	1.5666	14.3741	2333.8	0.6865	0.5485
1.053	 2	50.2	10.264	0.0071	1487.321	1.5745	14.3701	2341.76	0.6819	0.5479
1.063	 2	51.2	10.268	0.0124	1378.07	1.5669	14.3539	2159.301	0.6863	0.5491
1.073	 2	52.2	10.269	0.0093	1298.23	1.5538	14.3499	2017.153	0.6939	0.5512
1.083	 2	53.2	10.278	0.0113	1489.781	1.5687	14.3137	2337.039	0.6852	0.5536
1.093	 2	54.2	10.288	0.0488	1490.583	1.5897	14.2737	2369.528	0.673	0.5536
1.103	 2	55.2	10.285	0.0445	1488.853	1.5797	14.2857	2351.902	0.6788	0.5535
1.113	 2	56.2	10.278	0.0385	1489.134	1.5986	14.3137	2380.567	0.6679	0.5571
1.123	 2	57.2	10.286	0.0255	1491.806	1.5815	15.2338	2359.275	0.6778	0.5603
1.133	 2	58.2	10.291	0.0227	1490.153	1.5827	14.2617	2358.458	0.6771	0.5635
1.143	 2	59.2	10.287	0.0132	1487.635	1.5637	15.2295	2326.261	0.6881	0.5629
1.153	 2	60.2	10.286	0.0095	1377.343	1.5595	15.2338	2147.906	0.6906	0.5627
1.163	 2	61.2	10.281	0.0071	1385.393	1.5694	15.2551	2174.192	0.6848	0.5648
1.173	 2	62.2	10.28	0.0086	1384.885	1.564	15.2594	2165.909	0.688	0.5695
1.183	 2	63.2	10.268	0.0071	1389.257	1.5775	15.3109	2191.566	0.6801	0.5775
1.193	 2	64.2	10.259	0.0036	1496.354	1.5761	16.309	2358.387	0.6809	0.5857
1.203	 2	65.2	10.258	0.0055	1486.021	1.5718	15.3539	2335.685	0.6834	0.5953
1.213	 2	66.2	10.253	0.0028	1355.679	1.5725	16.3365	2131.856	0.683	0.6022
1.223	 2	67.2	10.243	0.0026	1406.04	1.5904	15.4189	2236.158	0.6726	0.6057
1.233	 2	68.2	10.241	0.0025	1392.954	1.6053	15.4276	2236.058	0.664	0.6067
1.243	 2	69.2	10.232	0.0016	1294.534	1.5755	15.4667	2039.52	0.6813	0.6069
1.253	 2	70.2	10.223	0.0031	1300.967	1.5693	15.506	2041.665	0.6848	0.6038
1.263	 2	71.2	10.216	0.0034	1296.611	1.5679	15.5367	2032.982	0.6857	0.6043
1.273	 2	72.2	10.213	0.0033	1297.548	1.5706	16.5217	2037.932	0.6841	0.6015
1.283	 2	73.2	10.203	0.0034	1294.961	1.5777	16.5685	2043.09	0.68	0.6037
1.293	 2	74.2	10.196	0.0055	1293.416	1.578	16.6014	2040.968	0.6798	0.6012
1.303	 2	75.2	10.188	0.0048	1293.714	1.5761	16.639	2039.062	0.6809	0.6023
1.313	 2	76.2	10.188	0.0044	1299.987	1.5857	16.639	2061.344	0.6754	0.6052
1.323	 2	77.2	10.186	0.0048	1385.285	1.6064	16.6484	2225.384	0.6633	0.6065
1.333	 2	78.2	10.185	0.0043	1385.714	1.6055	16.6532	2224.702	0.6639	0.6072
1.343	 2	79.2	10.184	0.0048	1301.303	1.6171	16.6579	2104.39	0.6571	0.6057
1.353	 2	80.2	10.196	0.0054	1303.17	1.6149	17.5779	2104.552	0.6584	0.6033
1.363	 2	81.2	10.207	0.0046	1302.245	1.5957	17.5233	2078.019	0.6695	0.5948
1.373	 2	82.2	10.212	0.0042	1303.549	1.6092	16.5264	2097.73	0.6617	0.5915
1.383	 2	83.2	10.229	0.0059	1302.56	1.5909	16.4473	2072.202	0.6723	0.587
1.393	 2	84.2	10.229	0.0082	1383.419	1.5963	17.4148	2208.308	0.6692	0.584
1.403	 2	85.2	10.232	0.0098	1386.45	1.5975	16.4334	2214.868	0.6685	0.5846
1.413	 2	86.2	10.237	0.0083	1384.501	1.5953	16.4103	2208.702	0.6698	0.5865
1.423	 2	87.2	10.239	0.0082	1490.176	1.6016	16.401	2386.607	0.6661	0.5859
1.433	 2	88.2	10.24	0.0089	1485.565	1.596	16.3964	2370.928	0.6694	0.5856
1.443	 2	89.2	10.249	0.0116	1490.113	1.5949	16.3549	2376.523	0.67	0.5867
1.453	 2	90.2	10.249	0.0118	1483.213	1.5821	16.3549	2346.622	0.6774	0.587
1.463	 2	91.2	10.249	0.0108	1479.573	1.5997	16.3549	2366.89	0.6672	0.5904
1.473	 2	92.2	10.254	0.0096	1490.19	1.5921	17.2926	2372.521	0.6716	0.5895
1.483	 2	93.2	10.248	0.0129	1487.373	1.6114	16.3595	2396.706	0.6605	0.5843
1.493	 2	94.2	10.254	0.0087	1484.151	1.6177	17.2926	2400.868	0.6568	0.5871
1.503	 2	95.2	10.255	0.0066	1388.438	1.6002	16.3273	2221.786	0.6669	0.5877
1.513	 2	96.2	10.258	0.006	1295.366	1.6104	17.2732	2086.025	0.661	0.5909
1.523	 2	97.2	10.258	0.0047	1296.184	1.5986	17.2732	2072.072	0.6679	0.5928
1.533	 2	98.2	10.254	0.0068	1391.505	1.6139	17.2926	2245.746	0.659	0.596
1.543	 2	99.2	10.249	0.0026	1294.883	1.606	17.317	2079.61	0.6636	0.5978
1.553	 2	100.2	10.249	0.0012	1285.302	1.6092	17.317	2068.296	0.6617	0.6
1.563	 2	101.2	10.242	0.0013	1292.203	1.6152	17.3511	2087.177	0.6582	0.6019
1.573	 2	102.2	10.241	0.0013	1284.138	1.6305	17.356	2093.85	0.6493	0.6015
1.583	 2	103.2	10.247	0.0013	1492.209	1.6006	17.3267	2388.424	0.6667	0.6009
1.593	 2	104.2	10.254	0.0013	1499.123	1.5918	17.2926	2386.316	0.6718	0.6007
1.603	 2	105.2	10.253	0.0003	1499.854	1.6063	17.2975	2409.152	0.6634	0.5986
1.613	 2	106.2	10.256	0.0001	1130.636	1.6124	17.2829	1823.065	0.6598	0.5981
1.623	 2	107.2	10.261	0.0002	1102.148	1.6125	16.2998	1777.222	0.6598	0.5977
1.633	 2	108.2	10.261	0.0001	971.6855	1.6099	17.2586	1564.321	0.6613	0.5952
1.643	 2	109.2	10.26	0.0001	1076.149	1.5986	16.3044	1720.297	0.6679	0.5993
1.653	 2	110.2	10.26	0.0003	1132.2	1.6098	17.2635	1822.585	0.6614	0.5967
1.663	 2	111.2	10.261	0.0003	1383.817	1.6044	16.2998	2220.238	0.6645	0.5997
1.673	 2	112.2	10.26	0.0005	1213.627	1.5971	16.3044	1938.331	0.6687	0.599
1.683	 2	113.2	10.255	0.0005	1123.097	1.6103	16.3273	1808.488	0.6611	0.5976
1.693	 2	114.2	10.255	0.0004	1053.091	1.5809	16.3273	1664.847	0.6781	0.5951
1.703	 2	115.2	10.255	0.0003	1125.563	1.5922	16.3273	1792.144	0.6716	0.5927
1.713	 2	116.2	10.254	0.0003	1167.084	1.6021	15.3712	1869.762	0.6658	0.5901
1.723	 2	117.2	10.253	0.0001	1107.235	1.6074	15.3755	1779.781	0.6628	0.5885
1.733	 2	118.2	10.26	0.0001	1052.74	1.6196	15.3453	1705.054	0.6557	0.5871
1.743	 2	119.2	10.25	0.0003	1154.93	1.6472	15.3885	1902.38	0.6397	0.5893
1.753	 2	120.2	10.254	0.0003	1070.02	1.6297	15.3712	1743.766	0.6499	0.5942
1.763	 2	121.2	10.25	0.0001	979.4553	1.6454	15.3885	1611.589	0.6407	0.6022
1.773	 2	122.2	10.255	0.0	920.061	1.6509	14.4065	1518.897	0.6375	0.6048
1.783	 2	123.2	10.255	0.0001	991.396	1.641	14.4065	1626.902	0.6433	0.6047
1.793	 2	124.2	10.249	0.0001	1076.576	1.6258	13.4688	1750.25	0.6521	0.6008
1.803	 2	125.2	10.245	0.0001	1071.541	1.6113	14.4471	1726.533	0.6605	0.5949
1.813	 2	126.2	10.244	0.0003	1383.763	1.68	13.4877	2324.683	0.6207	0.594
1.823	 2	127.2	10.246	0.0009	1378.262	1.6668	13.4801	2297.296	0.6283	0.5941
1.833	 2	128.2	10.249	0.0005	1389.318	1.6853	12.5067	2341.439	0.6176	0.597
1.843	 2	129.2	10.255	0.0008	1326.821	1.7033	12.4856	2260.016	0.6071	0.6033
1.853	 2	130.2	10.264	0.0005	1318.433	1.6703	11.4961	2202.142	0.6263	0.6069
1.863	 2	131.2	10.269	0.0003	1397.904	1.6136	11.4799	2255.611	0.6592	0.6292
1.873	 2	132.2	10.28	0.0004	1384.698	1.5813	10.4908	2189.604	0.6779	0.6312
1.883	 2	133.2	10.284	0.0004	1209.313	1.6349	10.4791	1977.123	0.6468	0.6297
1.893	 2	134.2	10.283	0.0002	1075.628	1.6309	9.5291	1754.283	0.6491	0.6267
1.903	 2	135.2	10.288	0.0003	1069.995	1.6405	9.5158	1755.331	0.6436	0.6231
1.913	 2	136.2	10.292	0.0003	1280.896	1.6161	9.5051	2069.995	0.6577	0.6205
1.923	 2	137.2	10.324	0.0002	1073.962	1.5819	9.4205	1698.86	0.6776	0.6194
1.933	 2	138.2	10.41	0.0002	1083.359	1.5854	9.1982	1717.6	0.6755	0.6213
1.943	 2	139.2	10.354	0.0001	994.6205	1.602	8.4079	1593.429	0.6659	0.619
1.953	 2	140.2	10.361	0.0	106.5015	1.6018	9.3239	170.5972	0.666	0.6194
1.963	 2	141.2	10.376	0.0	106.6557	1.5958	8.3567	170.1991	0.6695	0.6189
1.973	 2	142.2	10.551	0.0	108.4545	1.5682	8.8493	170.0769	0.6855	0.6248
1.983	 2	143.2	10.573	0.0	108.6807	1.5672	7.9169	170.3215	0.6861	0.6369
1.993	 2	144.2	10.574	0.0	108.691	1.5693	7.9148	170.5665	0.6849	0.6579
2.003	 2	145.2	10.575	0.0	108.7012	1.5894	7.9126	172.7643	0.6732	0.6935
2.013	 2	146.2	10.57	0.0	108.6498	1.5671	7.043	170.2603	0.6862	0.7516
2.023	 2	147.2	10.548	0.0	108.4237	1.5644	7.0853	169.6198	0.6877	0.8562
2.033	 2	148.2	10.525	0.0	108.1873	1.5592	14.2596	168.6808	0.6907	1.0445
2.043	 2	149.2	10.698	0.0	109.9656	1.5282	6.8041	168.0489	0.7087	1.3182
2.053	 2	150.2	10.766	0.0	110.6645	1.2	6.6819	132.7963	0.8991	1.5167
2.063	 3	0.4	10.783	0.0	110.8393	1.3168	6.6518	145.9518	0.8313	1.4464
2.073	 3	1.4	10.758	0.0002	1457.921	1.5435	6.6961	2250.373	0.6998	1.1928
2.083	 3	2.4	10.732	0.0013	1514.963	1.5318	7.5854	2320.652	0.7066	0.9473
2.093	 3	3.4	10.708	0.0	110.0684	1.5544	7.6342	171.089	0.6935	0.7879
2.103	 3	4.4	10.657	0.0	109.5441	1.5338	6.8794	168.019	0.7055	0.6964
2.113	 3	5.4	10.334	0.0006	1512.366	1.5806	8.4548	2390.466	0.6783	0.6454
2.123	 3	6.4	10.266	0.0001	1286.466	1.5686	7.6597	2017.947	0.6853	0.6158
2.133	 3	7.4	10.224	0.0004	1498.241	1.5835	8.7197	2372.396	0.6767	0.5983
2.143	 3	8.4	10.196	0.0001	1443.784	1.5799	8.789	2281.073	0.6787	0.5871
2.153	 3	9.4	10.167	0.0017	1502.882	1.606	8.8615	2413.633	0.6636	0.5799
2.163	 3	10.4	10.162	0.0111	1485.455	1.5999	8.8741	2376.628	0.6671	0.5803
2.173	 3	11.4	10.159	0.017	1483.066	1.5823	8.8817	2346.671	0.6773	0.58
2.183	 3	12.4	10.161	0.0273	1484.224	1.5907	8.8766	2360.993	0.6724	0.5807
2.193	 3	13.4	10.161	0.0224	1483.358	1.6009	8.8766	2374.774	0.6665	0.5787
2.203	 3	14.4	10.158	0.02	1482.703	1.6161	7.8971	2396.144	0.6577	0.5755
2.213	 3	15.4	10.158	0.0166	1483.786	1.6164	8.8842	2398.323	0.6576	0.5739
2.223	 3	16.4	10.166	0.0166	1481.708	1.5776	7.8791	2337.52	0.6801	0.5736
2.233	 3	17.4	10.172	0.0159	1481.072	1.6334	8.8489	2419.112	0.6477	0.5749
2.243	 3	18.4	10.173	0.0112	1490.113	1.6663	8.8464	2482.959	0.6286	0.5807
2.253	 3	19.4	10.178	0.0166	1489.754	1.5534	8.8339	2314.117	0.6941	0.5838
2.263	 3	20.4	10.177	0.0221	1484.177	1.5792	8.8364	2343.86	0.6791	0.5826
2.273	 3	21.4	10.186	0.0203	1481.6	1.5792	7.8346	2339.796	0.6791	0.5782
2.283	 3	22.4	10.187	0.0151	1483.04	1.6071	8.8114	2383.465	0.6629	0.5722
2.293	 3	23.4	10.187	0.0196	1486.069	1.5696	8.8114	2332.539	0.6847	0.5675
2.303	 3	24.4	10.189	0.0169	1481.39	1.6135	8.8064	2390.156	0.6592	0.5664
2.313	 3	25.4	10.191	0.012	1482.759	1.588	7.8235	2354.645	0.674	0.5638
2.323	 3	26.4	10.197	0.012	1484.712	1.6288	7.8102	2418.242	0.6504	0.5653
2.333	 3	27.4	10.192	0.0082	1484.416	1.5834	8.7989	2350.356	0.6767	0.5689
2.343	 3	28.4	10.197	0.015	1482.984	1.5664	7.8102	2322.95	0.6865	0.5768
2.353	 3	29.4	10.199	0.0146	1482.844	1.5722	8.7815	2331.329	0.6832	0.5872
2.363	 3	30.4	10.197	0.0129	1479.971	1.5871	8.7865	2348.835	0.6745	0.5937
2.373	 3	31.4	10.201	0.0113	1480.981	1.6194	7.8014	2398.262	0.6558	0.6057
2.383	 3	32.4	10.194	0.0085	1483.411	1.6686	7.8168	2475.234	0.6273	0.6195
2.393	 3	33.4	10.197	0.0097	1492.535	1.7367	8.7865	2592.01	0.5878	0.6339
2.403	 3	34.4	10.192	0.0084	1509.255	1.7904	7.8213	2702.15	0.5566	0.6484
2.413	 3	35.4	10.187	0.0071	1527.057	1.85	7.8323	2825.035	0.522	0.6647
2.423	 3	36.4	10.187	0.0065	1553.844	1.8958	7.8323	2945.829	0.4955	0.6833
2.433	 3	37.4	10.182	0.006	1571.781	1.8883	7.8434	2967.919	0.4999	0.7003
2.443	 3	38.4	10.183	0.0043	1589.603	1.9309	7.8412	3069.347	0.4751	0.7233
2.453	 3	39.4	10.182	0.0053	1622.113	1.8975	7.8434	3077.97	0.4945	0.7387
2.463	 3	40.4	10.177	0.0045	1605.458	1.8458	7.8546	2963.277	0.5245	0.7463
2.473	 3	41.4	10.176	0.0082	1532.761	1.775	8.8389	2720.719	0.5655	0.7534
2.483	 3	42.4	10.178	0.0181	1512.108	1.7542	8.8339	2652.552	0.5776	0.753
2.493	 3	43.4	10.172	0.0117	1518.436	1.8004	7.8657	2733.743	0.5508	0.7532
2.503	 3	44.4	10.177	0.0167	1525.101	1.8063	8.8364	2754.823	0.5474	0.754
2.513	 3	45.4	10.177	0.0121	1529.226	1.8229	8.8364	2787.631	0.5378	0.7583
2.523	 3	46.4	10.177	0.0105	1531.989	1.8429	8.8364	2823.324	0.5262	0.7647
2.533	 3	47.4	10.175	0.0114	1532.38	1.8359	7.859	2813.237	0.5302	0.767
2.543	 3	48.4	10.174	0.0133	1530.615	1.8134	8.8439	2775.603	0.5433	0.7712
2.553	 3	49.4	10.187	0.0096	1536.733	1.8288	8.8114	2810.358	0.5343	0.7746
2.563	 3	50.4	10.187	0.0171	1536.964	1.8436	8.8114	2833.525	0.5258	0.7817
2.573	 3	51.4	10.192	0.016	1535.171	1.8206	8.7989	2794.883	0.5391	0.7835
2.583	 3	52.4	10.196	0.0175	1529.553	1.8074	8.789	2764.535	0.5467	0.793
2.593	 3	53.4	10.197	0.0147	1529.703	1.8041	8.7865	2759.812	0.5486	0.8005
2.603	 3	54.4	10.202	0.0206	1530.223	1.8129	7.7992	2774.135	0.5436	0.8015
2.613	 3	55.4	10.212	0.008	1536.332	1.8547	8.7493	2849.504	0.5193	0.801
2.623	 3	56.4	10.228	0.0165	1551.342	1.8644	8.7099	2892.396	0.5137	0.8051
2.633	 3	57.4	10.242	0.0144	1552.289	1.8901	8.6756	2933.969	0.4988	0.8057
2.643	 3	58.4	10.246	0.0098	1568.826	1.9236	7.7029	3017.778	0.4794	0.8099
2.653	 3	59.4	10.258	0.0082	1583.025	1.8809	7.677	2977.463	0.5041	0.8193
2.663	 3	60.4	10.257	0.0133	1573.884	1.8592	8.639	2926.127	0.5167	0.8246
2.673	 3	61.4	10.257	0.0118	1556.213	1.8285	8.639	2845.599	0.5345	0.8288
2.683	 3	62.4	10.252	0.0095	1545.605	1.8472	7.6899	2854.966	0.5237	0.8319
2.693	 3	63.4	10.252	0.0104	1543.743	1.8644	7.6899	2878.196	0.5137	0.832
2.703	 3	64.4	10.244	0.0105	1545.331	1.8713	8.6707	2891.84	0.5097	0.8357
2.713	 3	65.4	10.237	0.0081	1553.886	1.8807	8.6878	2922.358	0.5042	0.8364
2.723	 3	66.4	10.232	0.0078	1561.422	1.8975	8.7	2962.83	0.4945	0.8393
2.733	 3	67.4	10.226	0.0098	1567.443	1.889	8.7148	2960.858	0.4994	0.8407
2.743	 3	68.4	10.217	0.007	1578.403	1.9191	8.7369	3029.168	0.4819	0.8423
2.753	 3	69.4	10.215	0.009	1572.264	1.8643	8.7419	2931.148	0.5138	0.8429
2.763	 3	70.4	10.207	0.0181	1550.038	1.8514	8.7616	2869.671	0.5213	0.8403
2.773	 3	71.4	10.201	0.0143	1543.969	1.8603	8.7765	2872.308	0.516	0.8344
2.783	 3	72.4	10.197	0.0161	1544.766	1.8492	8.7865	2856.645	0.5225	0.8341
2.793	 3	73.4	10.186	0.0175	1541.932	1.847	8.8139	2847.89	0.5238	0.8258
2.803	 3	74.4	10.186	0.0233	1545.206	1.874	8.8139	2895.647	0.5081	0.8189
2.813	 3	75.4	10.171	0.0191	1555.199	1.9037	8.8515	2960.57	0.4909	0.8118
2.823	 3	76.4	10.173	0.0115	1579.168	1.9324	8.8464	3051.59	0.4742	0.8081
2.833	 3	77.4	10.169	0.0112	1587.418	1.9085	8.8565	3029.628	0.4881	0.8088
2.843	 3	78.4	10.161	0.0211	1570.722	1.8855	8.8766	2961.633	0.5014	0.8051
2.853	 3	79.4	10.161	0.0282	1550.588	1.8644	8.8766	2890.938	0.5137	0.805
2.863	 3	80.4	10.157	0.0238	1541.977	1.8724	8.8867	2887.177	0.5091	0.8019
2.873	 3	81.4	10.156	0.0192	1545.579	1.885	8.8892	2913.39	0.5018	0.8027
2.883	 3	82.4	10.162	0.0289	1547.198	1.8628	8.8741	2882.106	0.5146	0.7994
2.893	 3	83.4	10.156	0.0217	1545.814	1.8524	8.8892	2863.495	0.5206	0.8003
2.903	 3	84.4	10.162	0.019	1548.849	1.8762	8.8741	2905.939	0.5068	0.7956
2.913	 3	85.4	10.162	0.0146	1560.025	1.9102	8.8741	2979.983	0.4871	0.7931
2.923	 3	86.4	10.162	0.0155	1566.759	1.899	8.8741	2975.29	0.4936	0.7938
2.933	 3	87.4	10.163	0.0179	1562.097	1.9164	8.8716	2993.643	0.4835	0.7951
2.943	 3	88.4	10.166	0.0089	1576.613	1.9426	8.864	3062.702	0.4683	0.7997
2.953	 3	89.4	10.168	0.0076	1576.679	1.8513	8.859	2918.907	0.5213	0.8063
2.963	 3	90.4	10.178	0.0199	1552.471	1.8545	8.8339	2879.028	0.5194	0.8104
2.973	 3	91.4	10.173	0.0129	1541.831	1.8341	8.8464	2827.891	0.5313	0.8065
2.983	 3	92.4	10.178	0.0176	1539.555	1.8692	8.8339	2877.811	0.5109	0.8039
2.993	 3	93.4	10.167	0.0174	1538.822	1.8691	8.8615	2876.206	0.511	0.7932
3.003	 3	94.4	10.167	0.0251	1546.547	1.8651	8.8615	2884.492	0.5133	0.7976
3.013	 3	95.4	10.173	0.0221	1553.367	1.9033	8.8464	2956.501	0.4911	0.7962
3.023	 3	96.4	10.162	0.0127	1571.605	1.9433	8.8741	3054.176	0.4679	0.7962
3.033	 3	97.4	10.167	0.0108	1574.57	1.9048	8.8615	2999.214	0.4903	0.7958
3.043	 3	98.4	10.162	0.0125	1561.223	1.9196	8.8741	2996.984	0.4816	0.7948
3.053	 3	99.4	10.156	0.007	1561.261	1.9295	8.8892	3012.478	0.4759	0.7933
3.063	 3	100.4	10.162	0.0093	1565.07	1.8769	9.8601	2937.513	0.5064	0.7905
3.073	 3	101.4	10.162	0.0148	1549.794	1.882	8.8741	2916.77	0.5035	0.7867
3.083	 3	102.4	10.162	0.015	1541.098	1.8396	9.8601	2835.036	0.5281	0.7786
3.093	 3	103.4	10.162	0.0226	1533.193	1.8365	9.8601	2815.631	0.5299	0.7742
3.103	 3	104.4	10.157	0.0191	1528.518	1.8352	9.8741	2805.202	0.5306	0.7695
3.113	 3	105.4	10.157	0.0177	1523.245	1.8099	9.8741	2756.888	0.5453	0.7653
3.123	 3	106.4	10.158	0.015	1521.798	1.8183	8.8842	2767.119	0.5404	0.7629
3.133	 3	107.4	10.162	0.0151	1520.574	1.8169	9.8601	2762.754	0.5412	0.7602
3.143	 3	108.4	10.156	0.0161	1515.595	1.8138	9.8769	2749.05	0.543	0.7548
3.153	 3	109.4	10.16	0.0108	1517.55	1.827	9.8657	2772.564	0.5354	0.7466
3.163	 3	110.4	10.161	0.0109	1518.38	1.8003	9.8629	2733.495	0.5509	0.7423
3.173	 3	111.4	10.165	0.0122	1517.391	1.815	9.8517	2754.058	0.5423	0.7374
3.183	 3	112.4	10.162	0.0151	1520.574	1.7947	9.8601	2728.906	0.5541	0.7336
3.193	 3	113.4	10.156	0.0163	1513.336	1.7889	9.8769	2707.281	0.5575	0.7346
3.203	 3	114.4	10.162	0.013	1512.427	1.7943	9.8601	2713.772	0.5543	0.7364
3.213	 3	115.4	10.162	0.0117	1515.359	1.808	9.8601	2739.706	0.5464	0.7348
3.223	 3	116.4	10.16	0.0114	1520.503	1.826	9.8657	2776.367	0.536	0.7363
3.233	 3	117.4	10.162	0.011	1522.853	1.8432	9.8601	2806.854	0.526	0.7417
3.243	 3	118.4	10.162	0.0102	1521.485	1.8308	8.8741	2785.586	0.5332	0.7399
3.253	 3	119.4	10.162	0.0075	1519.438	1.8403	9.8601	2796.262	0.5277	0.7385
3.263	 3	120.4	10.162	0.0074	1515.133	1.7967	9.8601	2722.227	0.553	0.7445
3.273	 3	121.4	10.162	0.0084	1511.977	1.7802	9.8601	2691.57	0.5625	0.7469
3.283	 3	122.4	10.162	0.0076	1513.779	1.8049	9.8601	2732.181	0.5482	0.7489
3.293	 3	123.4	10.162	0.0076	1513.554	1.7896	9.8601	2708.624	0.5571	0.7495
3.303	 3	124.4	10.158	0.0081	1512.057	1.8025	8.8842	2725.495	0.5496	0.7491
3.313	 3	125.4	10.165	0.0102	1513.55	1.7955	9.8517	2717.551	0.5537	0.7474
3.323	 3	126.4	10.167	0.0107	1516.105	1.8095	9.8461	2743.349	0.5455	0.744
3.333	 3	127.4	10.176	0.0091	1520.849	1.8217	9.821	2770.517	0.5385	0.7453
3.343	 3	128.4	10.185	0.0085	1524.244	1.8152	9.796	2766.853	0.5422	0.7517
3.353	 3	129.4	10.197	0.01	1523.077	1.8186	9.7627	2769.919	0.5402	0.7543
3.363	 3	130.4	10.209	0.0105	1524.869	1.8283	9.7297	2787.987	0.5346	0.7601
3.373	 3	131.4	10.222	0.0073	1532.304	1.8408	9.694	2820.684	0.5274	0.7993
3.383	 3	132.4	10.231	0.0072	1540.117	1.8371	9.6694	2829.303	0.5295	0.804
3.393	 3	133.4	10.237	0.0081	1534.322	1.8325	9.6531	2811.593	0.5322	0.8108
3.403	 3	134.4	10.244	0.0078	1532.157	1.8316	9.6341	2806.245	0.5327	0.814
3.413	 3	135.4	10.252	0.0073	1529.464	1.8242	9.6124	2790.004	0.537	0.8141
3.423	 3	136.4	10.264	0.0074	1530.113	1.7937	9.58	2744.616	0.5547	0.8143
3.433	 3	137.4	10.264	0.0089	1527.381	1.8151	9.58	2772.301	0.5423	0.8132
3.443	 3	138.4	10.285	0.0074	1530.734	1.8128	9.5238	2774.838	0.5436	0.8116
3.453	 3	139.4	10.337	0.0055	1531.634	1.7992	9.3864	2755.641	0.5515	0.8088
3.463	 3	140.4	10.342	0.0007	1523.347	1.8139	9.3733	2763.138	0.543	0.8154
3.473	 3	141.4	10.367	0.001	1544.087	1.8019	9.3084	2782.23	0.55	0.8201
3.483	 3	142.4	10.464	0.0035	1539.956	1.7668	9.9686	2720.841	0.5703	0.8245
3.493	 3	143.4	10.477	0.0031	1533.743	1.7731	9.0301	2719.441	0.5667	0.8323
3.503	 3	144.4	10.518	0.0001	1423.082	1.7828	8.9293	2537.104	0.561	0.8498
3.513	 3	145.4	10.521	0.0	108.1462	1.7779	8.922	192.27	0.5639	0.8809
3.523	 3	146.4	10.517	0.0	108.1051	1.7738	8.9317	191.7547	0.5663	0.9452
3.533	 3	147.4	10.491	0.0	107.8378	1.7643	8.0959	190.2582	0.5718	1.0702
3.543	 3	148.4	10.486	0.0	107.7864	1.7494	8.107	188.5656	0.5804	1.2835
3.553	 3	149.4	10.51	0.0	108.0331	1.7183	8.054	185.6346	0.5984	1.5749
3.563	 3	150.4	10.856	0.0	111.5897	1.6352	7.3404	182.4688	0.6466	1.8541
3.573	 3	151.4	10.898	0.0	112.0214	0.646	7.2599	72.37	1.2204	1.9527
3.583	 4	1.0	10.879	0.0	111.8261	1.6635	7.2961	186.0189	0.6302	1.7806
3.593	 4	2.0	10.873	0.0	111.7644	1.6789	7.3076	187.6396	0.6213	1.4676
3.603	 4	3.0	10.842	0.0	111.4458	1.7046	8.1861	189.9684	0.6064	1.1771
3.613	 4	4.0	10.787	0.0	110.8804	1.7123	7.4753	189.8599	0.6019	0.976
3.623	 4	5.0	10.471	0.0001	1208.704	1.768	8.1404	2136.996	0.5696	0.8567
3.633	 4	6.0	10.347	0.0003	1285.501	1.7609	9.3603	2263.643	0.5737	0.7934
3.643	 4	7.0	10.27	0.0026	1498.395	1.7714	9.5639	2654.299	0.5676	0.7577
3.653	 4	8.0	10.26	0.004	1533.174	1.791	9.5908	2745.958	0.5562	0.7398
3.663	 4	9.0	10.254	0.0222	1523.626	1.7526	9.607	2670.369	0.5785	0.7302
3.673	 4	10.0	10.234	0.0072	1528.604	1.7696	9.6613	2705.075	0.5687	0.724
3.683	 4	11.0	10.234	0.0351	1522.237	1.7587	9.6613	2677.161	0.575	0.7196
3.693	 4	12.0	10.234	0.0235	1519.074	1.7773	9.6613	2699.886	0.5642	0.718
3.703	 4	13.0	10.229	0.0231	1523.533	1.7948	9.6749	2734.365	0.5541	0.7119
3.713	 4	14.0	10.229	0.0253	1522.626	1.7903	9.6749	2726.011	0.5566	0.7071
3.723	 4	15.0	10.228	0.0238	1520.44	1.768	9.6776	2688.158	0.5696	0.704
3.733	 4	16.0	10.234	0.0229	1523.597	1.7969	9.6613	2737.817	0.5528	0.7007
3.743	 4	17.0	10.239	0.023	1526.614	1.8063	9.6477	2757.59	0.5474	0.6973
3.753	 4	18.0	10.244	0.0196	1532.615	1.8093	9.6341	2772.889	0.5457	0.6947
3.763	 4	19.0	10.248	0.0216	1536.662	1.8305	9.6232	2812.857	0.5334	0.6933
3.773	 4	20.0	10.257	0.0187	1541.479	1.8395	9.5989	2835.531	0.5281	0.6908
3.783	 4	21.0	10.26	0.0194	1544.018	1.8336	9.5908	2831.175	0.5315	0.6848
3.793	 4	22.0	10.258	0.0196	1537.7	1.8407	9.5962	2830.49	0.5274	0.6876
3.803	 4	23.0	10.264	0.0156	1530.113	1.8133	9.58	2774.604	0.5433	0.6874
3.813	 4	24.0	10.269	0.0204	1526.989	1.8024	9.5666	2752.307	0.5496	0.6873
3.823	 4	25.0	10.266	0.0179	1518.19	1.7954	9.5747	2725.806	0.5537	0.6895
3.833	 4	26.0	10.275	0.0288	1527.654	1.7959	9.5505	2743.524	0.5534	0.6908
3.843	 4	27.0	10.277	0.019	1526.363	1.8156	9.5452	2771.19	0.542	0.6936
3.853	 4	28.0	10.28	0.0171	1530.217	1.8203	9.5371	2785.377	0.5393	0.6939
3.863	 4	29.0	10.274	0.018	1530.235	1.7961	9.5532	2748.428	0.5533	0.6916
3.873	 4	30.0	10.274	0.0331	1529.097	1.7855	9.5532	2730.259	0.5594	0.6886
3.883	 4	31.0	10.274	0.0308	1521.173	1.7903	9.5532	2723.335	0.5567	0.6903
3.893	 4	32.0	10.28	0.0208	1520.71	1.7634	9.5371	2681.587	0.5723	0.691
3.903	 4	33.0	10.27	0.0189	1517.884	1.7845	9.5639	2708.724	0.56	0.6943
3.913	 4	34.0	10.269	0.0133	1521.108	1.7739	9.5666	2698.359	0.5662	0.6977
3.923	 4	35.0	10.274	0.0147	1533.662	1.8081	9.5532	2773.026	0.5463	0.7041
3.933	 4	36.0	10.274	0.0123	1537.564	1.8189	9.5532	2796.626	0.5401	0.7083
3.943	 4	37.0	10.275	0.012	1540.018	1.8169	9.5505	2798.134	0.5412	0.7123
3.953	 4	38.0	10.272	0.0148	1531.306	1.8276	9.5586	2798.655	0.535	0.7188
3.963	 4	39.0	10.275	0.0077	1522.899	1.7888	9.5505	2724.091	0.5576	0.7306
3.973	 4	40.0	10.276	0.0142	1521.018	1.7489	9.5478	2660.092	0.5807	0.7351
3.983	 4	41.0	10.273	0.0165	1518.327	1.7823	9.5559	2706.159	0.5613	0.7479
3.993	 4	42.0	10.274	0.0152	1522.525	1.7916	9.5532	2727.829	0.5559	0.7528
4.003	 4	43.0	10.274	0.0143	1531.148	1.8088	9.5532	2769.539	0.5459	0.7558
4.013	 4	44.0	10.275	0.0144	1539.095	1.8097	9.5505	2785.24	0.5454	0.7617
4.023	 4	45.0	10.274	0.0214	1530.007	1.7691	9.5532	2706.689	0.569	0.764
4.033	 4	46.0	10.27	0.0145	1518.108	1.7852	9.5639	2710.152	0.5596	0.7692
4.043	 4	47.0	10.275	0.009	1514.37	1.7729	9.5505	2684.837	0.5668	0.7682
4.053	 4	48.0	10.275	0.0083	1518.398	1.7619	9.5505	2675.286	0.5731	0.7674
4.063	 4	49.0	10.275	0.0126	1521.997	1.7949	9.5505	2731.805	0.554	0.7682
4.073	 4	50.0	10.274	0.0094	1531.832	1.8043	10.5085	2763.907	0.5485	0.7734
4.083	 4	51.0	10.269	0.0136	1532.458	1.8212	10.5233	2790.837	0.5388	0.7774
4.093	 4	52.0	10.272	0.012	1538.876	1.8248	9.5586	2808.169	0.5366	0.7819
4.103	 4	53.0	10.27	0.0167	1540.423	1.8147	9.5639	2795.41	0.5425	0.7855
4.113	 4	54.0	10.266	0.0144	1539.592	1.8322	9.5747	2820.866	0.5324	0.7877
4.123	 4	55.0	10.269	0.0102	1539.58	1.8704	9.5666	2879.674	0.5102	0.7865
4.133	 4	56.0	10.268	0.0111	1543.596	1.8655	9.5693	2879.596	0.513	0.783
4.143	 4	57.0	10.276	0.0071	1548.057	1.8779	9.5478	2907.161	0.5058	0.7839
4.153	 4	58.0	10.277	0.0085	1541.935	1.8356	9.5452	2830.306	0.5304	0.7831
4.163	 4	59.0	10.281	0.0133	1529.228	1.7976	9.5345	2748.932	0.5524	0.7858
4.173	 4	60.0	10.28	0.013	1521.16	1.7978	9.5371	2734.695	0.5523	0.7897
4.183	 4	61.0	10.271	0.0074	1518.256	1.7942	9.5612	2724.079	0.5544	0.7902
4.193	 4	62.0	10.27	0.0066	1519.231	1.8057	9.5639	2743.285	0.5477	0.7933
4.203	 4	63.0	10.266	0.0074	1527.679	1.7876	9.5747	2730.888	0.5582	0.7911
4.213	 4	64.0	10.266	0.0193	1537.287	1.8023	9.5747	2770.622	0.5497	0.7865
4.223	 4	65.0	10.261	0.0284	1537.228	1.8342	9.5881	2819.537	0.5312	0.7833
4.233	 4	66.0	10.256	0.0224	1533.951	1.8172	8.6414	2787.466	0.5411	0.7833
4.243	 4	67.0	10.251	0.0256	1535.5	1.8198	9.6151	2794.315	0.5396	0.7822
4.253	 4	68.0	10.246	0.0393	1535.441	1.802	9.6287	2766.894	0.5499	0.7829
4.263	 4	69.0	10.241	0.0367	1527.368	1.8091	9.6422	2763.15	0.5458	0.7809
4.273	 4	70.0	10.242	0.0336	1525.696	1.8048	9.6395	2753.552	0.5483	0.7789
4.283	 4	71.0	10.232	0.0176	1528.99	1.8228	9.6667	2787.101	0.5378	0.7801
4.293	 4	72.0	10.226	0.0193	1534.974	1.849	9.6831	2838.147	0.5226	0.7777
4.303	 4	73.0	10.225	0.0148	1538.751	1.8763	9.6858	2887.127	0.5068	0.7827
4.313	 4	74.0	10.216	0.0147	1548.817	1.8313	9.7104	2836.352	0.5329	0.7847
4.323	 4	75.0	10.215	0.0175	1537.478	1.8546	9.7132	2851.342	0.5194	0.7848
4.333	 4	76.0	10.211	0.0177	1537.338	1.8844	8.7517	2896.9	0.5021	0.781
4.343	 4	77.0	10.212	0.0129	1540.504	1.8761	9.7214	2890.15	0.5069	0.7868
4.353	 4	78.0	10.211	0.0133	1556.792	1.8873	8.7517	2938.149	0.5004	0.7859
4.363	 4	79.0	10.212	0.0142	1559.084	1.8964	9.7214	2956.63	0.4951	0.7901
4.373	 4	80.0	10.227	0.0169	1561.136	1.9093	9.6803	2980.708	0.4876	0.7935
4.383	 4	81.0	10.223	0.016	1561.24	1.9368	8.7221	3023.742	0.4717	0.7894
4.393	 4	82.0	10.228	0.0069	1581.568	1.949	8.7099	3082.468	0.4646	0.7811
4.403	 4	83.0	10.227	0.0044	1605.747	1.9321	9.6803	3102.542	0.4744	0.7676
4.413	 4	84.0	10.234	0.0063	1582.251	1.8703	9.6613	2959.208	0.5103	0.7587
4.423	 4	85.0	10.235	0.0126	1547.241	1.8417	9.6585	2849.5	0.5269	0.7507
4.433	 4	86.0	10.243	0.0068	1535.912	1.8381	8.6731	2823.161	0.5289	0.7488
4.443	 4	87.0	10.249	0.0092	1540.276	1.8353	9.6205	2826.802	0.5306	0.7498
4.453	 4	88.0	10.254	0.0085	1535.72	1.8522	9.607	2844.398	0.5208	0.7547
4.463	 4	89.0	10.265	0.0118	1537.367	1.8377	9.5774	2825.219	0.5292	0.7608
4.473	 4	90.0	10.265	0.008	1548.499	1.8807	8.6196	2912.248	0.5042	0.766
4.483	 4	91.0	10.266	0.0061	1570.685	1.889	8.6172	2967.037	0.4994	0.7655
4.493	 4	92.0	10.276	0.0096	1566.225	1.8743	8.593	2935.531	0.508	0.759
4.503	 4	93.0	10.271	0.0096	1549.638	1.8444	8.6051	2858.225	0.5253	0.7567
4.513	 4	94.0	10.265	0.0078	1546.399	1.8978	8.6196	2934.691	0.4943	0.7365
4.523	 4	95.0	10.266	0.007	1571.166	1.934	8.6172	3038.69	0.4733	0.7258
4.533	 4	96.0	10.267	0.0087	1583.68	1.9174	8.6148	3036.503	0.483	0.7039
4.543	 4	97.0	10.266	0.0119	1576.232	1.9214	8.6172	3028.523	0.4806	0.679
4.553	 4	98.0	10.264	0.0104	1572.063	1.9134	7.664	3007.946	0.4853	0.6445
4.563	 4	99.0	10.262	0.011	1563.138	1.8879	7.6683	2951.032	0.5001	0.603
4.573	 4	100.0	10.259	0.0137	1554.63	1.8303	6.7155	2845.43	0.5335	0.5638
4.583	 4	101.0	10.262	0.0125	1548.28	1.8241	5.7513	2824.283	0.537	0.5271
4.593	 4	102.0	10.259	0.0084	1544.565	1.5241	4.7968	2354.128	0.7111	0.4867
4.603	 4	103.0	10.264	0.0298	1516.997	1.1822	2.874	1793.447	0.9094	0.4451
4.613	 4	104.0	10.258	0.0486	1500.146	1.1662	1.9192	1749.424	0.9187	0.4074
4.623	 4	105.0	10.258	0.0354	1507.642	1.161	0.9596	1750.406	0.9217	0.3788
4.633	 4	106.0	10.253	0.0357	1501.391	1.1673	0.0	1752.59	0.918	0.3574
4.643	 4	107.0	10.253	0.0319	1504.917	1.1679	0.0	1757.57	0.9177	0.3426
4.653	 4	108.0	10.242	0.0376	1505.512	1.1686	0.964	1759.289	0.9173	0.334
4.663	 4	109.0	10.242	0.0193	1499.561	1.1672	0.0	1750.325	0.9181	0.3289
4.673	 4	110.0	10.243	0.0081	1503.891	1.1756	0.9637	1767.913	0.9132	0.3253
4.683	 4	111.0	10.241	0.0147	1503.156	1.1725	0.0	1762.474	0.915	0.3245
4.693	 4	112.0	10.249	0.0118	1500.805	1.1701	0.9621	1756.041	0.9164	0.324
4.703	 4	113.0	10.248	0.0167	1508.39	1.1704	0.0	1765.377	0.9163	0.3252
4.713	 4	114.0	10.243	0.0162	1499.488	1.1608	0.0	1740.635	0.9218	0.3271
4.723	 4	115.0	10.243	0.0082	1497.734	1.1532	0.0	1727.251	0.9262	0.3309
4.733	 4	116.0	10.249	0.0106	1505.656	1.1586	0.0	1744.485	0.9231	0.3346
4.743	 4	117.0	10.251	0.0089	1500.659	1.1601	0.0	1740.92	0.9222	0.3384
4.753	 4	118.0	10.258	0.0077	1497.299	1.1489	0.0	1720.281	0.9287	0.3414
4.763	 4	119.0	10.258	0.0066	1498.831	1.1553	0.9596	1731.649	0.925	0.3441
4.773	 4	120.0	10.271	0.0077	1504.247	1.149	0.9561	1728.336	0.9287	0.3455
4.783	 4	121.0	10.271	0.0188	1504.247	1.1647	0.0	1751.986	0.9196	0.3463
4.793	 4	122.0	10.286	0.0176	1501.825	1.1603	0.0	1742.612	0.9221	0.3464
4.803	 4	123.0	10.292	0.0227	1506.661	1.1576	0.0	1744.059	0.9237	0.3466
4.813	 4	124.0	10.284	0.0384	1505.93	1.1646	0.9526	1753.74	0.9196	0.3479
4.823	 4	125.0	10.28	0.0421	1504.904	1.1725	0.9537	1764.472	0.915	0.347
4.833	 4	126.0	10.278	0.0458	1505.272	1.1591	0.9542	1744.825	0.9228	0.3467
4.843	 4	127.0	10.272	0.0326	1499.562	1.1608	0.0	1740.646	0.9218	0.3511
4.853	 4	128.0	10.275	0.0175	1503.292	1.1583	0.0	1741.326	0.9232	0.3601
4.863	 4	129.0	10.288	0.034	1506.737	1.1614	0.0	1749.977	0.9214	0.3619
4.873	 4	130.0	10.287	0.0493	1506.811	1.1663	0.9518	1757.419	0.9186	0.3639
4.883	 4	131.0	10.29	0.0389	1504.386	1.161	0.951	1746.621	0.9217	0.3753
4.893	 4	132.0	10.297	0.0327	1503.212	1.1544	0.0	1735.238	0.9255	0.3827
4.903	 4	133.0	10.303	0.0328	1506.066	1.1578	0.0	1743.793	0.9235	0.3897
4.913	 4	134.0	10.313	0.0367	1502.039	1.1556	0.0	1735.737	0.9248	0.3968
4.923	 4	135.0	10.323	0.0233	1499.782	1.1556	0.9423	1733.152	0.9248	0.4016
4.933	 4	136.0	10.345	0.0214	1505.384	1.1499	0.0	1731.1	0.9281	0.4051
4.943	 4	137.0	10.365	0.0249	1508.514	1.1627	0.9314	1753.912	0.9207	0.4084
4.953	 4	138.0	10.361	0.0195	1516.318	1.157	0.9324	1754.437	0.924	0.4167
4.963	 4	139.0	10.398	0.0134	1523.516	1.2015	0.9229	1830.457	0.8982	0.4271
4.973	 4	140.0	10.429	0.009	1523.594	1.1912	0.915	1814.915	0.9042	0.4455
4.983	 4	141.0	10.439	0.0082	1520.169	1.1844	1.825	1800.485	0.9081	0.4729
4.993	 4	142.0	10.55	0.0061	1532.094	1.1845	1.7704	1814.84	0.908	0.5056
5.003	 4	143.0	10.605	0.0025	1532.957	1.1954	2.6162	1832.564	0.9017	0.5406
5.013	 4	144.0	10.627	0.0002	1536.36	1.2678	2.6007	1947.74	0.8598	0.5753
5.023	 4	145.0	10.603	0.0019	1537.558	1.5274	4.3627	2348.461	0.7092	0.6127
5.033	 4	146.0	10.553	0.002	1536.099	1.799	5.3067	2763.419	0.5516	0.6633
5.043	 4	147.0	10.56	0.0035	1563.981	1.8289	5.2966	2860.316	0.5343	0.7498
5.053	 4	148.0	10.552	0.0061	1554.279	1.8403	5.3082	2860.398	0.5276	0.9075
5.063	 4	149.0	10.523	0.0049	1559.425	1.8458	5.3503	2878.344	0.5245	1.216
5.073	 4	150.0	10.686	0.0009	1580.769	1.7305	5.1195	2735.449	0.5914	1.6291
5.083	 4	151.0	10.752	0.0004	1585.607	0.747	5.8684	1184.393	1.1619	1.8661
5.093	 5	0.9	10.723	0.0	110.2225	1.8206	5.914	200.676	0.5391	1.6827
5.103	 5	1.9	10.714	0.0	110.13	1.8168	6.7751	200.0837	0.5413	1.3768
5.113	 5	2.9	10.677	0.0	802.3597	1.8314	6.8425	1469.423	0.5328	1.1469
5.123	 5	3.9	10.615	0.0	109.1124	1.8276	6.9577	199.4159	0.535	0.9951
5.133	 5	4.9	10.439	0.0	107.3033	1.8537	7.2999	198.9077	0.5199	0.9029
5.143	 5	5.9	10.249	0.0003	1314.143	1.8624	7.6964	2447.507	0.5148	0.8508
5.153	 5	6.9	10.218	0.0005	1535.848	1.8637	7.764	2862.418	0.5141	0.8168
5.163	 5	7.9	10.207	0.0036	1542.542	1.8499	7.7881	2853.589	0.5221	0.7935
5.173	 5	8.9	10.206	0.0045	1549.651	1.8264	8.7641	2830.332	0.5357	0.78
5.183	 5	9.9	10.19	0.0054	1551.225	1.8595	7.8257	2884.455	0.5165	0.7676
5.193	 5	10.9	10.184	0.0106	1552.202	1.8335	8.8189	2846.019	0.5316	0.7567
5.203	 5	11.9	10.163	0.0033	1558.264	1.8702	7.8858	2914.255	0.5103	0.755
5.213	 5	12.9	10.151	0.007	1563.617	1.9347	7.9128	3025.089	0.4729	0.7571
5.223	 5	13.9	10.159	0.0056	1585.362	1.9123	7.8948	3031.66	0.4859	0.7632
5.233	 5	14.9	10.156	0.0051	1589.607	1.8773	8.8892	2984.171	0.5062	0.7633
5.243	 5	15.9	10.168	0.0162	1563.827	1.8894	7.8747	2954.656	0.4992	0.7595
5.253	 5	16.9	10.176	0.0127	1557.154	1.889	8.8389	2941.458	0.4994	0.7664
5.263	 5	17.9	10.186	0.0112	1564.189	1.8827	8.8139	2944.945	0.5031	0.7646
5.273	 5	18.9	10.197	0.0087	1566.6	1.8984	7.8102	2974.087	0.4939	0.7636
5.283	 5	19.9	10.201	0.0076	1569.626	1.8929	8.7765	2971.083	0.4972	0.7639
5.293	 5	20.9	10.197	0.0079	1566.6	1.8921	8.7865	2964.197	0.4976	0.7681
5.303	 5	21.9	10.196	0.0071	1567.651	1.9046	7.8124	2985.739	0.4904	0.7771
5.313	 5	22.9	10.197	0.0087	1572.398	1.924	7.8102	3025.358	0.4791	0.7813
5.323	 5	23.9	10.197	0.0079	1570.46	1.9294	8.7865	3030.023	0.476	0.7886
5.333	 5	24.9	10.189	0.0122	1568.504	1.9502	7.8279	3058.907	0.4639	0.7879
5.343	 5	25.9	10.201	0.0077	1567.455	1.9221	8.7765	3012.876	0.4802	0.7958
5.353	 5	26.9	10.207	0.01	1572.485	1.9398	7.7881	3050.294	0.47	0.7962
5.363	 5	27.9	10.212	0.0072	1572.771	1.914	8.7493	3010.302	0.4849	0.7898
5.373	 5	28.9	10.212	0.0076	1568.182	1.9121	8.7493	2998.559	0.486	0.7844
5.383	 5	29.9	10.21	0.0085	1558.303	1.9106	7.7815	2977.315	0.4869	0.7804
5.393	 5	30.9	10.207	0.0089	1556.42	1.9018	7.7881	2959.99	0.492	0.7866
5.403	 5	31.9	10.206	0.0078	1558.644	1.9039	7.7903	2967.425	0.4908	0.7871
5.413	 5	32.9	10.206	0.0067	1560.55	1.9102	7.7903	2981.015	0.4871	0.781
5.423	 5	33.9	10.201	0.0082	1558.833	1.9078	8.7765	2973.916	0.4885	0.7829
5.433	 5	34.9	10.202	0.0058	1566.646	1.922	8.774	3011.026	0.4803	0.7821
5.443	 5	35.9	10.195	0.005	1574.76	1.91	8.7914	3007.848	0.4872	0.7792
5.453	 5	36.9	10.19	0.0073	1560.251	1.8908	7.8257	2950.169	0.4984	0.7785
5.463	 5	37.9	10.192	0.0074	1552.002	1.8934	7.8213	2938.592	0.4969	0.7749
5.473	 5	38.9	10.182	0.0077	1547.652	1.8901	8.8239	2925.212	0.4988	0.7759
5.483	 5	39.9	10.182	0.007	1546.241	1.8707	7.8434	2892.539	0.51	0.7872
5.493	 5	40.9	10.174	0.0064	1539.183	1.8653	7.8613	2871.005	0.5132	0.7888
5.503	 5	41.9	10.172	0.0069	1533.776	1.8495	7.8657	2836.725	0.5223	0.7991
5.513	 5	42.9	10.177	0.0065	1534.761	1.8383	7.8546	2821.381	0.5288	0.8026
5.523	 5	43.9	10.172	0.0071	1535.396	1.8445	7.8657	2832.083	0.5252	0.8041
5.533	 5	44.9	10.172	0.0065	1541.679	1.8653	7.8657	2875.669	0.5132	0.8008
5.543	 5	45.9	10.171	0.0071	1540.827	1.85	7.868	2850.596	0.522	0.8001
5.553	 5	46.9	10.172	0.0068	1542.381	1.8747	8.8489	2891.519	0.5077	0.8006
5.563	 5	47.9	10.173	0.0064	1543.234	1.9022	7.8635	2935.488	0.4918	0.7963
5.573	 5	48.9	10.178	0.0049	1548.927	1.889	7.8523	2925.914	0.4994	0.7903
5.583	 5	49.9	10.178	0.0054	1553.656	1.8986	7.8523	2949.81	0.4938	0.7874
5.593	 5	50.9	10.182	0.0066	1560.46	1.9136	7.8434	2986.102	0.4851	0.7855
5.603	 5	51.9	10.183	0.0063	1562.769	1.907	7.8412	2980.24	0.489	0.7826
5.613	 5	52.9	10.192	0.0059	1570.174	1.9322	7.8213	3033.964	0.4743	0.7772
5.623	 5	53.9	10.193	0.0048	1572.023	1.951	7.819	3067.018	0.4635	0.7737
5.633	 5	54.9	10.202	0.005	1575.842	1.9031	6.8243	2998.985	0.4912	0.768
5.643	 5	55.9	10.212	0.0032	1590.406	1.9682	6.805	3130.205	0.4535	0.7682
5.653	 5	56.9	10.227	0.003	1631.881	1.9562	6.7762	3192.333	0.4604	0.7688
5.663	 5	57.9	10.227	0.0048	1646.86	1.957	6.7762	3222.928	0.46	0.7654
5.673	 5	58.9	10.237	0.0022	1631.394	1.8807	6.7572	3068.126	0.5042	0.77
5.683	 5	59.9	10.257	0.0057	1564.044	1.8285	6.7192	2859.917	0.5345	0.7642
5.693	 5	60.9	10.257	0.0069	1538.473	1.8448	7.6791	2838.211	0.525	0.762
5.703	 5	61.9	10.257	0.0046	1553.15	1.8549	7.6791	2880.861	0.5192	0.7698
5.713	 5	62.9	10.257	0.0032	1561.425	1.8733	6.7192	2925.092	0.5085	0.7668
5.723	 5	63.9	10.257	0.0037	1559.052	1.8617	7.6791	2902.497	0.5153	0.7689
5.733	 5	64.9	10.246	0.0061	1554.073	1.8702	7.7029	2906.497	0.5103	0.7698
5.743	 5	65.9	10.246	0.005	1551.484	1.8432	8.6658	2859.758	0.526	0.7697
5.753	 5	66.9	10.243	0.0061	1547.281	1.8216	7.7094	2818.493	0.5385	0.7693
5.763	 5	67.9	10.237	0.0031	1533.863	1.8261	7.7225	2801.053	0.5359	0.7629
5.773	 5	68.9	10.232	0.0049	1529.218	1.7956	8.7	2745.848	0.5536	0.763
5.783	 5	69.9	10.226	0.0061	1519.917	1.7885	8.7148	2718.354	0.5577	0.7589
5.793	 5	70.9	10.221	0.0043	1520.982	1.8538	8.7271	2819.64	0.5198	0.7578
5.803	 5	71.9	10.222	0.0031	1530.24	1.8359	8.7246	2809.306	0.5302	0.7576
5.813	 5	72.9	10.22	0.0034	1532.464	1.849	8.7295	2833.526	0.5226	0.7543
5.823	 5	73.9	10.217	0.0049	1521.972	1.7456	8.7369	2656.688	0.5826	0.7553
5.833	 5	74.9	10.211	0.0057	1509.386	1.7577	8.7517	2653.072	0.5756	0.7553
5.843	 5	75.9	10.208	0.0065	1518.596	1.7978	8.7592	2730.075	0.5523	0.7561
5.853	 5	76.9	10.207	0.0064	1521.843	1.8034	8.7616	2744.504	0.5491	0.7577
5.863	 5	77.9	10.202	0.0065	1518.833	1.7596	8.774	2672.532	0.5745	0.7589
5.873	 5	78.9	10.196	0.0074	1517.714	1.8202	7.8124	2762.544	0.5393	0.7598
5.883	 5	79.9	10.192	0.0059	1524.379	1.805	8.7989	2751.555	0.5481	0.7583
5.893	 5	80.9	10.191	0.0085	1528.574	1.8277	8.8014	2793.805	0.535	0.7588
5.903	 5	81.9	10.186	0.0055	1536.118	1.8849	7.8346	2895.481	0.5018	0.7583
5.913	 5	82.9	10.176	0.0041	1549.802	1.8868	8.8389	2924.145	0.5007	0.7562
5.923	 5	83.9	10.169	0.0066	1550.152	1.9067	7.8724	2955.602	0.4892	0.7569
5.933	 5	84.9	10.166	0.0069	1551.824	1.9136	8.864	2969.569	0.4852	0.7563
5.943	 5	85.9	10.164	0.0042	1558.417	1.9295	7.8836	3007.004	0.4759	0.756
5.953	 5	86.9	10.161	0.0038	1569.024	1.9119	7.8903	2999.827	0.4861	0.7561
5.963	 5	87.9	10.161	0.0029	1575.838	1.8947	8.8766	2985.808	0.4961	0.7554
5.973	 5	88.9	10.161	0.0059	1561.309	1.8641	7.8903	2910.365	0.5139	0.7544
5.983	 5	89.9	10.162	0.0056	1540.631	1.8744	7.8881	2887.715	0.5079	0.753
5.993	 5	90.9	10.166	0.0044	1542.874	1.8883	7.8791	2913.369	0.4998	0.7508
6.003	 5	91.9	10.167	0.0037	1551.74	1.9097	7.8769	2963.283	0.4874	0.751
6.013	 5	92.9	10.167	0.0017	1570.678	1.9378	7.8769	3043.609	0.4711	0.7495
6.023	 5	93.9	10.167	0.0024	1567.772	1.8793	7.8769	2946.286	0.5051	0.7497
6.033	 5	94.9	10.168	0.0064	1545.524	1.8502	8.859	2859.577	0.5219	0.7498
6.043	 5	95.9	10.172	0.0046	1542.147	1.8689	8.8489	2882.119	0.5111	0.7504
6.053	 5	96.9	10.171	0.0046	1543.399	1.8673	7.868	2881.949	0.512	0.7562
6.063	 5	97.9	10.177	0.0045	1532.911	1.8091	7.8546	2773.141	0.5458	0.7585
6.073	 5	98.9	10.171	0.0068	1516.249	1.8184	7.868	2757.179	0.5404	0.7594
6.083	 5	99.9	10.176	0.0034	1517.221	1.8276	7.8568	2772.897	0.535	0.7561
6.093	 5	100.9	10.181	0.0024	1531.668	1.8608	8.8264	2850.055	0.5158	0.7551
6.103	 5	101.9	10.18	0.002	1544.296	1.8729	7.8479	2892.273	0.5088	0.7534
6.113	 5	102.9	10.181	0.0026	1545.385	1.8629	7.8457	2878.919	0.5146	0.7561
6.123	 5	103.9	10.177	0.0033	1540.802	1.8662	8.8364	2875.405	0.5127	0.7621
6.133	 5	104.9	10.175	0.002	1543.07	1.8984	7.859	2929.426	0.4939	0.7675
6.143	 5	105.9	10.172	0.0015	1544.019	1.8696	7.8657	2886.738	0.5107	0.7705
6.153	 5	106.9	10.176	0.0022	1541.351	1.8667	7.8568	2877.269	0.5123	0.7704
6.163	 5	107.9	10.175	0.002	1540.733	1.8522	7.859	2853.696	0.5208	0.7724
6.173	 5	108.9	10.174	0.0024	1549.497	1.8916	7.8613	2931.004	0.4979	0.7654
6.183	 5	109.9	10.172	0.0026	1552.977	1.8968	7.8657	2945.642	0.4949	0.7648
6.193	 5	110.9	10.167	0.0038	1562.231	1.8981	8.8615	2965.232	0.4942	0.7619
6.203	 5	111.9	10.167	0.0045	1570.678	1.9244	8.8615	3022.587	0.4789	0.7606
6.213	 5	112.9	10.167	0.0044	1571.164	1.9164	7.8769	3011.021	0.4835	0.7628
6.223	 5	113.9	10.167	0.0043	1579.463	1.9486	7.8769	3077.722	0.4649	0.7619
6.233	 5	114.9	10.167	0.0051	1577.747	1.9157	7.8769	3022.446	0.4839	0.76
6.243	 5	115.9	10.167	0.0076	1565.599	1.8892	7.8769	2957.719	0.4993	0.7664
6.253	 5	116.9	10.172	0.0034	1569.753	1.9453	7.8657	3053.647	0.4668	0.7656
6.263	 5	117.9	10.167	0.0033	1576.523	1.9548	7.8769	3081.816	0.4612	0.7661
6.273	 5	118.9	10.173	0.0046	1575.255	1.9278	7.8635	3036.804	0.4769	0.7686
6.283	 5	119.9	10.166	0.0029	1583.242	1.9422	7.8791	3074.969	0.4686	0.7702
6.293	 5	120.9	10.173	0.003	1589.035	1.9447	7.8635	3090.237	0.4671	0.7709
6.303	 5	121.9	10.178	0.0048	1584.864	1.9407	7.8523	3075.713	0.4694	0.7698
6.313	 5	122.9	10.177	0.0052	1576.852	1.9525	7.8546	3078.813	0.4626	0.7725
6.323	 5	123.9	10.176	0.0047	1581.106	1.9208	7.8568	3036.963	0.481	0.773
6.333	 5	124.9	10.183	0.0039	1580.966	1.937	8.8214	3062.377	0.4716	0.7744
6.343	 5	125.9	10.187	0.0061	1570.856	1.8888	8.8114	2967.033	0.4995	0.7739
6.353	 5	126.9	10.191	0.009	1564.476	1.9014	8.8014	2974.721	0.4922	0.7752
6.363	 5	127.9	10.192	0.0059	1571.869	1.9257	8.7989	3027.022	0.4781	0.7746
6.373	 5	128.9	10.202	0.0064	1571.715	1.8934	8.774	2975.911	0.4969	0.7785
6.383	 5	129.9	10.206	0.0079	1567.742	1.896	8.7641	2972.464	0.4954	0.8166
6.393	 5	130.9	10.212	0.0075	1563.38	1.8783	7.7771	2936.5	0.5056	0.8174
6.403	 5	131.9	10.222	0.0083	1554.677	1.8754	8.7246	2915.59	0.5073	0.8216
6.413	 5	132.9	10.225	0.0073	1550.652	1.8697	7.7486	2899.275	0.5106	0.8233
6.423	 5	133.9	10.232	0.0058	1549.364	1.8754	8.7	2905.618	0.5073	0.8204
6.433	 5	134.9	10.246	0.0043	1554.308	1.8849	8.6658	2929.741	0.5018	0.8222
6.443	 5	135.9	10.269	0.0031	1563.728	1.9121	8.6099	2989.948	0.486	0.821
6.453	 5	136.9	10.274	0.0026	1569.268	1.8787	8.5979	2948.146	0.5054	0.8222
6.463	 5	137.9	10.309	0.0038	1569.341	1.8968	8.514	2976.65	0.4949	0.823
6.473	 5	138.9	10.315	0.0083	1559.571	1.8498	8.4998	2884.894	0.5222	0.8237
6.483	 5	139.9	10.32	0.0099	1554.451	1.8579	8.4879	2888.047	0.5174	0.8267
6.493	 5	140.9	10.422	0.0061	1557.847	1.8227	8.251	2839.421	0.5379	0.8269
6.503	 5	141.9	10.447	0.0035	1562.986	1.8806	8.1943	2939.357	0.5043	0.8351
6.513	 5	142.9	10.47	0.0001	1577.282	1.8698	8.1427	2949.202	0.5106	0.8549
6.523	 5	143.9	10.492	0.0	107.8481	1.8404	8.0937	198.4794	0.5276	0.8914
6.533	 5	144.9	10.505	0.0002	1551.24	1.8291	7.1689	2837.408	0.5342	0.9613
6.543	 5	145.9	10.482	0.0004	1532.68	1.8494	8.1159	2834.47	0.5224	1.0868
6.553	 5	146.9	10.474	0.0014	1559.559	1.8432	9.0375	2874.522	0.526	1.2955
6.563	 5	147.9	10.495	0.0009	1561.291	1.8388	8.0871	2870.832	0.5286	1.5862
6.573	 5	148.9	10.685	0.0	109.8319	1.7369	6.8279	190.767	0.5876	1.8405
6.583	 5	149.9	10.802	0.0	111.0346	0.5361	6.6184	59.5215	1.2842	1.9439
6.593	 6	0.8	10.792	0.0	110.9318	1.7259	5.8064	191.4612	0.594	1.8142
6.603	 6	1.8	10.79	0.0	110.9112	1.7867	6.6395	198.1689	0.5587	1.5402
6.613	 6	2.8	10.768	0.0	110.6851	1.7655	7.5131	195.41	0.5711	1.2671
6.623	 6	3.8	10.713	0.0	110.1197	1.7849	7.624	196.5518	0.5598	1.0705
6.633	 6	4.8	10.517	0.0	108.1051	1.8037	8.0386	194.994	0.5489	0.943
6.643	 6	5.8	10.217	0.0012	1567.025	1.8932	8.7369	2966.741	0.497	0.8669
6.653	 6	6.8	10.201	0.001	1545.138	1.8553	8.7765	2866.709	0.519	0.8273
6.663	 6	7.8	10.195	0.005	1546.103	1.864	7.8146	2881.876	0.5139	0.8024
6.673	 6	8.8	10.189	0.0073	1554.86	1.8575	7.8279	2888.145	0.5177	0.7893
6.683	 6	9.8	10.186	0.0173	1543.801	1.8754	7.8346	2895.264	0.5073	0.781
6.693	 6	10.8	10.183	0.0069	1553.471	1.8815	8.8214	2922.777	0.5038	0.7747
6.703	 6	11.8	10.183	0.0106	1552.997	1.8771	8.8214	2915.068	0.5063	0.7631
6.713	 6	12.8	10.178	0.0124	1544.461	1.8667	8.8339	2883.066	0.5123	0.7641
6.723	 6	13.8	10.171	0.0133	1537.101	1.8362	7.868	2822.474	0.53	0.7604
6.733	 6	14.8	10.173	0.013	1533.464	1.8198	8.8464	2790.593	0.5396	0.7536
6.743	 6	15.8	10.17	0.0122	1532.319	1.8442	7.8702	2825.876	0.5254	0.7476
6.753	 6	16.8	10.168	0.009	1534.098	1.8277	7.8747	2803.802	0.535	0.7483
6.763	 6	17.8	10.168	0.0096	1541.54	1.8556	7.8747	2860.465	0.5188	0.7446
6.773	 6	18.8	10.168	0.0085	1549.528	1.8853	8.859	2921.367	0.5016	0.7403
6.783	 6	19.8	10.168	0.0086	1552.841	1.899	7.8747	2948.85	0.4936	0.7367
6.793	 6	20.8	10.172	0.0082	1558.45	1.8806	8.8489	2930.747	0.5043	0.7346
6.803	 6	21.8	10.173	0.0076	1556.933	1.9082	7.8635	2970.862	0.4883	0.7244
6.813	 6	22.8	10.18	0.009	1557.527	1.9269	7.8479	3001.157	0.4775	0.7172
6.823	 6	23.8	10.181	0.0076	1561.264	1.929	7.8457	3011.636	0.4762	0.7106
6.833	 6	24.8	10.183	0.0067	1570.723	1.9324	7.8412	3035.298	0.4742	0.7097
6.843	 6	25.8	10.183	0.0039	1581.211	1.9168	7.8412	3030.887	0.4833	0.7135
6.853	 6	26.8	10.183	0.0051	1580.72	1.904	7.8412	3009.74	0.4907	0.7145
6.863	 6	27.8	10.183	0.0057	1559.179	1.8826	7.8412	2935.233	0.5032	0.7147
6.873	 6	28.8	10.188	0.01	1546.213	1.8857	7.8301	2915.644	0.5014	0.7099
6.883	 6	29.8	10.193	0.0079	1546.737	1.91	7.819	2954.32	0.4872	0.709
6.893	 6	30.8	10.192	0.0067	1550.586	1.9178	7.8213	2973.664	0.4827	0.7199
6.903	 6	31.8	10.194	0.0057	1551.362	1.9129	8.7939	2967.536	0.4856	0.7337
6.913	 6	32.8	10.199	0.0063	1554.725	1.9305	8.7815	3001.457	0.4753	0.7442
6.923	 6	33.8	10.199	0.0076	1557.575	1.9309	8.7815	3007.554	0.4751	0.7556
6.933	 6	34.8	10.204	0.0062	1565.031	1.952	7.7947	3054.965	0.4629	0.7641
6.943	 6	35.8	10.202	0.0051	1567.85	1.9442	8.774	3048.257	0.4674	0.773
6.953	 6	36.8	10.204	0.0078	1563.352	1.9193	8.7691	3000.544	0.4818	0.7846
6.963	 6	37.8	10.204	0.0088	1554.54	1.889	8.7691	2936.485	0.4994	0.7986
6.973	 6	38.8	10.21	0.0116	1554.507	1.8743	8.7542	2913.585	0.508	0.8131
6.983	 6	39.8	10.208	0.0087	1547.605	1.8659	8.7592	2887.715	0.5128	0.8206
6.993	 6	40.8	10.204	0.0062	1542.089	1.8919	8.7691	2917.529	0.4977	0.8289
7.003	 6	41.8	10.21	0.008	1540.899	1.8783	8.7542	2894.277	0.5056	0.8308
7.013	 6	42.8	10.209	0.0085	1542.844	1.8884	8.7567	2913.535	0.4998	0.838
7.023	 6	43.8	10.21	0.0074	1550.023	1.9031	7.7815	2949.856	0.4912	0.8292
7.033	 6	44.8	10.207	0.007	1561.658	1.9275	8.7616	3010.088	0.4771	0.8231
7.043	 6	45.8	10.2	0.0061	1567.061	1.9235	7.8036	3014.203	0.4794	0.8257
7.053	 6	46.8	10.202	0.0046	1568.091	1.9125	7.7992	2998.957	0.4858	0.8213
7.063	 6	47.8	10.2	0.0069	1552.511	1.8402	8.779	2856.89	0.5277	0.8138
7.073	 6	48.8	10.2	0.014	1534.296	1.8476	8.779	2834.809	0.5234	0.8082
7.083	 6	49.8	10.2	0.0108	1529.923	1.8216	7.8036	2786.869	0.5385	0.8012
7.093	 6	50.8	10.194	0.0092	1531.551	1.8652	8.7939	2856.692	0.5132	0.7929
7.103	 6	51.8	10.193	0.0073	1533.243	1.8354	7.819	2814.166	0.5305	0.7872
7.113	 6	52.8	10.194	0.0096	1528.336	1.7985	8.7939	2748.752	0.5519	0.7808
7.123	 6	53.8	10.195	0.0101	1518.243	1.7963	8.7914	2727.229	0.5532	0.7751
7.133	 6	54.8	10.192	0.0092	1515.539	1.8033	7.8213	2733.003	0.5491	0.7694
7.143	 6	55.8	10.196	0.012	1515.908	1.7992	7.8124	2727.417	0.5515	0.7619
7.153	 6	56.8	10.191	0.0095	1520.137	1.8201	7.8235	2766.728	0.5394	0.7549
7.163	 6	57.8	10.176	0.0071	1523.581	1.7898	8.8389	2726.932	0.557	0.7478
7.173	 6	58.8	10.178	0.0065	1515.711	1.8027	7.8523	2732.403	0.5495	0.7438
7.183	 6	59.8	10.174	0.0066	1523.738	1.8502	7.8613	2819.235	0.5219	0.7466
7.193	 6	60.8	10.18	0.0034	1533.132	1.8096	7.8479	2774.305	0.5455	0.7551
7.203	 6	61.8	10.175	0.0064	1515.264	1.7001	8.8414	2576.048	0.609	0.763
7.213	 6	62.8	10.17	0.0089	1495.149	1.7439	8.854	2607.317	0.5836	0.77
7.223	 6	63.8	10.168	0.0067	1496.835	1.7645	7.8747	2641.147	0.5716	0.7678
7.233	 6	64.8	10.163	0.0062	1504.07	1.781	8.8716	2678.741	0.5621	0.7675
7.243	 6	65.8	10.158	0.0046	1512.282	1.8042	7.8971	2728.484	0.5486	0.77
7.253	 6	66.8	10.164	0.0062	1513.175	1.811	7.8836	2740.418	0.5446	0.7795
7.263	 6	67.8	10.16	0.0059	1514.609	1.8305	7.8926	2772.483	0.5334	0.7875
7.273	 6	68.8	10.157	0.0043	1519.372	1.848	7.8993	2807.744	0.5232	0.7946
7.283	 6	69.8	10.165	0.0047	1517.844	1.8013	7.8814	2734.041	0.5503	0.7946
7.293	 6	70.8	10.16	0.0062	1510.556	1.8118	7.8926	2736.751	0.5442	0.7893
7.303	 6	71.8	10.162	0.0055	1511.078	1.797	7.8881	2715.454	0.5528	0.783
7.313	 6	72.8	10.162	0.0061	1504.367	1.7616	8.8741	2650.05	0.5733	0.7715
7.323	 6	73.8	10.162	0.0063	1501.699	1.7491	7.8881	2626.661	0.5806	0.7613
7.333	 6	74.8	10.173	0.0057	1501.771	1.7607	7.8635	2644.1	0.5739	0.746
7.343	 6	75.8	10.167	0.0059	1498.232	1.7571	7.8769	2632.528	0.5759	0.7323
7.353	 6	76.8	10.173	0.0054	1498.453	1.8039	7.8635	2703.132	0.5488	0.7196
7.363	 6	77.8	10.176	0.0044	1495.591	1.715	7.8568	2564.897	0.6004	0.7111
7.373	 6	78.8	10.178	0.0054	1490.845	1.7254	5.8893	2572.357	0.5943	0.7047
7.383	 6	79.8	10.183	0.0042	1493.109	1.7182	7.8412	2565.498	0.5985	0.7018
7.393	 6	80.8	10.183	0.005	1491.359	1.7173	7.8412	2561.073	0.599	0.7003
7.403	 6	81.8	10.189	0.005	1492.019	1.7261	7.8279	2575.414	0.5939	0.6985
7.413	 6	82.8	10.188	0.0048	1492.528	1.7548	7.8301	2619.057	0.5773	0.7004
7.423	 6	83.8	10.191	0.0045	1500.442	1.796	7.8235	2694.779	0.5534	0.7043
7.433	 6	84.8	10.191	0.0047	1503.763	1.7848	7.8235	2683.951	0.5598	0.7097
7.443	 6	85.8	10.191	0.0047	1510.001	1.8135	8.8014	2738.342	0.5432	0.7173
7.453	 6	86.8	10.19	0.005	1514.566	1.7975	7.8257	2722.475	0.5525	0.7247
7.463	 6	87.8	10.19	0.0036	1522.714	1.8729	7.8257	2851.822	0.5088	0.7302
7.473	 6	88.8	10.191	0.0025	1541.056	1.8436	7.8235	2841.045	0.5258	0.738
7.483	 6	89.8	10.196	0.0022	1532.542	1.848	7.8124	2832.133	0.5232	0.745
7.493	 6	90.8	10.196	0.0017	1527.948	1.8509	7.8124	2828.004	0.5215	0.7521
7.503	 6	91.8	10.196	0.0021	1525.662	1.8363	8.789	2801.578	0.53	0.7549
7.513	 6	92.8	10.196	0.002	1532.081	1.8591	7.8124	2848.282	0.5168	0.7576
7.523	 6	93.8	10.196	0.002	1537.394	1.8555	7.8124	2852.638	0.5189	0.7623
7.533	 6	94.8	10.197	0.002	1538.705	1.873	7.8102	2882.034	0.5087	0.7681
7.543	 6	95.8	10.196	0.0016	1541.113	1.8674	7.8124	2877.868	0.512	0.768
7.553	 6	96.8	10.196	0.0016	1540.414	1.8692	8.789	2879.357	0.5109	0.7647
7.563	 6	97.8	10.196	0.0014	1534.618	1.8688	7.8124	2867.966	0.5111	0.7632
7.573	 6	98.8	10.193	0.0014	1532.091	1.8738	8.7964	2870.771	0.5083	0.7611
7.583	 6	99.8	10.194	0.0015	1534.548	1.8374	8.7939	2819.53	0.5294	0.7599
7.593	 6	100.8	10.191	0.0025	1528.803	1.8383	8.8014	2810.341	0.5289	0.756
7.603	 6	101.8	10.191	0.0024	1527.657	1.8267	8.8014	2790.528	0.5356	0.7495
7.613	 6	102.8	10.185	0.003	1521.512	1.7988	8.8164	2736.822	0.5518	0.7531
7.623	 6	103.8	10.191	0.0037	1516.067	1.7842	8.8014	2704.89	0.5602	0.7497
7.633	 6	104.8	10.186	0.0038	1508.143	1.8016	8.8139	2717.14	0.5501	0.743
7.643	 6	105.8	10.189	0.0037	1513.742	1.818	9.7849	2751.952	0.5406	0.7424
7.653	 6	106.8	10.194	0.0034	1518.999	1.8088	8.7939	2747.565	0.5459	0.7453
7.663	 6	107.8	10.198	0.0037	1518.463	1.804	9.76	2739.265	0.5487	0.7449
7.673	 6	108.8	10.208	0.0033	1512.52	1.7802	8.7592	2692.545	0.5625	0.7415
7.683	 6	109.8	10.198	0.0027	1511.263	1.8254	8.784	2758.686	0.5363	0.7438
7.693	 6	110.8	10.207	0.0014	1522.751	1.84	9.7352	2801.82	0.5279	0.779
7.703	 6	111.8	10.217	0.0018	1524.47	1.8192	8.7369	2773.375	0.5399	0.7912
7.713	 6	112.8	10.222	0.0019	1514.37	1.7791	8.7246	2694.178	0.5632	0.7962
7.723	 6	113.8	10.217	0.0014	1507.599	1.7663	8.7369	2662.815	0.5706	0.7931
7.733	 6	114.8	10.228	0.0019	1511.453	1.763	8.7099	2664.748	0.5725	0.7908
7.743	 6	115.8	10.227	0.0016	1511.975	1.8357	8.7123	2775.485	0.5304	0.788
7.753	 6	116.8	10.262	0.0013	1517.823	1.7638	8.6269	2677.156	0.572	0.786
7.763	 6	117.8	10.285	0.0015	1514.951	1.7678	8.5714	2678.196	0.5697	0.7871
7.773	 6	118.8	10.301	0.0012	1518.873	1.7704	8.5331	2689.071	0.5682	0.7864
7.783	 6	119.8	10.337	0.0004	1515.467	1.7821	8.4478	2700.687	0.5614	0.7836
7.793	 6	120.8	10.348	0.0006	1539.652	1.789	8.4219	2754.47	0.5574	0.7804
7.803	 6	121.8	10.496	0.0017	1541.489	1.7692	8.0848	2727.186	0.5689	0.7801
7.813	 6	122.8	10.517	0.0013	1542.761	1.7823	8.9317	2749.675	0.5613	0.7913
7.823	 6	123.8	10.533	0.0	108.2695	1.7861	8.0036	193.3819	0.5591	0.8098
7.833	 6	124.8	10.518	0.0	108.1153	1.7591	8.0364	190.1856	0.5748	0.8454
7.843	 6	125.8	10.508	0.0001	1531.332	1.8056	8.0584	2765.034	0.5478	0.9071
7.853	 6	126.8	10.477	0.0002	1538.247	1.8308	7.224	2816.212	0.5332	1.0262
7.863	 6	127.8	10.467	0.0001	1552.046	1.8268	6.3384	2835.341	0.5355	1.281
7.873	 6	128.8	10.466	0.0004	1545.481	1.8486	4.5287	2856.902	0.5229	1.844
7.883	 6	129.8	10.446	0.0	107.3752	1.6968	3.6429	182.1974	0.6109	2.7261
