Geotek MSCL 7.9 - TN336_JPC41-50_MSmass.out created at 19:54:18 on 1/26/2016.


Processing Parameters

CT	RCT=11.45	W=1.27
PWAmp	A=1	B=0
PWVel	PTO=27.19
Den1	A=9.889801E-04	B=-.1104	C=10.002
MS1	A=1	B=0	Den=1	LD=14	
FP	MGD=2.75	WD=1.026	
RES	A=567.302	B=-1.103549	p=0	


SB DEPTH	SECT NUM	SECT DEPTH	CT	PWAmp	PWVel	Den1	MS1	Imp	FP	RES
m		cm	cm		m/s	g/cc	x 10^-8 (m^3/kg)			Ohm.m

-0.638	cal sect	0.0	10.623	0.0						61.5774
-0.578	cal sect	6.0	10.454	0.0086	1510.694	1.2399			0.8759	12.4339
-0.518	cal sect	12.1	10.192	0.0273	1493.552	1.2456	-0.7849	1860.403	0.8726	11.7411
-0.458	cal sect	18.1	10.218	0.0156	1490.591	1.2434	-0.7805	1853.333	0.8739	11.5774
-0.398	cal sect	24.1	10.492	0.0013	1506.822	1.2284	-0.7321	1851.032	0.8826	9.1483
-0.338	cal sect	30.1	10.645	0.0096	1510.786	1.2331	0.0	1862.987	0.8799	3.8392
-0.278	cal sect	36.1	10.487	0.0293	1522.282	1.2288	-0.7328	1870.643	0.8823	0.4792
-0.218	cal sect	42.1	10.248	0.0138	1514.184	1.271	-0.7572	1924.498	0.8579	0.3577
-0.158	cal sect	48.1	10.218	0.0446	1508.192	1.2617	-0.7692	1902.951	0.8633	0.3669
-0.098	cal sect	54.1	10.411	0.0061	1509.716	1.2331	0.0	1861.681	0.8799	0.3649
-0.038	cal sect	60.1	10.478	0.0058	1521.417	1.2393	2.1854	1885.444	0.8763	0.5344
0.002	 1	0.2	10.691	0.0005	1431.383	0.7406	16.107	1060.15	1.1655	1.1446
0.012	 1	1.2	10.681	0.0	109.9083	1.4036	10.3486	154.2625	0.781	0.9106
0.022	 1	2.2	10.65	0.0001	1467.144	1.4354	12.0039	2106.007	0.7625	0.6772
0.032	 1	3.2	10.624	0.0002	1548.688	1.4549	12.5234	2253.113	0.7512	0.539
0.042	 1	4.2	10.615	0.0	109.2292	1.4395	13.292	157.2347	0.7602	0.4652
0.052	 1	5.2	10.31	0.0005	1536.971	1.4793	15.3439	2273.582	0.7371	0.425
0.062	 1	6.2	10.257	0.0024	1524.524	1.504	15.3172	2292.921	0.7227	0.404
0.072	 1	7.2	10.254	0.002	1523.852	1.4857	15.5193	2263.975	0.7334	0.3946
0.082	 1	8.2	10.24	0.001	1522.903	1.4767	15.6752	2248.898	0.7386	0.3903
0.092	 1	9.2	10.215	0.0018	1538.404	1.4949	14.9442	2299.78	0.728	0.3899
0.102	 1	10.2	10.181	0.004	1521.141	1.5177	14.8624	2308.593	0.7148	0.3905
0.112	 1	11.2	10.181	0.0011	1525.472	1.5191	14.8482	2317.386	0.714	0.3938
0.122	 1	12.2	10.176	0.0019	1521.304	1.4933	14.4688	2271.756	0.7289	0.3988
0.132	 1	13.2	10.17	0.0012	1521.089	1.534	14.109	2333.327	0.7053	0.404
0.142	 1	14.2	10.175	0.005	1504.065	1.5303	14.1231	2301.641	0.7075	0.4083
0.152	 1	15.2	10.179	0.0036	1492.303	1.5353	14.0606	2291.195	0.7046	0.4132
0.162	 1	16.2	10.174	0.0017	1482.226	1.5163	14.9055	2247.49	0.7156	0.4175
0.172	 1	17.2	10.185	0.001	1477.157	1.4721	15.3048	2174.581	0.7412	0.4238
0.182	 1	18.2	10.189	0.0006	1476.881	1.5021	14.9829	2218.365	0.7239	0.4279
0.192	 1	19.2	10.193	0.0005	1476.604	1.4889	15.098	2198.548	0.7315	0.4279
0.202	 1	20.2	10.201	0.0004	1480.337	1.5169	14.7863	2245.487	0.7153	0.4309
0.212	 1	21.2	10.212	0.0006	1482.363	1.5213	15.3363	2255.144	0.7127	0.4319
0.222	 1	22.2	10.215	0.001	1486.9	1.4618	15.9467	2173.622	0.7472	0.4343
0.232	 1	23.2	10.224	0.0011	1479.595	1.4645	15.8779	2166.8	0.7457	0.4373
0.242	 1	24.2	10.228	0.0008	1485.548	1.5302	15.811	2273.186	0.7075	0.4542
0.252	 1	25.2	10.233	0.0009	1477.05	1.5406	15.6822	2275.54	0.7015	0.4589
0.262	 1	26.2	10.238	0.0006	1479.907	1.5369	15.6982	2274.414	0.7037	0.4619
0.272	 1	27.2	10.244	0.0006	1472.685	1.4957	16.1034	2202.634	0.7276	0.4609
0.282	 1	28.2	10.243	0.0005	1477.853	1.5431	15.6129	2280.454	0.7001	0.4584
0.292	 1	29.2	10.25	0.0008	1483.572	1.5589	15.4239	2312.771	0.6909	0.4487
0.302	 1	30.2	10.258	0.0018	1490.772	1.5723	15.8685	2343.946	0.6831	0.4488
0.312	 1	31.2	10.271	0.0038	1490.927	1.5807	15.7269	2356.684	0.6783	0.4724
0.322	 1	32.2	10.294	0.0032	1493.182	1.5653	15.7798	2337.224	0.6872	0.4781
0.332	 1	33.2	10.311	0.0035	1493.266	1.5642	15.7154	2335.799	0.6878	0.4869
0.342	 1	34.2	10.301	0.0022	1502.918	1.5792	16.2102	2373.414	0.6791	0.4984
0.352	 1	35.2	10.443	0.0048	1503.022	1.5639	15.1533	2350.614	0.688	0.5098
0.362	 1	36.2	10.449	0.0006	1495.492	1.5373	15.9827	2298.944	0.7035	0.5196
0.372	 1	37.2	10.472	0.0	107.7577	1.5661	15.5897	168.7563	0.6867	0.5297
0.382	 1	38.2	10.489	0.0	107.9326	1.5711	15.4676	169.5723	0.6838	0.5521
0.392	 1	39.2	10.485	0.0	107.8915	1.5631	15.5639	168.6443	0.6885	0.5964
0.402	 1	40.2	10.462	0.0001	1288.106	1.5606	16.2688	2010.177	0.6899	0.6831
0.412	 1	41.2	10.44	0.0007	1506.928	1.5816	16.1496	2383.402	0.6777	0.865
0.422	 1	42.2	10.771	0.0	110.8344	1.5251	15.8607	169.0369	0.7105	1.1553
0.432	 1	43.2	10.836	0.0	111.5033	1.4665	16.2139	163.5165	0.7445	1.3855
0.442	 2	0.3	10.833	0.0	111.4724	1.1	22.3789	122.6188	0.9571	1.3102
0.452	 2	1.3	10.778	0.0001	936.0778	1.5239	15.8442	1426.476	0.7112	1.0263
0.462	 2	2.3	10.773	0.0	110.855	1.5294	16.3529	169.5441	0.708	0.781
0.472	 2	3.3	10.738	0.0001	1024.13	1.5187	16.6224	1555.341	0.7142	0.6435
0.482	 2	4.3	10.677	0.0	109.8672	1.5081	17.5813	165.6934	0.7203	0.5671
0.492	 2	5.3	10.246	0.0001	1153.699	1.5877	18.8003	1831.706	0.6742	0.5245
0.502	 2	6.3	10.177	0.0001	1293.139	1.574	19.3376	2035.339	0.6822	0.5052
0.512	 2	7.3	10.164	0.0001	1150.424	1.577	19.9965	1814.216	0.6804	0.4945
0.522	 2	8.3	10.152	0.0003	1220.192	1.5745	19.4689	1921.171	0.6819	0.4893
0.532	 2	9.3	10.151	0.0005	1152.999	1.5983	19.8029	1842.855	0.668	0.4864
0.542	 2	10.3	10.147	0.0007	1152.806	1.6026	20.3898	1847.535	0.6655	0.4839
0.552	 2	11.3	10.146	0.0005	1152.431	1.5884	21.2026	1830.47	0.6738	0.4868
0.562	 2	12.3	10.147	0.0004	1153.724	1.6003	21.6576	1846.262	0.6669	0.4913
0.572	 2	13.3	10.147	0.0003	1140.497	1.6117	22.1186	1838.116	0.6603	0.4936
0.582	 2	14.3	10.152	0.0004	1148.806	1.5968	22.9117	1834.461	0.6689	0.4939
0.592	 2	15.3	10.155	0.0008	1144.87	1.6038	24.0254	1836.099	0.6649	0.4907
0.602	 2	16.3	10.158	0.0006	1148.835	1.5985	24.0835	1836.448	0.6679	0.4868
0.612	 2	17.3	10.166	0.0004	1142.761	1.5897	24.7824	1816.605	0.673	0.4829
0.622	 2	18.3	10.167	0.0004	1279.673	1.5974	25.8885	2044.122	0.6686	0.4789
0.632	 2	19.3	10.173	0.0006	1152.748	1.5886	26.6065	1831.22	0.6737	0.476
0.642	 2	20.3	10.177	0.0004	1144.383	1.5872	27.2185	1816.322	0.6745	0.4752
0.652	 2	21.3	10.183	0.0008	1146.347	1.573	28.0395	1803.233	0.6827	0.4768
0.662	 2	22.3	10.187	0.0008	1145.508	1.5652	28.1471	1792.994	0.6872	0.4823
0.672	 2	23.3	10.192	0.001	1211.027	1.6423	27.3842	1988.829	0.6425	0.4841
0.682	 2	24.3	10.198	0.001	1272.206	1.6569	27.6852	2107.933	0.634	0.482
0.692	 2	25.3	10.197	0.0007	1263.882	1.6529	27.7608	2089.03	0.6364	0.4807
0.702	 2	26.3	10.197	0.0008	1275.263	1.6509	28.385	2105.344	0.6375	0.4799
0.712	 2	27.3	10.197	0.0008	1285.066	1.6134	29.6502	2073.319	0.6593	0.4822
0.722	 2	28.3	10.201	0.0004	1285.57	1.6133	30.8273	2074.01	0.6593	0.4871
0.732	 2	29.3	10.202	0.0005	1196.856	1.6258	32.3796	1945.904	0.6521	0.4913
0.742	 2	30.3	10.198	0.001	1485.073	1.635	33.4295	2428.038	0.6468	0.4964
0.752	 2	31.3	10.201	0.002	1470.308	1.6469	34.9349	2421.479	0.6398	0.505
0.762	 2	32.3	10.202	0.0011	1471.513	1.6563	36.4939	2437.212	0.6344	0.5101
0.772	 2	33.3	10.202	0.0011	1506.052	1.6443	39.132	2476.337	0.6414	0.5133
0.782	 2	34.3	10.206	0.0007	1505.532	1.6195	42.0901	2438.229	0.6557	0.5201
0.792	 2	35.3	10.207	0.0012	1378.393	1.6571	42.8852	2284.187	0.6339	0.5265
0.802	 2	36.3	10.207	0.0013	1499.045	1.7038	42.8526	2554.125	0.6068	0.5405
0.812	 2	37.3	10.208	0.0016	1379.832	1.7087	43.288	2357.722	0.604	0.5482
0.822	 2	38.3	10.213	0.002	1472.675	1.6999	44.0228	2503.379	0.6091	0.5594
0.832	 2	39.3	10.208	0.0015	1476.211	1.6769	44.6901	2475.418	0.6225	0.5692
0.842	 2	40.3	10.208	0.0012	1471.317	1.6589	45.7597	2440.837	0.6329	0.579
0.852	 2	41.3	10.204	0.0023	1412.905	1.6684	47.3045	2357.261	0.6274	0.5904
0.862	 2	42.3	10.203	0.0014	1399.589	1.6986	48.197	2377.356	0.6099	0.6039
0.872	 2	43.3	10.203	0.0017	1375.624	1.7209	49.2719	2367.303	0.5969	0.6106
0.882	 2	44.3	10.198	0.0008	1389.563	1.7154	51.7743	2383.716	0.6001	0.6126
0.892	 2	45.3	10.197	0.0008	1274.466	1.7289	53.0814	2203.36	0.5923	0.6161
0.902	 2	46.3	10.192	0.0006	1304.659	1.7177	54.6416	2240.948	0.5988	0.6178
0.912	 2	47.3	10.192	0.0006	1477.744	1.7046	56.208	2518.916	0.6064	0.621
0.922	 2	48.3	10.199	0.0005	1372.124	1.7315	56.9133	2375.894	0.5908	0.6262
0.932	 2	49.3	10.217	0.0006	1471.342	1.7444	56.7638	2566.603	0.5833	0.6292
0.942	 2	50.3	10.223	0.001	1368.541	1.7524	58.0697	2398.163	0.5787	0.6319
0.952	 2	51.3	10.227	0.0007	1377.745	1.7375	59.0581	2393.787	0.5873	0.6341
0.962	 2	52.3	10.232	0.0012	1382.516	1.7229	60.5945	2381.986	0.5957	0.6367
0.972	 2	53.3	10.237	0.0005	1390.33	1.7364	61.1524	2414.145	0.5879	0.6382
0.982	 2	54.3	10.259	0.0007	1407.27	1.7403	62.2909	2449.114	0.5857	0.6406
0.992	 2	55.3	10.271	0.0005	1527.059	1.7541	63.2285	2678.644	0.5777	0.6439
1.002	 2	56.3	10.285	0.0011	1537.14	1.7864	63.4421	2745.945	0.5589	0.6465
1.012	 2	57.3	10.284	0.0013	1529.674	1.7346	67.5531	2653.318	0.589	0.6505
1.022	 2	58.3	10.289	0.0004	1284.199	1.6885	70.9891	2168.368	0.6157	0.6594
1.032	 2	59.3	10.292	0.0003	1319.318	1.7013	72.6325	2244.499	0.6083	0.6677
1.042	 2	60.3	10.29	0.001	1393.931	1.7654	72.1895	2460.779	0.5711	0.6831
1.052	 2	61.3	10.289	0.001	1500.729	1.805	72.7319	2708.81	0.5481	0.6931
1.062	 2	62.3	10.279	0.0012	1394.141	1.8011	75.7401	2511.054	0.5504	0.7002
1.072	 2	63.3	10.274	0.0009	1530.463	1.788	78.0076	2736.449	0.558	0.7012
1.082	 2	64.3	10.269	0.002	1534.29	1.769	82.2021	2714.1	0.569	0.6958
1.092	 2	65.3	10.259	0.0021	1519.627	1.83	82.3044	2780.94	0.5336	0.6885
1.102	 2	66.3	10.248	0.0037	1515.752	1.7691	89.2102	2681.505	0.569	0.6773
1.112	 2	67.3	10.246	0.003	1514.784	1.8073	90.571	2737.637	0.5468	0.6673
1.122	 2	68.3	10.243	0.0038	1523.576	1.7895	95.3175	2726.448	0.5571	0.6597
1.132	 2	69.3	10.236	0.0034	1525.939	1.8355	96.2697	2800.836	0.5305	0.6532
1.142	 2	70.3	10.234	0.0031	1538.947	1.8651	95.3114	2870.319	0.5133	0.6496
1.152	 2	71.3	10.23	0.0029	1542.289	1.8831	93.4786	2904.343	0.5028	0.6469
1.162	 2	72.3	10.223	0.0029	1547.298	1.8766	90.8901	2903.693	0.5066	0.6503
1.172	 2	73.3	10.216	0.0042	1541.34	1.8299	88.0866	2820.562	0.5337	0.6492
1.182	 2	74.3	10.21	0.0036	1535.338	1.8173	84.5679	2790.169	0.541	0.6517
1.192	 2	75.3	10.203	0.0026	1528.082	1.8199	80.8667	2780.92	0.5395	0.654
1.202	 2	76.3	10.192	0.0043	1523.468	1.8309	77.9613	2789.289	0.5331	0.6494
1.212	 2	77.3	10.184	0.0071	1516.605	1.7931	78.147	2719.362	0.5551	0.6433
1.222	 2	78.3	10.172	0.0063	1511.666	1.7849	78.7732	2698.126	0.5598	0.6394
1.232	 2	79.3	10.166	0.0038	1520.036	1.843	76.4182	2801.443	0.5261	0.6384
1.242	 2	80.3	10.161	0.0045	1534.199	1.8453	76.4327	2831.025	0.5248	0.641
1.252	 2	81.3	10.156	0.0041	1529.518	1.8493	77.445	2828.473	0.5225	0.646
1.262	 2	82.3	10.149	0.0014	1505.563	1.8212	79.337	2741.973	0.5387	0.6523
1.272	 2	83.3	10.142	0.0012	1299.423	1.8342	80.5559	2383.373	0.5312	0.6626
1.282	 2	84.3	10.144	0.0012	1529.784	1.8375	81.9817	2811.008	0.5293	0.6709
1.292	 2	85.3	10.147	0.0022	1525.635	1.8526	83.3826	2826.406	0.5205	0.6831
1.302	 2	86.3	10.147	0.0051	1526.094	1.856	86.4295	2832.494	0.5185	0.6911
1.312	 2	87.3	10.153	0.0063	1521.505	1.8491	89.8126	2813.446	0.5226	0.6912
1.322	 2	88.3	10.152	0.0029	1545.205	1.9253	89.3671	2974.913	0.4784	0.6922
1.332	 2	89.3	10.159	0.0018	1563.404	1.9302	91.0053	3017.705	0.4755	0.6924
1.342	 2	90.3	10.159	0.0022	1554.552	1.9455	90.2883	3024.448	0.4666	0.697
1.352	 2	91.3	10.158	0.0005	1560.848	1.9337	88.3124	3018.289	0.4735	0.6552
1.362	 2	92.3	10.158	0.0012	1336.403	1.8644	87.8916	2491.574	0.5137	0.6649
1.372	 2	93.3	10.158	0.0014	1308.009	1.863	84.7779	2436.822	0.5145	0.6676
1.382	 2	94.3	10.158	0.0015	1551.787	1.919	80.2476	2977.831	0.482	0.6713
1.392	 2	95.3	10.157	0.0025	1545.261	1.8938	79.7727	2926.428	0.4966	0.6714
1.402	 2	96.3	10.163	0.0027	1540.315	1.8845	78.9838	2902.734	0.502	0.6684
1.412	 2	97.3	10.162	0.0026	1534.582	1.8865	77.3562	2894.935	0.5009	0.6667
1.422	 2	98.3	10.167	0.0011	1517.916	1.8877	76.1539	2865.323	0.5002	0.664
1.432	 2	99.3	10.171	0.0002	1552.35	1.8862	75.0833	2928.068	0.501	0.6636
1.442	 2	100.3	10.177	0.0004	1435.402	1.8812	74.1113	2700.287	0.5039	0.6658
1.452	 2	101.3	10.177	0.0004	1310.962	1.8926	73.1469	2481.111	0.4973	0.6639
1.462	 2	102.3	10.177	0.0004	1316.048	1.8972	72.9671	2496.871	0.4946	0.6614
1.472	 2	103.3	10.182	0.0011	1418.501	1.8711	74.9286	2654.208	0.5098	0.6598
1.482	 2	104.3	10.181	0.0011	1558.396	1.9048	75.1697	2968.436	0.4903	0.6545
1.492	 2	105.3	10.182	0.0026	1555.691	1.9072	76.598	2966.943	0.4889	0.6506
1.502	 2	106.3	10.182	0.0017	1531.819	1.8806	78.7207	2880.794	0.5043	0.6448
1.512	 2	107.3	10.181	0.0011	1309.79	1.8623	80.5735	2439.164	0.5149	0.6381
1.522	 2	108.3	10.182	0.0012	1547.887	1.8757	79.9733	2903.369	0.5071	0.6352
1.532	 2	109.3	10.175	0.0021	1528.466	1.8526	80.0687	2831.712	0.5205	0.6286
1.542	 2	110.3	10.17	0.0029	1527.715	1.8484	79.3014	2823.858	0.523	0.6242
1.552	 2	111.3	10.176	0.0029	1525.637	1.8412	77.8767	2809.003	0.5271	0.6194
1.562	 2	112.3	10.177	0.0018	1520.544	1.8468	76.0234	2808.15	0.5239	0.615
1.572	 2	113.3	10.171	0.0015	1526.26	1.8296	74.7182	2792.474	0.5339	0.6146
1.582	 2	114.3	10.166	0.0017	1517.766	1.8495	72.9554	2807.092	0.5223	0.6142
1.592	 2	115.3	10.172	0.0013	1526.64	1.8254	72.1755	2786.763	0.5363	0.6136
1.602	 2	116.3	10.172	0.0019	1526.411	1.8433	70.4094	2813.607	0.5259	0.6144
1.612	 2	117.3	10.167	0.0012	1524.059	1.8548	70.0718	2826.817	0.5193	0.6131
1.622	 2	118.3	10.161	0.0024	1528.43	1.8625	69.3732	2846.625	0.5148	0.6098
1.632	 2	119.3	10.162	0.0034	1520.12	1.8499	69.825	2812.031	0.5221	0.6078
1.642	 2	120.3	10.162	0.002	1515.585	1.8252	71.3086	2766.27	0.5364	0.6039
1.652	 2	121.3	10.167	0.0017	1512.046	1.8088	72.3991	2734.947	0.546	0.6015
1.662	 2	122.3	10.17	0.002	1509.798	1.8024	73.6868	2721.186	0.5497	0.5939
1.672	 2	123.3	10.177	0.0025	1508.374	1.7722	77.007	2673.166	0.5672	0.5906
1.682	 2	124.3	10.183	0.0027	1505.248	1.763	80.6144	2653.734	0.5725	0.5925
1.692	 2	125.3	10.192	0.0021	1509.702	1.8096	81.58	2731.938	0.5455	0.5967
1.702	 2	126.3	10.202	0.0028	1514.999	1.8161	84.8169	2751.34	0.5417	0.602
1.712	 2	127.3	10.207	0.002	1515.966	1.8874	84.5916	2861.207	0.5004	0.6058
1.722	 2	128.3	10.217	0.0011	1525.381	1.8767	86.3866	2862.626	0.5066	0.612
1.732	 2	129.3	10.228	0.0028	1529.306	1.8485	89.5236	2826.97	0.5229	0.6398
1.742	 2	130.3	10.241	0.0021	1524.185	1.8503	89.6315	2820.216	0.5219	0.6485
1.752	 2	131.3	10.245	0.0019	1522.062	1.8698	89.1138	2845.913	0.5106	0.6577
1.762	 2	132.3	10.259	0.0018	1525.729	1.8166	92.4186	2771.62	0.5414	0.6655
1.772	 2	133.3	10.264	0.0012	1529.657	1.8663	89.83	2854.82	0.5126	0.671
1.782	 2	134.3	10.274	0.0031	1535.495	1.8894	87.4743	2901.099	0.4992	0.6751
1.792	 2	135.3	10.284	0.0027	1526.949	1.8235	88.2878	2784.46	0.5374	0.6789
1.802	 2	136.3	10.338	0.0025	1526.58	1.8164	85.7595	2772.828	0.5416	0.6815
1.812	 2	137.3	10.345	0.0014	1531.912	1.8608	82.0389	2850.577	0.5158	0.6808
1.822	 2	138.3	10.315	0.0012	1555.103	1.8248	84.36	2837.749	0.5367	0.6868
1.832	 2	139.3	10.361	0.0038	1522.781	1.7612	87.3543	2681.856	0.5736	0.6944
1.842	 2	140.3	10.508	0.0006	1526.438	1.8087	83.1669	2760.845	0.546	0.7104
1.852	 2	141.3	10.541	0.0005	1533.459	1.8067	83.0015	2770.552	0.5471	0.7276
1.862	 2	142.3	10.555	0.0004	1584.597	1.9421	76.0124	3077.441	0.4686	0.7589
1.872	 2	143.3	10.533	0.0	108.3854	1.8404	78.7598	199.4774	0.5276	0.8049
1.882	 2	144.3	10.513	0.0	108.1796	1.7981	79.0674	194.516	0.5522	0.8911
1.892	 2	145.3	10.517	0.0	108.2207	1.754	81.476	189.8176	0.5777	1.0324
1.902	 2	146.3	10.503	0.0	108.0767	1.7598	82.5351	190.1981	0.5743	1.2413
1.912	 2	147.3	10.709	0.0003	1579.033	1.8085	76.4328	2855.647	0.5461	1.457
1.922	 2	148.3	10.823	0.0	111.3695	1.2762	104.4344	142.1313	0.8549	1.5657
1.932	 3	0.4	10.829	0.0	111.4312	1.204	108.4743	134.1657	0.8967	1.5087
1.942	 3	1.4	10.875	0.0	111.9046	1.8868	65.8055	211.1465	0.5007	1.3243
1.952	 3	2.4	10.861	0.0	111.7605	1.7476	68.9795	195.3143	0.5814	1.1023
1.962	 3	3.4	10.815	0.0002	1517.895	1.7172	69.617	2606.54	0.5991	0.9292
1.972	 3	4.4	10.753	0.0	110.6492	1.7804	69.6698	197.0039	0.5624	0.8121
1.982	 3	5.4	10.344	0.0032	1543.65	1.8346	78.1263	2832.011	0.531	0.7527
1.992	 3	6.4	10.24	0.0026	1540.776	1.9157	80.0522	2951.638	0.4839	0.7183
2.002	 3	7.4	10.227	0.0075	1568.077	1.9274	81.8673	3022.282	0.4772	0.6998
2.012	 3	8.4	10.227	0.0053	1566.636	1.9152	82.8947	3000.377	0.4842	0.6912
2.022	 3	9.4	10.222	0.0208	1565.87	2.0265	76.5372	3173.266	0.4197	0.6908
2.032	 3	10.4	10.223	0.0104	1548.705	1.8689	78.8213	2894.338	0.5111	0.6883
2.042	 3	11.4	10.227	0.0707	1537.432	1.8203	76.5805	2798.537	0.5393	0.6826
2.052	 3	12.4	10.233	0.0301	1526.858	1.8205	74.3165	2779.697	0.5391	0.6708
2.062	 3	13.4	10.237	0.0261	1538.011	1.9196	67.8887	2952.312	0.4817	0.6595
2.072	 3	14.4	10.244	0.0083	1551.416	1.8781	68.2257	2913.682	0.5058	0.6605
2.082	 3	15.4	10.254	0.0297	1532.048	1.7384	72.9475	2663.326	0.5868	0.6593
2.092	 3	16.4	10.26	0.0541	1510.378	1.6851	77.9744	2545.129	0.6177	0.6603
2.102	 3	17.4	10.275	0.0169	1522.222	1.9307	71.7272	2938.926	0.4752	0.654
2.112	 3	18.4	10.287	0.0252	1569.576	1.8386	80.7607	2885.841	0.5286	0.6452
2.122	 3	19.4	10.297	0.0317	1546.328	1.8981	83.0097	2935.152	0.4941	0.6417
2.132	 3	20.4	10.3	0.0166	1566.302	1.8507	90.1888	2898.814	0.5216	0.6427
2.142	 3	21.4	10.302	0.0144	1540.601	1.9736	87.4108	3040.453	0.4504	0.6439
2.152	 3	22.4	10.304	0.0081	1533.105	1.7211	101.8248	2638.695	0.5968	0.6414
2.162	 3	23.4	10.305	0.0227	1520.809	1.8364	97.9846	2792.851	0.5299	0.633
2.172	 3	24.4	10.305	0.011	1567.062	1.9589	94.274	3069.773	0.4589	0.624
2.182	 3	25.4	10.31	0.0099	1587.375	1.9426	95.9065	3083.672	0.4683	0.6182
2.192	 3	26.4	10.31	0.0088	1580.319	1.9472	95.1951	3077.208	0.4657	0.6175
2.202	 3	27.4	10.308	0.0067	1563.002	1.9027	94.9907	2973.892	0.4915	0.6183
2.212	 3	28.4	10.311	0.0088	1558.73	1.936	89.86	3017.669	0.4722	0.6175
2.222	 3	29.4	10.311	0.0034	1560.381	1.9307	83.7398	3012.619	0.4752	0.6204
2.232	 3	30.4	10.315	0.0089	1547.637	1.8659	78.9606	2887.669	0.5128	0.6252
2.242	 3	31.4	10.311	0.0099	1523.943	1.835	73.1641	2796.459	0.5307	0.6355
2.252	 3	32.4	10.309	0.0081	1523.648	1.8505	67.9912	2819.523	0.5217	0.6452
2.262	 3	33.4	10.305	0.0078	1528.478	1.8381	65.9493	2809.549	0.5289	0.6477
2.272	 3	34.4	10.3	0.0077	1531.143	1.8799	63.5642	2878.448	0.5047	0.6476
2.282	 3	35.4	10.3	0.0075	1536.167	1.848	64.6637	2838.791	0.5232	0.6529
2.292	 3	36.4	10.295	0.0081	1533.363	1.853	65.0901	2841.36	0.5203	0.6573
2.302	 3	37.4	10.289	0.008	1531.329	1.852	66.2621	2836.057	0.5209	0.6632
2.312	 3	38.4	10.285	0.0075	1536.91	1.8741	66.5703	2880.37	0.508	0.6698
2.322	 3	39.4	10.279	0.0074	1539.003	1.8888	67.1747	2906.864	0.4995	0.681
2.332	 3	40.4	10.275	0.0082	1534.498	1.8745	68.2712	2876.473	0.5078	0.686
2.342	 3	41.4	10.273	0.0099	1531.455	1.8594	70.4062	2847.636	0.5166	0.6919
2.352	 3	42.4	10.27	0.0085	1530.78	1.8652	70.2467	2855.245	0.5132	0.6938
2.362	 3	43.4	10.265	0.0091	1531.861	1.8917	69.8658	2897.873	0.4978	0.6922
2.372	 3	44.4	10.265	0.0087	1535.068	1.8711	71.6616	2872.2	0.5098	0.694
2.382	 3	45.4	10.259	0.0097	1534.63	1.8849	71.7628	2892.687	0.5018	0.6925
2.392	 3	46.4	10.258	0.011	1534.021	1.888	71.667	2896.217	0.5	0.6933
2.402	 3	47.4	10.255	0.0102	1533.802	1.8882	72.2288	2896.1	0.4999	0.6947
2.412	 3	48.4	10.255	0.006	1534.031	1.8965	72.9261	2909.24	0.4951	0.6961
2.422	 3	49.4	10.27	0.0064	1536.965	1.8744	73.9852	2880.866	0.5079	0.7029
2.432	 3	50.4	10.27	0.0115	1536.965	1.8638	75.4309	2864.627	0.514	0.7009
2.442	 3	51.4	10.274	0.0099	1543.802	1.9071	73.6347	2944.25	0.4889	0.7007
2.452	 3	52.4	10.279	0.008	1542.93	1.9103	73.9113	2947.383	0.4871	0.702
2.462	 3	53.4	10.289	0.0077	1539.808	1.8913	75.4496	2912.213	0.4981	0.6997
2.472	 3	54.4	10.3	0.0076	1544.691	1.9134	74.8457	2955.536	0.4853	0.6979
2.482	 3	55.4	10.311	0.0079	1549.129	1.8772	76.5559	2908.048	0.5063	0.6982
2.492	 3	56.4	10.328	0.0099	1554.953	1.8979	75.363	2951.146	0.4943	0.6987
2.502	 3	57.4	10.345	0.0083	1559.391	1.9262	73.4177	3003.741	0.4778	0.6993
2.512	 3	58.4	10.355	0.0051	1558.549	1.9109	73.7995	2978.29	0.4867	0.701
2.522	 3	59.4	10.36	0.0075	1559.536	1.8794	74.4376	2930.988	0.505	0.7083
2.532	 3	60.4	10.357	0.0091	1555.572	1.8636	74.1306	2898.917	0.5142	0.7082
2.542	 3	61.4	10.354	0.0079	1549.304	1.8755	72.7253	2905.678	0.5073	0.711
2.552	 3	62.4	10.355	0.0071	1549.222	1.8839	72.3799	2918.581	0.5024	0.7166
2.562	 3	63.4	10.344	0.0069	1548.735	1.8899	73.3634	2926.924	0.4989	0.7182
2.572	 3	64.4	10.35	0.0079	1551.026	1.8791	73.165	2914.472	0.5052	0.7232
2.582	 3	65.4	10.348	0.0074	1553.987	1.9071	72.6218	2963.537	0.4889	0.7273
2.592	 3	66.4	10.345	0.0078	1555.405	1.8886	73.3922	2937.557	0.4996	0.7293
2.602	 3	67.4	10.345	0.0069	1556.341	1.9069	72.6895	2967.74	0.4891	0.7337
2.612	 3	68.4	10.334	0.0086	1554.92	1.8852	73.7505	2931.344	0.5016	0.7379
2.622	 3	69.4	10.338	0.0082	1553.419	1.8906	73.9539	2936.917	0.4985	0.7433
2.632	 3	70.4	10.324	0.0069	1548.29	1.8824	75.0693	2914.434	0.5033	0.7401
2.642	 3	71.4	10.325	0.0108	1550.999	1.8584	77.028	2882.427	0.5172	0.7443
2.652	 3	72.4	10.324	0.0105	1561.64	1.92	75.0684	2998.388	0.4814	0.7413
2.662	 3	73.4	10.317	0.0194	1576.559	1.9303	74.325	3043.27	0.4755	0.7386
2.672	 3	74.4	10.314	0.0192	1576.341	1.9526	72.5712	3077.954	0.4625	0.7328
2.682	 3	75.4	10.313	0.0177	1575.707	1.9213	72.2974	3027.448	0.4807	0.7261
2.692	 3	76.4	10.308	0.0172	1564.663	1.8947	71.919	2964.512	0.4961	0.7191
2.702	 3	77.4	10.308	0.0153	1551.942	1.8954	70.8929	2941.537	0.4957	0.7143
2.712	 3	78.4	10.303	0.0116	1549.556	1.8837	70.9304	2918.868	0.5025	0.7097
2.722	 3	79.4	10.293	0.0132	1548.751	1.9047	69.8446	2949.936	0.4903	0.7072
2.732	 3	80.4	10.289	0.0115	1547.451	1.9036	69.9628	2945.775	0.4909	0.7042
2.742	 3	81.4	10.279	0.0107	1546.877	1.9232	68.9492	2974.958	0.4796	0.7053
2.752	 3	82.4	10.27	0.0097	1546.221	1.905	70.2876	2945.486	0.4902	0.7057
2.762	 3	83.4	10.264	0.0101	1543.923	1.8999	70.5944	2933.264	0.4931	0.7057
2.772	 3	84.4	10.256	0.0081	1544.113	1.9131	70.2657	2953.984	0.4855	0.707
2.782	 3	85.4	10.252	0.0081	1546.771	1.9179	70.1686	2966.498	0.4827	0.7054
2.792	 3	86.4	10.247	0.0078	1548.587	1.9218	70.1248	2976.017	0.4804	0.7051
2.802	 3	87.4	10.245	0.0062	1550.394	1.9277	69.9476	2988.721	0.477	0.7052
2.812	 3	88.4	10.243	0.0068	1548.217	1.9052	70.3072	2949.707	0.49	0.7065
2.822	 3	89.4	10.241	0.0062	1545.811	1.9082	70.2389	2949.65	0.4883	0.7018
2.832	 3	90.4	10.242	0.005	1543.865	1.9014	70.4682	2935.525	0.4922	0.7035
2.842	 3	91.4	10.244	0.0042	1545.098	1.9361	68.6674	2991.538	0.4721	0.7013
2.852	 3	92.4	10.244	0.0031	1545.797	1.9135	68.978	2957.826	0.4852	0.704
2.862	 3	93.4	10.244	0.0032	1542.771	1.9257	68.5408	2970.868	0.4781	0.6988
2.872	 3	94.4	10.254	0.0034	1548.475	1.9087	68.4539	2955.516	0.488	0.6987
2.882	 3	95.4	10.259	0.0032	1550.401	1.9015	68.1096	2948.133	0.4922	0.6974
2.892	 3	96.4	10.261	0.003	1549.298	1.9203	66.409	2975.043	0.4813	0.6905
2.902	 3	97.4	10.264	0.0028	1551.391	1.9358	65.8215	3003.12	0.4723	0.6871
2.912	 3	98.4	10.264	0.0025	1552.094	1.9249	65.6954	2987.618	0.4786	0.6856
2.922	 3	99.4	10.265	0.004	1549.902	1.9125	65.6022	2964.168	0.4858	0.6834
2.932	 3	100.4	10.269	0.0046	1545.838	1.9044	67.3134	2943.914	0.4905	0.6827
2.942	 3	101.4	10.275	0.0043	1546.508	1.8971	64.9415	2933.908	0.4947	0.6847
2.952	 3	102.4	10.259	0.0068	1547.827	1.9001	65.1323	2940.99	0.493	0.6845
2.962	 3	103.4	10.279	0.0048	1546.645	1.9173	64.1871	2965.32	0.483	0.6852
2.972	 3	104.4	10.276	0.0045	1549.925	1.916	63.7861	2969.609	0.4838	0.6849
2.982	 3	105.4	10.274	0.0054	1551.495	1.909	63.5553	2961.766	0.4878	0.6846
2.992	 3	106.4	10.275	0.0062	1555.64	1.8834	64.3991	2929.946	0.5026	0.6849
3.002	 3	107.4	10.27	0.0063	1557.476	1.9204	62.7494	2991.015	0.4812	0.6864
3.012	 3	108.4	10.269	0.0071	1556.145	1.8771	63.7077	2920.964	0.5064	0.6884
3.022	 3	109.4	10.272	0.0075	1551.662	1.913	61.9574	2968.367	0.4855	0.6894
3.032	 3	110.4	10.269	0.0099	1550.974	1.8721	62.8544	2903.568	0.5092	0.6865
3.042	 3	111.4	10.259	0.0121	1545.729	1.8707	62.5639	2891.657	0.51	0.6806
3.052	 3	112.4	10.258	0.0105	1542.093	1.8695	62.1093	2882.964	0.5107	0.6765
3.062	 3	113.4	10.259	0.014	1540.159	1.8753	61.3876	2888.312	0.5073	0.6702
3.072	 3	114.4	10.259	0.0089	1542.011	1.8746	61.9225	2890.693	0.5078	0.6692
3.082	 3	115.4	10.259	0.0081	1544.565	1.8842	61.607	2910.31	0.5022	0.6661
3.092	 3	116.4	10.255	0.0077	1547.925	1.9015	61.1146	2943.447	0.4921	0.6663
3.102	 3	117.4	10.254	0.0069	1547.307	1.8859	61.6402	2918.004	0.5012	0.6692
3.112	 3	118.4	10.254	0.0066	1544.045	1.8977	60.7482	2930.193	0.4944	0.6718
3.122	 3	119.4	10.254	0.0069	1540.565	1.8967	60.2764	2921.916	0.495	0.6738
3.132	 3	120.4	10.254	0.0055	1539.64	1.888	60.5524	2906.854	0.5	0.6736
3.142	 3	121.4	10.254	0.0048	1536.64	1.878	59.3398	2885.842	0.5058	0.6719
3.152	 3	122.4	10.254	0.0049	1533.652	1.8702	59.0729	2868.303	0.5103	0.6706
3.162	 3	123.4	10.254	0.004	1531.362	1.8667	58.6694	2858.638	0.5123	0.6675
3.172	 3	124.4	10.257	0.0039	1527.476	1.8616	57.7492	2843.601	0.5153	0.6651
3.182	 3	125.4	10.265	0.0042	1529.123	1.8574	57.751	2840.187	0.5178	0.6618
3.192	 3	126.4	10.269	0.0033	1531.087	1.8577	57.6762	2844.325	0.5176	0.6602
3.202	 3	127.4	10.275	0.0035	1533.124	1.858	58.0836	2848.582	0.5174	0.6578
3.212	 3	128.4	10.283	0.003	1534.318	1.8629	58.3144	2858.227	0.5146	0.6567
3.222	 3	129.4	10.29	0.0025	1536.968	1.8879	57.9334	2901.575	0.5001	0.6567
3.232	 3	130.4	10.301	0.0025	1540.682	1.883	58.4088	2901.059	0.5029	0.6638
3.242	 3	131.4	10.315	0.002	1543.469	1.888	58.027	2914.001	0.5	0.7076
3.252	 3	132.4	10.322	0.0029	1543.592	1.8558	58.9164	2864.639	0.5187	0.711
3.262	 3	133.4	10.335	0.0024	1543.459	1.8672	58.8491	2881.92	0.5121	0.7135
3.272	 3	134.4	10.35	0.0021	1545.237	1.8442	58.8266	2849.749	0.5254	0.7171
3.282	 3	135.4	10.36	0.002	1546.73	1.8666	57.9608	2887.072	0.5124	0.7205
3.292	 3	136.4	10.359	0.0016	1546.581	1.8597	58.1913	2876.158	0.5164	0.7234
3.302	 3	137.4	10.365	0.0016	1546.323	1.8721	57.7105	2894.803	0.5092	0.7226
3.312	 3	138.4	10.375	0.0016	1545.969	1.8544	58.0996	2866.792	0.5195	0.7235
3.322	 3	139.4	10.38	0.0016	1545.793	1.8808	57.6967	2907.332	0.5042	0.7242
3.332	 3	140.4	10.39	0.0014	1543.375	1.8647	57.5375	2877.95	0.5135	0.7293
3.342	 3	141.4	10.4	0.0012	1549.002	1.8545	57.6957	2872.562	0.5195	0.7312
3.352	 3	142.4	10.539	0.0015	1557.411	1.8317	56.7092	2852.763	0.5326	0.739
3.362	 3	143.4	10.555	0.0001	1544.71	1.85	55.4283	2857.672	0.5221	0.7506
3.372	 3	144.4	10.551	0.0	108.5706	1.8471	55.5738	200.5449	0.5237	0.7764
3.382	 3	145.4	10.628	0.0001	1523.728	1.8586	54.557	2832.013	0.517	0.827
3.392	 3	146.4	10.636	0.0001	1531.021	1.8436	54.8812	2822.664	0.5257	0.9182
3.402	 3	147.4	10.604	0.0002	1548.255	1.8621	54.3405	2882.997	0.515	1.0837
3.412	 3	148.4	10.599	0.0001	1569.292	1.8633	52.9716	2924.114	0.5143	1.3384
3.422	 3	149.4	10.59	0.0008	1561.256	1.8527	52.4596	2892.579	0.5205	1.6361
3.432	 3	150.4	10.862	0.0	111.7708	1.5501	57.786	173.2559	0.696	1.8374
3.442	 4	0.3	10.875	0.0	111.9046	0.5848	155.4205	65.4432	1.2559	1.8355
3.452	 4	1.3	10.874	0.0	111.8943	1.73	54.8976	193.5804	0.5916	1.641
3.462	 4	2.3	10.849	0.0	111.637	1.8204	54.7607	203.2235	0.5392	1.3565
3.472	 4	3.3	10.808	0.0	111.2151	1.8645	56.2635	207.3551	0.5137	1.1117
3.482	 4	4.3	10.749	0.0	110.608	1.8377	59.8097	203.2629	0.5292	0.9443
3.492	 4	5.3	10.344	0.0012	1581.651	1.9074	65.3216	3016.877	0.4887	0.8442
3.502	 4	6.3	10.271	0.0078	1579.182	1.9393	66.5568	3062.583	0.4702	0.7868
3.512	 4	7.3	10.193	0.0144	1567.189	1.9534	68.0465	3061.388	0.4621	0.7532
3.522	 4	8.3	10.182	0.0155	1575.917	1.9464	70.5192	3067.403	0.4661	0.7308
3.532	 4	9.3	10.175	0.0312	1563.701	1.9451	71.7168	3041.585	0.4669	0.7153
3.542	 4	10.3	10.172	0.0251	1565.887	1.9461	72.7533	3047.327	0.4663	0.7051
3.552	 4	11.3	10.176	0.023	1566.744	1.9636	73.023	3076.43	0.4562	0.7015
3.562	 4	12.3	10.176	0.0186	1572.069	1.9694	72.3099	3095.974	0.4528	0.699
3.572	 4	13.3	10.182	0.0311	1561.656	1.9318	73.0833	3016.799	0.4746	0.6942
3.582	 4	14.3	10.19	0.0308	1551.462	1.9053	72.3918	2955.991	0.49	0.69
3.592	 4	15.3	10.196	0.0255	1552.848	1.9064	70.1798	2960.273	0.4894	0.6858
3.602	 4	16.3	10.211	0.0199	1558.931	1.9371	67.2662	3019.861	0.4715	0.6826
3.612	 4	17.3	10.222	0.0243	1559.182	1.8889	67.2305	2945.135	0.4995	0.6797
3.622	 4	18.3	10.226	0.0259	1555.285	1.8939	65.4435	2945.552	0.4966	0.6778
3.632	 4	19.3	10.237	0.0216	1556.485	1.889	64.3883	2940.187	0.4994	0.6738
3.642	 4	20.3	10.246	0.0224	1553.837	1.8931	63.0694	2941.535	0.4971	0.6701
3.652	 4	21.3	10.249	0.0186	1551.468	1.8843	63.3105	2923.397	0.5022	0.664
3.662	 4	22.3	10.247	0.016	1548.353	1.8758	62.6075	2904.336	0.5071	0.6618
3.672	 4	23.3	10.247	0.0149	1546.95	1.8965	61.9227	2933.793	0.4951	0.6573
3.682	 4	24.3	10.252	0.0172	1544.441	1.8891	61.0605	2917.596	0.4994	0.6576
3.692	 4	25.3	10.249	0.0166	1545.153	1.8943	61.4511	2927.024	0.4963	0.6618
3.702	 4	26.3	10.247	0.0154	1546.95	1.8947	61.4737	2931.0	0.4961	0.6668
3.712	 4	27.3	10.253	0.0128	1549.494	1.8918	61.4644	2931.31	0.4978	0.6676
3.722	 4	28.3	10.249	0.0121	1549.592	1.9144	61.3103	2966.489	0.4847	0.664
3.732	 4	29.3	10.249	0.0107	1550.764	1.9085	61.499	2959.626	0.4881	0.6605
3.742	 4	30.3	10.253	0.0116	1552.544	1.9236	60.9472	2986.486	0.4793	0.6617
3.752	 4	31.3	10.252	0.0133	1552.392	1.9171	61.1705	2976.132	0.4831	0.6714
3.762	 4	32.3	10.251	0.0128	1553.182	1.9244	60.9578	2988.873	0.4789	0.6757
3.772	 4	33.3	10.247	0.0127	1551.401	1.9096	61.498	2962.555	0.4875	0.6808
3.782	 4	34.3	10.246	0.0164	1551.954	1.9124	61.4267	2967.886	0.4859	0.6858
3.792	 4	35.3	10.237	0.0149	1550.356	1.9031	61.8831	2950.434	0.4913	0.6932
3.802	 4	36.3	10.237	0.0121	1550.121	1.9277	61.0913	2988.218	0.477	0.7004
3.812	 4	37.3	10.233	0.0136	1548.343	1.9285	61.6375	2985.958	0.4765	0.7098
3.822	 4	38.3	10.233	0.0121	1546.939	1.8862	63.5332	2917.761	0.5011	0.7211
3.832	 4	39.3	10.23	0.01	1545.317	1.895	63.2915	2928.31	0.496	0.7312
3.842	 4	40.3	10.227	0.0106	1544.397	1.8833	64.764	2908.617	0.5027	0.7383
3.852	 4	41.3	10.227	0.0088	1547.67	1.9071	64.464	2951.584	0.4889	0.7453
3.862	 4	42.3	10.228	0.0092	1548.758	1.8942	65.3945	2933.731	0.4964	0.7521
3.872	 4	43.3	10.228	0.0084	1548.758	1.9088	65.4046	2956.198	0.488	0.756
3.882	 4	44.3	10.228	0.0083	1548.055	1.9135	65.7476	2962.226	0.4852	0.7544
3.892	 4	45.3	10.228	0.0095	1547.352	1.8975	67.3228	2936.09	0.4945	0.757
3.902	 4	46.3	10.223	0.0099	1547.064	1.8937	68.0634	2929.729	0.4967	0.7627
3.912	 4	47.3	10.223	0.0101	1548.001	1.9028	68.2496	2945.485	0.4914	0.7652
3.922	 4	48.3	10.223	0.0093	1549.644	1.8981	68.9294	2941.316	0.4942	0.7639
3.932	 4	49.3	10.229	0.0117	1551.259	1.9349	68.0044	3001.455	0.4728	0.7618
3.942	 4	50.3	10.232	0.0104	1554.543	1.9139	68.6919	2975.19	0.485	0.7609
3.952	 4	51.3	10.237	0.0117	1555.539	1.906	69.3855	2964.827	0.4896	0.7588
3.962	 4	52.3	10.237	0.0102	1553.65	1.9093	69.7716	2966.334	0.4877	0.7592
3.972	 4	53.3	10.251	0.012	1551.771	1.8968	69.4454	2943.47	0.4949	0.7597
3.982	 4	54.3	10.26	0.0113	1553.604	1.9108	68.7623	2968.697	0.4867	0.761
3.992	 4	55.3	10.265	0.0109	1554.126	1.9318	68.4164	3002.278	0.4746	0.7658
4.002	 4	56.3	10.284	0.01	1559.6	1.9171	68.0791	2989.859	0.4831	0.7712
4.012	 4	57.3	10.3	0.0091	1563.686	1.9093	68.0507	2985.538	0.4876	0.7744
4.022	 4	58.3	10.305	0.0101	1563.259	1.9165	67.2062	2995.975	0.4835	0.7787
4.032	 4	59.3	10.306	0.0083	1565.31	1.8987	67.8182	2972.004	0.4938	0.7795
4.042	 4	60.3	10.309	0.008	1568.386	1.9243	67.3498	3018.067	0.4789	0.7788
4.052	 4	61.3	10.308	0.007	1568.95	1.9215	66.482	3014.758	0.4806	0.7829
4.062	 4	62.3	10.305	0.0078	1563.021	1.9187	67.1281	2999.003	0.4822	0.7818
4.072	 4	63.3	10.305	0.0075	1561.837	1.9277	66.3248	3010.727	0.477	0.7794
4.082	 4	64.3	10.299	0.0065	1559.509	1.9117	65.9995	2981.3	0.4863	0.7802
4.092	 4	65.3	10.299	0.0066	1556.445	1.9029	66.3051	2961.727	0.4914	0.777
4.102	 4	66.3	10.294	0.0053	1550.768	1.8933	65.732	2935.999	0.497	0.777
4.112	 4	67.3	10.289	0.006	1548.848	1.8985	65.6412	2940.531	0.4939	0.7784
4.122	 4	68.3	10.289	0.0055	1548.382	1.8734	66.5216	2900.743	0.5085	0.776
4.132	 4	69.3	10.279	0.0055	1545.947	1.8949	65.9504	2929.462	0.496	0.7734
4.142	 4	70.3	10.275	0.0061	1545.345	1.8598	67.7863	2873.983	0.5164	0.7723
4.152	 4	71.3	10.269	0.009	1544.675	1.8771	67.785	2899.434	0.5064	0.771
4.162	 4	72.3	10.263	0.01	1546.098	1.8885	66.98	2919.815	0.4997	0.7715
4.172	 4	73.3	10.261	0.0104	1549.064	1.8867	67.0811	2922.652	0.5007	0.7678
4.182	 4	74.3	10.256	0.0134	1551.119	1.9003	67.2018	2947.544	0.4929	0.7714
4.192	 4	75.3	10.249	0.0153	1551.703	1.8987	67.3911	2946.163	0.4938	0.7694
4.202	 4	76.3	10.249	0.0197	1556.18	1.8789	68.0987	2923.964	0.5053	0.7639
4.212	 4	77.3	10.249	0.0198	1551.938	1.8811	68.0214	2919.304	0.504	0.7607
4.222	 4	78.3	10.243	0.016	1551.03	1.8882	67.8775	2928.722	0.4999	0.7562
4.232	 4	79.3	10.24	0.0145	1550.106	1.896	67.6573	2938.987	0.4954	0.754
4.242	 4	80.3	10.236	0.013	1549.5	1.9087	67.2818	2957.568	0.488	0.752
4.252	 4	81.3	10.231	0.0099	1547.806	1.8908	68.0147	2926.619	0.4984	0.7521
4.262	 4	82.3	10.226	0.009	1543.081	1.8839	68.8757	2906.972	0.5024	0.7523
4.272	 4	83.3	10.219	0.0094	1539.006	1.8693	69.5515	2876.799	0.5109	0.7554
4.282	 4	84.3	10.217	0.0091	1542.189	1.8938	68.6901	2920.547	0.4967	0.756
4.292	 4	85.3	10.212	0.0085	1542.831	1.8875	69.0146	2912.137	0.5003	0.7567
4.302	 4	86.3	10.209	0.0088	1540.051	1.8967	68.7394	2921.002	0.495	0.7564
4.312	 4	87.3	10.207	0.0085	1543.008	1.8935	68.8954	2921.635	0.4968	0.7531
4.322	 4	88.3	10.202	0.0077	1541.786	1.9217	67.9789	2962.865	0.4804	0.7513
4.332	 4	89.3	10.201	0.0083	1541.635	1.904	68.1197	2935.219	0.4907	0.7483
4.342	 4	90.3	10.201	0.0074	1540.937	1.9022	68.6973	2931.097	0.4918	0.747
4.352	 4	91.3	10.201	0.0076	1541.868	1.8935	69.5261	2919.532	0.4968	0.7478
4.362	 4	92.3	10.227	0.006	1545.331	1.9035	69.1644	2941.499	0.491	0.7474
4.372	 4	93.3	10.216	0.005	1543.202	1.9317	68.8686	2980.996	0.4747	0.749
4.382	 4	94.3	10.216	0.0045	1544.135	1.9099	70.1629	2949.143	0.4873	0.7448
4.392	 4	95.3	10.217	0.0041	1545.221	1.92	70.7855	2966.816	0.4814	0.7455
4.402	 4	96.3	10.222	0.0045	1545.977	1.9213	71.1432	2970.242	0.4807	0.7525
4.412	 4	97.3	10.222	0.0039	1545.977	1.9347	71.1514	2990.964	0.4729	0.7561
4.422	 4	98.3	10.223	0.0032	1541.001	1.9237	71.5381	2964.386	0.4793	0.7617
4.432	 4	99.3	10.222	0.004	1542.478	1.9113	72.0202	2948.196	0.4865	0.7619
4.442	 4	100.3	10.23	0.003	1539.735	1.904	72.6425	2931.667	0.4907	0.7649
4.452	 4	101.3	10.227	0.0032	1538.589	1.9006	72.8354	2924.199	0.4927	0.7677
4.462	 4	102.3	10.232	0.0024	1539.804	1.9146	72.7046	2948.114	0.4846	0.7682
4.472	 4	103.3	10.232	0.0021	1546.32	1.9433	71.63	3005.006	0.4679	0.7712
4.482	 4	104.3	10.233	0.0023	1549.515	1.9326	72.5075	2994.588	0.4741	0.7713
4.492	 4	105.3	10.237	0.0026	1550.121	1.9477	72.3602	3019.154	0.4654	0.7702
4.502	 4	106.3	10.234	0.0029	1549.667	1.9328	72.98	2995.168	0.474	0.7687
4.512	 4	107.3	10.232	0.0027	1549.129	1.9272	72.7316	2985.457	0.4773	0.7671
4.522	 4	108.3	10.229	0.0028	1547.738	1.9289	73.2312	2985.38	0.4763	0.7668
4.532	 4	109.3	10.232	0.003	1546.32	1.9235	72.8722	2974.295	0.4794	0.764
4.542	 4	110.3	10.227	0.0026	1546.499	1.9428	72.2501	3004.482	0.4682	0.7677
4.552	 4	111.3	10.227	0.0025	1547.67	1.9466	71.1149	3012.619	0.466	0.7633
4.562	 4	112.3	10.208	0.0026	1546.667	1.9536	70.7412	3021.573	0.4619	0.7608
4.572	 4	113.3	10.206	0.0021	1548.24	1.9321	71.0652	2991.344	0.4744	0.7588
4.582	 4	114.3	10.205	0.0028	1545.51	1.9293	70.1785	2981.752	0.476	0.7567
4.592	 4	115.3	10.207	0.0024	1543.475	1.905	70.0106	2940.355	0.4901	0.754
4.602	 4	116.3	10.211	0.0023	1540.818	1.9028	68.9902	2931.907	0.4914	0.7521
4.612	 4	117.3	10.207	0.0021	1538.357	1.9138	67.6555	2944.077	0.485	0.7487
4.622	 4	118.3	10.207	0.0021	1540.447	1.9402	66.2341	2988.698	0.4698	0.7475
4.632	 4	119.3	10.203	0.0021	1538.682	1.912	67.2865	2941.909	0.4861	0.7462
4.642	 4	120.3	10.207	0.0018	1539.053	1.9018	67.5712	2926.907	0.492	0.7455
4.652	 4	121.3	10.202	0.0015	1539.924	1.9343	66.0229	2978.746	0.4731	0.7456
4.662	 4	122.3	10.207	0.0013	1537.662	1.9197	66.9411	2951.79	0.4816	0.7449
4.672	 4	123.3	10.212	0.0013	1536.101	1.9099	67.1876	2933.825	0.4873	0.7413
4.682	 4	124.3	10.216	0.0013	1534.395	1.8918	68.2678	2902.765	0.4978	0.7391
4.692	 4	125.3	10.217	0.0012	1535.006	1.9068	67.7118	2926.94	0.4891	0.735
4.702	 4	126.3	10.222	0.0011	1536.912	1.9102	67.4943	2935.87	0.4871	0.733
4.712	 4	127.3	10.225	0.0011	1537.132	1.917	66.6935	2946.709	0.4832	0.729
4.722	 4	128.3	10.227	0.0011	1536.508	1.9031	66.6343	2924.147	0.4912	0.7326
4.732	 4	129.3	10.237	0.0009	1537.549	1.8929	66.8037	2910.491	0.4971	0.7395
4.742	 4	130.3	10.247	0.001	1535.591	1.9008	65.8324	2918.926	0.4925	0.7444
4.752	 4	131.3	10.254	0.0011	1531.82	1.8784	66.4889	2877.333	0.5056	0.7702
4.762	 4	132.3	10.264	0.0009	1533.542	1.897	66.1572	2909.092	0.4948	0.7773
4.772	 4	133.3	10.275	0.0008	1540.249	1.9092	66.5329	2940.577	0.4877	0.7843
4.782	 4	134.3	10.289	0.0009	1543.273	1.8931	67.8399	2921.553	0.497	0.7875
4.792	 4	135.3	10.299	0.0007	1542.228	1.8985	69.4561	2927.923	0.4939	0.7946
4.802	 4	136.3	10.306	0.0007	1546.751	1.8846	71.8424	2914.955	0.502	0.7975
4.812	 4	137.3	10.315	0.0006	1548.566	1.9288	71.9764	2986.901	0.4763	0.7992
4.822	 4	138.3	10.325	0.0006	1551.931	1.9128	74.347	2968.506	0.4856	0.8044
4.832	 4	139.3	10.365	0.0005	1558.178	1.9102	75.5732	2976.439	0.4871	0.8072
4.842	 4	140.3	10.374	0.0007	1563.762	1.9108	76.8209	2987.993	0.4868	0.8133
4.852	 4	141.3	10.386	0.0007	1587.588	1.9299	78.2049	3063.922	0.4757	0.8257
4.862	 4	142.3	10.412	0.0022	1576.62	1.8997	80.3296	2995.168	0.4932	0.8388
4.872	 4	143.3	10.509	0.0003	1595.173	1.9156	79.4379	3055.724	0.484	0.8526
4.882	 4	144.3	10.533	0.0002	1576.324	1.9105	80.0616	3011.55	0.487	0.8752
4.892	 4	145.3	10.541	0.0	108.4677	1.9381	79.6663	210.2172	0.471	0.9156
4.902	 4	146.3	10.526	0.0001	1561.721	1.9289	81.2981	3012.346	0.4763	0.9826
4.912	 4	147.3	10.51	0.0002	1583.308	1.9364	81.7976	3065.948	0.4719	1.0884
4.922	 4	148.3	10.5	0.0	108.0458	1.9275	81.9352	208.2592	0.4771	1.2546
4.932	 4	149.3	10.5	0.0001	1180.704	1.9169	80.9855	2263.257	0.4833	1.4911
4.942	 4	150.3	10.71	0.0	110.2067	1.8686	77.1296	205.9327	0.5113	1.7311
4.952	 4	151.3	10.865	0.0	111.8017	1.1155	123.2756	124.7112	0.9481	1.861
4.962	 5	0.7	10.867	0.0	111.8223	1.3318	103.8115	148.9193	0.8227	1.8332
4.972	 5	1.7	10.868	0.0	111.8326	1.8674	74.449	208.8386	0.5119	1.6169
4.982	 5	2.7	10.822	0.0	111.3592	1.8713	75.2015	208.3831	0.5097	1.3425
4.992	 5	3.7	10.764	0.0	110.7624	1.8699	75.5296	207.1099	0.5105	1.1196
5.002	 5	4.7	10.664	0.0	109.7334	1.8513	76.9634	203.1449	0.5213	0.9632
5.012	 5	5.7	10.279	0.0002	1318.328	1.9221	80.9011	2533.938	0.4802	0.867
5.022	 5	6.7	10.219	0.0004	1563.973	1.92	80.347	3002.81	0.4814	0.8072
5.032	 5	7.7	10.212	0.0018	1571.077	1.9088	78.4305	2998.905	0.4879	0.7795
5.042	 5	8.7	10.207	0.0048	1554.523	1.9025	77.7797	2957.454	0.4916	0.7615
5.052	 5	9.7	10.207	0.0101	1552.868	1.9065	76.0848	2960.506	0.4893	0.7486
5.062	 5	10.7	10.206	0.0119	1551.535	1.9085	75.0058	2961.081	0.4881	0.7466
5.072	 5	11.7	10.207	0.0117	1551.923	1.9083	74.9919	2961.531	0.4882	0.7428
5.082	 5	12.7	10.214	0.0131	1549.219	1.911	74.7378	2960.563	0.4867	0.7406
5.092	 5	13.7	10.218	0.0105	1547.01	1.9176	74.9029	2966.538	0.4828	0.7325
5.102	 5	14.7	10.222	0.0075	1554.204	1.922	75.6551	2987.199	0.4803	0.7274
5.112	 5	15.7	10.237	0.0085	1555.302	1.9104	76.8057	2971.197	0.487	0.7274
5.122	 5	16.7	10.247	0.0082	1551.635	1.9008	78.9988	2949.423	0.4925	0.7252
5.132	 5	17.7	10.254	0.0091	1552.93	1.9175	80.1632	2977.73	0.4829	0.7264
5.142	 5	18.7	10.265	0.007	1563.357	1.9322	80.2993	3020.698	0.4744	0.7265
5.152	 5	19.7	10.265	0.007	1564.548	1.9151	82.0173	2996.214	0.4843	0.7294
5.162	 5	20.7	10.27	0.0106	1558.185	1.9108	82.5848	2977.414	0.4868	0.7308
5.172	 5	21.7	10.275	0.007	1560.364	1.9018	82.8583	2967.568	0.492	0.7318
5.182	 5	22.7	10.28	0.0069	1562.785	1.9249	81.7519	3008.173	0.4786	0.7324
5.192	 5	23.7	10.279	0.0075	1561.921	1.9303	82.0392	3014.984	0.4755	0.7337
5.202	 5	24.7	10.281	0.0087	1561.039	1.9409	81.0557	3029.772	0.4693	0.7338
5.212	 5	25.7	10.285	0.0069	1562.12	1.9604	79.6717	3062.411	0.458	0.7329
5.222	 5	26.7	10.285	0.0063	1563.783	1.9504	81.0573	3050.011	0.4638	0.7273
5.232	 5	27.7	10.285	0.0071	1562.12	1.9424	81.3917	3034.251	0.4684	0.72
5.242	 5	28.7	10.29	0.0064	1566.448	1.9358	81.5559	3032.279	0.4723	0.7117
5.252	 5	29.7	10.289	0.0062	1566.296	1.9546	80.7911	3061.545	0.4613	0.7085
5.262	 5	30.7	10.282	0.0058	1573.374	1.9825	79.8114	3119.245	0.4452	0.7132
5.272	 5	31.7	10.28	0.0033	1572.346	1.9494	80.722	3065.195	0.4644	0.7218
5.282	 5	32.7	10.28	0.0078	1565.88	1.9479	80.2957	3050.194	0.4652	0.7283
5.292	 5	33.7	10.275	0.0058	1555.404	1.9378	80.8264	3014.119	0.4711	0.7336
5.302	 5	34.7	10.275	0.0057	1555.64	1.9401	80.2396	3018.107	0.4698	0.7363
5.312	 5	35.7	10.271	0.0055	1553.623	1.9217	81.0982	2985.631	0.4804	0.738
5.322	 5	36.7	10.269	0.0049	1554.261	1.9326	80.6886	3003.703	0.4742	0.7402
5.332	 5	37.7	10.27	0.0041	1559.368	1.9305	79.7614	3010.354	0.4754	0.7462
5.342	 5	38.7	10.265	0.0048	1558.373	1.9092	79.7619	2975.216	0.4877	0.7545
5.352	 5	39.7	10.265	0.0042	1554.361	1.9299	77.9116	2999.819	0.4757	0.7657
5.362	 5	40.7	10.26	0.0046	1553.839	1.9279	77.1093	2995.622	0.4769	0.7691
5.372	 5	41.7	10.26	0.0048	1551.49	1.9256	78.195	2987.617	0.4782	0.7731
5.382	 5	42.7	10.26	0.0054	1543.786	1.9013	79.6988	2935.269	0.4923	0.7811
5.392	 5	43.7	10.256	0.0047	1541.328	1.905	80.6434	2936.232	0.4901	0.7878
5.402	 5	44.7	10.255	0.0049	1543.498	1.9199	81.5411	2963.352	0.4815	0.7866
5.412	 5	45.7	10.255	0.0043	1550.499	1.9262	81.7723	2986.587	0.4778	0.7843
5.422	 5	46.7	10.252	0.0034	1554.511	1.9464	81.488	3025.637	0.4661	0.7815
5.432	 5	47.7	10.254	0.0039	1558.359	1.9384	81.7764	3020.726	0.4708	0.7776
5.442	 5	48.7	10.252	0.0045	1556.635	1.9445	80.5789	3026.814	0.4673	0.7774
5.452	 5	49.7	10.259	0.0046	1557.462	1.9284	80.5908	3003.48	0.4765	0.7782
5.462	 5	50.7	10.26	0.0041	1553.604	1.9212	80.3736	2984.755	0.4808	0.7752
5.472	 5	51.7	10.265	0.0038	1553.89	1.9199	79.8165	2983.276	0.4815	0.7704
5.482	 5	52.7	10.268	0.004	1551.292	1.9234	80.5982	2983.754	0.4795	0.7715
5.492	 5	53.7	10.276	0.0037	1551.797	1.9471	79.9273	3021.568	0.4657	0.7694
5.502	 5	54.7	10.281	0.0035	1556.313	1.9519	80.5963	3037.816	0.4629	0.7673
5.512	 5	55.7	10.29	0.0036	1558.146	1.9414	80.8274	3025.061	0.469	0.7661
5.522	 5	56.7	10.305	0.0036	1558.059	1.9176	81.9834	2987.744	0.4828	0.7642
5.532	 5	57.7	10.316	0.0035	1561.138	1.9309	80.6807	3014.383	0.4751	0.7651
5.542	 5	58.7	10.319	0.0032	1561.12	1.9228	79.97	3001.756	0.4798	0.7623
5.552	 5	59.7	10.32	0.0036	1559.619	1.9193	80.0953	2993.344	0.4819	0.7631
5.562	 5	60.7	10.325	0.0026	1554.268	1.9021	79.7155	2956.381	0.4918	0.7642
5.572	 5	61.7	10.35	0.003	1557.562	1.9119	79.2475	2977.842	0.4862	0.7647
5.582	 5	62.7	10.35	0.0032	1555.923	1.8891	80.6954	2939.367	0.4993	0.7684
5.592	 5	63.7	10.349	0.0034	1555.773	1.918	80.4793	2983.963	0.4826	0.7698
5.602	 5	64.7	10.345	0.0032	1556.341	1.9274	82.1213	2999.622	0.4772	0.7699
5.612	 5	65.7	10.34	0.0034	1558.872	1.9067	86.0785	2972.28	0.4892	0.7765
5.622	 5	66.7	10.351	0.0028	1565.961	1.9255	89.3477	3015.235	0.4783	0.7827
5.632	 5	67.7	10.34	0.0031	1567.617	1.9473	93.9155	3052.62	0.4656	0.7848
5.642	 5	68.7	10.329	0.0037	1574.543	1.933	101.7151	3043.565	0.4739	0.7803
5.652	 5	69.7	10.33	0.0022	1578.304	1.9596	108.4634	3092.872	0.4585	0.7744
5.662	 5	70.7	10.325	0.0032	1582.618	1.9532	117.168	3091.185	0.4622	0.769
5.672	 5	71.7	10.32	0.0018	1586.472	2.0134	119.9131	3194.208	0.4273	0.7636
5.682	 5	72.7	10.313	0.0013	1626.656	2.0058	121.5461	3262.73	0.4317	0.7565
5.692	 5	73.7	10.305	0.0013	1637.274	2.0484	114.1956	3353.871	0.4069	0.7472
5.702	 5	74.7	10.3	0.0013	1621.792	1.9731	110.0679	3200.034	0.4506	0.7375
5.712	 5	75.7	10.295	0.0032	1575.122	1.9091	104.4669	3007.095	0.4878	0.7341
5.722	 5	76.7	10.281	0.0039	1553.021	1.9069	96.9973	2961.522	0.489	0.7354
5.732	 5	77.7	10.275	0.0052	1546.508	1.8986	91.5528	2936.153	0.4939	0.7304
5.742	 5	78.7	10.269	0.0049	1544.21	1.9073	87.2729	2945.332	0.4888	0.726
5.752	 5	79.7	10.264	0.0046	1544.155	1.888	86.7702	2915.307	0.5	0.7213
5.762	 5	80.7	10.259	0.0049	1550.635	1.9292	84.0405	2991.475	0.4761	0.721
5.772	 5	81.7	10.249	0.004	1554.292	1.91	85.1259	2968.636	0.4873	0.7198
5.782	 5	82.7	10.242	0.0063	1552.524	1.9138	85.6247	2971.277	0.485	0.7191
5.792	 5	83.7	10.237	0.0055	1553.65	1.9363	84.7487	3008.399	0.472	0.7203
5.802	 5	84.7	10.233	0.006	1556.113	1.9129	85.3768	2976.761	0.4855	0.7225
5.812	 5	85.7	10.231	0.0052	1548.744	1.9409	83.1995	3005.911	0.4693	0.7219
5.822	 5	86.7	10.221	0.0044	1551.928	1.917	84.9779	2975.096	0.4832	0.7221
5.832	 5	87.7	10.217	0.003	1560.8	1.9673	82.9021	3070.487	0.454	0.7218
5.842	 5	88.7	10.218	0.0033	1571.758	1.9914	82.3627	3129.936	0.44	0.7223
5.852	 5	89.7	10.217	0.0044	1561.278	1.8988	87.4239	2964.574	0.4937	0.7233
5.862	 5	90.7	10.217	0.0053	1543.587	1.9053	87.634	2941.054	0.4899	0.7221
5.872	 5	91.7	10.222	0.0038	1546.913	1.9336	85.7321	2991.036	0.4736	0.7251
5.882	 5	92.7	10.227	0.0015	1565.917	1.9553	83.668	3061.869	0.461	0.731
5.892	 5	93.7	10.237	0.0018	1577.836	1.9638	81.1062	3098.546	0.456	0.7237
5.902	 5	94.7	10.244	0.0042	1558.971	1.9426	80.3434	3028.402	0.4684	0.7211
5.912	 5	95.7	10.249	0.0034	1556.18	1.9569	78.6605	3045.245	0.4601	0.7231
5.922	 5	96.7	10.26	0.0026	1561.406	1.9757	77.1837	3084.915	0.4491	0.7232
5.932	 5	97.7	10.265	0.0021	1562.88	1.95	78.5838	3047.605	0.464	0.7274
5.942	 5	98.7	10.265	0.0029	1560.03	1.9382	79.5555	3023.67	0.4709	0.728
5.952	 5	99.7	10.266	0.0024	1554.277	1.9297	80.8743	2999.365	0.4758	0.7312
5.962	 5	100.7	10.269	0.0023	1555.673	1.955	80.742	3041.313	0.4611	0.7307
5.972	 5	101.7	10.273	0.0022	1559.35	1.9569	82.525	3051.513	0.46	0.7307
5.982	 5	102.7	10.277	0.0018	1563.993	1.9647	83.0791	3072.716	0.4555	0.7298
5.992	 5	103.7	10.28	0.002	1565.641	1.9813	82.7924	3102.042	0.4459	0.7267
6.002	 5	104.7	10.275	0.002	1563.927	1.9803	82.4687	3097.064	0.4465	0.7265
6.012	 5	105.7	10.275	0.0019	1564.403	1.9542	82.1035	3057.194	0.4616	0.7235
6.022	 5	106.7	10.275	0.0021	1562.262	1.9604	80.8708	3062.646	0.458	0.72
6.032	 5	107.7	10.275	0.002	1557.998	1.9512	79.7852	3039.895	0.4634	0.7154
6.042	 5	108.7	10.273	0.0018	1555.808	1.9243	79.9499	2993.881	0.4789	0.7104
6.052	 5	109.7	10.275	0.0018	1555.404	1.9199	78.101	2986.159	0.4815	0.7065
6.062	 5	110.7	10.27	0.0018	1552.767	1.9464	76.1626	3022.261	0.4661	0.7012
6.072	 5	111.7	10.25	0.0023	1550.446	1.9168	76.2698	2971.835	0.4833	0.6957
6.082	 5	112.7	10.251	0.0024	1548.489	1.9129	74.392	2962.092	0.4856	0.6921
6.092	 5	113.7	10.249	0.0022	1547.486	1.9144	72.3663	2962.458	0.4847	0.6842
6.102	 5	114.7	10.252	0.0022	1545.372	1.8941	71.0477	2927.14	0.4964	0.6807
6.112	 5	115.7	10.249	0.002	1546.085	1.9056	68.1565	2946.177	0.4898	0.6779
6.122	 5	116.7	10.251	0.0023	1536.191	1.8627	67.6204	2861.498	0.5147	0.6709
6.132	 5	117.7	10.247	0.0023	1529.175	1.8628	65.1117	2848.474	0.5146	0.6654
6.142	 5	118.7	10.243	0.002	1533.154	1.8779	62.6063	2879.122	0.5059	0.6562
6.152	 5	119.7	10.242	0.002	1538.762	1.8856	60.8359	2901.437	0.5014	0.6498
6.162	 5	120.7	10.242	0.0022	1538.3	1.8724	59.2033	2880.366	0.509	0.6472
6.172	 5	121.7	10.247	0.0021	1533.523	1.8768	58.469	2878.147	0.5065	0.6485
6.182	 5	122.7	10.247	0.0019	1533.523	1.8839	58.2483	2889.052	0.5024	0.6541
6.192	 5	123.7	10.249	0.0019	1533.822	1.8572	59.5726	2848.562	0.5179	0.6589
6.202	 5	124.7	10.259	0.0028	1534.4	1.854	60.5426	2844.73	0.5197	0.6646
6.212	 5	125.7	10.265	0.0023	1534.839	1.857	62.4033	2850.27	0.518	0.6687
6.222	 5	126.7	10.269	0.0024	1540.504	1.871	64.4239	2882.335	0.5098	0.6728
6.232	 5	127.7	10.275	0.0021	1542.33	1.8749	66.2207	2891.7	0.5076	0.6825
6.242	 5	128.7	10.289	0.0022	1546.52	1.8819	69.2526	2910.465	0.5035	0.6986
6.252	 5	129.7	10.297	0.0022	1547.025	1.8766	71.8249	2903.087	0.5066	0.7054
6.262	 5	130.7	10.308	0.0016	1550.075	1.8947	74.4161	2936.873	0.4961	0.7321
6.272	 5	131.7	10.315	0.0013	1550.895	1.8952	78.2366	2939.246	0.4958	0.7457
6.282	 5	132.7	10.33	0.0012	1552.45	1.9104	81.7212	2965.764	0.487	0.7473
6.292	 5	133.7	10.338	0.001	1560.453	1.9152	86.7238	2988.57	0.4842	0.7495
6.302	 5	134.7	10.351	0.0007	1564.304	1.9464	90.7904	3044.733	0.4661	0.751
6.312	 5	135.7	10.355	0.0008	1567.277	1.9289	96.8382	3023.096	0.4763	0.7576
6.322	 5	136.7	10.365	0.0004	1582.443	1.9861	98.4784	3142.842	0.4431	0.7632
6.332	 5	137.7	10.376	0.0003	1623.787	2.0136	99.6024	3269.664	0.4271	0.7694
6.342	 5	138.7	10.396	0.0004	1637.681	1.9809	102.0833	3244.158	0.4461	0.7752
6.352	 5	139.7	10.494	0.0003	1636.874	1.9553	101.5863	3200.66	0.4609	0.7754
6.362	 5	140.7	10.463	0.0002	1624.437	1.9405	104.1732	3152.184	0.4696	0.7781
6.372	 5	141.7	10.462	0.0002	1607.807	1.9625	103.4938	3155.341	0.4568	0.7809
6.382	 5	142.7	10.539	0.0002	1617.155	1.9624	99.5336	3173.472	0.4569	0.789
6.392	 5	143.7	10.562	0.0001	1462.476	1.7954	102.7056	2625.749	0.5537	0.8077
6.402	 5	144.7	10.592	0.0	108.9925	1.8195	93.7926	198.3082	0.5398	0.8304
6.412	 5	145.7	10.593	0.0006	1603.299	1.8583	83.8051	2979.371	0.5172	0.869
6.422	 5	146.7	10.555	0.0016	1565.095	1.8585	77.0528	2908.747	0.5171	0.9356
6.432	 5	147.7	10.55	0.0004	1556.736	1.8774	69.3077	2922.674	0.5061	1.0752
6.442	 5	148.7	10.578	0.0008	1568.273	1.8761	63.6806	2942.249	0.5069	1.3735
6.452	 5	149.7	10.632	0.0013	1571.619	1.8254	60.2326	2868.819	0.5363	1.7976
6.462	 5	150.7	10.84	0.0	111.5444	1.525	65.5211	170.1106	0.7105	2.0549
6.472	 6	0.8	10.84	0.0	111.5444	0.7442	132.0673	83.0115	1.1635	1.8421
6.482	 6	1.8	10.842	0.0	111.565	1.7826	55.1075	198.8723	0.5612	1.4194
6.492	 6	2.8	10.84	0.0	111.5444	1.8194	54.4693	202.9486	0.5398	1.1102
6.502	 6	3.8	10.805	0.0	111.1843	1.825	55.261	202.9094	0.5366	0.944
6.512	 6	4.8	10.678	0.0	109.8774	1.8371	56.7855	201.8562	0.5295	0.859
6.522	 6	5.8	10.321	0.0	106.2039	1.8701	61.509	198.6087	0.5104	0.8148
6.532	 6	6.8	10.218	0.0001	1020.27	1.8635	63.5367	1901.269	0.5142	0.7879
6.542	 6	7.8	10.208	0.0	105.0411	1.8716	62.9198	196.5974	0.5095	0.7726
6.552	 6	8.8	10.2	0.0001	1061.947	1.8154	65.5516	1927.89	0.5421	0.7596
6.562	 6	9.8	10.193	0.0002	1118.267	1.8494	64.4759	2068.097	0.5224	0.7502
6.572	 6	10.8	10.184	0.0002	1115.444	1.8817	63.5308	2098.91	0.5037	0.7402
6.582	 6	11.8	10.187	0.0003	1114.673	1.8758	64.7186	2090.941	0.5071	0.7301
6.592	 6	12.8	10.187	0.0002	1108.97	1.8508	67.1805	2052.493	0.5216	0.7238
6.602	 6	13.8	10.188	0.0002	1112.349	1.8774	68.2953	2088.335	0.5061	0.7211
6.612	 6	14.8	10.195	0.0003	1173.998	1.866	72.2429	2190.629	0.5128	0.7204
6.622	 6	15.8	10.201	0.0008	1337.836	1.8323	77.703	2451.31	0.5323	0.7178
6.632	 6	16.8	10.207	0.0005	1316.013	1.8363	83.2344	2416.576	0.53	0.7149
6.642	 6	17.8	10.217	0.0005	1431.153	1.8605	88.1784	2662.727	0.5159	0.7133
6.652	 6	18.8	10.222	0.0006	1445.214	1.9205	90.3513	2775.581	0.4811	0.7138
6.662	 6	19.8	10.236	0.0005	1450.886	1.9414	92.0106	2816.798	0.469	0.7141
6.672	 6	20.8	10.237	0.0003	1442.034	1.9382	92.635	2794.987	0.4709	0.7154
6.682	 6	21.8	10.246	0.0006	1438.641	1.9331	91.6474	2781.095	0.4738	0.7177
6.692	 6	22.8	10.243	0.0006	1456.213	1.9233	90.6931	2800.669	0.4796	0.7166
6.702	 6	23.8	10.247	0.001	1571.626	1.9333	89.1233	3038.467	0.4737	0.7209
6.712	 6	24.8	10.247	0.0012	1571.385	1.9345	88.0762	3039.77	0.4731	0.7181
6.722	 6	25.8	10.247	0.0018	1564.427	1.9416	86.7597	3037.519	0.4689	0.7181
6.732	 6	26.8	10.247	0.002	1577.918	1.9485	85.4673	3074.497	0.4649	0.7161
6.742	 6	27.8	10.247	0.0028	1573.073	1.9573	83.6075	3078.905	0.4598	0.7183
6.752	 6	28.8	10.244	0.0013	1566.84	1.9517	82.4356	3057.992	0.4631	0.7197
6.762	 6	29.8	10.248	0.0008	1576.373	1.9407	81.323	3059.221	0.4694	0.7202
6.772	 6	30.8	10.242	0.0015	1573.03	1.9395	81.0109	3050.956	0.4701	0.7209
6.782	 6	31.8	10.243	0.0032	1570.049	1.9273	81.0004	3026.031	0.4772	0.7252
6.792	 6	32.8	10.237	0.0047	1562.185	1.9303	82.0116	3015.556	0.4754	0.7234
6.802	 6	33.8	10.237	0.0035	1567.208	1.9557	81.4416	3065.002	0.4607	0.7231
6.812	 6	34.8	10.237	0.0047	1566.248	1.9523	82.0798	3057.73	0.4627	0.7283
6.822	 6	35.8	10.237	0.0034	1563.617	1.9473	83.28	3044.844	0.4656	0.7359
6.832	 6	36.8	10.232	0.003	1564.048	1.949	83.8202	3048.362	0.4646	0.7393
6.842	 6	37.8	10.227	0.0031	1564.719	1.9519	84.3114	3054.143	0.4629	0.7481
6.852	 6	38.8	10.228	0.0048	1568.23	1.9358	84.4883	3035.767	0.4723	0.7526
6.862	 6	39.8	10.213	0.0047	1561.86	1.9607	83.7693	3062.322	0.4578	0.7534
6.872	 6	40.8	10.212	0.0035	1560.99	1.9441	84.5078	3034.727	0.4675	0.7512
6.882	 6	41.8	10.213	0.0055	1564.491	1.9267	85.2483	3014.264	0.4776	0.7617
6.892	 6	42.8	10.213	0.0065	1565.211	1.9481	84.3115	3049.157	0.4652	0.7634
6.902	 6	43.8	10.209	0.0147	1563.879	1.9353	84.9658	3026.519	0.4726	0.7698
6.912	 6	44.8	10.214	0.01	1559.866	1.9613	83.721	3059.313	0.4575	0.7718
6.922	 6	45.8	10.214	0.0077	1562.49	1.9426	84.5259	3035.278	0.4683	0.7782
6.932	 6	46.8	10.215	0.007	1562.404	1.9805	82.8845	3094.343	0.4463	0.7789
6.942	 6	47.8	10.216	0.0064	1563.514	1.9373	85.2095	3029.017	0.4714	0.7825
6.952	 6	48.8	10.216	0.0059	1562.796	1.957	84.3505	3058.46	0.46	0.7815
6.962	 6	49.8	10.215	0.0047	1560.733	1.9356	86.8133	3020.997	0.4724	0.7827
6.972	 6	50.8	10.209	0.0051	1561.248	1.9432	88.1254	3033.759	0.468	0.7811
6.982	 6	51.8	10.214	0.0071	1564.884	1.9578	88.8315	3063.746	0.4595	0.7767
6.992	 6	52.8	10.208	0.0068	1572.155	1.954	91.1487	3071.967	0.4617	0.7736
7.002	 6	53.8	10.217	0.0036	1573.541	1.9715	91.5858	3102.268	0.4516	0.7678
7.012	 6	54.8	10.217	0.007	1566.064	1.9241	93.8447	3013.207	0.4791	0.7642
7.022	 6	55.8	10.227	0.0069	1565.437	1.9397	93.3229	3036.546	0.47	0.7605
7.032	 6	56.8	10.237	0.004	1566.488	1.9465	93.2307	3049.245	0.466	0.7602
7.042	 6	57.8	10.237	0.0107	1557.195	1.9067	95.1786	2969.12	0.4891	0.7577
7.052	 6	58.8	10.239	0.0076	1548.08	1.9322	94.8682	2991.219	0.4744	0.7587
7.062	 6	59.8	10.254	0.0062	1559.069	1.9602	93.1219	3056.015	0.4581	0.7573
7.072	 6	60.8	10.25	0.006	1570.159	1.9498	93.7223	3061.478	0.4642	0.763
7.082	 6	61.8	10.249	0.0039	1561.633	1.9534	92.0969	3050.525	0.4621	0.7637
7.092	 6	62.8	10.246	0.0071	1559.038	1.9339	92.6076	3015.01	0.4734	0.7604
7.102	 6	63.8	10.237	0.0061	1553.414	1.9401	91.5499	3013.795	0.4698	0.7616
7.112	 6	64.8	10.232	0.0062	1555.251	1.9328	92.0265	3005.967	0.474	0.7628
7.122	 6	65.8	10.226	0.0057	1554.812	1.932	92.7187	3003.971	0.4745	0.7631
7.132	 6	66.8	10.222	0.0047	1557.519	1.9366	93.6086	3016.217	0.4718	0.7627
7.142	 6	67.8	10.216	0.0065	1563.753	1.949	93.6653	3047.799	0.4646	0.7681
7.152	 6	68.8	10.215	0.0055	1573.233	1.9785	92.2942	3112.705	0.4475	0.7681
7.162	 6	69.8	10.206	0.0052	1575.486	1.9779	92.0652	3116.213	0.4478	0.7709
7.172	 6	70.8	10.206	0.0088	1568.947	1.9445	92.6472	3050.802	0.4672	0.7721
7.182	 6	71.8	10.201	0.0074	1562.893	1.9405	92.9672	3032.854	0.4695	0.7758
7.192	 6	72.8	10.198	0.0068	1561.954	1.9437	92.3904	3036.046	0.4677	0.778
7.202	 6	73.8	10.196	0.0069	1560.214	1.9404	92.1007	3027.379	0.4696	0.7796
7.212	 6	74.8	10.197	0.0071	1560.128	1.9504	91.6018	3042.839	0.4638	0.7811
7.222	 6	75.8	10.194	0.0075	1561.103	1.9667	89.927	3070.155	0.4544	0.7816
7.232	 6	76.8	10.191	0.0064	1562.557	1.9766	88.5635	3088.473	0.4486	0.7813
7.242	 6	77.8	10.196	0.0063	1568.133	1.9521	89.0461	3061.136	0.4628	0.7779
7.252	 6	78.8	10.197	0.0066	1569.493	1.9634	87.5145	3081.513	0.4563	0.7715
7.262	 6	79.8	10.194	0.0063	1567.343	1.946	86.8638	3050.085	0.4663	0.7669
7.272	 6	80.8	10.192	0.0062	1559.363	1.9411	85.6214	3026.916	0.4692	0.7619
7.282	 6	81.8	10.189	0.0065	1556.761	1.9447	84.5298	3027.448	0.4671	0.7562
7.292	 6	82.8	10.191	0.0063	1556.353	1.955	82.5386	3042.597	0.4612	0.7533
7.302	 6	83.8	10.192	0.0063	1552.948	1.9502	81.7139	3028.551	0.4639	0.7516
7.312	 6	84.8	10.197	0.0063	1553.0	1.9451	81.3113	3020.697	0.4669	0.7527
7.322	 6	85.8	10.201	0.0054	1553.136	1.9364	80.5756	3007.504	0.4719	0.7494
7.332	 6	86.8	10.197	0.0038	1555.606	1.9603	79.1854	3049.464	0.4581	0.7455
7.342	 6	87.8	10.202	0.0061	1554.472	1.9336	79.6615	3005.724	0.4736	0.7471
7.352	 6	88.8	10.207	0.0051	1552.159	1.9538	78.2283	3032.601	0.4618	0.7812
7.362	 6	89.8	10.212	0.0053	1551.74	1.9411	77.1269	3012.057	0.4692	0.7848
7.372	 6	90.8	10.222	0.0053	1553.023	1.9456	75.7341	3021.573	0.4666	0.7824
7.382	 6	91.8	10.237	0.0052	1555.302	1.9318	74.9525	3004.597	0.4746	0.7861
7.392	 6	92.8	10.247	0.0054	1552.576	1.9303	73.3043	2996.983	0.4754	0.7859
7.402	 6	93.8	10.254	0.0052	1552.695	1.9429	72.1907	3016.797	0.4681	0.7839
7.412	 6	94.8	10.264	0.0043	1557.275	1.9373	71.2099	3016.86	0.4714	0.783
7.422	 6	95.8	10.27	0.0039	1561.027	1.9279	70.4442	3009.465	0.4769	0.7836
7.432	 6	96.8	10.311	0.0036	1559.909	1.9047	69.9914	2971.141	0.4903	0.7867
7.442	 6	97.8	10.326	0.0027	1557.701	1.9538	67.4653	3043.424	0.4618	0.7878
7.452	 6	98.8	10.331	0.0022	1558.455	1.8868	69.2638	2940.546	0.5007	0.7896
7.462	 6	99.8	10.489	0.0013	1566.458	1.8535	66.5275	2903.354	0.52	0.7945
7.472	 6	100.8	10.521	0.0007	1570.533	1.8613	64.7113	2923.227	0.5155	0.8069
7.482	 6	101.8	10.526	0.0001	1542.271	1.8615	63.1806	2870.913	0.5154	0.8344
7.492	 6	102.8	10.557	0.002	1571.684	1.8901	60.2978	2970.683	0.4988	0.8958
7.502	 6	103.8	10.537	0.0004	1554.818	1.8765	58.701	2917.578	0.5067	1.0132
7.512	 6	104.8	10.545	0.0002	1557.837	1.8783	55.2122	2926.128	0.5056	1.2398
7.522	 6	105.8	10.524	0.0003	1557.496	1.8719	50.4811	2915.481	0.5093	1.642
7.532	 6	106.8	10.524	0.002	1572.624	1.8522	43.3165	2912.864	0.5207	2.2244
7.542	 6	107.8	10.528	0.0006	1545.508	1.7411	36.3142	2690.826	0.5852	2.8881
7.552	 6	108.8	10.473	0.0	107.768	0.6222	74.0943	67.0567	1.2342	3.4282
