Geotek MSCL 7.9 - TN336_JPC32-37_MSmass.out created at 22:52:27 on 1/24/2016.


Processing Parameters

CT	RCT=11.45	W=1.27
PWAmp	A=1	B=0
PWVel	PTO=26.43
Den1	A=7.1605E-04	B=-.096198	C=9.839
MS1	A=1	B=0	Den=1	LD=14	
FP	MGD=2.75	WD=1.026	
RES	A=513.1992	B=-1.077428	p=0	


SB DEPTH	SECT NUM	SECT DEPTH	CT	PWAmp	PWVel	Den1	MS1	Imp	FP	RES
m		cm	cm		m/s	g/cc	x 10^-8 (m^3/kg)			Ohm.m

-0.638	cal sect	0.0	10.726	0.0022						92.6082
-0.578	cal sect	6.0	10.481	0.0169	1507.19	1.1604			0.922	15.6156
-0.518	cal sect	12.0	10.224	0.0321	1478.098	1.1369	-0.8522	1680.408	0.9357	14.2869
-0.458	cal sect	18.0	10.246	0.0192	1478.499	1.1214	-1.7172	1658.039	0.9446	14.4268
-0.398	cal sect	24.0	10.529	0.0012	1493.899	1.1429	-1.5579	1707.378	0.9322	10.4356
-0.338	cal sect	30.0	10.731	0.0071	1502.731	1.0898	-1.5472	1637.638	0.963	3.7151
-0.278	cal sect	36.0	10.671	0.0126	1513.832	1.1152	-1.5363	1688.292	0.9482	0.5107
-0.218	cal sect	42.0	10.336	0.0048	1498.622	1.1481	-1.6356	1720.516	0.9292	0.3851
-0.158	cal sect	48.0	10.27	0.0333	1495.123	1.1579	-0.826	1731.142	0.9235	0.3877
-0.098	cal sect	54.0	10.383	0.0111	1495.463	1.135	-0.8165	1697.358	0.9368	0.3977
-0.038	cal sect	60.0	10.461	0.0079	1517.626	1.1656	1.5562	1769.0	0.919	0.5591
0.002	 1	0.2	10.901	0.0	112.0845	0.7288	13.2723	81.682	1.1724	1.2667
0.012	 1	1.2	10.963	0.0	112.722	1.4395	8.2644	162.2596	0.7602	1.1135
0.022	 1	2.2	10.943	0.0001	1379.08	1.402	9.0984	1933.432	0.7819	0.8856
0.032	 1	3.2	10.902	0.0004	1523.264	1.4488	9.4553	2206.892	0.7548	0.7106
0.042	 1	4.2	10.861	0.0	111.6732	1.4418	10.1686	161.015	0.7588	0.6086
0.052	 1	5.2	10.394	0.0009	1515.16	1.4742	11.2805	2233.704	0.74	0.5511
0.062	 1	6.2	10.313	0.0024	1495.505	1.4822	12.1129	2216.671	0.7354	0.5173
0.072	 1	7.2	10.266	0.0063	1493.454	1.4783	12.3063	2207.707	0.7377	0.5016
0.082	 1	8.2	10.232	0.0033	1491.763	1.4659	12.529	2186.826	0.7448	0.4945
0.092	 1	9.2	10.21	0.0065	1483.796	1.4514	13.4039	2153.523	0.7533	0.4911
0.102	 1	10.2	10.206	0.0117	1483.646	1.4762	13.1929	2190.219	0.7388	0.4911
0.112	 1	11.2	10.206	0.0104	1482.568	1.497	13.01	2219.384	0.7268	0.4924
0.122	 1	12.2	10.204	0.0044	1481.632	1.4562	13.3821	2157.532	0.7505	0.497
0.132	 1	13.2	10.202	0.0057	1497.871	1.5217	13.4543	2279.241	0.7125	0.5026
0.142	 1	14.2	10.198	0.0134	1490.718	1.5445	13.2706	2302.367	0.6993	0.509
0.152	 1	15.2	10.199	0.0068	1487.819	1.5362	13.3379	2285.637	0.704	0.5149
0.162	 1	16.2	10.199	0.0047	1488.688	1.5489	13.8586	2305.867	0.6967	0.5202
0.172	 1	17.2	10.204	0.0073	1491.159	1.5476	13.8506	2307.753	0.6974	0.5245
0.182	 1	18.2	10.209	0.0101	1493.854	1.5682	13.6492	2342.725	0.6855	0.5288
0.192	 1	19.2	10.214	0.0068	1496.118	1.5494	13.796	2318.038	0.6964	0.5297
0.202	 1	20.2	10.219	0.0098	1497.948	1.5795	13.5136	2366.018	0.6789	0.5282
0.212	 1	21.2	10.224	0.0079	1501.542	1.5807	13.4844	2373.48	0.6783	0.528
0.222	 1	22.2	10.224	0.0102	1494.082	1.5473	13.7754	2311.805	0.6976	0.5254
0.232	 1	23.2	10.235	0.0169	1494.597	1.569	13.5432	2344.967	0.6851	0.5234
0.242	 1	24.2	10.236	0.0138	1496.71	1.5559	14.2741	2328.662	0.6927	0.5242
0.252	 1	25.2	10.244	0.0194	1500.732	1.5265	14.5153	2290.942	0.7097	0.5245
0.262	 1	26.2	10.249	0.0245	1494.895	1.525	14.5096	2279.723	0.7106	0.5278
0.272	 1	27.2	10.257	0.0135	1491.277	1.5601	14.7668	2326.505	0.6902	0.528
0.282	 1	28.2	10.268	0.0132	1495.703	1.5526	14.7917	2322.296	0.6945	0.5316
0.292	 1	29.2	10.266	0.0142	1489.337	1.5491	14.8337	2307.168	0.6966	0.5356
0.302	 1	30.2	10.27	0.0073	1475.575	1.5532	14.7785	2291.809	0.6942	0.5374
0.312	 1	31.2	10.275	0.0067	1465.763	1.5579	15.326	2283.503	0.6915	0.5514
0.322	 1	32.2	10.275	0.0048	1269.616	1.5491	16.0292	1966.8	0.6966	0.5597
0.332	 1	33.2	10.276	0.0037	1363.226	1.5597	15.9164	2126.181	0.6904	0.5761
0.342	 1	34.2	10.274	0.0034	1461.035	1.5463	16.0632	2259.177	0.6982	0.5912
0.352	 1	35.2	10.271	0.0027	1466.657	1.5946	16.1892	2338.733	0.6702	0.6072
0.362	 1	36.2	10.276	0.0028	1470.521	1.6027	16.085	2356.781	0.6655	0.6191
0.372	 1	37.2	10.277	0.0023	1469.402	1.6417	16.2798	2412.314	0.6429	0.6333
0.382	 1	38.2	10.276	0.002	1460.489	1.6508	16.1942	2411.018	0.6376	0.6455
0.392	 1	39.2	10.27	0.0016	1463.38	1.5982	16.1575	2338.743	0.6681	0.6545
0.402	 1	40.2	10.274	0.0028	1368.043	1.5772	16.3541	2157.67	0.6803	0.6619
0.412	 1	41.2	10.272	0.0031	1363.419	1.5716	15.813	2142.798	0.6835	0.6616
0.422	 1	42.2	10.263	0.0028	1273.325	1.5534	16.0391	1977.985	0.6941	0.658
0.432	 1	43.2	10.266	0.0018	1453.902	1.5765	15.1838	2292.023	0.6807	0.6495
0.442	 1	44.2	10.266	0.0042	1364.434	1.5979	14.3805	2180.29	0.6682	0.6426
0.452	 1	45.2	10.264	0.0033	1276.299	1.5934	14.4295	2033.671	0.6709	0.6346
0.462	 1	46.2	10.26	0.0018	1441.214	1.5861	13.9076	2285.908	0.6751	0.6298
0.472	 1	47.2	10.26	0.0019	1442.429	1.5574	14.1637	2246.469	0.6918	0.6288
0.482	 1	48.2	10.255	0.0019	1444.366	1.5687	14.0819	2265.741	0.6852	0.6261
0.492	 1	49.2	10.275	0.002	1463.675	1.5549	13.5131	2275.828	0.6932	0.6243
0.502	 1	50.2	10.285	0.002	1474.552	1.5452	13.5598	2278.441	0.6989	0.6192
0.512	 1	51.2	10.297	0.002	1471.0	1.5358	13.5968	2259.162	0.7043	0.6077
0.522	 1	52.2	10.3	0.0021	1473.745	1.553	13.4348	2288.748	0.6943	0.602
0.532	 1	53.2	10.312	0.0027	1473.143	1.5395	13.5073	2267.909	0.7021	0.5995
0.542	 1	54.2	10.305	0.0023	1467.322	1.5534	12.8034	2279.276	0.6941	0.6014
0.552	 1	55.2	10.326	0.0031	1373.138	1.5434	13.4209	2119.275	0.6999	0.602
0.562	 1	56.2	10.325	0.0035	1480.711	1.56	13.2818	2309.867	0.6903	0.6075
0.572	 1	57.2	10.317	0.0042	1484.033	1.5516	13.9921	2302.554	0.6952	0.6115
0.582	 1	58.2	10.315	0.003	1372.953	1.5698	13.2355	2155.277	0.6846	0.6163
0.592	 1	59.2	10.305	0.0023	1487.872	1.5817	13.1727	2353.376	0.6777	0.6236
0.602	 1	60.2	10.306	0.0036	1484.587	1.5637	13.3208	2321.415	0.6881	0.6271
0.612	 1	61.2	10.296	0.0059	1489.368	1.5702	13.3027	2338.602	0.6843	0.6354
0.622	 1	62.2	10.285	0.004	1493.61	1.5733	13.3177	2349.855	0.6826	0.643
0.632	 1	63.2	10.29	0.0038	1500.875	1.5667	12.7481	2351.367	0.6864	0.6503
0.642	 1	64.2	10.278	0.0037	1500.438	1.561	12.8373	2342.211	0.6897	0.6518
0.652	 1	65.2	10.283	0.0022	1497.67	1.5091	13.8914	2260.197	0.7198	0.6543
0.662	 1	66.2	10.278	0.0025	1491.727	1.5688	12.7738	2340.178	0.6852	0.6563
0.672	 1	67.2	10.274	0.003	1474.455	1.5953	12.5757	2352.16	0.6698	0.6549
0.682	 1	68.2	10.268	0.0037	1477.623	1.5982	12.5738	2361.543	0.6681	0.6599
0.692	 1	69.2	10.263	0.0037	1472.876	1.5839	12.7048	2332.954	0.6764	0.6489
0.702	 1	70.2	10.258	0.0031	1282.09	1.5898	12.6758	2038.269	0.673	0.6509
0.712	 1	71.2	10.259	0.002	1279.815	1.6036	11.9649	2052.333	0.665	0.6565
0.722	 1	72.2	10.249	0.0026	1269.069	1.5839	12.1483	2010.019	0.6764	0.66
0.732	 1	73.2	10.249	0.0024	1264.996	1.6012	11.4161	2025.471	0.6664	0.6541
0.742	 1	74.2	10.245	0.002	1274.571	1.6035	11.4122	2043.789	0.665	0.6467
0.752	 1	75.2	10.244	0.0015	1276.034	1.5977	11.4572	2038.672	0.6684	0.6422
0.762	 1	76.2	10.239	0.0016	1272.241	1.6013	11.4473	2037.24	0.6663	0.6425
0.772	 1	77.2	10.234	0.0022	1271.778	1.6027	11.4537	2038.222	0.6655	0.6441
0.782	 1	78.2	10.235	0.0018	1272.852	1.6011	11.4619	2037.922	0.6664	0.6399
0.792	 1	79.2	10.227	0.0021	1267.286	1.6075	11.4419	2037.142	0.6627	0.638
0.802	 1	80.2	10.219	0.0019	1272.286	1.611	11.4424	2049.712	0.6606	0.6345
0.812	 1	81.2	10.224	0.0037	1271.642	1.6071	11.4544	2043.646	0.6629	0.6349
0.822	 1	82.2	10.214	0.003	1266.46	1.6229	11.3752	2055.285	0.6538	0.6349
0.832	 1	83.2	10.215	0.0024	1267.999	1.6271	11.3424	2063.137	0.6513	0.6301
0.842	 1	84.2	10.209	0.003	1269.46	1.6158	11.441	2051.201	0.6579	0.623
0.852	 1	85.2	10.207	0.0033	1274.282	1.6455	11.2409	2096.814	0.6407	0.6229
0.862	 1	86.2	10.221	0.0045	1270.479	1.6217	11.3605	2060.394	0.6544	0.6214
0.872	 1	87.2	10.222	0.0034	1272.026	1.606	11.4688	2042.836	0.6636	0.6223
0.882	 1	88.2	10.216	0.0037	1270.489	1.5972	10.9435	2029.214	0.6687	0.6232
0.892	 1	89.2	10.222	0.0031	1275.359	1.6014	11.5017	2042.343	0.6662	0.622
0.902	 1	90.2	10.222	0.0062	1271.077	1.5838	11.0172	2013.146	0.6764	0.6224
0.912	 1	91.2	10.222	0.0051	1366.395	1.5971	10.9255	2182.28	0.6687	0.6237
0.922	 1	92.2	10.222	0.007	1365.665	1.6166	10.7935	2207.797	0.6574	0.6225
0.932	 1	93.2	10.222	0.0042	1455.296	1.61	10.838	2343.023	0.6613	0.6205
0.942	 1	94.2	10.229	0.0038	1466.103	1.6129	10.797	2364.729	0.6596	0.6189
0.952	 1	95.2	10.239	0.0033	1463.76	1.6122	10.7713	2359.913	0.66	0.6203
0.962	 1	96.2	10.238	0.0029	1462.154	1.6185	10.7328	2366.455	0.6563	0.6204
0.972	 1	97.2	10.249	0.0028	1469.18	1.6115	10.7457	2367.613	0.6604	0.6201
0.982	 1	98.2	10.248	0.004	1467.774	1.6242	10.0725	2383.928	0.653	0.6174
0.992	 1	99.2	10.269	0.0046	1481.177	1.6211	10.0319	2401.209	0.6548	0.6153
1.002	 1	100.2	10.271	0.0041	1481.893	1.6069	10.1151	2381.277	0.663	0.6091
1.012	 1	101.2	10.256	0.0033	1473.351	1.5901	10.2652	2342.794	0.6728	0.6084
1.022	 1	102.2	10.26	0.0034	1468.862	1.6032	10.1701	2354.841	0.6652	0.6061
1.032	 1	103.2	10.276	0.0029	1367.035	1.6041	10.1185	2192.888	0.6647	0.6058
1.042	 1	104.2	10.275	0.0027	1362.19	1.5892	10.8177	2164.729	0.6733	0.6079
1.052	 1	105.2	10.29	0.0033	1370.356	1.5911	10.7592	2180.357	0.6722	0.6112
1.062	 1	106.2	10.297	0.0034	1469.111	1.6089	10.6192	2363.667	0.6619	0.6162
1.072	 1	107.2	10.301	0.0037	1478.329	1.6005	10.6629	2366.087	0.6668	0.6409
1.082	 1	108.2	10.313	0.0032	1484.953	1.5912	11.2831	2362.904	0.6721	0.6418
1.092	 1	109.2	10.32	0.004	1483.185	1.6068	11.1522	2383.131	0.6631	0.6428
1.102	 1	110.2	10.329	0.0041	1484.905	1.595	11.7958	2368.471	0.6699	0.6422
1.112	 1	111.2	10.334	0.004	1484.557	1.5997	11.745	2374.844	0.6672	0.6394
1.122	 1	112.2	10.346	0.0044	1490.993	1.5816	11.8396	2358.198	0.6777	0.6352
1.132	 1	113.2	10.353	0.0038	1487.073	1.5896	11.7571	2363.889	0.6731	0.6384
1.142	 1	114.2	10.352	0.0021	1486.289	1.5861	12.3759	2357.382	0.6751	0.6367
1.152	 1	115.2	10.383	0.0016	1498.268	1.5598	13.0707	2337.009	0.6904	0.634
1.162	 1	116.2	10.404	0.0022	1488.625	1.5683	12.9243	2334.656	0.6854	0.6341
1.172	 1	117.2	10.435	0.0011	1495.2	1.5726	12.7792	2351.392	0.6829	0.6306
1.182	 1	118.2	10.602	0.0003	1507.465	1.5371	12.4916	2317.159	0.7035	0.6336
1.192	 1	119.2	10.608	0.0003	1498.94	1.5536	12.8996	2328.81	0.6939	0.642
1.202	 1	120.2	10.611	0.0002	1488.01	1.5621	12.819	2324.48	0.689	0.657
1.212	 1	121.2	10.563	0.0003	1481.694	1.5614	12.9932	2313.48	0.6895	0.6886
1.222	 1	122.2	10.564	0.0002	1487.887	1.5682	12.9327	2333.372	0.6855	0.7422
1.232	 1	123.2	10.536	0.001	1504.068	1.5823	12.9155	2379.956	0.6773	0.8517
1.242	 1	124.2	10.589	0.0007	1488.473	1.5827	12.1747	2355.788	0.6771	1.0858
1.252	 1	125.2	10.756	0.0	110.5936	1.5697	11.2036	173.6016	0.6846	1.4941
1.262	 1	126.2	10.847	0.0	111.5293	1.0389	16.5261	115.8624	0.9925	1.8646
1.272	 2	0.6	10.876	0.0	111.8274	1.0451	16.3032	116.8657	0.9889	1.7835
1.282	 2	1.6	10.892	0.0	111.9919	1.5339	11.0606	171.7892	0.7054	1.3854
1.292	 2	2.6	10.921	0.0	112.2901	1.5469	10.8854	173.6962	0.6979	1.0692
1.302	 2	3.6	10.884	0.0	111.9097	1.5549	10.9343	174.0119	0.6932	0.8799
1.312	 2	4.6	10.816	0.0	111.2105	1.5559	11.1246	173.036	0.6926	0.7775
1.322	 2	5.6	10.395	0.0	106.8818	1.5889	12.2076	169.823	0.6735	0.7206
1.332	 2	6.6	10.314	0.0	106.0489	1.5899	11.8832	168.6114	0.6729	0.6875
1.342	 2	7.6	10.233	0.0	105.2161	1.6005	11.4722	168.4007	0.6668	0.67
1.352	 2	8.6	10.222	0.0002	1320.843	1.5869	11.6066	2096.056	0.6746	0.6561
1.362	 2	9.6	10.215	0.0003	1326.107	1.5954	10.9591	2115.615	0.6697	0.6466
1.372	 2	10.6	10.211	0.0003	1319.762	1.5732	10.5079	2076.259	0.6826	0.6399
1.382	 2	11.6	10.209	0.0003	1399.643	1.5805	10.4654	2212.127	0.6784	0.6378
1.392	 2	12.6	10.209	0.0003	1410.473	1.5926	10.3858	2246.327	0.6713	0.6393
1.402	 2	13.6	10.21	0.0004	1520.477	1.6107	10.266	2449.087	0.6608	0.6395
1.412	 2	14.6	10.22	0.0005	1408.101	1.6017	10.2948	2255.357	0.6661	0.6398
1.422	 2	15.6	10.234	0.0027	1512.786	1.6113	10.1932	2437.523	0.6605	0.6431
1.432	 2	16.6	10.23	0.0023	1502.644	1.6134	10.7911	2424.299	0.6593	0.6402
1.442	 2	17.6	10.239	0.0021	1511.738	1.6062	11.4126	2428.114	0.6635	0.6405
1.452	 2	18.6	10.252	0.0041	1507.869	1.5733	11.6084	2372.34	0.6825	0.6414
1.462	 2	19.6	10.261	0.0015	1374.364	1.6033	11.3624	2203.523	0.6651	0.6421
1.472	 2	20.6	10.265	0.0011	1244.393	1.5992	11.9774	1990.087	0.6675	0.6413
1.482	 2	21.6	10.271	0.0009	1312.085	1.6012	12.54	2100.871	0.6664	0.6416
1.492	 2	22.6	10.276	0.0021	1393.545	1.5907	12.6048	2216.711	0.6724	0.6419
1.502	 2	23.6	10.281	0.0061	1383.156	1.6172	12.9703	2236.865	0.6571	0.6426
1.512	 2	24.6	10.28	0.0033	1309.387	1.609	13.6332	2106.762	0.6619	0.6425
1.522	 2	25.6	10.277	0.0041	1300.721	1.6246	14.1012	2113.106	0.6528	0.6436
1.532	 2	26.6	10.281	0.0045	1228.756	1.5976	14.3231	1963.074	0.6684	0.6394
1.542	 2	27.6	10.279	0.0023	1227.05	1.6028	14.88	1966.704	0.6654	0.6354
1.552	 2	28.6	10.274	0.0023	1322.776	1.6318	14.636	2158.509	0.6486	0.6344
1.562	 2	29.6	10.285	0.0021	1380.537	1.6245	15.243	2242.645	0.6529	0.629
1.572	 2	30.6	10.285	0.0037	1373.164	1.6224	15.2622	2227.854	0.654	0.6279
1.582	 2	31.6	10.29	0.0048	1294.34	1.612	14.7492	2086.514	0.6601	0.6315
1.592	 2	32.6	10.285	0.0059	1311.862	1.6039	15.4388	2104.051	0.6648	0.6317
1.602	 2	33.6	10.284	0.0099	1394.441	1.6202	15.2871	2259.333	0.6553	0.6302
1.612	 2	34.6	10.284	0.008	1493.682	1.602	15.461	2392.895	0.6659	0.63
1.622	 2	35.6	10.28	0.0094	1488.13	1.5986	15.5112	2378.959	0.6679	0.6354
1.632	 2	36.6	10.28	0.0117	1486.193	1.5906	15.589	2364.011	0.6725	0.6482
1.642	 2	37.6	10.279	0.0119	1491.439	1.6193	15.3176	2415.059	0.6559	0.6678
1.652	 2	38.6	10.274	0.0127	1496.795	1.6143	15.3869	2416.202	0.6588	0.6853
1.662	 2	39.6	10.265	0.0222	1492.223	1.625	15.3238	2424.86	0.6526	0.7
1.672	 2	40.6	10.275	0.0171	1493.676	1.6361	15.7611	2443.769	0.6461	0.7108
1.682	 2	41.6	10.269	0.0113	1500.877	1.6809	14.7975	2522.823	0.6201	0.719
1.692	 2	42.6	10.267	0.0101	1501.682	1.6487	15.0952	2475.786	0.6388	0.7263
1.702	 2	43.6	10.261	0.0217	1494.248	1.6362	14.6497	2444.94	0.646	0.7279
1.712	 2	44.6	10.266	0.0107	1497.375	1.4983	15.9757	2243.538	0.726	0.7237
1.722	 2	45.6	10.268	0.0057	1487.685	1.5962	14.9876	2374.653	0.6693	0.7161
1.732	 2	46.6	10.258	0.015	1499.269	1.6258	14.756	2437.533	0.6521	0.7115
1.742	 2	47.6	10.261	0.017	1490.341	1.6259	14.1529	2423.183	0.652	0.7059
1.752	 2	48.6	10.261	0.0165	1487.964	1.6356	14.655	2433.778	0.6464	0.7054
1.762	 2	49.6	10.278	0.0136	1498.251	1.6104	14.221	2412.838	0.661	0.7042
1.772	 2	50.6	10.282	0.0122	1499.927	1.6214	14.6965	2432.034	0.6546	0.7017
1.782	 2	51.6	10.284	0.01	1495.854	1.6379	14.5406	2450.068	0.6451	0.7003
1.792	 2	52.6	10.281	0.0093	1496.289	1.6366	13.9818	2448.831	0.6458	0.7004
1.802	 2	53.6	10.29	0.0106	1496.727	1.6281	14.0196	2436.803	0.6508	0.7015
1.812	 2	54.6	10.301	0.011	1500.947	1.6305	13.956	2447.251	0.6494	0.7031
1.822	 2	55.6	10.312	0.0203	1500.146	1.6196	14.0063	2429.688	0.6557	0.7072
1.832	 2	56.6	10.327	0.0185	1495.799	1.6185	13.9579	2420.877	0.6564	0.7092
1.842	 2	57.6	10.347	0.0134	1498.914	1.6162	13.8997	2422.54	0.6577	0.7103
1.852	 2	58.6	10.346	0.0118	1496.601	1.6134	13.9274	2414.674	0.6593	0.7095
1.862	 2	59.6	10.357	0.014	1504.285	1.6364	13.6897	2461.656	0.6459	0.7101
1.872	 2	60.6	10.356	0.0354	1502.612	1.633	13.7221	2453.799	0.6479	0.7122
1.882	 2	61.6	10.351	0.0325	1501.668	1.6005	14.0203	2403.444	0.6668	0.7133
1.892	 2	62.6	10.351	0.0538	1502.758	1.6109	13.9298	2420.819	0.6607	0.7202
1.902	 2	63.6	10.344	0.0437	1503.488	1.6135	13.9349	2425.819	0.6592	0.7257
1.912	 2	64.6	10.342	0.053	1503.854	1.6505	13.6299	2482.096	0.6378	0.7295
1.922	 2	65.6	10.341	0.0456	1510.958	1.6747	13.4363	2530.449	0.6237	0.736
1.932	 2	66.6	10.336	0.037	1517.1	1.6967	13.2806	2574.104	0.6109	0.7417
1.942	 2	67.6	10.326	0.0306	1522.111	1.6952	12.7741	2580.321	0.6118	0.7425
1.952	 2	68.6	10.326	0.0294	1510.312	1.6479	12.5694	2488.887	0.6393	0.7424
1.962	 2	69.6	10.311	0.0216	1490.891	1.641	12.6751	2446.617	0.6432	0.7387
1.972	 2	70.6	10.304	0.0145	1493.117	1.6241	12.249	2424.992	0.6531	0.7364
1.982	 2	71.6	10.296	0.0138	1497.164	1.6263	11.6765	2434.774	0.6518	0.7339
1.992	 2	72.6	10.296	0.0219	1498.908	1.6292	11.6554	2442.019	0.6501	0.7313
2.002	 2	73.6	10.288	0.0392	1496.436	1.6385	10.454	2451.845	0.6447	0.7226
2.012	 2	74.6	10.285	0.032	1494.044	1.6256	10.5452	2428.787	0.6522	0.7146
2.022	 2	75.6	10.281	0.026	1494.331	1.657	9.7821	2476.039	0.634	0.7059
2.032	 2	76.6	10.278	0.0192	1494.547	1.6368	9.328	2446.251	0.6457	0.6981
2.042	 2	77.6	10.273	0.0146	1497.74	1.6429	9.8878	2460.686	0.6422	0.6889
2.052	 2	78.6	10.268	0.0249	1497.229	1.6509	8.6945	2471.797	0.6375	0.68
2.062	 2	79.6	10.258	0.0168	1492.724	1.6456	8.747	2456.477	0.6406	0.6708
2.072	 2	80.6	10.253	0.0259	1493.518	1.6357	8.8123	2443.0	0.6463	0.6647
2.082	 2	81.6	10.248	0.0271	1489.751	1.6303	8.2636	2428.799	0.6495	0.6616
2.092	 2	82.6	10.238	0.0244	1489.164	1.6343	8.2669	2433.723	0.6472	0.6597
2.102	 2	83.6	10.238	0.0195	1492.637	1.6153	8.3642	2411.026	0.6582	0.66
2.112	 2	84.6	10.233	0.0191	1494.741	1.6339	7.689	2442.269	0.6474	0.6624
2.122	 2	85.6	10.227	0.0279	1494.957	1.6609	8.1599	2482.905	0.6318	0.6642
2.132	 2	86.6	10.228	0.0326	1496.853	1.6309	7.7142	2441.184	0.6491	0.6691
2.142	 2	87.6	10.22	0.0475	1500.514	1.6524	7.6311	2479.377	0.6367	0.6723
2.152	 2	88.6	10.218	0.0525	1498.021	1.644	7.0839	2462.765	0.6415	0.6748
2.162	 2	89.6	10.218	0.0523	1499.34	1.6527	7.0467	2477.922	0.6365	0.6783
2.172	 2	90.6	10.219	0.0615	1502.573	1.6543	6.4513	2485.729	0.6355	0.6782
2.182	 2	91.6	10.224	0.0568	1501.983	1.6607	6.4173	2494.398	0.6318	0.6765
2.192	 2	92.6	10.222	0.058	1499.267	1.6478	5.8829	2470.551	0.6393	0.6779
2.202	 2	93.6	10.224	0.0369	1494.737	1.6336	5.9309	2441.766	0.6476	0.6716
2.212	 2	94.6	10.224	0.0495	1493.863	1.6499	5.8722	2464.738	0.6381	0.6681
2.222	 2	95.6	10.23	0.0347	1492.777	1.63	5.9339	2433.182	0.6497	0.6668
2.232	 2	96.6	10.235	0.0387	1496.564	1.6413	5.2963	2456.284	0.6431	0.663
2.242	 2	97.6	10.245	0.0601	1496.057	1.6338	5.3057	2444.202	0.6475	0.6632
2.252	 2	98.6	10.25	0.0484	1493.734	1.625	5.3267	2427.365	0.6525	0.6651
2.262	 2	99.6	10.26	0.043	1495.845	1.6252	4.721	2431.054	0.6524	0.667
2.272	 2	100.6	10.259	0.0397	1497.227	1.6333	5.2863	2445.425	0.6477	0.6666
2.282	 2	101.6	10.265	0.0483	1498.978	1.6271	5.2977	2438.914	0.6514	0.6704
2.292	 2	102.6	10.264	0.0426	1495.774	1.6228	5.313	2427.365	0.6538	0.6711
2.302	 2	103.6	10.267	0.0485	1495.993	1.6451	4.6548	2461.038	0.6409	0.6729
2.312	 2	104.6	10.274	0.0344	1495.705	1.6218	4.7123	2425.765	0.6544	0.6743
2.322	 2	105.6	10.274	0.0673	1500.292	1.6079	4.7532	2412.3	0.6625	0.6756
2.332	 2	106.6	10.273	0.0801	1502.12	1.642	4.6556	2466.54	0.6427	0.6759
2.342	 2	107.6	10.272	0.0982	1500.657	1.6374	5.2537	2457.242	0.6453	0.6769
2.352	 2	108.6	10.264	0.0502	1493.815	1.6278	5.2968	2431.627	0.6509	0.6752
2.362	 2	109.6	10.269	0.0641	1500.0	1.6223	5.8969	2433.477	0.6541	0.6768
2.372	 2	110.6	10.265	0.0452	1493.743	1.6285	5.2929	2432.589	0.6505	0.6768
2.382	 2	111.6	10.259	0.0443	1499.415	1.6446	5.8334	2465.906	0.6412	0.677
2.392	 2	112.6	10.247	0.0502	1504.257	1.66	5.7987	2497.111	0.6322	0.6754
2.402	 2	113.6	10.256	0.0655	1510.012	1.6486	5.8239	2489.475	0.6388	0.6746
2.412	 2	114.6	10.256	0.0475	1506.684	1.6501	6.4005	2486.246	0.638	0.6742
2.422	 2	115.6	10.25	0.0723	1503.373	1.6277	6.4998	2446.996	0.651	0.6753
2.432	 2	116.6	10.245	0.0545	1496.057	1.6546	6.403	2475.407	0.6354	0.6768
2.442	 2	117.6	10.241	0.0454	1502.053	1.6397	6.4684	2462.958	0.644	0.6758
2.452	 2	118.6	10.235	0.0394	1495.908	1.6312	6.5131	2440.172	0.6489	0.6727
2.462	 2	119.6	10.236	0.0398	1496.929	1.6147	6.5778	2417.128	0.6585	0.6714
2.472	 2	120.6	10.24	0.0283	1495.545	1.6349	6.4895	2445.0	0.6468	0.669
2.482	 2	121.6	10.24	0.0289	1496.201	1.6343	7.082	2445.188	0.6472	0.668
2.492	 2	122.6	10.247	0.0295	1497.005	1.6411	7.0385	2456.797	0.6432	0.6649
2.502	 2	123.6	10.25	0.0277	1496.787	1.6544	6.9761	2476.308	0.6355	0.6674
2.512	 2	124.6	10.255	0.0194	1497.955	1.6375	7.0383	2452.884	0.6453	0.6687
2.522	 2	125.6	10.265	0.0262	1499.416	1.6338	7.6205	2449.781	0.6474	0.6722
2.532	 2	126.6	10.267	0.0196	1496.866	1.6451	7.5641	2462.473	0.6409	0.6715
2.542	 2	127.6	10.275	0.0249	1499.125	1.6296	7.6189	2442.944	0.6499	0.6705
2.552	 2	128.6	10.279	0.0207	1501.461	1.6435	8.1266	2467.597	0.6418	0.6784
2.562	 2	129.6	10.285	0.0267	1501.46	1.6363	7.5666	2456.783	0.646	0.681
2.572	 2	130.6	10.298	0.0173	1500.51	1.6651	7.4084	2498.552	0.6293	0.7029
2.582	 2	131.6	10.307	0.0157	1504.232	1.6543	7.4382	2488.426	0.6356	0.7284
2.592	 2	132.6	10.317	0.0103	1501.965	1.6605	7.3895	2494.086	0.6319	0.7342
2.602	 2	133.6	10.331	0.0116	1505.977	1.6764	7.8521	2524.547	0.6228	0.7346
2.612	 2	134.6	10.337	0.0265	1510.153	1.6671	7.8826	2517.552	0.6281	0.7368
2.622	 2	135.6	10.352	0.024	1509.038	1.6607	7.3171	2506.064	0.6318	0.7378
2.632	 2	136.6	10.356	0.0242	1509.181	1.6625	7.301	2509.011	0.6308	0.7315
2.642	 2	137.6	10.361	0.023	1508.371	1.6511	7.3413	2490.44	0.6374	0.735
2.652	 2	138.6	10.372	0.0334	1511.733	1.6615	7.2732	2511.681	0.6314	0.7332
2.662	 2	139.6	10.398	0.0157	1504.994	1.6461	7.2883	2477.38	0.6403	0.7334
2.672	 2	140.6	10.415	0.0111	1505.275	1.6491	6.6838	2482.418	0.6385	0.7305
2.682	 2	141.6	10.429	0.0069	1511.23	1.6548	7.1882	2500.794	0.6353	0.7335
2.692	 2	142.6	10.602	0.0009	1534.076	1.6401	6.9178	2516.099	0.6438	0.742
2.702	 2	143.6	10.611	0.0012	1517.592	1.6445	6.3532	2495.695	0.6412	0.7601
2.712	 2	144.6	10.596	0.0001	1481.337	1.6459	6.3735	2438.169	0.6404	0.7921
2.722	 2	145.6	10.597	0.0001	1465.091	1.6528	6.3453	2421.489	0.6364	0.8438
2.732	 2	146.6	10.581	0.0	108.7942	1.6513	6.3786	179.653	0.6373	0.9452
2.742	 2	147.6	10.568	0.0	108.6606	1.6327	6.4739	177.4146	0.6481	1.1257
2.752	 2	148.6	10.578	0.0	108.7634	1.6208	5.9621	176.2796	0.655	1.4122
2.762	 2	149.6	10.68	0.0001	1133.758	1.5858	5.3893	1797.896	0.6753	1.7422
2.772	 2	150.6	10.859	0.0	111.6526	0.494	16.4968	55.1571	1.3086	1.9179
2.782	 3	0.6	10.838	0.0	111.4367	1.0269	8.7784	114.4301	0.9995	1.8359
2.792	 3	1.6	10.855	0.0	111.6115	1.6093	5.5762	179.6198	0.6616	1.52
2.802	 3	2.6	10.829	0.0	111.3442	1.612	5.6052	179.4869	0.6601	1.2019
2.812	 3	3.6	10.803	0.0001	1466.404	1.6008	5.6835	2347.348	0.6666	0.9791
2.822	 3	4.6	10.726	0.0	110.2851	1.6134	6.2786	177.9373	0.6593	0.8469
2.832	 3	5.6	10.365	0.0064	1507.636	1.6786	6.6582	2530.675	0.6215	0.7724
2.842	 3	6.6	10.303	0.0037	1509.155	1.6537	6.8761	2495.716	0.6359	0.7327
2.852	 3	7.6	10.241	0.0097	1503.376	1.6646	6.9508	2502.581	0.6296	0.71
2.862	 3	8.6	10.214	0.0125	1508.938	1.6739	6.3847	2525.847	0.6242	0.6989
2.872	 3	9.6	10.21	0.0242	1510.579	1.6897	6.908	2552.396	0.615	0.6903
2.882	 3	10.6	10.214	0.0519	1505.158	1.6828	6.3509	2532.927	0.619	0.686
2.892	 3	11.6	10.213	0.0424	1501.029	1.6601	6.4397	2491.868	0.6322	0.6827
2.902	 3	12.6	10.22	0.0364	1500.955	1.6629	6.4162	2495.937	0.6306	0.6769
2.912	 3	13.6	10.225	0.0474	1501.468	1.6509	6.4535	2478.842	0.6375	0.6746
2.922	 3	14.6	10.23	0.0626	1501.541	1.6583	5.8327	2489.935	0.6333	0.6699
2.932	 3	15.6	10.239	0.0507	1501.54	1.6695	6.3565	2506.868	0.6267	0.6633
2.942	 3	16.6	10.246	0.0487	1503.007	1.6638	5.7871	2500.745	0.63	0.659
2.952	 3	17.6	10.255	0.0447	1503.445	1.6672	6.3367	2506.591	0.6281	0.6526
2.962	 3	18.6	10.265	0.0462	1506.457	1.6834	6.2582	2535.985	0.6187	0.649
2.972	 3	19.6	10.27	0.0454	1509.628	1.6518	5.79	2493.595	0.637	0.6443
2.982	 3	20.6	10.281	0.0847	1503.51	1.6322	5.2574	2453.978	0.6484	0.6411
2.992	 3	21.6	10.28	0.0509	1500.949	1.6403	5.8142	2462.045	0.6437	0.64
3.002	 3	22.6	10.275	0.0464	1498.032	1.6453	5.2243	2464.709	0.6408	0.6365
3.012	 3	23.6	10.281	0.0496	1501.314	1.6533	5.1901	2482.174	0.6361	0.6379
3.022	 3	24.6	10.281	0.0511	1498.688	1.6518	5.1949	2475.577	0.637	0.6371
3.032	 3	25.6	10.28	0.0421	1499.417	1.6314	5.2613	2446.208	0.6488	0.633
3.042	 3	26.6	10.286	0.0481	1499.417	1.6577	5.1693	2485.523	0.6336	0.6302
3.052	 3	27.6	10.281	0.049	1499.344	1.6411	5.2289	2460.511	0.6432	0.6272
3.062	 3	28.6	10.275	0.0497	1498.906	1.6456	4.6429	2466.595	0.6406	0.6257
3.072	 3	29.6	10.275	0.0443	1492.592	1.6513	4.6269	2464.703	0.6373	0.6242
3.082	 3	30.6	10.276	0.0404	1492.737	1.6356	4.0862	2441.552	0.6464	0.6239
3.092	 3	31.6	10.28	0.0333	1493.752	1.6514	4.6202	2466.765	0.6372	0.6268
3.102	 3	32.6	10.275	0.0337	1493.025	1.6284	4.692	2431.248	0.6506	0.6272
3.112	 3	33.6	10.27	0.0262	1492.082	1.6554	4.6219	2470.002	0.6349	0.6276
3.122	 3	34.6	10.271	0.0333	1492.661	1.6338	4.0966	2438.643	0.6475	0.6295
3.132	 3	35.6	10.27	0.0216	1490.999	1.6545	4.0464	2466.861	0.6354	0.6326
3.142	 3	36.6	10.271	0.0228	1493.312	1.6349	4.6785	2441.472	0.6468	0.6433
3.152	 3	37.6	10.274	0.0187	1495.27	1.6407	4.0759	2453.272	0.6435	0.6597
3.162	 3	38.6	10.271	0.0202	1495.486	1.6296	4.107	2437.084	0.6499	0.6774
3.172	 3	39.6	10.266	0.0147	1491.934	1.6237	4.7175	2422.408	0.6533	0.688
3.182	 3	40.6	10.267	0.0165	1492.513	1.635	4.6836	2440.234	0.6468	0.6933
3.192	 3	41.6	10.27	0.0224	1492.949	1.628	4.6997	2430.552	0.6508	0.7002
3.202	 3	42.6	10.266	0.0174	1492.151	1.6295	4.113	2431.516	0.6499	0.7019
3.212	 3	43.6	10.267	0.0185	1496.866	1.6232	4.7175	2429.74	0.6536	0.7027
3.222	 3	44.6	10.262	0.0199	1489.621	1.6199	4.7338	2413.068	0.6555	0.7076
3.232	 3	45.6	10.262	0.0172	1488.973	1.6373	4.0982	2437.836	0.6454	0.7092
3.242	 3	46.6	10.261	0.0178	1491.858	1.6227	4.1361	2420.846	0.6539	0.7135
3.252	 3	47.6	10.261	0.0152	1490.774	1.6455	4.6616	2452.996	0.6407	0.7181
3.262	 3	48.6	10.267	0.0164	1495.339	1.6306	4.6963	2438.235	0.6493	0.7198
3.272	 3	49.6	10.262	0.0201	1494.829	1.6246	4.7202	2428.491	0.6528	0.7213
3.282	 3	50.6	10.271	0.021	1493.529	1.6468	4.6447	2459.598	0.6399	0.721
3.292	 3	51.6	10.266	0.0204	1491.934	1.6414	4.6667	2448.819	0.6431	0.7191
3.302	 3	52.6	10.271	0.0207	1492.01	1.6388	5.2509	2445.092	0.6446	0.7197
3.312	 3	53.6	10.266	0.0192	1490.851	1.6482	5.2281	2457.276	0.6391	0.7161
3.322	 3	54.6	10.28	0.0197	1492.667	1.6294	5.2679	2432.117	0.65	0.7121
3.332	 3	55.6	10.295	0.0205	1493.544	1.6418	5.2061	2452.107	0.6428	0.7097
3.342	 3	56.6	10.306	0.0175	1494.273	1.635	5.2117	2443.138	0.6468	0.7062
3.352	 3	57.6	10.317	0.0178	1497.17	1.6377	5.7635	2451.928	0.6452	0.707
3.362	 3	58.6	10.316	0.0235	1497.895	1.6269	5.223	2436.958	0.6514	0.7068
3.372	 3	59.6	10.336	0.0232	1501.671	1.6332	5.7488	2452.551	0.6478	0.7114
3.382	 3	60.6	10.329	0.0253	1500.872	1.6454	5.1458	2469.462	0.6407	0.7116
3.392	 3	61.6	10.32	0.0195	1499.128	1.6239	5.2267	2434.497	0.6532	0.7128
3.402	 3	62.6	10.31	0.0265	1498.764	1.6448	5.1749	2465.148	0.6411	0.7145
3.412	 3	63.6	10.306	0.0302	1502.113	1.6657	5.6842	2502.028	0.629	0.7223
3.422	 3	64.6	10.296	0.0206	1498.472	1.6542	5.7395	2478.83	0.6356	0.7262
3.432	 3	65.6	10.29	0.0276	1501.313	1.6414	5.7941	2464.27	0.643	0.7289
3.442	 3	66.6	10.283	0.0181	1494.188	1.6591	5.7437	2478.935	0.6328	0.727
3.452	 3	67.6	10.283	0.0133	1494.405	1.6645	6.2973	2487.461	0.6296	0.7303
3.462	 3	68.6	10.278	0.0115	1491.294	1.6608	6.3204	2476.694	0.6318	0.7298
3.472	 3	69.6	10.268	0.0125	1490.276	1.639	7.0063	2442.52	0.6444	0.729
3.482	 3	70.6	10.268	0.0124	1490.492	1.6712	6.8711	2490.946	0.6257	0.7286
3.492	 3	71.6	10.258	0.0128	1490.772	1.664	7.497	2480.653	0.6299	0.7254
3.502	 3	72.6	10.258	0.0135	1490.555	1.6607	7.5121	2475.319	0.6319	0.725
3.512	 3	73.6	10.25	0.0145	1490.042	1.6484	7.585	2456.205	0.639	0.7216
3.522	 3	74.6	10.243	0.0149	1493.584	1.6577	7.5576	2475.848	0.6336	0.717
3.532	 3	75.6	10.243	0.014	1489.891	1.6486	7.5989	2456.296	0.6388	0.7145
3.542	 3	76.6	10.238	0.0134	1488.081	1.6564	7.5742	2464.79	0.6344	0.7103
3.552	 3	77.6	10.238	0.0128	1489.38	1.6555	8.1612	2465.596	0.6349	0.707
3.562	 3	78.6	10.232	0.0131	1491.545	1.6695	8.6855	2490.065	0.6268	0.7032
3.572	 3	79.6	10.222	0.0119	1490.522	1.6705	8.7047	2489.882	0.6262	0.7011
3.582	 3	80.6	10.218	0.0129	1490.591	1.6983	8.5716	2531.513	0.61	0.7042
3.592	 3	81.6	10.212	0.0115	1490.368	1.7	8.578	2533.555	0.6091	0.7039
3.602	 3	82.6	10.208	0.011	1490.437	1.6931	8.6223	2523.489	0.613	0.6988
3.612	 3	83.6	10.208	0.0129	1491.308	1.6857	8.6604	2513.859	0.6174	0.6977
3.622	 3	84.6	10.203	0.0137	1490.359	1.6733	8.1544	2493.791	0.6245	0.6944
3.632	 3	85.6	10.198	0.0139	1489.847	1.6824	8.1218	2506.499	0.6193	0.6933
3.642	 3	86.6	10.202	0.0139	1490.431	1.6777	8.7162	2500.544	0.622	0.6879
3.652	 3	87.6	10.2	0.013	1490.356	1.6698	8.7625	2488.609	0.6266	0.6906
3.662	 3	88.6	10.204	0.0131	1491.595	1.6734	8.7337	2496.069	0.6245	0.6927
3.672	 3	89.6	10.209	0.0131	1492.108	1.6696	8.7416	2491.153	0.6267	0.6948
3.682	 3	90.6	10.205	0.0123	1491.741	1.6739	8.147	2496.981	0.6242	0.6868
3.692	 3	91.6	10.204	0.0121	1492.031	1.7	8.597	2536.5	0.609	0.6877
3.702	 3	92.6	10.211	0.0098	1498.093	1.6741	8.132	2507.972	0.6241	0.6856
3.712	 3	93.6	10.21	0.0127	1496.19	1.654	8.2333	2474.654	0.6357	0.6865
3.722	 3	94.6	10.211	0.0124	1484.804	1.6662	8.1707	2473.96	0.6287	0.6879
3.732	 3	95.6	10.212	0.0104	1489.064	1.6685	8.1572	2484.435	0.6273	0.6867
3.742	 3	96.6	10.221	0.0114	1494.954	1.678	8.0903	2508.513	0.6218	0.685
3.752	 3	97.6	10.219	0.0125	1497.948	1.6658	8.1541	2495.269	0.6289	0.6863
3.762	 3	98.6	10.222	0.0152	1499.267	1.6653	8.1496	2496.733	0.6292	0.6843
3.772	 3	99.6	10.221	0.0127	1500.0	1.6664	8.1467	2499.566	0.6286	0.6847
3.782	 3	100.6	10.225	0.0146	1500.367	1.6633	7.5702	2495.557	0.6303	0.6844
3.792	 3	101.6	10.224	0.0178	1499.78	1.6763	7.5138	2514.031	0.6228	0.6854
3.802	 3	102.6	10.221	0.0104	1494.298	1.6703	7.5469	2495.978	0.6263	0.6873
3.812	 3	103.6	10.225	0.0102	1495.977	1.6651	6.9803	2490.978	0.6293	0.6865
3.822	 3	104.6	10.224	0.0098	1498.242	1.6698	7.5427	2501.831	0.6265	0.6893
3.832	 3	105.6	10.229	0.0109	1500.954	1.6648	6.9739	2498.743	0.6295	0.691
3.842	 3	106.6	10.225	0.0126	1500.807	1.6767	6.932	2516.428	0.6226	0.6922
3.852	 3	107.6	10.224	0.0143	1500.661	1.6517	7.6255	2478.649	0.6371	0.6942
3.862	 3	108.6	10.229	0.0101	1495.031	1.6733	6.9383	2501.64	0.6245	0.6964
3.872	 3	109.6	10.23	0.0109	1492.995	1.6768	7.4986	2503.48	0.6225	0.6988
3.882	 3	110.6	10.226	0.0099	1495.904	1.6713	6.9523	2500.177	0.6257	0.6977
3.892	 3	111.6	10.234	0.0122	1498.389	1.6652	6.9624	2495.075	0.6293	0.6981
3.902	 3	112.6	10.239	0.0113	1500.879	1.6622	7.5452	2494.814	0.631	0.6998
3.912	 3	113.6	10.239	0.01	1497.149	1.6695	6.9344	2499.537	0.6267	0.7021
3.922	 3	114.6	10.246	0.0111	1501.026	1.6566	6.9749	2486.55	0.6342	0.7025
3.932	 3	115.6	10.245	0.0085	1496.713	1.6759	6.8964	2508.336	0.623	0.7075
3.942	 3	116.6	10.245	0.0098	1503.964	1.6658	6.9381	2505.323	0.6289	0.7082
3.952	 3	117.6	10.25	0.0119	1498.319	1.6466	6.425	2467.161	0.64	0.7084
3.962	 3	118.6	10.252	0.0122	1497.298	1.6553	6.3878	2478.472	0.635	0.7087
3.972	 3	119.6	10.261	0.0119	1498.175	1.6596	6.3552	2486.339	0.6325	0.7047
3.982	 3	120.6	10.26	0.0144	1496.936	1.6468	6.4063	2465.164	0.6399	0.6985
3.992	 3	121.6	10.265	0.0136	1498.321	1.6499	6.3853	2472.075	0.6381	0.6969
4.002	 3	122.6	10.275	0.0177	1501.973	1.6661	5.7322	2502.463	0.6287	0.6941
4.012	 3	123.6	10.275	0.025	1498.906	1.6534	5.7763	2478.285	0.6361	0.6915
4.022	 3	124.6	10.286	0.017	1501.168	1.6598	5.7364	2491.607	0.6324	0.6931
4.032	 3	125.6	10.29	0.0262	1503.507	1.6513	5.7594	2482.72	0.6373	0.7024
4.042	 3	126.6	10.295	0.0254	1501.167	1.6632	5.1392	2496.717	0.6304	0.7073
4.052	 3	127.6	10.3	0.027	1500.364	1.6676	5.1185	2501.945	0.6279	0.7344
4.062	 3	128.6	10.313	0.024	1503.353	1.6416	5.1806	2467.934	0.6429	0.75
4.072	 3	129.6	10.317	0.0284	1508.774	1.6901	5.5847	2550.015	0.6148	0.7557
4.082	 3	130.6	10.332	0.0341	1518.295	1.6936	4.995	2571.405	0.6128	0.7554
4.092	 3	131.6	10.34	0.04	1519.694	1.6587	5.0888	2520.679	0.633	0.7609
4.102	 3	132.6	10.352	0.0509	1511.241	1.6519	5.0926	2496.436	0.6369	0.758
4.112	 3	133.6	10.361	0.0399	1503.337	1.6436	5.1057	2470.826	0.6418	0.7573
4.122	 3	134.6	10.372	0.023	1499.711	1.6545	5.0566	2481.221	0.6355	0.7609
4.132	 3	135.6	10.382	0.0164	1503.984	1.6343	5.1049	2457.919	0.6472	0.7549
4.142	 3	136.6	10.423	0.015	1508.612	1.6314	5.0562	2461.156	0.6488	0.7512
4.152	 3	137.6	10.459	0.013	1511.416	1.6222	5.0346	2451.881	0.6542	0.7431
4.162	 3	138.6	10.622	0.0036	1533.641	1.6096	4.8537	2468.59	0.6615	0.7389
4.172	 3	139.6	10.737	0.013	1528.616	1.6003	4.7338	2446.206	0.6669	0.7353
4.182	 3	140.6	10.69	0.0049	1512.023	1.6308	5.2264	2465.881	0.6492	0.741
4.192	 3	141.6	10.662	0.0029	1529.918	1.6175	4.7785	2474.574	0.6569	0.7564
4.202	 3	142.6	10.63	0.0062	1528.177	1.6322	5.3069	2494.296	0.6484	0.7821
4.212	 3	143.6	10.55	0.0062	1517.986	1.6289	5.4341	2472.704	0.6503	0.8329
4.222	 3	144.6	10.521	0.0042	1510.987	1.6325	5.4651	2466.731	0.6482	0.9556
4.232	 3	145.6	10.48	0.0017	1507.48	1.6401	6.0513	2472.446	0.6438	1.2713
4.242	 3	146.6	10.651	0.0002	1430.625	1.4537	7.1099	2079.714	0.7519	1.8142
4.252	 3	147.6	10.797	0.0	111.0151	0.62	17.3688	68.8324	1.2355	2.1177
4.262	 4	0.7	10.869	0.0	111.7554	1.5739	7.23	175.8931	0.6822	1.8015
4.272	 4	1.7	10.88	0.0025	1548.975	1.6321	7.9452	2528.118	0.6484	1.3385
4.282	 4	2.7	10.893	0.0032	1545.545	1.6247	7.9543	2511.056	0.6527	1.0491
4.292	 4	3.7	10.85	0.0068	1532.486	1.6095	8.6283	2466.499	0.6616	0.8972
4.302	 4	4.7	10.754	0.0001	1509.757	1.6381	8.6959	2473.076	0.645	0.8123
4.312	 4	5.7	10.412	0.0163	1517.121	1.6593	8.8644	2517.416	0.6326	0.7661
4.322	 4	6.7	10.347	0.0137	1517.156	1.6464	9.0966	2497.822	0.6401	0.7372
4.332	 4	7.7	10.28	0.0125	1503.583	1.6687	9.1447	2508.972	0.6272	0.7203
4.342	 4	8.7	10.278	0.0266	1506.375	1.6779	8.5308	2527.525	0.6219	0.7128
4.352	 4	9.7	10.272	0.0296	1509.478	1.6767	8.5512	2530.956	0.6226	0.7097
4.362	 4	10.7	10.255	0.0319	1516.787	1.6969	7.9239	2573.821	0.6109	0.7079
4.372	 4	11.7	10.25	0.037	1518.519	1.7034	7.9049	2586.605	0.6071	0.7087
4.382	 4	12.7	10.25	0.0439	1523.258	1.7009	6.7856	2590.842	0.6086	0.7083
4.392	 4	13.7	10.255	0.0665	1514.547	1.6675	6.9115	2525.562	0.6279	0.7085
4.402	 4	14.7	10.253	0.0519	1506.022	1.6737	6.89	2520.583	0.6243	0.707
4.412	 4	15.7	10.239	0.0473	1508.175	1.6735	6.3414	2523.938	0.6244	0.7051
4.422	 4	16.7	10.245	0.0423	1505.732	1.6649	5.7849	2506.895	0.6294	0.7042
4.432	 4	17.7	10.249	0.0367	1505.656	1.6673	5.7702	2510.37	0.628	0.7038
4.442	 4	18.7	10.256	0.0324	1508.235	1.6637	5.7712	2509.286	0.6301	0.7041
4.452	 4	19.7	10.263	0.0285	1509.043	1.676	5.1458	2529.195	0.623	0.7046
4.462	 4	20.7	10.268	0.0297	1510.222	1.6494	5.8016	2490.981	0.6384	0.7063
4.472	 4	21.7	10.278	0.0275	1511.471	1.6928	5.0734	2558.587	0.6132	0.7111
4.482	 4	22.7	10.273	0.0296	1512.96	1.698	5.6278	2568.991	0.6102	0.7145
4.492	 4	23.7	10.269	0.0419	1508.594	1.6868	5.1044	2544.672	0.6167	0.7151
4.502	 4	24.7	10.279	0.0378	1509.62	1.6833	4.5339	2541.116	0.6187	0.7129
4.512	 4	25.7	10.283	0.0261	1503.363	1.6916	4.5064	2543.155	0.6139	0.7079
4.522	 4	26.7	10.278	0.0271	1502.851	1.6822	4.5381	2528.109	0.6194	0.7092
4.532	 4	27.7	10.281	0.025	1501.972	1.7008	4.4848	2554.485	0.6086	0.7125
4.542	 4	28.7	10.284	0.0299	1503.729	1.6853	4.5223	2534.165	0.6176	0.7192
4.552	 4	29.7	10.281	0.0202	1503.29	1.7317	4.4046	2603.313	0.5906	0.7257
4.562	 4	30.7	10.283	0.0209	1509.099	1.7004	4.4832	2566.107	0.6088	0.7315
4.572	 4	31.7	10.279	0.0227	1508.955	1.7163	4.4467	2589.835	0.5996	0.7367
4.582	 4	32.7	10.284	0.0172	1512.13	1.7056	4.4683	2579.125	0.6058	0.7429
4.592	 4	33.7	10.283	0.0209	1515.549	1.7327	4.3996	2625.999	0.5901	0.7524
4.602	 4	34.7	10.284	0.0169	1511.686	1.7056	4.4683	2578.366	0.6058	0.7601
4.612	 4	35.7	10.285	0.0173	1510.501	1.6991	4.484	2566.566	0.6095	0.7667
4.622	 4	36.7	10.28	0.0176	1508.437	1.7019	4.4831	2567.156	0.608	0.774
4.632	 4	37.7	10.275	0.0184	1510.363	1.7087	4.4715	2580.76	0.604	0.7853
4.642	 4	38.7	10.282	0.0167	1513.172	1.7037	4.4757	2578.054	0.6069	0.7989
4.652	 4	39.7	10.286	0.0274	1516.438	1.7043	4.4691	2584.531	0.6065	0.8086
4.662	 4	40.7	10.281	0.0307	1510.801	1.6929	4.5056	2557.651	0.6132	0.8175
4.672	 4	41.7	10.281	0.0242	1511.245	1.7292	4.4112	2613.175	0.5921	0.8219
4.682	 4	42.7	10.287	0.022	1516.362	1.7198	4.4278	2607.802	0.5976	0.8246
4.692	 4	43.7	10.292	0.0104	1512.862	1.7002	4.4725	2572.161	0.6089	0.8321
4.702	 4	44.7	10.293	0.0128	1512.564	1.7304	4.3933	2617.3	0.5914	0.8448
4.712	 4	45.7	10.293	0.0125	1513.232	1.7249	4.4072	2610.142	0.5946	0.8487
4.722	 4	46.7	10.297	0.0067	1512.485	1.7146	4.4287	2593.287	0.6006	0.8514
4.732	 4	47.7	10.296	0.014	1518.136	1.7299	4.3908	2626.177	0.5917	0.8531
4.742	 4	48.7	10.295	0.0174	1518.885	1.7082	4.4477	2594.611	0.6043	0.8532
4.752	 4	49.7	10.293	0.0157	1517.47	1.7451	4.3563	2648.065	0.5829	0.8532
4.762	 4	50.7	10.3	0.0167	1518.502	1.7186	4.4148	2609.646	0.5983	0.8463
4.772	 4	51.7	10.303	0.0171	1514.256	1.7248	4.3951	2611.814	0.5947	0.8428
4.782	 4	52.7	10.286	0.014	1512.202	1.7232	4.4203	2605.758	0.5956	0.8353
4.792	 4	53.7	10.284	0.0124	1515.473	1.7257	4.4162	2615.318	0.5941	0.8331
4.802	 4	54.7	10.285	0.0111	1517.409	1.7285	4.4079	2622.814	0.5925	0.8339
4.812	 4	55.7	10.287	0.0148	1516.585	1.7045	4.4675	2585.01	0.6064	0.8337
4.822	 4	56.7	10.292	0.0132	1513.307	1.7193	3.87	2601.768	0.5979	0.8326
4.832	 4	57.7	10.3	0.0152	1515.374	1.725	4.3983	2614.015	0.5945	0.8346
4.842	 4	58.7	10.3	0.0189	1518.726	1.7354	3.8255	2635.546	0.5885	0.837
4.852	 4	59.7	10.3	0.0141	1520.071	1.739	4.363	2643.333	0.5865	0.8359
4.862	 4	60.7	10.3	0.0123	1520.52	1.7256	3.8471	2623.872	0.5942	0.8391
4.872	 4	61.7	10.3	0.0124	1520.295	1.7282	4.3901	2627.414	0.5927	0.8484
4.882	 4	62.7	10.305	0.0119	1515.887	1.6968	3.907	2572.146	0.6109	0.8525
4.892	 4	63.7	10.301	0.0137	1512.628	1.706	3.8904	2580.501	0.6056	0.8594
4.902	 4	64.7	10.296	0.0112	1511.672	1.7199	4.4164	2599.888	0.5975	0.8645
4.912	 4	65.7	10.294	0.0086	1518.961	1.7442	3.8125	2649.412	0.5834	0.8666
4.922	 4	66.7	10.289	0.0101	1521.366	1.7487	3.8081	2660.402	0.5808	0.8638
4.932	 4	67.7	10.284	0.0102	1523.781	1.7502	3.8101	2666.925	0.5799	0.867
4.942	 4	68.7	10.287	0.0095	1526.941	1.761	3.7837	2688.886	0.5737	0.8695
4.952	 4	69.7	10.279	0.0167	1528.931	1.7497	3.8165	2675.222	0.5802	0.8671
4.962	 4	70.7	10.274	0.0271	1533.433	1.7447	3.833	2675.328	0.5831	0.8636
4.972	 4	71.7	10.268	0.0252	1531.166	1.7506	3.8264	2680.489	0.5797	0.8634
4.982	 4	72.7	10.264	0.0192	1530.113	1.7743	3.7795	2714.883	0.566	0.86
4.992	 4	73.7	10.259	0.0168	1526.637	1.7505	3.8363	2672.388	0.5798	0.8542
5.002	 4	74.7	10.259	0.0203	1527.546	1.7664	3.8017	2698.315	0.5705	0.8535
5.012	 4	75.7	10.249	0.0226	1526.739	1.7565	3.834	2681.733	0.5763	0.8453
5.022	 4	76.7	10.246	0.0281	1529.71	1.7623	3.8245	2695.864	0.5729	0.8393
5.032	 4	77.7	10.247	0.0232	1529.631	1.7783	4.3305	2720.08	0.5637	0.8352
5.042	 4	78.7	10.245	0.0233	1530.018	1.7715	3.8057	2710.478	0.5676	0.8251
5.052	 4	79.7	10.24	0.0268	1529.271	1.7607	3.8345	2692.6	0.5738	0.8178
5.062	 4	80.7	10.24	0.0205	1529.271	1.7508	3.8562	2677.43	0.5796	0.8114
5.072	 4	81.7	10.234	0.0214	1526.324	1.7748	3.8105	2708.892	0.5657	0.8042
5.082	 4	82.7	10.226	0.0239	1523.767	1.7535	3.8655	2671.948	0.578	0.7989
5.092	 4	83.7	10.228	0.0223	1522.25	1.7731	3.8205	2699.153	0.5666	0.7947
5.102	 4	84.7	10.221	0.0174	1525.978	1.7774	3.819	2712.237	0.5642	0.7914
5.112	 4	85.7	10.226	0.0249	1529.464	1.7552	3.8618	2684.461	0.5771	0.788
5.122	 4	86.7	10.227	0.0194	1525.735	1.7811	3.8046	2717.424	0.562	0.7891
5.132	 4	87.7	10.222	0.0132	1521.81	1.7786	3.8154	2706.618	0.5635	0.7937
5.142	 4	88.7	10.223	0.0145	1524.91	1.775	3.8219	2706.73	0.5655	0.7979
5.152	 4	89.7	10.238	0.0137	1523.285	1.7587	3.841	2679.046	0.575	0.7983
5.162	 4	90.7	10.238	0.0162	1521.7	1.742	3.324	2650.728	0.5847	0.7972
5.172	 4	91.7	10.238	0.0205	1523.059	1.7667	3.8236	2690.811	0.5704	0.7955
5.182	 4	92.7	10.25	0.0148	1527.571	1.7757	3.7914	2712.528	0.5651	0.7975
5.192	 4	93.7	10.247	0.012	1525.078	1.7994	3.7447	2744.238	0.5514	0.7977
5.202	 4	94.7	10.255	0.0125	1526.723	1.7823	3.7721	2721.056	0.5613	0.7957
5.212	 4	95.7	10.28	0.012	1528.625	1.7885	3.7327	2733.935	0.5577	0.7975
5.222	 4	96.7	10.283	0.0137	1530.892	1.7784	3.2149	2722.611	0.5635	0.7949
5.232	 4	97.7	10.286	0.0169	1530.655	1.7552	3.7973	2686.531	0.5771	0.793
5.242	 4	98.7	10.296	0.0138	1530.776	1.7691	3.2201	2708.131	0.569	0.7918
5.252	 4	99.7	10.297	0.0141	1530.697	1.776	3.7411	2718.564	0.5649	0.794
5.262	 4	100.7	10.301	0.0147	1533.115	1.778	3.7327	2725.952	0.5638	0.8006
5.272	 4	101.7	10.3	0.0128	1532.054	1.7769	3.2024	2722.254	0.5645	0.7981
5.282	 4	102.7	10.303	0.0106	1533.869	1.7696	3.2129	2714.337	0.5687	0.7944
5.292	 4	103.7	10.306	0.0149	1534.544	1.7604	3.7649	2701.383	0.574	0.7909
5.302	 4	104.7	10.303	0.0176	1533.869	1.7686	3.7505	2712.79	0.5693	0.7822
5.312	 4	105.7	10.297	0.0183	1536.636	1.7566	3.2421	2699.243	0.5762	0.7791
5.322	 4	106.7	10.288	0.0278	1535.064	1.7561	3.793	2695.782	0.5765	0.7787
5.332	 4	107.7	10.281	0.0296	1534.249	1.7791	3.2154	2729.631	0.5631	0.7696
5.342	 4	108.7	10.281	0.0303	1531.05	1.7607	3.2492	2695.655	0.5739	0.769
5.352	 4	109.7	10.275	0.0214	1526.066	1.755	3.8092	2678.309	0.5771	0.7685
5.362	 4	110.7	10.275	0.0174	1519.97	1.7429	3.2879	2649.092	0.5842	0.7685
5.372	 4	111.7	10.276	0.0279	1519.669	1.7358	3.3003	2637.894	0.5883	0.7685
5.382	 4	112.7	10.282	0.0258	1526.652	1.7558	3.2572	2680.548	0.5767	0.7691
5.392	 4	113.7	10.287	0.019	1529.211	1.7363	2.7411	2655.101	0.588	0.7673
5.402	 4	114.7	10.286	0.0138	1530.655	1.7384	3.8339	2660.861	0.5868	0.7664
5.412	 4	115.7	10.283	0.0089	1529.753	1.7583	3.7936	2689.794	0.5752	0.7658
5.422	 4	116.7	10.29	0.0082	1521.739	1.7492	3.2622	2661.798	0.5805	0.7688
5.432	 4	117.7	10.291	0.0094	1530.26	1.733	3.8405	2651.91	0.5899	0.7709
5.442	 4	118.7	10.286	0.0065	1526.566	1.7675	3.7708	2698.182	0.5699	0.772
5.452	 4	119.7	10.285	0.0063	1529.141	1.7727	3.7607	2710.705	0.5669	0.7725
5.462	 4	120.7	10.286	0.005	1525.208	1.7692	3.229	2698.34	0.5689	0.7755
5.472	 4	121.7	10.286	0.0084	1531.339	1.7762	3.7522	2720.021	0.5648	0.7805
5.482	 4	122.7	10.286	0.007	1530.199	1.7793	3.7458	2722.659	0.5631	0.7797
5.492	 4	123.7	10.291	0.0062	1530.033	1.7441	3.816	2668.497	0.5835	0.7818
5.502	 4	124.7	10.291	0.0074	1530.033	1.7372	3.8311	2657.988	0.5875	0.7807
5.512	 4	125.7	10.297	0.0081	1530.697	1.7576	3.7803	2690.337	0.5756	0.7812
5.522	 4	126.7	10.306	0.0082	1532.947	1.7637	3.7577	2703.689	0.5721	0.7809
5.532	 4	127.7	10.307	0.0071	1533.323	1.7589	3.767	2696.927	0.5749	0.7779
5.542	 4	128.7	10.315	0.0067	1533.373	1.7472	3.7836	2679.181	0.5816	0.7766
5.552	 4	129.7	10.318	0.0085	1534.275	1.76	3.7531	2700.324	0.5742	0.778
5.562	 4	130.7	10.3	0.0075	1539.381	1.7803	3.7291	2740.493	0.5625	0.7859
5.572	 4	131.7	10.305	0.0109	1541.05	1.7622	3.762	2715.669	0.573	0.794
5.582	 4	132.7	10.315	0.0206	1539.552	1.7555	3.2278	2702.712	0.5768	0.837
5.592	 4	133.7	10.32	0.0078	1534.116	1.7451	3.783	2677.161	0.5829	0.8445
5.602	 4	134.7	10.323	0.0104	1539.597	1.7756	3.7149	2733.728	0.5652	0.8494
5.612	 4	135.7	10.306	0.0097	1533.631	1.7584	3.7691	2696.709	0.5752	0.8477
5.622	 4	136.7	10.318	0.0097	1538.622	1.76	3.2169	2707.975	0.5742	0.845
5.632	 4	137.7	10.318	0.0102	1546.927	1.7738	3.7239	2743.885	0.5663	0.8481
5.642	 4	138.7	10.325	0.0155	1545.659	1.7542	3.7582	2711.317	0.5776	0.8424
5.652	 4	139.7	10.328	0.0077	1541.262	1.7553	3.7526	2705.379	0.577	0.8504
5.662	 4	140.7	10.343	0.0055	1538.221	1.7661	3.7141	2716.672	0.5707	0.8558
5.672	 4	141.7	10.372	0.0057	1541.617	1.7492	3.1885	2696.564	0.5805	0.8576
5.682	 4	142.7	10.397	0.0051	1542.353	1.7198	3.7573	2652.571	0.5976	0.8613
5.692	 4	143.7	10.585	0.0033	1555.931	1.732	3.5437	2694.861	0.5905	0.8669
5.702	 4	144.7	10.605	0.0021	1555.441	1.7159	3.5575	2669.054	0.5998	0.8817
5.712	 4	145.7	10.569	0.0002	1424.394	1.7396	3.0373	2477.859	0.5861	0.9033
5.722	 4	146.7	10.591	0.0	108.897	1.7615	3.4787	191.8215	0.5734	0.9516
5.732	 4	147.7	10.591	0.0	108.897	1.7353	3.0267	188.9703	0.5886	1.0323
5.742	 4	148.7	10.573	0.0	108.712	1.7476	3.0201	189.9856	0.5814	1.1887
5.752	 4	149.7	10.571	0.0	108.6914	1.7114	3.6	186.0129	0.6024	1.442
5.762	 4	150.7	10.565	0.0001	977.8785	1.7412	3.0377	1702.726	0.5851	1.7933
5.772	 4	151.7	10.841	0.0	111.4676	1.6189	3.0348	180.4538	0.6561	2.1476
5.782	 5	0.1	10.863	0.0	111.6938	0.7551	6.4685	84.3439	1.1571	2.2459
5.792	 5	1.1	10.896	0.0	112.0331	1.6358	2.4669	183.2678	0.6463	2.0498
5.802	 5	2.1	10.907	0.0	112.1462	1.7098	2.3534	191.7475	0.6034	1.6612
5.812	 5	3.1	10.874	0.0	111.8069	1.715	2.84	191.7475	0.6004	1.3395
5.822	 5	4.1	10.818	0.0	111.2311	1.7139	2.8839	190.6431	0.601	1.1316
5.832	 5	5.1	10.484	0.0	107.7969	1.776	3.0448	191.452	0.5649	1.0145
5.842	 5	6.1	10.336	0.0001	1020.638	1.8176	3.0994	1855.075	0.5409	0.9428
5.852	 5	7.1	10.314	0.0001	1117.08	1.8043	3.1415	2015.519	0.5486	0.9089
5.862	 5	8.1	10.287	0.0001	1102.691	1.8358	3.1109	2024.346	0.5303	0.8869
5.872	 5	9.1	10.278	0.0003	1285.875	1.8424	3.1075	2369.16	0.5264	0.8722
5.882	 5	10.1	10.25	0.0003	1301.918	1.886	3.0598	2455.385	0.5012	0.8668
5.892	 5	11.1	10.256	0.0002	1057.756	1.8328	3.6671	1938.663	0.532	0.859
5.902	 5	12.1	10.255	0.0002	1064.017	1.7628	3.269	1875.636	0.5726	0.8614
5.912	 5	13.1	10.245	0.0003	1068.412	1.747	3.8592	1866.49	0.5818	0.857
5.922	 5	14.1	10.25	0.001	1232.86	1.7774	3.7878	2191.286	0.5642	0.8493
5.932	 5	15.1	10.25	0.0018	1228.575	1.7613	3.8224	2163.908	0.5735	0.8368
5.942	 5	16.1	10.255	0.0021	1408.654	1.7799	3.7772	2507.281	0.5627	0.8296
5.952	 5	17.1	10.264	0.0016	1225.845	1.7676	3.2519	2166.784	0.5698	0.8272
5.962	 5	18.1	10.27	0.0016	1461.298	1.7576	3.265	2568.31	0.5757	0.826
5.972	 5	19.1	10.275	0.0023	1339.286	1.7758	3.2269	2378.268	0.5651	0.8275
5.982	 5	20.1	10.28	0.0029	1223.664	1.7665	3.2393	2161.609	0.5705	0.8305
5.992	 5	21.1	10.275	0.0012	1503.292	1.7825	3.2147	2679.688	0.5612	0.8331
6.002	 5	22.1	10.28	0.0038	1434.352	1.8123	3.6836	2599.528	0.5439	0.84
6.012	 5	23.1	10.288	0.0084	1555.959	1.8215	3.1346	2834.104	0.5386	0.8401
6.022	 5	24.1	10.285	0.0127	1554.565	1.8333	3.1169	2850.025	0.5317	0.8394
6.032	 5	25.1	10.284	0.0137	1555.354	1.8356	3.1138	2855.078	0.5304	0.83
6.042	 5	26.1	10.288	0.0142	1554.313	1.8314	3.1176	2846.52	0.5328	0.8231
6.052	 5	27.1	10.289	0.0121	1561.305	1.8759	3.0428	2928.785	0.507	0.8236
6.062	 5	28.1	10.289	0.0069	1569.881	1.8897	3.0206	2966.543	0.499	0.8251
6.072	 5	29.1	10.293	0.0068	1568.816	1.8744	3.0418	2940.568	0.5079	0.8219
6.082	 5	30.1	10.289	0.0036	1565.105	1.7124	3.3332	2680.103	0.6018	0.8215
6.092	 5	31.1	10.289	0.0039	1543.273	1.758	3.788	2713.009	0.5754	0.8197
6.102	 5	32.1	10.293	0.0129	1542.947	1.7897	3.1858	2761.34	0.557	0.8231
6.112	 5	33.1	10.29	0.0089	1542.96	1.7688	3.226	2729.204	0.5691	0.8257
6.122	 5	34.1	10.29	0.0131	1538.577	1.7752	3.2144	2731.296	0.5654	0.8249
6.132	 5	35.1	10.285	0.0118	1537.829	1.7771	3.7514	2732.855	0.5643	0.8277
6.142	 5	36.1	10.285	0.0116	1538.749	1.7788	3.7479	2737.095	0.5634	0.8399
6.152	 5	37.1	10.288	0.0125	1541.042	1.7892	3.723	2757.161	0.5573	0.8443
6.162	 5	38.1	10.287	0.0124	1546.22	1.8014	3.1704	2785.315	0.5502	0.8588
6.172	 5	39.1	10.287	0.0102	1549.014	1.8073	3.6867	2799.484	0.5468	0.8684
6.182	 5	40.1	10.291	0.0157	1558.298	1.823	3.1292	2840.835	0.5377	0.8773
6.192	 5	41.1	10.291	0.0177	1559.242	1.8273	3.6423	2849.177	0.5352	0.8866
6.202	 5	42.1	10.292	0.0216	1557.035	1.825	3.125	2841.559	0.5366	0.8939
6.212	 5	43.1	10.306	0.0086	1556.562	1.812	3.6577	2820.42	0.5441	0.9034
6.222	 5	44.1	10.3	0.0078	1548.407	1.8116	3.141	2805.109	0.5443	0.907
6.232	 5	45.1	10.296	0.0071	1540.856	1.8081	3.1506	2786.06	0.5463	0.9024
6.242	 5	46.1	10.297	0.007	1542.622	1.8216	3.1264	2810.074	0.5385	0.8987
6.252	 5	47.1	10.297	0.0045	1557.791	1.8796	3.03	2928.022	0.5049	0.8949
6.262	 5	48.1	10.291	0.0037	1573.547	1.8923	3.0147	2977.625	0.4975	0.897
6.272	 5	49.1	10.301	0.0022	1578.939	1.8718	3.0391	2955.493	0.5094	0.9003
6.282	 5	50.1	10.301	0.0038	1567.884	1.8312	3.1066	2871.096	0.533	0.9007
6.292	 5	51.1	10.307	0.0059	1552.493	1.834	3.0965	2847.344	0.5313	0.8997
6.302	 5	52.1	10.308	0.0043	1550.775	1.8106	3.1358	2807.761	0.5449	0.8976
6.312	 5	53.1	10.31	0.0066	1547.583	1.7894	3.1711	2769.308	0.5572	0.8978
6.322	 5	54.1	10.301	0.0064	1540.912	1.8488	3.077	2848.808	0.5227	0.8899
6.332	 5	55.1	10.3	0.005	1550.738	1.8332	3.6215	2842.736	0.5318	0.8942
6.342	 5	56.1	10.305	0.0068	1555.941	1.8223	3.6379	2835.431	0.5381	0.8982
6.352	 5	57.1	10.297	0.0104	1550.286	1.8244	3.1215	2828.417	0.5369	0.9009
6.362	 5	58.1	10.309	0.0076	1549.76	1.8401	3.5987	2851.77	0.5278	0.9009
6.372	 5	59.1	10.314	0.0075	1554.718	1.8396	3.5947	2860.066	0.5281	0.8997
6.382	 5	60.1	10.308	0.0061	1552.643	1.8271	3.6253	2836.842	0.5353	0.9014
6.392	 5	61.1	10.308	0.0049	1542.652	1.8088	3.662	2790.361	0.5459	0.905
6.402	 5	62.1	10.305	0.0043	1541.28	1.8163	3.6499	2799.484	0.5416	0.9083
6.412	 5	63.1	10.309	0.0044	1543.957	1.8045	3.6698	2785.999	0.5485	0.9169
6.422	 5	64.1	10.302	0.0044	1547.544	1.8183	3.6491	2813.856	0.5404	0.9216
6.432	 5	65.1	10.3	0.0042	1544.691	1.8179	3.6518	2808.127	0.5406	0.9274
6.442	 5	66.1	10.299	0.0034	1541.997	1.8024	3.6843	2779.275	0.5497	0.9313
6.452	 5	67.1	10.29	0.0047	1536.968	1.813	3.6719	2786.555	0.5435	0.9291
6.462	 5	68.1	10.293	0.0072	1540.177	1.8259	3.643	2812.155	0.536	0.934
6.472	 5	69.1	10.285	0.0063	1545.919	1.8459	3.6116	2853.569	0.5244	0.9418
6.482	 5	70.1	10.283	0.0051	1545.386	1.8348	3.6356	2835.402	0.5309	0.9426
6.492	 5	71.1	10.281	0.0068	1542.767	1.828	3.6511	2820.173	0.5348	0.9424
6.502	 5	72.1	10.27	0.0072	1542.042	1.8106	3.6975	2792.035	0.5449	0.9386
6.512	 5	73.1	10.27	0.0069	1541.348	1.8159	3.6868	2798.858	0.5418	0.9354
6.522	 5	74.1	10.264	0.0075	1542.067	1.8349	3.1325	2829.597	0.5308	0.9249
6.532	 5	75.1	10.26	0.008	1545.181	1.841	3.6467	2844.699	0.5273	0.9152
6.542	 5	76.1	10.251	0.0041	1547.087	1.8459	3.6463	2855.71	0.5244	0.9025
6.552	 5	77.1	10.251	0.0064	1550.129	1.8505	3.6371	2868.588	0.5217	0.8969
6.562	 5	78.1	10.246	0.007	1548.904	1.8446	3.6539	2857.118	0.5252	0.8936
6.572	 5	79.1	10.243	0.0054	1542.853	1.8437	3.1361	2844.574	0.5257	0.8934
6.582	 5	80.1	10.242	0.0056	1542.238	1.836	3.6751	2831.587	0.5301	0.889
6.592	 5	81.1	10.247	0.0046	1549.758	1.8574	3.6277	2878.569	0.5177	0.8835
6.602	 5	82.1	10.243	0.0052	1547.281	1.8369	3.6723	2842.224	0.5296	0.884
6.612	 5	83.1	10.243	0.0065	1540.996	1.8448	3.1343	2842.81	0.5251	0.8773
6.622	 5	84.1	10.244	0.0049	1541.146	1.8135	3.7188	2794.805	0.5432	0.8743
6.632	 5	85.1	10.244	0.0057	1536.984	1.7951	3.7568	2759.073	0.5539	0.8744
6.642	 5	86.1	10.244	0.0061	1530.783	1.817	3.7116	2781.361	0.5412	0.8692
6.652	 5	87.1	10.244	0.0057	1533.533	1.8243	3.6966	2797.669	0.5369	0.8634
6.662	 5	88.1	10.25	0.0049	1540.658	1.8314	3.6762	2821.552	0.5328	0.8622
6.672	 5	89.1	10.261	0.0051	1535.618	1.8143	3.6993	2786.06	0.5428	0.8657
6.682	 5	90.1	10.266	0.0044	1534.988	1.7845	3.7559	2739.109	0.5601	0.8702
6.692	 5	91.1	10.27	0.0044	1533.981	1.8005	3.7182	2762.003	0.5507	0.8768
6.702	 5	92.1	10.28	0.0053	1529.762	1.7923	3.7249	2741.73	0.5555	0.8817
6.712	 5	93.1	10.291	0.0055	1535.283	1.7873	3.7238	2743.956	0.5584	0.8911
6.722	 5	94.1	10.291	0.0059	1538.266	1.769	4.2998	2721.154	0.569	0.8947
6.732	 5	95.1	10.291	0.0068	1539.647	1.7815	3.7359	2742.84	0.5618	0.8923
6.742	 5	96.1	10.295	0.0063	1539.785	1.7927	3.7083	2760.425	0.5553	0.893
6.752	 5	97.1	10.296	0.0065	1538.783	1.7902	3.7126	2754.667	0.5568	0.8896
6.762	 5	98.1	10.297	0.0102	1544.936	1.7872	3.7176	2761.184	0.5584	0.8877
6.772	 5	99.1	10.303	0.0102	1547.462	1.8048	3.6753	2792.874	0.5483	0.8893
6.782	 5	100.1	10.301	0.0065	1548.79	1.8546	4.0898	2872.363	0.5194	0.8827
6.792	 5	101.1	10.3	0.0036	1552.842	1.8464	3.5954	2867.212	0.5241	0.8846
6.802	 5	102.1	10.301	0.0049	1558.161	1.8298	3.6272	2851.072	0.5338	0.885
6.812	 5	103.1	10.3	0.0045	1550.971	1.7939	3.7007	2782.327	0.5546	0.8863
6.822	 5	104.1	10.298	0.0046	1540.925	1.7857	4.2512	2751.642	0.5593	0.8895
6.832	 5	105.1	10.3	0.0057	1538.921	1.786	3.717	2748.582	0.5591	0.889
6.842	 5	106.1	10.3	0.0051	1540.763	1.8039	4.2058	2779.453	0.5488	0.8877
6.852	 5	107.1	10.295	0.0053	1541.86	1.7869	3.7204	2755.168	0.5586	0.8864
6.862	 5	108.1	10.296	0.0057	1546.178	1.7991	4.2219	2781.736	0.5516	0.8873
6.872	 5	109.1	10.292	0.0068	1544.418	1.8015	4.2209	2782.32	0.5502	0.8879
6.882	 5	110.1	10.29	0.0055	1544.581	1.7861	4.2598	2758.734	0.5591	0.8831
6.892	 5	111.1	10.291	0.0052	1544.731	1.7606	3.7802	2719.672	0.5739	0.8853
6.902	 5	112.1	10.288	0.004	1539.889	1.7888	3.7237	2754.571	0.5575	0.8888
6.912	 5	113.1	10.28	0.004	1539.152	1.794	4.253	2761.202	0.5545	0.8886
6.922	 5	114.1	10.285	0.0031	1536.91	1.7835	4.2719	2741.129	0.5606	0.8894
6.932	 5	115.1	10.286	0.0026	1537.289	1.794	4.2458	2757.834	0.5545	0.8918
6.942	 5	116.1	10.286	0.0017	1537.519	1.8186	3.6647	2796.188	0.5402	0.8899
6.952	 5	117.1	10.285	0.0023	1545.222	1.8122	3.6788	2800.18	0.544	0.8939
6.962	 5	118.1	10.283	0.0022	1541.679	1.8199	3.6653	2805.657	0.5395	0.8958
6.972	 5	119.1	10.28	0.0021	1545.168	1.8381	3.1131	2840.246	0.5289	0.899
6.982	 5	120.1	10.282	0.0022	1555.993	1.8471	3.6122	2874.124	0.5237	0.8963
6.992	 5	121.1	10.285	0.0022	1567.835	1.8681	3.5687	2928.857	0.5115	0.9025
7.002	 5	122.1	10.285	0.0023	1567.596	1.8199	3.6633	2852.82	0.5395	0.9075
7.012	 5	123.1	10.286	0.0052	1553.542	1.7871	3.7294	2776.348	0.5585	0.9066
7.022	 5	124.1	10.29	0.0025	1550.399	1.8211	4.1779	2823.428	0.5388	0.9041
7.032	 5	125.1	10.295	0.0028	1558.668	1.8398	3.6135	2867.583	0.528	0.9009
7.042	 5	126.1	10.3	0.004	1558.009	1.7998	4.2155	2804.087	0.5512	0.8977
7.052	 5	127.1	10.304	0.0063	1548.309	1.7963	4.2189	2781.271	0.5532	0.8934
7.062	 5	128.1	10.297	0.0025	1542.622	1.8045	3.6821	2783.617	0.5485	0.8917
7.072	 5	129.1	10.302	0.0044	1550.805	1.7803	4.2594	2760.821	0.5625	0.8884
7.082	 5	130.1	10.306	0.0064	1550.241	1.7987	4.2109	2788.48	0.5518	0.8892
7.092	 5	131.1	10.295	0.0071	1545.796	1.792	4.2397	2770.14	0.5557	0.8931
7.102	 5	132.1	10.305	0.0065	1546.137	1.7699	4.2807	2736.554	0.5685	0.9064
7.112	 5	133.1	10.312	0.0073	1543.713	1.7795	4.7804	2747.101	0.5629	0.9596
7.122	 5	134.1	10.292	0.0034	1540.257	1.7813	4.2688	2743.66	0.5619	0.9706
7.132	 5	135.1	10.302	0.0099	1550.805	1.8204	4.1655	2823.063	0.5392	0.9777
7.142	 5	136.1	10.301	0.0068	1570.035	1.79	4.7672	2810.324	0.5569	0.9887
7.152	 5	137.1	10.307	0.0093	1566.89	1.7993	4.2085	2819.238	0.5515	0.993
7.162	 5	138.1	10.313	0.0072	1562.576	1.8174	4.1596	2839.806	0.541	0.9932
7.172	 5	139.1	10.319	0.0096	1565.382	1.7951	4.2042	2810.009	0.5539	0.995
7.182	 5	140.1	10.323	0.0052	1562.197	1.7699	3.7269	2764.888	0.5685	0.9993
7.192	 5	141.1	10.353	0.0014	1551.011	1.8048	4.1422	2799.224	0.5483	1.0065
7.202	 5	142.1	10.377	0.0008	1561.155	1.7775	4.1777	2775.026	0.5641	1.0107
7.212	 5	143.1	10.409	0.0006	1575.45	1.763	4.1751	2777.454	0.5725	1.0136
7.222	 5	144.1	10.696	0.0002	1491.979	1.7415	3.9091	2598.301	0.585	1.0257
7.232	 5	145.1	10.672	0.0002	1476.889	1.7675	3.8764	2610.448	0.5699	1.0384
7.242	 5	146.1	10.66	0.0	109.6065	1.8091	3.7995	198.2937	0.5457	1.0653
7.252	 5	147.1	10.626	0.0	109.2569	1.8507	3.7484	202.1974	0.5217	1.1352
7.262	 5	148.1	10.603	0.0	109.0204	1.7745	3.4419	193.4619	0.5658	1.2573
7.272	 5	149.1	10.569	0.0	108.6708	1.7479	4.0304	189.9492	0.5812	1.4694
7.282	 5	150.1	10.58	0.0	108.7839	1.7702	3.968	192.5642	0.5684	1.8105
7.292	 5	151.1	10.635	0.0	109.3495	1.7424	3.4752	190.5333	0.5844	2.2749
7.302	 5	152.1	10.881	0.0	111.8788	0.8065	7.0324	90.2325	1.1273	2.6872
7.312	 6	0.3	10.845	0.0	111.5087	1.46	3.9218	162.8014	0.7483	2.5942
7.322	 6	1.3	10.862	0.0	111.6835	1.7172	3.7936	191.7845	0.5991	1.9973
7.332	 6	2.3	10.868	0.0	111.7452	1.7384	3.7416	194.2532	0.5868	1.4625
7.342	 6	3.3	10.856	0.0	111.6218	1.7342	3.7624	193.5746	0.5892	1.2058
7.352	 6	4.3	10.802	0.0	111.0666	1.7402	3.8033	193.2743	0.5858	1.0902
7.362	 6	5.3	10.342	0.0001	1418.461	1.8067	4.6693	2562.724	0.5472	1.045
7.372	 6	6.3	10.286	0.0004	1453.03	1.7892	4.2572	2599.702	0.5573	1.0232
7.382	 6	7.3	10.252	0.0003	1465.618	1.7831	5.3907	2613.412	0.5608	1.0167
7.392	 6	8.3	10.239	0.0004	1480.48	1.796	4.8346	2658.939	0.5534	1.0109
7.402	 6	9.3	10.227	0.0014	1491.904	1.8144	4.8018	2706.877	0.5427	1.004
7.412	 6	10.3	10.222	0.0008	1458.827	1.8279	4.773	2666.594	0.5349	0.9899
7.422	 6	11.3	10.226	0.0003	1366.382	1.8533	4.7024	2532.265	0.5201	0.97
7.432	 6	12.3	10.223	0.0003	1491.973	1.8256	4.2468	2723.758	0.5362	0.9659
7.442	 6	13.3	10.217	0.0004	1518.353	1.8437	4.2122	2799.443	0.5257	0.96
7.452	 6	14.3	10.219	0.0006	1516.172	1.8459	4.2049	2798.679	0.5244	0.9671
7.462	 6	15.3	10.221	0.0003	1325.853	1.8502	3.6686	2453.091	0.5219	0.9677
7.472	 6	16.3	10.232	0.0003	1467.374	1.8138	3.7306	2661.582	0.543	0.9822
7.482	 6	17.3	10.238	0.0005	1479.48	1.7627	4.3798	2607.901	0.5727	0.9802
7.492	 6	18.3	10.242	0.0005	1498.025	1.7727	4.3501	2655.586	0.5669	0.9833
7.502	 6	19.3	10.236	0.002	1474.716	1.7564	4.3979	2590.224	0.5763	0.9829
7.512	 6	20.3	10.241	0.0007	1420.585	1.7496	4.4088	2485.499	0.5803	0.9817
7.522	 6	21.3	10.246	0.0003	1410.323	1.7587	4.9274	2480.31	0.575	0.9733
7.532	 6	22.3	10.251	0.0003	1508.165	1.7806	4.3199	2685.451	0.5623	0.9686
7.542	 6	23.3	10.252	0.0002	1403.038	1.8229	4.2185	2557.607	0.5378	0.973
7.552	 6	24.3	10.253	0.0002	1182.993	1.7874	4.3011	2114.474	0.5584	0.987
7.562	 6	25.3	10.251	0.0004	1479.861	1.7789	4.324	2632.549	0.5633	0.9992
7.572	 6	26.3	10.26	0.0002	1273.427	1.7824	4.3046	2269.8	0.5612	0.997
7.582	 6	27.3	10.257	0.0002	1242.068	1.785	4.302	2217.085	0.5597	0.9982
7.592	 6	28.3	10.257	0.0001	1407.382	1.7918	4.2857	2521.774	0.5558	1.0028
7.602	 6	29.3	10.258	0.0002	1430.484	1.8016	4.7938	2577.183	0.5501	1.0005
7.612	 6	30.3	10.262	0.0002	1428.055	1.8414	4.685	2629.579	0.527	1.0066
7.622	 6	31.3	10.258	0.0003	1450.099	1.8771	4.0899	2721.941	0.5063	1.0154
7.632	 6	32.3	10.263	0.0002	1312.908	1.8039	4.7811	2368.289	0.5488	1.0221
7.642	 6	33.3	10.264	0.0002	1134.144	1.7896	4.2826	2029.631	0.5571	1.0349
7.652	 6	34.3	10.264	0.0003	1395.703	1.8849	4.5743	2630.753	0.5018	1.042
7.662	 6	35.3	10.264	0.0003	1428.929	1.8428	4.1589	2633.24	0.5262	1.047
7.672	 6	36.3	10.265	0.0001	1132.502	1.8248	4.1987	2066.62	0.5366	1.0412
7.682	 6	37.3	10.265	0.0001	1130.258	1.8351	4.1752	2074.153	0.5307	1.054
7.692	 6	38.3	10.264	0.0001	1137.79	1.8026	4.783	2051.021	0.5495	1.0622
7.702	 6	39.3	10.261	0.0002	1340.431	1.7812	4.3063	2387.634	0.5619	1.0583
7.712	 6	40.3	10.266	0.0001	1172.855	1.7855	4.29	2094.098	0.5595	1.0411
7.722	 6	41.3	10.266	0.0001	1081.77	1.774	4.3179	1919.013	0.5662	1.0259
7.732	 6	42.3	10.266	0.0001	866.6216	1.7975	4.2614	1557.713	0.5525	1.0209
7.742	 6	43.3	10.266	0.0001	1295.558	1.7729	4.3203	2296.954	0.5667	1.026
7.752	 6	44.3	10.266	0.0001	1136.5	1.7824	3.7602	2025.709	0.5612	1.0355
7.762	 6	45.3	10.266	0.0001	877.0611	1.8044	4.2451	1582.536	0.5485	1.0333
7.772	 6	46.3	10.271	0.0	105.6068	1.8344	4.1698	193.725	0.5311	1.0313
7.782	 6	47.3	10.271	0.0	854.9192	1.8498	4.135	1581.458	0.5221	1.0427
7.792	 6	48.3	10.268	0.0	105.5759	1.793	4.2697	189.2957	0.5551	1.0646
7.802	 6	49.3	10.267	0.0	105.5657	1.7932	4.2705	189.2957	0.555	1.0953
7.812	 6	50.3	10.27	0.0	105.5965	1.7599	4.3475	185.8371	0.5743	1.1232
7.822	 6	51.3	10.27	0.0	873.8938	1.746	4.3821	1525.82	0.5824	1.1368
7.832	 6	52.3	10.274	0.0001	855.6675	1.7639	3.7913	1509.276	0.572	1.1406
7.842	 6	53.3	10.275	0.0	864.8261	1.7822	3.7512	1541.299	0.5614	1.1375
7.852	 6	54.3	10.269	0.0	105.5862	1.7853	4.2869	188.502	0.5596	1.1421
7.862	 6	55.3	10.274	0.0	105.6376	1.7716	4.314	187.144	0.5675	1.1545
7.872	 6	56.3	10.273	0.0001	1127.043	1.8097	4.2242	2039.646	0.5454	1.1594
7.882	 6	57.3	10.263	0.0	105.5245	1.8266	3.6724	192.7506	0.5356	1.1769
7.892	 6	58.3	10.271	0.0	796.2633	1.838	4.1617	1463.507	0.529	1.2351
7.902	 6	59.3	10.271	0.0	105.6068	1.848	4.139	195.1642	0.5232	1.245
7.912	 6	60.3	10.271	0.0	105.6068	1.8426	4.1511	194.5939	0.5263	1.2504
7.922	 6	61.3	10.271	0.0	105.6068	1.8319	3.6535	193.4619	0.5325	1.2594
7.932	 6	62.3	10.281	0.0	105.7096	1.8517	4.1193	195.7373	0.5211	1.2652
7.942	 6	63.3	10.28	0.0	105.6993	1.8442	4.137	194.9358	0.5254	1.2782
7.952	 6	64.3	10.285	0.0	105.7507	1.8185	3.6661	192.3037	0.5403	1.2732
7.962	 6	65.3	10.29	0.0	105.8022	1.7688	4.3014	187.144	0.5691	1.2732
7.972	 6	66.3	10.294	0.0	105.8433	1.796	3.7026	190.095	0.5534	1.2626
7.982	 6	67.3	10.322	0.0	106.1312	1.814	4.1568	192.527	0.5429	1.2645
7.992	 6	68.3	10.34	0.0	106.3163	1.7791	4.2171	189.151	0.5631	1.2637
8.002	 6	69.3	10.475	0.0	107.7043	1.7738	4.0749	191.0468	0.5662	1.2534
8.012	 6	70.3	10.58	0.0	108.7839	1.7559	3.5002	191.0101	0.5766	1.2571
8.022	 6	71.3	10.558	0.0	108.5577	1.7999	3.9258	195.3931	0.5511	1.262
8.032	 6	72.3	10.569	0.0	108.6708	1.8154	3.3956	197.2798	0.5421	1.2925
8.042	 6	73.3	10.555	0.0	108.5269	1.8337	3.3746	199.0008	0.5315	1.355
8.052	 6	74.3	10.527	0.0	108.239	1.8255	3.9035	197.5908	0.5363	1.4996
8.062	 6	75.3	10.539	0.0	108.3624	1.7808	3.4898	192.9748	0.5622	1.7526
8.072	 6	76.3	10.521	0.0	108.1773	1.7971	3.4753	194.4045	0.5527	2.1528
8.082	 6	77.3	10.82	0.0	111.2516	1.5599	3.1671	173.5386	0.6903	2.5654
8.092	 6	78.3	10.873	0.0	111.7966	1.0743	5.2904	120.1071	0.972	2.7542
8.102	 7	0.6	10.908	0.0	112.1564	1.3208	3.6549	148.1308	0.829	2.6209
8.112	 7	1.6	10.937	0.0	112.4546	1.7509	3.1923	196.8923	0.5795	2.2682
8.122	 7	2.6	10.948	0.0	112.5677	1.7574	3.1714	197.8246	0.5758	1.8617
8.132	 7	3.6	10.901	0.0	112.0845	1.7207	3.279	192.8626	0.597	1.5701
8.142	 7	4.6	10.825	0.0	111.303	1.7247	3.3373	191.9697	0.5947	1.3812
8.152	 7	5.6	10.341	0.0	106.3265	1.7685	3.7112	188.0356	0.5693	1.2774
8.162	 7	6.6	10.3	0.0	105.905	1.7984	4.2188	190.4601	0.552	1.2308
8.172	 7	7.6	10.245	0.0	105.3395	1.7888	4.3074	188.4301	0.5575	1.2111
8.182	 7	8.6	10.239	0.0	105.2778	1.7817	4.3319	187.5711	0.5617	1.1918
8.192	 7	9.6	10.24	0.0	105.288	1.7707	4.3575	186.4357	0.568	1.1728
8.202	 7	10.6	10.239	0.0001	1022.469	1.7516	3.8555	1790.974	0.5791	1.1683
8.212	 7	11.6	10.234	0.0	105.2264	1.7681	4.3714	186.048	0.5696	1.1646
8.222	 7	12.6	10.234	0.0	105.2264	1.789	4.3203	188.2506	0.5574	1.1564
8.232	 7	13.6	10.234	0.0	105.2264	1.8058	3.745	190.0221	0.5477	1.1479
8.242	 7	14.6	10.234	0.0	105.2264	1.8244	3.707	191.9697	0.5369	1.1322
8.252	 7	15.6	10.234	0.0	105.2264	1.8314	4.2202	192.7133	0.5328	1.1165
8.262	 7	16.6	10.234	0.0	105.2264	1.8781	3.6008	197.6297	0.5057	1.1189
8.272	 7	17.6	10.228	0.0	105.1647	1.8482	3.6653	194.3666	0.5231	1.127
8.282	 7	18.6	10.233	0.0	105.2161	1.8498	3.657	194.6319	0.5221	1.1416
8.292	 7	19.6	10.233	0.0	105.2161	1.8426	3.6712	193.8757	0.5263	1.1674
8.302	 7	20.6	10.239	0.0	105.2778	1.8018	4.2834	189.6946	0.55	1.1759
8.312	 7	21.6	10.232	0.0	105.2058	1.7907	3.7788	188.3942	0.5564	1.1798
8.322	 7	22.6	10.238	0.0	105.2675	1.8051	3.7422	190.0221	0.5481	1.1654
8.332	 7	23.6	10.243	0.0	105.3189	1.8252	3.6959	192.2294	0.5364	1.149
8.342	 7	24.6	10.242	0.0	105.3086	1.8229	3.7016	191.9697	0.5377	1.1216
8.352	 7	25.6	10.247	0.0	105.36	1.8398	3.6625	193.838	0.528	1.1083
8.362	 7	26.6	10.249	0.0	105.3806	1.8706	0.0	197.1246	0.5101	1.1033
8.372	 7	27.6	10.252	0.0	105.4114	1.8417	4.1754	194.1398	0.5268	1.1079
8.382	 7	28.6	10.251	0.0	105.4011	1.8326	3.6726	193.1619	0.5321	1.1161
8.392	 7	29.6	10.257	0.0	105.4628	1.8416	3.6487	194.2153	0.5269	1.117
8.402	 7	30.6	10.252	0.0	105.4114	1.8065	3.7248	190.4236	0.5473	1.1147
8.412	 7	31.6	10.253	0.0	105.4217	1.7925	4.2888	188.9703	0.5554	1.1195
8.422	 7	32.6	10.267	0.0	105.5657	1.8157	4.2175	191.6736	0.5419	1.1085
8.432	 7	33.6	10.258	0.0	105.4731	1.8264	4.2033	192.6387	0.5357	1.0992
8.442	 7	34.6	10.262	0.0	105.5143	1.7937	4.2752	189.2595	0.5547	1.0999
8.452	 7	35.6	10.269	0.0	105.5862	1.8007	4.2501	190.1314	0.5506	1.1177
8.462	 7	36.6	10.273	0.0	105.6274	1.8052	3.7054	190.6798	0.548	1.1395
8.472	 7	37.6	10.272	0.0	105.6171	1.7992	4.2502	190.0221	0.5515	1.1637
8.482	 7	38.6	10.273	0.0	105.6274	1.7822	4.2894	188.2506	0.5614	1.1842
8.492	 7	39.6	10.269	0.0	105.5862	1.8014	4.2485	190.2044	0.5502	1.1974
8.502	 7	40.6	10.274	0.0	105.6376	1.8089	4.2251	191.0836	0.5459	1.2128
8.512	 7	41.6	10.269	0.0	105.5862	1.8181	3.6832	191.9697	0.5405	1.2114
8.522	 7	42.6	10.274	0.0	105.6376	1.8428	4.1472	194.6698	0.5262	1.2118
8.532	 7	43.6	10.275	0.0	105.6479	1.8291	3.6551	193.2368	0.5342	1.1968
8.542	 7	44.6	10.272	0.0	105.6171	1.8522	3.6125	195.6225	0.5208	1.1814
8.552	 7	45.6	10.276	0.0	105.6582	1.8628	3.588	196.8149	0.5146	1.1502
8.562	 7	46.6	10.276	0.0	105.6582	1.8253	3.6615	192.8626	0.5363	1.1397
8.572	 7	47.6	10.275	0.0	105.6479	1.8167	3.6799	191.9326	0.5413	1.1422
8.582	 7	48.6	10.276	0.0	105.6582	1.8036	3.1762	190.5699	0.5489	1.1695
8.592	 7	49.6	10.285	0.0	105.7507	1.7454	3.8195	184.5799	0.5827	1.1928
8.602	 7	50.6	10.281	0.0	105.7096	1.7911	3.7264	189.3319	0.5562	1.1976
8.612	 7	51.6	10.274	0.0	105.6376	1.7756	3.7662	187.5711	0.5652	1.1948
8.622	 7	52.6	10.278	0.0	105.6788	1.7888	3.7341	189.0425	0.5575	1.1817
8.632	 7	53.6	10.275	0.0	105.6479	1.8178	4.2032	192.0438	0.5407	1.1795
8.642	 7	54.6	10.275	0.0	105.6479	1.789	3.7369	189.0064	0.5574	1.1828
8.652	 7	55.6	10.286	0.0	105.761	1.8144	3.6732	191.8956	0.5427	1.2453
8.662	 7	56.6	10.285	0.0	105.7507	1.8237	3.6555	192.8627	0.5373	1.2472
8.672	 7	57.6	10.295	0.0	105.8536	1.7934	3.1773	189.84	0.5549	1.2515
8.682	 7	58.6	10.3	0.0	105.905	1.7796	3.7305	188.466	0.5629	1.2484
8.692	 7	59.6	10.305	0.0	105.9564	1.705	3.8882	180.6549	0.6062	1.2434
8.702	 7	60.6	10.308	0.0	105.9872	1.7026	2.7789	180.4538	0.6075	1.2257
8.712	 7	61.6	10.307	0.0	105.977	1.7306	3.8285	183.4052	0.5913	1.1862
8.722	 7	62.6	10.313	0.0	106.0386	1.7612	3.2192	186.7539	0.5736	1.1607
8.732	 7	63.6	10.313	0.0	106.0386	1.7589	3.7608	186.5063	0.5749	1.133
8.742	 7	64.6	10.343	0.0	106.3471	1.7685	3.1793	188.0714	0.5693	1.1236
8.752	 7	65.6	10.349	0.0	106.4088	1.7892	3.66	190.387	0.5573	1.1281
8.762	 7	66.6	10.569	0.0	108.6708	1.73	3.5632	187.9998	0.5917	1.1484
8.772	 7	67.6	10.632	0.0	109.3186	1.6968	3.0614	185.4865	0.6109	1.169
8.782	 7	68.6	10.595	0.0	108.9382	1.7072	3.5854	185.9777	0.6049	1.1846
8.792	 7	69.6	10.57	0.0	108.6811	1.7041	3.6163	185.2068	0.6067	1.2043
8.802	 7	70.6	10.583	0.0	108.8148	1.6937	3.1077	184.3024	0.6127	1.2648
8.812	 7	71.6	10.571	0.0	108.6914	1.6976	3.1108	184.5105	0.6105	1.4286
8.822	 7	72.6	10.591	0.0	108.897	1.6776	2.609	182.6857	0.622	1.8552
8.832	 7	73.6	10.495	0.0	107.91	1.6923	2.1239	182.6174	0.6135	2.8294
8.842	 7	74.6	10.456	0.0	107.509	1.5517	1.756	166.8185	0.6951	4.4929
