Geotek MSCL 7.9 - TN336_JPC44-55.out created at 4:14:23 on 1/28/2016.


Processing Parameters

CT	RCT=11.45	W=1.27
PWAmp	A=1	B=0
PWVel	PTO=27.44
Den1	A=9.889801E-04	B=-.1104	C=10.002
MS1	A=1	B=0	Den=0	LD=14	
FP	MGD=2.75	WD=1.026	
RES	A=447.9932	B=-1.066285	p=0	


SB DEPTH	SECT NUM	SECT DEPTH	CT	PWAmp	PWVel	Den1	MS1	Imp	FP	RES
m		cm	cm		m/s	g/cc	x 10^-8 (m^3/kg)			Ohm.m

-0.638	before cal		10.538	0.0						221.0002
-0.578	cal sect	6.0	10.41	0.005	1491.618	1.1908	-1.8396		0.9044	25.0299
-0.518	cal sect	12.0	10.13	0.0299	1491.9	1.1901	-1.9901	1775.53	0.9048	19.0871
-0.458	cal sect	18.0	10.146	0.0198	1489.212	1.1894	-1.981	1771.3	0.9052	14.8113
-0.398	cal sect	24.0	10.351	0.0148	1498.625	1.1801	-1.87	1768.509	0.9106	18.8269
-0.338	cal sect	30.0	10.689	0.0016	1512.737	1.15	-1.7051	1739.633	0.9281	8.6368
-0.278	cal sect	36.0	10.56	0.0037	1521.833	1.1942	-1.7655	1817.43	0.9024	0.5157
-0.218	cal sect	42.0	10.291	0.0036	1518.294	1.1988	-0.9508	1820.061	0.8998	0.3674
-0.158	cal sect	48.0	10.174	0.0237	1504.584	1.1821	-1.9653	1778.575	0.9095	0.3684
-0.098	cal sect	54.0	10.252	0.0048	1503.446	1.2038	-1.9225	1809.896	0.8968	0.3749
-0.038	cal sect	60.0	10.43	0.0103	1523.74	1.1906	0.9148	1814.189	0.9045	0.5388
0.002	 1	0.2	10.801	0.0	111.1717	1.134	6.6201	126.0687	0.9374	1.7361
0.012	 1	1.2	10.814	0.0	111.3055	1.3568	9.0715	151.0182	0.8081	1.1771
0.022	 1	2.2	10.83	0.0	111.4702	1.366	9.8544	152.2664	0.8028	0.7987
0.032	 1	3.2	10.81	0.0	111.2644	1.3579	10.7322	151.0885	0.8075	0.6236
0.042	 1	4.2	10.747	0.0	110.6159	1.3789	11.7525	152.5275	0.7953	0.5454
0.052	 1	5.2	10.259	0.0002	1428.432	1.4807	13.4309	2115.145	0.7362	0.512
0.062	 1	6.2	10.213	0.002	1526.607	1.4919	14.578	2277.534	0.7298	0.4988
0.072	 1	7.2	10.214	0.0019	1512.961	1.4974	13.6023	2265.558	0.7265	0.4957
0.082	 1	8.2	10.208	0.0005	1503.83	1.5007	13.6254	2256.79	0.7247	0.4965
0.092	 1	9.2	10.168	0.0067	1511.746	1.5128	17.718	2287.031	0.7176	0.4992
0.102	 1	10.2	10.16	0.0078	1513.932	1.5164	15.7852	2295.798	0.7155	0.5003
0.112	 1	11.2	10.159	0.0154	1507.046	1.501	14.8028	2262.094	0.7245	0.5204
0.122	 1	12.2	10.157	0.0103	1507.197	1.5089	14.8112	2274.283	0.7199	0.5188
0.132	 1	13.2	10.158	0.0194	1510.259	1.5035	14.807	2270.735	0.723	0.5199
0.142	 1	14.2	10.157	0.0225	1512.133	1.5082	14.8112	2280.644	0.7203	0.5201
0.152	 1	15.2	10.152	0.0154	1499.778	1.5097	14.8323	2264.203	0.7194	0.5228
0.162	 1	16.2	10.152	0.0097	1503.554	1.5227	13.8435	2289.518	0.7119	0.5248
0.172	 1	17.2	10.146	0.0167	1500.888	1.5089	14.8576	2264.698	0.7199	0.5258
0.182	 1	18.2	10.145	0.012	1497.638	1.4971	14.8619	2242.186	0.7267	0.5266
0.192	 1	19.2	10.151	0.0121	1504.075	1.5005	14.8365	2256.909	0.7248	0.527
0.202	 1	20.2	10.149	0.0134	1506.01	1.5379	14.8449	2316.093	0.7031	0.5281
0.212	 1	21.2	10.151	0.0114	1503.852	1.5003	15.8256	2256.217	0.7249	0.5259
0.222	 1	22.2	10.153	0.0122	1505.263	1.5158	15.8166	2281.679	0.7159	0.5263
0.232	 1	23.2	10.156	0.0123	1505.708	1.5268	15.8031	2298.867	0.7095	0.5301
0.242	 1	24.2	10.155	0.0195	1503.553	1.5382	15.8076	2312.807	0.7029	0.5343
0.252	 1	25.2	10.156	0.0153	1503.034	1.5458	16.7908	2323.35	0.6985	0.5385
0.262	 1	26.2	10.16	0.0126	1503.181	1.5316	16.7717	2302.206	0.7068	0.5389
0.272	 1	27.2	10.165	0.0108	1507.266	1.5365	15.7627	2315.864	0.7039	0.5354
0.282	 1	28.2	10.165	0.0053	1509.952	1.5372	16.7479	2321.112	0.7035	0.5276
0.292	 1	29.2	10.17	0.0191	1509.798	1.5454	16.7242	2333.228	0.6987	0.5164
0.302	 1	30.2	10.173	0.0148	1506.665	1.5631	16.7099	2355.011	0.6885	0.5115
0.312	 1	31.2	10.17	0.0133	1503.993	1.5656	16.7242	2354.591	0.687	0.5388
0.322	 1	32.2	10.173	0.0106	1504.659	1.5499	15.727	2332.124	0.6961	0.556
0.332	 1	33.2	10.17	0.006	1522.911	1.5181	15.7404	2311.933	0.7146	0.5722
0.342	 1	34.2	10.176	0.0041	1519.26	1.5145	15.7136	2300.988	0.7166	0.5833
0.352	 1	35.2	10.176	0.0032	1433.643	1.5112	16.6957	2166.48	0.7186	0.5905
0.362	 1	36.2	10.176	0.003	1518.806	1.526	16.6957	2317.645	0.71	0.5993
0.372	 1	37.2	10.177	0.0029	1518.729	1.5503	16.691	2354.529	0.6959	0.6128
0.382	 1	38.2	10.18	0.0057	1407.244	1.5486	16.6768	2179.284	0.6969	0.6338
0.392	 1	39.2	10.181	0.0025	1505.174	1.5296	16.6721	2302.35	0.7079	0.65
0.402	 1	40.2	10.181	0.0016	1507.849	1.543	16.6721	2326.572	0.7001	0.6712
0.412	 1	41.2	10.186	0.0025	1516.451	1.5375	17.6278	2331.542	0.7033	0.6895
0.422	 1	42.2	10.187	0.0027	1514.345	1.5561	18.6018	2356.478	0.6925	0.7015
0.432	 1	43.2	10.192	0.0047	1512.391	1.565	17.5978	2366.864	0.6874	0.7061
0.442	 1	44.2	10.192	0.0056	1515.088	1.5773	18.5755	2389.755	0.6802	0.7129
0.452	 1	45.2	10.192	0.0136	1506.578	1.5786	18.5755	2378.279	0.6795	0.7192
0.462	 1	46.2	10.192	0.0113	1503.91	1.5518	18.5755	2333.787	0.695	0.7133
0.472	 1	47.2	10.192	0.0133	1510.15	1.5491	18.5755	2339.297	0.6966	0.7159
0.482	 1	48.2	10.192	0.0096	1509.255	1.5448	19.5531	2331.492	0.6991	0.7233
0.492	 1	49.2	10.2	0.0191	1506.202	1.5556	19.5089	2343.1	0.6928	0.7648
0.502	 1	50.2	10.21	0.0096	1509.685	1.5826	19.4538	2389.156	0.6772	0.7532
0.512	 1	51.2	10.221	0.0082	1513.325	1.5819	18.4238	2393.914	0.6776	0.7465
0.522	 1	52.2	10.222	0.0104	1515.493	1.4814	19.388	2245.081	0.7358	0.745
0.532	 1	53.2	10.233	0.0039	1517.799	1.4655	19.328	2224.279	0.7451	0.7468
0.542	 1	54.2	10.236	0.0061	1519.822	1.4864	19.3116	2259.096	0.7329	0.7468
0.552	 1	55.2	10.241	0.0024	1524.639	1.5364	19.2844	2342.474	0.7039	0.7452
0.562	 1	56.2	10.246	0.0088	1524.249	1.5487	19.2573	2360.529	0.6968	0.7451
0.572	 1	57.2	10.258	0.0111	1520.379	1.5383	20.1521	2338.854	0.7028	0.751
0.582	 1	58.2	10.263	0.0124	1519.544	1.5552	20.1238	2363.147	0.6931	0.7624
0.592	 1	59.2	10.325	0.0045	1527.141	1.6485	18.8357	2517.562	0.6389	0.7709
0.602	 1	60.2	10.588	0.0006	1550.901	1.4984	17.5218	2323.846	0.726	0.7924
0.612	 1	61.2	10.558	0.0002	1436.463	1.5066	17.665	2164.11	0.7213	0.8185
0.622	 1	62.2	10.532	0.0	108.403	1.5499	16.901	168.018	0.6961	0.8506
0.632	 1	63.2	10.546	0.0007	1530.846	1.5115	16.8367	2313.82	0.7184	0.9043
0.642	 1	64.2	10.508	0.0038	1523.782	1.5425	17.0121	2350.415	0.7004	0.9854
0.652	 1	65.2	10.45	0.0033	1522.88	1.5817	18.1946	2408.738	0.6777	1.176
0.662	 1	66.2	10.468	0.0051	1525.503	1.5963	17.1995	2435.124	0.6692	1.7952
0.672	 1	67.2	10.691	0.0	110.0395	1.5704	16.1902	172.8032	0.6842	4.1627
0.682	 1	68.2	10.835	0.0	111.5217	1.5388	13.1219	171.6141	0.7025	18.0573
0.692	 2	0.1	10.847	0.0	111.6452	1.1961	12.263	133.5344	0.9014	35.6391
0.702	 2	1.1	10.847	0.0	111.6452	1.5711	9.8104	175.4043	0.6838	7.9209
0.712	 2	2.1	10.886	0.0	112.0466	1.5623	8.9011	175.0456	0.6889	3.4391
0.722	 2	3.1	10.871	0.0	111.8922	1.5628	8.1239	174.8667	0.6886	2.1826
0.732	 2	4.1	10.808	0.0	111.2438	1.5542	8.2599	172.8908	0.6936	1.6496
0.742	 2	5.1	10.367	0.0	106.7047	1.6062	8.3776	171.3837	0.6635	1.3902
0.752	 2	6.1	10.237	0.0	105.3666	1.6348	8.6878	172.2504	0.6469	1.228
0.762	 2	7.1	10.181	0.0	104.7902	1.636	7.8457	171.4412	0.6461	1.1459
0.772	 2	8.1	10.163	0.0	104.605	1.6185	8.8716	169.3056	0.6563	1.1083
0.782	 2	9.1	10.157	0.0001	1030.644	1.6331	8.8867	1683.094	0.6479	1.0898
0.792	 2	10.1	10.151	0.0002	1077.944	1.6234	7.9128	1749.942	0.6535	1.0736
0.802	 2	11.1	10.147	0.0001	1077.863	1.6098	7.9218	1735.157	0.6614	1.0741
0.812	 2	12.1	10.148	0.0002	1084.304	1.5935	7.9196	1727.872	0.6708	1.0732
0.822	 2	13.1	10.151	0.0001	889.9702	1.6084	8.9019	1431.409	0.6622	1.0716
0.832	 2	14.1	10.156	0.0001	887.0645	1.5855	7.9016	1406.433	0.6755	1.0676
0.842	 2	15.1	10.161	0.0001	887.5787	1.6197	8.8766	1437.567	0.6557	1.0735
0.852	 2	16.1	10.155	0.0001	999.7046	1.6271	8.8918	1626.623	0.6513	1.0734
0.862	 2	17.1	10.164	0.0001	884.0566	1.6267	8.8691	1438.138	0.6515	1.0693
0.872	 2	18.1	10.166	0.0001	1028.427	1.6154	7.8791	1661.277	0.6581	1.0784
0.882	 2	19.1	10.171	0.0001	920.3692	1.6237	8.8515	1494.432	0.6533	1.084
0.892	 2	20.1	10.177	0.0001	896.0994	1.6411	7.8546	1470.581	0.6432	1.088
0.902	 2	21.1	10.181	0.0001	1026.828	1.627	8.8264	1670.671	0.6514	1.0837
0.912	 2	22.1	10.191	0.0001	1022.885	1.6377	8.8014	1675.214	0.6452	1.0781
0.922	 2	23.1	10.192	0.0001	1073.633	1.6644	8.7989	1786.932	0.6297	1.0785
0.932	 2	24.1	10.196	0.0001	867.2281	1.6657	8.789	1444.549	0.6289	1.0879
0.942	 2	25.1	10.199	0.0001	868.5174	1.6815	8.7815	1460.429	0.6198	1.0923
0.952	 2	26.1	10.206	0.0001	1024.287	1.6712	8.7641	1711.776	0.6258	1.0973
0.962	 2	27.1	10.206	0.0001	1106.102	1.6746	8.7641	1852.299	0.6238	1.0923
0.972	 2	28.1	10.211	0.0001	1149.758	1.6738	8.7517	1924.464	0.6242	1.0832
0.982	 2	29.1	10.211	0.0001	1017.437	1.6704	8.7517	1699.495	0.6262	1.0672
0.992	 2	30.1	10.212	0.0001	1013.296	1.6708	8.7493	1692.991	0.626	1.0612
1.002	 2	31.1	10.216	0.0002	1127.594	1.6557	8.7394	1866.932	0.6348	1.0774
1.012	 2	32.1	10.218	0.0004	1398.768	1.6478	8.7345	2304.885	0.6393	1.0802
1.022	 2	33.1	10.221	0.0016	1514.895	1.6619	8.7271	2517.631	0.6311	1.0971
1.032	 2	34.1	10.219	0.003	1507.449	1.6659	8.732	2511.305	0.6288	1.1101
1.042	 2	35.1	10.215	0.0042	1506.415	1.6726	8.7419	2519.586	0.625	1.1399
1.052	 2	36.1	10.216	0.0048	1503.68	1.6862	8.7394	2535.561	0.617	1.1722
1.062	 2	37.1	10.216	0.0043	1515.052	1.7077	8.7394	2587.196	0.6046	1.2026
1.072	 2	38.1	10.216	0.0086	1520.012	1.7088	9.7104	2597.47	0.6039	1.2378
1.082	 2	39.1	10.216	0.0134	1527.969	1.7265	8.7394	2638.102	0.5937	1.2716
1.092	 2	40.1	10.217	0.0157	1520.161	1.7146	9.7077	2606.531	0.6006	1.296
1.102	 2	41.1	10.215	0.0142	1521.901	1.7049	9.7132	2594.635	0.6062	1.2993
1.112	 2	42.1	10.217	0.0294	1516.776	1.6919	8.7369	2566.223	0.6138	1.3113
1.122	 2	43.1	10.217	0.0189	1512.957	1.6626	8.7369	2515.395	0.6308	1.3151
1.132	 2	44.1	10.217	0.0071	1505.6	1.6052	8.7369	2416.727	0.6641	1.3273
1.142	 2	45.1	10.224	0.0049	1289.119	1.6657	9.6885	2147.264	0.629	1.3459
1.152	 2	46.1	10.224	0.0087	1525.06	1.7063	8.7197	2602.247	0.6054	1.3791
1.162	 2	47.1	10.221	0.0191	1521.435	1.7042	8.7271	2592.768	0.6066	1.4305
1.172	 2	48.1	10.218	0.0097	1526.67	1.7076	8.7345	2606.977	0.6046	1.4628
1.182	 2	49.1	10.233	0.0067	1521.41	1.691	9.664	2572.702	0.6143	1.5105
1.192	 2	50.1	10.237	0.0039	1527.454	1.6941	8.6878	2587.723	0.6124	1.5551
1.202	 2	51.1	10.237	0.0075	1518.392	1.6753	8.6878	2543.729	0.6234	1.5808
1.212	 2	52.1	10.234	0.0062	1413.927	1.6618	8.6951	2349.645	0.6312	1.5809
1.222	 2	53.1	10.236	0.0095	1415.572	1.6637	8.6902	2355.13	0.6301	1.5743
1.232	 2	54.1	10.25	0.0096	1420.061	1.6649	9.6178	2364.212	0.6294	1.5528
1.242	 2	55.1	10.265	0.0113	1418.601	1.6636	9.5774	2359.944	0.6302	1.5154
1.252	 2	56.1	10.277	0.0084	1412.84	1.6492	8.5906	2330.07	0.6385	1.5175
1.262	 2	57.1	10.288	0.0074	1412.993	1.6678	8.5642	2356.633	0.6277	1.5527
1.272	 2	58.1	10.293	0.0105	1338.318	1.6514	8.5522	2210.121	0.6372	1.6019
1.282	 2	59.1	10.293	0.0107	1333.808	1.6537	8.5522	2205.68	0.6359	1.6178
1.292	 2	60.1	10.295	0.0044	1326.846	1.6667	8.5474	2211.451	0.6284	1.6398
1.302	 2	61.1	10.287	0.003	1195.468	1.6518	8.5666	1974.695	0.637	1.6307
1.312	 2	62.1	10.282	0.0039	1198.368	1.6398	8.5786	1965.035	0.644	1.6046
1.322	 2	63.1	10.28	0.001	1260.267	1.6368	8.5834	2062.743	0.6457	1.5959
1.332	 2	64.1	10.273	0.0005	1161.71	1.6646	8.6003	1933.726	0.6296	1.5616
1.342	 2	65.1	10.266	0.0003	1151.672	1.6493	8.6172	1899.445	0.6385	1.5296
1.352	 2	66.1	10.257	0.0005	1098.533	1.6242	7.6791	1784.229	0.653	1.5025
1.362	 2	67.1	10.257	0.001	1293.932	1.6368	7.6791	2117.935	0.6457	1.4585
1.372	 2	68.1	10.248	0.0015	1330.046	1.6172	7.6986	2150.943	0.6571	1.3821
1.382	 2	69.1	10.237	0.0034	1408.309	1.5704	7.7225	2211.567	0.6842	1.3404
1.392	 2	70.1	10.235	0.0069	1400.328	1.6198	7.7268	2268.239	0.6556	1.3411
1.402	 2	71.1	10.235	0.0058	1330.084	1.5574	7.7268	2071.463	0.6918	1.3507
1.412	 2	72.1	10.227	0.0084	1322.172	1.5655	7.7443	2069.847	0.6871	1.3567
1.422	 2	73.1	10.22	0.0016	1300.255	1.5745	7.7596	2047.289	0.6818	1.3538
1.432	 2	74.1	10.216	0.0005	1134.229	1.5897	7.7684	1803.103	0.673	1.3249
1.442	 2	75.1	10.215	0.0011	1263.607	1.6186	7.7705	2045.309	0.6562	1.3179
1.452	 2	76.1	10.205	0.0022	1189.671	1.6371	7.7925	1947.658	0.6455	1.3001
1.462	 2	77.1	10.204	0.0017	1256.96	1.6403	7.7947	2061.835	0.6437	1.2807
1.472	 2	78.1	10.2	0.0031	1254.458	1.6153	7.8036	2026.376	0.6582	1.2783
1.482	 2	79.1	10.187	0.0015	1178.778	1.6136	7.8323	1902.119	0.6591	1.288
1.492	 2	80.1	10.179	0.0016	1258.531	1.5858	7.8501	1995.789	0.6753	1.2992
1.502	 2	81.1	10.175	0.0013	1393.454	1.5439	7.859	2151.33	0.6996	1.3019
1.512	 2	82.1	10.167	0.001	1414.638	1.5448	7.8769	2185.401	0.699	1.3039
1.522	 2	83.1	10.159	0.001	1399.504	1.596	7.8948	2233.614	0.6694	1.2989
1.532	 2	84.1	10.156	0.0011	1389.9	1.639	7.9016	2278.003	0.6444	1.2875
1.542	 2	85.1	10.155	0.0028	1414.345	1.6707	8.8918	2362.985	0.626	1.284
1.552	 2	86.1	10.15	0.003	1526.316	1.6891	8.9044	2578.035	0.6154	1.2916
1.562	 2	87.1	10.145	0.0031	1530.859	1.7086	8.9171	2615.651	0.6041	1.3092
1.572	 2	88.1	10.147	0.0032	1531.16	1.6896	8.912	2586.983	0.6151	1.3221
1.582	 2	89.1	10.148	0.0016	1523.495	1.7046	8.9095	2596.91	0.6064	1.3525
1.592	 2	90.1	10.146	0.0053	1522.052	1.695	9.9051	2579.808	0.612	1.3963
1.602	 2	91.1	10.15	0.0046	1514.021	1.6943	9.8938	2565.185	0.6124	1.4455
1.612	 2	92.1	10.15	0.002	1509.967	1.7131	8.9044	2586.734	0.6014	1.4896
1.622	 2	93.1	10.156	0.0039	1512.66	1.7127	9.8769	2590.714	0.6017	1.5141
1.632	 2	94.1	10.156	0.0061	1523.552	1.721	9.8769	2622.093	0.5968	1.5207
1.642	 2	95.1	10.156	0.0041	1524.01	1.7109	8.8892	2607.439	0.6027	1.5339
1.652	 2	96.1	10.156	0.0039	1519.449	1.7198	8.8892	2613.212	0.5975	1.5552
1.662	 2	97.1	10.162	0.0035	1535.509	1.7069	9.8601	2621.021	0.605	1.5887
1.672	 2	98.1	10.166	0.0064	1534.49	1.7199	9.8489	2639.239	0.5975	1.6134
1.682	 2	99.1	10.166	0.007	1525.968	1.7202	9.8489	2625.038	0.5973	1.6333
1.692	 2	100.1	10.174	0.0112	1532.922	1.7297	9.8266	2651.535	0.5918	1.6744
1.702	 2	101.1	10.175	0.0166	1527.778	1.7424	9.8238	2661.926	0.5845	1.7337
1.712	 2	102.1	10.17	0.0145	1534.168	1.7325	9.8377	2657.99	0.5902	1.7758
1.722	 2	103.1	10.172	0.01	1528.475	1.7374	9.8322	2655.51	0.5874	1.8055
1.732	 2	104.1	10.175	0.0225	1534.459	1.7065	9.8238	2618.601	0.6053	1.8244
1.742	 2	105.1	10.17	0.0332	1521.089	1.7056	9.8377	2594.364	0.6058	1.829
1.752	 2	106.1	10.169	0.0192	1519.122	1.7251	10.8246	2620.7	0.5945	1.8424
1.762	 2	107.1	10.175	0.0212	1525.945	1.7074	10.8062	2605.424	0.6047	1.863
1.772	 2	108.1	10.17	0.013	1522.455	1.7115	9.8377	2605.708	0.6024	1.902
1.782	 2	109.1	10.171	0.0095	1526.719	1.696	10.8184	2589.365	0.6113	1.9398
1.792	 2	110.1	10.172	0.0294	1526.182	1.7035	10.8154	2599.839	0.607	1.9569
1.802	 2	111.1	10.176	0.0155	1525.866	1.6917	10.8031	2581.309	0.6139	1.9615
1.812	 2	112.1	10.176	0.0206	1525.408	1.7046	10.8031	2600.198	0.6064	1.949
1.822	 2	113.1	10.175	0.0081	1525.487	1.7048	9.8238	2600.587	0.6063	1.9344
1.832	 2	114.1	10.171	0.0279	1526.719	1.6885	10.8184	2577.812	0.6157	1.9189
1.842	 2	115.1	10.176	0.0216	1521.531	1.7031	9.821	2591.346	0.6072	1.9005
1.852	 2	116.1	10.178	0.011	1517.293	1.6914	10.797	2566.302	0.6141	1.9099
1.862	 2	117.1	10.181	0.0084	1528.449	1.7132	10.7878	2618.59	0.6014	1.8961
1.872	 2	118.1	10.184	0.0192	1524.779	1.7041	9.7988	2598.432	0.6066	1.872
1.882	 2	119.1	10.191	0.027	1527.199	1.684	9.7793	2571.795	0.6183	1.8236
1.892	 2	120.1	10.191	0.0343	1520.364	1.6849	9.7793	2561.604	0.6178	1.7905
1.902	 2	121.1	10.196	0.0335	1519.523	1.6913	9.7655	2569.956	0.6141	1.7449
1.912	 2	122.1	10.2	0.0252	1513.353	1.6785	10.7299	2540.125	0.6215	1.7023
1.922	 2	123.1	10.211	0.034	1522.212	1.6758	10.6966	2550.932	0.6231	1.652
1.932	 2	124.1	10.222	0.038	1523.398	1.6561	9.694	2522.917	0.6345	1.6107
1.942	 2	125.1	10.224	0.0305	1517.815	1.6786	8.7197	2547.742	0.6215	1.5557
1.952	 2	126.1	10.231	0.0215	1513.91	1.6643	9.6694	2519.539	0.6298	1.5574
1.962	 2	127.1	10.246	0.0202	1526.52	1.675	8.6658	2556.852	0.6236	1.5908
1.972	 2	128.1	10.249	0.018	1526.739	1.6759	8.6585	2558.667	0.623	1.8187
1.982	 2	129.1	10.259	0.0076	1519.627	1.6457	8.6342	2500.796	0.6406	1.8126
1.992	 2	130.1	10.269	0.0132	1513.04	1.6179	7.6533	2448.017	0.6566	1.8092
2.002	 2	131.1	10.274	0.0122	1522.977	1.6567	8.5979	2523.16	0.6341	1.8478
2.012	 2	132.1	10.283	0.0196	1524.537	1.6402	8.5762	2500.476	0.6438	1.8607
2.022	 2	133.1	10.293	0.0087	1517.918	1.5952	8.5522	2421.323	0.6699	1.8985
2.032	 2	134.1	10.304	0.015	1513.291	1.5553	8.5259	2353.646	0.693	1.9317
2.042	 2	135.1	10.304	0.0124	1512.625	1.6116	8.5259	2437.807	0.6603	2.0305
2.052	 2	136.1	10.321	0.0118	1521.823	1.6722	8.4855	2544.864	0.6251	2.071
2.062	 2	137.1	10.355	0.0095	1531.805	1.6859	9.3395	2582.485	0.6172	2.1273
2.072	 2	138.1	10.375	0.0062	1537.265	1.6841	9.2878	2588.945	0.6183	2.1823
2.082	 2	139.1	10.571	0.0006	1542.987	1.673	8.8014	2581.352	0.6247	2.2971
2.092	 2	140.1	10.589	0.0001	1536.419	1.6793	8.7585	2580.038	0.6211	2.4214
2.102	 2	141.1	10.585	0.0	108.9485	1.6963	8.768	184.8131	0.6112	2.5738
2.112	 2	142.1	10.554	0.0005	1552.059	1.689	9.7263	2621.417	0.6154	2.8166
2.122	 2	143.1	10.535	0.0009	1536.162	1.6965	9.7768	2606.157	0.6111	3.4104
2.132	 2	144.1	10.509	0.0005	1543.398	1.7028	10.7415	2628.171	0.6074	5.4189
2.142	 2	145.1	10.488	0.0028	1527.304	1.7087	12.604	2609.675	0.604	84.4904
2.152	 2	146.1	10.648	0.002	1547.225	1.6881	13.7922	2611.868	0.616	5.2194
2.162	 2	147.1	10.804	0.0	111.2026	1.3863	14.8835	154.1571	0.791	3.0125
2.172	 3	0.2	10.799	0.0	111.1511	1.2535	17.3871	139.3271	0.868	3.1799
2.182	 3	1.2	10.785	0.0	111.007	1.5937	19.9448	176.9127	0.6707	6.9758
2.192	 3	2.2	10.796	0.0	111.1203	1.5292	21.544	169.9273	0.7081	10.8797
2.202	 3	3.2	10.802	0.0005	1555.812	1.5709	23.1644	2444.061	0.6839	3.1549
2.212	 3	4.2	10.752	0.0	110.6674	1.5638	24.3121	173.0662	0.688	2.0833
2.222	 3	5.2	10.334	0.001	1550.72	1.6443	27.2433	2549.857	0.6414	1.7072
2.232	 3	6.2	10.252	0.0008	1530.606	1.656	27.876	2534.754	0.6345	1.5189
2.242	 3	7.2	10.179	0.0011	1535.989	1.6361	28.4567	2513.015	0.6461	1.4389
2.252	 3	8.2	10.16	0.0009	1536.6	1.6533	27.624	2540.439	0.6361	1.3866
2.262	 3	9.2	10.145	0.0027	1539.687	1.6552	27.7421	2548.445	0.6351	1.3188
2.272	 3	10.2	10.145	0.0127	1531.09	1.6599	27.7421	2541.508	0.6323	1.2623
2.282	 3	11.2	10.141	0.0216	1521.759	1.6442	27.7737	2502.001	0.6414	1.215
2.292	 3	12.2	10.145	0.0099	1514.631	1.6443	27.7421	2490.556	0.6413	1.1949
2.302	 3	13.2	10.145	0.0081	1522.816	1.6594	25.7605	2526.919	0.6326	1.1867
2.312	 3	14.2	10.15	0.0054	1529.536	1.6588	25.7239	2537.249	0.6329	1.1749
2.322	 3	15.2	10.155	0.0062	1524.317	1.6375	25.6874	2496.041	0.6453	1.1621
2.332	 3	16.2	10.16	0.007	1522.782	1.6317	24.6643	2484.796	0.6486	1.1461
2.342	 3	17.2	10.169	0.0069	1517.761	1.6178	23.6173	2455.491	0.6567	1.1296
2.352	 3	18.2	10.179	0.009	1525.172	1.6117	23.5504	2458.099	0.6603	1.1106
2.362	 3	19.2	10.182	0.0169	1514.728	1.6099	22.5499	2438.521	0.6613	1.0945
2.372	 3	20.2	10.19	0.0085	1508.959	1.5743	22.4989	2375.493	0.682	1.0801
2.382	 3	21.2	10.195	0.0115	1509.029	1.5776	22.467	2380.667	0.68	1.0676
2.392	 3	22.2	10.2	0.0093	1511.559	1.5849	22.4353	2395.648	0.6758	1.0646
2.402	 3	23.2	10.206	0.0097	1511.104	1.5908	22.3972	2403.79	0.6724	1.0922
2.412	 3	24.2	10.208	0.0103	1517.241	1.6254	22.3846	2466.177	0.6523	1.1288
2.422	 3	25.2	10.211	0.0133	1519.946	1.6459	22.3656	2501.622	0.6405	1.1568
2.432	 3	26.2	10.213	0.0114	1522.057	1.632	22.353	2484.014	0.6485	1.1704
2.442	 3	27.2	10.215	0.0158	1518.959	1.6355	23.3116	2484.314	0.6464	1.1708
2.452	 3	28.2	10.221	0.0165	1516.694	1.6321	22.3025	2475.404	0.6484	1.164
2.462	 3	29.2	10.221	0.0115	1514.671	1.6487	23.2722	2497.249	0.6388	1.1674
2.472	 3	30.2	10.221	0.0101	1516.019	1.6642	23.2722	2522.935	0.6298	1.1647
2.482	 3	31.2	10.22	0.0124	1507.597	1.6394	22.3088	2471.591	0.6442	1.1763
2.492	 3	32.2	10.221	0.0095	1514.447	1.6465	22.3025	2493.501	0.6401	1.1908
2.502	 3	33.2	10.221	0.0096	1520.756	1.649	22.3025	2507.706	0.6386	1.1985
2.512	 3	34.2	10.222	0.022	1516.617	1.6516	22.2962	2504.877	0.6371	1.2059
2.522	 3	35.2	10.226	0.0198	1522.179	1.6297	20.3345	2480.64	0.6498	1.2406
2.532	 3	36.2	10.216	0.0188	1514.603	1.6332	20.3919	2473.617	0.6478	1.2766
2.542	 3	37.2	10.216	0.0195	1517.754	1.637	19.4209	2484.607	0.6456	1.3422
2.552	 3	38.2	10.211	0.0204	1509.387	1.6395	18.4759	2474.62	0.6441	1.4063
2.562	 3	39.2	10.209	0.0161	1515.363	1.6376	18.4864	2481.559	0.6452	1.4773
2.572	 3	40.2	10.212	0.008	1518.965	1.6586	16.5264	2519.323	0.6331	1.5304
2.582	 3	41.2	10.206	0.0147	1524.649	1.6268	16.5545	2480.365	0.6515	1.6254
2.592	 3	42.2	10.201	0.0124	1512.828	1.6612	15.6027	2513.131	0.6315	1.6789
2.602	 3	43.2	10.202	0.0122	1521.778	1.6594	14.6234	2525.175	0.6326	1.7128
2.612	 3	44.2	10.201	0.0132	1517.103	1.6666	12.6772	2528.396	0.6284	1.7642
2.622	 3	45.2	10.196	0.0101	1519.297	1.6586	12.6952	2519.972	0.633	1.7849
2.632	 3	46.2	10.197	0.0089	1513.357	1.6607	11.7153	2513.287	0.6318	1.7741
2.642	 3	47.2	10.196	0.0082	1515.007	1.6683	10.7421	2527.434	0.6275	1.7469
2.652	 3	48.2	10.191	0.0068	1515.841	1.6301	9.7793	2470.907	0.6496	1.7442
2.662	 3	49.2	10.196	0.0089	1518.392	1.6433	9.7655	2495.147	0.6419	1.7143
2.672	 3	50.2	10.196	0.0123	1519.297	1.6383	8.789	2489.078	0.6448	1.6899
2.682	 3	51.2	10.202	0.0073	1513.201	1.634	8.774	2472.64	0.6473	1.6813
2.692	 3	52.2	10.206	0.0074	1512.224	1.6274	8.7641	2460.975	0.6512	1.6918
2.702	 3	53.2	10.205	0.0062	1516.57	1.6533	8.7666	2507.271	0.6362	1.6987
2.712	 3	54.2	10.22	0.0074	1522.646	1.6369	8.7295	2492.48	0.6456	1.7105
2.722	 3	55.2	10.23	0.0171	1513.313	1.6268	8.7049	2461.919	0.6515	1.7057
2.732	 3	56.2	10.24	0.0127	1511.439	1.6454	8.6804	2486.876	0.6407	1.6902
2.742	 3	57.2	10.247	0.0056	1509.798	1.6482	8.6634	2488.375	0.6391	1.6979
2.752	 3	58.2	10.247	0.0056	1511.58	1.6277	8.6634	2460.384	0.651	1.7027
2.762	 3	59.2	10.252	0.0058	1514.775	1.6264	7.6899	2463.555	0.6518	1.7332
2.772	 3	60.2	10.246	0.0071	1517.926	1.659	8.6658	2518.228	0.6328	1.7449
2.782	 3	61.2	10.247	0.0062	1519.199	1.6379	7.7008	2488.244	0.6451	1.7569
2.792	 3	62.2	10.247	0.0051	1526.441	1.6176	7.7008	2469.207	0.6568	1.7296
2.802	 3	63.2	10.242	0.0102	1524.107	1.642	7.7116	2502.568	0.6427	1.7082
2.812	 3	64.2	10.241	0.0093	1522.373	1.6463	7.7138	2506.318	0.6402	1.6928
2.822	 3	65.2	10.233	0.0087	1527.541	1.6283	7.7312	2487.258	0.6507	1.6766
2.832	 3	66.2	10.229	0.0158	1520.363	1.6311	8.7074	2479.868	0.649	1.6592
2.842	 3	67.2	10.224	0.0129	1517.364	1.6418	7.7508	2491.25	0.6428	1.5831
2.852	 3	68.2	10.219	0.0156	1519.328	1.6346	8.732	2483.527	0.647	1.5471
2.862	 3	69.2	10.214	0.0131	1515.655	1.6426	7.7727	2489.618	0.6423	1.497
2.872	 3	70.2	10.21	0.0138	1518.216	1.643	7.7815	2494.38	0.6421	1.4631
2.882	 3	71.2	10.21	0.023	1516.187	1.6341	7.7815	2477.658	0.6473	1.4271
2.892	 3	72.2	10.204	0.0151	1514.845	1.6307	7.7947	2470.276	0.6492	1.4059
2.902	 3	73.2	10.199	0.0273	1512.531	1.6059	7.8058	2428.911	0.6637	1.3999
2.912	 3	74.2	10.194	0.0479	1507.765	1.6171	7.8168	2438.205	0.6571	1.3736
2.922	 3	75.2	10.19	0.0155	1508.289	1.6202	6.8475	2443.673	0.6554	1.3482
2.932	 3	76.2	10.183	0.0153	1510.607	1.6308	7.8412	2463.483	0.6492	1.3328
2.942	 3	77.2	10.174	0.0146	1506.59	1.6325	7.8613	2459.518	0.6482	1.3223
2.952	 3	78.2	10.169	0.0113	1513.92	1.6504	6.8884	2498.616	0.6378	1.3237
2.962	 3	79.2	10.159	0.021	1514.686	1.6507	7.8948	2500.231	0.6377	1.3279
2.972	 3	80.2	10.154	0.0209	1508.095	1.6319	7.906	2461.049	0.6486	1.328
2.982	 3	81.2	10.149	0.0213	1505.34	1.6194	6.9276	2437.76	0.6558	1.332
2.992	 3	82.2	10.149	0.0215	1504.001	1.6138	7.9173	2427.111	0.6591	1.3405
3.002	 3	83.2	10.15	0.0166	1505.265	1.6334	6.9257	2458.633	0.6477	1.3504
3.012	 3	84.2	10.156	0.0185	1505.262	1.5847	7.9016	2385.406	0.6759	1.3733
3.022	 3	85.2	10.149	0.0295	1504.001	1.5918	7.9173	2394.073	0.6718	1.406
3.032	 3	86.2	10.156	0.0442	1504.816	1.6004	6.9139	2408.35	0.6668	1.4369
3.042	 3	87.2	10.158	0.0324	1508.24	1.6272	7.8971	2454.158	0.6513	1.4392
3.052	 3	88.2	10.162	0.032	1514.005	1.6611	7.8881	2514.9	0.6316	1.4437
3.062	 3	89.2	10.161	0.0316	1519.288	1.6809	7.8903	2553.749	0.6201	1.4644
3.072	 3	90.2	10.162	0.027	1524.224	1.6871	7.8881	2571.462	0.6166	1.4827
3.082	 3	91.2	10.161	0.0315	1524.074	1.6835	7.8903	2565.74	0.6186	1.4801
3.092	 3	92.2	10.156	0.0334	1519.222	1.6863	7.9016	2561.902	0.617	1.4986
3.102	 3	93.2	10.157	0.0132	1515.97	1.6908	7.8993	2563.191	0.6144	1.4988
3.112	 3	94.2	10.158	0.0098	1515.215	1.6759	7.8971	2539.4	0.623	1.4792
3.122	 3	95.2	10.151	0.0159	1521.433	1.6745	7.9128	2547.667	0.6238	1.4812
3.132	 3	96.2	10.145	0.0156	1513.727	1.6594	7.9263	2511.837	0.6326	1.4599
3.142	 3	97.2	10.156	0.0115	1514.465	1.6598	7.9016	2513.74	0.6324	1.4484
3.152	 3	98.2	10.15	0.012	1514.473	1.6317	7.9151	2471.192	0.6487	1.4351
3.162	 3	99.2	10.145	0.0159	1512.148	1.6432	7.9263	2484.802	0.642	1.4158
3.172	 3	100.2	10.15	0.0082	1512.442	1.6524	7.9151	2499.162	0.6367	1.3855
3.182	 3	101.2	10.155	0.0065	1515.898	1.6519	7.9038	2504.062	0.637	1.3689
3.192	 3	102.2	10.16	0.0075	1518.231	1.6414	6.906	2491.951	0.6431	1.34
3.202	 3	103.2	10.157	0.0086	1513.26	1.6276	7.8993	2462.979	0.651	1.3067
3.212	 3	104.2	10.165	0.0089	1514.001	1.6075	7.8814	2433.747	0.6627	1.2924
3.222	 3	105.2	10.165	0.0178	1515.581	1.5974	7.8814	2421.034	0.6685	1.2746
3.232	 3	106.2	10.155	0.0193	1503.776	1.5985	7.9038	2403.749	0.6679	1.2724
3.242	 3	107.2	10.16	0.025	1506.971	1.5877	6.906	2392.664	0.6742	1.2621
3.252	 3	108.2	10.159	0.0195	1500.147	1.5855	7.8948	2378.549	0.6754	1.2649
3.262	 3	109.2	10.16	0.0111	1496.318	1.5943	6.906	2385.536	0.6704	1.253
3.272	 3	110.2	10.16	0.0119	1498.746	1.5985	7.8926	2395.715	0.6679	1.2563
3.282	 3	111.2	10.16	0.0085	1497.641	1.6427	7.8926	2460.224	0.6423	1.2731
3.292	 3	112.2	10.163	0.0144	1507.416	1.6313	7.8858	2458.997	0.6489	1.298
3.302	 3	113.2	10.164	0.0227	1504.663	1.6546	6.8982	2489.602	0.6354	1.335
3.312	 3	114.2	10.165	0.0216	1506.149	1.634	7.8814	2460.975	0.6474	1.3658
3.322	 3	115.2	10.165	0.0112	1503.921	1.6419	7.8814	2469.324	0.6427	1.384
3.332	 3	116.2	10.169	0.0089	1503.4	1.6388	7.8724	2463.77	0.6445	1.3994
3.342	 3	117.2	10.17	0.009	1503.771	1.6337	6.8864	2456.704	0.6475	1.3821
3.352	 3	118.2	10.17	0.0108	1501.329	1.6422	7.8702	2465.514	0.6426	1.3704
3.362	 3	119.2	10.175	0.0127	1504.065	1.6313	7.859	2453.511	0.6489	1.3389
3.372	 3	120.2	10.18	0.0106	1506.809	1.6629	6.8669	2505.739	0.6305	1.3084
3.382	 3	121.2	10.185	0.0082	1507.103	1.6473	7.8368	2482.619	0.6396	1.2954
3.392	 3	122.2	10.198	0.0128	1510.591	1.6235	6.832	2452.436	0.6534	1.2743
3.402	 3	123.2	10.205	0.0111	1512.3	1.6221	6.8185	2453.116	0.6542	1.279
3.412	 3	124.2	10.215	0.0103	1513.109	1.5938	6.7992	2411.616	0.6706	1.2949
3.422	 3	125.2	10.226	0.009	1510.264	1.5879	6.7782	2398.15	0.6741	1.4947
3.432	 3	126.2	10.241	0.0129	1510.472	1.5646	5.7853	2363.326	0.6876	1.537
3.442	 3	127.2	10.245	0.0141	1509.948	1.5528	6.742	2344.701	0.6944	1.5649
3.452	 3	128.2	10.253	0.014	1511.573	1.5491	6.7268	2341.582	0.6966	1.5895
3.462	 3	129.2	10.263	0.0087	1514.163	1.5659	6.7079	2370.996	0.6868	1.6101
3.472	 3	130.2	10.269	0.0135	1515.272	1.6253	6.6966	2462.765	0.6524	1.6151
3.482	 3	131.2	10.282	0.0131	1517.414	1.6348	7.6254	2480.628	0.6469	1.6065
3.492	 3	132.2	10.284	0.0147	1516.143	1.6345	7.6212	2478.068	0.6471	1.638
3.502	 3	133.2	10.303	0.0096	1516.039	1.6248	7.5807	2463.331	0.6526	1.6496
3.512	 3	134.2	10.344	0.0085	1521.176	1.6157	7.4945	2457.74	0.658	1.675
3.522	 3	135.2	10.342	0.0054	1523.122	1.6472	7.4987	2508.949	0.6397	1.7213
3.532	 3	136.2	10.494	0.0041	1523.962	1.6143	7.1905	2460.105	0.6588	1.7583
3.542	 3	137.2	10.553	0.001	1536.77	1.6226	7.0756	2493.575	0.6539	1.8314
3.552	 3	138.2	10.562	0.0001	1514.917	1.6243	7.0583	2460.657	0.653	1.9271
3.562	 3	139.2	10.548	0.0012	1540.754	1.6309	7.0853	2512.841	0.6491	2.1255
3.572	 3	140.2	10.529	0.0045	1531.491	1.6224	7.122	2484.712	0.6541	2.5777
3.582	 3	141.2	10.487	0.0017	1531.843	1.6143	8.1048	2472.798	0.6588	3.8061
3.592	 3	142.2	10.482	0.0028	1524.654	1.6145	7.2141	2461.531	0.6587	11.8307
3.602	 3	143.2	10.548	0.0066	1528.253	1.6096	7.0853	2459.835	0.6615	7.7079
3.612	 3	144.2	10.706	0.0003	1432.816	1.597	7.6383	2288.144	0.6688	2.8099
3.622	 3	145.2	10.821	0.0	111.3776	1.1162	6.5852	124.3174	0.9477	2.1243
3.632	 4	0.8	10.839	0.0	111.5628	1.5416	7.3733	171.9896	0.7009	2.459
3.642	 4	1.8	10.877	0.0	111.954	1.6626	7.3	186.1363	0.6307	5.442
3.652	 4	2.8	10.852	0.0002	1576.409	1.6827	7.3481	2652.602	0.6191	16.3685
3.662	 4	3.8	10.787	0.0022	1562.201	1.6711	8.3059	2610.601	0.6258	4.3843
3.672	 4	4.8	10.661	0.0	109.7307	1.6792	8.59	184.2559	0.6211	3.2447
3.682	 4	5.8	10.326	0.002	1525.259	1.7208	9.4152	2624.679	0.597	2.8536
3.692	 4	6.8	10.221	0.0027	1541.396	1.7403	9.6967	2682.536	0.5857	2.6553
3.702	 4	7.8	10.173	0.0073	1538.799	1.7393	9.8294	2676.473	0.5862	2.5561
3.712	 4	8.8	10.163	0.0609	1534.269	1.7696	9.8573	2715.048	0.5687	2.4737
3.722	 4	9.8	10.167	0.02	1522.69	1.7382	9.8461	2646.76	0.5869	2.4135
3.732	 4	10.8	10.168	0.0124	1525.353	1.713	9.8433	2612.993	0.6015	2.3478
3.742	 4	11.8	10.164	0.0372	1531.645	1.7051	9.8545	2611.652	0.6061	2.3294
3.752	 4	12.8	10.161	0.0471	1522.703	1.7077	10.8492	2600.318	0.6046	2.2964
3.762	 4	13.8	10.161	0.0345	1524.074	1.703	9.8629	2595.469	0.6073	2.1942
3.772	 4	14.8	10.16	0.025	1524.381	1.7023	9.8657	2594.904	0.6077	2.1368
3.782	 4	15.8	10.166	0.0363	1526.656	1.7193	10.8338	2624.849	0.5978	2.0449
3.792	 4	16.8	10.17	0.0308	1522.911	1.6982	9.8377	2586.279	0.6101	1.9929
3.802	 4	17.8	10.181	0.0127	1519.099	1.6784	9.8071	2549.722	0.6216	1.9385
3.812	 4	18.8	10.19	0.0145	1531.18	1.679	9.7821	2570.807	0.6212	1.9116
3.822	 4	19.8	10.195	0.0216	1520.054	1.6891	8.7914	2567.567	0.6154	1.8519
3.832	 4	20.8	10.2	0.0268	1516.278	1.6619	8.779	2519.965	0.6311	1.8132
3.842	 4	21.8	10.206	0.0214	1522.829	1.6844	9.7379	2565.068	0.6181	1.7708
3.852	 4	22.8	10.198	0.0243	1523.909	1.6866	9.76	2570.226	0.6168	1.7578
3.862	 4	23.8	10.21	0.0389	1523.881	1.6731	8.7542	2549.611	0.6246	1.7364
3.872	 4	24.8	10.214	0.0301	1519.036	1.6834	8.7443	2557.115	0.6187	1.6804
3.882	 4	25.8	10.216	0.0266	1524.094	1.6994	9.7104	2590.025	0.6094	1.6389
3.892	 4	26.8	10.225	0.0324	1531.606	1.7232	8.7172	2639.278	0.5956	1.5827
3.902	 4	27.8	10.22	0.0674	1528.567	1.7132	7.7596	2618.806	0.6014	1.5274
3.912	 4	28.8	10.226	0.0463	1525.586	1.714	6.7782	2614.899	0.6009	1.4716
3.922	 4	29.8	10.234	0.0171	1535.714	1.4706	5.7968	2258.455	0.7421	1.4238
3.932	 4	30.8	10.23	0.0049	1526.182	0.6164	3.8689	940.7902	1.2376	1.3743
3.942	 4	31.8	10.23	0.0004	1377.963	0.4691	3.8689	646.3823	1.323	1.3328
3.952	 4	32.8	10.231	0.0001	1107.131	0.3902	2.9008	432.0387	1.3688	1.3359
3.962	 4	33.8	10.225	0.0004	1145.401	0.3832	2.9057	438.8665	1.3729	1.3981
3.972	 4	34.8	10.227	0.0006	1140.261	0.3802	3.8721	433.5304	1.3746	1.5032
3.982	 4	35.8	10.229	0.0004	1216.869	0.7733	4.8374	940.9528	1.1466	1.589
3.992	 4	36.8	10.226	0.0024	1306.336	1.4178	5.8098	1852.181	0.7727	1.6728
4.002	 4	37.8	10.221	0.0061	1538.612	1.6986	7.7574	2613.418	0.6099	1.8446
4.012	 4	38.8	10.215	0.0147	1528.505	1.6972	8.7419	2594.182	0.6107	2.0681
4.022	 4	39.8	10.21	0.0104	1523.881	1.6861	7.7815	2569.365	0.6171	2.2252
4.032	 4	40.8	10.21	0.0285	1530.964	1.6925	8.7542	2591.11	0.6134	2.3608
4.042	 4	41.8	10.21	0.0206	1525.702	1.7063	8.7542	2603.293	0.6054	2.4203
4.052	 4	42.8	10.205	0.0086	1528.381	1.6886	8.7666	2580.879	0.6156	2.4896
4.062	 4	43.8	10.206	0.0265	1526.93	1.6778	9.7379	2561.846	0.6219	2.5294
4.072	 4	44.8	10.2	0.0184	1519.893	1.6768	9.7545	2548.482	0.6225	2.5516
4.082	 4	45.8	10.201	0.0192	1519.589	1.6635	8.7765	2527.799	0.6302	2.576
4.092	 4	46.8	10.199	0.0245	1520.197	1.6718	9.7572	2541.409	0.6254	2.5712
4.102	 4	47.8	10.202	0.0227	1522.459	1.6664	8.774	2537.074	0.6285	2.5738
4.112	 4	48.8	10.199	0.0243	1522.921	1.6556	9.7572	2521.387	0.6348	2.5531
4.122	 4	49.8	10.207	0.0254	1521.162	1.6473	8.7616	2505.875	0.6396	2.5327
4.132	 4	50.8	10.207	0.0292	1522.524	1.6617	8.7616	2529.901	0.6313	2.538
4.142	 4	51.8	10.207	0.0337	1522.07	1.6501	8.7616	2511.614	0.638	2.5191
4.152	 4	52.8	10.207	0.0344	1519.577	1.6597	8.7616	2522.001	0.6324	2.5216
4.162	 4	53.8	10.21	0.0339	1516.862	1.6355	9.7269	2480.847	0.6465	2.4978
4.172	 4	54.8	10.225	0.0277	1516.612	1.65	8.7172	2502.437	0.638	2.4739
4.182	 4	55.8	10.241	0.0208	1517.635	1.6402	9.6422	2489.238	0.6437	2.4773
4.192	 4	56.8	10.278	0.0486	1523.795	1.6572	9.5425	2525.256	0.6339	2.4999
4.202	 4	57.8	10.293	0.0306	1527.378	1.6934	8.5522	2586.484	0.6129	2.5325
4.212	 4	58.8	10.292	0.0252	1530.409	1.6479	8.5546	2522.001	0.6393	2.5852
4.222	 4	59.8	10.298	0.0611	1529.482	1.6342	9.4892	2499.427	0.6472	2.6293
4.232	 4	60.8	10.302	0.0398	1524.19	1.6399	9.4786	2499.531	0.6439	2.6232
4.242	 4	61.8	10.298	0.0356	1524.952	1.6486	8.5402	2514.11	0.6388	2.6521
4.252	 4	62.8	10.295	0.0331	1526.316	1.6579	9.4971	2530.437	0.6335	2.6309
4.262	 4	63.8	10.293	0.0474	1526.698	1.65	8.5522	2519.07	0.638	2.6343
4.272	 4	64.8	10.288	0.0375	1526.183	1.6638	8.5642	2539.314	0.63	2.627
4.282	 4	65.8	10.279	0.0406	1527.34	1.6596	8.5858	2534.777	0.6325	2.6266
4.292	 4	66.8	10.277	0.0362	1524.099	1.6501	8.5906	2514.841	0.638	2.6533
4.302	 4	67.8	10.267	0.0287	1520.587	1.6463	9.572	2503.396	0.6402	2.6765
4.312	 4	68.8	10.267	0.0392	1525.557	1.6447	9.572	2509.024	0.6411	2.7359
4.322	 4	69.8	10.26	0.0552	1522.029	1.6383	9.5908	2493.508	0.6449	2.7078
4.332	 4	70.8	10.252	0.0461	1521.068	1.6521	9.6124	2512.969	0.6368	2.6854
4.342	 4	71.8	10.247	0.0473	1518.074	1.6354	8.6634	2482.628	0.6465	2.648
4.352	 4	72.8	10.239	0.0325	1513.078	1.6466	9.6477	2491.503	0.64	2.5812
4.362	 4	73.8	10.234	0.0452	1517.047	1.6397	9.6613	2487.455	0.644	2.5231
4.372	 4	74.8	10.228	0.0382	1515.484	1.6535	8.7099	2505.784	0.636	2.4648
4.382	 4	75.8	10.219	0.039	1515.048	1.6454	9.7022	2492.872	0.6407	2.4237
4.392	 4	76.8	10.219	0.0396	1516.172	1.6374	8.732	2482.544	0.6454	2.3604
4.402	 4	77.8	10.214	0.0319	1512.289	1.6591	8.7443	2509.038	0.6328	2.2939
4.412	 4	78.8	10.209	0.0299	1513.341	1.6329	8.7567	2471.174	0.648	2.2472
4.422	 4	79.8	10.194	0.0318	1516.287	1.6618	8.7939	2519.751	0.6312	2.2195
4.432	 4	80.8	10.189	0.0581	1518.254	1.6606	8.8064	2521.256	0.6319	2.2472
4.442	 4	81.8	10.186	0.0459	1512.847	1.6538	8.8139	2501.965	0.6358	2.2303
4.452	 4	82.8	10.173	0.0395	1513.839	1.6573	8.8464	2508.928	0.6338	2.2489
4.462	 4	83.8	10.17	0.0386	1517.231	1.6536	8.854	2508.916	0.636	2.2877
4.472	 4	84.8	10.164	0.0384	1517.241	1.6557	8.8691	2512.112	0.6347	2.2892
4.482	 4	85.8	10.159	0.0397	1517.628	1.6841	9.8685	2555.829	0.6183	2.2603
4.492	 4	86.8	10.149	0.055	1519.539	1.6627	8.907	2526.469	0.6307	2.2446
4.502	 4	87.8	10.149	0.0381	1515.002	1.6615	9.8966	2517.22	0.6314	2.2334
4.512	 4	88.8	10.144	0.0423	1520.84	1.6697	9.9107	2539.341	0.6266	2.231
4.522	 4	89.8	10.144	0.0522	1515.387	1.7005	8.9196	2576.987	0.6087	2.2278
4.532	 4	90.8	10.143	0.0399	1512.977	1.6736	8.9222	2532.054	0.6244	2.2666
4.542	 4	91.8	10.144	0.0311	1517.654	1.6757	9.9107	2543.094	0.6232	2.31
4.552	 4	92.8	10.145	0.0254	1520.99	1.6698	9.9079	2539.773	0.6266	2.3482
4.562	 4	93.8	10.15	0.0439	1522.195	1.6721	9.8938	2545.292	0.6252	2.3256
4.572	 4	94.8	10.149	0.0472	1519.994	1.684	9.8966	2559.707	0.6183	2.3633
4.582	 4	95.8	10.147	0.0395	1514.93	1.6772	9.9023	2540.808	0.6223	2.39
4.592	 4	96.8	10.151	0.0329	1519.838	1.6883	9.891	2565.962	0.6158	2.4364
4.602	 4	97.8	10.151	0.0343	1521.433	1.6959	8.9019	2580.148	0.6114	2.4817
4.612	 4	98.8	10.161	0.0332	1517.02	1.6864	9.8629	2558.244	0.617	2.4755
4.622	 4	99.8	10.159	0.0204	1516.269	1.6896	9.8685	2561.871	0.6151	2.5061
4.632	 4	100.8	10.165	0.0206	1516.033	1.6851	9.8517	2554.698	0.6177	2.5108
4.642	 4	101.8	10.175	0.0196	1516.393	1.6916	9.8238	2565.095	0.6139	2.5135
4.652	 4	102.8	10.18	0.0174	1515.332	1.6931	9.8099	2565.57	0.6131	2.5512
4.662	 4	103.8	10.185	0.0147	1519.696	1.7054	9.796	2591.758	0.6059	2.5313
4.672	 4	104.8	10.19	0.0148	1520.215	1.7031	9.7821	2589.128	0.6072	2.5389
4.682	 4	105.8	10.188	0.014	1518.331	1.7106	9.7877	2597.211	0.6029	2.5456
4.692	 4	106.8	10.186	0.0142	1519.165	1.7142	9.7932	2604.121	0.6008	2.5376
4.702	 4	107.8	10.179	0.0161	1522.663	1.7298	10.7939	2633.878	0.5918	2.534
4.712	 4	108.8	10.179	0.0203	1525.858	1.7225	9.8127	2628.359	0.596	2.5382
4.722	 4	109.8	10.18	0.0195	1524.865	1.7236	9.8099	2628.225	0.5954	2.5553
4.732	 4	110.8	10.179	0.0195	1527.232	1.7088	10.7939	2609.761	0.6039	2.5732
4.742	 4	111.8	10.165	0.0439	1526.276	1.7153	9.8517	2618.074	0.6002	2.5806
4.752	 4	112.8	10.161	0.0364	1525.218	1.7325	9.8629	2642.51	0.5902	2.5909
4.762	 4	113.8	10.16	0.027	1522.782	1.7397	10.8523	2649.209	0.586	2.6758
4.772	 4	114.8	10.16	0.029	1526.213	1.7309	10.8523	2641.719	0.5911	2.7085
4.782	 4	115.8	10.164	0.0406	1531.876	1.7421	9.8545	2668.668	0.5846	2.6973
4.792	 4	116.8	10.165	0.0359	1531.104	1.7337	9.8517	2654.451	0.5895	2.7583
4.802	 4	117.8	10.169	0.0341	1529.863	1.7613	9.8405	2694.613	0.5735	2.7663
4.812	 4	118.8	10.166	0.0346	1529.642	1.7384	9.8489	2659.106	0.5868	2.7581
4.822	 4	119.8	10.167	0.0274	1525.889	1.7394	9.8461	2654.186	0.5862	2.7892
4.832	 4	120.8	10.172	0.0191	1524.58	1.728	9.8322	2634.398	0.5928	2.7918
4.842	 4	121.8	10.177	0.0197	1523.503	1.7018	9.8182	2592.656	0.608	2.7814
4.852	 4	122.8	10.177	0.0296	1525.33	1.7024	8.8364	2596.663	0.6077	2.7723
4.862	 4	123.8	10.183	0.0235	1520.531	1.6932	9.8015	2574.501	0.613	2.7482
4.872	 4	124.8	10.187	0.0214	1521.356	1.717	8.8114	2612.163	0.5992	2.7834
4.882	 4	125.8	10.192	0.0172	1520.74	1.7004	8.7989	2585.933	0.6088	2.7467
4.892	 4	126.8	10.201	0.0155	1519.815	1.7019	9.7517	2586.552	0.608	2.7462
4.902	 4	127.8	10.202	0.0136	1517.929	1.6991	9.7489	2579.069	0.6096	2.7035
4.912	 4	128.8	10.208	0.0192	1522.219	1.6992	8.7592	2586.627	0.6095	2.6852
4.922	 4	129.8	10.227	0.0192	1521.649	1.6865	8.7123	2566.192	0.6169	2.7371
4.932	 4	130.8	10.221	0.0107	1513.325	1.6716	8.7271	2529.658	0.6255	2.8893
4.942	 4	131.8	10.226	0.0063	1526.269	1.7087	8.7148	2607.878	0.604	3.3554
4.952	 4	132.8	10.236	0.0137	1529.816	1.7211	8.6902	2632.9	0.5968	3.6757
4.962	 4	133.8	10.24	0.0111	1533.393	1.709	8.6804	2620.573	0.6038	3.8934
4.972	 4	134.8	10.251	0.0158	1538.265	1.6962	8.6536	2609.247	0.6112	4.1137
4.982	 4	135.8	10.248	0.0113	1530.009	1.7181	8.6609	2628.767	0.5985	4.2243
4.992	 4	136.8	10.258	0.0043	1522.41	1.7192	8.6366	2617.284	0.5979	4.2754
5.002	 4	137.8	10.268	0.0024	1523.216	1.7011	8.6124	2591.115	0.6084	3.9604
5.012	 4	138.8	10.273	0.0029	1527.811	1.7008	7.6447	2598.57	0.6086	4.0805
5.022	 4	139.8	10.285	0.0023	1423.135	1.6845	7.619	2397.251	0.618	3.8154
5.032	 4	140.8	10.365	0.0011	1327.655	1.6744	8.3822	2222.996	0.6239	3.6913
5.042	 4	141.8	10.365	0.0007	1337.937	1.6672	8.3822	2230.555	0.6281	3.6248
5.052	 4	142.8	10.515	0.0002	1337.956	1.6611	8.043	2222.51	0.6316	3.5051
5.062	 4	143.8	10.537	0.0	108.4544	1.6399	7.9948	177.8595	0.6439	3.3671
5.072	 4	144.8	10.58	0.0	108.897	1.6324	7.9019	177.7675	0.6482	3.0723
5.082	 4	145.8	10.589	0.0001	1387.811	1.6193	7.8827	2247.297	0.6559	2.8989
5.092	 4	146.8	10.57	0.0	108.7941	1.634	7.9234	177.7675	0.6473	3.3092
5.102	 4	147.8	10.523	0.0001	1432.675	1.6281	8.0254	2332.496	0.6508	6.7183
5.112	 4	148.8	10.451	0.0001	1444.506	1.6295	9.0948	2353.828	0.6499	13.6872
5.122	 4	149.8	10.525	0.0002	1476.986	1.6269	8.9123	2402.944	0.6514	3.286
5.132	 4	150.8	10.682	0.0	109.9469	1.5975	7.6875	175.6441	0.6685	2.4743
5.142	 5	0.1	10.781	0.0	110.9659	1.2691	7.4872	140.8317	0.859	2.7305
5.152	 5	1.1	10.786	0.0	111.0173	1.6085	7.4773	178.5677	0.6621	3.9099
5.162	 5	2.1	10.786	0.0008	1562.962	1.635	7.4773	2555.464	0.6467	8.8792
5.172	 5	3.1	10.775	0.0013	1555.058	1.6315	7.4992	2537.131	0.6488	49.6486
5.182	 5	4.1	10.719	0.0015	1545.193	1.621	6.766	2504.826	0.6548	7.1588
5.192	 5	5.1	10.511	0.0	108.1868	1.6238	7.1571	175.6741	0.6532	4.4746
5.202	 5	6.1	10.26	0.0027	1526.104	1.6865	7.6727	2573.85	0.6169	3.6122
5.212	 5	7.1	10.175	0.0022	1526.403	1.6683	7.859	2546.489	0.6274	3.2843
5.222	 5	8.1	10.159	0.0053	1541.812	1.7172	7.8948	2647.665	0.599	3.1691
5.232	 5	9.1	10.162	0.0274	1539.697	1.7061	7.8881	2626.806	0.6055	3.1717
5.242	 5	10.1	10.151	0.0427	1537.564	1.7061	7.9128	2623.288	0.6055	3.1271
5.252	 5	11.1	10.145	0.0315	1537.354	1.7341	7.9263	2665.871	0.5893	3.1069
5.262	 5	12.1	10.145	0.0282	1533.404	1.7277	7.9263	2649.284	0.593	3.1408
5.272	 5	13.1	10.145	0.0292	1532.477	1.725	7.9263	2643.533	0.5945	3.1452
5.282	 5	14.1	10.14	0.0184	1532.185	1.7352	7.9376	2658.682	0.5886	3.1154
5.292	 5	15.1	10.144	0.027	1531.17	1.7183	8.9196	2630.991	0.5984	3.0972
5.302	 5	16.1	10.141	0.0231	1530.255	1.7248	7.9354	2639.361	0.5947	3.0537
5.312	 5	17.1	10.15	0.0193	1534.856	1.7411	7.9151	2672.376	0.5852	3.0131
5.322	 5	18.1	10.16	0.0142	1535.207	1.7237	8.8791	2646.176	0.5953	2.9489
5.332	 5	19.1	10.165	0.0136	1534.803	1.7319	8.8665	2658.07	0.5906	3.0513
5.342	 5	20.1	10.175	0.0147	1537.241	1.732	7.859	2662.472	0.5905	3.0467
5.352	 5	21.1	10.175	0.0159	1537.009	1.7262	7.859	2653.236	0.5938	3.0555
5.362	 5	22.1	10.177	0.0144	1536.847	1.7145	8.8364	2634.928	0.6006	3.0042
5.372	 5	23.1	10.18	0.0137	1534.982	1.7369	8.8289	2666.124	0.5876	3.006
5.382	 5	24.1	10.18	0.0124	1537.068	1.7532	9.8099	2694.81	0.5782	2.9151
5.392	 5	25.1	10.185	0.0155	1537.358	1.7555	8.8164	2698.771	0.5769	2.86
5.402	 5	26.1	10.185	0.0149	1533.193	1.7336	8.8164	2657.974	0.5895	2.7703
5.412	 5	27.1	10.19	0.0139	1535.101	1.7386	8.8039	2668.869	0.5867	2.7269
5.422	 5	28.1	10.193	0.0141	1535.784	1.7485	8.7964	2685.323	0.5809	2.7181
5.432	 5	29.1	10.196	0.0137	1537.858	1.7233	8.789	2650.16	0.5955	2.7247
5.442	 5	30.1	10.194	0.0136	1538.485	1.7425	8.7939	2680.775	0.5844	2.8076
5.452	 5	31.1	10.196	0.0127	1536.468	1.7464	8.789	2683.356	0.5821	2.9495
5.462	 5	32.1	10.196	0.0151	1536.236	1.7194	8.789	2641.363	0.5978	2.9523
5.472	 5	33.1	10.191	0.0153	1536.409	1.7347	8.8014	2665.254	0.5889	2.8782
5.482	 5	34.1	10.19	0.0163	1538.345	1.7279	8.8039	2658.134	0.5929	2.7695
5.492	 5	35.1	10.185	0.0121	1535.504	1.7324	8.8164	2660.114	0.5903	2.7025
5.502	 5	36.1	10.18	0.012	1536.836	1.7233	8.8289	2648.394	0.5955	2.6961
5.512	 5	37.1	10.18	0.0244	1537.997	1.72	8.8289	2645.315	0.5975	2.7581
5.522	 5	38.1	10.18	0.0148	1535.677	1.7224	7.8479	2645.011	0.5961	2.8788
5.532	 5	39.1	10.175	0.0154	1535.617	1.7139	7.859	2631.965	0.601	2.9809
5.542	 5	40.1	10.18	0.0172	1534.982	1.7004	8.8289	2610.068	0.6088	3.0839
5.552	 5	41.1	10.181	0.0157	1528.908	1.7231	8.8264	2634.474	0.5956	3.1907
5.562	 5	42.1	10.182	0.016	1533.203	1.6957	8.8239	2599.792	0.6116	3.3198
5.572	 5	43.1	10.177	0.0312	1526.474	1.6694	8.8364	2548.275	0.6268	3.3999
5.582	 5	44.1	10.182	0.024	1524.48	1.6703	7.8434	2546.299	0.6263	3.4179
5.592	 5	45.1	10.183	0.024	1524.858	1.6443	8.8214	2507.281	0.6414	3.441
5.602	 5	46.1	10.183	0.0451	1527.374	1.6905	7.8412	2582.083	0.6145	3.5394
5.612	 5	47.1	10.184	0.0391	1533.735	1.6953	8.8189	2600.184	0.6118	3.5499
5.622	 5	48.1	10.189	0.0395	1533.795	1.6945	7.8279	2599.009	0.6122	3.4808
5.632	 5	49.1	10.194	0.0374	1530.401	1.7116	7.8168	2619.501	0.6023	3.4992
5.642	 5	50.1	10.198	0.0537	1534.226	1.6953	7.808	2601.032	0.6118	3.456
5.652	 5	51.1	10.196	0.0296	1529.094	1.6925	7.8124	2587.926	0.6134	3.3664
5.662	 5	52.1	10.199	0.0244	1522.693	1.6798	7.8058	2557.806	0.6208	3.306
5.672	 5	53.1	10.199	0.0205	1527.94	1.6928	7.8058	2586.55	0.6132	3.2406
5.682	 5	54.1	10.204	0.0366	1527.088	1.6747	7.7947	2557.354	0.6237	3.1639
5.692	 5	55.1	10.203	0.0249	1520.113	1.6757	7.7969	2547.23	0.6232	3.0667
5.702	 5	56.1	10.202	0.0223	1522.914	1.6684	7.7992	2540.862	0.6274	3.0252
5.712	 5	57.1	10.205	0.0335	1521.318	1.6648	7.7925	2532.7	0.6295	2.9506
5.722	 5	58.1	10.21	0.0255	1522.517	1.6631	7.7815	2532.162	0.6304	2.9461
5.732	 5	59.1	10.21	0.0426	1523.881	1.6648	7.7815	2537.021	0.6294	2.8715
5.742	 5	60.1	10.224	0.0298	1525.97	1.6771	7.7508	2559.235	0.6223	2.7821
5.752	 5	61.1	10.235	0.0399	1528.068	1.6312	7.7268	2492.651	0.6489	2.764
5.762	 5	62.1	10.234	0.0434	1522.237	1.6607	7.729	2527.91	0.6319	2.7521
5.772	 5	63.1	10.229	0.0319	1523.987	1.6525	7.7399	2518.314	0.6366	2.6796
5.782	 5	64.1	10.233	0.0515	1522.315	1.5939	7.7312	2426.428	0.6706	2.6128
5.792	 5	65.1	10.224	0.0425	1512.65	1.618	7.7508	2447.487	0.6566	2.5467
5.802	 5	66.1	10.219	0.0409	1515.947	1.6032	7.7618	2430.438	0.6652	2.4964
5.812	 5	67.1	10.219	0.0412	1516.847	1.5935	7.7618	2417.027	0.6709	2.446
5.822	 5	68.1	10.215	0.0424	1514.006	1.5914	7.7705	2409.462	0.672	2.3267
5.832	 5	69.1	10.204	0.0382	1509.914	1.5987	7.7947	2413.902	0.6678	2.1609
5.842	 5	70.1	10.199	0.0373	1511.859	1.5767	7.8058	2383.805	0.6805	2.0964
5.852	 5	71.1	10.194	0.0392	1510.222	1.5966	7.8168	2411.176	0.669	2.0765
5.862	 5	72.1	10.189	0.0265	1507.695	1.5801	7.8279	2382.304	0.6786	2.1037
5.872	 5	73.1	10.184	0.027	1507.401	1.5903	7.839	2397.146	0.6727	2.1951
5.882	 5	74.1	10.179	0.0234	1511.359	1.6016	7.8501	2420.544	0.6661	2.3737
5.892	 5	75.1	10.18	0.0536	1516.235	1.5656	7.8479	2373.742	0.687	2.5852
5.902	 5	76.1	10.164	0.0431	1510.253	1.5947	7.8836	2408.389	0.6701	2.7756
5.912	 5	77.1	10.161	0.0167	1505.333	1.579	8.8766	2376.938	0.6792	2.8573
5.922	 5	78.1	10.153	0.0112	1514.017	1.7424	8.8968	2638.094	0.5844	2.9335
5.932	 5	79.1	10.15	0.0128	1538.578	1.7541	9.8938	2698.742	0.5777	3.0133
5.942	 5	80.1	10.149	0.0239	1537.96	1.7579	8.907	2703.653	0.5754	3.1427
5.952	 5	81.1	10.145	0.0248	1538.753	1.7558	8.9171	2701.811	0.5767	3.2662
5.962	 5	82.1	10.145	0.0248	1532.94	1.7332	9.9079	2656.823	0.5898	3.3981
5.972	 5	83.1	10.145	0.023	1529.243	1.722	9.9079	2633.366	0.5963	3.5023
5.982	 5	84.1	10.157	0.0332	1531.052	1.7329	9.8741	2653.198	0.59	3.5063
5.992	 5	85.1	10.162	0.0183	1532.499	1.7269	9.8601	2646.522	0.5934	3.5814
6.002	 5	86.1	10.168	0.0191	1534.098	1.7356	9.8433	2662.588	0.5884	3.5967
6.012	 5	87.1	10.167	0.0168	1531.405	1.7419	8.8615	2667.529	0.5848	3.6371
6.022	 5	88.1	10.17	0.0292	1533.705	1.7466	9.8377	2678.753	0.582	3.6774
6.032	 5	89.1	10.173	0.0309	1535.779	1.7498	8.8464	2687.268	0.5802	3.5864
6.042	 5	90.1	10.175	0.0295	1537.241	1.7479	9.8238	2686.925	0.5813	3.3962
6.052	 5	91.1	10.183	0.0312	1538.45	1.7373	9.8015	2672.769	0.5874	3.0988
6.062	 5	92.1	10.201	0.0494	1532.833	1.7137	9.7517	2626.884	0.6011	3.0386
6.072	 5	93.1	10.223	0.0475	1531.077	1.6831	8.7221	2576.886	0.6189	2.9049
6.082	 5	94.1	10.214	0.0381	1528.584	1.7242	9.7159	2635.523	0.595	2.8177
6.092	 5	95.1	10.216	0.0384	1531.634	1.6959	9.7104	2597.441	0.6114	2.6845
6.102	 5	96.1	10.219	0.0335	1529.561	1.696	8.732	2594.061	0.6114	2.5854
6.112	 5	97.1	10.221	0.042	1524.612	1.6851	8.7271	2569.158	0.6177	2.5141
6.122	 5	98.1	10.221	0.0274	1521.888	1.693	8.7271	2576.532	0.6131	2.4313
6.132	 5	99.1	10.217	0.0241	1523.561	1.6951	8.7369	2582.604	0.6119	2.4234
6.142	 5	100.1	10.213	0.0345	1518.21	1.6298	9.7187	2474.412	0.6498	2.4497
6.152	 5	101.1	10.207	0.0339	1517.995	1.6482	8.7616	2501.926	0.6391	2.5233
6.162	 5	102.1	10.179	0.037	1512.257	1.6355	8.8314	2473.356	0.6464	2.5984
6.172	 5	103.1	10.177	0.0312	1512.634	1.6195	8.8364	2449.755	0.6557	2.6535
6.182	 5	104.1	10.172	0.0246	1514.367	1.6241	8.8489	2459.503	0.6531	2.7603
6.192	 5	105.1	10.17	0.0231	1515.422	1.6433	8.854	2490.334	0.6419	2.7816
6.202	 5	106.1	10.168	0.0258	1518.292	1.7332	8.859	2631.462	0.5898	2.8709
6.212	 5	107.1	10.168	0.0161	1531.787	1.7241	9.8433	2640.965	0.5951	3.0034
6.222	 5	108.1	10.168	0.0186	1533.404	1.7528	9.8433	2687.753	0.5784	3.128
6.232	 5	109.1	10.169	0.0151	1533.786	1.7511	9.8405	2685.784	0.5794	3.2825
6.242	 5	110.1	10.174	0.0197	1535.698	1.7521	9.8266	2690.662	0.5788	3.4429
6.252	 5	111.1	10.173	0.0148	1534.852	1.7348	9.8294	2662.588	0.5889	3.4718
6.262	 5	112.1	10.174	0.0156	1543.854	1.7832	9.8266	2753.06	0.5608	3.5314
6.272	 5	113.1	10.168	0.0261	1543.412	1.777	9.8433	2742.577	0.5644	3.6303
6.282	 5	114.1	10.168	0.0211	1542.476	1.7556	9.8433	2707.961	0.5768	3.6983
6.292	 5	115.1	10.168	0.0174	1541.073	1.7615	9.8433	2714.625	0.5734	3.8126
6.302	 5	116.1	10.168	0.0128	1542.008	1.7578	9.8433	2710.498	0.5755	3.745
6.312	 5	117.1	10.173	0.0139	1540.43	1.7613	9.8294	2713.122	0.5735	3.6392
6.322	 5	118.1	10.173	0.0125	1538.566	1.7758	9.8294	2732.134	0.5651	3.6193
6.332	 5	119.1	10.179	0.0114	1542.039	1.7738	9.8127	2735.22	0.5663	3.4602
6.342	 5	120.1	10.173	0.0116	1540.43	1.7764	9.8294	2736.422	0.5647	3.4878
6.352	 5	121.1	10.178	0.0123	1536.766	1.7793	9.8154	2734.437	0.563	3.68
6.362	 5	122.1	10.183	0.0089	1537.753	1.775	9.8015	2729.471	0.5656	3.7987
6.372	 5	123.1	10.189	0.0098	1537.962	1.7284	9.7849	2658.198	0.5926	3.9912
6.382	 5	124.1	10.189	0.0131	1531.95	1.74	9.7849	2665.529	0.5859	4.1207
6.392	 5	125.1	10.194	0.0101	1529.712	1.7278	9.771	2643.104	0.5929	3.8621
6.402	 5	126.1	10.195	0.0109	1529.632	1.7628	9.7683	2696.426	0.5726	3.6757
6.412	 5	127.1	10.203	0.009	1531.062	1.7542	10.7208	2685.833	0.5776	3.6439
6.422	 5	128.1	10.208	0.0099	1531.353	1.7621	9.7324	2698.422	0.573	3.7626
6.432	 5	129.1	10.203	0.0099	1529.456	1.7577	10.7208	2688.259	0.5756	4.2876
6.442	 5	130.1	10.212	0.0086	1529.888	1.7617	10.6936	2695.264	0.5732	4.7121
6.452	 5	131.1	10.214	0.0077	1529.042	1.7536	10.6875	2681.302	0.578	4.9474
6.462	 5	132.1	10.225	0.0081	1528.401	1.7449	10.6544	2666.877	0.583	5.1039
6.472	 5	133.1	10.231	0.0079	1527.699	1.7328	9.6694	2647.219	0.59	5.0625
6.482	 5	134.1	10.241	0.0073	1528.279	1.7178	10.6064	2625.292	0.5987	5.0851
6.492	 5	135.1	10.242	0.0071	1527.289	1.7149	9.6395	2619.21	0.6004	4.9053
6.502	 5	136.1	10.263	0.0058	1528.142	1.6998	9.5827	2597.597	0.6091	5.2607
6.512	 5	137.1	10.309	0.003	1524.098	1.694	9.46	2581.855	0.6125	5.052
6.522	 5	138.1	10.314	0.001	1518.775	1.6959	9.4468	2575.622	0.6115	5.056
6.532	 5	139.1	10.314	0.0011	1309.881	1.6923	9.4468	2216.734	0.6135	5.0835
6.542	 5	140.1	10.426	0.0002	1308.156	1.6643	9.1576	2177.155	0.6298	5.3643
6.552	 5	141.1	10.448	0.0	107.5384	1.6838	9.1023	181.0704	0.6185	6.1055
6.562	 5	142.1	10.479	0.0	107.8575	1.6999	8.1226	183.3448	0.6091	7.9595
6.572	 5	143.1	10.518	0.0	108.2589	1.7029	8.9293	184.354	0.6074	17.7314
6.582	 5	144.1	10.507	0.0	108.1457	1.6837	8.9562	182.0892	0.6185	30.5491
6.592	 5	145.1	10.49	0.0	107.9707	1.6636	8.0981	179.6238	0.6301	5.7142
6.602	 5	146.1	10.494	0.0001	1227.943	1.6741	8.0893	2055.639	0.6241	2.9876
6.612	 5	147.1	10.61	0.0	844.6779	1.6183	6.9671	1366.964	0.6564	2.173
6.622	 5	148.1	10.764	0.0	110.7909	0.8789	7.5211	97.3766	1.0853	1.911
6.632	 6	0.8	10.798	0.0	111.1408	0.8213	7.4536	91.2758	1.1188	1.8711
6.642	 6	1.8	10.79	0.0	111.0585	1.5126	7.4694	167.9902	0.7177	1.9348
6.652	 6	2.8	10.862	0.0	111.7996	1.6397	7.3288	183.3124	0.6441	2.1371
6.662	 6	3.8	10.839	0.0	111.5628	1.6492	8.1926	183.9947	0.6385	2.6556
6.672	 6	4.8	10.774	0.0	110.8938	1.6406	8.3346	181.9293	0.6435	4.0473
6.682	 6	5.8	10.406	0.0	107.1061	1.6918	9.2084	181.1972	0.6138	9.5306
6.692	 6	6.8	10.268	0.0006	1498.978	1.7241	9.5693	2584.452	0.595	180.1388
6.702	 6	7.8	10.196	0.0033	1531.161	1.7517	9.7655	2682.139	0.5791	10.9547
6.712	 6	8.8	10.192	0.0129	1543.541	1.7555	9.7766	2709.684	0.5769	6.5191
6.722	 6	9.8	10.185	0.0413	1540.614	1.73	9.796	2665.227	0.5917	5.1047
6.732	 6	10.8	10.179	0.0408	1537.613	1.7581	10.7939	2703.205	0.5754	4.3917
6.742	 6	11.8	10.169	0.0446	1542.393	1.7595	9.8405	2713.793	0.5746	3.977
6.752	 6	12.8	10.174	0.0538	1540.581	1.7398	9.8266	2680.252	0.586	3.8201
6.762	 6	13.8	10.172	0.0464	1537.02	1.7441	9.8322	2680.707	0.5835	3.6953
6.772	 6	14.8	10.167	0.0282	1535.337	1.7614	9.8461	2704.306	0.5734	3.6426
6.782	 6	15.8	10.17	0.0243	1540.909	1.7491	8.854	2695.136	0.5806	3.5087
6.792	 6	16.8	10.173	0.0262	1543.0	1.7679	8.8464	2727.814	0.5697	3.3807
6.802	 6	17.8	10.166	0.0194	1536.114	1.7433	8.864	2677.877	0.5839	3.327
6.812	 6	18.8	10.182	0.0188	1534.589	1.7272	8.8239	2650.479	0.5933	3.2508
6.822	 6	19.8	10.181	0.0196	1535.827	1.738	9.8071	2669.205	0.587	3.1708
6.832	 6	20.8	10.186	0.0192	1537.742	1.7208	8.8139	2646.085	0.597	3.0938
6.842	 6	21.8	10.186	0.0239	1534.73	1.7044	8.8139	2615.781	0.6065	2.9856
6.852	 6	22.8	10.182	0.0167	1524.708	1.6925	8.8239	2580.493	0.6134	2.9151
6.862	 6	23.8	10.188	0.0204	1526.064	1.7035	8.8089	2599.6	0.607	2.8372
6.872	 6	24.8	10.185	0.0147	1524.016	1.6917	8.8164	2578.119	0.6139	2.789
6.882	 6	25.8	10.186	0.0098	1517.58	1.686	8.8139	2558.608	0.6172	2.6954
6.892	 6	26.8	10.191	0.0082	1514.49	1.7148	7.8235	2597.091	0.6004	2.6225
6.902	 6	27.8	10.191	0.0054	1519.004	1.6988	8.8014	2580.558	0.6097	2.5867
6.912	 6	28.8	10.189	0.0051	1520.973	1.6974	8.8064	2581.733	0.6105	2.5518
6.922	 6	29.8	10.198	0.0036	1497.284	1.6997	7.808	2544.989	0.6092	2.6343
6.932	 6	30.8	10.209	0.0022	1280.125	1.6997	8.7567	2175.79	0.6092	2.6961
6.942	 6	31.8	10.203	0.0013	1116.669	1.6933	8.7716	1890.898	0.6129	2.7999
6.952	 6	32.8	10.208	0.001	1331.073	1.7031	7.7859	2266.92	0.6073	2.7616
6.962	 6	33.8	10.218	0.0006	1154.446	1.7026	7.764	1965.549	0.6075	2.8667
6.972	 6	34.8	10.215	0.0004	1141.341	1.685	7.7705	1923.105	0.6178	2.8858
6.982	 6	35.8	10.219	0.0003	1109.193	1.6785	8.732	1861.799	0.6215	2.9529
6.992	 6	36.8	10.221	0.0002	1022.714	1.6707	7.7574	1708.68	0.626	3.135
7.002	 6	37.8	10.216	0.0001	1013.995	1.6868	7.7684	1710.425	0.6167	3.397
7.012	 6	38.8	10.216	0.0001	1020.172	1.6773	8.7394	1711.116	0.6222	3.5905
7.022	 6	39.8	10.212	0.0003	1436.287	1.6771	7.7771	2408.764	0.6223	3.8621
7.032	 6	40.8	10.212	0.0003	1441.762	1.682	8.7493	2425.008	0.6195	4.0193
7.042	 6	41.8	10.217	0.0002	1328.09	1.701	8.7369	2259.065	0.6085	4.2147
7.052	 6	42.8	10.217	0.0002	1215.441	1.6797	8.7369	2041.588	0.6208	4.5566
7.062	 6	43.8	10.212	0.0002	1013.598	1.7101	8.7493	1733.367	0.6032	4.8116
7.072	 6	44.8	10.218	0.0002	1016.716	1.6926	8.7345	1720.899	0.6133	5.3213
7.082	 6	45.8	10.223	0.0002	1205.542	1.7026	8.7221	2052.61	0.6075	5.5258
7.092	 6	46.8	10.218	0.0002	1284.96	1.6941	8.7345	2176.807	0.6125	5.7388
7.102	 6	47.8	10.215	0.0002	1254.606	1.6864	8.7419	2115.77	0.6169	6.445
7.112	 6	48.8	10.221	0.0003	1441.811	1.7071	8.7271	2461.348	0.6049	6.7057
7.122	 6	49.8	10.228	0.0002	1331.424	1.6892	8.7099	2249.041	0.6153	7.0256
7.132	 6	50.8	10.217	0.0002	1010.084	1.6928	8.7369	1709.84	0.6132	6.9563
7.142	 6	51.8	10.205	0.0003	1455.362	1.7227	8.7666	2507.099	0.5959	7.0715
7.152	 6	52.8	10.206	0.0002	1353.581	1.7352	8.7641	2348.77	0.5886	6.7239
7.162	 6	53.8	10.206	0.0001	1005.517	1.7171	8.7641	1726.562	0.5991	6.783
7.172	 6	54.8	10.2	0.0002	1007.109	1.7344	9.7545	1746.747	0.5891	6.7379
7.182	 6	55.8	10.204	0.0002	1006.808	1.7219	9.7434	1733.652	0.5963	6.7618
7.192	 6	56.8	10.206	0.0002	1007.602	1.6911	8.7641	1703.946	0.6142	7.0135
7.202	 6	57.8	10.206	0.0002	1004.132	1.7349	8.7641	1742.091	0.5888	7.405
7.212	 6	58.8	10.206	0.0002	1041.854	1.7058	9.7379	1777.169	0.6057	7.5369
7.222	 6	59.8	10.206	0.0002	1008.997	1.7126	8.7641	1728.015	0.6017	7.047
7.232	 6	60.8	10.206	0.0004	1258.446	1.7144	8.7641	2157.477	0.6007	6.6397
7.242	 6	61.8	10.205	0.0013	1252.301	1.717	9.7407	2150.147	0.5992	6.527
7.252	 6	62.8	10.215	0.0011	1189.45	1.7261	8.7419	2053.117	0.5939	6.6616
7.262	 6	63.8	10.21	0.001	1187.485	1.7273	8.7542	2051.089	0.5932	6.8723
7.272	 6	64.8	10.21	0.0006	1185.142	1.7107	8.7542	2027.476	0.6028	7.2241
7.282	 6	65.8	10.205	0.0008	1185.25	1.6965	9.7407	2010.797	0.6111	7.118
7.292	 6	66.8	10.205	0.0012	1185.112	1.7048	8.7666	2020.331	0.6063	7.1212
7.302	 6	67.8	10.201	0.0009	1180.671	1.7069	8.7765	2015.297	0.605	6.8374
7.312	 6	68.8	10.199	0.0004	1181.944	1.7093	8.7815	2020.32	0.6036	6.7099
7.322	 6	69.8	10.195	0.0002	1162.884	1.6958	8.7914	1972.061	0.6115	6.5602
7.332	 6	70.8	10.187	0.0002	1038.324	1.7039	8.8114	1769.232	0.6068	6.8288
7.342	 6	71.8	10.186	0.0002	1009.114	1.7041	7.8346	1719.629	0.6067	6.6397
7.352	 6	72.8	10.181	0.0002	998.6268	1.6883	7.8457	1685.938	0.6159	6.4462
7.362	 6	73.8	10.175	0.0002	1004.839	1.6852	8.8414	1693.351	0.6176	6.3448
7.372	 6	74.8	10.176	0.0001	995.9871	1.6842	7.8568	1677.406	0.6182	6.1357
7.382	 6	75.8	10.17	0.0001	997.6456	1.6762	7.8702	1672.297	0.6228	6.0458
7.392	 6	76.8	10.166	0.0001	1000.394	1.6975	7.8791	1698.12	0.6105	5.7501
7.402	 6	77.8	10.166	0.0001	1002.169	1.676	8.864	1679.679	0.6229	5.4897
7.412	 6	78.8	10.161	0.0001	1004.051	1.6794	7.8903	1686.253	0.621	5.2651
7.422	 6	79.8	10.162	0.0001	1002.565	1.6696	7.8881	1673.859	0.6267	5.2032
7.432	 6	80.8	10.165	0.0001	1005.838	1.6814	8.8665	1691.19	0.6199	5.0868
7.442	 6	81.8	10.168	0.0001	1005.538	1.7036	8.859	1713.008	0.607	5.0122
7.452	 6	82.8	10.163	0.0001	1010.439	1.6725	8.8716	1690.002	0.625	4.8692
7.462	 6	83.8	10.169	0.0002	1007.73	1.6608	7.8724	1673.63	0.6318	4.761
7.472	 6	84.8	10.175	0.0001	1009.825	1.6481	7.859	1664.257	0.6392	4.7811
7.482	 6	85.8	10.18	0.0001	1011.225	1.6417	8.8289	1660.141	0.6429	4.8057
7.492	 6	86.8	10.176	0.0002	1011.33	1.6473	7.8568	1666.01	0.6396	4.8247
7.502	 6	87.8	10.184	0.0001	1015.05	1.6389	8.8189	1663.526	0.6445	4.7212
7.512	 6	88.8	10.185	0.0001	1015.757	1.6376	8.8164	1663.403	0.6452	4.5784
7.522	 6	89.8	10.189	0.0001	1023.609	1.6703	8.8064	1709.698	0.6263	4.6037
7.532	 6	90.8	10.187	0.0001	1022.791	1.6517	7.8323	1689.337	0.6371	4.6077
7.542	 6	91.8	10.186	0.0001	1019.212	1.6845	8.8139	1716.895	0.618	4.479
7.552	 6	92.8	10.191	0.0001	1021.449	1.6452	7.8235	1680.487	0.6408	4.4625
7.562	 6	93.8	10.195	0.0001	1016.856	1.663	8.7914	1691.072	0.6305	4.3601
7.572	 6	94.8	10.207	0.0001	1013.403	1.6825	7.7881	1705.061	0.6192	4.2609
7.582	 6	95.8	10.213	0.0002	1014.704	1.6827	7.7749	1707.42	0.6191	4.1468
7.592	 6	96.8	10.221	0.0001	1009.681	1.6727	8.7271	1688.927	0.6249	4.1088
7.602	 6	97.8	10.217	0.0002	1049.404	1.6843	8.7369	1767.546	0.6181	4.1294
7.612	 6	98.8	10.215	0.0003	1145.822	1.6689	8.7419	1912.215	0.6271	4.0531
7.622	 6	99.8	10.218	0.0004	1195.647	1.677	8.7345	2005.046	0.6224	3.9654
7.632	 6	100.8	10.202	0.0004	1188.629	1.667	8.774	1981.444	0.6282	3.9519
7.642	 6	101.8	10.196	0.0002	1042.323	1.6725	7.8124	1743.327	0.625	3.9679
7.652	 6	102.8	10.191	0.0003	1039.262	1.7053	8.8014	1772.281	0.606	4.1013
7.662	 6	103.8	10.19	0.0002	1036.939	1.6842	8.8039	1746.371	0.6182	4.1142
7.672	 6	104.8	10.195	0.0001	1146.536	1.7005	8.7914	1949.721	0.6087	4.165
7.682	 6	105.8	10.195	0.0002	1143.322	1.6929	8.7914	1935.547	0.6132	4.3825
7.692	 6	106.8	10.195	0.0001	1066.088	1.7058	8.7914	1818.576	0.6057	4.2615
7.702	 6	107.8	10.199	0.0001	1006.811	1.7037	8.7815	1715.299	0.6069	4.3337
7.712	 6	108.8	10.201	0.0002	1049.702	1.6899	8.7765	1773.87	0.6149	4.3978
7.722	 6	109.8	10.205	0.0002	1009.996	1.6797	8.7666	1696.457	0.6208	4.2836
7.732	 6	110.8	10.205	0.0002	1147.532	1.7045	8.7666	1955.927	0.6065	4.3355
7.742	 6	111.8	10.21	0.0001	1006.705	1.7382	8.7542	1749.869	0.5869	4.4714
7.752	 6	112.8	10.21	0.0003	1210.863	1.763	7.7815	2134.785	0.5725	4.5363
7.762	 6	113.8	10.219	0.0004	1155.865	1.7652	8.732	2040.388	0.5712	4.5298
7.772	 6	114.8	10.22	0.0004	1284.404	1.7566	9.6995	2256.19	0.5762	4.283
7.782	 6	115.8	10.219	0.0004	1156.126	1.7546	9.7022	2028.531	0.5774	4.1534
7.792	 6	116.8	10.226	0.0002	1151.058	1.7675	8.7148	2034.507	0.5699	4.1201
7.802	 6	117.8	10.225	0.0003	1282.936	1.7347	8.7172	2225.57	0.5889	4.0178
7.812	 6	118.8	10.225	0.0003	1246.191	1.7409	8.7172	2169.465	0.5853	4.0276
7.822	 6	119.8	10.232	0.0005	1327.108	1.7458	9.6667	2316.93	0.5825	4.1688
7.832	 6	120.8	10.239	0.0007	1325.608	1.6982	8.6829	2251.168	0.6101	5.8604
7.842	 6	121.8	10.235	0.0007	1423.901	1.6927	8.6927	2410.258	0.6133	6.2223
7.852	 6	122.8	10.243	0.0004	1512.999	1.7223	8.6731	2605.826	0.5961	6.4002
7.862	 6	123.8	10.234	0.0006	1530.89	1.7287	8.6951	2646.38	0.5924	6.4929
7.872	 6	124.8	10.237	0.0003	1415.123	1.7425	8.6878	2465.891	0.5844	6.4747
7.882	 6	125.8	10.251	0.0003	1539.883	1.7273	8.6536	2659.848	0.5932	6.5139
7.892	 6	126.8	10.257	0.0006	1534.56	1.7169	8.639	2634.734	0.5992	6.3199
7.902	 6	127.8	10.259	0.0006	1532.109	1.726	7.6748	2644.356	0.594	6.6206
7.912	 6	128.8	10.31	0.0004	1544.569	1.7397	8.5116	2687.125	0.586	6.6808
7.922	 6	129.8	10.29	0.0004	1425.405	1.7287	7.6084	2464.039	0.5924	6.8854
7.932	 6	130.8	10.315	0.0011	1551.828	1.7266	8.4998	2679.388	0.5936	7.1953
7.942	 6	131.8	10.522	0.0	108.3	1.6092	8.0276	174.2728	0.6617	7.2402
7.952	 6	132.8	10.589	0.0	108.9897	1.6616	7.0068	181.1021	0.6313	7.3085
7.962	 6	133.8	10.557	0.0	108.6603	1.7051	7.9514	185.2743	0.6061	8.1054
7.972	 6	134.8	10.536	0.0006	1564.598	1.6856	7.1085	2637.315	0.6174	9.9011
7.982	 6	135.8	10.522	0.0002	1561.591	1.6837	7.1356	2629.26	0.6185	23.2834
7.992	 6	136.8	10.502	0.0011	1553.55	1.6789	7.1747	2608.309	0.6213	15.443
8.002	 6	137.8	10.537	0.0009	1545.695	1.6707	6.2182	2582.426	0.626	3.5202
8.012	 6	138.8	10.434	0.0007	1531.709	1.6934	5.4825	2593.852	0.6129	1.8738
8.022	 6	139.8	10.398	0.0003	1548.935	1.6415	4.6144	2542.499	0.643	1.4382
