Geotek MSCL 7.9 - TN336_JPC26-30_massMS.out created at 1:14:20 on 1/24/2016.


Processing Parameters

CT	RCT=11.45	W=1.27
PWAmp	A=1	B=0
PWVel	PTO=26.15
Den1	A=5.9246E-04	B=-.091753	C=9.804
MS1	A=1	B=0	Den=1	LD=14	
FP	MGD=2.75	WD=1.026	
RES	A=536.0255	B=-1.092736	p=0	


SB DEPTH	SECT NUM	SECT DEPTH	CT	PWAmp	PWVel	Den1	MS1	Imp	FP	RES
m		cm	cm		m/s	g/cc	x 10^-8 (m^3/kg)			Ohm.m

-0.638	cal sect	0.0	10.849	0.0039						136.3524
-0.578	cal sect	6.0	10.772	0.009	1517.183	1.1054			0.9539	28.6752
-0.518	cal sect	12.0	10.448	0.0345	1509.39	1.1253	-1.6178	1698.463	0.9424	25.6953
-0.458	cal sect	18.0	10.493	0.0287	1509.784	1.114	-1.614	1681.966	0.9489	24.0291
-0.398	cal sect	24.0	10.736	0.0069	1510.411	1.0971	-0.7674	1656.997	0.9588	14.9881
-0.338	cal sect	30.0	10.941	0.0186	1530.424	1.0998	-1.4505	1683.223	0.9572	4.6035
-0.278	cal sect	36.0	10.886	0.0206	1543.676	1.1198	-0.7226	1728.64	0.9456	0.4799
-0.218	cal sect	42.0	10.558	0.0085	1527.488	1.115	-1.5843	1703.147	0.9484	0.3622
-0.158	cal sect	48.0	10.523	0.0358	1523.968	1.1417	-0.7811	1739.847	0.9329	0.3668
-0.098	cal sect	54.0	10.699	0.0073	1526.901	1.1314	-0.7516	1727.505	0.9389	0.3767
-0.038	cal sect	60.0	10.768	0.0092	1539.165	1.1148	0.7488	1715.809	0.9485	0.554
0.002	 1	0.2	11.114	0.0	114.2417	0.7787	8.8158	88.9638	1.1434	1.2761
0.012	 1	1.2	11.139	0.0	114.4986	1.2215	7.446	139.8596	0.8866	1.0397
0.022	 1	2.2	11.209	0.0	115.2182	1.2847	7.5343	148.0241	0.8499	0.7982
0.032	 1	3.2	11.189	0.0	115.0126	1.3714	8.1856	157.7232	0.7997	0.6413
0.042	 1	4.2	11.128	0.0	114.3856	1.3837	8.2397	158.2732	0.7925	0.5521
0.052	 1	5.2	10.668	0.0005	1546.311	1.4183	9.6725	2193.071	0.7725	0.5069
0.062	 1	6.2	10.597	0.0026	1540.262	1.425	9.1992	2194.947	0.7685	0.4824
0.072	 1	7.2	10.541	0.0029	1538.383	1.422	9.3601	2187.612	0.7703	0.4699
0.082	 1	8.2	10.53	0.005	1534.314	1.4371	9.909	2204.957	0.7615	0.4642
0.092	 1	9.2	10.524	0.0163	1527.875	1.4407	9.2819	2201.141	0.7595	0.4621
0.102	 1	10.2	10.522	0.0157	1521.84	1.4434	9.2691	2196.665	0.7579	0.4622
0.112	 1	11.2	10.524	0.012	1523.01	1.4292	9.356	2176.75	0.7661	0.4663
0.122	 1	12.2	10.521	0.0096	1529.882	1.3894	10.274	2125.689	0.7892	0.4749
0.132	 1	13.2	10.521	0.0074	1524.12	1.4021	9.5448	2136.993	0.7818	0.4839
0.142	 1	14.2	10.521	0.0029	1511.855	1.4336	9.3352	2167.405	0.7636	0.4901
0.152	 1	15.2	10.516	0.0018	1500.999	1.446	9.2678	2170.451	0.7564	0.4941
0.162	 1	16.2	10.516	0.0014	1499.715	1.4398	9.308	2159.223	0.76	0.4992
0.172	 1	17.2	10.511	0.0022	1500.285	1.4387	9.3276	2158.457	0.7606	0.5049
0.182	 1	18.2	10.505	0.0031	1503.937	1.4299	9.4007	2150.405	0.7657	0.5092
0.192	 1	19.2	10.505	0.0029	1529.557	1.4775	9.0972	2259.995	0.7381	0.5101
0.202	 1	20.2	10.5	0.0063	1524.169	1.4718	9.1452	2243.295	0.7414	0.5088
0.212	 1	21.2	10.5	0.0044	1508.838	1.4884	9.6463	2245.711	0.7318	0.508
0.222	 1	22.2	10.504	0.0032	1520.556	1.4504	9.8879	2205.445	0.7538	0.5072
0.232	 1	23.2	10.504	0.0056	1526.966	1.486	9.6513	2269.044	0.7332	0.5055
0.242	 1	24.2	10.507	0.0175	1530.963	1.4923	10.2024	2284.72	0.7295	0.5056
0.252	 1	25.2	10.515	0.0101	1521.708	1.5089	10.0686	2296.069	0.7199	0.5089
0.262	 1	26.2	10.512	0.0061	1517.321	1.5303	10.5205	2321.896	0.7075	0.512
0.272	 1	27.2	10.515	0.0055	1524.797	1.5306	9.9254	2333.912	0.7073	0.5147
0.282	 1	28.2	10.524	0.0028	1511.2	1.5196	10.5596	2296.436	0.7137	0.5158
0.292	 1	29.2	10.525	0.0015	1514.606	1.5043	10.6644	2278.361	0.7226	0.5173
0.302	 1	30.2	10.53	0.0026	1393.594	1.5209	9.9482	2119.511	0.7129	0.5231
0.312	 1	31.2	10.532	0.001	1286.587	1.4617	9.7367	1880.641	0.7473	0.5327
0.322	 1	32.2	10.535	0.0008	1271.575	1.5285	9.3035	1943.66	0.7085	0.5379
0.332	 1	33.2	10.541	0.0008	1224.701	1.4907	9.5243	1825.617	0.7305	0.5454
0.342	 1	34.2	10.542	0.0009	1155.794	1.4869	9.546	1718.511	0.7327	0.5556
0.352	 1	35.2	10.547	0.0006	1147.785	1.4607	9.704	1676.532	0.7479	0.5649
0.362	 1	36.2	10.552	0.0006	1117.56	1.4607	9.6904	1632.462	0.7478	0.5733
0.372	 1	37.2	10.552	0.0006	1114.138	1.515	9.343	1687.966	0.7163	0.5775
0.382	 1	38.2	10.552	0.0005	1116.732	1.5215	9.8849	1699.097	0.7126	0.581
0.392	 1	39.2	10.557	0.0005	1114.784	1.5055	9.3893	1678.335	0.7219	0.5828
0.402	 1	40.2	10.557	0.0004	1116.08	1.4775	9.5675	1648.994	0.7381	0.5817
0.412	 1	41.2	10.56	0.0004	1115.807	1.4823	9.529	1653.906	0.7354	0.5813
0.422	 1	42.2	10.557	0.0004	1116.906	1.4832	9.5307	1656.586	0.7348	0.5826
0.432	 1	43.2	10.556	0.0007	1117.037	1.4678	9.633	1639.636	0.7437	0.5855
0.442	 1	44.2	10.555	0.0007	1115.869	1.4773	9.5742	1648.417	0.7383	0.5855
0.452	 1	45.2	10.554	0.0006	1113.761	1.4828	9.5408	1651.522	0.735	0.5849
0.462	 1	46.2	10.555	0.0003	1109.768	1.4942	9.4657	1658.203	0.7284	0.5823
0.472	 1	47.2	10.555	0.0004	1111.521	1.4876	8.3189	1653.545	0.7322	0.5798
0.482	 1	48.2	10.552	0.0004	1115.433	1.48	9.5643	1650.841	0.7367	0.5777
0.492	 1	49.2	10.56	0.0003	1116.043	1.4472	9.1495	1615.186	0.7557	0.5757
0.502	 1	50.2	10.56	0.0003	1112.516	1.4457	9.1591	1608.404	0.7565	0.5735
0.512	 1	51.2	10.549	0.0002	1117.242	1.4563	9.1197	1627.07	0.7504	0.5704
0.522	 1	52.2	10.554	0.0003	1156.729	1.4743	8.9963	1705.357	0.74	0.5692
0.532	 1	53.2	10.555	0.0004	1141.698	1.4718	9.0089	1680.391	0.7414	0.5702
0.542	 1	54.2	10.547	0.0007	1118.096	1.4586	9.1102	1630.892	0.7491	0.5692
0.552	 1	55.2	10.546	0.0005	1118.82	1.4674	9.058	1641.804	0.7439	0.5681
0.562	 1	56.2	10.541	0.0017	1160.903	1.4854	8.9604	1724.455	0.7335	0.5676
0.572	 1	57.2	10.545	0.0015	1162.368	1.4748	8.4144	1714.232	0.7397	0.5663
0.582	 1	58.2	10.546	0.0013	1162.606	1.456	9.1293	1692.733	0.7506	0.5649
0.592	 1	59.2	10.547	0.0005	1110.444	1.4841	8.3571	1647.986	0.7343	0.5628
0.602	 1	60.2	10.546	0.0004	1114.328	1.4955	8.2957	1666.438	0.7277	0.5594
0.612	 1	61.2	10.54	0.0012	1160.665	1.4934	8.915	1733.367	0.7289	0.5595
0.622	 1	62.2	10.551	0.0012	1161.748	1.4794	8.9728	1718.647	0.737	0.5612
0.632	 1	63.2	10.555	0.0008	1220.372	1.4716	8.4098	1795.872	0.7415	0.5632
0.642	 1	64.2	10.554	0.0007	1221.245	1.4831	8.9429	1811.221	0.7349	0.5654
0.652	 1	65.2	10.561	0.0006	1161.188	1.4941	8.2693	1734.963	0.7285	0.5671
0.662	 1	66.2	10.56	0.0006	1160.695	1.481	8.3452	1718.934	0.7361	0.5783
0.672	 1	67.2	10.56	0.0003	1103.794	1.4737	8.3862	1626.674	0.7403	0.5818
0.682	 1	68.2	10.568	0.0003	1108.919	1.4652	8.4168	1624.737	0.7453	0.6157
0.692	 1	69.2	10.567	0.0004	1152.973	1.4661	8.4139	1690.328	0.7447	0.6185
0.702	 1	70.2	10.572	0.0002	1154.148	1.4756	8.3479	1703.118	0.7392	0.6222
0.712	 1	71.2	10.582	0.0006	1223.635	1.4701	8.3565	1798.908	0.7424	0.6226
0.722	 1	72.2	10.597	0.0015	1224.52	1.4563	8.4016	1783.282	0.7504	0.623
0.732	 1	73.2	10.598	0.0006	1226.62	1.4777	8.2777	1812.593	0.738	0.6207
0.742	 1	74.2	10.607	0.0008	1232.512	1.4848	8.2183	1830.003	0.7339	0.6197
0.752	 1	75.2	10.611	0.001	1227.557	1.4921	8.1693	1831.598	0.7297	0.6202
0.762	 1	76.2	10.648	0.0007	1161.178	1.4895	8.1021	1729.58	0.7311	0.6197
0.772	 1	77.2	10.668	0.0003	1166.794	1.4776	8.1237	1724.035	0.7381	0.616
0.782	 1	78.2	10.673	0.0001	1033.604	1.48	8.0995	1529.745	0.7367	0.6125
0.792	 1	79.2	10.901	0.0001	1071.773	1.4402	7.8354	1543.536	0.7598	0.6091
0.802	 1	80.2	10.9	0.0	112.0419	1.4638	7.7108	164.0096	0.746	0.6088
0.812	 1	81.2	10.878	0.0	111.8158	1.493	7.6037	166.9441	0.7291	0.6126
0.822	 1	82.2	10.869	0.0002	1432.582	1.4855	7.113	2128.133	0.7335	0.6242
0.832	 1	83.2	10.858	0.0009	1539.705	1.4926	8.1922	2298.144	0.7294	0.6577
0.842	 1	84.2	10.853	0.0026	1544.471	1.4989	8.1686	2314.957	0.7257	0.7576
0.852	 1	85.2	10.818	0.0172	1538.834	1.4994	8.2412	2307.387	0.7254	1.0358
0.862	 1	86.2	10.97	0.0149	1540.947	1.4776	8.0364	2276.92	0.738	1.6116
0.872	 1	87.2	11.13	0.0	114.4061	1.4017	8.1298	160.3594	0.7821	2.0892
0.882	 2	0.2	11.108	0.0	114.18	1.1946	9.5929	136.3973	0.9022	1.8092
0.892	 2	1.2	11.142	0.0	114.5295	1.4762	7.1825	169.0736	0.7388	1.2766
0.902	 2	2.2	11.184	0.0003	1547.744	1.4607	7.1815	2260.859	0.7478	0.9469
0.912	 2	3.2	11.169	0.0002	1544.813	1.4656	7.1851	2264.052	0.745	0.7769
0.922	 2	4.2	11.112	0.0002	1514.928	1.4663	7.8074	2221.311	0.7446	0.69
0.932	 2	5.2	10.678	0.0022	1533.975	1.5324	8.3699	2350.703	0.7062	0.6422
0.942	 2	6.2	10.601	0.0114	1520.51	1.5474	8.4626	2352.874	0.6975	0.6163
0.952	 2	7.2	10.591	0.0045	1521.914	1.527	8.5993	2323.894	0.7094	0.6039
0.962	 2	8.2	10.546	0.0149	1517.847	1.5464	8.5958	2347.129	0.6982	0.5952
0.972	 2	9.2	10.51	0.0127	1510.709	1.5431	8.6989	2331.184	0.7001	0.5917
0.982	 2	10.2	10.51	0.0145	1509.624	1.5459	8.6834	2333.659	0.6985	0.5903
0.992	 2	11.2	10.509	0.0095	1513.829	1.5438	8.6973	2337.052	0.6997	0.5872
1.002	 2	12.2	10.506	0.0094	1512.307	1.5492	8.6741	2342.868	0.6965	0.5825
1.012	 2	13.2	10.504	0.0128	1511.584	1.523	8.8279	2302.208	0.7117	0.5776
1.022	 2	14.2	10.501	0.0115	1510.935	1.537	8.7547	2322.361	0.7036	0.576
1.032	 2	15.2	10.504	0.0099	1510.497	1.5257	8.8123	2304.626	0.7101	0.5761
1.042	 2	16.2	10.499	0.0069	1524.466	1.536	9.35	2341.526	0.7042	0.5788
1.052	 2	17.2	10.494	0.0111	1522.856	1.54	9.3384	2345.158	0.7019	0.5823
1.062	 2	18.2	10.496	0.0133	1517.421	1.5443	9.3069	2343.414	0.6993	0.5859
1.072	 2	19.2	10.494	0.0077	1399.573	1.5261	8.8343	2135.907	0.7099	0.5882
1.082	 2	20.2	10.498	0.0077	1527.871	1.5419	8.7346	2355.749	0.7008	0.5906
1.092	 2	21.2	10.498	0.0154	1520.568	1.5185	8.8687	2309.037	0.7143	0.5893
1.102	 2	22.2	10.502	0.013	1520.046	1.5342	9.3533	2332.0	0.7052	0.5876
1.112	 2	23.2	10.503	0.0157	1519.971	1.5725	9.1226	2390.198	0.683	0.5883
1.122	 2	24.2	10.508	0.0169	1519.156	1.5453	9.2705	2347.587	0.6988	0.5905
1.132	 2	25.2	10.512	0.0208	1520.613	1.5763	9.0786	2396.893	0.6808	0.5892
1.142	 2	26.2	10.516	0.0143	1519.434	1.5627	9.1473	2374.457	0.6887	0.5868
1.152	 2	27.2	10.518	0.0162	1514.253	1.5425	8.6834	2335.707	0.7004	0.5804
1.162	 2	28.2	10.521	0.0217	1513.16	1.5368	9.2887	2325.486	0.7037	0.5798
1.172	 2	29.2	10.518	0.019	1513.163	1.5535	9.1965	2350.725	0.694	0.5797
1.182	 2	30.2	10.523	0.017	1513.883	1.5492	9.2096	2345.279	0.6965	0.5838
1.192	 2	31.2	10.533	0.0132	1518.599	1.5466	9.7748	2348.675	0.698	0.5959
1.202	 2	32.2	10.529	0.0226	1515.182	1.5563	9.1523	2358.131	0.6924	0.6006
1.212	 2	33.2	10.534	0.0175	1517.211	1.5634	9.0985	2372.024	0.6883	0.6042
1.222	 2	34.2	10.54	0.0215	1515.892	1.562	9.092	2367.764	0.6891	0.6112
1.232	 2	35.2	10.55	0.0265	1517.331	1.5563	9.6691	2361.415	0.6924	0.6209
1.242	 2	36.2	10.551	0.0311	1518.348	1.571	9.576	2385.333	0.6839	0.6291
1.252	 2	37.2	10.55	0.0303	1517.549	1.5636	9.6242	2372.777	0.6882	0.6362
1.262	 2	38.2	10.554	0.0279	1516.161	1.5526	9.6813	2354.066	0.6945	0.6444
1.272	 2	39.2	10.556	0.0311	1516.667	1.5666	9.5898	2376.009	0.6864	0.649
1.282	 2	40.2	10.554	0.0293	1518.78	1.572	9.5623	2387.477	0.6833	0.6535
1.292	 2	41.2	10.549	0.0216	1516.532	1.5699	10.152	2380.793	0.6845	0.6584
1.302	 2	42.2	10.56	0.0226	1516.806	1.5716	9.5487	2383.876	0.6835	0.6619
1.312	 2	43.2	10.554	0.0221	1514.856	1.561	9.6294	2364.7	0.6897	0.6641
1.322	 2	44.2	10.55	0.0245	1515.587	1.5672	9.6018	2375.242	0.6861	0.6635
1.332	 2	45.2	10.55	0.0139	1513.63	1.5605	9.6432	2361.989	0.69	0.6644
1.342	 2	46.2	10.544	0.0165	1517.777	1.5661	9.6241	2377.041	0.6867	0.6656
1.352	 2	47.2	10.549	0.0169	1518.279	1.544	10.3223	2344.201	0.6995	0.6661
1.362	 2	48.2	10.543	0.0219	1515.452	1.5559	10.2598	2357.948	0.6926	0.6655
1.372	 2	49.2	10.541	0.0189	1516.691	1.5655	9.6361	2374.311	0.6871	0.6639
1.382	 2	50.2	10.546	0.0185	1515.448	1.5558	10.2525	2357.691	0.6927	0.663
1.392	 2	51.2	10.542	0.0133	1515.526	1.565	10.203	2371.838	0.6873	0.6614
1.402	 2	52.2	10.539	0.0151	1517.058	1.5697	7.9185	2381.31	0.6846	0.6633
1.412	 2	53.2	10.543	0.0223	1518.289	1.559	10.2396	2367.016	0.6908	0.6635
1.422	 2	54.2	10.548	0.0182	1515.953	1.5574	9.6673	2360.985	0.6917	0.6625
1.432	 2	55.2	10.543	0.0189	1517.415	1.5573	10.2506	2363.114	0.6918	0.6629
1.442	 2	56.2	10.548	0.0183	1515.517	1.5622	10.2049	2367.502	0.689	0.6616
1.452	 2	57.2	10.547	0.0181	1516.027	1.5807	10.0882	2396.347	0.6783	0.6605
1.462	 2	58.2	10.547	0.0175	1522.593	1.5736	10.1337	2395.921	0.6824	0.659
1.472	 2	59.2	10.546	0.0303	1522.009	1.5619	10.2122	2377.242	0.6891	0.6586
1.482	 2	60.2	10.547	0.0277	1517.991	1.5648	10.1903	2375.421	0.6874	0.6642
1.492	 2	61.2	10.552	0.0245	1518.055	1.5726	9.5639	2387.219	0.683	0.6675
1.502	 2	62.2	10.558	0.0243	1520.011	1.5731	10.1067	2391.086	0.6827	0.6695
1.512	 2	63.2	10.56	0.0371	1520.08	1.5643	9.5934	2377.894	0.6877	0.6734
1.522	 2	64.2	10.563	0.0368	1519.856	1.567	9.5694	2381.565	0.6862	0.6745
1.532	 2	65.2	10.564	0.03	1520.438	1.5649	9.5797	2379.259	0.6874	0.67
1.542	 2	66.2	10.569	0.0335	1520.501	1.5613	9.5884	2373.969	0.6895	0.6695
1.552	 2	67.2	10.572	0.0271	1517.875	1.5752	9.4959	2391.01	0.6814	0.6725
1.562	 2	68.2	10.569	0.0256	1518.753	1.5675	9.5506	2380.622	0.6859	0.6795
1.572	 2	69.2	10.574	0.013	1517.508	1.5769	9.4806	2392.996	0.6804	0.6799
1.582	 2	70.2	10.584	0.013	1519.162	1.574	8.9152	2391.184	0.6821	0.7125
1.592	 2	71.2	10.584	0.011	1522.878	1.5597	8.9973	2375.163	0.6905	0.7152
1.602	 2	72.2	10.589	0.0138	1526.452	1.5827	8.8545	2415.862	0.6771	0.7186
1.612	 2	73.2	10.59	0.0271	1523.741	1.5955	8.2323	2431.061	0.6697	0.72
1.622	 2	74.2	10.567	0.0164	1519.12	1.5937	8.8457	2421.055	0.6707	0.7177
1.632	 2	75.2	10.572	0.0245	1519.839	1.5592	9.0293	2369.713	0.6907	0.715
1.642	 2	76.2	10.582	0.0187	1519.747	1.5952	8.8015	2424.324	0.6698	0.7136
1.652	 2	77.2	10.581	0.0225	1522.227	1.5787	8.3398	2403.176	0.6794	0.7185
1.662	 2	78.2	10.629	0.0287	1525.402	1.5713	8.2711	2396.881	0.6837	0.7188
1.672	 2	79.2	10.699	0.0055	1524.508	1.5741	7.5627	2399.667	0.6821	0.7221
1.682	 2	80.2	10.658	0.0008	1512.846	1.5873	7.5825	2401.326	0.6744	0.727
1.692	 2	81.2	10.849	0.0005	1545.882	1.5762	7.2577	2436.58	0.6809	0.7291
1.702	 2	82.2	10.933	0.001	1534.672	1.5776	6.5868	2421.04	0.6801	0.7363
1.712	 2	83.2	10.886	0.0002	1561.165	1.5902	6.1064	2482.557	0.6727	0.7448
1.722	 2	84.2	10.877	0.0034	1551.419	1.6254	6.4874	2521.614	0.6523	0.7672
1.732	 2	85.2	10.862	0.0033	1548.396	1.6144	6.0529	2499.718	0.6587	0.8037
1.742	 2	86.2	10.802	0.0074	1554.021	1.5952	5.7047	2479.024	0.6698	0.8813
1.752	 2	87.2	10.851	0.019	1552.138	1.5953	5.6311	2476.165	0.6698	1.0593
1.762	 2	88.2	10.808	0.0332	1553.543	1.6297	5.5752	2531.778	0.6498	1.4407
1.772	 2	89.2	11.1	0.0002	1559.646	1.5818	5.3235	2467.084	0.6776	1.9799
1.782	 2	90.2	11.14	0.0	114.5089	1.2931	5.8598	148.0745	0.8451	2.2271
1.792	 3	0.9	11.162	0.0	114.7351	1.5435	4.8819	177.0935	0.6998	1.8788
1.802	 3	1.9	11.163	0.0	114.7453	1.572	4.7921	180.3823	0.6833	1.4175
1.812	 3	2.9	11.154	0.0	114.6528	1.5634	4.3465	179.2537	0.6883	1.1035
1.822	 3	3.9	11.113	0.0	114.2314	1.5531	4.4213	177.4183	0.6942	0.9148
1.832	 3	4.9	10.838	0.0	111.4046	1.5666	5.2309	174.5275	0.6864	0.8056
1.842	 3	5.9	10.67	0.0012	1550.647	1.605	4.8053	2488.723	0.6642	0.7412
1.852	 3	6.9	10.611	0.0007	1541.4	1.5854	4.9426	2443.722	0.6755	0.7093
1.862	 3	7.9	10.592	0.0006	1398.838	1.5754	4.9996	2203.7	0.6813	0.6906
1.872	 3	8.9	10.586	0.0006	1395.649	1.5926	4.9536	2222.699	0.6714	0.6762
1.882	 3	9.9	10.524	0.0021	1238.701	1.5813	5.0739	1958.733	0.6779	0.6683
1.892	 3	10.9	10.525	0.0024	1248.665	1.5932	5.0347	1989.313	0.671	0.6634
1.902	 3	11.9	10.524	0.0055	1322.775	1.587	5.0556	2099.229	0.6746	0.6584
1.912	 3	12.9	10.516	0.0048	1320.608	1.5768	5.0994	2082.335	0.6805	0.6539
1.922	 3	13.9	10.516	0.0021	1416.105	1.5757	5.1031	2231.312	0.6812	0.6484
1.932	 3	14.9	10.505	0.0014	1315.757	1.5804	5.103	2079.473	0.6784	0.6447
1.942	 3	15.9	10.494	0.0014	1292.046	1.5682	5.1582	2026.245	0.6855	0.6407
1.952	 3	16.9	10.499	0.0023	1263.417	1.5661	4.5851	1978.633	0.6867	0.6393
1.962	 3	17.9	10.503	0.0017	1248.87	1.5488	5.21	1934.269	0.6967	0.636
1.972	 3	18.9	10.508	0.0011	1176.181	1.5617	5.1601	1836.815	0.6893	0.6336
1.982	 3	19.9	10.508	0.0009	1113.962	1.5622	5.1582	1740.271	0.689	0.6307
1.992	 3	20.9	10.513	0.0011	1508.105	1.549	5.1952	2336.05	0.6966	0.6277
2.002	 3	21.9	10.518	0.0046	1527.891	1.5461	5.198	2362.204	0.6983	0.6249
2.012	 3	22.9	10.519	0.0098	1528.258	1.5682	5.1233	2396.563	0.6855	0.6218
2.022	 3	23.9	10.521	0.008	1523.899	1.5597	4.5761	2376.899	0.6904	0.6202
2.032	 3	24.9	10.525	0.0076	1521.393	1.5735	4.5313	2393.87	0.6824	0.6181
2.042	 3	25.9	10.523	0.005	1417.812	1.5809	4.5125	2241.364	0.6782	0.6178
2.052	 3	26.9	10.528	0.0051	1314.521	1.5918	5.0347	2092.5	0.6718	0.6166
2.062	 3	27.9	10.533	0.0033	1414.585	1.5499	5.1638	2192.494	0.6961	0.617
2.072	 3	28.9	10.534	0.012	1419.294	1.5679	4.5362	2225.312	0.6857	0.6181
2.082	 3	29.9	10.541	0.0284	1534.799	1.5765	5.0659	2419.547	0.6807	0.6187
2.092	 3	30.9	10.543	0.0583	1531.967	1.5804	5.0504	2421.154	0.6784	0.6245
2.102	 3	31.9	10.544	0.0493	1528.116	1.5791	5.0532	2413.099	0.6792	0.627
2.112	 3	32.9	10.54	0.0407	1524.664	1.5695	4.5241	2393.022	0.6847	0.6323
2.122	 3	33.9	10.539	0.0341	1524.298	1.5521	4.5762	2365.838	0.6948	0.6386
2.132	 3	34.9	10.539	0.0328	1522.977	1.546	4.5942	2354.526	0.6984	0.6434
2.142	 3	35.9	10.534	0.0262	1522.474	1.5643	4.5468	2381.532	0.6878	0.6488
2.152	 3	36.9	10.534	0.0255	1522.254	1.5767	5.0749	2400.07	0.6806	0.6603
2.162	 3	37.9	10.529	0.0167	1521.312	1.5931	5.0293	2423.635	0.671	0.6711
2.172	 3	38.9	10.524	0.0219	1522.79	1.5884	4.4898	2418.83	0.6738	0.6812
2.182	 3	39.9	10.521	0.0188	1521.695	1.5559	4.5876	2367.529	0.6927	0.6906
2.192	 3	40.9	10.514	0.0135	1530.199	1.6067	4.4509	2458.567	0.6632	0.6959
2.202	 3	41.9	10.508	0.0224	1532.672	1.5865	5.0792	2431.65	0.6749	0.7044
2.212	 3	42.9	10.503	0.014	1527.709	1.5408	4.6551	2353.96	0.7014	0.7054
2.222	 3	43.9	10.503	0.0221	1522.395	1.5329	4.6791	2333.724	0.706	0.7086
2.232	 3	44.9	10.503	0.0215	1519.531	1.5491	4.6303	2353.892	0.6966	0.701
2.242	 3	45.9	10.506	0.0161	1525.483	1.5498	4.6245	2364.121	0.6962	0.6992
2.252	 3	46.9	10.506	0.0163	1524.597	1.5388	4.6576	2345.992	0.7026	0.6966
2.262	 3	47.9	10.505	0.0154	1520.921	1.5618	4.59	2375.441	0.6892	0.6922
2.272	 3	48.9	10.516	0.0176	1522.513	1.5527	4.6032	2364.011	0.6945	0.6875
2.282	 3	49.9	10.518	0.0137	1523.906	1.5885	4.4971	2420.674	0.6737	0.6861
2.292	 3	50.9	10.52	0.0133	1527.737	1.5329	4.6575	2341.866	0.706	0.6872
2.302	 3	51.9	10.533	0.0174	1524.092	1.5356	4.6328	2340.45	0.7044	0.6929
2.312	 3	52.9	10.538	0.0258	1527.025	1.5179	4.6807	2317.811	0.7147	0.7021
2.322	 3	53.9	10.548	0.0282	1527.367	1.5231	4.6517	2326.405	0.7116	0.7162
2.332	 3	54.9	10.563	0.0359	1532.646	1.5444	4.569	2367.044	0.6993	0.7253
2.342	 3	55.9	10.544	0.036	1531.223	1.5533	5.1372	2378.43	0.6941	0.7334
2.352	 3	56.9	10.557	0.0419	1533.333	1.6204	4.3619	2484.554	0.6552	0.7422
2.362	 3	57.9	10.568	0.0361	1543.45	1.6914	4.1664	2610.537	0.6141	0.7465
2.372	 3	58.9	10.566	0.0264	1563.018	1.7326	4.0695	2708.048	0.5902	0.7523
2.382	 3	59.9	10.566	0.0176	1583.396	1.8143	3.8861	2872.772	0.5427	0.7636
2.392	 3	60.9	10.567	0.0088	1604.464	1.8567	3.7964	2978.962	0.5182	0.7848
2.402	 3	61.9	10.567	0.0066	1626.944	1.853	3.804	3014.731	0.5203	0.8054
2.412	 3	62.9	10.567	0.0078	1640.838	1.8392	3.8326	3017.783	0.5283	0.8221
2.422	 3	63.9	10.562	0.0054	1642.357	1.8023	4.4057	2960.081	0.5497	0.8381
2.432	 3	64.9	10.561	0.0059	1601.85	1.7393	4.0592	2786.134	0.5862	0.8374
2.442	 3	65.9	10.556	0.0123	1564.083	1.7108	4.649	2675.873	0.6028	0.8411
2.452	 3	66.9	10.556	0.0133	1554.868	1.7352	4.5837	2698.013	0.5886	0.8454
2.462	 3	67.9	10.553	0.0103	1560.171	1.7566	4.5315	2740.616	0.5762	0.8488
2.472	 3	68.9	10.549	0.0083	1569.091	1.7848	4.4648	2800.485	0.5599	0.8529
2.482	 3	69.9	10.539	0.0096	1578.876	1.7834	4.4805	2815.739	0.5607	0.855
2.492	 3	70.9	10.539	0.0089	1578.876	1.7728	4.5073	2799.022	0.5668	0.8632
2.502	 3	71.9	10.534	0.0138	1569.896	1.7544	4.5607	2754.258	0.5775	0.863
2.512	 3	72.9	10.532	0.0111	1566.097	1.7709	4.5207	2773.424	0.5679	0.861
2.522	 3	73.9	10.532	0.0098	1566.329	1.7709	4.5207	2773.837	0.5679	0.8591
2.532	 3	74.9	10.529	0.0077	1569.151	1.7871	4.4833	2804.289	0.5585	0.8548
2.542	 3	75.9	10.524	0.008	1576.157	1.7815	4.5037	2807.868	0.5618	0.8616
2.552	 3	76.9	10.514	0.0073	1570.191	1.7808	4.5178	2796.139	0.5622	0.8589
2.562	 3	77.9	10.51	0.0071	1568.657	1.7561	4.5863	2754.695	0.5765	0.8619
2.572	 3	78.9	10.506	0.0107	1568.762	1.7662	4.5651	2770.677	0.5707	0.8691
2.582	 3	79.9	10.5	0.0106	1565.295	1.7777	4.543	2782.584	0.564	0.8685
2.592	 3	80.9	10.495	0.0086	1567.822	1.8114	3.9685	2839.925	0.5444	0.8721
2.602	 3	81.9	10.49	0.0078	1581.964	1.8182	3.959	2876.38	0.5405	0.8731
2.612	 3	82.9	10.492	0.0075	1588.494	1.8432	4.391	2927.988	0.526	0.8737
2.622	 3	83.9	10.487	0.0091	1590.868	1.8301	3.9365	2911.475	0.5336	0.8746
2.632	 3	84.9	10.481	0.0083	1588.752	1.8248	4.4489	2899.084	0.5367	0.8738
2.642	 3	85.9	10.488	0.0102	1590.296	1.836	3.9228	2919.827	0.5301	0.8793
2.652	 3	86.9	10.487	0.0107	1595.466	1.8409	3.9135	2937.059	0.5273	0.8778
2.662	 3	87.9	10.488	0.0095	1608.342	1.8618	3.8684	2994.421	0.5152	0.8809
2.672	 3	88.9	10.493	0.0065	1625.31	1.862	3.8627	3026.36	0.5151	0.8831
2.682	 3	89.9	10.493	0.0061	1602.964	1.8058	4.4809	2894.589	0.5477	0.8854
2.692	 3	90.9	10.494	0.0111	1580.898	1.7897	4.52	2829.256	0.557	0.8868
2.702	 3	91.9	10.498	0.0102	1572.97	1.7993	4.4908	2830.31	0.5514	0.8883
2.712	 3	92.9	10.504	0.0088	1576.467	1.7814	4.5285	2808.37	0.5618	0.8888
2.722	 3	93.9	10.51	0.0123	1581.64	1.8004	4.4734	2847.608	0.5508	0.8886
2.732	 3	94.9	10.52	0.0107	1582.907	1.8102	3.944	2865.433	0.5451	0.8866
2.742	 3	95.9	10.52	0.0096	1582.669	1.8355	4.376	2904.93	0.5305	0.8904
2.752	 3	96.9	10.52	0.0081	1586.966	1.8322	4.3837	2907.692	0.5323	0.8889
2.762	 3	97.9	10.525	0.0096	1589.159	1.8292	3.8977	2906.914	0.5341	0.8911
2.772	 3	98.9	10.525	0.0081	1591.081	1.831	4.3807	2913.276	0.5331	0.8928
2.782	 3	99.9	10.527	0.0092	1589.221	1.8066	4.4375	2871.049	0.5472	0.8913
2.792	 3	100.9	10.528	0.008	1583.158	1.7946	4.466	2841.073	0.5542	0.8884
2.802	 3	101.9	10.546	0.0091	1583.483	1.8012	4.4277	2852.211	0.5503	0.8862
2.812	 3	102.9	10.535	0.0106	1587.074	1.7982	4.4484	2853.919	0.5521	0.8863
2.822	 3	103.9	10.538	0.0139	1594.251	1.8392	3.8629	2932.093	0.5283	0.8947
2.832	 3	104.9	10.546	0.0091	1597.637	1.8026	4.4243	2879.936	0.5495	0.8959
2.842	 3	105.9	10.54	0.0136	1589.264	1.805	4.4255	2868.698	0.5481	0.8973
2.852	 3	106.9	10.535	0.0186	1580.408	1.7687	4.0201	2795.294	0.5692	0.9075
2.862	 3	107.9	10.536	0.0197	1578.664	1.8001	4.4424	2841.823	0.551	0.8995
2.872	 3	108.9	10.53	0.0152	1584.173	1.8089	4.4282	2865.558	0.5459	0.8972
2.882	 3	109.9	10.536	0.0135	1586.508	1.7981	3.9534	2852.63	0.5522	0.8908
2.892	 3	110.9	10.522	0.0156	1587.268	1.8162	4.4199	2882.845	0.5416	0.8876
2.902	 3	111.9	10.515	0.0114	1595.357	1.8548	4.3362	2959.115	0.5192	0.8861
2.912	 3	112.9	10.515	0.0099	1605.098	1.8302	4.3945	2937.715	0.5335	0.8848
2.922	 3	113.9	10.515	0.0081	1596.811	1.8313	4.3919	2924.26	0.5329	0.8847
2.932	 3	114.9	10.516	0.0094	1595.025	1.8212	4.9058	2904.799	0.5388	0.8882
2.942	 3	115.9	10.515	0.0109	1587.649	1.816	4.4289	2883.214	0.5417	0.8868
2.952	 3	116.9	10.515	0.008	1583.346	1.7999	4.4685	2849.874	0.5511	0.8922
2.962	 3	117.9	10.52	0.0078	1586.248	1.7774	4.5191	2819.332	0.5642	0.8968
2.972	 3	118.9	10.518	0.0091	1579.991	1.8198	4.4162	2875.192	0.5396	0.9043
2.982	 3	119.9	10.515	0.0076	1577.408	1.8114	4.4401	2857.391	0.5444	0.9064
2.992	 3	120.9	10.515	0.0088	1580.49	1.8027	4.9574	2849.138	0.5495	0.9055
3.002	 3	121.9	10.517	0.0114	1581.742	1.8164	4.4256	2873.056	0.5415	0.8987
3.012	 3	122.9	10.52	0.0081	1591.769	1.8152	4.4249	2889.321	0.5422	0.8971
3.022	 3	123.9	10.526	0.0068	1600.182	1.8452	4.3457	2952.73	0.5248	0.897
3.032	 3	124.9	10.537	0.0109	1598.21	1.8261	4.3782	2918.43	0.5359	0.9
3.042	 3	125.9	10.535	0.0077	1598.634	1.8289	3.8878	2923.756	0.5343	0.8891
3.052	 3	126.9	10.546	0.0151	1595.944	1.8178	4.3874	2901.03	0.5407	0.8799
3.062	 3	127.9	10.55	0.0122	1590.292	1.8093	4.4031	2877.314	0.5457	0.8787
3.072	 3	128.9	10.55	0.0126	1592.693	1.804	4.416	2873.277	0.5487	0.8669
3.082	 3	129.9	10.544	0.0117	1585.325	1.775	4.4955	2813.976	0.5655	0.8787
3.092	 3	130.9	10.556	0.0122	1571.301	1.7655	4.5049	2774.188	0.571	0.9334
3.102	 3	131.9	10.552	0.0113	1566.741	1.7815	4.9659	2791.192	0.5618	0.9368
3.112	 3	132.9	10.562	0.0071	1571.025	1.7612	5.0097	2766.826	0.5736	0.9409
3.122	 3	133.9	10.567	0.0094	1571.535	1.7529	5.0264	2754.817	0.5783	0.9427
3.132	 3	134.9	10.572	0.01	1564.831	1.7474	4.5318	2734.463	0.5815	0.9374
3.142	 3	135.9	10.557	0.0096	1561.686	1.743	5.0689	2721.952	0.5841	0.9328
3.152	 3	136.9	10.564	0.0128	1564.573	1.7508	4.533	2739.212	0.5796	0.928
3.162	 3	137.9	10.575	0.0117	1565.275	1.736	5.0643	2717.366	0.5881	0.9227
3.172	 3	138.9	10.586	0.0123	1564.125	1.7405	5.0363	2722.354	0.5856	0.9192
3.182	 3	139.9	10.586	0.009	1558.828	1.7521	5.0028	2731.283	0.5788	0.9203
3.192	 3	140.9	10.643	0.0083	1561.931	1.7093	5.0497	2669.881	0.6036	0.92
3.202	 3	141.9	10.806	0.0031	1571.782	1.6801	4.919	2640.708	0.6206	0.9274
3.212	 3	142.9	10.875	0.0011	1582.048	1.6994	4.7754	2688.547	0.6094	0.9337
3.222	 3	143.9	10.943	0.0	112.4839	1.706	5.1403	191.9017	0.6055	0.9414
3.232	 3	144.9	10.934	0.0001	1570.526	1.712	5.1343	2688.789	0.6021	0.9578
3.242	 3	145.9	10.92	0.0007	1587.209	1.7238	4.6526	2736.051	0.5952	1.003
3.252	 3	146.9	10.884	0.0006	1579.452	1.7298	5.1483	2732.21	0.5917	1.0955
3.262	 3	147.9	10.849	0.0004	1571.18	1.7405	5.6337	2734.569	0.5856	1.3007
3.272	 3	148.9	10.773	0.0078	1587.299	1.7473	6.6796	2773.543	0.5816	1.7711
3.282	 3	149.9	11.022	0.0003	1473.726	1.6954	6.4495	2498.604	0.6117	2.5792
3.292	 3	150.9	11.126	0.0	114.365	1.4298	9.0418	163.5181	0.7658	3.195
3.302	 4	0.5	11.196	0.0	115.0845	1.5607	10.0514	179.6177	0.6898	2.7956
3.312	 4	1.5	11.185	0.0	114.9715	1.6533	10.8749	190.077	0.6362	2.0218
3.322	 4	2.5	11.148	0.0004	1604.49	1.6792	10.358	2694.207	0.6211	1.4971
3.332	 4	3.5	11.079	0.0002	1585.886	1.6932	9.0913	2685.22	0.613	1.2137
3.342	 4	4.5	10.994	0.0	113.0082	1.6881	7.9229	190.767	0.616	1.0673
3.352	 4	5.5	10.619	0.0004	1583.98	1.7457	6.9673	2765.144	0.5825	0.988
3.362	 4	6.5	10.49	0.0081	1581.964	1.8056	6.4784	2856.38	0.5478	0.947
3.372	 4	7.5	10.468	0.0095	1588.95	1.7712	6.133	2814.37	0.5677	0.9198
3.382	 4	8.5	10.454	0.033	1583.699	1.7896	5.5856	2834.203	0.5571	0.904
3.392	 4	9.5	10.447	0.0406	1576.192	1.7805	5.6248	2806.484	0.5623	0.8992
3.402	 4	10.5	10.447	0.0337	1575.004	1.7778	5.1213	2800.083	0.5639	0.8974
3.412	 4	11.5	10.446	0.0284	1580.572	1.7712	5.1418	2799.548	0.5677	0.8948
3.422	 4	12.5	10.447	0.0531	1579.767	1.761	5.6873	2781.93	0.5737	0.892
3.432	 4	13.5	10.447	0.0368	1574.292	1.7809	5.1125	2803.636	0.5621	0.8887
3.442	 4	14.5	10.457	0.0372	1578.415	1.8001	5.5483	2841.363	0.551	0.8828
3.452	 4	15.5	10.462	0.0321	1585.392	1.8174	4.989	2881.367	0.5409	0.8768
3.462	 4	16.5	10.467	0.0306	1585.669	1.8215	5.4682	2888.33	0.5386	0.8717
3.472	 4	17.5	10.477	0.0217	1580.48	1.7932	5.0356	2834.187	0.555	0.8686
3.482	 4	18.5	10.488	0.0303	1577.38	1.7777	5.5709	2804.051	0.564	0.8671
3.492	 4	19.5	10.497	0.0316	1573.763	1.7334	5.1808	2728.036	0.5896	0.8658
3.502	 4	20.5	10.501	0.0241	1565.911	1.739	5.1586	2723.147	0.5864	0.8613
3.512	 4	21.5	10.502	0.0214	1565.593	1.7504	5.1236	2740.449	0.5798	0.8518
3.522	 4	22.5	10.506	0.0129	1567.826	1.7568	5.0995	2754.284	0.5761	0.8469
3.532	 4	23.5	10.507	0.0118	1573.611	1.7609	5.5946	2771.036	0.5737	0.8446
3.542	 4	24.5	10.507	0.0242	1567.273	1.7483	5.1229	2740.003	0.5811	0.839
3.552	 4	25.5	10.506	0.0241	1565.956	1.7405	5.6619	2725.537	0.5856	0.8306
3.562	 4	26.5	10.511	0.0277	1566.468	1.738	5.1475	2722.553	0.587	0.8226
3.572	 4	27.5	10.514	0.0264	1564.583	1.7356	5.1505	2715.42	0.5884	0.8149
3.582	 4	28.5	10.511	0.0262	1561.813	1.7331	5.1621	2706.779	0.5898	0.8065
3.592	 4	29.5	10.507	0.0226	1563.076	1.7354	5.677	2712.561	0.5885	0.8002
3.602	 4	30.5	10.505	0.0204	1562.547	1.7413	5.1461	2720.891	0.5851	0.8008
3.612	 4	31.5	10.501	0.0152	1561.719	1.7334	5.1752	2707.149	0.5897	0.8051
3.622	 4	32.5	10.507	0.0163	1567.04	1.739	5.1502	2725.099	0.5864	0.8077
3.632	 4	33.5	10.504	0.0165	1566.125	1.7402	5.151	2725.318	0.5858	0.8121
3.642	 4	34.5	10.497	0.0224	1565.548	1.7111	5.2485	2678.819	0.6026	0.8181
3.652	 4	35.5	10.501	0.0228	1565.677	1.7117	5.2408	2680.028	0.6022	0.8224
3.662	 4	36.5	10.503	0.0261	1556.923	1.6839	5.3247	2621.643	0.6184	0.8297
3.672	 4	37.5	10.497	0.0374	1554.42	1.6773	4.8187	2607.293	0.6222	0.8328
3.682	 4	38.5	10.497	0.038	1552.811	1.6764	5.3571	2603.147	0.6227	0.842
3.692	 4	39.5	10.497	0.022	1555.111	1.6842	5.3323	2619.116	0.6182	0.8491
3.702	 4	40.5	10.496	0.0209	1560.976	1.7042	5.2711	2660.278	0.6066	0.8575
3.712	 4	41.5	10.492	0.0298	1555.292	1.6998	5.2906	2643.693	0.6092	0.8723
3.722	 4	42.5	10.491	0.028	1560.232	1.7176	4.7136	2679.777	0.5989	0.8758
3.732	 4	43.5	10.498	0.0234	1568.27	1.7438	5.1487	2734.749	0.5836	0.8843
3.742	 4	44.5	10.492	0.023	1569.953	1.7408	5.1659	2733.036	0.5854	0.8863
3.752	 4	45.5	10.492	0.0313	1569.953	1.72	5.2286	2700.269	0.5975	0.8945
3.762	 4	46.5	10.488	0.0199	1564.206	1.7203	5.2333	2690.904	0.5973	0.8987
3.772	 4	47.5	10.49	0.0281	1561.477	1.6948	5.3093	2646.313	0.6121	0.9028
3.782	 4	48.5	10.493	0.0294	1559.37	1.7153	5.2414	2674.773	0.6002	0.902
3.792	 4	49.5	10.497	0.0334	1562.984	1.7227	5.2131	2692.561	0.5959	0.9007
3.802	 4	50.5	10.502	0.0273	1564.194	1.7352	5.1684	2714.254	0.5886	0.8978
3.812	 4	51.5	10.502	0.0284	1570.51	1.73	5.184	2716.998	0.5916	0.8974
3.822	 4	52.5	10.502	0.0338	1569.337	1.7471	5.1333	2741.794	0.5817	0.9015
3.832	 4	53.5	10.507	0.0317	1571.493	1.7361	5.1589	2728.197	0.5881	0.9076
3.842	 4	54.5	10.517	0.0244	1569.467	1.7653	5.0596	2770.61	0.5712	0.9082
3.852	 4	55.5	10.522	0.0152	1576.802	1.7791	5.0136	2805.238	0.5632	0.9068
3.862	 4	56.5	10.535	0.0154	1581.594	1.7663	5.0318	2793.648	0.5706	0.9045
3.872	 4	57.5	10.544	0.0199	1587.235	1.7591	4.5361	2792.134	0.5748	0.902
3.882	 4	58.5	10.546	0.0163	1587.536	1.7662	4.5155	2803.898	0.5707	0.8985
3.892	 4	59.5	10.562	0.0214	1584.221	1.7144	5.1465	2715.924	0.6007	0.8944
3.902	 4	60.5	10.567	0.0156	1568.269	1.701	5.1797	2667.698	0.6084	0.8937
3.912	 4	61.5	10.562	0.0223	1562.195	1.6813	5.2476	2626.547	0.6199	0.8847
3.922	 4	62.5	10.557	0.0189	1561.455	1.7036	5.186	2660.118	0.607	0.876
3.932	 4	63.5	10.562	0.0175	1565.205	1.7089	5.163	2674.761	0.6039	0.8716
3.942	 4	64.5	10.553	0.0184	1564.798	1.7071	5.1809	2671.328	0.6049	0.8668
3.952	 4	65.5	10.55	0.0257	1568.307	1.7313	5.1129	2715.16	0.5909	0.8651
3.962	 4	66.5	10.542	0.0163	1566.186	1.7112	5.1842	2680.006	0.6026	0.8624
3.972	 4	67.5	10.532	0.0172	1565.166	1.7251	5.1564	2700.039	0.5945	0.8622
3.982	 4	68.5	10.528	0.0157	1560.397	1.6981	5.7685	2649.723	0.6101	0.8652
3.992	 4	69.5	10.527	0.0154	1560.249	1.6995	5.2411	2651.705	0.6093	0.8664
4.002	 4	70.5	10.525	0.0173	1560.184	1.7285	5.156	2696.793	0.5925	0.863
4.012	 4	71.5	10.523	0.0162	1564.758	1.7236	5.1735	2697.066	0.5953	0.855
4.022	 4	72.5	10.517	0.0179	1565.496	1.7341	5.1507	2714.688	0.5893	0.8542
4.032	 4	73.5	10.515	0.0138	1566.597	1.722	5.1896	2697.716	0.5963	0.8552
4.042	 4	74.5	10.51	0.0222	1567.253	1.7271	5.1815	2706.747	0.5934	0.8591
4.052	 4	75.5	10.505	0.022	1569.081	1.7393	5.152	2729.169	0.5862	0.8643
4.062	 4	76.5	10.5	0.0212	1569.507	1.7405	5.1556	2731.726	0.5856	0.8635
4.072	 4	77.5	10.5	0.0233	1567.632	1.7261	5.1986	2705.9	0.5939	0.8672
4.082	 4	78.5	10.495	0.0307	1564.083	1.7286	5.1983	2703.605	0.5925	0.8655
4.092	 4	79.5	10.49	0.0294	1561.942	1.7343	4.6695	2708.84	0.5892	0.8658
4.102	 4	80.5	10.486	0.0263	1567.414	1.7474	5.1548	2738.977	0.5815	0.8719
4.112	 4	81.5	10.486	0.0222	1569.76	1.7558	5.6435	2756.121	0.5767	0.8773
4.122	 4	82.5	10.478	0.0232	1570.679	1.7777	4.5705	2792.13	0.564	0.8842
4.132	 4	83.5	10.471	0.0248	1569.865	1.7596	5.1403	2762.353	0.5745	0.8898
4.142	 4	84.5	10.471	0.0217	1574.113	1.7761	5.0925	2795.823	0.5649	0.895
4.152	 4	85.5	10.466	0.0197	1577.63	1.8111	5.0009	2857.298	0.5446	0.9011
4.162	 4	86.5	10.462	0.0203	1588.039	1.8189	4.9852	2888.418	0.5401	0.9059
4.172	 4	87.5	10.451	0.0161	1595.329	1.8261	4.4824	2913.203	0.5359	0.9058
4.182	 4	88.5	10.446	0.0222	1601.901	1.842	4.4499	2950.653	0.5267	0.906
4.192	 4	89.5	10.447	0.0213	1591.56	1.8282	4.4822	2909.695	0.5347	0.9055
4.202	 4	90.5	10.446	0.0307	1585.129	1.7968	5.0685	2848.22	0.5529	0.8996
4.212	 4	91.5	10.452	0.0282	1584.356	1.8164	5.0057	2877.776	0.5415	0.8967
4.222	 4	92.5	10.451	0.0354	1585.166	1.8012	5.0494	2855.154	0.5504	0.8965
4.232	 4	93.5	10.455	0.0266	1582.413	1.7953	5.0603	2840.891	0.5538	0.8916
4.242	 4	94.5	10.456	0.0276	1582.324	1.78	4.5921	2816.593	0.5626	0.8858
4.252	 4	95.5	10.462	0.0379	1578.217	1.7756	5.1066	2802.308	0.5652	0.8769
4.262	 4	96.5	10.47	0.0274	1581.571	1.7903	5.0536	2831.5	0.5567	0.8723
4.272	 4	97.5	10.482	0.031	1585.299	1.7869	5.0466	2832.749	0.5587	0.867
4.282	 4	98.5	10.488	0.0218	1581.185	1.7739	5.0751	2804.904	0.5662	0.8615
4.292	 4	99.5	10.493	0.0233	1582.893	1.7433	5.1572	2759.473	0.5839	0.8589
4.302	 4	100.5	10.492	0.031	1573.721	1.7385	4.6555	2735.972	0.5867	0.8597
4.312	 4	101.5	10.503	0.0322	1565.976	1.7328	4.6569	2713.498	0.59	0.853
4.322	 4	102.5	10.497	0.0304	1564.615	1.7114	5.2475	2677.724	0.6024	0.8482
4.332	 4	103.5	10.502	0.0384	1560.475	1.7297	4.6665	2699.129	0.5918	0.8446
4.342	 4	104.5	10.512	0.0262	1564.053	1.7408	5.1378	2722.731	0.5854	0.8354
4.352	 4	105.5	10.51	0.0164	1569.594	1.7716	5.0514	2780.641	0.5675	0.833
4.362	 4	106.5	10.513	0.0174	1576.398	1.7985	4.4745	2835.168	0.5519	0.8407
4.372	 4	107.5	10.514	0.0178	1583.672	1.7635	4.5621	2792.75	0.5722	0.8429
4.382	 4	108.5	10.504	0.0079	1594.898	1.8293	4.41	2917.541	0.5341	0.8469
4.392	 4	109.5	10.508	0.0049	1631.17	1.8162	4.437	2962.495	0.5417	0.8559
4.402	 4	110.5	10.503	0.0131	1603.267	1.7796	4.5345	2853.097	0.5629	0.8613
4.412	 4	111.5	10.508	0.025	1581.815	1.7591	4.581	2782.567	0.5748	0.862
4.422	 4	112.5	10.508	0.0148	1575.176	1.7753	4.5392	2796.41	0.5654	0.8662
4.432	 4	113.5	10.504	0.0126	1580.5	1.8028	4.9719	2849.382	0.5494	0.8705
4.442	 4	114.5	10.503	0.0067	1583.685	1.7878	5.0152	2831.271	0.5581	0.8772
4.452	 4	115.5	10.503	0.0061	1588.476	1.8238	4.9162	2897.016	0.5373	0.8819
4.462	 4	116.5	10.503	0.0076	1599.117	1.8111	4.9507	2896.09	0.5446	0.8825
4.472	 4	117.5	10.503	0.01	1599.36	1.832	3.9153	2929.985	0.5325	0.8795
4.482	 4	118.5	10.502	0.0126	1590.008	1.7952	4.4962	2854.365	0.5538	0.8767
4.492	 4	119.5	10.503	0.0129	1583.208	1.7775	5.0441	2814.162	0.5641	0.869
4.502	 4	120.5	10.503	0.0145	1574.191	1.7553	5.1081	2763.1	0.577	0.8569
4.512	 4	121.5	10.503	0.0222	1573.955	1.7923	4.5024	2820.925	0.5555	0.8516
4.522	 4	122.5	10.507	0.0069	1604.857	1.8446	4.8554	2960.308	0.5252	0.8507
4.532	 4	123.5	10.508	0.0035	1621.855	1.8462	4.3648	2994.316	0.5242	0.8543
4.542	 4	124.5	10.513	0.0068	1616.887	1.809	4.4486	2924.92	0.5458	0.861
4.552	 4	125.5	10.521	0.0114	1596.51	1.8006	4.4595	2874.707	0.5507	0.8752
4.562	 4	126.5	10.527	0.0085	1597.178	1.793	4.4711	2863.74	0.5551	0.8837
4.572	 4	127.5	10.528	0.0129	1597.33	1.8237	4.3946	2913.053	0.5373	0.8905
4.582	 4	128.5	10.537	0.0076	1605.026	1.8422	4.8219	2956.833	0.5265	0.9319
4.592	 4	129.5	10.552	0.0069	1610.746	1.8249	4.3631	2939.438	0.5366	0.9444
4.602	 4	130.5	10.55	0.0076	1601.883	1.831	4.351	2932.984	0.5331	0.9547
4.612	 4	131.5	10.559	0.0104	1602.763	1.8478	4.3008	2961.63	0.5233	0.9586
4.622	 4	132.5	10.553	0.0109	1600.394	1.8297	4.3504	2928.279	0.5338	0.959
4.632	 4	133.5	10.569	0.0104	1608.676	1.8486	4.2873	2973.848	0.5228	0.9589
4.642	 4	134.5	10.579	0.0092	1616.348	1.832	4.3144	2961.212	0.5325	0.961
4.652	 4	135.5	10.574	0.0088	1623.024	1.8639	4.2463	3025.188	0.514	0.9636
4.662	 4	136.5	10.627	0.0062	1627.163	1.8436	4.2319	2999.892	0.5257	0.9601
4.672	 4	137.5	10.639	0.0047	1623.531	1.8008	4.3186	2923.669	0.5506	0.9637
4.682	 4	138.5	10.624	0.0017	1617.293	1.8511	4.2183	2993.78	0.5214	0.967
4.692	 4	139.5	10.81	0.0002	1644.857	1.8363	3.5965	3020.517	0.53	0.974
4.702	 4	140.5	10.817	0.0001	1411.772	1.8279	3.6065	2580.512	0.5349	0.9858
4.712	 4	141.5	10.787	0.0	110.8804	1.8253	3.6403	202.3905	0.5364	1.0135
4.722	 4	142.5	10.768	0.0	110.6851	1.8145	4.1407	200.8345	0.5427	1.0622
4.732	 4	143.5	10.726	0.0	110.2534	1.8227	3.7053	200.9534	0.5379	1.1497
4.742	 4	144.5	10.722	0.0	110.2123	1.6948	3.989	186.7913	0.612	1.3409
4.752	 4	145.5	10.754	0.0001	1354.749	1.766	4.2701	2392.548	0.5707	1.828
4.762	 4	146.5	10.954	0.0001	1457.812	1.7463	4.097	2545.779	0.5822	2.9685
4.772	 4	147.5	11.078	0.0	113.8716	1.1142	6.2184	126.8809	0.9488	4.6393
4.782	 5	0.4	11.09	0.0	113.995	1.0139	6.8128	115.5801	1.007	4.1448
4.792	 5	1.4	11.102	0.0	114.1183	1.7644	3.9029	201.3509	0.5717	2.7237
4.802	 5	2.4	11.101	0.0002	1626.997	1.7702	3.8912	2880.046	0.5684	1.8532
4.812	 5	3.4	11.071	0.0001	1610.327	1.7693	3.9231	2849.225	0.5688	1.429
4.822	 5	4.4	11.017	0.0	113.2446	1.7872	3.9383	202.3904	0.5585	1.2016
4.832	 5	5.4	10.593	0.0059	1623.946	1.8569	4.7117	3015.49	0.518	1.0859
4.842	 5	6.4	10.51	0.0023	1609.248	1.8376	4.8699	2957.105	0.5293	1.0141
4.852	 5	7.4	10.459	0.0038	1615.04	1.8571	4.398	2999.237	0.5179	0.9846
4.862	 5	8.4	10.452	0.0168	1611.471	1.8804	4.3516	3030.288	0.5044	0.9636
4.872	 5	9.4	10.447	0.0138	1618.185	1.8739	4.8587	3032.343	0.5082	0.9501
4.882	 5	10.4	10.447	0.0168	1616.432	1.8461	4.9319	2984.126	0.5243	0.936
4.892	 5	11.4	10.451	0.0175	1609.332	1.8307	4.9679	2946.213	0.5332	0.9287
4.902	 5	12.4	10.451	0.0198	1608.589	1.8443	4.9312	2966.768	0.5253	0.9217
4.912	 5	13.4	10.457	0.014	1606.051	1.8265	4.4741	2933.38	0.5357	0.9185
4.922	 5	14.4	10.457	0.0134	1612.988	1.8476	4.9144	2980.166	0.5234	0.9144
4.932	 5	15.4	10.462	0.0157	1612.267	1.8464	4.9109	2976.828	0.5242	0.9087
4.942	 5	16.4	10.472	0.031	1606.628	1.8363	4.4318	2950.282	0.53	0.9026
4.952	 5	17.4	10.477	0.0344	1594.916	1.8117	4.4859	2889.483	0.5443	0.8905
4.962	 5	18.4	10.492	0.0249	1593.076	1.8115	4.9643	2885.936	0.5443	0.8766
4.972	 5	19.4	10.502	0.0196	1610.983	1.8531	4.3557	2985.321	0.5202	0.8643
4.982	 5	20.4	10.506	0.0112	1634.666	1.8517	4.3543	3026.863	0.5211	0.8576
4.992	 5	21.4	10.508	0.0175	1633.452	1.8601	4.3322	3038.379	0.5162	0.8557
5.002	 5	22.4	10.507	0.0089	1623.957	1.868	4.315	3033.573	0.5116	0.8576
5.012	 5	23.4	10.512	0.0059	1625.483	1.8768	4.289	3050.671	0.5065	0.8585
5.022	 5	24.4	10.512	0.007	1622.473	1.8546	4.3403	3009.081	0.5194	0.8568
5.032	 5	25.4	10.512	0.0195	1613.012	1.8532	4.8263	2989.179	0.5202	0.8645
5.042	 5	26.4	10.507	0.0156	1611.75	1.8691	4.3125	3012.56	0.5109	0.8731
5.052	 5	27.4	10.512	0.0143	1616.733	1.8779	4.2865	3036.059	0.5059	0.8819
5.062	 5	28.4	10.512	0.0178	1614.995	1.8831	4.7495	3041.253	0.5028	0.8911
5.072	 5	29.4	10.507	0.0162	1622.202	1.861	4.3313	3018.931	0.5157	0.8915
5.082	 5	30.4	10.507	0.0173	1624.71	1.878	4.292	3051.277	0.5058	0.8954
5.092	 5	31.4	10.502	0.0138	1623.686	1.8682	4.3206	3033.309	0.5115	0.9062
5.102	 5	32.4	10.5	0.0144	1620.37	1.8619	4.3376	3016.938	0.5152	0.9144
5.112	 5	33.4	10.502	0.0115	1631.505	1.8734	4.7874	3056.383	0.5085	0.9198
5.122	 5	34.4	10.497	0.013	1630.475	1.8892	4.2783	3080.313	0.4993	0.9197
5.132	 5	35.4	10.497	0.0185	1630.222	1.8937	4.2681	3087.219	0.4967	0.9174
5.142	 5	36.4	10.492	0.0192	1627.929	1.8681	4.3326	3041.124	0.5115	0.9201
5.152	 5	37.4	10.492	0.0198	1620.386	1.8867	4.7665	3057.222	0.5007	0.9294
5.162	 5	38.4	10.491	0.0164	1616.736	1.8672	4.3359	3018.711	0.5121	0.9484
5.172	 5	39.4	10.488	0.0154	1616.274	1.8519	4.3752	2993.229	0.5209	0.9577
5.182	 5	40.4	10.493	0.0153	1620.541	1.8467	4.3816	2992.638	0.524	0.9659
5.192	 5	41.4	10.488	0.0125	1621.271	1.8556	4.3666	3008.395	0.5188	0.9733
5.202	 5	42.4	10.487	0.0075	1630.188	1.8477	4.3863	3012.176	0.5233	0.9827
5.212	 5	43.4	10.494	0.0125	1627.734	1.8512	4.3697	3013.321	0.5213	0.992
5.222	 5	44.4	10.488	0.0168	1619.018	1.8585	4.3597	3008.953	0.5171	1.009
5.232	 5	45.4	10.493	0.0181	1612.819	1.8532	4.3661	2988.932	0.5202	1.0124
5.242	 5	46.4	10.489	0.0176	1607.756	1.8348	4.4149	2949.873	0.5309	1.0193
5.252	 5	47.4	10.492	0.0231	1610.437	1.8692	4.33	3010.235	0.5109	1.0262
5.262	 5	48.4	10.483	0.0168	1608.315	1.8605	4.361	2992.256	0.516	1.0349
5.272	 5	49.4	10.483	0.0117	1605.852	1.8517	4.3817	2973.593	0.521	1.0443
5.282	 5	50.4	10.485	0.0107	1605.666	1.8481	4.8754	2967.432	0.5231	1.0512
5.292	 5	51.4	10.485	0.0076	1618.555	1.8794	4.7943	3041.864	0.505	1.062
5.302	 5	52.4	10.487	0.0128	1620.865	1.866	4.3433	3024.586	0.5127	1.0625
5.312	 5	53.4	10.489	0.0108	1608.002	1.8348	4.4149	2950.325	0.5309	1.0701
5.322	 5	54.4	10.497	0.0142	1606.028	1.8558	4.3553	2980.489	0.5187	1.0745
5.332	 5	55.4	10.517	0.0078	1618.747	1.8574	4.8087	3006.668	0.5177	1.0792
5.342	 5	56.4	10.524	0.0161	1615.101	1.8287	4.3875	2953.494	0.5344	1.0838
5.352	 5	57.4	10.528	0.0148	1607.819	1.8341	4.3698	2948.85	0.5313	1.0797
5.362	 5	58.4	10.538	0.012	1613.536	1.8191	4.8818	2935.233	0.5399	1.0783
5.372	 5	59.4	10.532	0.0124	1604.509	1.8054	4.4344	2896.731	0.5479	1.0732
5.382	 5	60.4	10.535	0.0138	1598.149	1.7882	4.4734	2857.789	0.5579	1.0691
5.392	 5	61.4	10.528	0.0179	1592.738	1.7991	4.9497	2865.455	0.5516	1.0587
5.402	 5	62.4	10.531	0.0172	1594.64	1.8179	4.4051	2898.832	0.5407	1.0477
5.412	 5	63.4	10.527	0.0108	1598.633	1.8239	4.3954	2915.707	0.5372	1.033
5.422	 5	64.4	10.526	0.0133	1605.552	1.8348	4.3705	2945.829	0.5309	1.0286
5.432	 5	65.4	10.522	0.0083	1615.538	1.8312	4.3839	2958.322	0.533	1.0417
5.442	 5	66.4	10.512	0.009	1623.726	1.8176	3.9366	2951.292	0.5408	1.0555
5.452	 5	67.4	10.51	0.0069	1636.307	1.8481	3.8738	3023.986	0.5232	1.0641
5.462	 5	68.4	10.504	0.0077	1651.832	1.863	4.3302	3077.382	0.5145	1.0648
5.472	 5	69.4	10.492	0.0064	1652.283	1.8346	4.4117	3031.296	0.531	1.0565
5.482	 5	70.4	10.492	0.01	1620.386	1.8073	3.9807	2928.595	0.5468	1.0481
5.492	 5	71.4	10.48	0.0215	1595.615	1.814	4.4766	2894.406	0.5429	1.0451
5.502	 5	72.4	10.48	0.0137	1597.561	1.7955	4.5226	2868.412	0.5537	1.0454
5.512	 5	73.4	10.474	0.0209	1593.004	1.7972	4.5257	2862.971	0.5527	1.043
5.522	 5	74.4	10.464	0.0181	1591.241	1.8118	4.5016	2883.057	0.5442	1.0458
5.532	 5	75.4	10.463	0.0217	1588.914	1.8155	4.4937	2884.697	0.542	1.0325
5.542	 5	76.4	10.459	0.0143	1596.063	1.8201	4.9859	2904.972	0.5394	1.0291
5.552	 5	77.4	10.455	0.0192	1605.498	1.8332	4.4601	2943.224	0.5318	1.015
5.562	 5	78.4	10.449	0.0212	1604.083	1.8443	4.4406	2958.447	0.5253	1.0034
5.572	 5	79.4	10.439	0.0186	1600.092	1.8137	5.0311	2902.105	0.5431	0.9986
5.582	 5	80.4	10.438	0.0269	1591.886	1.8027	4.5568	2869.724	0.5495	0.9904
5.592	 5	81.4	10.435	0.021	1592.643	1.8264	5.0016	2908.801	0.5357	0.9773
5.602	 5	82.4	10.43	0.0184	1591.395	1.779	4.6277	2831.13	0.5632	0.9611
5.612	 5	83.4	10.421	0.0326	1577.983	1.784	4.6263	2815.068	0.5603	0.9502
5.622	 5	84.4	10.42	0.0235	1578.788	1.817	4.5434	2868.686	0.5412	0.9386
5.632	 5	85.4	10.426	0.013	1578.501	1.7318	5.2878	2733.698	0.5906	0.9328
5.642	 5	86.4	10.426	0.0458	1562.884	1.7042	4.8362	2663.469	0.6066	0.935
5.652	 5	87.4	10.425	0.033	1561.33	1.7343	5.2818	2707.779	0.5892	0.936
5.662	 5	88.4	10.426	0.0314	1569.708	1.7736	5.1633	2784.046	0.5664	0.9401
5.672	 5	89.4	10.436	0.0279	1566.261	1.7429	4.7157	2729.872	0.5842	0.9455
5.682	 5	90.4	10.431	0.0271	1565.746	1.761	5.1931	2757.277	0.5737	0.9499
5.692	 5	91.4	10.435	0.0253	1568.229	1.7633	5.1805	2765.313	0.5723	0.9549
5.702	 5	92.4	10.434	0.0227	1575.895	1.7975	5.0834	2832.705	0.5525	0.9638
5.712	 5	93.4	10.431	0.0135	1585.258	1.7768	4.6322	2816.716	0.5645	0.9649
5.722	 5	94.4	10.441	0.0416	1578.621	1.7953	4.5719	2834.069	0.5538	0.9763
5.732	 5	95.4	10.442	0.0258	1583.801	1.8416	4.9508	2916.72	0.5269	0.9862
5.742	 5	96.4	10.442	0.0226	1604.24	1.8894	4.8256	3030.986	0.4992	0.9974
5.752	 5	97.4	10.442	0.0243	1599.326	1.8366	4.9643	2937.277	0.5298	1.0041
5.762	 5	98.4	10.453	0.0267	1596.122	1.8275	4.4765	2916.927	0.5351	1.0072
5.772	 5	99.4	10.453	0.0141	1600.276	1.8636	4.3897	2982.314	0.5141	1.0081
5.782	 5	100.4	10.461	0.0095	1614.352	1.8744	4.355	3025.895	0.5079	1.0058
5.792	 5	101.4	10.462	0.0062	1623.274	1.8646	4.8629	3026.745	0.5136	1.011
5.802	 5	102.4	10.467	0.0125	1605.861	1.8071	4.5096	2901.97	0.5469	1.0135
5.812	 5	103.4	10.466	0.0173	1585.277	1.8073	5.0116	2865.047	0.5468	1.0205
5.822	 5	104.4	10.463	0.0136	1585.784	1.8243	4.9688	2893.014	0.5369	1.0208
5.832	 5	105.4	10.462	0.0175	1587.798	1.8206	4.4823	2890.783	0.5391	1.0165
5.842	 5	106.4	10.457	0.0147	1595.514	1.83	4.9616	2919.809	0.5336	1.0174
5.852	 5	107.4	10.457	0.0136	1600.643	1.8629	4.3866	2981.858	0.5146	1.0189
5.862	 5	108.4	10.457	0.0183	1603.342	1.8329	4.9539	2938.71	0.532	1.0157
5.872	 5	109.4	10.457	0.0185	1590.66	1.8194	4.4915	2894.008	0.5398	1.006
5.882	 5	110.4	10.457	0.0189	1584.634	1.8029	5.0362	2856.96	0.5494	1.0015
5.892	 5	111.4	10.453	0.0171	1574.484	1.768	5.1412	2783.713	0.5696	1.0051
5.902	 5	112.4	10.458	0.0265	1571.922	1.7482	4.6733	2747.958	0.5811	1.001
5.912	 5	113.4	10.457	0.0208	1568.001	1.7829	5.0926	2795.642	0.5609	1.0049
5.922	 5	114.4	10.457	0.0196	1584.154	1.8123	5.01	2871.027	0.5439	1.0114
5.932	 5	115.4	10.456	0.0161	1596.823	1.8442	4.9249	2944.813	0.5254	1.0108
5.942	 5	116.4	10.452	0.0097	1598.165	1.8388	4.9448	2938.636	0.5286	1.0095
5.952	 5	117.4	10.447	0.011	1593.259	1.8346	4.9628	2923.024	0.531	1.0046
5.962	 5	118.4	10.442	0.0089	1584.522	1.8273	4.9895	2895.4	0.5352	0.9981
5.972	 5	119.4	10.442	0.0076	1587.412	1.8391	4.4618	2919.38	0.5284	0.9985
5.982	 5	120.4	10.438	0.0064	1594.318	1.8298	4.9882	2917.25	0.5338	1.0018
5.992	 5	121.4	10.442	0.0059	1591.768	1.8121	5.0313	2884.505	0.544	1.0002
6.002	 5	122.4	10.447	0.0122	1584.079	1.8134	5.0209	2872.528	0.5433	1.0092
6.012	 5	123.4	10.453	0.0096	1594.417	1.818	5.0	2898.58	0.5406	0.9974
6.022	 5	124.4	10.452	0.0088	1599.877	1.8402	4.4468	2944.083	0.5277	1.0007
6.032	 5	125.4	10.458	0.0128	1603.25	1.8313	4.4612	2935.971	0.5329	1.0051
6.042	 5	126.4	10.467	0.0103	1603.401	1.8466	4.4133	2960.783	0.524	0.9967
6.052	 5	127.4	10.482	0.0077	1604.961	1.8203	4.4585	2921.556	0.5393	0.9976
6.062	 5	128.4	10.488	0.0089	1605.88	1.8421	4.3984	2958.264	0.5266	1.0079
6.072	 5	129.4	10.502	0.0113	1606.793	1.8261	4.9113	2934.131	0.5359	1.0156
6.082	 5	130.4	10.51	0.0086	1606.788	1.8686	4.3102	3002.427	0.5113	1.0258
6.092	 5	131.4	10.528	0.0078	1607.819	1.8522	4.3271	2977.96	0.5208	1.0864
6.102	 5	132.4	10.535	0.008	1608.643	1.8314	4.3678	2946.092	0.5328	1.0941
6.112	 5	133.4	10.54	0.0068	1606.952	1.8515	4.3144	2975.311	0.5212	1.1017
6.122	 5	134.4	10.549	0.0057	1613.737	1.8683	4.2652	3015.008	0.5114	1.1061
6.132	 5	135.4	10.548	0.0034	1617.295	1.8487	4.3117	2989.831	0.5228	1.1052
6.142	 5	136.4	10.558	0.0049	1612.893	1.8346	4.333	2959.017	0.531	1.1021
6.152	 5	137.4	10.563	0.0037	1609.968	1.8707	4.2436	3011.75	0.51	1.1009
6.162	 5	138.4	10.589	0.0037	1614.423	1.8717	4.2116	3021.679	0.5095	1.1052
6.172	 5	139.4	10.614	0.0022	1620.706	1.8525	4.6961	3002.327	0.5206	1.1076
6.182	 5	140.4	10.62	0.0011	1618.162	1.85	4.2254	2993.549	0.5221	1.1244
6.192	 5	141.4	10.625	0.0004	1600.633	1.8187	4.2921	2911.149	0.5402	1.1395
6.202	 5	142.4	10.748	0.0011	1600.357	1.7595	4.2927	2815.871	0.5745	1.1606
6.212	 5	143.4	10.775	0.001	1583.86	1.775	4.6944	2811.298	0.5656	1.1891
6.222	 5	144.4	10.788	0.0	110.8907	1.8054	4.1394	200.2019	0.5479	1.2391
6.232	 5	145.4	10.773	0.0	110.7365	1.8079	4.6113	200.2019	0.5465	1.3305
6.242	 5	146.4	10.748	0.0	110.4795	1.7843	4.2332	197.1268	0.5602	1.4983
6.252	 5	147.4	10.737	0.0001	1505.046	1.7736	4.7456	2669.424	0.5663	1.8187
6.262	 5	148.4	10.738	0.0001	1509.418	1.7804	4.7264	2687.351	0.5624	2.3566
6.272	 5	149.4	10.936	0.0	112.412	1.774	4.052	199.4159	0.5661	3.0977
6.282	 5	150.4	11.077	0.0	113.8613	0.9466	7.3216	107.7802	1.0461	3.6533
6.292	 6	0.4	11.104	0.0	114.1389	1.2	5.7356	136.967	0.8991	3.5002
6.302	 6	1.4	11.132	0.0	114.4267	1.7593	3.8843	201.3111	0.5747	2.7921
6.312	 6	2.4	11.137	0.0	114.4781	1.7554	4.32	200.9534	0.5769	2.0621
6.322	 6	3.4	11.118	0.0001	1591.924	1.7246	4.4186	2745.381	0.5948	1.5836
6.332	 6	4.4	11.052	0.0	113.6044	1.7339	4.47	196.9732	0.5894	1.3137
6.342	 6	5.4	10.631	0.0011	1599.368	1.8043	5.2795	2885.696	0.5486	1.1696
6.352	 6	6.4	10.545	0.0014	1593.863	1.799	5.4199	2867.291	0.5516	1.0948
6.362	 6	7.4	10.469	0.0051	1584.052	1.8194	4.9741	2882.035	0.5398	1.0552
6.372	 6	8.4	10.441	0.0213	1593.802	1.8236	5.0011	2906.423	0.5374	1.0359
6.382	 6	9.4	10.44	0.0192	1590.978	1.8185	5.0165	2893.126	0.5403	1.0259
6.392	 6	10.4	10.439	0.021	1591.796	1.8342	4.9747	2919.733	0.5312	1.0233
6.402	 6	11.4	10.44	0.0207	1594.38	1.8452	4.9439	2941.935	0.5248	1.0205
6.412	 6	12.4	10.443	0.0265	1591.436	1.813	5.0274	2885.299	0.5435	1.0229
6.422	 6	13.4	10.441	0.0239	1582.449	1.787	5.1033	2827.891	0.5586	1.0163
6.432	 6	14.4	10.451	0.0255	1577.271	1.7915	5.5843	2825.678	0.556	1.0046
6.442	 6	15.4	10.458	0.026	1580.952	1.8	5.5473	2845.658	0.5511	0.9917
6.452	 6	16.4	10.462	0.0352	1585.151	1.8182	4.9871	2882.048	0.5405	0.9766
6.462	 6	17.4	10.477	0.0289	1590.074	1.823	4.9535	2898.655	0.5377	0.9597
6.472	 6	18.4	10.482	0.0177	1599.573	1.808	4.9876	2892.057	0.5464	0.9552
6.482	 6	19.4	10.496	0.0297	1597.322	1.7969	4.9992	2870.24	0.5528	0.9501
6.492	 6	20.4	10.507	0.0259	1593.66	1.8072	4.9558	2880.08	0.5469	0.9376
6.502	 6	21.4	10.504	0.0273	1600.0	1.8208	4.923	2913.215	0.539	0.9273
6.512	 6	22.4	10.507	0.0297	1594.87	1.7864	5.0135	2849.084	0.5589	0.9155
6.522	 6	23.4	10.512	0.0299	1589.837	1.8046	4.9562	2869.025	0.5484	0.9039
6.532	 6	24.4	10.517	0.0295	1586.993	1.7937	4.9796	2846.535	0.5547	0.8937
6.542	 6	25.4	10.522	0.0306	1587.747	1.8233	4.4027	2894.969	0.5375	0.8864
6.552	 6	26.4	10.517	0.031	1586.275	1.8217	4.903	2889.714	0.5385	0.8786
6.562	 6	27.4	10.523	0.0229	1591.5	1.8041	4.4484	2871.248	0.5487	0.8695
6.572	 6	28.4	10.527	0.0206	1595.242	1.8104	4.428	2888.083	0.545	0.857
6.582	 6	29.4	10.526	0.0139	1594.365	1.811	4.428	2887.332	0.5447	0.84
6.592	 6	30.4	10.527	0.0189	1601.552	1.8076	4.4349	2895.01	0.5466	0.8349
6.602	 6	31.4	10.525	0.0189	1602.466	1.836	4.3687	2942.175	0.5301	0.8533
6.612	 6	32.4	10.525	0.0072	1622.226	1.8509	4.3336	3002.54	0.5215	0.8728
6.622	 6	33.4	10.527	0.0068	1645.101	1.8556	4.3202	3052.715	0.5188	0.897
6.632	 6	34.4	10.521	0.0051	1646.479	1.8246	4.4009	3004.098	0.5368	0.9077
6.642	 6	35.4	10.517	0.0067	1615.763	1.802	4.9566	2911.607	0.5499	0.9124
6.652	 6	36.4	10.511	0.0226	1591.852	1.7937	4.489	2855.229	0.5547	0.9245
6.662	 6	37.4	10.501	0.0199	1589.134	1.8142	4.9448	2883.03	0.5428	0.9482
6.672	 6	38.4	10.502	0.0168	1596.291	1.844	4.8635	2943.597	0.5255	0.9862
6.682	 6	39.4	10.497	0.0122	1612.69	1.865	4.8154	3007.652	0.5133	1.0155
6.692	 6	40.4	10.492	0.0115	1618.886	1.8815	4.7798	3045.896	0.5038	1.0416
6.702	 6	41.4	10.492	0.0222	1620.636	1.8655	4.8207	3023.314	0.513	1.0587
6.712	 6	42.4	10.488	0.0149	1619.018	1.8792	4.7908	3042.468	0.5051	1.091
6.722	 6	43.4	10.487	0.0257	1624.884	1.8719	4.8107	3041.695	0.5093	1.1066
6.732	 6	44.4	10.487	0.012	1629.428	1.879	5.2719	3061.714	0.5052	1.1242
6.742	 6	45.4	10.484	0.013	1634.804	1.8655	4.8314	3049.661	0.5131	1.1386
6.752	 6	46.4	10.485	0.0314	1611.094	1.8401	5.3861	2964.652	0.5278	1.1432
6.762	 6	47.4	10.482	0.0263	1601.283	1.8486	4.878	2960.179	0.5228	1.14
6.772	 6	48.4	10.485	0.0182	1598.81	1.8427	4.8898	2946.084	0.5263	1.1388
6.782	 6	49.4	10.5	0.0329	1599.147	1.8222	4.9246	2913.906	0.5382	1.1374
6.792	 6	50.4	10.504	0.0283	1592.722	1.7914	5.0037	2853.189	0.556	1.1301
6.802	 6	51.4	10.508	0.0287	1584.678	1.8088	4.9501	2866.351	0.5459	1.1246
6.812	 6	52.4	10.511	0.0236	1588.484	1.8058	4.9542	2868.523	0.5477	1.1059
6.822	 6	53.4	10.526	0.0201	1600.912	1.8492	4.8181	2960.477	0.5225	1.1127
6.832	 6	54.4	10.534	0.0198	1612.429	1.8294	4.8596	2949.843	0.534	1.1142
6.842	 6	55.4	10.548	0.0097	1611.119	1.8002	4.9198	2900.316	0.5509	1.1173
6.852	 6	56.4	10.558	0.0249	1597.76	1.7669	4.9989	2823.071	0.5702	1.1196
6.862	 6	57.4	10.562	0.0252	1581.611	1.7303	5.609	2736.635	0.5915	1.115
6.872	 6	58.4	10.567	0.034	1581.886	1.7729	5.4669	2804.451	0.5668	1.1075
6.882	 6	59.4	10.567	0.0244	1589.979	1.7814	5.4407	2832.385	0.5618	1.104
6.892	 6	60.4	10.573	0.0213	1598.579	1.8103	5.3452	2893.885	0.5451	1.1091
6.902	 6	61.4	10.566	0.0147	1607.241	1.8189	4.8454	2923.437	0.5401	1.1087
6.912	 6	62.4	10.565	0.027	1605.623	1.7931	4.9164	2879.076	0.555	1.115
6.922	 6	63.4	10.561	0.026	1593.632	1.7708	5.4822	2822.001	0.568	1.1196
6.932	 6	64.4	10.551	0.0214	1584.234	1.76	5.0281	2788.199	0.5743	1.1108
6.942	 6	65.4	10.551	0.031	1578.782	1.7513	5.0531	2764.859	0.5793	1.1025
6.952	 6	66.4	10.546	0.0172	1578.506	1.7558	5.047	2771.49	0.5767	1.0882
6.962	 6	67.4	10.546	0.0279	1581.347	1.7231	5.1427	2724.844	0.5956	1.0752
6.972	 6	68.4	10.536	0.0282	1578.664	1.7504	5.0762	2763.323	0.5798	1.0629
6.982	 6	69.4	10.526	0.0207	1588.83	1.797	4.4624	2855.101	0.5528	1.0522
6.992	 6	70.4	10.522	0.0077	1600.547	1.7524	5.0899	2804.823	0.5786	1.0435
7.002	 6	71.4	10.517	0.0304	1576.289	1.6788	5.3203	2646.295	0.6213	1.0355
7.012	 6	72.4	10.511	0.0374	1558.108	1.6533	5.4112	2576.015	0.6361	1.0372
7.022	 6	73.4	10.51	0.0508	1556.806	1.6629	5.3814	2588.851	0.6306	1.0313
7.032	 6	74.4	10.508	0.0543	1557.664	1.6793	5.3318	2615.811	0.621	1.0323
7.042	 6	75.4	10.505	0.0421	1559.762	1.7149	5.7478	2674.898	0.6004	1.028
7.052	 6	76.4	10.5	0.0416	1572.563	1.7455	5.141	2744.83	0.5827	1.025
7.062	 6	77.4	10.491	0.052	1581.161	1.7785	5.0578	2812.121	0.5635	1.021
7.072	 6	78.4	10.486	0.0461	1586.864	1.7845	5.5526	2831.744	0.56	1.0169
7.082	 6	79.4	10.48	0.037	1587.157	1.799	5.0155	2855.229	0.5516	1.0119
7.092	 6	80.4	10.48	0.0427	1591.013	1.8087	4.9884	2877.686	0.546	1.0053
7.102	 6	81.4	10.47	0.0334	1594.093	1.8094	5.0003	2884.335	0.5456	1.0013
7.112	 6	82.4	10.465	0.0318	1595.274	1.7922	4.5496	2859.046	0.5556	0.9887
7.122	 6	83.4	10.46	0.051	1587.735	1.7672	5.1338	2805.797	0.5701	0.9855
7.132	 6	84.4	10.452	0.0443	1581.719	1.7941	4.5611	2837.732	0.5545	0.9787
7.142	 6	85.4	10.445	0.0416	1584.256	1.7901	5.0889	2836.01	0.5568	0.9709
7.152	 6	86.4	10.449	0.0434	1583.182	1.7943	5.0716	2840.626	0.5544	0.9633
7.162	 6	87.4	10.448	0.0471	1576.818	1.7642	4.6436	2781.753	0.5718	0.9588
7.172	 6	88.4	10.446	0.0619	1575.09	1.779	4.6074	2802.112	0.5632	0.9596
7.182	 6	89.4	10.446	0.0286	1570.119	1.7682	4.6356	2776.269	0.5695	0.9655
7.192	 6	90.4	10.451	0.0362	1562.883	1.7087	4.7904	2670.505	0.604	0.9694
7.202	 6	91.4	10.451	0.0301	1549.904	1.6919	5.3754	2622.322	0.6137	0.9819
7.212	 6	92.4	10.456	0.0332	1556.184	1.7079	5.3178	2657.786	0.6045	0.9925
7.222	 6	93.4	10.451	0.0329	1556.83	1.7326	5.2493	2697.314	0.5902	0.9898
7.232	 6	94.4	10.451	0.0262	1569.691	1.7826	4.5918	2798.117	0.5611	0.9966
7.242	 6	95.4	10.451	0.0421	1580.85	1.7974	4.5541	2841.357	0.5526	1.0039
7.252	 6	96.4	10.451	0.0257	1582.765	1.849	4.9187	2926.58	0.5226	1.0122
7.262	 6	97.4	10.451	0.0298	1598.746	1.8592	4.4025	2972.419	0.5167	1.0223
7.272	 6	98.4	10.455	0.0226	1606.484	1.8784	4.3528	3017.652	0.5056	1.0361
7.282	 6	99.4	10.459	0.0207	1625.33	1.8931	4.3144	3076.839	0.4971	1.056
7.292	 6	100.4	10.461	0.0082	1640.684	1.9018	4.2922	3120.215	0.492	1.0717
7.302	 6	101.4	10.469	0.0074	1656.225	1.8715	4.3522	3099.556	0.5096	1.0874
7.312	 6	102.4	10.477	0.0118	1629.901	1.8351	4.9208	2991.006	0.5307	1.0922
7.322	 6	103.4	10.479	0.0269	1607.455	1.8287	4.9354	2939.49	0.5344	1.0885
7.332	 6	104.4	10.481	0.0207	1598.932	1.8445	4.8904	2949.166	0.5253	1.0785
7.342	 6	105.4	10.482	0.0293	1602.752	1.8475	4.8809	2961.151	0.5235	1.0761
7.352	 6	106.4	10.476	0.0187	1608.475	1.8684	4.8345	3005.211	0.5114	1.0776
7.362	 6	107.4	10.472	0.0294	1606.381	1.8295	5.4368	2938.918	0.5339	1.0798
7.372	 6	108.4	10.476	0.0359	1594.521	1.814	4.9794	2892.403	0.5429	1.0828
7.382	 6	109.4	10.472	0.0351	1588.592	1.7951	5.0372	2851.741	0.5539	1.0864
7.392	 6	110.4	10.469	0.0308	1589.584	1.8318	5.4344	2911.855	0.5326	1.0754
7.402	 6	111.4	10.451	0.0317	1593.626	1.8268	5.4764	2911.225	0.5355	1.0711
7.412	 6	112.4	10.456	0.0375	1587.851	1.8048	5.5354	2865.796	0.5482	1.0623
7.422	 6	113.4	10.456	0.0368	1583.283	1.8143	5.5066	2872.5	0.5428	1.0635
7.432	 6	114.4	10.451	0.0226	1586.61	1.8116	5.5222	2874.348	0.5443	1.0603
7.442	 6	115.4	10.446	0.0268	1587.297	1.8073	5.5432	2868.645	0.5468	1.0585
7.452	 6	116.4	10.448	0.0217	1585.192	1.7794	5.627	2820.621	0.563	1.0546
7.462	 6	117.4	10.446	0.044	1576.755	1.778	5.1222	2803.465	0.5638	1.0501
7.472	 6	118.4	10.446	0.0373	1578.422	1.801	5.5625	2842.726	0.5505	1.0402
7.482	 6	119.4	10.445	0.0329	1591.498	1.813	5.0247	2885.417	0.5435	1.0327
7.492	 6	120.4	10.45	0.0219	1584.293	1.8104	5.025	2868.208	0.545	1.0179
7.502	 6	121.4	10.456	0.0265	1587.851	1.8334	4.9538	2911.163	0.5317	1.013
7.512	 6	122.4	10.466	0.0156	1587.441	1.778	5.0941	2822.462	0.5638	1.0065
7.522	 6	123.4	10.472	0.0317	1579.725	1.7508	5.1648	2765.753	0.5796	0.9895
7.532	 6	124.4	10.477	0.0333	1564.198	1.7486	5.1641	2735.187	0.5808	0.9797
7.542	 6	125.4	10.482	0.0356	1560.286	1.6907	5.8671	2637.955	0.6145	0.9696
7.552	 6	126.4	10.492	0.0327	1559.685	1.696	5.3025	2645.235	0.6114	0.96
7.562	 6	127.4	10.507	0.0404	1560.291	1.6842	5.3179	2627.778	0.6182	0.96
7.572	 6	128.4	10.512	0.0248	1555.72	1.6988	5.2649	2642.839	0.6098	0.9629
7.582	 6	129.4	10.522	0.0153	1558.815	1.7064	5.2271	2659.964	0.6053	0.974
7.592	 6	130.4	10.533	0.0157	1561.833	1.7126	5.1925	2674.84	0.6017	1.0058
7.602	 6	131.4	10.54	0.0299	1570.322	1.7448	5.0871	2739.856	0.5831	1.0548
7.612	 6	132.4	10.539	0.0287	1572.046	1.7806	4.986	2799.248	0.5623	1.0806
7.622	 6	133.4	10.554	0.0202	1581.124	1.7665	5.5059	2793.129	0.5704	1.0937
7.632	 6	134.4	10.564	0.0171	1581.674	1.7588	5.5151	2781.861	0.5749	1.1089
7.642	 6	135.4	10.572	0.0116	1583.82	1.7478	5.5378	2768.172	0.5813	1.1164
7.652	 6	136.4	10.58	0.0117	1591.456	1.7686	5.4607	2814.706	0.5692	1.1285
7.662	 6	137.4	10.584	0.0054	1589.905	1.7306	5.5746	2751.511	0.5913	1.1382
7.672	 6	138.4	10.61	0.0083	1585.001	1.7336	5.526	2747.746	0.5896	1.1426
7.682	 6	139.4	10.635	0.0153	1586.366	1.7368	5.4788	2755.149	0.5877	1.1424
7.692	 6	140.4	10.629	0.0011	1563.778	1.7184	5.5463	2687.197	0.5984	1.1417
7.702	 6	141.4	10.661	0.0001	1055.649	1.7395	5.4321	1836.281	0.5861	1.1339
7.712	 6	142.4	10.798	0.0003	1591.217	1.6823	5.4153	2676.855	0.6193	1.1314
7.722	 6	143.4	10.859	0.0001	1469.816	1.6728	4.8717	2458.735	0.6248	1.1404
7.732	 6	144.4	10.892	0.0	111.9597	1.6852	5.2737	188.6729	0.6176	1.1833
7.742	 6	145.4	10.854	0.0	111.5691	1.6648	4.9017	185.7393	0.6295	1.2671
7.752	 6	146.4	10.808	0.0	111.0963	1.6928	4.8794	188.0661	0.6132	1.4282
7.762	 6	147.4	10.8	0.0	111.014	1.6712	4.9529	185.53	0.6257	1.7567
7.772	 6	148.4	10.796	0.0	110.9729	1.6622	4.4867	184.4547	0.631	2.3523
7.782	 6	149.4	10.867	0.0	111.7027	1.5773	4.6403	176.189	0.6802	3.1205
7.792	 6	150.4	11.036	0.0	113.4399	0.6845	11.3702	77.6445	1.1981	3.6306
7.802	 7	0.7	11.021	0.0	113.2857	1.3353	5.2657	151.27	0.8206	3.3315
7.812	 7	1.7	11.038	0.0	113.4604	1.6794	4.6315	190.5487	0.621	2.582
7.822	 7	2.7	11.064	0.0	113.7277	1.6809	4.5965	191.1684	0.6201	1.9154
7.832	 7	3.7	11.031	0.0	113.3885	1.6786	4.6423	190.3307	0.6215	1.4691
7.842	 7	4.7	10.96	0.0	112.6587	1.653	4.8015	186.229	0.6363	1.234
7.852	 7	5.7	10.618	0.0001	1221.724	1.7234	5.0423	2105.566	0.5955	1.1012
7.862	 7	6.7	10.498	0.0	107.9098	1.7017	5.2761	183.6288	0.6081	1.023
7.872	 7	7.7	10.449	0.0004	1592.35	1.7024	5.88	2710.739	0.6077	0.9842
7.882	 7	8.7	10.438	0.0004	1580.557	1.7013	5.365	2688.989	0.6083	0.9553
7.892	 7	9.7	10.432	0.0004	1571.558	1.6897	5.4108	2655.415	0.615	0.9336
7.902	 7	10.7	10.438	0.0006	1582.234	1.6539	5.5187	2616.841	0.6358	0.9195
7.912	 7	11.7	10.438	0.0018	1559.307	1.6603	6.0473	2588.879	0.6321	0.9095
7.922	 7	12.7	10.442	0.001	1553.638	1.6719	5.4533	2597.53	0.6253	0.8941
7.932	 7	13.7	10.447	0.0011	1551.381	1.6534	5.5068	2565.013	0.6361	0.8814
7.942	 7	14.7	10.447	0.0019	1540.628	1.6717	5.4464	2575.496	0.6255	0.8665
7.952	 7	15.7	10.457	0.0039	1551.944	1.6856	5.9252	2616.005	0.6174	0.8567
7.962	 7	16.7	10.466	0.0094	1555.82	1.6696	5.4248	2597.608	0.6267	0.849
7.972	 7	17.7	10.473	0.0159	1551.326	1.6818	5.3752	2609.032	0.6196	0.848
7.982	 7	18.7	10.488	0.017	1551.021	1.6751	5.3747	2598.045	0.6235	0.8474
7.992	 7	19.7	10.492	0.0128	1546.808	1.6757	5.9035	2591.92	0.6232	0.8489
8.002	 7	20.7	10.498	0.0057	1544.732	1.6828	5.3353	2599.458	0.619	0.8533
8.012	 7	21.7	10.499	0.0037	1551.271	1.669	5.378	2589.032	0.627	0.855
8.022	 7	22.7	10.503	0.0056	1552.321	1.6801	5.3365	2608.079	0.6206	0.857
8.032	 7	23.7	10.503	0.0101	1559.003	1.7066	5.779	2660.611	0.6052	0.8591
8.042	 7	24.7	10.512	0.01	1554.11	1.7193	5.2022	2671.946	0.5979	0.8592
8.052	 7	25.7	10.518	0.0151	1555.457	1.7035	5.7658	2649.783	0.607	0.8566
8.062	 7	26.7	10.518	0.016	1550.413	1.7087	5.7485	2649.113	0.604	0.8538
8.072	 7	27.7	10.524	0.0123	1554.964	1.6768	5.8483	2607.308	0.6225	0.8523
8.082	 7	28.7	10.526	0.0122	1553.424	1.6972	5.7748	2636.412	0.6107	0.8514
8.092	 7	29.7	10.534	0.0197	1555.752	1.7003	5.7515	2645.271	0.6089	0.854
8.102	 7	30.7	10.533	0.0265	1556.524	1.703	5.2218	2650.799	0.6073	0.8572
8.112	 7	31.7	10.533	0.025	1553.998	1.69	5.7881	2626.31	0.6148	0.863
8.122	 7	32.7	10.531	0.0351	1562.463	1.6973	5.7665	2651.98	0.6106	0.8697
8.132	 7	33.7	10.527	0.0373	1557.018	1.7101	5.7297	2662.613	0.6032	0.8714
8.142	 7	34.7	10.529	0.024	1557.544	1.7014	5.2323	2650.071	0.6082	0.8783
8.152	 7	35.7	10.523	0.0304	1555.047	1.7075	5.7445	2655.27	0.6047	0.8833
8.162	 7	36.7	10.518	0.019	1554.308	1.6821	5.8393	2614.478	0.6194	0.8914
8.172	 7	37.7	10.518	0.029	1557.299	1.6865	5.8241	2626.335	0.6169	0.903
8.182	 7	38.7	10.512	0.0226	1554.11	1.6884	5.8271	2623.916	0.6158	0.9164
8.192	 7	39.7	10.508	0.0203	1554.208	1.6947	5.2834	2633.895	0.6121	0.9299
8.202	 7	40.7	10.508	0.0233	1553.519	1.6803	5.8617	2610.302	0.6205	0.9356
8.212	 7	41.7	10.508	0.0249	1555.819	1.6853	5.8443	2621.945	0.6176	0.9531
8.222	 7	42.7	10.503	0.038	1560.16	1.6977	5.8093	2648.696	0.6104	0.9599
8.232	 7	43.7	10.509	0.0279	1559.893	1.7101	5.7578	2667.594	0.6032	0.965
8.242	 7	44.7	10.503	0.0255	1559.234	1.6949	5.8191	2642.685	0.612	0.9744
8.252	 7	45.7	10.503	0.0267	1561.32	1.7079	5.7747	2666.561	0.6045	0.9908
8.262	 7	46.7	10.502	0.0293	1563.728	1.7164	5.7477	2683.976	0.5995	0.9953
8.272	 7	47.7	10.499	0.0209	1562.816	1.7348	5.6915	2711.101	0.5889	0.9974
8.282	 7	48.7	10.499	0.0268	1562.816	1.7234	5.7292	2693.279	0.5955	0.996
8.292	 7	49.7	10.504	0.0208	1565.891	1.7284	5.7047	2706.45	0.5926	0.9903
8.302	 7	50.7	10.509	0.0312	1566.17	1.713	5.748	2682.85	0.6015	0.9875
8.312	 7	51.7	10.514	0.0217	1566.448	1.7346	5.6688	2717.115	0.589	0.9844
8.322	 7	52.7	10.514	0.0284	1572.069	1.7122	5.7429	2691.676	0.602	0.9758
8.332	 7	53.7	10.518	0.0334	1567.044	1.7026	5.769	2668.025	0.6075	0.9739
8.342	 7	54.7	10.523	0.0174	1561.508	1.7015	5.765	2656.838	0.6082	0.9652
8.352	 7	55.7	10.533	0.0258	1566.012	1.7165	5.6989	2688.052	0.5995	0.9566
8.362	 7	56.7	10.538	0.0163	1560.723	1.706	5.726	2662.665	0.6055	0.946
8.372	 7	57.7	10.545	0.0219	1561.991	1.7046	5.7199	2662.561	0.6064	0.9383
8.382	 7	58.7	10.547	0.0184	1558.824	1.679	5.8039	2617.295	0.6212	0.9268
8.392	 7	59.7	10.566	0.0242	1561.632	1.6813	5.7662	2625.583	0.6199	0.9142
8.402	 7	60.7	10.564	0.0221	1559.492	1.6658	5.8231	2597.767	0.6289	0.908
8.412	 7	61.7	10.558	0.013	1552.875	1.6572	5.3298	2573.422	0.6339	0.906
8.422	 7	62.7	10.554	0.0106	1552.516	1.6667	5.305	2587.637	0.6283	0.9017
8.432	 7	63.7	10.549	0.0174	1554.066	1.6623	5.8591	2583.313	0.6309	0.8993
8.442	 7	64.7	10.541	0.0227	1557.016	1.6725	5.836	2604.123	0.625	0.8972
8.452	 7	65.7	10.539	0.0259	1556.031	1.69	5.2534	2629.719	0.6148	0.8901
8.462	 7	66.7	10.533	0.0262	1558.828	1.6951	5.7709	2642.346	0.6119	0.8867
8.472	 7	67.7	10.528	0.0164	1567.833	1.7264	5.674	2706.689	0.5937	0.8787
8.482	 7	68.7	10.528	0.017	1587.694	1.8643	4.7766	2959.918	0.5138	0.8836
8.492	 7	69.7	10.526	0.0046	1635.234	1.8661	4.7745	3051.541	0.5127	0.896
8.502	 7	70.7	10.525	0.0114	1591.562	1.6816	5.8299	2676.357	0.6197	0.9159
8.512	 7	71.7	10.521	0.0406	1558.667	1.676	5.8557	2612.323	0.623	0.93
8.522	 7	72.7	10.516	0.0344	1558.619	1.6709	5.8816	2604.303	0.6259	0.9368
8.532	 7	73.7	10.511	0.0314	1558.108	1.6813	5.8531	2619.696	0.6199	0.9407
8.542	 7	74.7	10.507	0.0272	1560.523	1.6999	5.7955	2652.755	0.6091	0.9459
8.552	 7	75.7	10.501	0.0301	1569.187	1.7269	5.7142	2709.856	0.5934	0.9498
8.562	 7	76.7	10.506	0.021	1566.189	1.7235	6.2375	2699.324	0.5954	0.9561
8.572	 7	77.7	10.497	0.0203	1570.467	1.7456	6.6881	2741.436	0.5826	0.9667
8.582	 7	78.7	10.491	0.023	1570.039	1.7553	6.1499	2755.82	0.577	0.9821
8.592	 7	79.7	10.49	0.0373	1578.393	1.7481	6.1767	2759.201	0.5811	0.9934
8.602	 7	80.7	10.48	0.0304	1575.703	1.7518	6.1807	2760.266	0.579	1.0082
8.612	 7	81.7	10.482	0.0294	1579.09	1.7528	6.1738	2767.771	0.5784	1.0182
8.622	 7	82.7	10.471	0.024	1577.195	1.7888	6.0678	2821.229	0.5576	1.026
8.632	 7	83.7	10.466	0.0232	1581.923	1.7852	6.0884	2823.983	0.5597	1.0323
8.642	 7	84.7	10.461	0.0263	1590.059	1.8286	5.952	2907.582	0.5345	1.0361
8.652	 7	85.7	10.456	0.0195	1596.58	1.8463	5.9029	2947.823	0.5242	1.0398
8.662	 7	86.7	10.454	0.0235	1603.374	1.8398	5.4331	2949.953	0.5279	1.04
8.672	 7	87.7	10.454	0.0176	1600.183	1.8406	5.431	2945.233	0.5275	1.0407
8.682	 7	88.7	10.447	0.0193	1597.889	1.8268	5.4825	2918.996	0.5355	1.042
8.692	 7	89.7	10.447	0.0208	1604.023	1.853	5.4049	2972.26	0.5203	1.0403
8.702	 7	90.7	10.447	0.029	1603.776	1.8382	5.4484	2948.063	0.5289	1.0398
8.712	 7	91.7	10.45	0.0236	1595.907	1.8377	5.4455	2932.755	0.5292	1.0291
8.722	 7	92.7	10.449	0.0219	1593.807	1.8275	5.4773	2912.679	0.5351	1.0183
8.732	 7	93.7	10.447	0.0172	1595.449	1.8218	5.4974	2906.626	0.5384	1.0067
8.742	 7	94.7	10.447	0.0256	1595.936	1.8046	5.5497	2880.091	0.5484	0.9939
8.752	 7	95.7	10.451	0.0127	1587.574	1.7967	5.5682	2852.345	0.553	0.9826
8.762	 7	96.7	10.446	0.0275	1584.648	1.776	5.6409	2814.273	0.565	0.9721
8.772	 7	97.7	10.451	0.0291	1570.87	1.7613	5.68	2766.78	0.5735	0.9601
8.782	 7	98.7	10.452	0.0366	1569.841	1.7682	5.6564	2775.769	0.5695	0.9545
8.792	 7	99.7	10.456	0.0238	1566.442	1.7402	5.7409	2725.992	0.5857	0.9474
8.802	 7	100.7	10.461	0.0267	1569.071	1.7247	5.7845	2706.241	0.5947	0.9388
8.812	 7	101.7	10.461	0.0256	1567.896	1.7316	5.7617	2714.91	0.5907	0.9317
8.822	 7	102.7	10.471	0.0386	1566.811	1.7202	5.7839	2695.205	0.5973	0.9221
8.832	 7	103.7	10.477	0.038	1567.709	1.7134	5.7972	2686.128	0.6013	0.9162
8.842	 7	104.7	10.477	0.0251	1562.332	1.74	5.7085	2718.519	0.5858	0.9109
8.852	 7	105.7	10.478	0.0221	1567.39	1.7521	5.1524	2746.227	0.5788	0.911
8.862	 7	106.7	10.477	0.0269	1570.765	1.7237	5.2387	2707.566	0.5953	0.9117
8.872	 7	107.7	10.479	0.0252	1567.071	1.7503	5.672	2742.804	0.5799	0.9021
8.882	 7	108.7	10.487	0.0213	1571.322	1.7721	5.59	2784.478	0.5673	0.8936
8.892	 7	109.7	10.485	0.0188	1576.218	1.7853	5.0468	2814.094	0.5595	0.8887
8.902	 7	110.7	10.489	0.0187	1577.056	1.7407	5.6877	2745.147	0.5855	0.8853
8.912	 7	111.7	10.492	0.0286	1569.719	1.7441	5.1561	2737.803	0.5834	0.8829
8.922	 7	112.7	10.487	0.0291	1561.727	1.7374	5.7016	2713.337	0.5874	0.8805
8.932	 7	113.7	10.492	0.0322	1568.78	1.7193	5.2306	2697.237	0.5978	0.8689
8.942	 7	114.7	10.492	0.0261	1569.953	1.7645	5.6064	2770.132	0.5717	0.8628
8.952	 7	115.7	10.491	0.0182	1579.019	1.7299	5.2001	2731.491	0.5917	0.8566
8.962	 7	116.7	10.492	0.0318	1568.545	1.7097	5.7861	2681.71	0.6034	0.852
8.972	 7	117.7	10.493	0.0237	1564.718	1.7357	5.1796	2715.953	0.5883	0.8308
8.982	 7	118.7	10.495	0.017	1570.168	1.7493	5.1368	2746.638	0.5805	0.8151
8.992	 7	119.7	10.502	0.0255	1566.761	1.6976	5.2832	2659.659	0.6105	0.8017
9.002	 7	120.7	10.507	0.0217	1563.076	1.6851	4.7834	2633.937	0.6177	0.8093
9.012	 7	121.7	10.504	0.0172	1568.463	1.7621	4.5781	2763.814	0.573	0.8262
9.022	 7	122.7	10.517	0.0123	1579.603	1.7758	5.0296	2805.093	0.5651	0.8623
9.032	 7	123.7	10.527	0.0133	1578.734	1.7546	5.0766	2770.023	0.5774	0.8426
9.042	 7	124.7	10.534	0.0235	1579.784	1.7498	5.081	2764.232	0.5802	0.8245
9.052	 7	125.7	10.54	0.0103	1576.9	1.7481	5.0775	2756.567	0.5812	0.8185
9.062	 7	126.7	10.544	0.0173	1579.152	1.7372	5.1038	2743.27	0.5875	0.8273
9.072	 7	127.7	10.543	0.0218	1571.471	1.7278	5.1328	2715.251	0.5929	0.837
9.082	 7	128.7	10.553	0.0215	1570.621	1.6201	5.4593	2544.545	0.6554	0.8311
9.092	 7	129.7	10.553	0.0141	1553.969	1.6853	5.2482	2618.842	0.6176	0.8112
9.102	 7	130.7	10.559	0.0109	1574.091	1.7071	5.1725	2687.177	0.6049	0.7905
9.112	 7	131.7	10.594	0.0189	1568.32	1.7015	5.1406	2668.48	0.6082	0.7874
9.122	 7	132.7	10.666	0.0146	1571.071	1.7024	5.0389	2674.663	0.6076	0.8024
9.132	 7	133.7	10.92	0.0003	1585.366	1.6572	4.8396	2627.301	0.6339	0.8303
9.142	 7	134.7	10.907	0.0007	1575.701	1.6391	4.9097	2582.734	0.6444	0.8712
9.152	 7	135.7	10.88	0.0	111.8364	1.6734	4.8433	187.144	0.6245	0.9396
9.162	 7	136.7	10.833	0.0006	1565.915	1.663	4.4407	2604.14	0.6305	1.0596
9.172	 7	137.7	10.807	0.0002	1552.73	1.6831	4.418	2613.381	0.6189	1.2977
9.182	 7	138.7	10.735	0.0003	1536.645	1.6694	4.0357	2565.3	0.6268	1.8157
9.192	 7	139.7	10.746	0.0009	1561.238	1.6507	3.0521	2577.113	0.6377	2.9691
9.202	 7	140.7	10.776	0.0007	1546.72	1.5482	2.6903	2394.633	0.6971	6.1214
9.212	 7	141.7	10.725	0.0	110.2431	0.3663	6.9151	40.3852	1.3826	14.2662
