Geotek MSCL 7.9 - TN336_BB36-41_redo.out created at 14:12:30 on 1/25/2016.


Processing Parameters

CT	RCT=11.45	W=1.27
PWAmp	A=1	B=0
PWVel	PTO=26.43
Den1	A=7.1605E-04	B=-.096198	C=9.839
MS1	A=1	B=0	Den=0	LD=14	
FP	MGD=2.75	WD=1.026	
RES	A=513.1992	B=-1.077428	p=0	


SB DEPTH	SECT NUM	SECT DEPTH	CT	PWAmp	PWVel	Den1	MS1	Imp	FP	RES
m		cm	cm		m/s	g/cc	SI x 10^-5			Ohm.m

-0.638	cal sect	0.0	10.53	0.0055						90.6142
-0.578	cal sect	6.0	10.415	0.0063	1471.045	1.164	-1.8371		0.92	12.9828
-0.518	cal sect	12.0	10.15	0.0206	1466.339	1.1948	-1.9788	1751.954	0.9021	11.5941
-0.458	cal sect	18.0	10.149	0.0135	1466.83	1.1273	-0.9897	1653.521	0.9413	11.6499
-0.398	cal sect	24.0	10.431	0.0012	1480.204	1.1477	-0.9145	1698.849	0.9294	9.081
-0.338	cal sect	30.0	10.71	0.0005	1483.174	1.114	-0.8478	1652.323	0.9489	3.9008
-0.278	cal sect	36.0	10.521	0.0117	1497.651	1.1416	-0.8922	1709.662	0.933	0.5204
-0.218	cal sect	42.0	10.188	0.0071	1494.061	1.1273	-0.9788	1684.22	0.9413	0.3835
-0.158	cal sect	48.0	10.15	0.043	1483.267	1.156	0.0	1714.718	0.9246	0.3888
-0.098	cal sect	54.0	10.324	0.0052	1486.537	1.15	-0.942	1709.449	0.9281	0.3926
-0.038	cal sect	60.0	10.41	0.0096	1495.475	1.1646	2.7595	1741.577	0.9196	0.555
0.002	 1	0.2	10.819	0.0	111.2414	1.0215	12.3538	113.6306	1.0026	1.2801
0.012	 1	1.2	10.778	0.0	110.8198	1.275	14.9864	141.2983	0.8556	1.0561
0.022	 1	2.2	10.757	0.0	110.6039	1.2962	17.5819	143.3606	0.8433	0.8088
0.032	 1	3.2	10.728	0.0001	1015.717	1.3101	18.562	1330.727	0.8352	0.6562
0.042	 1	4.2	10.659	0.0	109.5962	1.2826	20.6271	140.5729	0.8511	0.5795
0.052	 1	5.2	10.189	0.0001	1137.927	1.3544	23.4837	1541.154	0.8095	0.5388
0.062	 1	6.2	10.159	0.0001	1128.026	1.3574	24.6713	1531.236	0.8077	0.5196
0.072	 1	7.2	10.157	0.0002	1128.932	1.3577	24.6853	1532.768	0.8076	0.5119
0.082	 1	8.2	10.151	0.0001	1133.304	1.3662	24.7275	1548.354	0.8027	0.5056
0.092	 1	9.2	10.15	0.0002	1276.89	1.36	24.7345	1736.582	0.8063	0.504
0.102	 1	10.2	10.127	0.0004	1274.157	1.3812	24.8971	1759.831	0.794	0.5027
0.112	 1	11.2	10.117	0.001	1274.342	1.4221	24.9683	1812.233	0.7702	0.4992
0.122	 1	12.2	10.116	0.0008	1261.347	1.3973	24.9754	1762.523	0.7846	0.499
0.132	 1	13.2	10.116	0.0007	1198.578	1.3682	23.9764	1639.918	0.8015	0.5007
0.142	 1	14.2	10.105	0.0009	1203.836	1.3649	23.0497	1643.151	0.8034	0.5031
0.152	 1	15.2	10.111	0.001	1255.713	1.354	24.0107	1700.181	0.8098	0.5028
0.162	 1	16.2	10.111	0.0008	1130.605	1.3426	24.0107	1517.904	0.8164	0.5032
0.172	 1	17.2	10.107	0.0005	1267.494	1.3241	23.0365	1678.342	0.8271	0.5034
0.182	 1	18.2	10.116	0.0005	1263.868	1.3057	22.9774	1650.18	0.8378	0.5036
0.192	 1	19.2	10.11	0.0005	1131.125	1.3577	23.0168	1535.721	0.8076	0.5017
0.202	 1	20.2	10.116	0.0004	1129.27	1.3669	22.9774	1543.546	0.8023	0.5027
0.212	 1	21.2	10.116	0.0004	1079.155	1.3657	22.9774	1473.819	0.8029	0.5019
0.222	 1	22.2	10.13	0.0002	1083.075	1.3534	22.8858	1465.875	0.8101	0.5001
0.232	 1	23.2	10.132	0.0003	1136.639	1.4005	22.8727	1591.889	0.7828	0.4991
0.242	 1	24.2	10.131	0.0004	1208.517	1.4103	21.8845	1704.431	0.7771	0.5
0.252	 1	25.2	10.132	0.0007	1261.297	1.4212	22.8727	1792.538	0.7708	0.5028
0.262	 1	26.2	10.134	0.0004	1257.476	1.4159	21.8658	1780.438	0.7739	0.505
0.272	 1	27.2	10.137	0.0006	1133.259	1.4238	22.8401	1613.588	0.7692	0.5055
0.282	 1	28.2	10.146	0.0007	1132.366	1.4214	22.7817	1609.527	0.7707	0.5033
0.292	 1	29.2	10.145	0.0006	1133.266	1.4186	22.7882	1607.705	0.7722	0.5
0.302	 1	30.2	10.146	0.0006	1129.467	1.4313	22.7817	1616.575	0.7649	0.5025
0.312	 1	31.2	10.144	0.0004	1128.114	1.4474	22.7947	1632.865	0.7556	0.515
0.322	 1	32.2	10.146	0.0005	1132.998	1.4432	22.7817	1635.16	0.758	0.5257
0.332	 1	33.2	10.141	0.0005	1123.283	1.4334	23.8061	1610.152	0.7637	0.5399
0.342	 1	34.2	10.137	0.0005	1189.091	1.4236	22.8401	1692.798	0.7694	0.5536
0.352	 1	35.2	10.141	0.0003	1125.277	1.4293	23.8061	1608.375	0.7661	0.5648
0.362	 1	36.2	10.147	0.0003	1082.809	1.4401	23.7654	1559.391	0.7598	0.5722
0.372	 1	37.2	10.146	0.0003	1132.872	1.4496	24.7627	1642.219	0.7543	0.5786
0.382	 1	38.2	10.146	0.0008	1134.519	1.516	23.7722	1719.97	0.7158	0.5884
0.392	 1	39.2	10.141	0.0007	1124.279	1.5186	23.8061	1707.358	0.7143	0.597
0.402	 1	40.2	10.147	0.0005	1085.009	1.4764	23.7654	1601.952	0.7387	0.6052
0.412	 1	41.2	10.15	0.0004	1131.55	1.4629	23.7452	1655.382	0.7466	0.6112
0.422	 1	42.2	10.159	0.0004	1133.564	1.4453	23.6845	1638.331	0.7568	0.6175
0.432	 1	43.2	10.159	0.0005	1128.903	1.4294	23.6845	1613.7	0.766	0.6161
0.442	 1	44.2	10.164	0.0007	1128.456	1.4363	23.6508	1620.76	0.762	0.6197
0.452	 1	45.2	10.168	0.0007	1128.399	1.4681	23.624	1656.605	0.7436	0.622
0.462	 1	46.2	10.166	0.0006	1125.429	1.4374	23.6374	1617.741	0.7613	0.6221
0.472	 1	47.2	10.17	0.0005	1125.249	1.4359	23.6106	1615.749	0.7622	0.62
0.482	 1	48.2	10.17	0.0007	1125.373	1.4561	23.6106	1638.628	0.7505	0.6166
0.492	 1	49.2	10.178	0.0005	1124.02	1.4421	23.557	1620.953	0.7586	0.6137
0.502	 1	50.2	10.161	0.0004	1126.497	1.4253	24.6573	1605.59	0.7684	0.6086
0.512	 1	51.2	10.166	0.0004	1127.176	1.4396	23.6374	1622.73	0.7601	0.6044
0.522	 1	52.2	10.171	0.0005	1128.106	1.4429	23.6039	1627.688	0.7582	0.6016
0.532	 1	53.2	10.176	0.0004	1130.918	1.4382	23.5704	1626.517	0.7609	0.6001
0.542	 1	54.2	10.167	0.0008	1131.804	1.4419	23.6307	1632.003	0.7587	0.6006
0.552	 1	55.2	10.17	0.0006	1198.303	1.4335	23.6106	1717.732	0.7636	0.6009
0.562	 1	56.2	10.165	0.0008	1201.679	1.4322	22.6589	1721.082	0.7644	0.6044
0.572	 1	57.2	10.164	0.0006	1128.957	1.436	23.6508	1621.205	0.7622	0.6089
0.582	 1	58.2	10.164	0.0008	1129.961	1.4285	22.6654	1614.145	0.7665	0.6126
0.592	 1	59.2	10.154	0.0008	1130.232	1.4421	22.7299	1629.882	0.7587	0.6148
0.602	 1	60.2	10.155	0.0012	1134.003	1.4622	23.7114	1658.154	0.747	0.6137
0.612	 1	61.2	10.151	0.0012	1211.626	1.4482	23.7384	1754.621	0.7551	0.6139
0.622	 1	62.2	10.153	0.0009	1258.116	1.4538	23.7249	1829.045	0.7519	0.6103
0.632	 1	63.2	10.152	0.001	1136.333	1.4785	23.7316	1680.069	0.7375	0.6089
0.642	 1	64.2	10.15	0.0014	1247.082	1.4687	23.7452	1831.583	0.7432	0.6095
0.652	 1	65.2	10.15	0.0012	1259.618	1.4732	23.7452	1855.702	0.7406	0.612
0.662	 1	66.2	10.15	0.001	1133.572	1.4672	23.7452	1663.164	0.7441	0.6166
0.672	 1	67.2	10.15	0.0007	1256.81	1.4816	23.7452	1862.071	0.7357	0.6203
0.682	 1	68.2	10.156	0.0006	1252.745	1.4817	23.7047	1856.225	0.7357	0.6225
0.692	 1	69.2	10.159	0.001	1132.174	1.4681	23.6845	1662.198	0.7435	0.6251
0.702	 1	70.2	10.16	0.0015	1131.025	1.4896	23.6777	1684.74	0.7311	0.6255
0.712	 1	71.2	10.165	0.0015	1129.947	1.4901	22.6589	1683.754	0.7308	0.6264
0.722	 1	72.2	10.165	0.0013	1128.441	1.496	22.6589	1688.188	0.7274	0.6315
0.732	 1	73.2	10.171	0.0013	1128.606	1.4952	22.6204	1687.439	0.7279	0.6326
0.742	 1	74.2	10.173	0.0009	1202.198	1.4712	22.6076	1768.62	0.7418	0.6586
0.752	 1	75.2	10.181	0.0008	1204.14	1.497	22.5563	1802.643	0.7268	0.669
0.762	 1	76.2	10.183	0.0008	1207.805	1.5037	22.5435	1816.227	0.7229	0.6686
0.772	 1	77.2	10.191	0.0012	1127.947	1.4731	21.5145	1661.573	0.7407	0.6712
0.782	 1	78.2	10.195	0.0011	1124.903	1.4924	22.467	1678.811	0.7295	0.674
0.792	 1	79.2	10.206	0.0011	1203.964	1.4818	22.3972	1784.076	0.7356	0.6729
0.802	 1	80.2	10.213	0.001	1199.836	1.4651	21.3811	1757.929	0.7453	0.6703
0.812	 1	81.2	10.217	0.0009	1200.024	1.4606	22.3277	1752.709	0.7479	0.6649
0.822	 1	82.2	10.223	0.0008	1205.542	1.471	22.2899	1773.359	0.7419	0.6611
0.832	 1	83.2	10.264	0.0013	1204.836	1.4509	21.0761	1748.089	0.7535	0.6568
0.842	 1	84.2	10.269	0.0006	1204.151	1.4582	21.0465	1755.834	0.7493	0.653
0.852	 1	85.2	10.377	0.0002	1131.501	1.4632	21.35	1655.613	0.7464	0.6482
0.862	 1	86.2	10.441	0.0003	1134.645	1.4625	20.9757	1659.457	0.7468	0.6473
0.872	 1	87.2	10.443	0.0	107.3753	1.4552	20.9641	156.2532	0.751	0.6476
0.882	 1	88.2	10.499	0.0002	1135.518	1.4702	20.6443	1669.386	0.7424	0.6605
0.892	 1	89.2	10.528	0.0001	1020.056	1.4457	21.3719	1474.694	0.7566	0.684
0.902	 1	90.2	10.497	0.0001	1131.63	1.4505	20.6556	1641.394	0.7538	0.7387
0.912	 1	91.2	10.469	0.0001	1262.695	1.4731	20.8148	1860.06	0.7407	0.8733
0.922	 1	92.2	10.495	0.0	107.91	1.4644	20.6669	158.0182	0.7457	1.169
0.932	 1	93.2	10.657	0.0	109.5757	1.4094	19.7783	154.4365	0.7776	1.6527
0.942	 2	0.1	10.751	0.0	110.5422	0.9776	18.4486	108.062	1.0281	1.9274
0.952	 2	1.1	10.785	0.0	110.8918	1.3288	18.2827	147.3583	0.8243	1.6466
0.962	 2	2.1	10.804	0.0	111.0871	1.4467	18.191	160.706	0.756	1.2209
0.972	 2	3.1	10.774	0.0	110.7787	1.4497	18.3362	160.5938	0.7542	0.9434
0.982	 2	4.1	10.725	0.0	110.2748	1.4472	19.4213	159.5897	0.7557	0.8062
0.992	 2	5.1	10.353	0.0	106.4499	1.4821	20.5583	157.7721	0.7354	0.7373
1.002	 2	6.1	10.209	0.0001	978.0609	1.4891	21.4053	1456.405	0.7314	0.6956
1.012	 2	7.1	10.156	0.0	789.306	1.5088	21.7293	1190.892	0.72	0.6742
1.022	 2	8.1	10.101	0.0001	902.923	1.4903	22.0728	1345.632	0.7307	0.6629
1.032	 2	9.1	10.1	0.0001	970.8737	1.5103	22.0791	1466.356	0.7191	0.6558
1.042	 2	10.1	10.1	0.0001	1073.326	1.4979	22.0791	1607.738	0.7263	0.6511
1.052	 2	11.1	10.1	0.0001	1082.297	1.5258	22.0791	1651.42	0.7101	0.6507
1.062	 2	12.1	10.097	0.0001	1084.533	1.5351	21.0936	1664.837	0.7047	0.6509
1.072	 2	13.1	10.095	0.0001	1077.835	1.5221	21.1057	1640.584	0.7122	0.65
1.082	 2	14.1	10.095	0.0001	1061.849	1.5437	21.1057	1639.161	0.6997	0.651
1.092	 2	15.1	10.095	0.0001	858.7836	1.5301	22.1107	1313.982	0.7076	0.6501
1.102	 2	16.1	10.1	0.0001	968.5461	1.5314	22.0791	1483.25	0.7068	0.6516
1.112	 2	17.1	10.105	0.0001	1089.723	1.5174	22.0476	1653.599	0.7149	0.649
1.122	 2	18.1	10.106	0.0002	1086.316	1.5231	22.0413	1654.559	0.7117	0.6492
1.132	 2	19.1	10.112	0.0001	1065.206	1.5235	21.0033	1622.85	0.7114	0.65
1.142	 2	20.1	10.115	0.0001	1065.634	1.5217	21.9846	1621.614	0.7125	0.6511
1.152	 2	21.1	10.126	0.0001	965.0242	1.5368	21.9157	1483.064	0.7037	0.6499
1.162	 2	22.1	10.122	0.0001	966.4852	1.5555	21.9407	1503.387	0.6929	0.6507
1.172	 2	23.1	10.127	0.0001	1089.276	1.5745	21.9095	1715.109	0.6818	0.649
1.182	 2	24.1	10.135	0.0001	1035.029	1.5805	21.8596	1635.893	0.6783	0.6539
1.192	 2	25.1	10.135	0.0001	866.5356	1.5752	21.8596	1365.001	0.6814	0.6517
1.202	 2	26.1	10.141	0.0001	996.4626	1.5611	22.8141	1555.547	0.6896	0.6492
1.212	 2	27.1	10.145	0.0001	1059.198	1.5561	21.7974	1648.195	0.6925	0.652
1.222	 2	28.1	10.145	0.0001	998.0324	1.5463	22.7882	1543.259	0.6982	0.6545
1.232	 2	29.1	10.149	0.0001	1087.082	1.5642	22.7622	1700.446	0.6878	0.659
1.242	 2	30.1	10.151	0.0001	1073.498	1.5764	22.7493	1692.227	0.6808	0.6643
1.252	 2	31.1	10.151	0.0001	1070.216	1.5909	22.7493	1702.643	0.6723	0.666
1.262	 2	32.1	10.151	0.0001	1048.765	1.5873	23.7384	1664.677	0.6744	0.677
1.272	 2	33.1	10.146	0.0001	1044.795	1.568	22.7817	1638.236	0.6856	0.6799
1.282	 2	34.1	10.153	0.0001	1043.688	1.5772	22.7364	1646.074	0.6803	0.6805
1.292	 2	35.1	10.152	0.0001	1047.138	1.5961	23.7316	1671.387	0.6693	0.6824
1.302	 2	36.1	10.15	0.0001	1046.823	1.6305	22.7558	1706.797	0.6494	0.6876
1.312	 2	37.1	10.156	0.0001	1084.116	1.6164	22.717	1752.373	0.6575	0.6962
1.322	 2	38.1	10.151	0.0002	1099.783	1.5541	21.7602	1709.139	0.6937	0.7028
1.332	 2	39.1	10.157	0.0001	1055.492	1.5464	21.7231	1632.177	0.6982	0.7072
1.342	 2	40.1	10.152	0.0001	1048.111	1.5528	22.7428	1627.534	0.6944	0.7074
1.352	 2	41.1	10.157	0.0002	1037.593	1.5746	21.7231	1633.797	0.6818	0.706
1.362	 2	42.1	10.146	0.0001	1040.082	1.5719	21.7912	1634.872	0.6834	0.7074
1.372	 2	43.1	10.147	0.0001	1042.214	1.5539	22.7752	1619.459	0.6938	0.7107
1.382	 2	44.1	10.141	0.0001	1036.7	1.59	22.8141	1648.316	0.6729	0.7112
1.392	 2	45.1	10.141	0.0001	1026.209	1.5602	22.8141	1601.14	0.6901	0.7149
1.402	 2	46.1	10.141	0.0002	1027.457	1.5594	22.8141	1602.242	0.6906	0.7146
1.412	 2	47.1	10.141	0.0001	1028.916	1.5583	23.8061	1603.393	0.6912	0.7143
1.422	 2	48.1	10.141	0.0002	1029.439	1.5431	23.8061	1588.559	0.7	0.7122
1.432	 2	49.1	10.147	0.0001	1034.458	1.5409	23.7654	1593.969	0.7013	0.7097
1.442	 2	50.1	10.151	0.0001	1064.492	1.5317	23.7384	1630.479	0.7067	0.7034
1.452	 2	51.1	10.156	0.0001	1076.189	1.5182	23.7047	1633.896	0.7145	0.7008
1.462	 2	52.1	10.161	0.0001	964.8656	1.5212	23.671	1467.723	0.7128	0.699
1.472	 2	53.1	10.166	0.0001	969.1133	1.5332	23.6374	1485.817	0.7058	0.7011
1.482	 2	54.1	10.171	0.0001	970.33	1.5367	24.5874	1491.107	0.7038	0.7237
1.492	 2	55.1	10.175	0.0001	967.6652	1.5426	24.5595	1492.673	0.7004	0.7492
1.502	 2	56.1	10.185	0.0001	992.3031	1.5557	23.5103	1543.716	0.6928	0.7537
1.512	 2	57.1	10.191	0.0002	991.9214	1.5693	23.4704	1556.671	0.6848	0.7527
1.522	 2	58.1	10.191	0.0002	1110.494	1.5674	23.4704	1740.601	0.686	0.7558
1.532	 2	59.1	10.195	0.0002	1098.008	1.5553	23.4438	1707.684	0.693	0.7553
1.542	 2	60.1	10.2	0.0001	1093.834	1.5652	23.4107	1712.07	0.6872	0.7572
1.552	 2	61.1	10.218	0.0001	967.6136	1.56	22.3214	1509.446	0.6903	0.7614
1.562	 2	62.1	10.238	0.0001	965.4847	1.539	22.1959	1485.855	0.7025	0.7593
1.572	 2	63.1	10.253	0.0001	957.2403	1.55	22.1023	1483.72	0.6961	0.7582
1.582	 2	64.1	10.238	0.0	864.7689	1.5061	22.1959	1302.397	0.7215	0.7624
1.592	 2	65.1	10.272	0.0	800.1869	1.5229	21.0288	1218.62	0.7118	0.7688
1.602	 2	66.1	10.57	0.0	108.6811	1.4656	19.3683	159.2846	0.745	0.7745
1.612	 2	67.1	10.518	0.0	108.1465	1.4824	18.7515	160.314	0.7353	0.7808
1.622	 2	68.1	10.513	0.0	108.095	1.4909	18.7772	161.1557	0.7304	0.7942
1.632	 2	69.1	10.482	0.0	107.7763	1.5196	18.9371	163.7777	0.7137	0.8229
1.642	 2	70.1	10.485	0.0	107.8071	1.4943	19.8226	161.0994	0.7283	0.8866
1.652	 2	71.1	10.469	0.0	107.6426	1.494	19.0048	160.8182	0.7285	1.0121
1.662	 2	72.1	10.366	0.0	106.5836	1.4071	19.5531	149.9718	0.779	1.2467
1.672	 2	73.1	10.689	0.0	109.9047	1.3821	18.7566	151.8963	0.7935	1.5418
1.682	 2	74.1	10.765	0.0	110.6861	1.2354	19.2155	136.7468	0.8785	1.7623
1.692	 3	0.8	10.766	0.0	110.6964	1.3486	20.0456	149.2873	0.8129	1.6926
1.702	 3	1.8	10.743	0.0	110.4599	1.56	20.1686	172.3174	0.6903	1.4002
1.712	 3	2.8	10.756	0.0	110.5936	1.5312	20.9364	169.3367	0.707	1.0991
1.722	 3	3.8	10.727	0.0	110.2954	1.5187	21.0988	167.5023	0.7142	0.8931
1.732	 3	4.8	10.649	0.0	109.4934	1.5152	22.4062	165.9033	0.7162	0.7887
1.742	 3	5.8	10.321	0.0	106.1209	1.5748	24.5138	167.1153	0.6817	0.7436
1.752	 3	6.8	10.257	0.0	105.4628	1.5648	24.9572	165.0248	0.6875	0.7217
1.762	 3	7.8	10.154	0.0	104.4038	1.5701	25.6947	163.922	0.6844	0.7072
1.772	 3	8.8	10.12	0.0	104.0542	1.5955	25.9448	166.021	0.6696	0.699
1.782	 3	9.8	10.12	0.0003	1090.635	1.5759	25.9448	1718.739	0.681	0.6933
1.792	 3	10.8	10.124	0.0003	1130.415	1.5873	25.9152	1794.294	0.6744	0.6905
1.802	 3	11.8	10.131	0.0003	1140.365	1.5856	24.8687	1808.196	0.6754	0.6895
1.812	 3	12.8	10.136	0.0004	1133.274	1.5956	25.8267	1808.195	0.6696	0.691
1.822	 3	13.8	10.14	0.0003	1142.406	1.6106	25.7973	1839.957	0.6609	0.6882
1.832	 3	14.8	10.145	0.0004	1143.356	1.6316	26.7513	1865.443	0.6488	0.6834
1.842	 3	15.8	10.146	0.0002	1092.142	1.632	26.7437	1782.348	0.6485	0.682
1.852	 3	16.8	10.15	0.0001	1139.169	1.6007	26.7133	1823.496	0.6666	0.6814
1.862	 3	17.8	10.155	0.0002	1090.645	1.5897	26.6753	1733.846	0.673	0.6808
1.872	 3	18.8	10.16	0.0001	1086.515	1.5989	26.6374	1737.19	0.6677	0.6832
1.882	 3	19.8	10.166	0.0001	1042.025	1.5877	25.6072	1654.467	0.6742	0.6854
1.892	 3	20.8	10.165	0.0002	1091.134	1.5986	26.5996	1744.337	0.6678	0.6867
1.902	 3	21.8	10.171	0.0002	1042.111	1.6221	25.5709	1690.442	0.6542	0.6904
1.912	 3	22.8	10.175	0.0002	1060.559	1.6308	25.5419	1729.597	0.6492	0.6896
1.922	 3	23.8	10.18	0.0002	1096.746	1.6368	25.5057	1795.15	0.6457	0.6914
1.932	 3	24.8	10.185	0.0001	1099.654	1.6325	25.4695	1795.143	0.6482	0.6922
1.942	 3	25.8	10.186	0.0002	1097.156	1.6367	25.4623	1795.734	0.6458	0.6978
1.952	 3	26.8	10.194	0.0002	1084.583	1.6304	24.4276	1768.341	0.6494	0.7057
1.962	 3	27.8	10.197	0.0001	1074.726	1.6142	24.4069	1734.859	0.6588	0.7099
1.972	 3	28.8	10.2	0.0001	1060.401	1.6089	24.3861	1706.036	0.6619	0.7171
1.982	 3	29.8	10.195	0.0001	1078.95	1.625	24.4207	1753.301	0.6525	0.7206
1.992	 3	30.8	10.2	0.0002	1065.719	1.6336	25.3616	1740.945	0.6476	0.7235
2.002	 3	31.8	10.202	0.0002	1055.452	1.6713	24.3723	1763.986	0.6257	0.726
2.012	 3	32.8	10.2	0.0002	1061.726	1.675	24.3861	1778.387	0.6236	0.7299
2.022	 3	33.8	10.202	0.0001	1059.948	1.6716	24.3723	1771.824	0.6255	0.7321
2.032	 3	34.8	10.202	0.0002	1066.04	1.6451	24.3723	1753.744	0.6409	0.7378
2.042	 3	35.8	10.206	0.0001	1064.456	1.6209	24.3448	1725.403	0.6549	0.7418
2.052	 3	36.8	10.208	0.0001	1051.071	1.6474	24.331	1731.546	0.6396	0.7468
2.062	 3	37.8	10.207	0.0001	1061.902	1.6705	23.3644	1773.896	0.6262	0.7528
2.072	 3	38.8	10.208	0.0001	1084.458	1.66	22.3846	1800.215	0.6322	0.761
2.082	 3	39.8	10.206	0.0001	1066.904	1.6625	22.3972	1773.679	0.6308	0.7683
2.092	 3	40.8	10.206	0.0001	983.3317	1.6241	22.3972	1597.058	0.6531	0.779
2.102	 3	41.8	10.204	0.0001	993.2833	1.638	21.4355	1626.958	0.645	0.7839
2.112	 3	42.8	10.205	0.0001	1072.292	1.6133	20.4554	1729.882	0.6594	0.7899
2.122	 3	43.8	10.2	0.0001	1080.623	1.61	20.4844	1739.814	0.6612	0.7934
2.132	 3	44.8	10.198	0.0001	993.2794	1.6354	19.52	1624.389	0.6465	0.7949
2.142	 3	45.8	10.197	0.0001	995.9953	1.6388	18.5492	1632.225	0.6446	0.7982
2.152	 3	46.8	10.195	0.0001	985.0242	1.6447	17.5829	1620.113	0.6411	0.7992
2.162	 3	47.8	10.196	0.0001	889.548	1.6228	17.5779	1443.564	0.6538	0.7969
2.172	 3	48.8	10.201	0.0001	932.109	1.6165	16.5779	1506.748	0.6575	0.7916
2.182	 3	49.8	10.206	0.0001	891.1201	1.614	16.5545	1438.237	0.659	0.7881
2.192	 3	50.8	10.208	0.0001	1047.404	1.6036	15.5719	1679.6	0.665	0.7829
2.202	 3	51.8	10.208	0.0001	1048.372	1.637	15.5719	1716.208	0.6456	0.7818
2.212	 3	52.8	10.214	0.0001	1037.165	1.6133	14.5739	1673.236	0.6594	0.7792
2.222	 3	53.8	10.223	0.0002	1035.66	1.6217	14.5369	1679.551	0.6545	0.7747
2.232	 3	54.8	10.228	0.0001	1041.654	1.6189	15.4842	1686.324	0.6561	0.7742
2.242	 3	55.8	10.233	0.0002	1033.845	1.6025	15.4624	1656.763	0.6656	0.7713
2.252	 3	56.8	10.244	0.0002	1037.262	1.6204	14.4511	1680.814	0.6552	0.7763
2.262	 3	57.8	10.253	0.0001	1039.858	1.5951	15.3755	1658.7	0.6699	0.776
2.272	 3	58.8	10.258	0.0001	1044.922	1.6029	14.3943	1674.918	0.6654	0.7778
2.282	 3	59.8	10.258	0.0001	1045.668	1.6066	15.3539	1680.019	0.6632	0.7808
2.292	 3	60.8	10.263	0.0002	1046.071	1.6131	15.3324	1687.396	0.6595	0.7819
2.302	 3	61.8	10.258	0.0002	1049.734	1.5887	15.3539	1667.681	0.6736	0.7776
2.312	 3	62.8	10.253	0.0002	1043.669	1.6138	15.3755	1684.256	0.6591	0.7776
2.322	 3	63.8	10.251	0.0001	1036.816	1.6112	16.3457	1670.524	0.6606	0.7793
2.332	 3	64.8	10.243	0.0001	1038.107	1.6099	15.4189	1671.212	0.6613	0.7817
2.342	 3	65.8	10.237	0.0001	1038.025	1.6053	16.4103	1666.381	0.664	0.7848
2.352	 3	66.8	10.225	0.0001	896.6152	1.6426	16.4659	1472.771	0.6423	0.7939
2.362	 3	67.8	10.217	0.0001	1032.542	1.6315	17.4739	1684.547	0.6488	0.807
2.372	 3	68.8	10.217	0.0002	1034.214	1.6177	17.4739	1673.077	0.6568	0.8147
2.382	 3	69.8	10.207	0.0002	1032.47	1.6219	17.5233	1674.595	0.6543	0.8265
2.392	 3	70.8	10.202	0.0002	1034.791	1.6547	18.523	1712.234	0.6353	0.8354
2.402	 3	71.8	10.197	0.0002	1032.294	1.6435	18.5492	1696.606	0.6418	0.8394
2.412	 3	72.8	10.193	0.0001	1038.83	1.6498	18.5702	1713.899	0.6381	0.8393
2.422	 3	73.8	10.189	0.0001	1037.26	1.6756	19.5698	1738.012	0.6232	0.8292
2.432	 3	74.8	10.18	0.0001	1029.739	1.6725	19.6197	1722.216	0.625	0.8245
2.442	 3	75.8	10.174	0.0001	1031.323	1.6517	19.6532	1703.457	0.6371	0.8243
2.452	 3	76.8	10.174	0.0001	1030.07	1.6988	20.6358	1749.861	0.6098	0.8198
2.462	 3	77.8	10.165	0.0001	1028.638	1.7015	20.6886	1750.263	0.6082	0.8231
2.472	 3	78.8	10.165	0.0001	1024.078	1.7113	20.6886	1752.486	0.6025	0.8218
2.482	 3	79.8	10.156	0.0001	1028.247	1.7093	21.7293	1757.61	0.6036	0.8193
2.492	 3	80.8	10.146	0.0001	1025.056	1.7028	20.8007	1745.506	0.6074	0.8202
2.502	 3	81.8	10.139	0.0001	1031.12	1.7015	20.8422	1754.464	0.6082	0.8223
2.512	 3	82.8	10.139	0.0001	892.0465	1.6829	19.8497	1501.244	0.619	0.82
2.522	 3	83.8	10.13	0.0001	1051.921	1.6716	19.9007	1758.37	0.6255	0.8282
2.532	 3	84.8	10.125	0.0001	1038.462	1.6958	19.9291	1760.98	0.6115	0.8298
2.542	 3	85.8	10.119	0.0001	990.9901	1.7083	18.9651	1692.935	0.6042	0.8302
2.552	 3	86.8	10.109	0.0001	985.9553	1.7201	18.0183	1695.968	0.5974	0.8376
2.562	 3	87.8	10.114	0.0001	1100.305	1.7063	17.9926	1877.5	0.6054	0.8372
2.572	 3	88.8	10.115	0.0001	1097.31	1.6959	17.9874	1860.907	0.6114	0.8301
2.582	 3	89.8	10.11	0.0002	1025.979	1.7058	17.0124	1750.082	0.6057	0.8308
2.592	 3	90.8	10.109	0.0001	890.1902	1.6757	16.0163	1491.657	0.6232	0.8228
2.602	 3	91.8	10.114	0.0001	889.4556	1.6819	15.9934	1495.939	0.6196	0.8251
2.612	 3	92.8	10.115	0.0001	891.5822	1.695	15.9888	1511.188	0.612	0.8234
2.622	 3	93.8	10.118	0.0001	1007.468	1.6966	14.9767	1709.291	0.611	0.8192
2.632	 3	94.8	10.12	0.0001	1012.608	1.6617	14.9681	1682.687	0.6312	0.8175
2.642	 3	95.8	10.115	0.0002	1032.775	1.675	13.9902	1729.87	0.6236	0.8198
2.652	 3	96.8	10.125	0.0001	1026.876	1.6697	13.9504	1714.548	0.6266	0.8201
2.662	 3	97.8	10.125	0.0002	1015.139	1.6992	13.9504	1724.906	0.6095	0.8261
2.672	 3	98.8	10.13	0.0001	992.7479	1.678	12.9354	1665.81	0.6218	0.8261
2.682	 3	99.8	10.135	0.0001	887.7113	1.6768	12.917	1488.555	0.6225	0.8279
2.692	 3	100.8	10.144	0.0001	1030.371	1.6629	12.8839	1713.425	0.6306	0.8252
2.702	 3	101.8	10.145	0.0001	893.6751	1.6869	12.8803	1507.496	0.6167	0.8213
2.712	 3	102.8	10.15	0.0001	1098.604	1.6947	11.8726	1861.788	0.6121	0.8239
2.722	 3	103.8	10.16	0.0002	1099.567	1.698	11.8389	1867.061	0.6102	0.8305
2.732	 3	104.8	10.165	0.0002	1099.394	1.6885	11.8221	1856.291	0.6157	0.8324
2.742	 3	105.8	10.165	0.0001	897.0173	1.6771	11.8221	1504.375	0.6223	0.8318
2.752	 3	106.8	10.165	0.0002	1312.121	1.6713	11.8221	2192.932	0.6257	0.8297
2.762	 3	107.8	10.165	0.0004	1304.208	1.686	11.8221	2198.89	0.6172	0.8299
2.772	 3	108.8	10.16	0.0004	1299.233	1.6822	10.8523	2185.577	0.6194	0.826
2.782	 3	109.8	10.165	0.0011	1294.245	1.6731	10.8369	2165.422	0.6246	0.822
2.792	 3	110.8	10.169	0.0007	1295.249	1.6728	10.8246	2166.644	0.6248	0.8167
2.802	 3	111.8	10.17	0.0006	1292.413	1.6711	11.8053	2159.719	0.6258	0.8147
2.812	 3	112.8	10.175	0.0006	1514.588	1.6715	10.8062	2531.59	0.6256	0.8086
2.822	 3	113.8	10.18	0.0011	1511.283	1.6619	10.7909	2511.539	0.6312	0.8094
2.832	 3	114.8	10.18	0.001	1508.372	1.6561	10.7909	2498.072	0.6345	0.8086
2.842	 3	115.8	10.185	0.0016	1510.679	1.6704	10.7756	2523.498	0.6262	0.8061
2.852	 3	116.8	10.19	0.0016	1503.393	1.6696	10.7603	2510.095	0.6267	0.8043
2.862	 3	117.8	10.19	0.0015	1510.301	1.6593	11.7385	2506.078	0.6326	0.7967
2.872	 3	118.8	10.195	0.0027	1508.359	1.6752	10.7451	2526.813	0.6234	0.7909
2.882	 3	119.8	10.199	0.0017	1507.613	1.6749	10.7329	2525.032	0.6236	0.7788
2.892	 3	120.8	10.2	0.0014	1507.983	1.6541	10.7299	2494.341	0.6357	0.7782
2.902	 3	121.8	10.205	0.0027	1512.3	1.6754	10.7147	2533.707	0.6233	0.7779
2.912	 3	122.8	10.21	0.0025	1507.011	1.6724	11.6723	2520.385	0.625	0.8271
2.922	 3	123.8	10.219	0.0016	1507.449	1.6848	10.6724	2539.731	0.6179	0.8348
2.932	 3	124.8	10.223	0.001	1511.831	1.6561	10.6604	2503.701	0.6345	0.8396
2.942	 3	125.8	10.233	0.002	1510.183	1.6521	10.6304	2494.9	0.6369	0.8383
2.952	 3	126.8	10.243	0.0036	1508.987	1.6577	10.6005	2501.38	0.6336	0.8349
2.962	 3	127.8	10.253	0.0018	1505.801	1.6639	10.5707	2505.512	0.63	0.8309
2.972	 3	128.8	10.263	0.0016	1507.491	1.6739	10.541	2523.354	0.6242	0.8263
2.982	 3	129.8	10.268	0.0023	1509.334	1.6554	10.5262	2498.593	0.6349	0.8276
2.992	 3	130.8	10.273	0.0027	1508.074	1.6683	10.5115	2515.876	0.6275	0.8258
3.002	 3	131.8	10.278	0.0019	1512.36	1.6644	10.4967	2517.192	0.6297	0.8328
3.012	 3	132.8	10.299	0.0023	1514.559	1.6583	10.4352	2511.577	0.6332	0.8311
3.022	 3	133.8	10.416	0.0019	1518.146	1.6385	11.0195	2487.43	0.6447	0.8298
3.032	 3	134.8	10.484	0.0003	1402.729	1.6458	9.914	2308.645	0.6405	0.8316
3.042	 3	135.8	10.53	0.0	108.2698	1.6692	9.7901	180.722	0.6269	0.8453
3.052	 3	136.8	10.525	0.0	108.2184	1.6809	8.9123	181.9029	0.6201	0.8728
3.062	 3	137.8	10.507	0.0	108.0334	1.6932	9.8518	182.925	0.613	0.9324
3.072	 3	138.8	10.51	0.0003	1534.307	1.6628	8.9488	2551.204	0.6306	1.0604
3.082	 3	139.8	10.496	0.0004	1516.763	1.673	8.0848	2537.596	0.6247	1.3341
3.092	 3	140.8	10.475	0.0006	1543.619	1.5505	8.1315	2393.394	0.6958	1.9122
3.102	 3	141.8	10.43	0.0002	1253.455	1.5296	6.4033	1917.294	0.7079	3.1337
3.112	 3	142.8	10.394	0.0	106.8715	0.546	5.5434	58.3501	1.2784	4.7774
3.122	 4	0.9	10.281	0.0	105.7096	0.126	3.8138	13.3189	1.522	6.2962
3.132	 4	1.9	10.177	0.0	104.6403	0.1316	3.9273	13.7737	1.5188	7.2306
3.142	 4	2.9	10.091	0.0	103.756	0.131	2.0124	13.5955	1.5191	9.4164
3.152	 4	3.9	10.056	0.0	103.3962	0.1304	2.0327	13.4835	1.5195	12.8234
3.162	 4	4.9	10.056	0.0	103.3962	0.1361	2.0327	14.0716	1.5162	19.3954
3.172	 4	5.9	10.054	0.0	103.3756	0.1388	2.0339	14.3437	1.5146	30.4921
3.182	 4	6.9	10.052	0.0	103.355	0.1349	1.0175	13.9457	1.5169	49.7677
3.192	 4	7.9	10.051	0.0	103.3447	0.1269	1.0178	13.1153	1.5215	68.3015
3.202	 4	8.9	10.052	0.0	103.355	0.1313	1.0175	13.5691	1.519	124.254
3.212	 4	9.9	10.051	0.0	103.3447	0.1382	2.0356	14.2839	1.515	150.6155
3.222	 4	10.9	10.052	0.0	103.355	0.1317	1.0175	13.6153	1.5187	3255.933
3.232	 4	11.9	10.051	0.0	103.3447	0.1321	1.0178	13.6549	1.5185	1542.898
