Geotek MSCL 7.9 - TN336_BB36-41_massMS.out created at 12:20:39 on 1/25/2016.


Processing Parameters

CT	RCT=11.45	W=1.27
PWAmp	A=1	B=0
PWVel	PTO=26.74
Den1	A=8.3722E-04	B=-.10475	C=9.9854
MS1	A=1	B=0	Den=1	LD=14	
FP	MGD=2.75	WD=1.026	
RES	A=858.6318	B=-1.165855	p=0	


SB DEPTH	SECT NUM	SECT DEPTH	CT	PWAmp	PWVel	Den1	MS1	Imp	FP	RES
m		cm	cm		m/s	g/cc	x 10^-8 (m^3/kg)			Ohm.m

-0.638	cal sect	0.0	10.53	0.0055						131.495
-0.578	cal sect	6.0	10.415	0.0063	1477.514	1.2333			0.8797	16.0629
-0.518	cal sect	12.0	10.15	0.0206	1472.936	1.2659	-1.5631	1864.572	0.8609	14.2122
-0.458	cal sect	18.0	10.149	0.0135	1473.432	1.202	-0.8234	1771.045	0.8979	14.2863
-0.398	cal sect	24.0	10.431	0.0012	1486.745	1.2177	-0.751	1810.397	0.8888	10.9106
-0.338	cal sect	30.0	10.71	0.0005	1489.569	1.1824	-0.717	1761.269	0.9093	4.3727
-0.278	cal sect	36.0	10.521	0.0117	1504.289	1.2107	-0.7369	1821.317	0.8928	0.4945
-0.218	cal sect	42.0	10.188	0.0071	1500.884	1.2015	-0.8146	1803.269	0.8982	0.3554
-0.158	cal sect	48.0	10.15	0.043	1490.018	1.2292	0.0	1831.536	0.8821	0.3607
-0.098	cal sect	54.0	10.324	0.0052	1493.202	1.2212	-0.7714	1823.456	0.8868	0.3645
-0.038	cal sect	60.0	10.41	0.0096	1502.164	1.2339	2.2363	1853.544	0.8794	0.5302
0.002	 1	0.2	10.819	0.0	111.2768	1.0935	11.2976	121.6805	0.9609	1.3095
0.012	 1	1.2	10.778	0.0	110.8551	1.3342	11.2328	147.8991	0.8212	1.0635
0.022	 1	2.2	10.757	0.0	110.6391	1.3545	12.9808	149.856	0.8095	0.7969
0.032	 1	3.2	10.728	0.0001	1018.707	1.3681	13.5682	1393.644	0.8016	0.6355
0.042	 1	4.2	10.659	0.0	109.6312	1.3428	15.3615	147.2108	0.8163	0.5555
0.052	 1	5.2	10.189	0.0001	1141.88	1.4166	16.5773	1617.61	0.7734	0.5134
0.062	 1	6.2	10.159	0.0001	1131.922	1.4199	17.3748	1607.268	0.7715	0.4936
0.072	 1	7.2	10.157	0.0002	1132.835	1.4202	17.3813	1608.881	0.7713	0.4857
0.082	 1	8.2	10.151	0.0001	1137.24	1.4284	17.3116	1624.411	0.7666	0.4792
0.092	 1	9.2	10.15	0.0002	1281.889	1.4225	17.3882	1823.477	0.77	0.4777
0.102	 1	10.2	10.127	0.0004	1279.146	1.4429	17.2553	1845.642	0.7582	0.4763
0.112	 1	11.2	10.117	0.001	1279.337	1.4818	16.8496	1895.761	0.7356	0.4727
0.122	 1	12.2	10.116	0.0008	1266.241	1.4583	17.1258	1846.62	0.7492	0.4725
0.132	 1	13.2	10.116	0.0007	1202.997	1.4307	16.7582	1721.158	0.7652	0.4742
0.142	 1	14.2	10.105	0.0009	1208.298	1.4277	16.1441	1725.147	0.767	0.4767
0.152	 1	15.2	10.111	0.001	1260.566	1.4173	16.9416	1786.554	0.773	0.4764
0.162	 1	16.2	10.111	0.0008	1134.538	1.4065	17.0718	1595.674	0.7793	0.4768
0.172	 1	17.2	10.107	0.0005	1272.441	1.389	16.5845	1767.474	0.7894	0.477
0.182	 1	18.2	10.116	0.0005	1268.782	1.3714	16.7547	1740.007	0.7997	0.4772
0.192	 1	19.2	10.11	0.0005	1135.062	1.4208	16.1997	1612.719	0.771	0.4752
0.202	 1	20.2	10.116	0.0004	1133.191	1.4294	16.0745	1619.817	0.766	0.4762
0.212	 1	21.2	10.116	0.0004	1082.736	1.4284	16.0867	1546.526	0.7666	0.4755
0.222	 1	22.2	10.13	0.0002	1086.677	1.4165	16.1563	1539.301	0.7735	0.4736
0.232	 1	23.2	10.132	0.0003	1140.606	1.4612	15.6538	1666.612	0.7476	0.4726
0.242	 1	24.2	10.131	0.0004	1213.003	1.4705	14.8823	1783.723	0.7422	0.4735
0.252	 1	25.2	10.132	0.0007	1266.183	1.4808	15.4465	1874.932	0.7362	0.4764
0.262	 1	26.2	10.134	0.0004	1262.332	1.4757	14.8171	1862.84	0.7391	0.4787
0.272	 1	27.2	10.137	0.0006	1137.2	1.4832	15.3989	1686.735	0.7348	0.4792
0.282	 1	28.2	10.146	0.0007	1136.297	1.4808	15.3849	1682.606	0.7362	0.4769
0.292	 1	29.2	10.145	0.0006	1137.204	1.4782	15.4162	1681.01	0.7377	0.4735
0.302	 1	30.2	10.146	0.0006	1133.378	1.4902	15.288	1688.921	0.7308	0.476
0.312	 1	31.2	10.144	0.0004	1132.016	1.5055	15.1406	1704.285	0.7219	0.4889
0.322	 1	32.2	10.146	0.0005	1136.934	1.5015	15.1726	1707.109	0.7242	0.5
0.332	 1	33.2	10.141	0.0005	1127.153	1.4923	15.9528	1682.031	0.7295	0.5146
0.342	 1	34.2	10.137	0.0005	1193.431	1.483	15.4012	1769.866	0.7349	0.5287
0.352	 1	35.2	10.141	0.0003	1129.161	1.4884	15.9947	1680.613	0.7318	0.5402
0.362	 1	36.2	10.147	0.0003	1086.402	1.4986	15.8588	1628.046	0.7259	0.5479
0.372	 1	37.2	10.146	0.0003	1136.807	1.5076	16.4256	1713.818	0.7207	0.5545
0.382	 1	38.2	10.146	0.0008	1138.465	1.5707	15.1351	1788.143	0.6841	0.5647
0.392	 1	39.2	10.141	0.0007	1128.157	1.5732	15.1324	1774.8	0.6826	0.5737
0.402	 1	40.2	10.147	0.0005	1088.617	1.533	15.5022	1668.893	0.7059	0.5822
0.412	 1	41.2	10.15	0.0004	1135.474	1.5202	15.62	1726.116	0.7134	0.5884
0.422	 1	42.2	10.159	0.0004	1137.499	1.5033	15.7549	1710.01	0.7231	0.595
0.432	 1	43.2	10.159	0.0005	1132.806	1.4883	15.9142	1685.908	0.7319	0.5936
0.442	 1	44.2	10.164	0.0007	1132.353	1.4947	15.8234	1692.495	0.7281	0.5974
0.452	 1	45.2	10.168	0.0007	1132.294	1.5249	15.4927	1726.578	0.7106	0.5998
0.462	 1	46.2	10.166	0.0006	1129.304	1.4958	15.8029	1689.175	0.7275	0.5999
0.472	 1	47.2	10.17	0.0005	1129.122	1.4943	15.8009	1687.192	0.7284	0.5977
0.482	 1	48.2	10.17	0.0007	1129.247	1.5134	15.601	1709.006	0.7173	0.5941
0.492	 1	49.2	10.178	0.0005	1127.881	1.5	15.7043	1691.861	0.725	0.5911
0.502	 1	50.2	10.161	0.0004	1130.382	1.4843	16.6121	1677.823	0.7342	0.5858
0.512	 1	51.2	10.166	0.0004	1131.064	1.4979	15.7809	1694.166	0.7263	0.5814
0.522	 1	52.2	10.171	0.0005	1131.998	1.5008	15.7272	1698.941	0.7246	0.5785
0.532	 1	53.2	10.176	0.0004	1134.828	1.4964	15.7516	1698.134	0.7272	0.5769
0.542	 1	54.2	10.167	0.0008	1135.724	1.5	15.7535	1703.618	0.725	0.5774
0.552	 1	55.2	10.17	0.0006	1202.696	1.4919	15.8254	1794.353	0.7297	0.5777
0.562	 1	56.2	10.165	0.0008	1206.099	1.4908	15.1989	1798.089	0.7304	0.5814
0.572	 1	57.2	10.164	0.0006	1132.858	1.4944	15.8259	1692.988	0.7283	0.5861
0.582	 1	58.2	10.164	0.0008	1133.869	1.4873	15.2393	1686.4	0.7324	0.59
0.592	 1	59.2	10.154	0.0008	1134.145	1.5003	15.15	1701.58	0.7249	0.5922
0.602	 1	60.2	10.155	0.0012	1137.943	1.5194	15.6055	1729.018	0.7138	0.5911
0.612	 1	61.2	10.151	0.0012	1216.126	1.5061	15.7612	1831.64	0.7215	0.5912
0.622	 1	62.2	10.153	0.0009	1262.968	1.5115	15.6967	1908.924	0.7184	0.5875
0.632	 1	63.2	10.152	0.001	1140.29	1.5349	15.4611	1750.265	0.7048	0.5861
0.642	 1	64.2	10.15	0.0014	1251.85	1.5256	15.564	1909.878	0.7102	0.5867
0.652	 1	65.2	10.15	0.0012	1264.482	1.5299	15.5202	1934.591	0.7077	0.5893
0.662	 1	66.2	10.15	0.001	1137.51	1.5242	15.5786	1733.808	0.711	0.5941
0.672	 1	67.2	10.15	0.0007	1261.653	1.5379	15.4401	1940.278	0.7031	0.5979
0.682	 1	68.2	10.156	0.0006	1257.553	1.5379	15.4132	1934.045	0.703	0.6002
0.692	 1	69.2	10.159	0.001	1136.099	1.525	15.5307	1732.56	0.7106	0.6029
0.702	 1	70.2	10.16	0.0015	1134.942	1.5453	15.322	1753.871	0.6988	0.6034
0.712	 1	71.2	10.165	0.0015	1133.854	1.5458	14.6584	1752.708	0.6985	0.6043
0.722	 1	72.2	10.165	0.0013	1132.338	1.5514	14.6053	1756.73	0.6952	0.6096
0.732	 1	73.2	10.171	0.0013	1132.502	1.5505	14.5891	1755.947	0.6958	0.6107
0.742	 1	74.2	10.173	0.0009	1206.618	1.5277	14.7986	1843.332	0.709	0.638
0.752	 1	75.2	10.181	0.0008	1208.571	1.5522	14.5322	1875.902	0.6948	0.6489
0.762	 1	76.2	10.183	0.0008	1212.262	1.5585	14.4648	1889.322	0.6911	0.6485
0.772	 1	77.2	10.191	0.0012	1131.83	1.5293	14.0683	1730.903	0.7081	0.6512
0.782	 1	78.2	10.195	0.0011	1128.764	1.5476	14.5175	1746.86	0.6975	0.6542
0.792	 1	79.2	10.206	0.0011	1208.383	1.5374	14.5682	1857.775	0.7034	0.653
0.802	 1	80.2	10.213	0.001	1204.221	1.5215	14.053	1832.177	0.7126	0.6503
0.812	 1	81.2	10.217	0.0009	1204.409	1.5171	14.7177	1827.163	0.7152	0.6446
0.822	 1	82.2	10.223	0.0008	1209.966	1.5269	14.5981	1847.501	0.7095	0.6406
0.832	 1	83.2	10.264	0.0013	1209.237	1.5073	13.9828	1822.664	0.7208	0.6361
0.842	 1	84.2	10.269	0.0006	1208.544	1.5141	13.9002	1829.874	0.7169	0.6321
0.852	 1	85.2	10.377	0.0002	1135.339	1.5176	14.0686	1722.95	0.7149	0.6271
0.862	 1	86.2	10.441	0.0003	1138.48	1.5162	13.8348	1726.107	0.7157	0.6262
0.872	 1	87.2	10.443	0.0	107.4095	1.5092	13.8912	162.0986	0.7197	0.6265
0.882	 1	88.2	10.499	0.0002	1139.338	1.5227	13.5578	1734.858	0.7119	0.64
0.892	 1	89.2	10.528	0.0001	1023.129	1.4991	14.2564	1533.783	0.7256	0.6647
0.902	 1	90.2	10.497	0.0001	1135.424	1.504	13.7337	1707.692	0.7227	0.7223
0.912	 1	91.2	10.469	0.0001	1267.433	1.5258	13.6415	1933.898	0.7101	0.8658
0.922	 1	92.2	10.495	0.0	107.9444	1.5172	13.6215	163.7759	0.7151	1.187
0.932	 1	93.2	10.657	0.0	109.6106	1.4631	13.5179	160.3727	0.7465	1.7266
0.942	 2	0.1	10.751	0.0	110.5774	1.0528	17.5241	116.4109	0.9845	2.0391
0.952	 2	1.1	10.785	0.0	110.9271	1.3851	13.1991	153.6505	0.7917	1.7196
0.962	 2	2.1	10.804	0.0	111.1225	1.4968	12.1531	166.3307	0.7269	1.2441
0.972	 2	3.1	10.774	0.0	110.814	1.5	12.2239	166.2241	0.725	0.9413
0.982	 2	4.1	10.725	0.0	110.31	1.4982	12.9628	165.2695	0.7261	0.7941
0.992	 2	5.1	10.353	0.0	106.4839	1.5358	13.3857	163.5421	0.7043	0.7209
1.002	 2	6.1	10.209	0.0001	980.9743	1.5442	13.8613	1514.863	0.6994	0.6769
1.012	 2	7.1	10.156	0.0	791.2122	1.5636	13.8966	1237.174	0.6881	0.6544
1.022	 2	8.1	10.101	0.0001	905.432	1.5468	14.27	1400.525	0.6979	0.6425
1.032	 2	9.1	10.1	0.0001	973.7755	1.5659	14.1004	1524.788	0.6869	0.6351
1.042	 2	10.1	10.1	0.0001	1076.874	1.554	14.2076	1673.495	0.6937	0.6301
1.052	 2	11.1	10.1	0.0001	1085.905	1.5806	13.969	1716.356	0.6783	0.6297
1.062	 2	12.1	10.097	0.0001	1088.156	1.5894	13.2716	1729.496	0.6732	0.63
1.072	 2	13.1	10.095	0.0001	1081.414	1.5771	13.3827	1705.49	0.6803	0.629
1.082	 2	14.1	10.095	0.0001	1065.323	1.5976	13.2109	1701.952	0.6685	0.63
1.092	 2	15.1	10.095	0.0001	861.0543	1.5846	13.9532	1364.458	0.676	0.629
1.102	 2	16.1	10.1	0.0001	971.434	1.5859	13.9224	1540.57	0.6752	0.6306
1.112	 2	17.1	10.105	0.0001	1093.378	1.5725	14.0204	1719.374	0.683	0.6279
1.122	 2	18.1	10.106	0.0002	1089.948	1.5779	13.9689	1719.809	0.6799	0.6282
1.132	 2	19.1	10.112	0.0001	1068.696	1.5782	13.3084	1686.615	0.6797	0.629
1.142	 2	20.1	10.115	0.0001	1069.126	1.5765	13.9454	1685.453	0.6807	0.6301
1.152	 2	21.1	10.126	0.0001	967.8837	1.5907	13.7777	1539.578	0.6725	0.6288
1.162	 2	22.1	10.122	0.0001	969.3545	1.6085	13.6406	1559.198	0.6621	0.6297
1.172	 2	23.1	10.127	0.0001	1092.92	1.6265	13.4703	1777.643	0.6517	0.6279
1.182	 2	24.1	10.135	0.0001	1038.316	1.6321	13.3935	1694.634	0.6484	0.6331
1.192	 2	25.1	10.135	0.0001	868.8384	1.6271	13.4349	1413.661	0.6514	0.6308
1.202	 2	26.1	10.141	0.0001	999.5072	1.6135	14.1393	1612.727	0.6592	0.6281
1.212	 2	27.1	10.145	0.0001	1062.637	1.6087	13.5495	1709.494	0.662	0.6311
1.222	 2	28.1	10.145	0.0001	1001.085	1.5994	14.2476	1601.171	0.6674	0.6337
1.232	 2	29.1	10.149	0.0001	1090.704	1.6164	14.0819	1763.04	0.6575	0.6384
1.242	 2	30.1	10.151	0.0001	1077.029	1.6279	13.9743	1753.336	0.6508	0.6439
1.252	 2	31.1	10.151	0.0001	1073.725	1.6418	13.8564	1762.829	0.6428	0.6458
1.262	 2	32.1	10.151	0.0001	1052.135	1.6383	14.4896	1723.72	0.6448	0.6573
1.272	 2	33.1	10.146	0.0001	1048.141	1.62	14.0624	1698.035	0.6554	0.6604
1.282	 2	34.1	10.153	0.0001	1047.025	1.6287	13.96	1705.264	0.6504	0.661
1.292	 2	35.1	10.152	0.0001	1050.497	1.6467	14.4113	1729.889	0.6399	0.663
1.302	 2	36.1	10.15	0.0001	1050.181	1.6794	13.55	1763.661	0.621	0.6684
1.312	 2	37.1	10.156	0.0001	1087.716	1.666	13.636	1812.08	0.6288	0.6775
1.322	 2	38.1	10.151	0.0002	1103.49	1.6067	13.5431	1773.021	0.6631	0.6844
1.332	 2	39.1	10.157	0.0001	1058.903	1.5993	13.5825	1693.549	0.6674	0.6891
1.342	 2	40.1	10.152	0.0001	1051.476	1.6055	14.1652	1688.194	0.6638	0.6893
1.352	 2	41.1	10.157	0.0002	1040.89	1.6262	13.3583	1692.677	0.6519	0.6879
1.362	 2	42.1	10.146	0.0001	1043.398	1.6237	13.4205	1694.191	0.6533	0.6893
1.372	 2	43.1	10.147	0.0001	1045.543	1.6066	14.1761	1679.767	0.6632	0.6928
1.382	 2	44.1	10.141	0.0001	1039.996	1.641	13.9026	1706.626	0.6433	0.6933
1.392	 2	45.1	10.141	0.0001	1029.439	1.6127	14.1462	1660.218	0.6597	0.6972
1.402	 2	46.1	10.141	0.0002	1030.694	1.612	14.153	1661.438	0.6601	0.6969
1.412	 2	47.1	10.141	0.0001	1032.163	1.6109	14.7779	1662.732	0.6607	0.6966
1.422	 2	48.1	10.141	0.0002	1032.688	1.5965	14.9117	1648.659	0.6691	0.6944
1.432	 2	49.1	10.147	0.0001	1037.738	1.5943	14.907	1654.414	0.6704	0.6917
1.442	 2	50.1	10.151	0.0001	1067.964	1.5855	14.9724	1693.234	0.6755	0.6851
1.452	 2	51.1	10.156	0.0001	1079.736	1.5726	15.0734	1698.007	0.6829	0.6823
1.462	 2	52.1	10.161	0.0001	967.7142	1.5753	15.0259	1524.485	0.6814	0.6805
1.472	 2	53.1	10.166	0.0001	971.9858	1.5867	14.8973	1542.239	0.6748	0.6826
1.482	 2	54.1	10.171	0.0001	973.2083	1.59	15.464	1547.38	0.6729	0.7065
1.492	 2	55.1	10.175	0.0001	970.5265	1.5955	15.3931	1548.463	0.6697	0.7334
1.502	 2	56.1	10.185	0.0001	995.3091	1.6078	14.6222	1600.307	0.6625	0.7382
1.512	 2	57.1	10.191	0.0002	994.9234	1.6208	14.4811	1612.53	0.655	0.7372
1.522	 2	58.1	10.191	0.0002	1114.258	1.6189	14.4976	1803.891	0.6561	0.7405
1.532	 2	59.1	10.195	0.0002	1101.686	1.6073	14.5858	1770.752	0.6628	0.7399
1.542	 2	60.1	10.2	0.0001	1097.482	1.6167	14.4805	1774.301	0.6574	0.742
1.552	 2	61.1	10.218	0.0001	970.4625	1.6115	13.8513	1563.9	0.6604	0.7464
1.562	 2	62.1	10.238	0.0001	968.3155	1.5913	13.9483	1540.872	0.6721	0.7442
1.572	 2	63.1	10.253	0.0001	960.0188	1.6016	13.8003	1537.549	0.6661	0.743
1.582	 2	64.1	10.238	0.0	867.0392	1.56	14.228	1352.596	0.6902	0.7475
1.592	 2	65.1	10.272	0.0	802.124	1.5756	13.3465	1263.833	0.6812	0.7543
1.602	 2	66.1	10.57	0.0	108.7158	1.5175	12.763	164.9796	0.7149	0.7603
1.612	 2	67.1	10.518	0.0	108.1809	1.5341	12.2233	165.9581	0.7053	0.767
1.622	 2	68.1	10.513	0.0	108.1295	1.5422	12.1755	166.7582	0.7006	0.7813
1.632	 2	69.1	10.482	0.0	107.8107	1.5699	12.0627	169.2513	0.6845	0.8119
1.642	 2	70.1	10.485	0.0	107.8415	1.5458	12.8233	166.7047	0.6985	0.8801
1.652	 2	71.1	10.469	0.0	107.677	1.5457	12.2952	166.4374	0.6985	1.0157
1.662	 2	72.1	10.366	0.0	106.6176	1.4644	13.3522	156.132	0.7457	1.2727
1.672	 2	73.1	10.689	0.0	109.9397	1.4368	13.0545	157.9596	0.7617	1.6016
1.682	 2	74.1	10.765	0.0	110.7214	1.2968	14.8178	143.5815	0.8429	1.8507
1.692	 3	0.8	10.766	0.0	110.7317	1.4041	14.2762	155.482	0.7807	1.7717
1.702	 3	1.8	10.743	0.0	110.4951	1.6053	12.5639	177.376	0.664	1.443
1.712	 3	2.8	10.756	0.0	110.6288	1.5777	13.2702	174.5393	0.68	1.1104
1.722	 3	3.8	10.727	0.0	110.3306	1.5661	13.4718	172.794	0.6867	0.887
1.732	 3	4.8	10.649	0.0	109.5283	1.5637	14.3287	171.2729	0.6881	0.7754
1.742	 3	5.8	10.321	0.0	106.1547	1.6243	15.092	172.4258	0.653	0.7275
1.752	 3	6.8	10.257	0.0	105.4965	1.6156	15.4479	170.4374	0.658	0.7044
1.762	 3	7.8	10.154	0.0	104.4371	1.6219	15.8421	169.3885	0.6543	0.689
1.772	 3	8.8	10.12	0.0	104.0874	1.6465	15.7571	171.3848	0.6401	0.6805
1.782	 3	9.8	10.12	0.0003	1094.291	1.6279	15.9376	1781.392	0.6509	0.6744
1.792	 3	10.8	10.124	0.0003	1134.342	1.6387	15.8148	1858.806	0.6446	0.6715
1.802	 3	11.8	10.131	0.0003	1144.358	1.637	15.1917	1873.313	0.6456	0.6705
1.812	 3	12.8	10.136	0.0004	1137.215	1.6464	15.6871	1872.275	0.6402	0.672
1.822	 3	13.8	10.14	0.0003	1146.41	1.6606	15.5346	1903.761	0.6319	0.6691
1.832	 3	14.8	10.145	0.0004	1147.365	1.6805	15.9187	1928.14	0.6204	0.664
1.842	 3	15.8	10.146	0.0002	1095.799	1.6809	15.9105	1841.912	0.6201	0.6625
1.852	 3	16.8	10.15	0.0001	1143.147	1.6511	16.179	1887.462	0.6374	0.6619
1.862	 3	17.8	10.155	0.0002	1094.289	1.6406	16.2595	1795.295	0.6435	0.6612
1.872	 3	18.8	10.16	0.0001	1090.129	1.6492	16.1516	1797.857	0.6385	0.6638
1.882	 3	19.8	10.166	0.0001	1045.347	1.6386	15.6278	1712.866	0.6447	0.6662
1.892	 3	20.8	10.165	0.0002	1094.777	1.6489	16.1313	1805.226	0.6387	0.6675
1.902	 3	21.8	10.171	0.0002	1045.431	1.6712	15.3008	1747.132	0.6257	0.6714
1.912	 3	22.8	10.175	0.0002	1063.997	1.6794	15.2086	1786.915	0.621	0.6705
1.922	 3	23.8	10.18	0.0002	1100.422	1.685	15.1365	1854.259	0.6177	0.6725
1.932	 3	24.8	10.185	0.0001	1103.347	1.6809	15.1527	1854.569	0.6202	0.6733
1.942	 3	25.8	10.186	0.0002	1100.832	1.6849	15.1121	1854.785	0.6178	0.6792
1.952	 3	26.8	10.194	0.0002	1088.173	1.6788	14.5505	1826.84	0.6213	0.6875
1.962	 3	27.8	10.197	0.0001	1078.249	1.6634	14.6732	1793.523	0.6303	0.692
1.972	 3	28.8	10.2	0.0001	1063.83	1.6582	14.7062	1764.06	0.6333	0.6995
1.982	 3	29.8	10.195	0.0001	1082.502	1.6736	14.5914	1811.717	0.6243	0.7033
1.992	 3	30.8	10.2	0.0002	1069.182	1.6817	15.0806	1798.087	0.6196	0.7063
2.002	 3	31.8	10.202	0.0002	1058.848	1.7176	14.1897	1818.692	0.5988	0.709
2.012	 3	32.8	10.2	0.0002	1065.163	1.7211	14.1685	1833.304	0.5968	0.713
2.022	 3	33.8	10.202	0.0001	1063.373	1.7179	14.1873	1826.773	0.5987	0.7154
2.032	 3	34.8	10.202	0.0002	1069.504	1.6927	14.3987	1810.32	0.6133	0.7214
2.042	 3	35.8	10.206	0.0001	1067.908	1.6696	14.5811	1783.0	0.6267	0.7256
2.052	 3	36.8	10.208	0.0001	1054.437	1.6948	14.3563	1787.054	0.6121	0.731
2.062	 3	37.8	10.207	0.0001	1065.338	1.7168	13.6095	1828.942	0.5993	0.7373
2.072	 3	38.8	10.208	0.0001	1088.041	1.7068	13.115	1857.056	0.6051	0.7459
2.082	 3	39.8	10.206	0.0001	1070.372	1.7091	13.1044	1829.413	0.6037	0.7537
2.092	 3	40.8	10.206	0.0001	986.2775	1.6727	13.3901	1649.715	0.6249	0.7651
2.102	 3	41.8	10.204	0.0001	996.2897	1.6859	12.715	1679.596	0.6173	0.7703
2.112	 3	42.8	10.205	0.0001	1075.796	1.6623	12.3052	1788.336	0.6309	0.7767
2.122	 3	43.8	10.2	0.0001	1084.184	1.6593	12.3451	1798.998	0.6327	0.7804
2.132	 3	44.8	10.198	0.0001	996.2875	1.6835	11.5951	1677.221	0.6186	0.782
2.142	 3	45.8	10.197	0.0001	999.0203	1.6867	10.9972	1685.074	0.6167	0.7856
2.152	 3	46.8	10.195	0.0001	987.9834	1.6924	10.3892	1672.082	0.6134	0.7866
2.162	 3	47.8	10.196	0.0001	891.9604	1.6715	10.516	1490.942	0.6256	0.7842
2.172	 3	48.8	10.201	0.0001	934.7568	1.6655	9.9539	1556.805	0.6291	0.7785
2.182	 3	49.8	10.206	0.0001	893.5387	1.663	9.9546	1485.954	0.6305	0.7748
2.192	 3	50.8	10.208	0.0001	1050.746	1.6531	9.4198	1736.987	0.6363	0.7692
2.202	 3	51.8	10.208	0.0001	1051.721	1.6849	9.242	1772.053	0.6178	0.768
2.212	 3	52.8	10.214	0.0001	1040.44	1.6622	8.7676	1729.467	0.6309	0.7653
2.222	 3	53.8	10.223	0.0002	1038.923	1.6702	8.7039	1735.171	0.6264	0.7605
2.232	 3	54.8	10.228	0.0001	1044.953	1.6674	9.2864	1742.365	0.628	0.76
2.242	 3	55.8	10.233	0.0002	1037.093	1.6518	9.361	1713.049	0.637	0.7569
2.252	 3	56.8	10.244	0.0002	1040.528	1.6687	8.6602	1736.307	0.6272	0.7623
2.262	 3	57.8	10.253	0.0001	1043.138	1.6445	9.3497	1715.428	0.6412	0.7619
2.272	 3	58.8	10.258	0.0001	1048.232	1.6518	8.7141	1731.509	0.637	0.7638
2.282	 3	59.8	10.258	0.0001	1048.982	1.6554	9.2751	1736.475	0.6349	0.767
2.292	 3	60.8	10.263	0.0002	1049.386	1.6614	9.2283	1743.501	0.6314	0.7681
2.302	 3	61.8	10.258	0.0002	1053.075	1.6383	9.3719	1725.243	0.6448	0.7636
2.312	 3	62.8	10.253	0.0002	1046.972	1.6622	9.2499	1740.32	0.631	0.7636
2.322	 3	63.8	10.251	0.0001	1040.077	1.6598	9.8479	1726.333	0.6324	0.7655
2.332	 3	64.8	10.243	0.0001	1041.379	1.6586	9.2961	1727.269	0.633	0.768
2.342	 3	65.8	10.237	0.0001	1041.298	1.6544	9.9191	1722.729	0.6355	0.7712
2.352	 3	66.8	10.225	0.0001	899.0591	1.69	9.7431	1519.406	0.6149	0.781
2.362	 3	67.8	10.217	0.0001	1035.787	1.6795	10.4042	1739.605	0.6209	0.7949
2.372	 3	68.8	10.217	0.0002	1037.469	1.6664	10.4857	1728.881	0.6285	0.8031
2.382	 3	69.8	10.207	0.0002	1035.718	1.6706	10.4895	1730.232	0.6261	0.8157
2.392	 3	70.8	10.202	0.0002	1038.055	1.7018	10.8845	1766.535	0.608	0.8252
2.402	 3	71.8	10.197	0.0002	1035.544	1.6912	10.9678	1751.352	0.6141	0.8295
2.412	 3	72.8	10.193	0.0001	1042.122	1.6973	10.9411	1768.783	0.6106	0.8294
2.422	 3	73.8	10.189	0.0001	1040.543	1.7218	11.3656	1791.651	0.5964	0.8185
2.432	 3	74.8	10.18	0.0001	1032.978	1.719	11.4135	1775.691	0.598	0.8135
2.442	 3	75.8	10.174	0.0001	1034.574	1.6993	11.5653	1758.072	0.6094	0.8134
2.452	 3	76.8	10.174	0.0001	1033.313	1.7441	11.8317	1802.215	0.5835	0.8086
2.462	 3	77.8	10.165	0.0001	1031.875	1.7468	11.8434	1802.53	0.5819	0.8121
2.472	 3	78.8	10.165	0.0001	1027.286	1.7561	11.7808	1804.05	0.5765	0.8107
2.482	 3	79.8	10.156	0.0001	1031.485	1.7544	12.3857	1809.618	0.5775	0.808
2.492	 3	80.8	10.146	0.0001	1028.276	1.7483	11.8974	1797.766	0.581	0.809
2.502	 3	81.8	10.139	0.0001	1034.381	1.7472	11.9292	1807.223	0.5817	0.8112
2.512	 3	82.8	10.139	0.0001	894.4861	1.7295	11.4774	1546.974	0.592	0.8088
2.522	 3	83.8	10.13	0.0001	1055.318	1.7188	11.5784	1813.853	0.5982	0.8175
2.532	 3	84.8	10.125	0.0001	1041.774	1.7419	11.4413	1814.616	0.5848	0.8192
2.542	 3	85.8	10.119	0.0001	994.0079	1.7539	10.8131	1743.383	0.5778	0.8197
2.552	 3	86.8	10.109	0.0001	988.9454	1.7653	10.2072	1745.74	0.5712	0.8275
2.562	 3	87.8	10.114	0.0001	1104.028	1.7521	10.2693	1934.334	0.5788	0.8271
2.572	 3	88.8	10.115	0.0001	1101.012	1.7421	10.3252	1918.068	0.5846	0.8196
2.582	 3	89.8	10.11	0.0002	1029.217	1.7516	9.7127	1802.745	0.5791	0.8203
2.592	 3	90.8	10.109	0.0001	892.6269	1.7229	9.296	1537.928	0.5958	0.8117
2.602	 3	91.8	10.114	0.0001	891.8871	1.7288	9.2514	1541.858	0.5924	0.8142
2.612	 3	92.8	10.115	0.0001	894.025	1.7412	9.1826	1556.684	0.5851	0.8124
2.622	 3	93.8	10.118	0.0001	1010.587	1.7428	8.5937	1761.212	0.5842	0.8079
2.632	 3	94.8	10.12	0.0001	1015.758	1.7095	8.7557	1736.472	0.6035	0.8061
2.642	 3	95.8	10.115	0.0002	1036.054	1.7222	8.1235	1784.284	0.5962	0.8085
2.652	 3	96.8	10.125	0.0001	1030.115	1.717	8.1247	1768.73	0.5992	0.8089
2.662	 3	97.8	10.125	0.0002	1018.304	1.7451	7.994	1777.053	0.5829	0.8153
2.672	 3	98.8	10.13	0.0001	995.7731	1.7249	7.4994	1717.573	0.5946	0.8153
2.682	 3	99.8	10.135	0.0001	890.1282	1.7237	7.4937	1534.334	0.5953	0.8172
2.692	 3	100.8	10.144	0.0001	1033.625	1.7104	7.5329	1767.867	0.603	0.8144
2.702	 3	101.8	10.145	0.0001	896.1223	1.7331	7.4318	1553.087	0.5898	0.8102
2.712	 3	102.8	10.15	0.0001	1102.302	1.7405	6.8213	1918.575	0.5855	0.8129
2.722	 3	103.8	10.16	0.0002	1103.269	1.7435	6.7901	1923.596	0.5838	0.82
2.732	 3	104.8	10.165	0.0002	1103.093	1.7344	6.8162	1913.214	0.5891	0.822
2.742	 3	105.8	10.165	0.0001	899.4779	1.7236	6.859	1550.317	0.5954	0.8214
2.752	 3	106.8	10.165	0.0002	1317.392	1.7181	6.8811	2263.354	0.5986	0.8192
2.762	 3	107.8	10.165	0.0004	1309.416	1.7321	6.8254	2267.983	0.5905	0.8193
2.772	 3	108.8	10.16	0.0004	1304.404	1.7285	6.2784	2254.675	0.5925	0.8152
2.782	 3	109.8	10.165	0.0011	1299.374	1.7198	6.3013	2234.657	0.5976	0.8109
2.792	 3	110.8	10.169	0.0007	1300.384	1.7194	6.2955	2235.891	0.5978	0.8052
2.802	 3	111.8	10.17	0.0006	1297.525	1.7178	6.8724	2228.875	0.5987	0.8031
2.812	 3	112.8	10.175	0.0006	1521.609	1.7181	6.2896	2614.284	0.5985	0.7966
2.822	 3	113.8	10.18	0.0011	1518.27	1.7089	6.3145	2594.563	0.6039	0.7974
2.832	 3	114.8	10.18	0.001	1515.332	1.7034	6.3347	2581.292	0.607	0.7966
2.842	 3	115.8	10.185	0.0016	1517.657	1.717	6.2758	2605.814	0.5992	0.7939
2.852	 3	116.8	10.19	0.0016	1510.301	1.7162	6.27	2591.91	0.5997	0.792
2.862	 3	117.8	10.19	0.0015	1517.272	1.7064	6.8793	2589.007	0.6054	0.7839
2.872	 3	118.8	10.195	0.0027	1515.309	1.7214	6.242	2608.469	0.5966	0.7778
2.882	 3	119.8	10.199	0.0017	1514.553	1.721	6.2364	2606.586	0.5969	0.7649
2.892	 3	120.8	10.2	0.0014	1514.927	1.7013	6.3071	2577.27	0.6083	0.7643
2.902	 3	121.8	10.205	0.0027	1519.279	1.7215	6.2242	2615.395	0.5966	0.7639
2.912	 3	122.8	10.21	0.0025	1513.938	1.7186	6.7918	2601.841	0.5983	0.8163
2.922	 3	123.8	10.219	0.0016	1514.375	1.7302	6.1682	2620.223	0.5915	0.8246
2.932	 3	124.8	10.223	0.001	1518.793	1.7029	6.2603	2586.279	0.6074	0.8297
2.942	 3	125.8	10.233	0.002	1517.124	1.6989	6.2572	2577.442	0.6097	0.8283
2.952	 3	126.8	10.243	0.0036	1515.909	1.7041	6.2205	2583.278	0.6067	0.8247
2.962	 3	127.8	10.253	0.0018	1512.688	1.7099	6.1819	2586.601	0.6033	0.8205
2.972	 3	128.8	10.263	0.0016	1514.387	1.7193	6.131	2603.694	0.5979	0.8155
2.982	 3	129.8	10.268	0.0023	1516.243	1.7017	6.1858	2580.165	0.6081	0.8168
2.992	 3	130.8	10.273	0.0027	1514.968	1.7138	6.1333	2596.424	0.601	0.815
3.002	 3	131.8	10.278	0.0019	1519.29	1.7101	6.138	2598.158	0.6032	0.8225
3.012	 3	132.8	10.299	0.0023	1521.495	1.704	6.1238	2592.67	0.6067	0.8206
3.022	 3	133.8	10.416	0.0019	1525.036	1.6837	6.5446	2567.776	0.6185	0.8192
3.032	 3	134.8	10.484	0.0003	1408.572	1.6899	5.8665	2380.413	0.6149	0.8212
3.042	 3	135.8	10.53	0.0	108.3044	1.7117	5.7197	185.3798	0.6023	0.8358
3.052	 3	136.8	10.525	0.0	108.2529	1.7229	5.1729	186.505	0.5958	0.8652
3.062	 3	137.8	10.507	0.0	108.0678	1.7348	5.6788	187.4791	0.5888	0.9294
3.072	 3	138.8	10.51	0.0003	1541.282	1.7058	5.2462	2629.095	0.6057	1.0682
3.082	 3	139.8	10.496	0.0004	1523.588	1.7157	4.7122	2614.052	0.5999	1.3695
3.092	 3	140.8	10.475	0.0006	1550.703	1.5994	5.0842	2480.13	0.6674	2.0217
3.102	 3	141.8	10.43	0.0002	1258.142	1.58	4.0526	1987.896	0.6786	3.4502
3.112	 3	142.8	10.394	0.0	106.9056	0.6498	8.5314	69.4636	1.2182	5.4452
3.122	 4	0.9	10.281	0.0	105.7433	0.2559	14.9024	27.0615	1.4467	7.3408
3.132	 4	1.9	10.177	0.0	104.6736	0.2626	14.9543	27.4892	1.4428	8.5264
3.142	 4	2.9	10.091	0.0	103.7891	0.2632	7.6446	27.3216	1.4424	11.3474
3.152	 4	3.9	10.056	0.0	103.4291	0.2631	7.7248	27.2162	1.4425	15.8496
3.162	 4	4.9	10.056	0.0	103.4291	0.2685	7.5709	27.7693	1.4394	24.8008
3.172	 4	5.9	10.054	0.0	103.4086	0.271	7.5046	28.0253	1.4379	40.465
3.182	 4	6.9	10.052	0.0	103.388	0.2674	3.8045	27.651	1.44	68.7545
3.192	 4	7.9	10.051	0.0	103.3777	0.2599	3.9158	26.87	1.4444	96.8429
3.202	 4	8.9	10.052	0.0	103.388	0.264	3.8539	27.2968	1.442	185.0448
3.212	 4	9.9	10.051	0.0	103.3777	0.2706	7.5239	27.9691	1.4382	227.8735
3.222	 4	10.9	10.052	0.0	103.388	0.2644	3.8478	27.3402	1.4417	6339.433
3.232	 4	11.9	10.051	0.0	103.3777	0.2648	3.8432	27.3774	1.4415	2825.485
