Geotek MSCL 7.9 - TN336_JPC33-38.out created at 2:34:33 on 1/25/2016.


Processing Parameters

CT	RCT=11.45	W=1.27
PWAmp	A=1	B=0
PWVel	PTO=26.43
Den1	A=7.1605E-04	B=-.096198	C=9.839
MS1	A=1	B=0	Den=0	LD=14	
FP	MGD=2.75	WD=1.026	
RES	A=513.1992	B=-1.077428	p=0	


SB DEPTH	SECT NUM	SECT DEPTH	CT	PWAmp	PWVel	Den1	MS1	Imp	FP	RES
m		cm	cm		m/s	g/cc	SI x 10^-5			Ohm.m

-0.638	before cal		10.497	0.0						66.3206
-0.578	cal sect	6.0	10.456	0.01	1488.822	1.1542	-0.9082		0.9256	14.0148
-0.518	cal sect	12.0	10.223	0.0298	1469.033	1.1654	-0.9691	1712.052	0.9191	13.6961
-0.458	cal sect	18.0	10.23	0.0275	1468.983	1.1268	-0.9672	1655.231	0.9415	12.5285
-0.398	cal sect	24.0	10.486	0.0022	1484.428	1.1161	-1.8016	1656.817	0.9477	10.5056
-0.338	cal sect	30.0	10.637	0.0133	1490.402	1.1124	-0.8646	1657.86	0.9499	3.6224
-0.278	cal sect	36.0	10.497	0.008	1500.429	1.1553	-1.7961	1733.423	0.925	0.5312
-0.218	cal sect	42.0	10.247	0.0037	1498.099	1.174	-0.9626	1758.732	0.9142	0.39
-0.158	cal sect	48.0	10.166	0.0243	1491.491	1.1533	-0.9849	1720.131	0.9262	0.3916
-0.098	cal sect	54.0	10.268	0.0114	1489.843	1.1496	-0.9569	1712.665	0.9283	0.3914
-0.038	cal sect	60.0	10.441	0.0119	1499.928	1.1455	2.736	1718.178	0.9307	0.5528
0.002	 1	0.2	10.789	0.0	110.9329	1.1767	10.792	130.5379	0.9126	1.3483
0.012	 1	1.2	10.784	0.0	110.8815	1.4883	14.1313	165.0248	0.7318	1.0922
0.022	 1	2.2	10.823	0.0001	1448.474	1.4795	15.6317	2143.068	0.7369	0.8524
0.032	 1	3.2	10.808	0.0	111.1282	1.4921	16.5198	165.8152	0.7296	0.7228
0.042	 1	4.2	10.738	0.0	110.4085	1.4886	18.5126	164.356	0.7317	0.6448
0.052	 1	5.2	10.308	0.0008	1527.79	1.5767	20.8179	2408.942	0.6805	0.6015
0.062	 1	6.2	10.257	0.0015	1502.197	1.5604	21.1176	2343.956	0.6901	0.5777
0.072	 1	7.2	10.2	0.0019	1496.259	1.5839	21.4598	2369.854	0.6764	0.565
0.082	 1	8.2	10.178	0.0065	1489.972	1.5803	20.6124	2354.548	0.6785	0.5581
0.092	 1	9.2	10.144	0.0083	1486.954	1.5752	21.8036	2342.295	0.6814	0.5496
0.102	 1	10.2	10.148	0.0131	1483.843	1.5861	20.7888	2353.458	0.6751	0.5459
0.112	 1	11.2	10.148	0.0086	1483.409	1.5766	20.7888	2338.676	0.6807	0.5484
0.122	 1	12.2	10.144	0.009	1482.391	1.5647	20.8125	2319.534	0.6875	0.552
0.132	 1	13.2	10.144	0.0148	1479.58	1.5642	20.8125	2314.322	0.6878	0.5601
0.142	 1	14.2	10.148	0.0065	1484.06	1.5768	20.7888	2340.115	0.6805	0.5642
0.152	 1	15.2	10.15	0.0014	1512.893	1.5785	20.777	2388.059	0.6795	0.5717
0.162	 1	16.2	10.154	0.0017	1534.069	1.6222	20.7534	2488.614	0.6542	0.5792
0.172	 1	17.2	10.159	0.0011	1537.146	1.6328	21.7108	2509.879	0.648	0.5842
0.182	 1	18.2	10.163	0.0048	1518.225	1.6381	21.6861	2486.941	0.645	0.5848
0.192	 1	19.2	10.167	0.0118	1506.222	1.6345	20.6769	2461.873	0.6471	0.5857
0.202	 1	20.2	10.169	0.0077	1517.308	1.6688	21.6492	2532.095	0.6271	0.587
0.212	 1	21.2	10.169	0.0061	1527.335	1.5714	20.6651	2399.99	0.6837	0.5865
0.222	 1	22.2	10.178	0.0023	1523.425	1.5505	20.6124	2362.054	0.6958	0.5831
0.232	 1	23.2	10.179	0.0021	1522.207	1.561	20.6066	2376.152	0.6897	0.5762
0.242	 1	24.2	10.185	0.0021	1506.211	1.5579	19.592	2346.494	0.6915	0.5643
0.252	 1	25.2	10.19	0.004	1499.853	1.543	20.5424	2314.239	0.7001	0.5558
0.262	 1	26.2	10.195	0.0057	1499.044	1.5931	20.5134	2388.115	0.6711	0.5504
0.272	 1	27.2	10.197	0.0068	1495.6	1.6165	20.5018	2417.709	0.6575	0.5472
0.282	 1	28.2	10.205	0.0071	1506.495	1.5966	20.4554	2405.326	0.669	0.5485
0.292	 1	29.2	10.21	0.0043	1500.147	1.553	21.3992	2329.686	0.6943	0.5521
0.302	 1	30.2	10.21	0.0052	1494.657	1.565	21.3992	2339.208	0.6873	0.556
0.312	 1	31.2	10.21	0.008	1492.254	1.5656	21.3992	2336.272	0.687	0.5709
0.322	 1	32.2	10.209	0.0096	1485.377	1.5512	22.3782	2304.141	0.6954	0.5753
0.332	 1	33.2	10.205	0.0077	1487.609	1.5921	21.4295	2368.418	0.6716	0.5809
0.342	 1	34.2	10.208	0.0119	1491.961	1.6019	22.3846	2389.924	0.666	0.5869
0.352	 1	35.2	10.22	0.0109	1494.152	1.5977	22.3088	2387.215	0.6684	0.5917
0.362	 1	36.2	10.222	0.0106	1498.827	1.6011	22.2962	2399.774	0.6664	0.5999
0.372	 1	37.2	10.222	0.0118	1493.789	1.5596	23.2656	2329.762	0.6905	0.6069
0.382	 1	38.2	10.233	0.0189	1486.059	1.5759	24.16	2341.952	0.681	0.6167
0.392	 1	39.2	10.231	0.0132	1482.539	1.5858	24.1736	2351.001	0.6753	0.6264
0.402	 1	40.2	10.232	0.0138	1488.074	1.5689	25.1334	2334.592	0.6851	0.6318
0.412	 1	41.2	10.234	0.0205	1486.204	1.5887	25.1193	2361.155	0.6736	0.6365
0.422	 1	42.2	10.229	0.0151	1485.478	1.571	25.1547	2333.676	0.6839	0.6368
0.432	 1	43.2	10.228	0.0117	1490.31	1.5979	25.1618	2381.337	0.6683	0.6357
0.442	 1	44.2	10.234	0.0072	1491.185	1.6015	24.1531	2388.147	0.6662	0.6339
0.452	 1	45.2	10.224	0.0082	1492.773	1.5821	24.2213	2361.712	0.6774	0.6335
0.462	 1	46.2	10.218	0.0089	1483.88	1.5766	24.2624	2339.465	0.6806	0.6335
0.472	 1	47.2	10.219	0.0148	1484.672	1.5508	25.2258	2302.41	0.6956	0.6305
0.482	 1	48.2	10.221	0.012	1483.024	1.5865	25.2115	2352.817	0.6749	0.631
0.492	 1	49.2	10.21	0.0149	1484.875	1.5815	25.29	2348.27	0.6778	0.6297
0.502	 1	50.2	10.215	0.0141	1484.738	1.5773	25.2543	2341.92	0.6802	0.6258
0.512	 1	51.2	10.22	0.0161	1484.818	1.5802	26.1886	2346.297	0.6785	0.6242
0.522	 1	52.2	10.23	0.0127	1485.407	1.5862	26.1148	2356.199	0.675	0.6238
0.532	 1	53.2	10.223	0.0101	1483.314	1.6098	27.1356	2387.898	0.6613	0.6279
0.542	 1	54.2	10.228	0.0067	1492.921	1.63	27.0973	2433.454	0.6497	0.6313
0.552	 1	55.2	10.224	0.0083	1491.901	1.6271	28.0968	2427.491	0.6513	0.6351
0.562	 1	56.2	10.229	0.0201	1486.989	1.61	29.0246	2394.125	0.6612	0.6376
0.572	 1	57.2	10.223	0.0162	1488.714	1.6255	28.1047	2419.928	0.6523	0.6458
0.582	 1	58.2	10.224	0.0163	1489.945	1.6158	30.0345	2407.379	0.6579	0.6501
0.592	 1	59.2	10.227	0.0174	1487.564	1.6255	30.0091	2417.982	0.6523	0.6567
0.602	 1	60.2	10.228	0.0137	1493.357	1.6385	30.9684	2446.938	0.6447	0.6596
0.612	 1	61.2	10.218	0.014	1496.266	1.6506	31.0559	2469.704	0.6377	0.6588
0.622	 1	62.2	10.229	0.0255	1496.781	1.6366	30.9596	2449.652	0.6458	0.6596
0.632	 1	63.2	10.229	0.0215	1493.939	1.6569	30.9596	2475.318	0.634	0.6584
0.642	 1	64.2	10.229	0.0185	1494.812	1.6524	29.9921	2470.024	0.6367	0.654
0.652	 1	65.2	10.234	0.0119	1496.418	1.6214	28.9838	2426.342	0.6546	0.6476
0.662	 1	66.2	10.234	0.0197	1494.451	1.6087	28.9838	2404.101	0.662	0.6426
0.672	 1	67.2	10.239	0.0173	1489.309	1.6093	27.9782	2396.805	0.6616	0.6378
0.682	 1	68.2	10.239	0.0186	1486.93	1.5877	27.9782	2360.735	0.6742	0.6341
0.692	 1	69.2	10.244	0.0144	1488.304	1.5994	27.9388	2380.357	0.6674	0.6331
0.702	 1	70.2	10.25	0.0116	1492.429	1.6119	27.8917	2405.707	0.6601	0.6379
0.712	 1	71.2	10.248	0.018	1494.531	1.5877	26.9451	2372.829	0.6742	0.6433
0.722	 1	72.2	10.262	0.0157	1491.57	1.6057	27.7978	2395.063	0.6637	0.681
0.732	 1	73.2	10.267	0.0096	1491.863	1.6433	26.8015	2451.573	0.6419	0.6986
0.742	 1	74.2	10.267	0.0078	1516.544	1.6556	27.7587	2510.773	0.6348	0.6993
0.752	 1	75.2	10.277	0.0208	1509.991	1.6423	27.681	2479.848	0.6425	0.6967
0.762	 1	76.2	10.287	0.0102	1507.032	1.641	26.6516	2473.031	0.6433	0.6916
0.772	 1	77.2	10.292	0.0062	1504.019	1.6196	26.6143	2435.86	0.6557	0.6853
0.782	 1	78.2	10.302	0.0133	1502.187	1.5892	25.5921	2387.329	0.6733	0.6801
0.792	 1	79.2	10.309	0.0136	1502.332	1.553	25.5421	2333.165	0.6943	0.6795
0.802	 1	80.2	10.333	0.0126	1496.235	1.5629	25.3715	2338.483	0.6886	0.6668
0.812	 1	81.2	10.373	0.0123	1502.027	1.5525	25.0908	2331.864	0.6946	0.6618
0.822	 1	82.2	10.393	0.0043	1500.144	1.56	24.9521	2340.176	0.6903	0.6579
0.832	 1	83.2	10.467	0.0021	1507.562	1.5653	23.5427	2359.787	0.6872	0.657
0.842	 1	84.2	10.594	0.0015	1519.507	1.59	22.7414	2415.98	0.6729	0.6617
0.852	 1	85.2	10.657	0.0	109.5757	1.58	23.218	173.1301	0.6787	0.6724
0.862	 1	86.2	10.659	0.0008	1537.208	1.6011	23.2055	2461.243	0.6664	0.6938
0.872	 1	87.2	10.647	0.0048	1525.577	1.5887	24.1428	2423.65	0.6736	0.7299
0.882	 1	88.2	10.601	0.0008	1519.857	1.5976	23.5713	2428.127	0.6684	0.7955
0.892	 1	89.2	10.543	0.0007	1519.164	1.6049	23.9453	2438.156	0.6642	0.9293
0.902	 1	90.2	10.485	0.0019	1536.489	1.6065	24.3277	2468.379	0.6633	1.187
0.912	 1	91.2	10.696	0.0013	1535.017	1.6032	22.9763	2460.902	0.6652	1.5765
0.922	 1	92.2	10.77	0.0007	1454.226	1.1189	22.5274	1627.202	0.9461	1.7874
0.932	 2	0.7	10.826	0.0	111.3133	1.504	22.1959	167.4129	0.7228	1.5768
0.942	 2	1.7	10.857	0.0	111.6321	1.569	22.0153	175.156	0.685	1.1908
0.952	 2	2.7	10.867	0.0001	1381.691	1.5872	21.9575	2193.067	0.6745	0.9272
0.962	 2	3.7	10.844	0.0	111.4984	1.6098	21.2726	179.4869	0.6614	0.7865
0.972	 2	4.7	10.632	0.0	109.3186	1.5468	22.5091	169.0944	0.6979	0.7148
0.982	 2	5.7	10.392	0.0002	1490.747	1.5395	23.1102	2295.062	0.7021	0.6747
0.992	 2	6.7	10.263	0.0002	1491.065	1.5625	23.9569	2329.747	0.6888	0.6473
1.002	 2	7.7	10.205	0.0099	1478.771	1.5661	23.3776	2315.889	0.6867	0.628
1.012	 2	8.7	10.21	0.0188	1476.287	1.5764	24.3173	2327.256	0.6807	0.6134
1.022	 2	9.7	10.183	0.0347	1471.744	1.5742	24.5038	2316.806	0.682	0.6017
1.032	 2	10.7	10.182	0.0313	1475.438	1.5766	23.5303	2326.135	0.6806	0.5951
1.042	 2	11.7	10.188	0.0314	1478.021	1.5996	23.4904	2364.221	0.6673	0.5909
1.052	 2	12.7	10.166	0.0262	1474.829	1.5911	23.6374	2346.636	0.6722	0.5876
1.062	 2	13.7	10.172	0.0187	1477.2	1.556	23.5972	2298.58	0.6926	0.5852
1.072	 2	14.7	10.177	0.0636	1485.693	1.5506	23.5637	2303.778	0.6957	0.5831
1.082	 2	15.7	10.175	0.0858	1487.573	1.5668	24.5595	2330.784	0.6863	0.5816
1.092	 2	16.7	10.181	0.093	1487.798	1.5607	23.537	2321.983	0.6899	0.5788
1.102	 2	17.7	10.183	0.1204	1488.525	1.5571	24.5038	2317.767	0.6919	0.5788
1.112	 2	18.7	10.184	0.0625	1487.149	1.5799	24.4969	2349.534	0.6787	0.5798
1.122	 2	19.7	10.195	0.0388	1496.624	1.6085	24.4207	2407.316	0.6621	0.581
1.132	 2	20.7	10.205	0.0715	1493.706	1.6293	24.3517	2433.638	0.6501	0.5837
1.142	 2	21.7	10.211	0.0255	1483.941	1.61	24.3104	2389.149	0.6613	0.5903
1.152	 2	22.7	10.227	0.0194	1485.403	1.5864	24.2009	2356.465	0.6749	0.5922
1.162	 2	23.7	10.231	0.0332	1485.552	1.604	24.1736	2382.803	0.6647	0.5904
1.172	 2	24.7	10.231	0.0445	1486.416	1.5886	25.1405	2361.344	0.6737	0.5877
1.182	 2	25.7	10.231	0.0388	1485.768	1.6097	25.1405	2391.691	0.6614	0.5881
1.192	 2	26.7	10.235	0.0366	1488.078	1.5715	25.1122	2338.458	0.6836	0.5897
1.202	 2	27.7	10.225	0.0129	1473.98	1.5661	24.2145	2308.347	0.6867	0.5921
1.212	 2	28.7	10.231	0.0108	1483.829	1.555	25.1405	2307.311	0.6932	0.592
1.222	 2	29.7	10.23	0.0207	1485.407	1.5792	24.1804	2345.766	0.6791	0.5931
1.232	 2	30.7	10.23	0.0219	1484.545	1.5939	24.1804	2366.172	0.6706	0.5966
1.242	 2	31.7	10.23	0.0234	1485.839	1.6016	24.1804	2379.666	0.6661	0.6007
1.252	 2	32.7	10.234	0.0147	1486.852	1.6061	24.1531	2388.028	0.6635	0.6036
1.262	 2	33.7	10.235	0.0207	1485.055	1.5903	24.1463	2361.619	0.6727	0.6085
1.272	 2	34.7	10.239	0.0086	1478.983	1.5815	25.0839	2338.956	0.6778	0.6152
1.282	 2	35.7	10.236	0.0079	1481.331	1.5992	25.1051	2368.941	0.6675	0.6203
1.292	 2	36.7	10.237	0.0075	1483.623	1.6022	25.098	2377.039	0.6658	0.6308
1.302	 2	37.7	10.235	0.0086	1483.333	1.614	25.1122	2394.121	0.6589	0.6445
1.312	 2	38.7	10.232	0.0072	1478.185	1.6099	26.1001	2379.678	0.6613	0.6574
1.322	 2	39.7	10.24	0.0157	1482.983	1.6121	27.0058	2390.672	0.6601	0.6677
1.332	 2	40.7	10.242	0.0108	1485.424	1.5997	26.9906	2376.214	0.6672	0.6713
1.342	 2	41.7	10.233	0.0122	1486.059	1.6126	27.0591	2396.409	0.6597	0.6788
1.352	 2	42.7	10.248	0.0163	1489.535	1.6108	26.9451	2399.358	0.6608	0.6798
1.362	 2	43.7	10.249	0.0162	1493.588	1.6489	27.8995	2462.737	0.6387	0.6838
1.372	 2	44.7	10.249	0.0146	1495.986	1.6486	27.8995	2466.243	0.6389	0.6844
1.382	 2	45.7	10.249	0.0156	1507.649	1.6755	28.8616	2526.14	0.6232	0.6874
1.392	 2	46.7	10.249	0.0104	1514.78	1.6976	28.8616	2571.444	0.6105	0.6888
1.402	 2	47.7	10.256	0.0169	1515.814	1.6466	27.8447	2495.867	0.6401	0.689
1.412	 2	48.7	10.259	0.0289	1493.521	1.6079	27.8212	2401.479	0.6625	0.6857
1.422	 2	49.7	10.253	0.0299	1488.099	1.6043	27.8682	2387.309	0.6646	0.6816
1.432	 2	50.7	10.243	0.0352	1486.863	1.6104	26.983	2394.507	0.661	0.678
1.442	 2	51.7	10.246	0.0331	1488.595	1.6088	25.9974	2394.877	0.6619	0.6726
1.452	 2	52.7	10.255	0.0248	1489.903	1.6155	26.8921	2406.936	0.6581	0.6687
1.462	 2	53.7	10.263	0.0147	1492.149	1.6099	26.8317	2402.209	0.6613	0.6661
1.472	 2	54.7	10.272	0.0103	1482.893	1.6073	26.764	2383.506	0.6628	0.6694
1.482	 2	55.7	10.283	0.0074	1478.505	1.6166	26.6815	2390.169	0.6574	0.6673
1.492	 2	56.7	10.293	0.0125	1486.354	1.5983	25.6566	2375.668	0.668	0.6642
1.502	 2	57.7	10.297	0.0121	1485.644	1.5957	26.5771	2370.641	0.6695	0.6621
1.512	 2	58.7	10.298	0.0066	1484.289	1.6131	26.5697	2394.302	0.6595	0.6633
1.522	 2	59.7	10.297	0.0091	1486.717	1.606	26.5771	2387.702	0.6636	0.6625
1.532	 2	60.7	10.296	0.0115	1485.714	1.6198	26.5845	2406.58	0.6556	0.6619
1.542	 2	61.7	10.297	0.0132	1487.576	1.6101	25.6279	2395.095	0.6612	0.6638
1.552	 2	62.7	10.296	0.0183	1487.431	1.6079	26.5845	2391.656	0.6625	0.6651
1.562	 2	63.7	10.292	0.0133	1485.566	1.608	26.6143	2388.727	0.6624	0.6679
1.572	 2	64.7	10.292	0.0117	1486.639	1.6411	26.6143	2439.709	0.6432	0.6722
1.582	 2	65.7	10.287	0.0112	1490.222	1.6082	26.6516	2396.518	0.6623	0.6776
1.592	 2	66.7	10.282	0.0098	1492.091	1.637	26.689	2442.608	0.6456	0.683
1.602	 2	67.7	10.279	0.0091	1493.824	1.6272	27.6654	2430.724	0.6513	0.6868
1.612	 2	68.7	10.272	0.0182	1498.906	1.6374	27.7198	2454.374	0.6453	0.6892
1.622	 2	69.7	10.261	0.0165	1490.991	1.6557	27.8056	2468.562	0.6348	0.6935
1.632	 2	70.7	10.262	0.0072	1490.27	1.6814	27.7978	2505.781	0.6198	0.6966
1.642	 2	71.7	10.257	0.0055	1505.504	1.7245	27.8368	2596.218	0.5948	0.6944
1.652	 2	72.7	10.257	0.0031	1514.395	1.695	26.877	2566.891	0.612	0.6934
1.662	 2	73.7	10.252	0.0072	1505.875	1.6427	26.9148	2473.731	0.6423	0.6891
1.672	 2	74.7	10.246	0.0083	1487.515	1.6464	25.9974	2448.993	0.6402	0.6838
1.682	 2	75.7	10.239	0.0062	1483.698	1.6297	26.0487	2418.001	0.6498	0.6791
1.692	 2	76.7	10.239	0.0069	1483.698	1.6241	26.0487	2409.739	0.653	0.6795
1.702	 2	77.7	10.229	0.0075	1487.206	1.6605	26.1222	2469.548	0.6319	0.6794
1.712	 2	78.7	10.219	0.0101	1489.65	1.6465	26.196	2452.757	0.6401	0.6796
1.722	 2	79.7	10.211	0.0087	1489.135	1.6616	26.2553	2474.408	0.6313	0.6799
1.732	 2	80.7	10.209	0.0158	1489.278	1.6395	25.2971	2441.706	0.6441	0.6802
1.742	 2	81.7	10.199	0.0155	1481.551	1.645	25.3688	2437.139	0.641	0.6783
1.752	 2	82.7	10.195	0.0126	1482.693	1.6474	24.4207	2442.624	0.6395	0.6766
1.762	 2	83.7	10.184	0.0129	1482.172	1.6391	24.4969	2429.435	0.6444	0.6767
1.772	 2	84.7	10.179	0.0176	1482.307	1.6435	24.5316	2436.119	0.6418	0.6728
1.782	 2	85.7	10.175	0.0193	1483.236	1.6684	24.5595	2474.676	0.6274	0.6728
1.792	 2	86.7	10.176	0.015	1485.547	1.6469	24.5525	2446.58	0.6398	0.67
1.802	 2	87.7	10.187	0.0168	1485.852	1.6434	24.4761	2441.791	0.6419	0.6672
1.812	 2	88.7	10.199	0.0199	1482.628	1.6636	24.393	2466.494	0.6302	0.6668
1.822	 2	89.7	10.193	0.0195	1486.293	1.6594	24.4345	2466.412	0.6326	0.6674
1.832	 2	90.7	10.199	0.0227	1487.385	1.6364	23.4173	2433.956	0.6459	0.6684
1.842	 2	91.7	10.205	0.0342	1489.563	1.6569	23.3776	2468.035	0.6341	0.6715
1.852	 2	92.7	10.205	0.0257	1483.716	1.6539	23.3776	2453.889	0.6358	0.668
1.862	 2	93.7	10.206	0.0149	1486.022	1.6519	23.371	2454.789	0.6369	0.6737
1.872	 2	94.7	10.222	0.0235	1490.522	1.6292	23.2656	2428.344	0.6501	0.6757
1.882	 2	95.7	10.221	0.014	1484.963	1.6444	23.2722	2441.907	0.6413	0.6783
1.892	 2	96.7	10.204	0.0135	1489.853	1.6394	24.3586	2442.522	0.6442	0.6782
1.902	 2	97.7	10.215	0.0204	1499.56	1.6631	23.3116	2493.929	0.6304	0.6742
1.912	 2	98.7	10.214	0.0385	1498.533	1.6645	23.3182	2494.282	0.6297	0.6724
1.922	 2	99.7	10.211	0.0222	1494.365	1.6469	22.3656	2461.112	0.6398	0.6708
1.932	 2	100.7	10.202	0.0186	1491.302	1.6204	23.3975	2416.502	0.6552	0.6691
1.942	 2	101.7	10.207	0.0196	1483.36	1.6363	23.3644	2427.217	0.646	0.6661
1.952	 2	102.7	10.196	0.0214	1488.685	1.6523	22.4607	2459.814	0.6367	0.6631
1.962	 2	103.7	10.201	0.0215	1489.85	1.6605	23.4041	2473.969	0.6319	0.6586
1.972	 2	104.7	10.2	0.0312	1492.756	1.6904	23.4107	2523.363	0.6146	0.6587
1.982	 2	105.7	10.204	0.0099	1497.066	1.6777	22.4099	2511.642	0.622	0.6558
1.992	 2	106.7	10.2	0.0169	1491.446	1.6768	22.4353	2500.908	0.6225	0.6605
2.002	 2	107.7	10.203	0.0094	1487.535	1.6669	21.4416	2479.548	0.6283	0.6638
2.012	 2	108.7	10.199	0.0105	1489.122	1.6335	21.4659	2432.411	0.6476	0.6694
2.022	 2	109.7	10.199	0.0169	1486.301	1.6672	21.4659	2478.013	0.6281	0.6644
2.032	 2	110.7	10.201	0.0072	1482.919	1.6429	20.4786	2436.266	0.6422	0.6623
2.042	 2	111.7	10.201	0.0133	1482.488	1.6136	19.5034	2392.144	0.6592	0.6569
2.052	 2	112.7	10.199	0.0101	1483.275	1.6119	19.5144	2390.886	0.6602	0.6541
2.062	 2	113.7	10.201	0.0188	1491.156	1.6241	20.4786	2421.713	0.6531	0.6496
2.072	 2	114.7	10.205	0.0262	1485.876	1.5938	19.4813	2368.186	0.6707	0.6467
2.082	 2	115.7	10.199	0.0286	1479.832	1.6001	19.5144	2367.937	0.667	0.6464
2.092	 2	116.7	10.2	0.024	1480.192	1.6178	19.5089	2394.67	0.6567	0.6444
2.102	 2	117.7	10.2	0.029	1481.697	1.6219	19.5089	2403.132	0.6544	0.6434
2.112	 2	118.7	10.2	0.0249	1478.904	1.6115	19.5089	2383.18	0.6604	0.6417
2.122	 2	119.7	10.205	0.025	1480.917	1.6109	18.5073	2385.682	0.6607	0.6374
2.132	 2	120.7	10.218	0.0272	1480.44	1.6135	18.4394	2388.712	0.6592	0.6296
2.142	 2	121.7	10.22	0.0231	1482.448	1.5934	19.399	2362.195	0.6709	0.626
2.152	 2	122.7	10.222	0.0299	1482.094	1.6022	18.4186	2374.677	0.6658	0.6231
2.162	 2	123.7	10.232	0.0287	1482.254	1.6104	18.3667	2387.083	0.661	0.6247
2.172	 2	124.7	10.232	0.0472	1485.266	1.6013	18.3667	2378.284	0.6663	0.6297
2.182	 2	125.7	10.242	0.045	1484.348	1.5855	18.3151	2353.433	0.6755	0.6311
2.192	 2	126.7	10.248	0.0517	1481.567	1.5798	18.2842	2340.57	0.6788	0.6287
2.202	 2	127.7	10.247	0.04	1480.566	1.6038	19.2519	2374.491	0.6649	0.6282
2.212	 2	128.7	10.243	0.0347	1484.278	1.6209	18.3099	2405.841	0.6549	0.6361
2.222	 2	129.7	10.255	0.0411	1487.31	1.6031	18.2482	2384.298	0.6653	0.6654
2.232	 2	130.7	10.258	0.0392	1481.514	1.5794	19.1924	2339.865	0.679	0.6704
2.242	 2	131.7	10.262	0.0339	1481.663	1.5886	19.1709	2353.795	0.6737	0.6734
2.252	 2	132.7	10.267	0.0219	1480.462	1.5907	18.1868	2354.933	0.6725	0.6761
2.262	 2	133.7	10.282	0.0233	1483.48	1.5844	19.0636	2350.422	0.6761	0.6786
2.272	 2	134.7	10.287	0.0216	1479.292	1.5848	19.0369	2344.317	0.6759	0.6769
2.282	 2	135.7	10.292	0.0156	1483.425	1.5979	19.0102	2370.369	0.6683	0.6753
2.292	 2	136.7	10.302	0.029	1486.366	1.6035	19.905	2383.413	0.665	0.6765
2.302	 2	137.7	10.308	0.0276	1485.731	1.5737	19.8716	2338.048	0.6823	0.6763
2.312	 2	138.7	10.328	0.0078	1481.141	1.598	19.7609	2366.934	0.6682	0.6765
2.322	 2	139.7	10.373	0.0045	1479.743	1.5688	19.5151	2321.453	0.6851	0.6759
2.332	 2	140.7	10.457	0.0026	1493.004	1.5699	19.9755	2343.836	0.6845	0.6738
2.342	 2	141.7	10.576	0.0002	1456.749	1.553	18.4578	2262.402	0.6943	0.6746
2.352	 2	142.7	10.557	0.0002	1483.35	1.5803	19.4368	2344.192	0.6785	0.6796
2.362	 2	143.7	10.6	0.0011	1503.759	1.5782	20.0847	2373.22	0.6797	0.6931
2.372	 2	144.7	10.618	0.0011	1504.605	1.5767	19.1182	2372.243	0.6806	0.7201
2.382	 2	145.7	10.591	0.0021	1499.929	1.5855	20.1337	2378.196	0.6754	0.7786
2.392	 2	146.7	10.547	0.0013	1510.599	1.6058	20.3757	2425.692	0.6637	0.913
2.402	 2	147.7	10.509	0.0035	1523.264	1.587	20.588	2417.394	0.6746	1.1876
2.412	 2	148.7	10.716	0.0	110.1823	1.5575	19.468	171.6034	0.6917	1.5975
2.422	 2	149.7	10.788	0.0	110.9226	1.1849	19.9289	131.4337	0.9078	1.8643
2.432	 3	0.8	10.789	0.0	110.9329	1.4714	19.9237	163.2311	0.7416	1.699
2.442	 3	1.8	10.85	0.0	111.5601	1.5715	21.239	175.3158	0.6836	1.3518
2.452	 3	2.8	10.884	0.0	111.9097	1.5804	21.0501	176.8619	0.6784	1.087
2.462	 3	3.8	10.846	0.0	111.519	1.5947	22.0791	177.8391	0.6701	0.9205
2.472	 3	4.8	10.656	0.0	109.5654	1.613	24.0844	176.7322	0.6595	0.8231
2.482	 3	5.8	10.404	0.0007	1490.331	1.6419	24.8763	2446.905	0.6428	0.7664
2.492	 3	6.8	10.274	0.0052	1479.551	1.6416	26.7489	2428.802	0.6429	0.7331
2.502	 3	7.8	10.194	0.0205	1497.796	1.6821	26.3818	2519.478	0.6194	0.7139
2.512	 3	8.8	10.172	0.0176	1484.097	1.6741	26.5468	2484.525	0.6241	0.7118
2.522	 3	9.8	10.158	0.0192	1484.654	1.6822	26.6526	2497.528	0.6194	0.7163
2.532	 3	10.8	10.16	0.0182	1486.467	1.6409	26.6374	2439.15	0.6433	0.7159
2.542	 3	11.8	10.159	0.0203	1484.583	1.6548	26.645	2456.625	0.6353	0.7163
2.552	 3	12.8	10.161	0.0304	1483.574	1.6701	26.6299	2477.749	0.6264	0.7139
2.562	 3	13.8	10.163	0.019	1481.055	1.6607	26.6147	2459.611	0.6318	0.7112
2.572	 3	14.8	10.175	0.0153	1486.052	1.6552	27.5066	2459.641	0.6351	0.7061
2.582	 3	15.8	10.176	0.0184	1487.937	1.6698	27.4988	2484.536	0.6266	0.6998
2.592	 3	16.8	10.187	0.0314	1489.11	1.6472	27.4132	2452.902	0.6397	0.6977
2.602	 3	17.8	10.2	0.0412	1486.664	1.6436	28.2879	2443.541	0.6417	0.699
2.612	 3	18.8	10.206	0.0288	1486.239	1.6439	27.2662	2443.172	0.6416	0.7
2.622	 3	19.8	10.214	0.0312	1484.377	1.6402	28.1762	2434.678	0.6437	0.7069
2.632	 3	20.8	10.221	0.0404	1488.856	1.6561	28.1206	2465.688	0.6345	0.7105
2.642	 3	21.8	10.226	0.0335	1490.019	1.6439	29.0492	2449.467	0.6416	0.713
2.652	 3	22.8	10.23	0.0326	1488.866	1.646	29.0165	2450.606	0.6404	0.7155
2.662	 3	23.8	10.226	0.0309	1492.629	1.6849	29.0492	2514.885	0.6178	0.7134
2.672	 3	24.8	10.242	0.0272	1497.587	1.7187	29.8825	2573.859	0.5982	0.7074
2.682	 3	25.8	10.235	0.0215	1512.934	1.7589	29.9415	2661.119	0.5749	0.7009
2.692	 3	26.8	10.231	0.01	1522.244	1.7513	29.9752	2665.967	0.5793	0.6963
2.702	 3	27.8	10.231	0.0313	1515.704	1.7018	29.0083	2579.444	0.608	0.6946
2.712	 3	28.8	10.226	0.0298	1495.029	1.6781	29.0492	2508.79	0.6218	0.6915
2.722	 3	29.8	10.228	0.0245	1486.412	1.6698	29.0328	2482.012	0.6266	0.6875
2.732	 3	30.8	10.232	0.0193	1481.825	1.6441	29.0001	2436.331	0.6414	0.6859
2.742	 3	31.8	10.22	0.018	1490.665	1.6413	29.0984	2446.65	0.6431	0.6819
2.752	 3	32.8	10.222	0.0357	1484.03	1.6626	29.082	2467.311	0.6308	0.6771
2.762	 3	33.8	10.225	0.0203	1484.897	1.6497	29.0574	2449.705	0.6382	0.6735
2.772	 3	34.8	10.221	0.0315	1485.61	1.6673	29.0902	2476.942	0.628	0.6724
2.782	 3	35.8	10.226	0.0128	1481.814	1.6607	29.0492	2460.869	0.6318	0.6742
2.792	 3	36.8	10.233	0.009	1485.196	1.685	28.9919	2502.487	0.6178	0.6777
2.802	 3	37.8	10.233	0.0176	1487.355	1.6693	28.0255	2482.826	0.6269	0.6808
2.812	 3	38.8	10.233	0.0122	1487.355	1.6494	28.9919	2453.176	0.6384	0.6879
2.822	 3	39.8	10.233	0.0143	1488.004	1.6321	28.0255	2428.629	0.6484	0.6923
2.832	 3	40.8	10.238	0.0324	1492.637	1.6384	27.9861	2445.58	0.6448	0.6962
2.842	 3	41.8	10.245	0.0337	1489.099	1.6305	27.931	2428.008	0.6493	0.7021
2.852	 3	42.8	10.241	0.0229	1482.27	1.6209	27.9624	2402.623	0.6549	0.7073
2.862	 3	43.8	10.241	0.0196	1485.064	1.63	28.9267	2420.627	0.6497	0.7159
2.872	 3	44.8	10.245	0.0182	1487.585	1.645	28.8941	2447.129	0.6409	0.7191
2.882	 3	45.8	10.245	0.0243	1486.29	1.6388	28.8941	2435.718	0.6446	0.7222
2.892	 3	46.8	10.245	0.0276	1486.075	1.6492	28.8941	2450.861	0.6385	0.7181
2.902	 3	47.8	10.251	0.0197	1488.456	1.6558	28.8454	2464.526	0.6347	0.7199
2.912	 3	48.8	10.247	0.0251	1488.092	1.6417	28.8779	2443.054	0.6428	0.7191
2.922	 3	49.8	10.25	0.0323	1488.311	1.641	28.8535	2442.257	0.6433	0.7217
2.932	 3	50.8	10.255	0.0148	1485.156	1.6319	29.7734	2423.587	0.6486	0.7188
2.942	 3	51.8	10.249	0.0263	1487.518	1.6066	28.8616	2389.875	0.6632	0.7198
2.952	 3	52.8	10.27	0.0276	1484.104	1.6404	29.6482	2434.576	0.6436	0.7172
2.962	 3	53.8	10.259	0.0206	1483.586	1.6389	29.7399	2431.487	0.6445	0.7164
2.972	 3	54.8	10.256	0.0216	1487.67	1.6261	30.7252	2419.147	0.6519	0.7155
2.982	 3	55.8	10.241	0.0229	1487.22	1.6583	30.8551	2466.23	0.6332	0.7183
2.992	 3	56.8	10.251	0.0185	1489.754	1.6752	30.7684	2495.67	0.6234	0.7243
3.002	 3	57.8	10.26	0.021	1491.279	1.661	30.6906	2476.942	0.6317	0.7301
3.012	 3	58.8	10.256	0.0231	1495.262	1.6735	31.6853	2502.299	0.6244	0.7339
3.022	 3	59.8	10.265	0.0309	1495.919	1.6583	31.6053	2480.724	0.6332	0.7396
3.032	 3	60.8	10.262	0.0345	1489.405	1.6361	31.6319	2436.779	0.6461	0.7422
3.042	 3	61.8	10.268	0.0325	1490.492	1.66	31.5787	2474.157	0.6323	0.7459
3.052	 3	62.8	10.267	0.0156	1489.698	1.6586	31.5875	2470.826	0.6331	0.7483
3.062	 3	63.8	10.267	0.0292	1492.73	1.6785	31.5875	2505.473	0.6215	0.7528
3.072	 3	64.8	10.267	0.0213	1497.302	1.6745	30.6303	2507.16	0.6239	0.7532
3.082	 3	65.8	10.261	0.0291	1507.862	1.7012	31.6408	2565.225	0.6083	0.7533
3.092	 3	66.8	10.264	0.0117	1514.088	1.6998	29.6982	2573.635	0.6092	0.7483
3.102	 3	67.8	10.255	0.0179	1534.95	1.7348	28.8129	2662.886	0.5888	0.7424
3.112	 3	68.8	10.248	0.0079	1532.755	1.7432	26.9451	2671.884	0.584	0.7386
3.122	 3	69.8	10.249	0.0168	1514.78	1.7111	24.0513	2591.986	0.6026	0.7309
3.132	 3	70.8	10.239	0.0127	1493.219	1.6424	22.1896	2452.498	0.6424	0.7272
3.142	 3	71.8	10.239	0.0207	1486.714	1.646	20.2601	2447.129	0.6404	0.7196
3.152	 3	72.8	10.238	0.0155	1481.192	1.613	18.3357	2389.107	0.6595	0.7087
3.162	 3	73.8	10.235	0.0156	1479.046	1.6248	17.3854	2403.123	0.6527	0.7034
3.172	 3	74.8	10.234	0.0229	1478.902	1.6373	16.4241	2421.394	0.6454	0.6938
3.182	 3	75.8	10.23	0.017	1483.899	1.6329	14.5082	2423.077	0.648	0.6891
3.192	 3	76.8	10.226	0.0328	1486.986	1.6577	14.5246	2464.968	0.6336	0.6859
3.202	 3	77.8	10.221	0.018	1482.594	1.6232	13.5754	2406.552	0.6536	0.683
3.212	 3	78.8	10.209	0.0159	1483.219	1.6324	12.6486	2421.268	0.6482	0.6822
3.222	 3	79.8	10.209	0.0131	1481.713	1.6354	11.6756	2423.172	0.6465	0.684
3.232	 3	80.8	10.204	0.0136	1481.632	1.6667	11.6921	2469.467	0.6284	0.6858
3.242	 3	81.8	10.198	0.0117	1481.406	1.6601	11.712	2459.33	0.6322	0.691
3.252	 3	82.8	10.194	0.0124	1481.901	1.6569	11.7252	2455.314	0.6341	0.6906
3.262	 3	83.8	10.189	0.0128	1484.628	1.633	10.7634	2424.391	0.6479	0.696
3.272	 3	84.8	10.183	0.0206	1483.321	1.6635	10.7817	2467.482	0.6302	0.6977
3.282	 3	85.8	10.191	0.0127	1487.086	1.674	10.7573	2489.425	0.6241	0.7041
3.292	 3	86.8	10.196	0.0232	1486.297	1.6723	9.7655	2485.523	0.6251	0.708
3.302	 3	87.8	10.191	0.0109	1480.82	1.6538	9.7793	2448.907	0.6359	0.7116
3.312	 3	88.8	10.209	0.0176	1482.573	1.6538	9.7297	2451.927	0.6358	0.7115
3.322	 3	89.8	10.208	0.0122	1483.505	1.7101	9.7324	2536.892	0.6032	0.7021
3.332	 3	90.8	10.208	0.0189	1491.961	1.6854	8.7592	2514.5	0.6175	0.6978
3.342	 3	91.8	10.214	0.0168	1488.054	1.6884	9.7159	2512.428	0.6158	0.6924
3.352	 3	92.8	10.215	0.0149	1486.034	1.6913	9.7132	2513.387	0.6141	0.6937
3.362	 3	93.8	10.237	0.0139	1493.145	1.6967	8.6878	2533.478	0.6109	0.6972
3.372	 3	94.8	10.237	0.0161	1489.668	1.6662	8.6878	2482.089	0.6287	0.7058
3.382	 3	95.8	10.24	0.0166	1487.723	1.6603	8.6804	2470.002	0.6321	0.7072
3.392	 3	96.8	10.231	0.0132	1490.965	1.6736	8.7025	2495.261	0.6244	0.7049
3.402	 3	97.8	10.219	0.0149	1491.172	1.6836	7.7618	2510.464	0.6186	0.6991
3.412	 3	98.8	10.225	0.0163	1494.228	1.7174	8.7172	2566.15	0.599	0.6932
3.422	 3	99.8	10.23	0.0138	1495.833	1.7118	7.7377	2560.518	0.6022	0.687
3.432	 3	100.8	10.225	0.0106	1496.633	1.6606	7.7486	2485.271	0.6319	0.6855
3.442	 3	101.8	10.23	0.0168	1485.839	1.6738	7.7377	2486.926	0.6243	0.6827
3.452	 3	102.8	10.224	0.0104	1484.536	1.6607	8.7197	2465.423	0.6318	0.6791
3.462	 3	103.8	10.224	0.0183	1491.249	1.658	8.7197	2472.519	0.6334	0.6732
3.472	 3	104.8	10.223	0.0121	1483.529	1.6326	8.7221	2421.947	0.6482	0.6687
3.482	 3	105.8	10.218	0.0228	1483.234	1.6304	8.7345	2418.287	0.6494	0.6675
3.492	 3	106.8	10.217	0.018	1479.01	1.6224	7.7662	2399.518	0.6541	0.6642
3.502	 3	107.8	10.205	0.0205	1485.876	1.6346	7.7925	2428.743	0.647	0.6608
3.512	 3	108.8	10.218	0.0477	1490.156	1.6272	7.764	2424.766	0.6513	0.6591
3.522	 3	109.8	10.214	0.0329	1484.809	1.6364	7.7727	2429.676	0.646	0.6577
3.532	 3	110.8	10.207	0.0466	1483.36	1.6319	8.7616	2420.663	0.6486	0.6563
3.542	 3	111.8	10.212	0.0245	1478.928	1.6232	7.7771	2400.56	0.6536	0.6587
3.552	 3	112.8	10.216	0.0202	1482.083	1.6217	8.7394	2403.444	0.6545	0.6636
3.562	 3	113.8	10.211	0.013	1482.864	1.6604	8.7517	2462.194	0.632	0.6692
3.572	 3	114.8	10.217	0.0244	1488.708	1.6323	8.7369	2430.075	0.6483	0.6705
3.582	 3	115.8	10.222	0.0196	1484.246	1.636	7.7552	2428.167	0.6462	0.671
3.592	 3	116.8	10.223	0.0284	1481.594	1.6388	8.7221	2427.974	0.6446	0.6691
3.602	 3	117.8	10.223	0.0172	1477.526	1.651	7.753	2439.348	0.6375	0.6616
3.612	 3	118.8	10.233	0.0139	1478.544	1.6201	7.7312	2395.441	0.6554	0.6574
3.622	 3	119.8	10.227	0.0157	1478.318	1.6156	8.7123	2388.32	0.658	0.6565
3.632	 3	120.8	10.232	0.0163	1479.468	1.632	7.7334	2414.498	0.6485	0.6595
3.642	 3	121.8	10.237	0.0123	1483.838	1.623	8.6878	2408.27	0.6537	0.6659
3.652	 3	122.8	10.243	0.0138	1479.775	1.6218	7.7094	2399.836	0.6544	0.6677
3.662	 3	123.8	10.248	0.0213	1485.863	1.6289	7.6986	2420.276	0.6503	0.6722
3.672	 3	124.8	10.253	0.0239	1484.651	1.6384	8.6487	2432.453	0.6448	0.6818
3.682	 3	125.8	10.257	0.029	1488.679	1.656	8.639	2465.247	0.6346	0.6855
3.692	 3	126.8	10.261	0.0388	1487.748	1.6572	8.6293	2465.438	0.6339	0.6989
3.702	 3	127.8	10.268	0.0292	1491.141	1.6633	8.6124	2480.21	0.6303	0.7259
3.712	 3	128.8	10.267	0.0416	1492.08	1.6508	8.6148	2463.087	0.6376	0.7254
3.722	 3	129.8	10.273	0.0291	1490.353	1.6546	8.6003	2465.97	0.6354	0.7327
3.732	 3	130.8	10.278	0.0365	1492.81	1.6457	8.5882	2456.74	0.6405	0.7333
3.742	 3	131.8	10.283	0.0225	1485.768	1.6479	8.5762	2448.407	0.6393	0.7349
3.752	 3	132.8	10.294	0.0117	1487.787	1.6679	8.5498	2481.509	0.6277	0.7286
3.762	 3	133.8	10.298	0.0102	1491.167	1.6762	8.5402	2499.443	0.6229	0.7194
3.772	 3	134.8	10.303	0.0152	1496.224	1.7022	8.5283	2546.816	0.6078	0.7229
3.782	 3	135.8	10.33	0.0103	1498.404	1.6227	8.4643	2431.405	0.6539	0.7275
3.792	 3	136.8	10.387	0.0084	1499.062	1.643	8.3312	2463.019	0.6421	0.7299
3.802	 3	137.8	10.472	0.0021	1503.95	1.6339	8.1382	2457.269	0.6474	0.7338
3.812	 3	138.8	10.563	0.0001	1502.988	1.5964	7.9385	2399.338	0.6692	0.7383
3.822	 3	139.8	10.561	0.0011	1496.74	1.6083	7.9428	2407.25	0.6622	0.7536
3.832	 3	140.8	10.545	0.0004	1483.122	1.6306	7.9774	2418.389	0.6493	0.782
3.842	 3	141.8	10.518	0.003	1497.011	1.6453	7.1434	2463.086	0.6408	0.8294
3.852	 3	142.8	10.496	0.0008	1494.518	1.6595	8.0848	2480.091	0.6326	0.9144
3.862	 3	143.8	10.492	0.0001	1461.485	1.6774	8.0937	2451.505	0.6222	1.0671
3.872	 3	144.8	10.468	0.0019	1510.098	1.6904	7.2419	2552.601	0.6146	1.3094
3.882	 3	145.8	10.507	0.008	1526.293	1.7462	7.1649	2665.185	0.5823	1.6641
3.892	 3	146.8	10.804	0.0	111.0871	1.1876	6.6149	131.9275	0.9063	2.002
3.902	 4	0.1	10.831	0.0	111.3647	0.7391	6.5679	82.3076	1.1664	1.998
3.912	 4	1.1	10.879	0.0	111.8583	1.6705	7.2961	186.8602	0.6262	1.6551
3.922	 4	2.1	10.878	0.0	111.848	1.603	6.4872	179.2879	0.6653	1.258
3.932	 4	3.1	10.841	0.0	111.4676	1.6255	7.3694	181.1929	0.6523	0.9907
3.942	 4	4.1	10.794	0.0	110.9843	1.6169	6.6324	179.4537	0.6572	0.8423
3.952	 4	5.1	10.447	0.0008	1524.664	1.6327	7.2838	2489.334	0.6481	0.7593
3.962	 4	6.1	10.279	0.0045	1494.258	1.6719	8.5858	2498.226	0.6254	0.7177
3.972	 4	7.1	10.189	0.0034	1497.942	1.6716	8.8064	2503.975	0.6255	0.6983
3.982	 4	8.1	10.16	0.0103	1491.048	1.6712	7.8926	2491.836	0.6258	0.6917
3.992	 4	9.1	10.16	0.0308	1489.954	1.6874	8.8791	2514.214	0.6163	0.6899
4.002	 4	10.1	10.166	0.0292	1490.834	1.6849	7.8791	2511.915	0.6178	0.6902
4.012	 4	11.1	10.162	0.0226	1491.998	1.7175	8.8741	2562.491	0.5989	0.6937
4.022	 4	12.1	10.165	0.0217	1493.096	1.6848	8.8665	2515.513	0.6179	0.6981
4.032	 4	13.1	10.171	0.022	1500.812	1.7329	8.8515	2600.79	0.59	0.698
4.042	 4	14.1	10.175	0.0132	1518.43	1.8275	8.8414	2774.952	0.5351	0.6966
4.052	 4	15.1	10.181	0.004	1558.157	1.8753	8.8264	2922.076	0.5073	0.6973
4.062	 4	16.1	10.192	0.0048	1553.658	1.7475	8.7989	2715.05	0.5815	0.6928
4.072	 4	17.1	10.201	0.0168	1517.554	1.6672	8.7765	2530.083	0.6281	0.6944
4.082	 4	18.1	10.21	0.0393	1497.946	1.6673	7.7815	2497.466	0.628	0.6906
4.092	 4	19.1	10.217	0.0297	1496.12	1.6744	8.7369	2505.028	0.6239	0.6862
4.102	 4	20.1	10.227	0.044	1496.707	1.6773	8.7123	2510.441	0.6222	0.6824
4.112	 4	21.1	10.227	0.0409	1498.462	1.6878	8.7123	2529.106	0.6161	0.6767
4.122	 4	22.1	10.238	0.0341	1503.819	1.6882	8.6853	2538.686	0.6159	0.6728
4.132	 4	23.1	10.237	0.0346	1495.107	1.6665	8.6878	2491.606	0.6285	0.6683
4.142	 4	24.1	10.237	0.0307	1491.187	1.6553	8.6878	2468.379	0.635	0.6635
4.152	 4	25.1	10.238	0.0264	1485.275	1.6497	8.6853	2450.327	0.6382	0.6584
4.162	 4	26.1	10.237	0.0182	1482.978	1.6544	8.6878	2453.453	0.6355	0.6557
4.172	 4	27.1	10.237	0.0148	1484.268	1.703	8.6878	2527.733	0.6073	0.6544
4.182	 4	28.1	10.232	0.0124	1498.316	1.7007	8.7	2548.192	0.6086	0.6541
4.192	 4	29.1	10.225	0.0395	1492.701	1.6773	8.7172	2503.752	0.6222	0.6548
4.202	 4	30.1	10.231	0.0423	1493.359	1.6952	8.7025	2531.59	0.6118	0.6563
4.212	 4	31.1	10.232	0.0293	1494.377	1.7004	8.7	2541.024	0.6088	0.6609
4.222	 4	32.1	10.226	0.0293	1489.802	1.7105	8.7148	2548.358	0.6029	0.6655
4.232	 4	33.1	10.227	0.0274	1492.557	1.711	8.7123	2553.767	0.6027	0.669
4.242	 4	34.1	10.232	0.0213	1498.535	1.7162	8.7	2571.788	0.5997	0.6706
4.252	 4	35.1	10.228	0.025	1495.322	1.7307	8.7099	2587.899	0.5913	0.6742
4.262	 4	36.1	10.233	0.0205	1501.761	1.7157	8.6976	2576.594	0.5999	0.6794
4.272	 4	37.1	10.233	0.0238	1501.1	1.7179	8.6976	2578.809	0.5986	0.6889
4.282	 4	38.1	10.233	0.0188	1494.523	1.7056	8.6976	2549.018	0.6058	0.6954
4.292	 4	39.1	10.234	0.0149	1496.636	1.7248	8.6951	2581.429	0.5947	0.7017
4.302	 4	40.1	10.234	0.0174	1492.707	1.6904	8.6951	2523.232	0.6146	0.7084
4.312	 4	41.1	10.235	0.0147	1489.594	1.6638	8.6927	2478.378	0.63	0.7129
4.322	 4	42.1	10.24	0.0165	1488.588	1.6909	8.6804	2517.11	0.6143	0.7152
4.332	 4	43.1	10.246	0.0133	1489.244	1.6974	8.6658	2527.902	0.6105	0.7252
4.342	 4	44.1	10.263	0.023	1500.219	1.6934	8.6245	2540.438	0.6129	0.7282
4.352	 4	45.1	10.253	0.0234	1499.415	1.7117	8.6487	2566.597	0.6022	0.7304
4.362	 4	46.1	10.258	0.0256	1499.05	1.6649	7.677	2495.795	0.6294	0.7336
4.372	 4	47.1	10.263	0.0378	1492.149	1.6638	7.6662	2482.641	0.63	0.7344
4.382	 4	48.1	10.252	0.0226	1486.659	1.655	7.6899	2460.414	0.6352	0.7326
4.392	 4	49.1	10.257	0.0199	1490.843	1.6485	8.639	2457.632	0.6389	0.7279
4.402	 4	50.1	10.259	0.0249	1490.7	1.6641	7.6748	2480.745	0.6298	0.7257
4.412	 4	51.1	10.242	0.0226	1492.35	1.6669	8.6756	2487.614	0.6282	0.7251
4.422	 4	52.1	10.247	0.0262	1495.039	1.6694	7.7008	2495.891	0.6268	0.7239
4.432	 4	53.1	10.234	0.0246	1493.579	1.691	7.729	2525.634	0.6143	0.7233
4.442	 4	54.1	10.228	0.0325	1494.448	1.6646	8.7099	2487.702	0.6296	0.7232
4.452	 4	55.1	10.231	0.0266	1494.013	1.6736	8.7025	2500.362	0.6244	0.7252
4.462	 4	56.1	10.235	0.0221	1491.113	1.6831	8.6927	2509.662	0.6189	0.7266
4.472	 4	57.1	10.24	0.0231	1494.672	1.6863	7.7159	2520.435	0.617	0.7318
4.482	 4	58.1	10.246	0.0268	1495.33	1.6739	8.6658	2503.021	0.6242	0.7353
4.492	 4	59.1	10.25	0.037	1497.006	1.6739	8.656	2505.767	0.6242	0.7383
4.502	 4	60.1	10.249	0.037	1496.423	1.6664	7.6964	2493.609	0.6286	0.7411
4.512	 4	61.1	10.262	0.0553	1495.265	1.657	7.6683	2477.652	0.634	0.7472
4.522	 4	62.1	10.261	0.0339	1498.831	1.6816	8.6293	2520.422	0.6197	0.7522
4.532	 4	63.1	10.261	0.021	1498.831	1.6711	8.6293	2504.757	0.6258	0.7564
4.542	 4	64.1	10.262	0.0314	1502.049	1.683	8.6269	2527.908	0.6189	0.7625
4.552	 4	65.1	10.251	0.033	1498.684	1.6829	7.6921	2522.169	0.619	0.7665
4.562	 4	66.1	10.249	0.0273	1502.786	1.7054	8.6585	2562.9	0.6059	0.7684
4.572	 4	67.1	10.244	0.0312	1509.134	1.7171	9.6341	2591.27	0.5992	0.772
4.582	 4	68.1	10.234	0.0324	1505.221	1.6851	8.6951	2536.447	0.6177	0.7745
4.592	 4	69.1	10.229	0.0413	1504.043	1.6767	8.7074	2521.791	0.6226	0.7718
4.602	 4	70.1	10.225	0.0282	1502.13	1.6685	8.7172	2506.248	0.6273	0.7656
4.612	 4	71.1	10.221	0.0285	1500.661	1.6709	8.7271	2507.521	0.6259	0.7599
4.622	 4	72.1	10.209	0.0391	1492.98	1.6544	8.7567	2470.036	0.6355	0.7536
4.632	 4	73.1	10.204	0.0299	1495.968	1.6604	8.7691	2483.85	0.632	0.7441
4.642	 4	74.1	10.199	0.025	1493.702	1.6624	9.7572	2483.11	0.6309	0.7356
4.652	 4	75.1	10.194	0.0281	1490.133	1.6557	9.771	2467.161	0.6348	0.7259
4.662	 4	76.1	10.19	0.0256	1489.984	1.6482	8.8039	2455.839	0.6391	0.7233
4.672	 4	77.1	10.184	0.0296	1488.236	1.6421	8.8189	2443.781	0.6427	0.7173
4.682	 4	78.1	10.18	0.0263	1489.829	1.6549	8.8289	2465.574	0.6352	0.7134
4.692	 4	79.1	10.177	0.0374	1490.917	1.6572	8.8364	2470.789	0.6339	0.7122
4.702	 4	80.1	10.183	0.0387	1491.578	1.6617	8.8214	2478.512	0.6313	0.7074
4.712	 4	81.1	10.182	0.0291	1497.353	1.7135	8.8239	2565.687	0.6012	0.7034
4.722	 4	82.1	10.173	0.0229	1502.437	1.6909	8.8464	2540.401	0.6144	0.6985
4.732	 4	83.1	10.183	0.0341	1494.643	1.6581	8.8214	2478.199	0.6334	0.6975
4.742	 4	84.1	10.183	0.0372	1488.96	1.6072	8.8214	2393.107	0.6629	0.698
4.752	 4	85.1	10.194	0.0436	1489.262	1.6243	7.8168	2418.994	0.653	0.7008
4.762	 4	86.1	10.203	0.0729	1491.231	1.629	8.7716	2429.207	0.6502	0.6993
4.772	 4	87.1	10.208	0.0511	1490.001	1.6341	8.7592	2434.77	0.6473	0.6976
4.782	 4	88.1	10.217	0.0489	1491.098	1.63	8.7369	2430.47	0.6497	0.6969
4.792	 4	89.1	10.222	0.0341	1491.174	1.6374	7.7552	2441.706	0.6453	0.6964
4.802	 4	90.1	10.227	0.0298	1496.488	1.6648	7.7443	2491.342	0.6295	0.6982
4.812	 4	91.1	10.229	0.0164	1500.073	1.6443	8.7074	2466.611	0.6413	0.7021
4.822	 4	92.1	10.231	0.0271	1492.923	1.6225	8.7025	2422.256	0.654	0.7044
4.832	 4	93.1	10.23	0.0195	1486.27	1.627	8.7049	2418.217	0.6514	0.7054
4.842	 4	94.1	10.23	0.028	1493.431	1.6285	8.7049	2432.055	0.6505	0.7061
4.852	 4	95.1	10.231	0.0157	1494.668	1.6196	7.7355	2420.733	0.6557	0.7097
4.862	 4	96.1	10.231	0.0273	1487.064	1.5844	8.7025	2356.084	0.6761	0.7097
4.872	 4	97.1	10.227	0.017	1480.672	1.5788	8.7123	2337.73	0.6793	0.7118
4.882	 4	98.1	10.228	0.0186	1483.609	1.6436	7.7421	2438.452	0.6418	0.7123
4.892	 4	99.1	10.228	0.0145	1492.921	1.6741	8.7099	2499.267	0.6241	0.7156
4.902	 4	100.1	10.222	0.0195	1493.353	1.6668	7.7552	2489.153	0.6283	0.7222
4.912	 4	101.1	10.224	0.0142	1498.242	1.7368	8.7197	2602.213	0.5877	0.7296
4.922	 4	102.1	10.208	0.0099	1504.717	1.6462	8.7592	2477.094	0.6402	0.7429
4.932	 4	103.1	10.205	0.0211	1483.716	1.644	8.7666	2439.265	0.6415	0.7505
4.942	 4	104.1	10.204	0.0145	1488.114	1.6997	9.7434	2529.375	0.6092	0.758
4.952	 4	105.1	10.192	0.012	1496.623	1.6908	9.7766	2530.491	0.6144	0.7661
4.962	 4	106.1	10.196	0.0336	1494.357	1.687	8.789	2521.04	0.6166	0.7761
4.972	 4	107.1	10.192	0.0224	1499.044	1.7423	9.7766	2611.781	0.5845	0.7884
4.982	 4	108.1	10.193	0.0191	1520.209	1.7833	9.7738	2710.948	0.5607	0.8059
4.992	 4	109.1	10.193	0.0206	1530.48	1.8131	8.7964	2774.921	0.5434	0.8216
5.002	 4	110.1	10.187	0.0156	1531.649	1.8226	9.7904	2791.512	0.538	0.8357
5.012	 4	111.1	10.192	0.0114	1549.878	1.8319	8.7989	2839.172	0.5326	0.8392
5.022	 4	112.1	10.188	0.0135	1548.328	1.806	8.8089	2796.318	0.5475	0.8372
5.032	 4	113.1	10.189	0.0058	1566.093	1.9335	8.8064	3028.072	0.4736	0.8208
5.042	 4	114.1	10.194	0.0027	1647.382	1.8848	8.7939	3104.93	0.5019	0.8068
5.052	 4	115.1	10.193	0.0058	1566.467	1.6688	8.7964	2614.157	0.6271	0.7911
5.062	 4	116.1	10.193	0.0666	1495.452	1.6786	8.7964	2510.264	0.6215	0.7765
5.072	 4	117.1	10.199	0.0243	1500.736	1.7489	8.7815	2624.697	0.5807	0.7611
5.082	 4	118.1	10.199	0.0184	1524.514	1.745	8.7815	2660.298	0.5829	0.7547
5.092	 4	119.1	10.201	0.0128	1520.948	1.8079	8.7765	2749.674	0.5465	0.752
5.102	 4	120.1	10.204	0.009	1533.053	1.6845	8.7691	2582.399	0.6181	0.7521
5.112	 4	121.1	10.205	0.0232	1506.495	1.6946	9.7407	2552.837	0.6122	0.7521
5.122	 4	122.1	10.209	0.0224	1493.417	1.7515	9.7297	2615.708	0.5792	0.7545
5.132	 4	123.1	10.212	0.02	1496.264	1.6912	8.7493	2530.501	0.6141	0.755
5.142	 4	124.1	10.219	0.0399	1500.147	1.6888	8.732	2533.468	0.6155	0.7569
5.152	 4	125.1	10.23	0.0132	1512.419	1.7608	8.7049	2663.018	0.5738	0.7648
5.162	 4	126.1	10.232	0.0051	1546.787	1.7213	8.7	2662.501	0.5967	0.7672
5.172	 4	127.1	10.243	0.0297	1511.882	1.6256	8.6731	2457.65	0.6522	0.7662
5.182	 4	128.1	10.255	0.0405	1491.853	1.7765	7.6834	2650.327	0.5647	0.7579
5.192	 4	129.1	10.25	0.0199	1515.151	1.6093	8.656	2438.397	0.6616	0.7516
5.202	 4	130.1	10.265	0.057	1505.794	1.7768	8.6196	2675.537	0.5645	0.752
5.212	 4	131.1	10.263	0.0195	1545.632	1.7627	7.6662	2724.556	0.5727	0.7791
5.222	 4	132.1	10.267	0.009	1521.488	1.587	7.6576	2414.593	0.6746	0.8095
5.232	 4	133.1	10.267	0.0359	1489.266	1.5878	7.6576	2364.72	0.6741	0.813
5.242	 4	134.1	10.268	0.0209	1489.411	1.653	7.6554	2462.023	0.6363	0.8134
5.252	 4	135.1	10.278	0.0195	1493.027	1.6611	7.634	2480.025	0.6316	0.8135
5.262	 4	136.1	10.283	0.0076	1506.446	1.769	8.5762	2664.914	0.569	0.8137
5.272	 4	137.1	10.292	0.0014	1673.224	1.9573	7.6041	3274.93	0.4598	0.8092
5.282	 4	138.1	10.299	0.0071	1706.262	1.8553	8.5379	3165.645	0.519	0.8204
5.292	 4	139.1	10.308	0.0024	1662.312	1.6226	7.5701	2697.276	0.6539	0.8368
5.302	 4	140.1	10.345	0.0351	1503.415	1.5889	8.429	2388.722	0.6735	0.8501
5.312	 4	141.1	10.364	0.0052	1489.08	1.6188	8.3845	2410.527	0.6561	0.8555
5.322	 4	142.1	10.491	0.0023	1512.107	1.6942	8.0959	2561.849	0.6124	0.8612
5.332	 4	143.1	10.662	0.0002	1540.084	1.7139	8.5877	2639.586	0.601	0.8815
5.342	 4	144.1	10.637	0.0004	1544.28	1.8195	8.6457	2809.847	0.5397	0.9117
5.352	 4	145.1	10.656	0.0	109.5654	1.7827	8.6016	195.3168	0.5611	0.9686
5.362	 4	146.1	10.61	0.0001	1565.589	1.7985	8.7089	2815.644	0.5519	1.0621
5.372	 4	147.1	10.596	0.0	108.9485	1.7647	8.7419	192.2666	0.5715	1.2134
5.382	 4	148.1	10.577	0.0	108.7531	1.8537	8.7871	201.5913	0.5199	1.4653
5.392	 4	149.1	10.555	0.0007	1645.106	1.9187	8.8397	3156.408	0.4822	1.7946
5.402	 4	150.1	10.762	0.0	110.6553	1.8214	8.3612	201.551	0.5386	2.1552
5.412	 4	151.1	10.86	0.0	111.6629	0.8311	8.1474	92.8049	1.113	2.3505
5.422	 5	0.7	10.851	0.0	111.5704	1.8705	8.1667	208.6973	0.5101	2.1095
5.432	 5	1.7	10.861	0.0	111.6732	1.9	8.1452	212.1772	0.493	1.6944
5.442	 5	2.7	10.84	0.0002	1598.349	1.8595	8.1904	2972.05	0.5166	1.3282
5.452	 5	3.7	10.795	0.0005	1696.527	1.8449	8.2883	3129.994	0.525	1.1179
5.462	 5	4.7	10.61	0.0001	1551.623	1.8394	8.7089	2854.104	0.5282	1.0001
5.472	 5	5.7	10.271	0.0043	1666.829	1.8629	9.5612	3105.178	0.5145	0.9294
5.482	 5	6.7	10.22	0.002	1644.144	1.8766	10.6694	3085.472	0.5066	0.8849
5.492	 5	7.7	10.189	0.0037	1654.058	1.9231	10.7634	3180.911	0.4796	0.8627
5.502	 5	8.7	10.174	0.005	1666.23	1.9917	10.8092	3318.699	0.4398	0.8485
5.512	 5	9.7	10.169	0.0085	1673.083	1.9931	10.8246	3334.671	0.439	0.8441
5.522	 5	10.7	10.172	0.0071	1674.955	1.956	10.8154	3276.144	0.4606	0.837
5.532	 5	11.7	10.174	0.0145	1662.69	2.0061	10.8092	3335.573	0.4315	0.8258
5.542	 5	12.7	10.179	0.0028	1649.222	1.9452	10.7939	3208.02	0.4668	0.8184
5.552	 5	13.7	10.185	0.0072	1601.667	1.8517	9.796	2965.786	0.5211	0.8099
5.562	 5	14.7	10.195	0.0126	1575.247	1.8846	10.7451	2968.681	0.502	0.8051
5.572	 5	15.7	10.2	0.0038	1613.924	1.8613	9.7545	3003.923	0.5155	0.7963
5.582	 5	16.7	10.205	0.0047	1588.821	1.8003	9.7407	2860.294	0.5509	0.7826
5.592	 5	17.7	10.22	0.0083	1562.93	1.7359	9.6995	2713.094	0.5882	0.7778
5.602	 5	18.7	10.225	0.0086	1558.927	1.7557	9.6858	2736.955	0.5768	0.7736
5.612	 5	19.7	10.23	0.0122	1563.981	1.7528	8.7049	2741.391	0.5784	0.7838
5.622	 5	20.7	10.24	0.0088	1561.452	1.8024	9.6449	2814.303	0.5497	0.788
5.632	 5	21.7	10.247	0.0041	1658.896	1.946	8.6634	3228.162	0.4664	0.7886
5.642	 5	22.7	10.253	0.0067	1660.674	1.9042	9.6097	3162.317	0.4906	0.7876
5.652	 5	23.7	10.256	0.0153	1632.861	1.9044	8.6414	3109.685	0.4905	0.7877
5.662	 5	24.7	10.256	0.0122	1634.162	2.0004	8.6414	3268.978	0.4348	0.7933
5.672	 5	25.7	10.256	0.0077	1732.432	1.9758	8.6414	3422.969	0.4491	0.8065
5.682	 5	26.7	10.256	0.0059	1697.451	1.6537	7.6813	2807.157	0.6359	0.8117
5.692	 5	27.7	10.261	0.0068	1571.604	1.6745	7.6705	2631.666	0.6238	0.7965
5.702	 5	28.7	10.261	0.0043	1544.401	1.6859	7.6705	2603.744	0.6172	0.7871
5.712	 5	29.7	10.26	0.0025	1538.0	1.6833	7.6727	2588.918	0.6187	0.7766
5.722	 5	30.7	10.264	0.0074	1521.494	1.6504	8.622	2511.009	0.6378	0.7672
5.732	 5	31.7	10.261	0.0257	1504.325	1.6605	8.6293	2497.911	0.632	0.7653
5.742	 5	32.7	10.261	0.0047	1514.092	1.7826	9.5881	2699.02	0.5611	0.7566
5.752	 5	33.7	10.256	0.0086	1525.509	1.7716	8.6414	2702.664	0.5675	0.7535
5.762	 5	34.7	10.257	0.0152	1522.036	1.6733	9.5989	2546.857	0.6245	0.7588
5.772	 5	35.7	10.255	0.0064	1512.314	1.6479	8.6439	2492.155	0.6393	0.7661
5.782	 5	36.7	10.251	0.0035	1515.523	1.6947	9.6151	2568.41	0.6121	0.7755
5.792	 5	37.7	10.25	0.0067	1498.976	1.6918	9.6178	2535.936	0.6138	0.7876
5.802	 5	38.7	10.241	0.002	1609.208	1.827	9.6422	2939.993	0.5354	0.8015
5.812	 5	39.7	10.242	0.0021	1630.372	1.8645	9.6395	3039.89	0.5136	0.8204
5.822	 5	40.7	10.245	0.0065	1598.533	1.7915	9.6314	2863.807	0.556	0.8442
5.832	 5	41.7	10.237	0.0196	1551.061	1.7841	8.6878	2767.186	0.5603	0.8601
5.842	 5	42.7	10.236	0.0094	1552.085	1.8471	9.6558	2866.899	0.5237	0.8747
5.852	 5	43.7	10.236	0.004	1621.93	1.915	9.6558	3106.044	0.4843	0.8847
5.862	 5	44.7	10.236	0.0065	1660.072	1.9696	8.6902	3269.633	0.4527	0.8856
5.872	 5	45.7	10.233	0.006	1680.848	1.9597	8.6976	3294.021	0.4584	0.8887
5.882	 5	46.7	10.231	0.0042	1686.892	1.9884	9.6694	3354.198	0.4418	0.8928
5.892	 5	47.7	10.231	0.0042	1710.584	1.9349	8.7025	3309.8	0.4728	0.8915
5.902	 5	48.7	10.232	0.0033	1665.364	1.7664	8.7	2941.725	0.5705	0.8815
5.912	 5	49.7	10.228	0.0076	1544.315	1.8072	8.7099	2790.959	0.5468	0.8733
5.922	 5	50.7	10.231	0.0094	1553.447	1.8154	8.7025	2820.148	0.5421	0.8615
5.932	 5	51.7	10.231	0.0089	1557.704	1.8263	8.7025	2844.826	0.5358	0.8643
5.942	 5	52.7	10.231	0.0108	1577.154	1.8531	7.7355	2922.594	0.5203	0.8644
5.952	 5	53.7	10.231	0.0061	1607.132	1.9118	7.7355	3072.451	0.4862	0.869
5.962	 5	54.7	10.241	0.0046	1631.772	1.8832	7.7138	3072.888	0.5028	0.8634
5.972	 5	55.7	10.25	0.0043	1631.906	1.8489	7.6943	3017.27	0.5227	0.8623
5.982	 5	56.7	10.255	0.0024	1620.063	1.856	7.6834	3006.809	0.5186	0.8612
5.992	 5	57.7	10.254	0.0042	1580.456	1.7653	7.6856	2789.969	0.5712	0.8611
6.002	 5	58.7	10.255	0.0104	1548.392	1.6934	8.6439	2622.123	0.6128	0.8635
6.012	 5	59.7	10.252	0.0079	1538.646	1.7129	7.6899	2635.475	0.6016	0.8586
6.022	 5	60.7	10.245	0.0026	1411.74	1.7255	8.6682	2436.012	0.5942	0.8551
6.032	 5	61.7	10.245	0.0014	1547.583	1.7369	8.6682	2687.926	0.5877	0.8512
6.042	 5	62.7	10.235	0.0016	1526.245	1.7536	7.7268	2676.456	0.5779	0.8526
6.052	 5	63.7	10.233	0.0007	1501.982	1.7589	7.7312	2641.873	0.5749	0.8555
6.062	 5	64.7	10.23	0.0006	1375.185	1.7433	8.7049	2397.378	0.5839	0.8558
6.072	 5	65.7	10.224	0.0023	1539.295	1.7365	8.7197	2673.018	0.5879	0.8582
6.082	 5	66.7	10.22	0.0072	1435.595	1.7166	7.7596	2464.374	0.5994	0.8557
6.092	 5	67.7	10.22	0.0063	1441.264	1.7272	8.7295	2489.327	0.5933	0.8565
6.102	 5	68.7	10.216	0.0014	1415.547	1.723	8.7394	2439.05	0.5957	0.8527
6.112	 5	69.7	10.214	0.0012	1369.353	1.7305	7.7727	2369.6	0.5914	0.8503
6.122	 5	70.7	10.21	0.0044	1537.188	1.7282	8.7542	2656.616	0.5927	0.8498
6.132	 5	71.7	10.207	0.0073	1527.537	1.7265	8.7616	2637.275	0.5937	0.8539
6.142	 5	72.7	10.211	0.0032	1437.966	1.7207	9.7242	2474.292	0.597	0.8561
6.152	 5	73.7	10.211	0.0035	1416.62	1.7169	9.7242	2432.141	0.5993	0.8685
6.162	 5	74.7	10.211	0.002	1401.262	1.7798	9.7242	2493.956	0.5628	0.8752
6.172	 5	75.7	10.21	0.0015	1474.155	1.7739	10.6996	2615.015	0.5662	0.8842
6.182	 5	76.7	10.223	0.0037	1475.18	1.832	10.6604	2702.484	0.5325	0.8867
6.192	 5	77.7	10.222	0.0013	1440.124	1.7447	9.694	2512.552	0.5831	0.8862
6.202	 5	78.7	10.218	0.0005	1213.251	1.7447	8.7345	2116.768	0.5831	0.8866
6.212	 5	79.7	10.219	0.0005	1444.79	1.76	8.732	2542.841	0.5742	0.8806
6.222	 5	80.7	10.218	0.0009	1438.142	1.798	7.764	2585.738	0.5522	0.8702
6.232	 5	81.7	10.218	0.0015	1455.763	1.8237	7.764	2654.852	0.5373	0.8636
6.242	 5	82.7	10.218	0.0007	1424.508	1.8258	7.764	2600.862	0.5361	0.8588
6.252	 5	83.7	10.219	0.0006	1517.298	1.86	6.7916	2822.133	0.5163	0.8508
6.262	 5	84.7	10.224	0.0005	1492.337	1.8766	7.7508	2800.59	0.5066	0.8508
6.272	 5	85.7	10.223	0.0013	1533.603	1.8224	7.753	2794.902	0.538	0.8495
6.282	 5	86.7	10.227	0.002	1499.78	1.805	6.7762	2707.103	0.5481	0.8524
6.292	 5	87.7	10.227	0.0014	1498.901	1.8235	5.8082	2733.224	0.5374	0.8498
6.302	 5	88.7	10.231	0.0012	1635.129	1.891	7.7355	3091.987	0.4983	0.8542
6.312	 5	89.7	10.244	0.0013	1540.451	1.9367	6.7439	2983.436	0.4717	0.8654
6.322	 5	90.7	10.25	0.0008	1521.223	1.8789	7.6943	2858.239	0.5053	0.9139
6.332	 5	91.7	10.263	0.001	1640.505	1.8896	8.6245	3099.843	0.4991	0.9229
6.342	 5	92.7	10.276	0.0016	1666.559	1.9253	7.6383	3208.557	0.4784	0.9201
6.352	 5	93.7	10.283	0.0017	1689.893	1.8677	8.5762	3156.243	0.5118	0.9202
6.362	 5	94.7	10.294	0.0033	1676.547	1.9065	8.5498	3196.381	0.4893	0.9183
6.372	 5	95.7	10.304	0.0023	1695.574	1.9731	8.5259	3345.51	0.4506	0.9183
6.382	 5	96.7	10.313	0.0015	1720.841	1.9533	8.5045	3361.271	0.4621	0.9215
6.392	 5	97.7	10.318	0.0047	1717.091	1.9591	8.4926	3363.99	0.4587	0.9262
6.402	 5	98.7	10.323	0.0023	1720.5	1.7302	7.5385	2976.811	0.5915	0.9252
6.412	 5	99.7	10.349	0.0008	1543.936	1.706	8.4196	2633.911	0.6056	0.9206
6.422	 5	100.7	10.384	0.0006	1452.917	1.7373	8.3381	2524.116	0.5874	0.9142
6.432	 5	101.7	10.557	0.0	108.5475	1.6934	7.0679	183.8184	0.6129	0.9175
6.442	 5	102.7	10.605	0.0001	1089.256	1.6975	6.9765	1849.062	0.6105	0.9202
6.452	 5	103.7	10.574	0.0	108.7222	1.7767	7.0354	193.1619	0.5646	0.9362
6.462	 5	104.7	10.554	0.0	108.5166	1.8173	7.0737	197.2022	0.541	0.9578
6.472	 5	105.7	10.597	0.0	108.9587	1.8395	6.9917	200.4283	0.5281	0.9968
6.482	 5	106.7	10.589	0.0	108.8765	1.7271	7.0068	188.0356	0.5934	1.08
6.492	 5	107.7	10.558	0.0	108.5577	1.7381	7.066	188.6819	0.587	1.2745
6.502	 5	108.7	10.491	0.0	107.8688	1.7455	7.1964	188.2865	0.5826	1.7431
6.512	 5	109.7	10.674	0.0	109.7505	1.6339	5.992	179.321	0.6474	2.5236
6.522	 5	110.7	10.794	0.0	110.9843	1.235	6.6324	137.0624	0.8788	2.8755
6.532	 6	1.0	10.834	0.0	111.3956	1.6477	6.5627	183.5428	0.6394	2.3054
6.542	 6	2.0	10.867	0.0	111.7349	1.6638	7.3192	185.9074	0.63	1.6355
6.552	 6	3.0	10.889	0.0	111.9611	1.6495	6.4685	184.6841	0.6383	1.2612
6.562	 6	4.0	10.84	0.0	111.4573	1.6658	6.5523	185.6617	0.6289	1.0875
6.572	 6	5.0	10.723	0.0	110.2543	1.6632	6.7588	183.3708	0.6304	1.0015
6.582	 6	6.0	10.36	0.0	106.5219	1.7176	8.3939	182.9592	0.5989	0.958
6.592	 6	7.0	10.287	0.0	880.1335	1.7131	7.6147	1507.724	0.6015	0.9245
6.602	 6	8.0	10.228	0.0001	1272.772	1.7585	7.7421	2238.118	0.5751	0.9168
6.612	 6	9.0	10.225	0.0002	1067.328	1.7501	7.7486	1867.893	0.58	0.9168
6.622	 6	10.0	10.229	0.0004	1279.265	1.7257	6.7724	2207.581	0.5942	0.9167
6.632	 6	11.0	10.224	0.0004	1516.464	1.788	7.7508	2711.482	0.558	0.9162
6.642	 6	12.0	10.227	0.0003	1391.239	1.8298	7.7443	2545.74	0.5337	0.911
6.652	 6	13.0	10.228	0.0004	1492.921	1.9032	7.7421	2841.326	0.4912	0.9165
6.662	 6	14.0	10.228	0.0003	1348.807	1.8212	7.7421	2456.445	0.5387	0.9157
6.672	 6	15.0	10.229	0.0004	1355.373	1.8288	8.7074	2478.667	0.5344	0.9119
6.682	 6	16.0	10.231	0.0003	1365.043	1.8036	7.7355	2461.997	0.549	0.8987
6.692	 6	17.0	10.231	0.0002	1307.81	1.8067	8.7025	2362.843	0.5471	0.8938
6.702	 6	18.0	10.226	0.0002	1027.635	1.7997	7.7465	1849.391	0.5512	0.8931
6.712	 6	19.0	10.228	0.0001	1018.827	1.8311	7.7421	1865.546	0.533	0.9003
6.722	 6	20.0	10.228	0.0002	1027.32	1.8781	7.7421	1929.442	0.5057	0.9127
6.732	 6	21.0	10.228	0.0001	1294.192	1.8631	7.7421	2411.169	0.5145	0.9178
6.742	 6	22.0	10.221	0.0002	1442.625	1.7501	7.7574	2524.728	0.58	0.9208
6.752	 6	23.0	10.22	0.0002	1308.411	1.7408	7.7596	2277.652	0.5854	0.9163
6.762	 6	24.0	10.22	0.0001	1116.574	1.7816	7.7596	1989.29	0.5617	0.9118
6.772	 6	25.0	10.214	0.0002	1277.708	1.7799	7.7727	2274.25	0.5627	0.9066
6.782	 6	26.0	10.219	0.0002	1022.002	1.8043	7.7618	1844.038	0.5485	0.911
6.792	 6	27.0	10.224	0.0002	1259.268	1.8216	7.7508	2293.833	0.5385	0.9076
6.802	 6	28.0	10.219	0.0001	1008.487	1.8182	8.732	1833.676	0.5405	0.9065
6.812	 6	29.0	10.219	0.0001	1002.452	1.8643	7.7618	1868.917	0.5137	0.9055
6.822	 6	30.0	10.224	0.0001	1013.28	1.7897	7.7508	1813.501	0.557	0.9007
6.832	 6	31.0	10.22	0.0001	1015.602	1.7938	7.7596	1821.836	0.5546	0.9021
6.842	 6	32.0	10.224	0.0002	1024.654	1.8142	7.7508	1858.941	0.5428	0.9049
6.852	 6	33.0	10.224	0.0002	1389.697	1.799	7.7508	2500.033	0.5516	0.9078
6.862	 6	34.0	10.228	0.0001	1274.994	1.8293	7.7421	2332.35	0.534	0.9124
6.872	 6	35.0	10.235	0.0001	854.7687	1.8872	7.7268	1613.159	0.5004	0.9204
6.882	 6	36.0	10.245	0.0002	1087.695	1.8227	7.7051	1982.588	0.5379	0.9293
6.892	 6	37.0	10.245	0.0001	1061.218	1.8477	7.7051	1960.774	0.5234	0.9468
6.902	 6	38.0	10.24	0.0001	1062.13	1.8504	7.7159	1965.333	0.5218	0.9697
6.912	 6	39.0	10.241	0.0002	1166.002	1.7776	7.7138	2072.699	0.564	0.9924
6.922	 6	40.0	10.241	0.0002	1019.106	1.7645	7.7138	1798.244	0.5716	1.0129
6.932	 6	41.0	10.242	0.0001	1010.557	1.7684	7.7116	1787.035	0.5694	1.0211
6.942	 6	42.0	10.253	0.0001	1027.046	1.7949	7.6878	1843.463	0.554	1.0184
6.952	 6	43.0	10.261	0.0001	1032.398	1.7884	7.6705	1846.326	0.5578	1.0007
6.962	 6	44.0	10.258	0.0001	1061.575	1.7961	7.677	1906.698	0.5533	0.985
6.972	 6	45.0	10.264	0.0002	1112.749	1.8092	7.664	2013.218	0.5457	0.9655
6.982	 6	46.0	10.259	0.0002	1108.003	1.8473	7.6748	2046.816	0.5236	0.951
6.992	 6	47.0	10.262	0.0002	1311.438	1.8414	7.6683	2414.844	0.527	0.9369
7.002	 6	48.0	10.262	0.0003	1559.338	1.8701	7.6683	2916.064	0.5104	0.9363
7.012	 6	49.0	10.259	0.0003	1439.657	1.8614	7.6748	2679.847	0.5154	0.9284
7.022	 6	50.0	10.264	0.0002	1366.711	1.9007	7.664	2597.682	0.4926	0.9325
7.032	 6	51.0	10.269	0.0002	1371.761	1.8994	7.6533	2605.491	0.4934	0.9269
7.042	 6	52.0	10.251	0.0002	1032.326	1.8858	8.6536	1946.752	0.5013	0.9368
7.052	 6	53.0	10.246	0.0002	1130.032	1.8515	8.6658	2092.199	0.5212	0.9532
7.062	 6	54.0	10.246	0.0002	1050.764	1.7312	8.6658	1819.055	0.591	0.9748
7.072	 6	55.0	10.233	0.0002	1040.256	1.6497	10.6304	1716.063	0.6383	0.9915
7.082	 6	56.0	10.221	0.0002	1041.259	1.6817	10.6664	1751.064	0.6197	1.015
7.092	 6	57.0	10.231	0.0002	1058.671	1.6623	10.6364	1759.853	0.6309	1.0362
7.102	 6	58.0	10.23	0.0002	1047.726	1.7249	10.6394	1807.174	0.5946	1.0489
7.112	 6	59.0	10.23	0.0001	1034.483	1.7156	10.6394	1774.739	0.6	1.0564
7.122	 6	60.0	10.235	0.0002	1281.618	1.8776	9.6585	2406.347	0.506	1.0586
7.132	 6	61.0	10.226	0.0002	1283.062	1.9394	9.6831	2488.313	0.4702	1.062
7.142	 6	62.0	10.228	0.0002	1376.211	1.8796	9.6776	2586.742	0.5049	1.0586
7.152	 6	63.0	10.226	0.0005	1416.147	1.9127	9.6831	2708.658	0.4857	1.0636
7.162	 6	64.0	10.221	0.0003	1340.987	1.8787	9.6967	2519.281	0.5054	1.0566
7.172	 6	65.0	10.216	0.0002	1022.316	1.877	10.6815	1918.895	0.5064	1.0474
7.182	 6	66.0	10.22	0.0003	1348.997	1.8893	10.6694	2548.617	0.4993	1.0354
7.192	 6	67.0	10.22	0.0002	1045.738	1.8364	11.6394	1920.408	0.5299	1.0293
7.202	 6	68.0	10.211	0.0001	1029.542	1.7146	11.669	1765.289	0.6006	1.0336
7.212	 6	69.0	10.211	0.0002	1030.893	1.7508	12.6414	1804.909	0.5796	1.052
7.222	 6	70.0	10.208	0.0003	1039.194	1.7209	12.6521	1788.322	0.5969	1.0659
7.232	 6	71.0	10.201	0.0002	1038.693	1.7372	12.6772	1804.405	0.5875	1.0725
7.242	 6	72.0	10.2	0.0003	1038.168	1.7623	11.7054	1829.553	0.5729	1.0893
7.252	 6	73.0	10.199	0.0002	1028.643	1.699	11.7087	1747.651	0.6096	1.0896
7.262	 6	74.0	10.196	0.0002	1026.374	1.7811	10.7421	1828.033	0.562	1.0846
7.272	 6	75.0	10.201	0.0002	1020.712	1.7738	9.7517	1810.534	0.5662	1.0739
7.282	 6	76.0	10.202	0.0001	1015.933	1.8084	9.7489	1837.197	0.5462	1.0683
7.292	 6	77.0	10.204	0.0001	1011.9	1.7956	9.7434	1817.003	0.5536	1.0566
7.302	 6	78.0	10.205	0.0002	1017.955	1.7486	9.7407	1779.963	0.5809	1.049
7.312	 6	79.0	10.199	0.0002	1023.174	1.8086	9.7572	1850.481	0.5461	1.041
7.322	 6	80.0	10.199	0.0002	1016.241	1.7904	8.7815	1819.445	0.5566	1.0381
7.332	 6	81.0	10.201	0.0002	1012.707	1.7568	8.7765	1779.145	0.5761	1.0267
7.342	 6	82.0	10.2	0.0002	1022.249	1.7905	8.779	1830.37	0.5565	1.0165
7.352	 6	83.0	10.193	0.0002	1028.246	1.8169	7.819	1868.256	0.5412	1.0132
7.362	 6	84.0	10.19	0.0002	1018.898	1.8594	7.8257	1894.588	0.5166	1.0049
7.372	 6	85.0	10.19	0.0002	1025.357	1.8788	8.8039	1926.483	0.5053	1.0111
7.382	 6	86.0	10.187	0.0002	1028.367	1.8484	7.8323	1900.882	0.5229	1.0104
7.392	 6	87.0	10.19	0.0002	1026.08	1.8182	7.8257	1865.587	0.5405	1.0107
7.402	 6	88.0	10.195	0.0002	1030.318	1.8222	8.7914	1877.42	0.5382	1.0073
7.412	 6	89.0	10.195	0.0002	1039.458	1.8571	8.7914	1930.363	0.5179	1.0014
7.422	 6	90.0	10.201	0.0003	1037.109	1.8651	9.7517	1934.288	0.5133	1.0065
7.432	 6	91.0	10.209	0.0003	1037.184	1.7951	9.7297	1861.846	0.5539	1.0094
7.442	 6	92.0	10.206	0.0002	1031.847	1.8153	8.7641	1873.131	0.5422	1.0097
7.452	 6	93.0	10.212	0.0003	1033.603	1.9126	8.7493	1976.916	0.4857	1.005
7.462	 6	94.0	10.217	0.0004	1032.646	1.793	8.7369	1851.542	0.5551	0.9981
7.472	 6	95.0	10.223	0.0003	1287.045	1.7988	8.7221	2315.149	0.5517	0.9875
7.482	 6	96.0	10.228	0.0002	1033.444	1.8135	7.7421	1874.155	0.5432	0.9778
7.492	 6	97.0	10.224	0.0002	1022.502	1.7782	7.7508	1818.217	0.5637	0.976
7.502	 6	98.0	10.228	0.0002	1026.289	1.8079	7.7421	1855.47	0.5464	0.9805
7.512	 6	99.0	10.219	0.0002	1032.535	1.7734	8.732	1831.048	0.5665	0.9847
7.522	 6	100.0	10.223	0.0003	1041.145	1.757	7.753	1829.293	0.576	0.988
7.532	 6	101.0	10.233	0.0004	1036.778	1.7998	7.7312	1865.995	0.5512	1.0091
7.542	 6	102.0	10.238	0.0002	1047.473	1.825	8.6853	1911.686	0.5365	1.0262
7.552	 6	103.0	10.243	0.0002	1045.951	1.7732	8.6731	1854.705	0.5666	1.0333
7.562	 6	104.0	10.242	0.0002	1040.431	1.8645	7.7116	1939.922	0.5136	1.0503
7.572	 6	105.0	10.238	0.0002	1041.082	1.8759	8.6853	1952.994	0.507	1.046
7.582	 6	106.0	10.235	0.0001	1007.58	1.8158	9.6585	1829.516	0.5419	1.0434
7.592	 6	107.0	10.235	0.0001	1029.989	1.7366	9.6585	1788.679	0.5878	1.0463
7.602	 6	108.0	10.241	0.0001	1046.495	1.7516	10.6064	1833.046	0.5791	1.0474
7.612	 6	109.0	10.239	0.0002	1032.886	1.7586	11.5772	1816.389	0.5751	1.0711
7.622	 6	110.0	10.24	0.0002	1054.909	1.8076	11.5739	1906.806	0.5467	1.0836
7.632	 6	111.0	10.245	0.0002	1039.468	1.7943	11.5576	1865.077	0.5544	1.091
7.642	 6	112.0	10.232	0.0002	1041.001	1.7894	11.6001	1862.722	0.5572	1.0828
7.652	 6	113.0	10.231	0.0001	1062.188	1.9129	12.5703	2031.866	0.4856	1.0688
7.662	 6	114.0	10.232	0.0002	1045.789	1.9536	12.5667	2043.021	0.462	1.0545
7.672	 6	115.0	10.228	0.0001	1028.25	1.8904	13.5487	1943.81	0.4986	1.0656
7.682	 6	116.0	10.234	0.0001	1020.95	1.788	12.5596	1825.442	0.558	1.1124
7.692	 6	117.0	10.241	0.0002	1026.461	1.8813	13.4991	1931.083	0.5039	1.1378
7.702	 6	118.0	10.245	0.0002	1029.648	1.8011	14.4471	1854.539	0.5504	1.1365
7.712	 6	119.0	10.26	0.0001	1030.845	1.8044	15.3453	1860.034	0.5485	1.1274
7.722	 6	120.0	10.264	0.0002	1034.573	1.873	16.2861	1937.775	0.5087	1.1095
7.732	 6	121.0	10.264	0.0003	1037.187	1.8886	18.2021	1958.865	0.4996	1.0869
7.742	 6	122.0	10.273	0.0002	1037.886	1.8143	19.1118	1883.006	0.5428	1.0658
7.752	 6	123.0	10.284	0.0002	1042.368	1.7793	20.9582	1854.675	0.5631	1.051
7.762	 6	124.0	10.293	0.0003	1043.491	1.8125	21.8556	1891.32	0.5438	1.0372
7.772	 6	125.0	10.309	0.0002	1041.103	1.7958	21.758	1869.614	0.5535	1.0299
7.782	 6	126.0	10.324	0.0002	1038.945	1.7731	23.5512	1842.126	0.5667	1.035
7.792	 6	127.0	10.483	0.0001	917.2281	1.6566	22.538	1519.496	0.6342	1.0451
7.802	 6	128.0	10.678	0.0	109.7916	1.6306	21.3772	179.0231	0.6493	1.0558
7.812	 6	129.0	10.643	0.0	109.4317	1.6776	22.4424	183.5772	0.6221	1.0621
7.822	 6	130.0	10.601	0.0	108.9999	1.6735	21.8253	182.4128	0.6244	1.0625
7.832	 6	131.0	10.592	0.0	108.9073	1.6869	21.8785	183.715	0.6167	1.0677
7.842	 6	132.0	10.577	0.0	108.7531	1.7124	21.9677	186.2241	0.6019	1.1209
7.852	 6	133.0	10.536	0.0	108.3315	1.7206	20.4368	186.4004	0.5971	1.3182
7.862	 6	134.0	10.45	0.0	107.4473	1.7224	20.014	185.0672	0.5961	1.8705
7.872	 6	135.0	10.425	0.0	107.1902	1.6882	18.3203	180.9572	0.6159	3.0545
7.882	 6	136.0	10.363	0.0	106.5527	1.6986	13.9781	180.9908	0.6099	4.5205
