Geotek MSCL 7.9 - TN336_JPC33-38_massMS.out created at 2:35:10 on 1/25/2016.


Processing Parameters

CT	RCT=11.45	W=1.27
PWAmp	A=1	B=0
PWVel	PTO=26.43
Den1	A=7.1605E-04	B=-.096198	C=9.839
MS1	A=1	B=0	Den=1	LD=14	
FP	MGD=2.75	WD=1.026	
RES	A=513.1992	B=-1.077428	p=0	


SB DEPTH	SECT NUM	SECT DEPTH	CT	PWAmp	PWVel	Den1	MS1	Imp	FP	RES
m		cm	cm		m/s	g/cc	x 10^-8 (m^3/kg)			Ohm.m

-0.638	before cal		10.497	0.0						66.3206
-0.578	cal sect	6.0	10.456	0.01	1488.822	1.1542			0.9256	14.0148
-0.518	cal sect	12.0	10.223	0.0298	1469.033	1.1654	-0.8316	1712.052	0.9191	13.6961
-0.458	cal sect	18.0	10.23	0.0275	1468.983	1.1268	-0.8584	1655.231	0.9415	12.5285
-0.398	cal sect	24.0	10.486	0.0022	1484.428	1.1161	-1.6141	1656.817	0.9477	10.5056
-0.338	cal sect	30.0	10.637	0.0133	1490.402	1.1124	-0.7772	1657.86	0.9499	3.6224
-0.278	cal sect	36.0	10.497	0.008	1500.429	1.1553	-1.5547	1733.423	0.925	0.5312
-0.218	cal sect	42.0	10.247	0.0037	1498.099	1.174	-0.8199	1758.732	0.9142	0.39
-0.158	cal sect	48.0	10.166	0.0243	1491.491	1.1533	-0.854	1720.131	0.9262	0.3916
-0.098	cal sect	54.0	10.268	0.0114	1489.843	1.1496	-0.8324	1712.665	0.9283	0.3914
-0.038	cal sect	60.0	10.441	0.0119	1499.928	1.1455	2.3884	1718.178	0.9307	0.5528
0.002	 1	0.2	10.789	0.0	110.9329	1.1767	9.1712	130.5379	0.9126	1.3483
0.012	 1	1.2	10.784	0.0	110.8815	1.4883	9.4949	165.0248	0.7318	1.0922
0.022	 1	2.2	10.823	0.0001	1448.474	1.4795	10.5653	2143.068	0.7369	0.8524
0.032	 1	3.2	10.808	0.0	111.1282	1.4921	11.0714	165.8152	0.7296	0.7228
0.042	 1	4.2	10.738	0.0	110.4085	1.4886	12.4361	164.356	0.7317	0.6448
0.052	 1	5.2	10.308	0.0008	1527.79	1.5767	13.203	2408.942	0.6805	0.6015
0.062	 1	6.2	10.257	0.0015	1502.197	1.5604	13.5339	2343.956	0.6901	0.5777
0.072	 1	7.2	10.2	0.0019	1496.259	1.5839	13.5491	2369.854	0.6764	0.565
0.082	 1	8.2	10.178	0.0065	1489.972	1.5803	13.0437	2354.548	0.6785	0.5581
0.092	 1	9.2	10.144	0.0083	1486.954	1.5752	13.8415	2342.295	0.6814	0.5496
0.102	 1	10.2	10.148	0.0131	1483.843	1.5861	13.1072	2353.458	0.6751	0.5459
0.112	 1	11.2	10.148	0.0086	1483.409	1.5766	13.1862	2338.676	0.6807	0.5484
0.122	 1	12.2	10.144	0.009	1482.391	1.5647	13.3011	2319.534	0.6875	0.552
0.132	 1	13.2	10.144	0.0148	1479.58	1.5642	13.3057	2314.322	0.6878	0.5601
0.142	 1	14.2	10.148	0.0065	1484.06	1.5768	13.1839	2340.115	0.6805	0.5642
0.152	 1	15.2	10.15	0.0014	1512.893	1.5785	13.1627	2388.059	0.6795	0.5717
0.162	 1	16.2	10.154	0.0017	1534.069	1.6222	12.7931	2488.614	0.6542	0.5792
0.172	 1	17.2	10.159	0.0011	1537.146	1.6328	13.2965	2509.879	0.648	0.5842
0.182	 1	18.2	10.163	0.0048	1518.225	1.6381	13.2389	2486.941	0.645	0.5848
0.192	 1	19.2	10.167	0.0118	1506.222	1.6345	12.6505	2461.873	0.6471	0.5857
0.202	 1	20.2	10.169	0.0077	1517.308	1.6688	12.9728	2532.095	0.6271	0.587
0.212	 1	21.2	10.169	0.0061	1527.335	1.5714	13.1511	2399.99	0.6837	0.5865
0.222	 1	22.2	10.178	0.0023	1523.425	1.5505	13.2941	2362.054	0.6958	0.5831
0.232	 1	23.2	10.179	0.0021	1522.207	1.561	13.201	2376.152	0.6897	0.5762
0.242	 1	24.2	10.185	0.0021	1506.211	1.5579	12.576	2346.494	0.6915	0.5643
0.252	 1	25.2	10.19	0.004	1499.853	1.543	13.3135	2314.239	0.7001	0.5558
0.262	 1	26.2	10.195	0.0057	1499.044	1.5931	12.8764	2388.115	0.6711	0.5504
0.272	 1	27.2	10.197	0.0068	1495.6	1.6165	12.6824	2417.709	0.6575	0.5472
0.282	 1	28.2	10.205	0.0071	1506.495	1.5966	12.8116	2405.326	0.669	0.5485
0.292	 1	29.2	10.21	0.0043	1500.147	1.553	13.7795	2329.686	0.6943	0.5521
0.302	 1	30.2	10.21	0.0052	1494.657	1.565	13.6732	2339.208	0.6873	0.556
0.312	 1	31.2	10.21	0.008	1492.254	1.5656	13.6684	2336.272	0.687	0.5709
0.322	 1	32.2	10.209	0.0096	1485.377	1.5512	14.4263	2304.141	0.6954	0.5753
0.332	 1	33.2	10.205	0.0077	1487.609	1.5921	13.4599	2368.418	0.6716	0.5809
0.342	 1	34.2	10.208	0.0119	1491.961	1.6019	13.974	2389.924	0.666	0.5869
0.352	 1	35.2	10.22	0.0109	1494.152	1.5977	13.963	2387.215	0.6684	0.5917
0.362	 1	36.2	10.222	0.0106	1498.827	1.6011	13.9256	2399.774	0.6664	0.5999
0.372	 1	37.2	10.222	0.0118	1493.789	1.5596	14.9174	2329.762	0.6905	0.6069
0.382	 1	38.2	10.233	0.0189	1486.059	1.5759	15.3304	2341.952	0.681	0.6167
0.392	 1	39.2	10.231	0.0132	1482.539	1.5858	15.2438	2351.001	0.6753	0.6264
0.402	 1	40.2	10.232	0.0138	1488.074	1.5689	16.0201	2334.592	0.6851	0.6318
0.412	 1	41.2	10.234	0.0205	1486.204	1.5887	15.8111	2361.155	0.6736	0.6365
0.422	 1	42.2	10.229	0.0151	1485.478	1.571	16.012	2333.676	0.6839	0.6368
0.432	 1	43.2	10.228	0.0117	1490.31	1.5979	15.747	2381.337	0.6683	0.6357
0.442	 1	44.2	10.234	0.0072	1491.185	1.6015	15.0815	2388.147	0.6662	0.6339
0.452	 1	45.2	10.224	0.0082	1492.773	1.5821	15.3096	2361.712	0.6774	0.6335
0.462	 1	46.2	10.218	0.0089	1483.88	1.5766	15.3892	2339.465	0.6806	0.6335
0.472	 1	47.2	10.219	0.0148	1484.672	1.5508	16.2664	2302.41	0.6956	0.6305
0.482	 1	48.2	10.221	0.012	1483.024	1.5865	15.8913	2352.817	0.6749	0.631
0.492	 1	49.2	10.21	0.0149	1484.875	1.5815	15.9915	2348.27	0.6778	0.6297
0.502	 1	50.2	10.215	0.0141	1484.738	1.5773	16.0108	2341.92	0.6802	0.6258
0.512	 1	51.2	10.22	0.0161	1484.818	1.5802	16.573	2346.297	0.6785	0.6242
0.522	 1	52.2	10.23	0.0127	1485.407	1.5862	16.4634	2356.199	0.675	0.6238
0.532	 1	53.2	10.223	0.0101	1483.314	1.6098	16.8561	2387.898	0.6613	0.6279
0.542	 1	54.2	10.228	0.0067	1492.921	1.63	16.6242	2433.454	0.6497	0.6313
0.552	 1	55.2	10.224	0.0083	1491.901	1.6271	17.2679	2427.491	0.6513	0.6351
0.562	 1	56.2	10.229	0.0201	1486.989	1.61	18.0272	2394.125	0.6612	0.6376
0.572	 1	57.2	10.223	0.0162	1488.714	1.6255	17.2897	2419.928	0.6523	0.6458
0.582	 1	58.2	10.224	0.0163	1489.945	1.6158	18.5886	2407.379	0.6579	0.6501
0.592	 1	59.2	10.227	0.0174	1487.564	1.6255	18.4618	2417.982	0.6523	0.6567
0.602	 1	60.2	10.228	0.0137	1493.357	1.6385	18.8999	2446.938	0.6447	0.6596
0.612	 1	61.2	10.218	0.014	1496.266	1.6506	18.8152	2469.704	0.6377	0.6588
0.622	 1	62.2	10.229	0.0255	1496.781	1.6366	18.9169	2449.652	0.6458	0.6596
0.632	 1	63.2	10.229	0.0215	1493.939	1.6569	18.6852	2475.318	0.634	0.6584
0.642	 1	64.2	10.229	0.0185	1494.812	1.6524	18.1507	2470.024	0.6367	0.654
0.652	 1	65.2	10.234	0.0119	1496.418	1.6214	17.8754	2426.342	0.6546	0.6476
0.662	 1	66.2	10.234	0.0197	1494.451	1.6087	18.0171	2404.101	0.662	0.6426
0.672	 1	67.2	10.239	0.0173	1489.309	1.6093	17.3849	2396.805	0.6616	0.6378
0.682	 1	68.2	10.239	0.0186	1486.93	1.5877	17.6223	2360.735	0.6742	0.6341
0.692	 1	69.2	10.244	0.0144	1488.304	1.5994	17.4686	2380.357	0.6674	0.6331
0.702	 1	70.2	10.25	0.0116	1492.429	1.6119	17.3032	2405.707	0.6601	0.6379
0.712	 1	71.2	10.248	0.018	1494.531	1.5877	16.9714	2372.829	0.6742	0.6433
0.722	 1	72.2	10.262	0.0157	1491.57	1.6057	17.3116	2395.063	0.6637	0.681
0.732	 1	73.2	10.267	0.0096	1491.863	1.6433	16.3096	2451.573	0.6419	0.6986
0.742	 1	74.2	10.267	0.0078	1516.544	1.6556	16.7667	2510.773	0.6348	0.6993
0.752	 1	75.2	10.277	0.0208	1509.991	1.6423	16.8551	2479.848	0.6425	0.6967
0.762	 1	76.2	10.287	0.0102	1507.032	1.641	16.2411	2473.031	0.6433	0.6916
0.772	 1	77.2	10.292	0.0062	1504.019	1.6196	16.433	2435.86	0.6557	0.6853
0.782	 1	78.2	10.302	0.0133	1502.187	1.5892	16.1034	2387.329	0.6733	0.6801
0.792	 1	79.2	10.309	0.0136	1502.332	1.553	16.4466	2333.165	0.6943	0.6795
0.802	 1	80.2	10.333	0.0126	1496.235	1.5629	16.2335	2338.483	0.6886	0.6668
0.812	 1	81.2	10.373	0.0123	1502.027	1.5525	16.1618	2331.864	0.6946	0.6618
0.822	 1	82.2	10.393	0.0043	1500.144	1.56	15.9953	2340.176	0.6903	0.6579
0.832	 1	83.2	10.467	0.0021	1507.562	1.5653	15.0404	2359.787	0.6872	0.657
0.842	 1	84.2	10.594	0.0015	1519.507	1.59	14.3029	2415.98	0.6729	0.6617
0.852	 1	85.2	10.657	0.0	109.5757	1.58	14.6949	173.1301	0.6787	0.6724
0.862	 1	86.2	10.659	0.0008	1537.208	1.6011	14.4934	2461.243	0.6664	0.6938
0.872	 1	87.2	10.647	0.0048	1525.577	1.5887	15.1968	2423.65	0.6736	0.7299
0.882	 1	88.2	10.601	0.0008	1519.857	1.5976	14.7542	2428.127	0.6684	0.7955
0.892	 1	89.2	10.543	0.0007	1519.164	1.6049	14.9198	2438.156	0.6642	0.9293
0.902	 1	90.2	10.485	0.0019	1536.489	1.6065	15.1433	2468.379	0.6633	1.187
0.912	 1	91.2	10.696	0.0013	1535.017	1.6032	14.3317	2460.902	0.6652	1.5765
0.922	 1	92.2	10.77	0.0007	1454.226	1.1189	20.1327	1627.202	0.9461	1.7874
0.932	 2	0.7	10.826	0.0	111.3133	1.504	14.7581	167.4129	0.7228	1.5768
0.942	 2	1.7	10.857	0.0	111.6321	1.569	14.031	175.156	0.685	1.1908
0.952	 2	2.7	10.867	0.0001	1381.691	1.5872	13.8338	2193.067	0.6745	0.9272
0.962	 2	3.7	10.844	0.0	111.4984	1.6098	13.2147	179.4869	0.6614	0.7865
0.972	 2	4.7	10.632	0.0	109.3186	1.5468	14.552	169.0944	0.6979	0.7148
0.982	 2	5.7	10.392	0.0002	1490.747	1.5395	15.0111	2295.062	0.7021	0.6747
0.992	 2	6.7	10.263	0.0002	1491.065	1.5625	15.3327	2329.747	0.6888	0.6473
1.002	 2	7.7	10.205	0.0099	1478.771	1.5661	14.9274	2315.889	0.6867	0.628
1.012	 2	8.7	10.21	0.0188	1476.287	1.5764	15.4256	2327.256	0.6807	0.6134
1.022	 2	9.7	10.183	0.0347	1471.744	1.5742	15.566	2316.806	0.682	0.6017
1.032	 2	10.7	10.182	0.0313	1475.438	1.5766	14.925	2326.135	0.6806	0.5951
1.042	 2	11.7	10.188	0.0314	1478.021	1.5996	14.6853	2364.221	0.6673	0.5909
1.052	 2	12.7	10.166	0.0262	1474.829	1.5911	14.8558	2346.636	0.6722	0.5876
1.062	 2	13.7	10.172	0.0187	1477.2	1.556	15.1649	2298.58	0.6926	0.5852
1.072	 2	14.7	10.177	0.0636	1485.693	1.5506	15.1961	2303.778	0.6957	0.5831
1.082	 2	15.7	10.175	0.0858	1487.573	1.5668	15.6746	2330.784	0.6863	0.5816
1.092	 2	16.7	10.181	0.093	1487.798	1.5607	15.0812	2321.983	0.6899	0.5788
1.102	 2	17.7	10.183	0.1204	1488.525	1.5571	15.7369	2317.767	0.6919	0.5788
1.112	 2	18.7	10.184	0.0625	1487.149	1.5799	15.5054	2349.534	0.6787	0.5798
1.122	 2	19.7	10.195	0.0388	1496.624	1.6085	15.1823	2407.316	0.6621	0.581
1.132	 2	20.7	10.205	0.0715	1493.706	1.6293	14.9465	2433.638	0.6501	0.5837
1.142	 2	21.7	10.211	0.0255	1483.941	1.61	15.0996	2389.149	0.6613	0.5903
1.152	 2	22.7	10.227	0.0194	1485.403	1.5864	15.2551	2356.465	0.6749	0.5922
1.162	 2	23.7	10.231	0.0332	1485.552	1.604	15.071	2382.803	0.6647	0.5904
1.172	 2	24.7	10.231	0.0445	1486.416	1.5886	15.8254	2361.344	0.6737	0.5877
1.182	 2	25.7	10.231	0.0388	1485.768	1.6097	15.6178	2391.691	0.6614	0.5881
1.192	 2	26.7	10.235	0.0366	1488.078	1.5715	15.9801	2338.458	0.6836	0.5897
1.202	 2	27.7	10.225	0.0129	1473.98	1.5661	15.462	2308.347	0.6867	0.5921
1.212	 2	28.7	10.231	0.0108	1483.829	1.555	16.1678	2307.311	0.6932	0.592
1.222	 2	29.7	10.23	0.0207	1485.407	1.5792	15.3117	2345.766	0.6791	0.5931
1.232	 2	30.7	10.23	0.0219	1484.545	1.5939	15.1709	2366.172	0.6706	0.5966
1.242	 2	31.7	10.23	0.0234	1485.839	1.6016	15.098	2379.666	0.6661	0.6007
1.252	 2	32.7	10.234	0.0147	1486.852	1.6061	15.0384	2388.028	0.6635	0.6036
1.262	 2	33.7	10.235	0.0207	1485.055	1.5903	15.1839	2361.619	0.6727	0.6085
1.272	 2	34.7	10.239	0.0086	1478.983	1.5815	15.8612	2338.956	0.6778	0.6152
1.282	 2	35.7	10.236	0.0079	1481.331	1.5992	15.6986	2368.941	0.6675	0.6203
1.292	 2	36.7	10.237	0.0075	1483.623	1.6022	15.6649	2377.039	0.6658	0.6308
1.302	 2	37.7	10.235	0.0086	1483.333	1.614	15.5588	2394.121	0.6589	0.6445
1.312	 2	38.7	10.232	0.0072	1478.185	1.6099	16.2126	2379.678	0.6613	0.6574
1.322	 2	39.7	10.24	0.0157	1482.983	1.6121	16.7523	2390.672	0.6601	0.6677
1.332	 2	40.7	10.242	0.0108	1485.424	1.5997	16.8724	2376.214	0.6672	0.6713
1.342	 2	41.7	10.233	0.0122	1486.059	1.6126	16.7799	2396.409	0.6597	0.6788
1.352	 2	42.7	10.248	0.0163	1489.535	1.6108	16.7276	2399.358	0.6608	0.6798
1.362	 2	43.7	10.249	0.0162	1493.588	1.6489	16.9204	2462.737	0.6387	0.6838
1.372	 2	44.7	10.249	0.0146	1495.986	1.6486	16.9234	2466.243	0.6389	0.6844
1.382	 2	45.7	10.249	0.0156	1507.649	1.6755	17.2252	2526.14	0.6232	0.6874
1.392	 2	46.7	10.249	0.0104	1514.78	1.6976	17.0017	2571.444	0.6105	0.6888
1.402	 2	47.7	10.256	0.0169	1515.814	1.6466	16.9109	2495.867	0.6401	0.689
1.412	 2	48.7	10.259	0.0289	1493.521	1.6079	17.3025	2401.479	0.6625	0.6857
1.422	 2	49.7	10.253	0.0299	1488.099	1.6043	17.3713	2387.309	0.6646	0.6816
1.432	 2	50.7	10.243	0.0352	1486.863	1.6104	16.755	2394.507	0.661	0.678
1.442	 2	51.7	10.246	0.0331	1488.595	1.6088	16.1593	2394.877	0.6619	0.6726
1.452	 2	52.7	10.255	0.0248	1489.903	1.6155	16.6463	2406.936	0.6581	0.6687
1.462	 2	53.7	10.263	0.0147	1492.149	1.6099	16.6667	2402.209	0.6613	0.6661
1.472	 2	54.7	10.272	0.0103	1482.893	1.6073	16.6511	2383.506	0.6628	0.6694
1.482	 2	55.7	10.283	0.0074	1478.505	1.6166	16.5046	2390.169	0.6574	0.6673
1.492	 2	56.7	10.293	0.0125	1486.354	1.5983	16.0523	2375.668	0.668	0.6642
1.502	 2	57.7	10.297	0.0121	1485.644	1.5957	16.6555	2370.641	0.6695	0.6621
1.512	 2	58.7	10.298	0.0066	1484.289	1.6131	16.4712	2394.302	0.6595	0.6633
1.522	 2	59.7	10.297	0.0091	1486.717	1.606	16.5484	2387.702	0.6636	0.6625
1.532	 2	60.7	10.296	0.0115	1485.714	1.6198	16.4121	2406.58	0.6556	0.6619
1.542	 2	61.7	10.297	0.0132	1487.576	1.6101	15.9173	2395.095	0.6612	0.6638
1.552	 2	62.7	10.296	0.0183	1487.431	1.6079	16.5336	2391.656	0.6625	0.6651
1.562	 2	63.7	10.292	0.0133	1485.566	1.608	16.5516	2388.727	0.6624	0.6679
1.572	 2	64.7	10.292	0.0117	1486.639	1.6411	16.2175	2439.709	0.6432	0.6722
1.582	 2	65.7	10.287	0.0112	1490.222	1.6082	16.5727	2396.518	0.6623	0.6776
1.592	 2	66.7	10.282	0.0098	1492.091	1.637	16.3032	2442.608	0.6456	0.683
1.602	 2	67.7	10.279	0.0091	1493.824	1.6272	17.002	2430.724	0.6513	0.6868
1.612	 2	68.7	10.272	0.0182	1498.906	1.6374	16.9287	2454.374	0.6453	0.6892
1.622	 2	69.7	10.261	0.0165	1490.991	1.6557	16.7943	2468.562	0.6348	0.6935
1.632	 2	70.7	10.262	0.0072	1490.27	1.6814	16.5322	2505.781	0.6198	0.6966
1.642	 2	71.7	10.257	0.0055	1505.504	1.7245	16.1421	2596.218	0.5948	0.6944
1.652	 2	72.7	10.257	0.0031	1514.395	1.695	15.8567	2566.891	0.612	0.6934
1.662	 2	73.7	10.252	0.0072	1505.875	1.6427	16.3843	2473.731	0.6423	0.6891
1.672	 2	74.7	10.246	0.0083	1487.515	1.6464	15.7908	2448.993	0.6402	0.6838
1.682	 2	75.7	10.239	0.0062	1483.698	1.6297	15.9836	2418.001	0.6498	0.6791
1.692	 2	76.7	10.239	0.0069	1483.698	1.6241	16.0384	2409.739	0.653	0.6795
1.702	 2	77.7	10.229	0.0075	1487.206	1.6605	15.7312	2469.548	0.6319	0.6794
1.712	 2	78.7	10.219	0.0101	1489.65	1.6465	15.9098	2452.757	0.6401	0.6796
1.722	 2	79.7	10.211	0.0087	1489.135	1.6616	15.8008	2474.408	0.6313	0.6799
1.732	 2	80.7	10.209	0.0158	1489.278	1.6395	15.4296	2441.706	0.6441	0.6802
1.742	 2	81.7	10.199	0.0155	1481.551	1.645	15.4218	2437.139	0.641	0.6783
1.752	 2	82.7	10.195	0.0126	1482.693	1.6474	14.8236	2442.624	0.6395	0.6766
1.762	 2	83.7	10.184	0.0129	1482.172	1.6391	14.9453	2429.435	0.6444	0.6767
1.772	 2	84.7	10.179	0.0176	1482.307	1.6435	14.9268	2436.119	0.6418	0.6728
1.782	 2	85.7	10.175	0.0193	1483.236	1.6684	14.7201	2474.676	0.6274	0.6728
1.792	 2	86.7	10.176	0.015	1485.547	1.6469	14.9081	2446.58	0.6398	0.67
1.802	 2	87.7	10.187	0.0168	1485.852	1.6434	14.8939	2441.791	0.6419	0.6672
1.812	 2	88.7	10.199	0.0199	1482.628	1.6636	14.6628	2466.494	0.6302	0.6668
1.822	 2	89.7	10.193	0.0195	1486.293	1.6594	14.7246	2466.412	0.6326	0.6674
1.832	 2	90.7	10.199	0.0227	1487.385	1.6364	14.3103	2433.956	0.6459	0.6684
1.842	 2	91.7	10.205	0.0342	1489.563	1.6569	14.1094	2468.035	0.6341	0.6715
1.852	 2	92.7	10.205	0.0257	1483.716	1.6539	14.135	2453.889	0.6358	0.668
1.862	 2	93.7	10.206	0.0149	1486.022	1.6519	14.1478	2454.789	0.6369	0.6737
1.872	 2	94.7	10.222	0.0235	1490.522	1.6292	14.2805	2428.344	0.6501	0.6757
1.882	 2	95.7	10.221	0.014	1484.963	1.6444	14.1522	2441.907	0.6413	0.6783
1.892	 2	96.7	10.204	0.0135	1489.853	1.6394	14.8579	2442.522	0.6442	0.6782
1.902	 2	97.7	10.215	0.0204	1499.56	1.6631	14.0169	2493.929	0.6304	0.6742
1.912	 2	98.7	10.214	0.0385	1498.533	1.6645	14.0093	2494.282	0.6297	0.6724
1.922	 2	99.7	10.211	0.0222	1494.365	1.6469	13.5802	2461.112	0.6398	0.6708
1.932	 2	100.7	10.202	0.0186	1491.302	1.6204	14.4393	2416.502	0.6552	0.6691
1.942	 2	101.7	10.207	0.0196	1483.36	1.6363	14.2788	2427.217	0.646	0.6661
1.952	 2	102.7	10.196	0.0214	1488.685	1.6523	13.5932	2459.814	0.6367	0.6631
1.962	 2	103.7	10.201	0.0215	1489.85	1.6605	14.0942	2473.969	0.6319	0.6586
1.972	 2	104.7	10.2	0.0312	1492.756	1.6904	13.8492	2523.363	0.6146	0.6587
1.982	 2	105.7	10.204	0.0099	1497.066	1.6777	13.3574	2511.642	0.622	0.6558
1.992	 2	106.7	10.2	0.0169	1491.446	1.6768	13.3795	2500.908	0.6225	0.6605
2.002	 2	107.7	10.203	0.0094	1487.535	1.6669	12.8633	2479.548	0.6283	0.6638
2.012	 2	108.7	10.199	0.0105	1489.122	1.6335	13.1414	2432.411	0.6476	0.6694
2.022	 2	109.7	10.199	0.0169	1486.301	1.6672	12.8751	2478.013	0.6281	0.6644
2.032	 2	110.7	10.201	0.0072	1482.919	1.6429	12.465	2436.266	0.6422	0.6623
2.042	 2	111.7	10.201	0.0133	1482.488	1.6136	12.0869	2392.144	0.6592	0.6569
2.052	 2	112.7	10.199	0.0101	1483.275	1.6119	12.1065	2390.886	0.6602	0.6541
2.062	 2	113.7	10.201	0.0188	1491.156	1.6241	12.6096	2421.713	0.6531	0.6496
2.072	 2	114.7	10.205	0.0262	1485.876	1.5938	12.2232	2368.186	0.6707	0.6467
2.082	 2	115.7	10.199	0.0286	1479.832	1.6001	12.1955	2367.937	0.667	0.6464
2.092	 2	116.7	10.2	0.024	1480.192	1.6178	12.0588	2394.67	0.6567	0.6444
2.102	 2	117.7	10.2	0.029	1481.697	1.6219	12.0286	2403.132	0.6544	0.6434
2.112	 2	118.7	10.2	0.0249	1478.904	1.6115	12.1064	2383.18	0.6604	0.6417
2.122	 2	119.7	10.205	0.025	1480.917	1.6109	11.4884	2385.682	0.6607	0.6374
2.132	 2	120.7	10.218	0.0272	1480.44	1.6135	11.4281	2388.712	0.6592	0.6296
2.142	 2	121.7	10.22	0.0231	1482.448	1.5934	12.1743	2362.195	0.6709	0.626
2.152	 2	122.7	10.222	0.0299	1482.094	1.6022	11.4955	2374.677	0.6658	0.6231
2.162	 2	123.7	10.232	0.0287	1482.254	1.6104	11.4048	2387.083	0.661	0.6247
2.172	 2	124.7	10.232	0.0472	1485.266	1.6013	11.4702	2378.284	0.6663	0.6297
2.182	 2	125.7	10.242	0.045	1484.348	1.5855	11.5516	2353.433	0.6755	0.6311
2.192	 2	126.7	10.248	0.0517	1481.567	1.5798	11.5738	2340.57	0.6788	0.6287
2.202	 2	127.7	10.247	0.04	1480.566	1.6038	12.0041	2374.491	0.6649	0.6282
2.212	 2	128.7	10.243	0.0347	1484.278	1.6209	11.2963	2405.841	0.6549	0.6361
2.222	 2	129.7	10.255	0.0411	1487.31	1.6031	11.3831	2384.298	0.6653	0.6654
2.232	 2	130.7	10.258	0.0392	1481.514	1.5794	12.1519	2339.865	0.679	0.6704
2.242	 2	131.7	10.262	0.0339	1481.663	1.5886	12.0677	2353.795	0.6737	0.6734
2.252	 2	132.7	10.267	0.0219	1480.462	1.5907	11.4334	2354.933	0.6725	0.6761
2.262	 2	133.7	10.282	0.0233	1483.48	1.5844	12.0321	2350.422	0.6761	0.6786
2.272	 2	134.7	10.287	0.0216	1479.292	1.5848	12.0125	2344.317	0.6759	0.6769
2.282	 2	135.7	10.292	0.0156	1483.425	1.5979	11.897	2370.369	0.6683	0.6753
2.292	 2	136.7	10.302	0.029	1486.366	1.6035	12.4133	2383.413	0.665	0.6765
2.302	 2	137.7	10.308	0.0276	1485.731	1.5737	12.6276	2338.048	0.6823	0.6763
2.312	 2	138.7	10.328	0.0078	1481.141	1.598	12.3657	2366.934	0.6682	0.6765
2.322	 2	139.7	10.373	0.0045	1479.743	1.5688	12.4393	2321.453	0.6851	0.6759
2.332	 2	140.7	10.457	0.0026	1493.004	1.5699	12.7242	2343.836	0.6845	0.6738
2.342	 2	141.7	10.576	0.0002	1456.749	1.553	11.8849	2262.402	0.6943	0.6746
2.352	 2	142.7	10.557	0.0002	1483.35	1.5803	12.2992	2344.192	0.6785	0.6796
2.362	 2	143.7	10.6	0.0011	1503.759	1.5782	12.7264	2373.22	0.6797	0.6931
2.372	 2	144.7	10.618	0.0011	1504.605	1.5767	12.1258	2372.243	0.6806	0.7201
2.382	 2	145.7	10.591	0.0021	1499.929	1.5855	12.6983	2378.196	0.6754	0.7786
2.392	 2	146.7	10.547	0.0013	1510.599	1.6058	12.6889	2425.692	0.6637	0.913
2.402	 2	147.7	10.509	0.0035	1523.264	1.587	12.973	2417.394	0.6746	1.1876
2.412	 2	148.7	10.716	0.0	110.1823	1.5575	12.4999	171.6034	0.6917	1.5975
2.422	 2	149.7	10.788	0.0	110.9226	1.1849	16.8189	131.4337	0.9078	1.8643
2.432	 3	0.8	10.789	0.0	110.9329	1.4714	13.5403	163.2311	0.7416	1.699
2.442	 3	1.8	10.85	0.0	111.5601	1.5715	13.5152	175.3158	0.6836	1.3518
2.452	 3	2.8	10.884	0.0	111.9097	1.5804	13.3195	176.8619	0.6784	1.087
2.462	 3	3.8	10.846	0.0	111.519	1.5947	13.8453	177.8391	0.6701	0.9205
2.472	 3	4.8	10.656	0.0	109.5654	1.613	14.9311	176.7322	0.6595	0.8231
2.482	 3	5.8	10.404	0.0007	1490.331	1.6419	15.1514	2446.905	0.6428	0.7664
2.492	 3	6.8	10.274	0.0052	1479.551	1.6416	16.2946	2428.802	0.6429	0.7331
2.502	 3	7.8	10.194	0.0205	1497.796	1.6821	15.6836	2519.478	0.6194	0.7139
2.512	 3	8.8	10.172	0.0176	1484.097	1.6741	15.8574	2484.525	0.6241	0.7118
2.522	 3	9.8	10.158	0.0192	1484.654	1.6822	15.8436	2497.528	0.6194	0.7163
2.532	 3	10.8	10.16	0.0182	1486.467	1.6409	16.2334	2439.15	0.6433	0.7159
2.542	 3	11.8	10.159	0.0203	1484.583	1.6548	16.1021	2456.625	0.6353	0.7163
2.552	 3	12.8	10.161	0.0304	1483.574	1.6701	15.9449	2477.749	0.6264	0.7139
2.562	 3	13.8	10.163	0.019	1481.055	1.6607	16.0261	2459.611	0.6318	0.7112
2.572	 3	14.8	10.175	0.0153	1486.052	1.6552	16.6188	2459.641	0.6351	0.7061
2.582	 3	15.8	10.176	0.0184	1487.937	1.6698	16.4685	2484.536	0.6266	0.6998
2.592	 3	16.8	10.187	0.0314	1489.11	1.6472	16.642	2452.902	0.6397	0.6977
2.602	 3	17.8	10.2	0.0412	1486.664	1.6436	17.2105	2443.541	0.6417	0.699
2.612	 3	18.8	10.206	0.0288	1486.239	1.6439	16.5867	2443.172	0.6416	0.7
2.622	 3	19.8	10.214	0.0312	1484.377	1.6402	17.1785	2434.678	0.6437	0.7069
2.632	 3	20.8	10.221	0.0404	1488.856	1.6561	16.98	2465.688	0.6345	0.7105
2.642	 3	21.8	10.226	0.0335	1490.019	1.6439	17.6707	2449.467	0.6416	0.713
2.652	 3	22.8	10.23	0.0326	1488.866	1.646	17.629	2450.606	0.6404	0.7155
2.662	 3	23.8	10.226	0.0309	1492.629	1.6849	17.2412	2514.885	0.6178	0.7134
2.672	 3	24.8	10.242	0.0272	1497.587	1.7187	17.387	2573.859	0.5982	0.7074
2.682	 3	25.8	10.235	0.0215	1512.934	1.7589	17.0227	2661.119	0.5749	0.7009
2.692	 3	26.8	10.231	0.01	1522.244	1.7513	17.1156	2665.967	0.5793	0.6963
2.702	 3	27.8	10.231	0.0313	1515.704	1.7018	17.0455	2579.444	0.608	0.6946
2.712	 3	28.8	10.226	0.0298	1495.029	1.6781	17.3109	2508.79	0.6218	0.6915
2.722	 3	29.8	10.228	0.0245	1486.412	1.6698	17.387	2482.012	0.6266	0.6875
2.732	 3	30.8	10.232	0.0193	1481.825	1.6441	17.6384	2436.331	0.6414	0.6859
2.742	 3	31.8	10.22	0.018	1490.665	1.6413	17.7287	2446.65	0.6431	0.6819
2.752	 3	32.8	10.222	0.0357	1484.03	1.6626	17.4922	2467.311	0.6308	0.6771
2.762	 3	33.8	10.225	0.0203	1484.897	1.6497	17.6133	2449.705	0.6382	0.6735
2.772	 3	34.8	10.221	0.0315	1485.61	1.6673	17.4476	2476.942	0.628	0.6724
2.782	 3	35.8	10.226	0.0128	1481.814	1.6607	17.492	2460.869	0.6318	0.6742
2.792	 3	36.8	10.233	0.009	1485.196	1.685	17.2064	2502.487	0.6178	0.6777
2.802	 3	37.8	10.233	0.0176	1487.355	1.6693	16.7889	2482.826	0.6269	0.6808
2.812	 3	38.8	10.233	0.0122	1487.355	1.6494	17.5777	2453.176	0.6384	0.6879
2.822	 3	39.8	10.233	0.0143	1488.004	1.6321	17.1711	2428.629	0.6484	0.6923
2.832	 3	40.8	10.238	0.0324	1492.637	1.6384	17.0811	2445.58	0.6448	0.6962
2.842	 3	41.8	10.245	0.0337	1489.099	1.6305	17.1301	2428.008	0.6493	0.7021
2.852	 3	42.8	10.241	0.0229	1482.27	1.6209	17.2511	2402.623	0.6549	0.7073
2.862	 3	43.8	10.241	0.0196	1485.064	1.63	17.7466	2420.627	0.6497	0.7159
2.872	 3	44.8	10.245	0.0182	1487.585	1.645	17.5644	2447.129	0.6409	0.7191
2.882	 3	45.8	10.245	0.0243	1486.29	1.6388	17.6314	2435.718	0.6446	0.7222
2.892	 3	46.8	10.245	0.0276	1486.075	1.6492	17.5199	2450.861	0.6385	0.7181
2.902	 3	47.8	10.251	0.0197	1488.456	1.6558	17.4212	2464.526	0.6347	0.7199
2.912	 3	48.8	10.247	0.0251	1488.092	1.6417	17.5898	2443.054	0.6428	0.7191
2.922	 3	49.8	10.25	0.0323	1488.311	1.641	17.5833	2442.257	0.6433	0.7217
2.932	 3	50.8	10.255	0.0148	1485.156	1.6319	18.2449	2423.587	0.6486	0.7188
2.942	 3	51.8	10.249	0.0263	1487.518	1.6066	17.9642	2389.875	0.6632	0.7198
2.952	 3	52.8	10.27	0.0276	1484.104	1.6404	18.0734	2434.576	0.6436	0.7172
2.962	 3	53.8	10.259	0.0206	1483.586	1.6389	18.146	2431.487	0.6445	0.7164
2.972	 3	54.8	10.256	0.0216	1487.67	1.6261	18.8946	2419.147	0.6519	0.7155
2.982	 3	55.8	10.241	0.0229	1487.22	1.6583	18.6067	2466.23	0.6332	0.7183
2.992	 3	56.8	10.251	0.0185	1489.754	1.6752	18.3667	2495.67	0.6234	0.7243
3.002	 3	57.8	10.26	0.021	1491.279	1.661	18.4777	2476.942	0.6317	0.7301
3.012	 3	58.8	10.256	0.0231	1495.262	1.6735	18.9337	2502.299	0.6244	0.7339
3.022	 3	59.8	10.265	0.0309	1495.919	1.6583	19.0585	2480.724	0.6332	0.7396
3.032	 3	60.8	10.262	0.0345	1489.405	1.6361	19.334	2436.779	0.6461	0.7422
3.042	 3	61.8	10.268	0.0325	1490.492	1.66	19.0238	2474.157	0.6323	0.7459
3.052	 3	62.8	10.267	0.0156	1489.698	1.6586	19.0446	2470.826	0.6331	0.7483
3.062	 3	63.8	10.267	0.0292	1492.73	1.6785	18.8195	2505.473	0.6215	0.7528
3.072	 3	64.8	10.267	0.0213	1497.302	1.6745	18.2928	2507.16	0.6239	0.7532
3.082	 3	65.8	10.261	0.0291	1507.862	1.7012	18.5988	2565.225	0.6083	0.7533
3.092	 3	66.8	10.264	0.0117	1514.088	1.6998	17.4716	2573.635	0.6092	0.7483
3.102	 3	67.8	10.255	0.0179	1534.95	1.7348	16.6085	2662.886	0.5888	0.7424
3.112	 3	68.8	10.248	0.0079	1532.755	1.7432	15.4573	2671.884	0.584	0.7386
3.122	 3	69.8	10.249	0.0168	1514.78	1.7111	14.0558	2591.986	0.6026	0.7309
3.132	 3	70.8	10.239	0.0127	1493.219	1.6424	13.5103	2452.498	0.6424	0.7272
3.142	 3	71.8	10.239	0.0207	1486.714	1.646	12.3087	2447.129	0.6404	0.7196
3.152	 3	72.8	10.238	0.0155	1481.192	1.613	11.3677	2389.107	0.6595	0.7087
3.162	 3	73.8	10.235	0.0156	1479.046	1.6248	10.7001	2403.123	0.6527	0.7034
3.172	 3	74.8	10.234	0.0229	1478.902	1.6373	10.0313	2421.394	0.6454	0.6938
3.182	 3	75.8	10.23	0.017	1483.899	1.6329	8.8849	2423.077	0.648	0.6891
3.192	 3	76.8	10.226	0.0328	1486.986	1.6577	8.7619	2464.968	0.6336	0.6859
3.202	 3	77.8	10.221	0.018	1482.594	1.6232	8.3634	2406.552	0.6536	0.683
3.212	 3	78.8	10.209	0.0159	1483.219	1.6324	7.7483	2421.268	0.6482	0.6822
3.222	 3	79.8	10.209	0.0131	1481.713	1.6354	7.1394	2423.172	0.6465	0.684
3.232	 3	80.8	10.204	0.0136	1481.632	1.6667	7.015	2469.467	0.6284	0.6858
3.242	 3	81.8	10.198	0.0117	1481.406	1.6601	7.0548	2459.33	0.6322	0.691
3.252	 3	82.8	10.194	0.0124	1481.901	1.6569	7.0768	2455.314	0.6341	0.6906
3.262	 3	83.8	10.189	0.0128	1484.628	1.633	6.5912	2424.391	0.6479	0.696
3.272	 3	84.8	10.183	0.0206	1483.321	1.6635	6.4814	2467.482	0.6302	0.6977
3.282	 3	85.8	10.191	0.0127	1487.086	1.674	6.426	2489.425	0.6241	0.7041
3.292	 3	86.8	10.196	0.0232	1486.297	1.6723	5.8396	2485.523	0.6251	0.708
3.302	 3	87.8	10.191	0.0109	1480.82	1.6538	5.9134	2448.907	0.6359	0.7116
3.312	 3	88.8	10.209	0.0176	1482.573	1.6538	5.8831	2451.927	0.6358	0.7115
3.322	 3	89.8	10.208	0.0122	1483.505	1.7101	5.6912	2536.892	0.6032	0.7021
3.332	 3	90.8	10.208	0.0189	1491.961	1.6854	5.1972	2514.5	0.6175	0.6978
3.342	 3	91.8	10.214	0.0168	1488.054	1.6884	5.7545	2512.428	0.6158	0.6924
3.352	 3	92.8	10.215	0.0149	1486.034	1.6913	5.7429	2513.387	0.6141	0.6937
3.362	 3	93.8	10.237	0.0139	1493.145	1.6967	5.1203	2533.478	0.6109	0.6972
3.372	 3	94.8	10.237	0.0161	1489.668	1.6662	5.2141	2482.089	0.6287	0.7058
3.382	 3	95.8	10.24	0.0166	1487.723	1.6603	5.2284	2470.002	0.6321	0.7072
3.392	 3	96.8	10.231	0.0132	1490.965	1.6736	5.1999	2495.261	0.6244	0.7049
3.402	 3	97.8	10.219	0.0149	1491.172	1.6836	4.6104	2510.464	0.6186	0.6991
3.412	 3	98.8	10.225	0.0163	1494.228	1.7174	5.0759	2566.15	0.599	0.6932
3.422	 3	99.8	10.23	0.0138	1495.833	1.7118	4.5203	2560.518	0.6022	0.687
3.432	 3	100.8	10.225	0.0106	1496.633	1.6606	4.6662	2485.271	0.6319	0.6855
3.442	 3	101.8	10.23	0.0168	1485.839	1.6738	4.623	2486.926	0.6243	0.6827
3.452	 3	102.8	10.224	0.0104	1484.536	1.6607	5.2505	2465.423	0.6318	0.6791
3.462	 3	103.8	10.224	0.0183	1491.249	1.658	5.2591	2472.519	0.6334	0.6732
3.472	 3	104.8	10.223	0.0121	1483.529	1.6326	5.3426	2421.947	0.6482	0.6687
3.482	 3	105.8	10.218	0.0228	1483.234	1.6304	5.3572	2418.287	0.6494	0.6675
3.492	 3	106.8	10.217	0.018	1479.01	1.6224	4.7869	2399.518	0.6541	0.6642
3.502	 3	107.8	10.205	0.0205	1485.876	1.6346	4.7674	2428.743	0.647	0.6608
3.512	 3	108.8	10.218	0.0477	1490.156	1.6272	4.7714	2424.766	0.6513	0.6591
3.522	 3	109.8	10.214	0.0329	1484.809	1.6364	4.75	2429.676	0.646	0.6577
3.532	 3	110.8	10.207	0.0466	1483.36	1.6319	5.3691	2420.663	0.6486	0.6563
3.542	 3	111.8	10.212	0.0245	1478.928	1.6232	4.7913	2400.56	0.6536	0.6587
3.552	 3	112.8	10.216	0.0202	1482.083	1.6217	5.3891	2403.444	0.6545	0.6636
3.562	 3	113.8	10.211	0.013	1482.864	1.6604	5.2708	2462.194	0.632	0.6692
3.572	 3	114.8	10.217	0.0244	1488.708	1.6323	5.3524	2430.075	0.6483	0.6705
3.582	 3	115.8	10.222	0.0196	1484.246	1.636	4.7405	2428.167	0.6462	0.671
3.592	 3	116.8	10.223	0.0284	1481.594	1.6388	5.3224	2427.974	0.6446	0.6691
3.602	 3	117.8	10.223	0.0172	1477.526	1.651	4.696	2439.348	0.6375	0.6616
3.612	 3	118.8	10.233	0.0139	1478.544	1.6201	4.7719	2395.441	0.6554	0.6574
3.622	 3	119.8	10.227	0.0157	1478.318	1.6156	5.3927	2388.32	0.658	0.6565
3.632	 3	120.8	10.232	0.0163	1479.468	1.632	4.7386	2414.498	0.6485	0.6595
3.642	 3	121.8	10.237	0.0123	1483.838	1.623	5.3529	2408.27	0.6537	0.6659
3.652	 3	122.8	10.243	0.0138	1479.775	1.6218	4.7538	2399.836	0.6544	0.6677
3.662	 3	123.8	10.248	0.0213	1485.863	1.6289	4.7263	2420.276	0.6503	0.6722
3.672	 3	124.8	10.253	0.0239	1484.651	1.6384	5.2788	2432.453	0.6448	0.6818
3.682	 3	125.8	10.257	0.029	1488.679	1.656	5.2168	2465.247	0.6346	0.6855
3.692	 3	126.8	10.261	0.0388	1487.748	1.6572	5.2073	2465.438	0.6339	0.6989
3.702	 3	127.8	10.268	0.0292	1491.141	1.6633	5.1779	2480.21	0.6303	0.7259
3.712	 3	128.8	10.267	0.0416	1492.08	1.6508	5.2186	2463.087	0.6376	0.7254
3.722	 3	129.8	10.273	0.0291	1490.353	1.6546	5.1977	2465.97	0.6354	0.7327
3.732	 3	130.8	10.278	0.0365	1492.81	1.6457	5.2185	2456.74	0.6405	0.7333
3.742	 3	131.8	10.283	0.0225	1485.768	1.6479	5.2043	2448.407	0.6393	0.7349
3.752	 3	132.8	10.294	0.0117	1487.787	1.6679	5.126	2481.509	0.6277	0.7286
3.762	 3	133.8	10.298	0.0102	1491.167	1.6762	5.0951	2499.443	0.6229	0.7194
3.772	 3	134.8	10.303	0.0152	1496.224	1.7022	5.0103	2546.816	0.6078	0.7229
3.782	 3	135.8	10.33	0.0103	1498.404	1.6227	5.2163	2431.405	0.6539	0.7275
3.792	 3	136.8	10.387	0.0084	1499.062	1.643	5.0706	2463.019	0.6421	0.7299
3.802	 3	137.8	10.472	0.0021	1503.95	1.6339	4.9809	2457.269	0.6474	0.7338
3.812	 3	138.8	10.563	0.0001	1502.988	1.5964	4.9728	2399.338	0.6692	0.7383
3.822	 3	139.8	10.561	0.0011	1496.74	1.6083	4.9385	2407.25	0.6622	0.7536
3.832	 3	140.8	10.545	0.0004	1483.122	1.6306	4.8923	2418.389	0.6493	0.782
3.842	 3	141.8	10.518	0.003	1497.011	1.6453	4.3416	2463.086	0.6408	0.8294
3.852	 3	142.8	10.496	0.0008	1494.518	1.6595	4.872	2480.091	0.6326	0.9144
3.862	 3	143.8	10.492	0.0001	1461.485	1.6774	4.8251	2451.505	0.6222	1.0671
3.872	 3	144.8	10.468	0.0019	1510.098	1.6904	4.2843	2552.601	0.6146	1.3094
3.882	 3	145.8	10.507	0.008	1526.293	1.7462	4.1032	2665.185	0.5823	1.6641
3.892	 3	146.8	10.804	0.0	111.0871	1.1876	5.57	131.9275	0.9063	2.002
3.902	 4	0.1	10.831	0.0	111.3647	0.7391	8.8865	82.3076	1.1664	1.998
3.912	 4	1.1	10.879	0.0	111.8583	1.6705	4.3676	186.8602	0.6262	1.6551
3.922	 4	2.1	10.878	0.0	111.848	1.603	4.047	179.2879	0.6653	1.258
3.932	 4	3.1	10.841	0.0	111.4676	1.6255	4.5336	181.1929	0.6523	0.9907
3.942	 4	4.1	10.794	0.0	110.9843	1.6169	4.1019	179.4537	0.6572	0.8423
3.952	 4	5.1	10.447	0.0008	1524.664	1.6327	4.4612	2489.334	0.6481	0.7593
3.962	 4	6.1	10.279	0.0045	1494.258	1.6719	5.1354	2498.226	0.6254	0.7177
3.972	 4	7.1	10.189	0.0034	1497.942	1.6716	5.2682	2503.975	0.6255	0.6983
3.982	 4	8.1	10.16	0.0103	1491.048	1.6712	4.7227	2491.836	0.6258	0.6917
3.992	 4	9.1	10.16	0.0308	1489.954	1.6874	5.2619	2514.214	0.6163	0.6899
4.002	 4	10.1	10.166	0.0292	1490.834	1.6849	4.6763	2511.915	0.6178	0.6902
4.012	 4	11.1	10.162	0.0226	1491.998	1.7175	5.1669	2562.491	0.5989	0.6937
4.022	 4	12.1	10.165	0.0217	1493.096	1.6848	5.2628	2515.513	0.6179	0.6981
4.032	 4	13.1	10.171	0.022	1500.812	1.7329	5.1078	2600.79	0.59	0.698
4.042	 4	14.1	10.175	0.0132	1518.43	1.8275	4.8379	2774.952	0.5351	0.6966
4.052	 4	15.1	10.181	0.004	1558.157	1.8753	4.7065	2922.076	0.5073	0.6973
4.062	 4	16.1	10.192	0.0048	1553.658	1.7475	5.0351	2715.05	0.5815	0.6928
4.072	 4	17.1	10.201	0.0168	1517.554	1.6672	5.2642	2530.083	0.6281	0.6944
4.082	 4	18.1	10.21	0.0393	1497.946	1.6673	4.6673	2497.466	0.628	0.6906
4.092	 4	19.1	10.217	0.0297	1496.12	1.6744	5.2181	2505.028	0.6239	0.6862
4.102	 4	20.1	10.227	0.044	1496.707	1.6773	5.1942	2510.441	0.6222	0.6824
4.112	 4	21.1	10.227	0.0409	1498.462	1.6878	5.1619	2529.106	0.6161	0.6767
4.122	 4	22.1	10.238	0.0341	1503.819	1.6882	5.1449	2538.686	0.6159	0.6728
4.132	 4	23.1	10.237	0.0346	1495.107	1.6665	5.2132	2491.606	0.6285	0.6683
4.142	 4	24.1	10.237	0.0307	1491.187	1.6553	5.2484	2468.379	0.635	0.6635
4.152	 4	25.1	10.238	0.0264	1485.275	1.6497	5.2646	2450.327	0.6382	0.6584
4.162	 4	26.1	10.237	0.0182	1482.978	1.6544	5.2513	2453.453	0.6355	0.6557
4.172	 4	27.1	10.237	0.0148	1484.268	1.703	5.1014	2527.733	0.6073	0.6544
4.182	 4	28.1	10.232	0.0124	1498.316	1.7007	5.1155	2548.192	0.6086	0.6541
4.192	 4	29.1	10.225	0.0395	1492.701	1.6773	5.1971	2503.752	0.6222	0.6548
4.202	 4	30.1	10.231	0.0423	1493.359	1.6952	5.1335	2531.59	0.6118	0.6563
4.212	 4	31.1	10.232	0.0293	1494.377	1.7004	5.1165	2541.024	0.6088	0.6609
4.222	 4	32.1	10.226	0.0293	1489.802	1.7105	5.0948	2548.358	0.6029	0.6655
4.232	 4	33.1	10.227	0.0274	1492.557	1.711	5.0919	2553.767	0.6027	0.669
4.242	 4	34.1	10.232	0.0213	1498.535	1.7162	5.0694	2571.788	0.5997	0.6706
4.252	 4	35.1	10.228	0.025	1495.322	1.7307	5.0327	2587.899	0.5913	0.6742
4.262	 4	36.1	10.233	0.0205	1501.761	1.7157	5.0694	2576.594	0.5999	0.6794
4.272	 4	37.1	10.233	0.0238	1501.1	1.7179	5.0628	2578.809	0.5986	0.6889
4.282	 4	38.1	10.233	0.0188	1494.523	1.7056	5.0995	2549.018	0.6058	0.6954
4.292	 4	39.1	10.234	0.0149	1496.636	1.7248	5.0412	2581.429	0.5947	0.7017
4.302	 4	40.1	10.234	0.0174	1492.707	1.6904	5.1439	2523.232	0.6146	0.7084
4.312	 4	41.1	10.235	0.0147	1489.594	1.6638	5.2246	2478.378	0.63	0.7129
4.322	 4	42.1	10.24	0.0165	1488.588	1.6909	5.1335	2517.11	0.6143	0.7152
4.332	 4	43.1	10.246	0.0133	1489.244	1.6974	5.1052	2527.902	0.6105	0.7252
4.342	 4	44.1	10.263	0.023	1500.219	1.6934	5.0931	2540.438	0.6129	0.7282
4.352	 4	45.1	10.253	0.0234	1499.415	1.7117	5.0526	2566.597	0.6022	0.7304
4.362	 4	46.1	10.258	0.0256	1499.05	1.6649	4.611	2495.795	0.6294	0.7336
4.372	 4	47.1	10.263	0.0378	1492.149	1.6638	4.6076	2482.641	0.63	0.7344
4.382	 4	48.1	10.252	0.0226	1486.659	1.655	4.6465	2460.414	0.6352	0.7326
4.392	 4	49.1	10.257	0.0199	1490.843	1.6485	5.2406	2457.632	0.6389	0.7279
4.402	 4	50.1	10.259	0.0249	1490.7	1.6641	4.6119	2480.745	0.6298	0.7257
4.412	 4	51.1	10.242	0.0226	1492.35	1.6669	5.2046	2487.614	0.6282	0.7251
4.422	 4	52.1	10.247	0.0262	1495.039	1.6694	4.6128	2495.891	0.6268	0.7239
4.432	 4	53.1	10.234	0.0246	1493.579	1.691	4.5707	2525.634	0.6143	0.7233
4.442	 4	54.1	10.228	0.0325	1494.448	1.6646	5.2323	2487.702	0.6296	0.7232
4.452	 4	55.1	10.231	0.0266	1494.013	1.6736	5.1999	2500.362	0.6244	0.7252
4.462	 4	56.1	10.235	0.0221	1491.113	1.6831	5.1647	2509.662	0.6189	0.7266
4.472	 4	57.1	10.24	0.0231	1494.672	1.6863	4.5757	2520.435	0.617	0.7318
4.482	 4	58.1	10.246	0.0268	1495.33	1.6739	5.177	2503.021	0.6242	0.7353
4.492	 4	59.1	10.25	0.037	1497.006	1.6739	5.1713	2505.767	0.6242	0.7383
4.502	 4	60.1	10.249	0.037	1496.423	1.6664	4.6187	2493.609	0.6286	0.7411
4.512	 4	61.1	10.262	0.0553	1495.265	1.657	4.6279	2477.652	0.634	0.7472
4.522	 4	62.1	10.261	0.0339	1498.831	1.6816	5.1316	2520.422	0.6197	0.7522
4.532	 4	63.1	10.261	0.021	1498.831	1.6711	5.1637	2504.757	0.6258	0.7564
4.542	 4	64.1	10.262	0.0314	1502.049	1.683	5.126	2527.908	0.6189	0.7625
4.552	 4	65.1	10.251	0.033	1498.684	1.6829	4.5707	2522.169	0.619	0.7665
4.562	 4	66.1	10.249	0.0273	1502.786	1.7054	5.077	2562.9	0.6059	0.7684
4.572	 4	67.1	10.244	0.0312	1509.134	1.7171	5.6108	2591.27	0.5992	0.772
4.582	 4	68.1	10.234	0.0324	1505.221	1.6851	5.16	2536.447	0.6177	0.7745
4.592	 4	69.1	10.229	0.0413	1504.043	1.6767	5.1933	2521.791	0.6226	0.7718
4.602	 4	70.1	10.225	0.0282	1502.13	1.6685	5.2247	2506.248	0.6273	0.7656
4.612	 4	71.1	10.221	0.0285	1500.661	1.6709	5.2228	2507.521	0.6259	0.7599
4.622	 4	72.1	10.209	0.0391	1492.98	1.6544	5.2929	2470.036	0.6355	0.7536
4.632	 4	73.1	10.204	0.0299	1495.968	1.6604	5.2814	2483.85	0.632	0.7441
4.642	 4	74.1	10.199	0.025	1493.702	1.6624	5.8694	2483.11	0.6309	0.7356
4.652	 4	75.1	10.194	0.0281	1490.133	1.6557	5.9016	2467.161	0.6348	0.7259
4.662	 4	76.1	10.19	0.0256	1489.984	1.6482	5.3414	2455.839	0.6391	0.7233
4.672	 4	77.1	10.184	0.0296	1488.236	1.6421	5.3706	2443.781	0.6427	0.7173
4.682	 4	78.1	10.18	0.0263	1489.829	1.6549	5.3349	2465.574	0.6352	0.7134
4.692	 4	79.1	10.177	0.0374	1490.917	1.6572	5.332	2470.789	0.6339	0.7122
4.702	 4	80.1	10.183	0.0387	1491.578	1.6617	5.3087	2478.512	0.6313	0.7074
4.712	 4	81.1	10.182	0.0291	1497.353	1.7135	5.1497	2565.687	0.6012	0.7034
4.722	 4	82.1	10.173	0.0229	1502.437	1.6909	5.2319	2540.401	0.6144	0.6985
4.732	 4	83.1	10.183	0.0341	1494.643	1.6581	5.3203	2478.199	0.6334	0.6975
4.742	 4	84.1	10.183	0.0372	1488.96	1.6072	5.4885	2393.107	0.6629	0.698
4.752	 4	85.1	10.194	0.0436	1489.262	1.6243	4.8125	2418.994	0.653	0.7008
4.762	 4	86.1	10.203	0.0729	1491.231	1.629	5.3846	2429.207	0.6502	0.6993
4.772	 4	87.1	10.208	0.0511	1490.001	1.6341	5.3603	2434.77	0.6473	0.6976
4.782	 4	88.1	10.217	0.0489	1491.098	1.63	5.3601	2430.47	0.6497	0.6969
4.792	 4	89.1	10.222	0.0341	1491.174	1.6374	4.7362	2441.706	0.6453	0.6964
4.802	 4	90.1	10.227	0.0298	1496.488	1.6648	4.6518	2491.342	0.6295	0.6982
4.812	 4	91.1	10.229	0.0164	1500.073	1.6443	5.2954	2466.611	0.6413	0.7021
4.822	 4	92.1	10.231	0.0271	1492.923	1.6225	5.3637	2422.256	0.654	0.7044
4.832	 4	93.1	10.23	0.0195	1486.27	1.627	5.3502	2418.217	0.6514	0.7054
4.842	 4	94.1	10.23	0.028	1493.431	1.6285	5.3454	2432.055	0.6505	0.7061
4.852	 4	95.1	10.231	0.0157	1494.668	1.6196	4.7763	2420.733	0.6557	0.7097
4.862	 4	96.1	10.231	0.0273	1487.064	1.5844	5.4927	2356.084	0.6761	0.7097
4.872	 4	97.1	10.227	0.017	1480.672	1.5788	5.5182	2337.73	0.6793	0.7118
4.882	 4	98.1	10.228	0.0186	1483.609	1.6436	4.7105	2438.452	0.6418	0.7123
4.892	 4	99.1	10.228	0.0145	1492.921	1.6741	5.2028	2499.267	0.6241	0.7156
4.902	 4	100.1	10.222	0.0195	1493.353	1.6668	4.6527	2489.153	0.6283	0.7222
4.912	 4	101.1	10.224	0.0142	1498.242	1.7368	5.0204	2602.213	0.5877	0.7296
4.922	 4	102.1	10.208	0.0099	1504.717	1.6462	5.3208	2477.094	0.6402	0.7429
4.932	 4	103.1	10.205	0.0211	1483.716	1.644	5.3324	2439.265	0.6415	0.7505
4.942	 4	104.1	10.204	0.0145	1488.114	1.6997	5.7324	2529.375	0.6092	0.758
4.952	 4	105.1	10.192	0.012	1496.623	1.6908	5.7822	2530.491	0.6144	0.7661
4.962	 4	106.1	10.196	0.0336	1494.357	1.687	5.2097	2521.04	0.6166	0.7761
4.972	 4	107.1	10.192	0.0224	1499.044	1.7423	5.6113	2611.781	0.5845	0.7884
4.982	 4	108.1	10.193	0.0191	1520.209	1.7833	5.4808	2710.948	0.5607	0.8059
4.992	 4	109.1	10.193	0.0206	1530.48	1.8131	4.8516	2774.921	0.5434	0.8216
5.002	 4	110.1	10.187	0.0156	1531.649	1.8226	5.3718	2791.512	0.538	0.8357
5.012	 4	111.1	10.192	0.0114	1549.878	1.8319	4.8032	2839.172	0.5326	0.8392
5.022	 4	112.1	10.188	0.0135	1548.328	1.806	4.8775	2796.318	0.5475	0.8372
5.032	 4	113.1	10.189	0.0058	1566.093	1.9335	4.5546	3028.072	0.4736	0.8208
5.042	 4	114.1	10.194	0.0027	1647.382	1.8848	4.6658	3104.93	0.5019	0.8068
5.052	 4	115.1	10.193	0.0058	1566.467	1.6688	5.271	2614.157	0.6271	0.7911
5.062	 4	116.1	10.193	0.0666	1495.452	1.6786	5.2403	2510.264	0.6215	0.7765
5.072	 4	117.1	10.199	0.0243	1500.736	1.7489	5.021	2624.697	0.5807	0.7611
5.082	 4	118.1	10.199	0.0184	1524.514	1.745	5.0323	2660.298	0.5829	0.7547
5.092	 4	119.1	10.201	0.0128	1520.948	1.8079	4.8546	2749.674	0.5465	0.752
5.102	 4	120.1	10.204	0.009	1533.053	1.6845	5.2058	2582.399	0.6181	0.7521
5.112	 4	121.1	10.205	0.0232	1506.495	1.6946	5.7482	2552.837	0.6122	0.7521
5.122	 4	122.1	10.209	0.0224	1493.417	1.7515	5.5551	2615.708	0.5792	0.7545
5.132	 4	123.1	10.212	0.02	1496.264	1.6912	5.1734	2530.501	0.6141	0.755
5.142	 4	124.1	10.219	0.0399	1500.147	1.6888	5.1705	2533.468	0.6155	0.7569
5.152	 4	125.1	10.23	0.0132	1512.419	1.7608	4.9438	2663.018	0.5738	0.7648
5.162	 4	126.1	10.232	0.0051	1546.787	1.7213	5.0543	2662.501	0.5967	0.7672
5.172	 4	127.1	10.243	0.0297	1511.882	1.6256	5.3355	2457.65	0.6522	0.7662
5.182	 4	128.1	10.255	0.0405	1491.853	1.7765	4.325	2650.327	0.5647	0.7579
5.192	 4	129.1	10.25	0.0199	1515.151	1.6093	5.3786	2438.397	0.6616	0.7516
5.202	 4	130.1	10.265	0.057	1505.794	1.7768	4.8511	2675.537	0.5645	0.752
5.212	 4	131.1	10.263	0.0195	1545.632	1.7627	4.349	2724.556	0.5727	0.7791
5.222	 4	132.1	10.267	0.009	1521.488	1.587	4.8252	2414.593	0.6746	0.8095
5.232	 4	133.1	10.267	0.0359	1489.266	1.5878	4.8226	2364.72	0.6741	0.813
5.242	 4	134.1	10.268	0.0209	1489.411	1.653	4.6312	2462.023	0.6363	0.8134
5.252	 4	135.1	10.278	0.0195	1493.027	1.6611	4.5958	2480.025	0.6316	0.8135
5.262	 4	136.1	10.283	0.0076	1506.446	1.769	4.848	2664.914	0.569	0.8137
5.272	 4	137.1	10.292	0.0014	1673.224	1.9573	3.8851	3274.93	0.4598	0.8092
5.282	 4	138.1	10.299	0.0071	1706.262	1.8553	4.6019	3165.645	0.519	0.8204
5.292	 4	139.1	10.308	0.0024	1662.312	1.6226	4.6654	2697.276	0.6539	0.8368
5.302	 4	140.1	10.345	0.0351	1503.415	1.5889	5.305	2388.722	0.6735	0.8501
5.312	 4	141.1	10.364	0.0052	1489.08	1.6188	5.1795	2410.527	0.6561	0.8555
5.322	 4	142.1	10.491	0.0023	1512.107	1.6942	4.7785	2561.849	0.6124	0.8612
5.332	 4	143.1	10.662	0.0002	1540.084	1.7139	5.0105	2639.586	0.601	0.8815
5.342	 4	144.1	10.637	0.0004	1544.28	1.8195	4.7516	2809.847	0.5397	0.9117
5.352	 4	145.1	10.656	0.0	109.5654	1.7827	4.8252	195.3168	0.5611	0.9686
5.362	 4	146.1	10.61	0.0001	1565.589	1.7985	4.8424	2815.644	0.5519	1.0621
5.372	 4	147.1	10.596	0.0	108.9485	1.7647	4.9536	192.2666	0.5715	1.2134
5.382	 4	148.1	10.577	0.0	108.7531	1.8537	4.7404	201.5913	0.5199	1.4653
5.392	 4	149.1	10.555	0.0007	1645.106	1.9187	4.6072	3156.408	0.4822	1.7946
5.402	 4	150.1	10.762	0.0	110.6553	1.8214	4.5905	201.551	0.5386	2.1552
5.412	 4	151.1	10.86	0.0	111.6629	0.8311	9.8029	92.8049	1.113	2.3505
5.422	 5	0.7	10.851	0.0	111.5704	1.8705	4.3659	208.6973	0.5101	2.1095
5.432	 5	1.7	10.861	0.0	111.6732	1.9	4.287	212.1772	0.493	1.6944
5.442	 5	2.7	10.84	0.0002	1598.349	1.8595	4.4047	2972.05	0.5166	1.3282
5.452	 5	3.7	10.795	0.0005	1696.527	1.8449	4.4925	3129.994	0.525	1.1179
5.462	 5	4.7	10.61	0.0001	1551.623	1.8394	4.7346	2854.104	0.5282	1.0001
5.472	 5	5.7	10.271	0.0043	1666.829	1.8629	5.1324	3105.178	0.5145	0.9294
5.482	 5	6.7	10.22	0.002	1644.144	1.8766	5.6854	3085.472	0.5066	0.8849
5.492	 5	7.7	10.189	0.0037	1654.058	1.9231	5.5969	3180.911	0.4796	0.8627
5.502	 5	8.7	10.174	0.005	1666.23	1.9917	5.427	3318.699	0.4398	0.8485
5.512	 5	9.7	10.169	0.0085	1673.083	1.9931	5.431	3334.671	0.439	0.8441
5.522	 5	10.7	10.172	0.0071	1674.955	1.956	5.5294	3276.144	0.4606	0.837
5.532	 5	11.7	10.174	0.0145	1662.69	2.0061	5.3881	3335.573	0.4315	0.8258
5.542	 5	12.7	10.179	0.0028	1649.222	1.9452	5.5491	3208.02	0.4668	0.8184
5.552	 5	13.7	10.185	0.0072	1601.667	1.8517	5.2903	2965.786	0.5211	0.8099
5.562	 5	14.7	10.195	0.0126	1575.247	1.8846	5.7016	2968.681	0.502	0.8051
5.572	 5	15.7	10.2	0.0038	1613.924	1.8613	5.2408	3003.923	0.5155	0.7963
5.582	 5	16.7	10.205	0.0047	1588.821	1.8003	5.4107	2860.294	0.5509	0.7826
5.592	 5	17.7	10.22	0.0083	1562.93	1.7359	5.5876	2713.094	0.5882	0.7778
5.602	 5	18.7	10.225	0.0086	1558.927	1.7557	5.5169	2736.955	0.5768	0.7736
5.612	 5	19.7	10.23	0.0122	1563.981	1.7528	4.9662	2741.391	0.5784	0.7838
5.622	 5	20.7	10.24	0.0088	1561.452	1.8024	5.3513	2814.303	0.5497	0.788
5.632	 5	21.7	10.247	0.0041	1658.896	1.946	4.4519	3228.162	0.4664	0.7886
5.642	 5	22.7	10.253	0.0067	1660.674	1.9042	5.0465	3162.317	0.4906	0.7876
5.652	 5	23.7	10.256	0.0153	1632.861	1.9044	4.5375	3109.685	0.4905	0.7877
5.662	 5	24.7	10.256	0.0122	1634.162	2.0004	4.3199	3268.978	0.4348	0.7933
5.672	 5	25.7	10.256	0.0077	1732.432	1.9758	4.3736	3422.969	0.4491	0.8065
5.682	 5	26.7	10.256	0.0059	1697.451	1.6537	4.6448	2807.157	0.6359	0.8117
5.692	 5	27.7	10.261	0.0068	1571.604	1.6745	4.5807	2631.666	0.6238	0.7965
5.702	 5	28.7	10.261	0.0043	1544.401	1.6859	4.5497	2603.744	0.6172	0.7871
5.712	 5	29.7	10.26	0.0025	1538.0	1.6833	4.5581	2588.918	0.6187	0.7766
5.722	 5	30.7	10.264	0.0074	1521.494	1.6504	5.2244	2511.009	0.6378	0.7672
5.732	 5	31.7	10.261	0.0257	1504.325	1.6605	5.1969	2497.911	0.632	0.7653
5.742	 5	32.7	10.261	0.0047	1514.092	1.7826	5.3787	2699.02	0.5611	0.7566
5.752	 5	33.7	10.256	0.0086	1525.509	1.7716	4.8776	2702.664	0.5675	0.7535
5.762	 5	34.7	10.257	0.0152	1522.036	1.6733	5.7364	2546.857	0.6245	0.7588
5.772	 5	35.7	10.255	0.0064	1512.314	1.6479	5.2454	2492.155	0.6393	0.7661
5.782	 5	36.7	10.251	0.0035	1515.523	1.6947	5.6735	2568.41	0.6121	0.7755
5.792	 5	37.7	10.25	0.0067	1498.976	1.6918	5.685	2535.936	0.6138	0.7876
5.802	 5	38.7	10.241	0.002	1609.208	1.827	5.2777	2939.993	0.5354	0.8015
5.812	 5	39.7	10.242	0.0021	1630.372	1.8645	5.1699	3039.89	0.5136	0.8204
5.822	 5	40.7	10.245	0.0065	1598.533	1.7915	5.3761	2863.807	0.556	0.8442
5.832	 5	41.7	10.237	0.0196	1551.061	1.7841	4.8697	2767.186	0.5603	0.8601
5.842	 5	42.7	10.236	0.0094	1552.085	1.8471	5.2275	2866.899	0.5237	0.8747
5.852	 5	43.7	10.236	0.004	1621.93	1.915	5.0421	3106.044	0.4843	0.8847
5.862	 5	44.7	10.236	0.0065	1660.072	1.9696	4.4122	3269.633	0.4527	0.8856
5.872	 5	45.7	10.233	0.006	1680.848	1.9597	4.4381	3294.021	0.4584	0.8887
5.882	 5	46.7	10.231	0.0042	1686.892	1.9884	4.8629	3354.198	0.4418	0.8928
5.892	 5	47.7	10.231	0.0042	1710.584	1.9349	4.4977	3309.8	0.4728	0.8915
5.902	 5	48.7	10.232	0.0033	1665.364	1.7664	4.9252	2941.725	0.5705	0.8815
5.912	 5	49.7	10.228	0.0076	1544.315	1.8072	4.8194	2790.959	0.5468	0.8733
5.922	 5	50.7	10.231	0.0094	1553.447	1.8154	4.7937	2820.148	0.5421	0.8615
5.932	 5	51.7	10.231	0.0089	1557.704	1.8263	4.7651	2844.826	0.5358	0.8643
5.942	 5	52.7	10.231	0.0108	1577.154	1.8531	4.1744	2922.594	0.5203	0.8644
5.952	 5	53.7	10.231	0.0061	1607.132	1.9118	4.0463	3072.451	0.4862	0.869
5.962	 5	54.7	10.241	0.0046	1631.772	1.8832	4.0962	3072.888	0.5028	0.8634
5.972	 5	55.7	10.25	0.0043	1631.906	1.8489	4.1615	3017.27	0.5227	0.8623
5.982	 5	56.7	10.255	0.0024	1620.063	1.856	4.1398	3006.809	0.5186	0.8612
5.992	 5	57.7	10.254	0.0042	1580.456	1.7653	4.3537	2789.969	0.5712	0.8611
6.002	 5	58.7	10.255	0.0104	1548.392	1.6934	5.1043	2622.123	0.6128	0.8635
6.012	 5	59.7	10.252	0.0079	1538.646	1.7129	4.4895	2635.475	0.6016	0.8586
6.022	 5	60.7	10.245	0.0026	1411.74	1.7255	5.0235	2436.012	0.5942	0.8551
6.032	 5	61.7	10.245	0.0014	1547.583	1.7369	4.9908	2687.926	0.5877	0.8512
6.042	 5	62.7	10.235	0.0016	1526.245	1.7536	4.4062	2676.456	0.5779	0.8526
6.052	 5	63.7	10.233	0.0007	1501.982	1.7589	4.3954	2641.873	0.5749	0.8555
6.062	 5	64.7	10.23	0.0006	1375.185	1.7433	4.9933	2397.378	0.5839	0.8558
6.072	 5	65.7	10.224	0.0023	1539.295	1.7365	5.0214	2673.018	0.5879	0.8582
6.082	 5	66.7	10.22	0.0072	1435.595	1.7166	4.5203	2464.374	0.5994	0.8557
6.092	 5	67.7	10.22	0.0063	1441.264	1.7272	5.0542	2489.327	0.5933	0.8565
6.102	 5	68.7	10.216	0.0014	1415.547	1.723	5.0721	2439.05	0.5957	0.8527
6.112	 5	69.7	10.214	0.0012	1369.353	1.7305	4.4917	2369.6	0.5914	0.8503
6.122	 5	70.7	10.21	0.0044	1537.188	1.7282	5.0654	2656.616	0.5927	0.8498
6.132	 5	71.7	10.207	0.0073	1527.537	1.7265	5.0748	2637.275	0.5937	0.8539
6.142	 5	72.7	10.211	0.0032	1437.966	1.7207	5.6513	2474.292	0.597	0.8561
6.152	 5	73.7	10.211	0.0035	1416.62	1.7169	5.6639	2432.141	0.5993	0.8685
6.162	 5	74.7	10.211	0.002	1401.262	1.7798	5.4637	2493.956	0.5628	0.8752
6.172	 5	75.7	10.21	0.0015	1474.155	1.7739	6.0317	2615.015	0.5662	0.8842
6.182	 5	76.7	10.223	0.0037	1475.18	1.832	5.8191	2702.484	0.5325	0.8867
6.192	 5	77.7	10.222	0.0013	1440.124	1.7447	5.5563	2512.552	0.5831	0.8862
6.202	 5	78.7	10.218	0.0005	1213.251	1.7447	5.0063	2116.768	0.5831	0.8866
6.212	 5	79.7	10.219	0.0005	1444.79	1.76	4.9613	2542.841	0.5742	0.8806
6.222	 5	80.7	10.218	0.0009	1438.142	1.798	4.3182	2585.738	0.5522	0.8702
6.232	 5	81.7	10.218	0.0015	1455.763	1.8237	4.2573	2654.852	0.5373	0.8636
6.242	 5	82.7	10.218	0.0007	1424.508	1.8258	4.2524	2600.862	0.5361	0.8588
6.252	 5	83.7	10.219	0.0006	1517.298	1.86	3.6514	2822.133	0.5163	0.8508
6.262	 5	84.7	10.224	0.0005	1492.337	1.8766	4.1301	2800.59	0.5066	0.8508
6.272	 5	85.7	10.223	0.0013	1533.603	1.8224	4.2542	2794.902	0.538	0.8495
6.282	 5	86.7	10.227	0.002	1499.78	1.805	3.7541	2707.103	0.5481	0.8524
6.292	 5	87.7	10.227	0.0014	1498.901	1.8235	3.1852	2733.224	0.5374	0.8498
6.302	 5	88.7	10.231	0.0012	1635.129	1.891	4.0908	3091.987	0.4983	0.8542
6.312	 5	89.7	10.244	0.0013	1540.451	1.9367	3.4821	2983.436	0.4717	0.8654
6.322	 5	90.7	10.25	0.0008	1521.223	1.8789	4.0951	2858.239	0.5053	0.9139
6.332	 5	91.7	10.263	0.001	1640.505	1.8896	4.5643	3099.843	0.4991	0.9229
6.342	 5	92.7	10.276	0.0016	1666.559	1.9253	3.9674	3208.557	0.4784	0.9201
6.352	 5	93.7	10.283	0.0017	1689.893	1.8677	4.5918	3156.243	0.5118	0.9202
6.362	 5	94.7	10.294	0.0033	1676.547	1.9065	4.4845	3196.381	0.4893	0.9183
6.372	 5	95.7	10.304	0.0023	1695.574	1.9731	4.3211	3345.51	0.4506	0.9183
6.382	 5	96.7	10.313	0.0015	1720.841	1.9533	4.354	3361.271	0.4621	0.9215
6.392	 5	97.7	10.318	0.0047	1717.091	1.9591	4.3349	3363.99	0.4587	0.9262
6.402	 5	98.7	10.323	0.0023	1720.5	1.7302	4.357	2976.811	0.5915	0.9252
6.412	 5	99.7	10.349	0.0008	1543.936	1.706	4.9354	2633.911	0.6056	0.9206
6.422	 5	100.7	10.384	0.0006	1452.917	1.7373	4.7996	2524.116	0.5874	0.9142
6.432	 5	101.7	10.557	0.0	108.5475	1.6934	4.1737	183.8184	0.6129	0.9175
6.442	 5	102.7	10.605	0.0001	1089.256	1.6975	4.1098	1849.062	0.6105	0.9202
6.452	 5	103.7	10.574	0.0	108.7222	1.7767	3.9599	193.1619	0.5646	0.9362
6.462	 5	104.7	10.554	0.0	108.5166	1.8173	3.8925	197.2022	0.541	0.9578
6.472	 5	105.7	10.597	0.0	108.9587	1.8395	3.8009	200.4283	0.5281	0.9968
6.482	 5	106.7	10.589	0.0	108.8765	1.7271	4.0571	188.0356	0.5934	1.08
6.492	 5	107.7	10.558	0.0	108.5577	1.7381	4.0654	188.6819	0.587	1.2745
6.502	 5	108.7	10.491	0.0	107.8688	1.7455	4.1228	188.2865	0.5826	1.7431
6.512	 5	109.7	10.674	0.0	109.7505	1.6339	3.6673	179.321	0.6474	2.5236
6.522	 5	110.7	10.794	0.0	110.9843	1.235	5.3705	137.0624	0.8788	2.8755
6.532	 6	1.0	10.834	0.0	111.3956	1.6477	3.983	183.5428	0.6394	2.3054
6.542	 6	2.0	10.867	0.0	111.7349	1.6638	4.399	185.9074	0.63	1.6355
6.552	 6	3.0	10.889	0.0	111.9611	1.6495	3.9214	184.6841	0.6383	1.2612
6.562	 6	4.0	10.84	0.0	111.4573	1.6658	3.9335	185.6617	0.6289	1.0875
6.572	 6	5.0	10.723	0.0	110.2543	1.6632	4.0638	183.3708	0.6304	1.0015
6.582	 6	6.0	10.36	0.0	106.5219	1.7176	4.887	182.9592	0.5989	0.958
6.592	 6	7.0	10.287	0.0	880.1335	1.7131	4.4451	1507.724	0.6015	0.9245
6.602	 6	8.0	10.228	0.0001	1272.772	1.7585	4.4028	2238.118	0.5751	0.9168
6.612	 6	9.0	10.225	0.0002	1067.328	1.7501	4.4276	1867.893	0.58	0.9168
6.622	 6	10.0	10.229	0.0004	1279.265	1.7257	3.9245	2207.581	0.5942	0.9167
6.632	 6	11.0	10.224	0.0004	1516.464	1.788	4.3348	2711.482	0.558	0.9162
6.642	 6	12.0	10.227	0.0003	1391.239	1.8298	4.2322	2545.74	0.5337	0.911
6.652	 6	13.0	10.228	0.0004	1492.921	1.9032	4.0679	2841.326	0.4912	0.9165
6.662	 6	14.0	10.228	0.0003	1348.807	1.8212	4.2511	2456.445	0.5387	0.9157
6.672	 6	15.0	10.229	0.0004	1355.373	1.8288	4.7613	2478.667	0.5344	0.9119
6.682	 6	16.0	10.231	0.0003	1365.043	1.8036	4.2889	2461.997	0.549	0.8987
6.692	 6	17.0	10.231	0.0002	1307.81	1.8067	4.8167	2362.843	0.5471	0.8938
6.702	 6	18.0	10.226	0.0002	1027.635	1.7997	4.3044	1849.391	0.5512	0.8931
6.712	 6	19.0	10.228	0.0001	1018.827	1.8311	4.2282	1865.546	0.533	0.9003
6.722	 6	20.0	10.228	0.0002	1027.32	1.8781	4.1222	1929.442	0.5057	0.9127
6.732	 6	21.0	10.228	0.0001	1294.192	1.8631	4.1556	2411.169	0.5145	0.9178
6.742	 6	22.0	10.221	0.0002	1442.625	1.7501	4.4326	2524.728	0.58	0.9208
6.752	 6	23.0	10.22	0.0002	1308.411	1.7408	4.4575	2277.652	0.5854	0.9163
6.762	 6	24.0	10.22	0.0001	1116.574	1.7816	4.3554	1989.29	0.5617	0.9118
6.772	 6	25.0	10.214	0.0002	1277.708	1.7799	4.3668	2274.25	0.5627	0.9066
6.782	 6	26.0	10.219	0.0002	1022.002	1.8043	4.3017	1844.038	0.5485	0.911
6.792	 6	27.0	10.224	0.0002	1259.268	1.8216	4.2551	2293.833	0.5385	0.9076
6.802	 6	28.0	10.219	0.0001	1008.487	1.8182	4.8024	1833.676	0.5405	0.9065
6.812	 6	29.0	10.219	0.0001	1002.452	1.8643	4.1633	1868.917	0.5137	0.9055
6.822	 6	30.0	10.224	0.0001	1013.28	1.7897	4.3307	1813.501	0.557	0.9007
6.832	 6	31.0	10.22	0.0001	1015.602	1.7938	4.3257	1821.836	0.5546	0.9021
6.842	 6	32.0	10.224	0.0002	1024.654	1.8142	4.2723	1858.941	0.5428	0.9049
6.852	 6	33.0	10.224	0.0002	1389.697	1.799	4.3085	2500.033	0.5516	0.9078
6.862	 6	34.0	10.228	0.0001	1274.994	1.8293	4.2323	2332.35	0.534	0.9124
6.872	 6	35.0	10.235	0.0001	854.7687	1.8872	4.0942	1613.159	0.5004	0.9204
6.882	 6	36.0	10.245	0.0002	1087.695	1.8227	4.2272	1982.588	0.5379	0.9293
6.892	 6	37.0	10.245	0.0001	1061.218	1.8477	4.1702	1960.774	0.5234	0.9468
6.902	 6	38.0	10.24	0.0001	1062.13	1.8504	4.17	1965.333	0.5218	0.9697
6.912	 6	39.0	10.241	0.0002	1166.002	1.7776	4.3394	2072.699	0.564	0.9924
6.922	 6	40.0	10.241	0.0002	1019.106	1.7645	4.3716	1798.244	0.5716	1.0129
6.932	 6	41.0	10.242	0.0001	1010.557	1.7684	4.3609	1787.035	0.5694	1.0211
6.942	 6	42.0	10.253	0.0001	1027.046	1.7949	4.2831	1843.463	0.554	1.0184
6.952	 6	43.0	10.261	0.0001	1032.398	1.7884	4.2891	1846.326	0.5578	1.0007
6.962	 6	44.0	10.258	0.0001	1061.575	1.7961	4.2742	1906.698	0.5533	0.985
6.972	 6	45.0	10.264	0.0002	1112.749	1.8092	4.2361	2013.218	0.5457	0.9655
6.982	 6	46.0	10.259	0.0002	1108.003	1.8473	4.1546	2046.816	0.5236	0.951
6.992	 6	47.0	10.262	0.0002	1311.438	1.8414	4.1645	2414.844	0.527	0.9369
7.002	 6	48.0	10.262	0.0003	1559.338	1.8701	4.1006	2916.064	0.5104	0.9363
7.012	 6	49.0	10.259	0.0003	1439.657	1.8614	4.123	2679.847	0.5154	0.9284
7.022	 6	50.0	10.264	0.0002	1366.711	1.9007	4.0323	2597.682	0.4926	0.9325
7.032	 6	51.0	10.269	0.0002	1371.761	1.8994	4.0294	2605.491	0.4934	0.9269
7.042	 6	52.0	10.251	0.0002	1032.326	1.8858	4.5888	1946.752	0.5013	0.9368
7.052	 6	53.0	10.246	0.0002	1130.032	1.8515	4.6805	2092.199	0.5212	0.9532
7.062	 6	54.0	10.246	0.0002	1050.764	1.7312	5.0057	1819.055	0.591	0.9748
7.072	 6	55.0	10.233	0.0002	1040.256	1.6497	6.444	1716.063	0.6383	0.9915
7.082	 6	56.0	10.221	0.0002	1041.259	1.6817	6.3427	1751.064	0.6197	1.015
7.092	 6	57.0	10.231	0.0002	1058.671	1.6623	6.3985	1759.853	0.6309	1.0362
7.102	 6	58.0	10.23	0.0002	1047.726	1.7249	6.1683	1807.174	0.5946	1.0489
7.112	 6	59.0	10.23	0.0001	1034.483	1.7156	6.2016	1774.739	0.6	1.0564
7.122	 6	60.0	10.235	0.0002	1281.618	1.8776	5.1441	2406.347	0.506	1.0586
7.132	 6	61.0	10.226	0.0002	1283.062	1.9394	4.9929	2488.313	0.4702	1.062
7.142	 6	62.0	10.228	0.0002	1376.211	1.8796	5.1487	2586.742	0.5049	1.0586
7.152	 6	63.0	10.226	0.0005	1416.147	1.9127	5.0625	2708.658	0.4857	1.0636
7.162	 6	64.0	10.221	0.0003	1340.987	1.8787	5.1615	2519.281	0.5054	1.0566
7.172	 6	65.0	10.216	0.0002	1022.316	1.877	5.6907	1918.895	0.5064	1.0474
7.182	 6	66.0	10.22	0.0003	1348.997	1.8893	5.6474	2548.617	0.4993	1.0354
7.192	 6	67.0	10.22	0.0002	1045.738	1.8364	6.3381	1920.408	0.5299	1.0293
7.202	 6	68.0	10.211	0.0001	1029.542	1.7146	6.8055	1765.289	0.6006	1.0336
7.212	 6	69.0	10.211	0.0002	1030.893	1.7508	7.2203	1804.909	0.5796	1.052
7.222	 6	70.0	10.208	0.0003	1039.194	1.7209	7.3522	1788.322	0.5969	1.0659
7.232	 6	71.0	10.201	0.0002	1038.693	1.7372	7.2975	1804.405	0.5875	1.0725
7.242	 6	72.0	10.2	0.0003	1038.168	1.7623	6.6421	1829.553	0.5729	1.0893
7.252	 6	73.0	10.199	0.0002	1028.643	1.699	6.8916	1747.651	0.6096	1.0896
7.262	 6	74.0	10.196	0.0002	1026.374	1.7811	6.0313	1828.033	0.562	1.0846
7.272	 6	75.0	10.201	0.0002	1020.712	1.7738	5.4976	1810.534	0.5662	1.0739
7.282	 6	76.0	10.202	0.0001	1015.933	1.8084	5.391	1837.197	0.5462	1.0683
7.292	 6	77.0	10.204	0.0001	1011.9	1.7956	5.4262	1817.003	0.5536	1.0566
7.302	 6	78.0	10.205	0.0002	1017.955	1.7486	5.5707	1779.963	0.5809	1.049
7.312	 6	79.0	10.199	0.0002	1023.174	1.8086	5.395	1850.481	0.5461	1.041
7.322	 6	80.0	10.199	0.0002	1016.241	1.7904	4.9049	1819.445	0.5566	1.0381
7.332	 6	81.0	10.201	0.0002	1012.707	1.7568	4.9957	1779.145	0.5761	1.0267
7.342	 6	82.0	10.2	0.0002	1022.249	1.7905	4.903	1830.37	0.5565	1.0165
7.352	 6	83.0	10.193	0.0002	1028.246	1.8169	4.3034	1868.256	0.5412	1.0132
7.362	 6	84.0	10.19	0.0002	1018.898	1.8594	4.2086	1894.588	0.5166	1.0049
7.372	 6	85.0	10.19	0.0002	1025.357	1.8788	4.6858	1926.483	0.5053	1.0111
7.382	 6	86.0	10.187	0.0002	1028.367	1.8484	4.2373	1900.882	0.5229	1.0104
7.392	 6	87.0	10.19	0.0002	1026.08	1.8182	4.3042	1865.587	0.5405	1.0107
7.402	 6	88.0	10.195	0.0002	1030.318	1.8222	4.8247	1877.42	0.5382	1.0073
7.412	 6	89.0	10.195	0.0002	1039.458	1.8571	4.734	1930.363	0.5179	1.0014
7.422	 6	90.0	10.201	0.0003	1037.109	1.8651	5.2286	1934.288	0.5133	1.0065
7.432	 6	91.0	10.209	0.0003	1037.184	1.7951	5.4201	1861.846	0.5539	1.0094
7.442	 6	92.0	10.206	0.0002	1031.847	1.8153	4.8279	1873.131	0.5422	1.0097
7.452	 6	93.0	10.212	0.0003	1033.603	1.9126	4.5744	1976.916	0.4857	1.005
7.462	 6	94.0	10.217	0.0004	1032.646	1.793	4.8728	1851.542	0.5551	0.9981
7.472	 6	95.0	10.223	0.0003	1287.045	1.7988	4.8488	2315.149	0.5517	0.9875
7.482	 6	96.0	10.228	0.0002	1033.444	1.8135	4.2691	1874.155	0.5432	0.9778
7.492	 6	97.0	10.224	0.0002	1022.502	1.7782	4.3588	1818.217	0.5637	0.976
7.502	 6	98.0	10.228	0.0002	1026.289	1.8079	4.2823	1855.47	0.5464	0.9805
7.512	 6	99.0	10.219	0.0002	1032.535	1.7734	4.924	1831.048	0.5665	0.9847
7.522	 6	100.0	10.223	0.0003	1041.145	1.757	4.4126	1829.293	0.576	0.988
7.532	 6	101.0	10.233	0.0004	1036.778	1.7998	4.2956	1865.995	0.5512	1.0091
7.542	 6	102.0	10.238	0.0002	1047.473	1.825	4.759	1911.686	0.5365	1.0262
7.552	 6	103.0	10.243	0.0002	1045.951	1.7732	4.8912	1854.705	0.5666	1.0333
7.562	 6	104.0	10.242	0.0002	1040.431	1.8645	4.1359	1939.922	0.5136	1.0503
7.572	 6	105.0	10.238	0.0002	1041.082	1.8759	4.6299	1952.994	0.507	1.046
7.582	 6	106.0	10.235	0.0001	1007.58	1.8158	5.3193	1829.516	0.5419	1.0434
7.592	 6	107.0	10.235	0.0001	1029.989	1.7366	5.5617	1788.679	0.5878	1.0463
7.602	 6	108.0	10.241	0.0001	1046.495	1.7516	6.0553	1833.046	0.5791	1.0474
7.612	 6	109.0	10.239	0.0002	1032.886	1.7586	6.5833	1816.389	0.5751	1.0711
7.622	 6	110.0	10.24	0.0002	1054.909	1.8076	6.4031	1906.806	0.5467	1.0836
7.632	 6	111.0	10.245	0.0002	1039.468	1.7943	6.4415	1865.077	0.5544	1.091
7.642	 6	112.0	10.232	0.0002	1041.001	1.7894	6.4828	1862.722	0.5572	1.0828
7.652	 6	113.0	10.231	0.0001	1062.188	1.9129	6.5713	2031.866	0.4856	1.0688
7.662	 6	114.0	10.232	0.0002	1045.789	1.9536	6.4327	2043.021	0.462	1.0545
7.672	 6	115.0	10.228	0.0001	1028.25	1.8904	7.1671	1943.81	0.4986	1.0656
7.682	 6	116.0	10.234	0.0001	1020.95	1.788	7.0245	1825.442	0.558	1.1124
7.692	 6	117.0	10.241	0.0002	1026.461	1.8813	7.1754	1931.083	0.5039	1.1378
7.702	 6	118.0	10.245	0.0002	1029.648	1.8011	8.0211	1854.539	0.5504	1.1365
7.712	 6	119.0	10.26	0.0001	1030.845	1.8044	8.5045	1860.034	0.5485	1.1274
7.722	 6	120.0	10.264	0.0002	1034.573	1.873	8.6951	1937.775	0.5087	1.1095
7.732	 6	121.0	10.264	0.0003	1037.187	1.8886	9.6377	1958.865	0.4996	1.0869
7.742	 6	122.0	10.273	0.0002	1037.886	1.8143	10.5341	1883.006	0.5428	1.0658
7.752	 6	123.0	10.284	0.0002	1042.368	1.7793	11.7789	1854.675	0.5631	1.051
7.762	 6	124.0	10.293	0.0003	1043.491	1.8125	12.0583	1891.32	0.5438	1.0372
7.772	 6	125.0	10.309	0.0002	1041.103	1.7958	12.1161	1869.614	0.5535	1.0299
7.782	 6	126.0	10.324	0.0002	1038.945	1.7731	13.2827	1842.126	0.5667	1.035
7.792	 6	127.0	10.483	0.0001	917.2281	1.6566	13.6049	1519.496	0.6342	1.0451
7.802	 6	128.0	10.678	0.0	109.7916	1.6306	13.1103	179.0231	0.6493	1.0558
7.812	 6	129.0	10.643	0.0	109.4317	1.6776	13.3781	183.5772	0.6221	1.0621
7.822	 6	130.0	10.601	0.0	108.9999	1.6735	13.0416	182.4128	0.6244	1.0625
7.832	 6	131.0	10.592	0.0	108.9073	1.6869	12.9697	183.715	0.6167	1.0677
7.842	 6	132.0	10.577	0.0	108.7531	1.7124	12.8289	186.2241	0.6019	1.1209
7.852	 6	133.0	10.536	0.0	108.3315	1.7206	11.8774	186.4004	0.5971	1.3182
7.862	 6	134.0	10.45	0.0	107.4473	1.7224	11.6199	185.0672	0.5961	1.8705
7.872	 6	135.0	10.425	0.0	107.1902	1.6882	10.8521	180.9572	0.6159	3.0545
7.882	 6	136.0	10.363	0.0	106.5527	1.6986	8.2292	180.9908	0.6099	4.5205
