Geotek MSCL 7.9 - TN336_JPC38-47.out created at 6:58:23 on 1/26/2016.


Processing Parameters

CT	RCT=11.45	W=1.27
PWAmp	A=1	B=0
PWVel	PTO=26.56
Den1	A=7.1605E-04	B=-.096198	C=9.8396
MS1	A=1	B=0	Den=0	LD=14	
FP	MGD=2.75	WD=1.026	
RES	A=409.6482	B=-1.051803	p=0	


SB DEPTH	SECT NUM	SECT DEPTH	CT	PWAmp	PWVel	Den1	MS1	Imp	FP	RES
m		cm	cm		m/s	g/cc	SI x 10^-5			Ohm.m

-0.638	cal sect	0.0	10.6	0.007						69.5148
-0.578	cal sect	6.0	10.386	0.0205	1495.249	1.1575	-1.8519		0.9237	184.9355
-0.518	cal sect	12.0	10.136	0.0278	1467.072	1.1367	-0.9933	1667.63	0.9358	161.0012
-0.458	cal sect	18.0	10.176	0.0372	1470.308	1.1663	-0.9821	1714.818	0.9186	360.2322
-0.398	cal sect	24.0	10.464	0.0007	1483.203	1.1357	-0.9062	1684.41	0.9364	50.6981
-0.338	cal sect	30.0	10.609	0.0064	1483.154	1.1431	-0.8711	1695.347	0.9321	5.3309
-0.278	cal sect	36.0	10.488	0.0091	1501.933	1.1475	-0.9003	1723.527	0.9295	0.4633
-0.218	cal sect	42.0	10.169	0.0046	1493.464	1.1628	-0.9841	1736.602	0.9206	0.3648
-0.158	cal sect	48.0	10.124	0.0304	1490.138	1.1601	-0.9967	1728.752	0.9222	0.3731
-0.098	cal sect	54.0	10.296	0.0063	1490.446	1.1497	0.9494	1713.638	0.9282	0.3888
-0.038	cal sect	60.0	10.353	0.0177	1500.217	1.181	14.9515	1771.766	0.9101	0.5905
0.002	 1	0.2	10.686	0.0001	1406.053	1.0803	61.4344	1518.919	0.9685	1.4949
0.012	 1	1.2	10.725	0.0003	1553.672	1.5572	70.0854	2419.375	0.6919	1.2258
0.022	 1	2.2	10.725	0.0007	1541.834	1.5685	75.9962	2418.351	0.6853	0.9373
0.032	 1	3.2	10.694	0.0005	1546.27	1.5609	80.0343	2413.521	0.6898	0.7479
0.042	 1	4.2	10.633	0.0001	1525.538	1.5463	83.0879	2358.982	0.6982	0.6437
0.052	 1	5.2	10.234	0.006	1514.353	1.6112	94.6803	2439.96	0.6605	0.5889
0.062	 1	6.2	10.192	0.0014	1508.362	1.5661	96.788	2362.288	0.6867	0.561
0.072	 1	7.2	10.164	0.0038	1506.671	1.5821	100.5161	2383.744	0.6774	0.5487
0.082	 1	8.2	10.141	0.003	1499.482	1.6225	104.1515	2432.926	0.654	0.5468
0.092	 1	9.2	10.137	0.0035	1493.371	1.6535	108.2424	2469.259	0.636	0.5515
0.102	 1	10.2	10.132	0.0033	1497.266	1.6636	114.3636	2490.852	0.6302	0.5559
0.112	 1	11.2	10.131	0.0063	1500.222	1.6557	121.3594	2483.851	0.6348	0.5608
0.122	 1	12.2	10.135	0.0076	1500.592	1.6829	129.1701	2525.309	0.619	0.5706
0.132	 1	13.2	10.13	0.0072	1506.096	1.7067	136.3195	2570.412	0.6052	0.5786
0.142	 1	14.2	10.131	0.0078	1508.038	1.7213	144.2387	2595.859	0.5967	0.5889
0.152	 1	15.2	10.134	0.0066	1510.058	1.7362	151.0727	2621.773	0.588	0.6041
0.162	 1	16.2	10.13	0.0059	1508.788	1.7515	159.2053	2642.653	0.5792	0.6299
0.172	 1	17.2	10.127	0.0032	1515.791	1.7856	166.3128	2706.555	0.5594	0.6571
0.182	 1	18.2	10.131	0.0057	1515.482	1.8289	174.0812	2771.673	0.5343	0.6782
0.192	 1	19.2	10.13	0.0057	1525.143	1.8214	181.096	2777.877	0.5386	0.692
0.202	 1	20.2	10.125	0.0059	1529.456	1.824	187.3332	2789.779	0.5371	0.698
0.212	 1	21.2	10.125	0.0059	1535.021	1.8581	192.3155	2852.218	0.5173	0.7061
0.222	 1	22.2	10.125	0.0056	1536.652	1.8088	196.3013	2779.447	0.546	0.715
0.232	 1	23.2	10.125	0.0064	1535.487	1.8377	199.2906	2821.832	0.5292	0.7212
0.242	 1	24.2	10.125	0.0046	1533.626	1.7873	203.2765	2741.013	0.5584	0.7233
0.252	 1	25.2	10.124	0.0068	1527.229	1.8076	207.3214	2760.572	0.5467	0.7195
0.262	 1	26.2	10.133	0.0066	1536.467	1.8847	209.7725	2895.802	0.5019	0.7149
0.272	 1	27.2	10.133	0.0058	1552.236	1.9003	211.7609	2949.779	0.4928	0.714
0.282	 1	28.2	10.134	0.0054	1547.176	1.85	212.6944	2862.251	0.5221	0.7183
0.292	 1	29.2	10.137	0.007	1536.375	1.8292	213.5057	2810.377	0.5341	0.7243
0.302	 1	30.2	10.132	0.0079	1524.985	1.8372	213.8102	2801.675	0.5295	0.7278
0.312	 1	31.2	10.134	0.0066	1524.827	1.8372	214.6822	2801.371	0.5295	0.7394
0.322	 1	32.2	10.133	0.0042	1525.135	1.8427	213.7492	2810.328	0.5263	0.743
0.332	 1	33.2	10.135	0.0027	1519.718	1.8191	214.621	2764.514	0.54	0.7509
0.342	 1	34.2	10.134	0.0044	1519.34	1.8249	213.6883	2772.582	0.5366	0.759
0.352	 1	35.2	10.133	0.0038	1516.689	1.8226	211.7609	2764.307	0.5379	0.7693
0.362	 1	36.2	10.132	0.0037	1520.408	1.7993	209.8323	2735.65	0.5515	0.7799
0.372	 1	37.2	10.131	0.0032	1527.594	1.8237	207.9027	2785.798	0.5373	0.7989
0.382	 1	38.2	10.13	0.0022	1543.972	1.882	202.9868	2905.681	0.5035	0.8149
0.392	 1	39.2	10.13	0.0018	1560.863	1.8597	199.0066	2902.743	0.5164	0.8288
0.402	 1	40.2	10.13	0.003	1563.513	1.8673	196.0215	2919.567	0.512	0.8434
0.412	 1	41.2	10.13	0.0027	1553.443	1.8493	194.0315	2872.756	0.5225	0.8546
0.422	 1	42.2	10.131	0.0028	1541.774	1.7981	191.9867	2772.261	0.5521	0.8635
0.432	 1	43.2	10.13	0.0026	1528.134	1.8486	193.0364	2824.86	0.5229	0.8723
0.442	 1	44.2	10.131	0.0021	1533.606	1.8653	193.9762	2860.654	0.5132	0.8846
0.452	 1	45.2	10.125	0.0031	1541.33	1.8873	197.2977	2908.974	0.5004	0.8942
0.462	 1	46.2	10.126	0.0025	1548.555	1.9103	199.2338	2958.225	0.4871	0.905
0.472	 1	47.2	10.126	0.0033	1554.975	1.8979	200.23	2951.206	0.4943	0.9114
0.482	 1	48.2	10.13	0.0025	1556.307	1.9114	200.9967	2974.802	0.4864	0.9182
0.492	 1	49.2	10.138	0.0016	1557.536	1.9202	201.5317	2990.777	0.4813	0.9279
0.502	 1	50.2	10.136	0.0026	1554.84	1.8942	202.6399	2945.137	0.4964	0.9318
0.512	 1	51.2	10.14	0.003	1554.976	1.9062	204.3936	2964.045	0.4895	0.9338
0.522	 1	52.2	10.141	0.0025	1565.211	1.9362	205.3272	3030.497	0.4721	0.934
0.532	 1	53.2	10.148	0.0023	1570.898	1.9371	203.9285	3043.062	0.4715	0.9271
0.542	 1	54.2	10.15	0.0022	1575.109	1.9516	200.8444	3073.982	0.4631	0.9213
0.552	 1	55.2	10.159	0.002	1578.71	1.9056	197.3705	3008.415	0.4898	0.9285
0.562	 1	56.2	10.16	0.0025	1566.209	1.876	192.3815	2938.252	0.5069	0.9225
0.572	 1	57.2	10.164	0.0028	1549.154	1.8625	189.2067	2885.325	0.5148	0.9134
0.582	 1	58.2	10.16	0.0026	1539.394	1.8254	187.4487	2810.065	0.5363	0.8987
0.592	 1	59.2	10.156	0.0028	1531.363	1.8687	184.6988	2861.68	0.5112	0.8922
0.602	 1	60.2	10.154	0.0024	1538.485	1.8578	182.8274	2858.248	0.5175	0.8853
0.612	 1	61.2	10.154	0.0021	1545.275	1.889	180.8509	2918.959	0.4994	0.8856
0.622	 1	62.2	10.145	0.0021	1544.61	1.8821	178.3422	2907.136	0.5034	0.8827
0.632	 1	63.2	10.14	0.0019	1540.097	1.8546	176.6119	2856.309	0.5194	0.8781
0.642	 1	64.2	10.143	0.0033	1536.353	1.8394	173.487	2826.025	0.5282	0.8749
0.652	 1	65.2	10.138	0.0026	1529.572	1.8386	171.7487	2812.228	0.5287	0.8684
0.662	 1	66.2	10.13	0.0026	1528.826	1.8482	170.1507	2825.593	0.5231	0.8707
0.672	 1	67.2	10.13	0.0028	1525.143	1.8235	169.1556	2781.071	0.5374	0.8672
0.682	 1	68.2	10.129	0.0028	1523.387	1.8184	168.2086	2770.179	0.5404	0.8701
0.692	 1	69.2	10.124	0.0031	1525.618	1.8365	169.4454	2801.814	0.5299	0.869
0.702	 1	70.2	10.12	0.0037	1525.705	1.8267	172.6326	2786.98	0.5356	0.8651
0.712	 1	71.2	10.119	0.0024	1533.646	1.8788	176.6745	2881.486	0.5053	0.8626
0.722	 1	72.2	10.119	0.0021	1554.378	1.8796	180.6672	2921.579	0.5049	0.8547
0.732	 1	73.2	10.12	0.0025	1545.274	1.8152	184.6071	2804.967	0.5422	0.8486
0.742	 1	74.2	10.12	0.0051	1527.547	1.8418	191.5922	2813.501	0.5268	0.845
0.752	 1	75.2	10.12	0.001	1556.684	1.8968	196.5816	2952.711	0.4949	0.8405
0.762	 1	76.2	10.12	0.0011	1569.235	1.8479	202.5688	2899.78	0.5233	0.8397
0.772	 1	77.2	10.121	0.0021	1551.825	1.842	206.5014	2858.485	0.5267	0.8498
0.782	 1	78.2	10.122	0.0013	1567.116	1.882	209.4344	2949.258	0.5035	0.8557
0.792	 1	79.2	10.124	0.0021	1574.495	1.8957	210.3117	2984.727	0.4955	0.8627
0.802	 1	80.2	10.125	0.0021	1574.65	1.8624	209.2552	2932.676	0.5148	0.865
0.812	 1	81.2	10.122	0.0026	1569.302	1.8497	209.4344	2902.694	0.5222	0.8702
0.822	 1	82.2	10.121	0.0035	1575.498	1.9128	208.4966	3013.566	0.4856	0.881
0.832	 1	83.2	10.123	0.0026	1581.719	1.9109	209.3746	3022.474	0.4867	0.8969
0.842	 1	84.2	10.124	0.003	1584.599	1.9406	211.3084	3075.032	0.4695	0.905
0.852	 1	85.2	10.122	0.0024	1579.588	1.9225	212.4263	3036.709	0.48	0.9166
0.862	 1	86.2	10.125	0.0033	1581.537	1.9431	213.241	3073.092	0.468	0.9224
0.872	 1	87.2	10.124	0.003	1581.875	1.9336	214.2986	3058.724	0.4735	0.9332
0.882	 1	88.2	10.123	0.0024	1581.472	1.9319	214.3597	3055.197	0.4746	0.9303
0.892	 1	89.2	10.125	0.0027	1580.303	1.9315	214.2374	3052.336	0.4748	0.9331
0.902	 1	90.2	10.13	0.0026	1575.183	1.9406	213.9321	3056.784	0.4695	0.9376
0.912	 1	91.2	10.14	0.0023	1575.023	1.9387	212.3312	3053.46	0.4706	0.9506
0.922	 1	92.2	10.15	0.0022	1569.749	1.9096	210.7382	2997.551	0.4875	0.9495
0.932	 1	93.2	10.159	0.0016	1566.78	1.8914	208.2259	2963.367	0.498	1.0217
0.942	 1	94.2	10.17	0.0013	1556.474	1.8964	205.6087	2951.726	0.4951	1.0201
0.952	 1	95.2	10.18	0.0023	1554.673	1.8934	204.0452	2943.671	0.4968	1.0162
0.962	 1	96.2	10.186	0.0027	1551.325	1.8779	203.6985	2913.159	0.5059	1.0179
0.972	 1	97.2	10.195	0.002	1550.334	1.9045	203.18	2952.673	0.4904	1.0156
0.982	 1	98.2	10.204	0.0013	1555.251	1.8927	201.6889	2943.646	0.4973	1.012
0.992	 1	99.2	10.216	0.0016	1554.474	1.8665	203.9193	2901.386	0.5125	1.0064
1.002	 1	100.2	10.216	0.0022	1550.934	1.8606	205.8613	2885.734	0.5159	1.0043
1.012	 1	101.2	10.243	0.002	1552.44	1.8496	207.191	2871.382	0.5223	1.0075
1.022	 1	102.2	10.253	0.0015	1552.779	1.8707	209.4917	2904.813	0.51	1.003
1.032	 1	103.2	10.264	0.0019	1564.873	1.861	212.6771	2912.267	0.5156	1.0057
1.042	 1	104.2	10.459	0.0003	1573.255	1.8335	205.0904	2884.583	0.5316	1.0096
1.052	 1	105.2	10.465	0.0018	1553.593	1.8539	207.4705	2880.253	0.5198	1.0175
1.062	 1	106.2	10.463	0.0001	1582.186	1.8879	210.304	2987.001	0.5001	1.0306
1.072	 1	107.2	10.481	0.0004	1562.463	1.9072	210.1696	2979.977	0.4888	1.0733
1.082	 1	108.2	10.459	0.0009	1595.332	1.8568	211.4428	2962.269	0.5181	1.1517
1.092	 1	109.2	10.419	0.0052	1569.363	1.7594	214.7029	2761.143	0.5746	1.3479
1.102	 1	110.2	10.412	0.0023	1560.552	1.8648	216.0377	2910.189	0.5134	1.9282
1.112	 1	111.2	10.523	0.0037	1567.322	1.8466	211.3358	2894.281	0.524	3.7145
1.122	 1	112.2	10.736	0.0	110.4027	1.6041	199.5371	177.1016	0.6647	7.9215
1.132	 2	0.2	10.721	0.0	110.2484	0.9617	201.1825	106.0288	1.0373	7.4549
1.142	 2	1.2	10.744	0.0	110.485	1.8286	200.7926	202.0318	0.5345	3.5627
1.152	 2	2.2	10.789	0.0002	1612.705	1.8112	198.4064	2920.885	0.5446	2.1148
1.162	 2	3.2	10.775	0.0001	1600.564	1.8233	198.3112	2918.357	0.5375	1.5559
1.172	 2	4.2	10.714	0.0	110.1765	1.8286	200.7121	201.4671	0.5345	1.2953
1.182	 2	5.2	10.241	0.0004	1620.155	1.923	225.6279	3115.592	0.4797	1.1557
1.192	 2	6.2	10.17	0.0014	1600.315	1.9206	226.268	3073.633	0.4811	1.0786
1.202	 2	7.2	10.147	0.0019	1600.726	1.909	223.7911	3055.79	0.4878	1.0357
1.212	 2	8.2	10.136	0.0035	1593.711	1.9225	219.5266	3063.888	0.48	1.0069
1.222	 2	9.2	10.136	0.0055	1586.974	1.8867	216.5466	2994.215	0.5007	1.0024
1.232	 2	10.2	10.135	0.005	1570.101	1.7425	213.6274	2735.906	0.5844	0.9847
1.242	 2	11.2	10.135	0.0032	1557.075	1.699	212.6338	2645.4	0.6097	0.9652
1.252	 2	12.2	10.14	0.0055	1563.608	1.8088	210.3468	2828.329	0.5459	0.9536
1.262	 2	13.2	10.135	0.0069	1564.043	1.8534	210.6466	2898.777	0.5201	0.9479
1.272	 2	14.2	10.141	0.0063	1577.384	1.8866	209.2949	2975.822	0.5008	0.9538
1.282	 2	15.2	10.141	0.0061	1584.531	1.8959	209.2949	3004.035	0.4954	0.9707
1.292	 2	16.2	10.136	0.0061	1585.484	1.8779	210.5866	2977.375	0.5059	0.9694
1.302	 2	17.2	10.135	0.008	1569.371	1.8744	212.6338	2941.653	0.5079	0.9703
1.312	 2	18.2	10.135	0.0077	1562.355	1.8959	215.6147	2961.996	0.4954	0.9646
1.322	 2	19.2	10.136	0.0108	1567.584	1.8772	219.5266	2942.61	0.5063	0.9711
1.332	 2	20.2	10.135	0.0105	1567.187	1.894	223.5636	2968.234	0.4965	0.9722
1.342	 2	21.2	10.135	0.0118	1568.885	1.8977	229.5253	2977.306	0.4944	0.9814
1.352	 2	22.2	10.13	0.011	1568.111	1.9321	233.8328	3029.709	0.4744	0.9827
1.362	 2	23.2	10.13	0.0082	1579.604	1.9547	236.8179	3087.598	0.4613	0.9852
1.372	 2	24.2	10.13	0.0071	1591.766	1.9955	239.803	3176.44	0.4376	0.9915
1.382	 2	25.2	10.13	0.0072	1596.533	1.9725	241.7931	3149.185	0.451	0.9881
1.392	 2	26.2	10.13	0.0069	1594.522	1.9781	240.798	3154.169	0.4477	0.9853
1.402	 2	27.2	10.133	0.0071	1593.991	1.9691	239.598	3138.786	0.4529	0.9755
1.412	 2	28.2	10.146	0.0055	1585.56	1.9686	234.7504	3121.344	0.4532	0.9728
1.422	 2	29.2	10.13	0.0059	1579.358	1.9638	232.8378	3101.469	0.4561	0.9714
1.432	 2	30.2	10.13	0.0055	1571.761	1.9244	228.8576	3024.683	0.4789	0.9702
1.442	 2	31.2	10.13	0.0083	1564.72	1.9028	226.8676	2977.318	0.4914	0.9746
1.452	 2	32.2	10.131	0.0065	1565.842	1.9505	226.8029	3054.247	0.4637	0.9791
1.462	 2	33.2	10.126	0.0061	1564.586	1.9363	229.1189	3029.532	0.472	0.9805
1.472	 2	34.2	10.13	0.0046	1566.899	1.9496	230.8477	3054.767	0.4643	0.9889
1.482	 2	35.2	10.13	0.0055	1572.981	1.9464	236.8179	3061.704	0.4661	0.9972
1.492	 2	36.2	10.13	0.0067	1576.408	1.9445	240.798	3065.298	0.4672	1.0095
1.502	 2	37.2	10.131	0.0063	1582.227	1.9537	247.6926	3091.176	0.4619	1.0272
1.512	 2	38.2	10.13	0.0041	1584.546	1.9375	253.7334	3070.036	0.4713	1.0371
1.522	 2	39.2	10.131	0.0042	1577.792	1.958	260.6244	3089.347	0.4594	1.0497
1.532	 2	40.2	10.13	0.0033	1578.127	1.9488	266.6689	3075.422	0.4647	1.0664
1.542	 2	41.2	10.137	0.0036	1576.026	1.9365	272.0956	3052.031	0.4718	1.0802
1.552	 2	42.2	10.132	0.0047	1572.315	1.9547	279.4449	3073.363	0.4613	1.1018
1.562	 2	43.2	10.13	0.0034	1573.959	1.9574	286.5695	3080.905	0.4597	1.1068
1.572	 2	44.2	10.131	0.003	1577.792	1.9624	295.4406	3096.211	0.4569	1.112
1.582	 2	45.2	10.132	0.0024	1587.59	1.9705	306.2955	3128.391	0.4521	1.1221
1.592	 2	46.2	10.132	0.0033	1586.596	1.965	315.2457	3117.587	0.4554	1.1237
1.602	 2	47.2	10.137	0.0038	1589.121	1.986	321.7481	3156.053	0.4431	1.1316
1.612	 2	48.2	10.13	0.0033	1591.516	1.9685	326.3709	3132.938	0.4533	1.1389
1.622	 2	49.2	10.13	0.0031	1591.516	1.9781	328.3609	3148.222	0.4477	1.1428
1.632	 2	50.2	10.131	0.0027	1591.173	1.9787	329.2621	3148.512	0.4474	1.1416
1.642	 2	51.2	10.13	0.0017	1608.958	1.9496	330.351	3136.764	0.4643	1.1458
1.652	 2	52.2	10.135	0.0012	1606.435	1.9215	330.8741	3086.813	0.4806	1.136
1.662	 2	53.2	10.14	0.0015	1570.389	1.9714	330.4032	3095.816	0.4516	1.1406
1.672	 2	54.2	10.14	0.0005	1612.852	2.0075	326.4344	3237.847	0.4307	1.1353
1.682	 2	55.2	10.145	0.001	1613.39	1.9829	316.062	3199.117	0.445	1.1293
1.692	 2	56.2	10.15	0.0017	1607.03	1.9438	304.7294	3123.693	0.4677	1.1171
1.702	 2	57.2	10.159	0.0016	1586.848	1.9113	293.0952	3032.924	0.4865	1.1519
1.712	 2	58.2	10.164	0.0013	1571.429	1.9337	283.81	3038.69	0.4735	1.1808
1.722	 2	59.2	10.165	0.0012	1567.463	1.9382	279.7887	3038.019	0.4709	1.2716
1.732	 2	60.2	10.175	0.0009	1576.297	1.939	278.9956	3056.429	0.4704	1.2986
1.742	 2	61.2	10.185	0.0006	1584.721	1.9647	279.1853	3113.423	0.4555	1.3003
1.752	 2	62.2	10.19	0.0009	1585.745	1.9669	279.7683	3118.971	0.4542	1.2973
1.762	 2	63.2	10.195	0.0015	1586.523	1.936	275.4651	3071.455	0.4722	1.2909
1.772	 2	64.2	10.2	0.0004	1592.009	1.9339	264.3458	3078.709	0.4734	1.2848
1.782	 2	65.2	10.211	0.0001	1166.971	1.8364	246.0214	2143.014	0.5299	1.2846
1.792	 2	66.2	10.216	0.0001	1331.422	1.8617	224.3112	2478.754	0.5152	1.2777
1.802	 2	67.2	10.221	0.0004	1554.288	1.8799	204.6013	2921.909	0.5047	1.2691
1.812	 2	68.2	10.225	0.0004	1552.3	1.9005	187.9046	2950.083	0.4928	1.2506
1.822	 2	69.2	10.279	0.0007	1557.424	1.8771	172.6704	2923.363	0.5064	1.2294
1.832	 2	70.2	10.439	0.0001	1571.429	1.8545	156.9478	2914.218	0.5194	1.2145
1.842	 2	71.2	10.467	0.0006	1568.325	1.8473	150.3109	2897.24	0.5236	1.2022
1.852	 2	72.2	10.49	0.0001	1583.635	1.8386	146.6664	2911.621	0.5287	1.1894
1.862	 2	73.2	10.445	0.0023	1562.453	1.8634	147.5789	2911.458	0.5143	1.1709
1.872	 2	74.2	10.451	0.0003	1566.632	1.881	147.3354	2946.812	0.5041	1.1725
1.882	 2	75.2	10.409	0.0007	1583.118	1.8672	151.8119	2956.054	0.512	1.3121
1.892	 2	76.2	10.421	0.0043	1583.979	1.8518	153.1436	2933.273	0.521	2.1205
1.902	 2	77.2	10.678	0.0001	1480.177	1.7684	146.2201	2617.519	0.5694	11.167
1.912	 2	78.2	10.791	0.0	110.9683	1.5404	146.0294	170.9405	0.7016	10.3044
1.922	 3	0.6	10.772	0.0	110.7729	1.3513	152.6045	149.6928	0.8113	14.9897
1.932	 3	1.6	10.777	0.0	110.8243	1.8053	159.8973	200.0675	0.548	6.536
1.942	 3	2.6	10.817	0.0	111.2356	1.8152	166.453	201.9105	0.5423	2.4187
1.952	 3	3.6	10.803	0.0	111.0917	1.819	175.3411	202.0722	0.54	1.7171
1.962	 3	4.6	10.743	0.0	110.4747	1.8182	185.7195	200.8652	0.5405	1.4526
1.972	 3	5.6	10.35	0.0	106.4333	1.8668	215.1071	198.6847	0.5123	1.3204
1.982	 3	6.6	10.29	0.0002	1345.45	1.907	225.3974	2565.744	0.489	1.2482
1.992	 3	7.6	10.182	0.0003	1262.023	1.9573	234.3229	2470.135	0.4598	1.2046
2.002	 3	8.6	10.148	0.0003	1464.358	1.9762	233.6268	2893.9	0.4488	1.1914
2.012	 3	9.6	10.15	0.0004	1279.304	1.9329	222.6108	2472.761	0.474	1.1778
2.022	 3	10.6	10.142	0.0006	1566.332	1.9081	207.252	2988.647	0.4884	1.1672
2.032	 3	11.6	10.148	0.0025	1559.072	1.9084	193.0391	2975.391	0.4881	1.1558
2.042	 3	12.6	10.148	0.0029	1555.964	1.9028	182.1497	2960.663	0.4914	1.1553
2.052	 3	13.6	10.148	0.0022	1550.023	1.9096	176.2101	2959.879	0.4875	1.1481
2.062	 3	14.6	10.148	0.0019	1546.48	1.8871	175.2201	2918.371	0.5005	1.1398
2.072	 3	15.6	10.153	0.0032	1559.6	1.9071	175.9596	2974.344	0.4889	1.1296
2.082	 3	16.6	10.148	0.0072	1554.534	1.8878	179.1799	2934.723	0.5001	1.1149
2.092	 3	17.6	10.147	0.0074	1551.529	1.9135	185.1723	2968.927	0.4852	1.1024
2.102	 3	18.6	10.147	0.0064	1558.2	1.9113	188.143	2978.147	0.4865	1.0968
2.112	 3	19.6	10.147	0.0051	1568.558	1.9471	188.143	3054.105	0.4657	1.1028
2.122	 3	20.6	10.147	0.0036	1576.11	1.93	184.1821	3041.884	0.4756	1.107
2.132	 3	21.6	10.147	0.0037	1566.137	1.9049	180.2212	2983.259	0.4902	1.1124
2.142	 3	22.6	10.142	0.0039	1555.76	1.9375	175.5197	3014.314	0.4713	1.1201
2.152	 3	23.6	10.142	0.0028	1557.911	1.952	173.5364	3040.98	0.4629	1.1254
2.162	 3	24.6	10.142	0.0027	1558.15	1.9666	171.5531	3064.248	0.4544	1.1221
2.172	 3	25.6	10.137	0.0028	1557.861	1.9474	173.7837	3033.831	0.4655	1.118
2.182	 3	26.6	10.131	0.0037	1557.417	1.9365	179.0549	3015.971	0.4719	1.1009
2.192	 3	27.6	10.131	0.0031	1556.939	1.9447	187.0129	3027.748	0.4671	1.0743
2.202	 3	28.6	10.128	0.0019	1554.805	1.9606	200.1157	3048.313	0.4579	1.0582
2.212	 3	29.6	10.131	0.0021	1557.657	1.9667	215.8607	3063.502	0.4543	1.0365
2.222	 3	30.6	10.131	0.0019	1568.752	1.958	230.7819	3071.647	0.4594	1.0202
2.232	 3	31.6	10.125	0.0012	1601.297	1.9876	245.1275	3182.706	0.4422	1.0204
2.242	 3	32.6	10.13	0.0017	1612.8	1.9175	254.7285	3092.578	0.4829	1.0128
2.252	 3	33.6	10.13	0.002	1584.05	1.9206	264.6788	3042.278	0.4811	1.0158
2.262	 3	34.6	10.13	0.0029	1555.59	1.9141	270.649	2977.557	0.4849	1.0179
2.272	 3	35.6	10.13	0.0024	1545.149	1.8916	273.6341	2922.763	0.4979	1.0296
2.282	 3	36.6	10.13	0.002	1554.873	1.9317	272.6391	3003.533	0.4747	1.0606
2.292	 3	37.6	10.131	0.0009	1587.433	1.9596	266.5929	3110.734	0.4585	1.0969
2.302	 3	38.6	10.125	0.0009	1600.284	1.9675	261.0707	3148.568	0.4539	1.1409
2.312	 3	39.6	10.129	0.0025	1576.007	1.9763	254.8012	3114.687	0.4488	1.1741
2.322	 3	40.6	10.131	0.0026	1566.569	1.9648	252.6664	3077.916	0.4555	1.2032
2.332	 3	41.6	10.131	0.0022	1567.053	1.9998	250.6769	3133.866	0.4351	1.2297
2.342	 3	42.6	10.127	0.0028	1572.027	1.9755	250.963	3105.543	0.4492	1.2679
2.352	 3	43.6	10.131	0.0023	1574.114	1.9675	251.6716	3097.123	0.4539	1.2855
2.362	 3	44.6	10.131	0.0032	1572.892	1.9731	253.6611	3103.507	0.4506	1.3042
2.372	 3	45.6	10.13	0.0026	1564.237	1.9598	255.7235	3065.581	0.4584	1.3171
2.382	 3	46.6	10.131	0.0023	1570.454	1.988	260.6244	3122.101	0.442	1.3165
2.392	 3	47.6	10.136	0.0021	1577.833	1.9895	265.2199	3139.064	0.4411	1.3117
2.402	 3	48.6	10.136	0.0019	1579.308	1.9794	271.1799	3126.034	0.447	1.2997
2.412	 3	49.6	10.125	0.0018	1572.938	1.9635	277.014	3088.515	0.4562	1.2896
2.422	 3	50.6	10.125	0.002	1576.121	1.9707	282.9927	3106.05	0.452	1.2826
2.432	 3	51.6	10.125	0.0021	1574.405	1.9783	287.975	3114.647	0.4476	1.272
2.442	 3	52.6	10.125	0.0024	1582.278	1.9707	289.9679	3118.185	0.452	1.2663
2.452	 3	53.6	10.12	0.0025	1588.946	2.0248	290.382	3217.324	0.4206	1.2627
2.462	 3	54.6	10.125	0.0022	1598.011	2.0176	287.975	3224.077	0.4249	1.2565
2.472	 3	55.6	10.133	0.0023	1602.815	2.0069	284.3362	3216.613	0.4311	1.2575
2.482	 3	56.6	10.135	0.0024	1604.401	1.9962	280.1997	3202.693	0.4372	1.2521
2.492	 3	57.6	10.124	0.0027	1594.582	1.9927	277.0931	3177.443	0.4393	1.2475
2.502	 3	58.6	10.123	0.0025	1595.429	2.0039	273.184	3197.065	0.4328	1.2473
2.512	 3	59.6	10.119	0.0026	1602.883	2.0084	270.5017	3219.213	0.4302	1.2531
2.522	 3	60.6	10.119	0.004	1606.19	2.0072	267.5072	3223.869	0.4309	1.2581
2.532	 3	61.6	10.119	0.0041	1601.361	1.9779	265.5109	3167.279	0.4479	1.2702
2.542	 3	62.6	10.119	0.0041	1591.038	1.9965	263.5146	3176.488	0.4371	1.2704
2.552	 3	63.6	10.118	0.0057	1588.632	1.9963	262.5912	3171.351	0.4372	1.2765
2.562	 3	64.6	10.12	0.0052	1584.468	1.9813	264.4372	3139.291	0.4459	1.2839
2.572	 3	65.6	10.12	0.0058	1581.744	1.9681	265.435	3112.998	0.4536	1.293
2.582	 3	66.6	10.12	0.0053	1574.607	1.9829	270.4244	3122.291	0.445	1.2978
2.592	 3	67.6	10.12	0.0045	1576.815	1.9789	275.4138	3120.322	0.4473	1.3076
2.602	 3	68.6	10.119	0.0049	1576.168	1.9611	281.4814	3091.074	0.4576	1.3135
2.612	 3	69.6	10.12	0.0066	1579.769	1.9531	286.3904	3085.381	0.4623	1.2974
2.622	 3	70.6	10.12	0.0082	1573.138	1.9857	289.3841	3123.826	0.4433	1.2839
2.632	 3	71.6	10.125	0.0072	1565.883	1.9443	290.9643	3044.504	0.4674	1.2685
2.642	 3	72.6	10.124	0.005	1563.793	1.961	290.0507	3066.528	0.4577	1.2427
2.652	 3	73.6	10.123	0.0048	1570.188	1.9763	288.1393	3103.135	0.4488	1.2184
2.662	 3	74.6	10.12	0.0038	1572.649	1.9959	287.3883	3138.824	0.4374	1.1933
2.672	 3	75.6	10.125	0.0032	1572.693	1.9775	284.9856	3109.997	0.4481	1.1858
2.682	 3	76.6	10.125	0.0032	1573.427	1.956	284.9856	3077.662	0.4605	1.183
2.692	 3	77.6	10.122	0.0035	1573.939	1.9761	287.2243	3110.224	0.4489	1.1877
2.702	 3	78.6	10.127	0.0025	1575.206	1.9835	288.8066	3124.497	0.4446	1.196
2.712	 3	79.6	10.131	0.0029	1582.721	1.9974	293.4511	3161.312	0.4365	1.2083
2.722	 3	80.6	10.126	0.0031	1581.94	1.9955	297.8546	3156.787	0.4376	1.2091
2.732	 3	81.6	10.14	0.0034	1581.163	1.9952	301.6293	3154.75	0.4378	1.2047
2.742	 3	82.6	10.141	0.0032	1587.756	2.0135	307.4949	3197.014	0.4272	1.2039
2.752	 3	83.6	10.142	0.0026	1602.718	1.9847	311.3738	3180.84	0.4439	1.1988
2.762	 3	84.6	10.142	0.0022	1610.097	2.0188	314.3488	3250.389	0.4242	1.1941
2.772	 3	85.6	10.148	0.0021	1618.501	2.0217	314.8023	3272.183	0.4224	1.1862
2.782	 3	86.6	10.148	0.0033	1605.696	2.0051	315.7922	3219.615	0.4321	1.1807
2.792	 3	87.6	10.148	0.0026	1596.853	1.9912	318.7621	3179.637	0.4401	1.1853
2.802	 3	88.6	10.154	0.0024	1597.797	2.021	325.1363	3229.085	0.4229	1.1885
2.812	 3	89.6	10.153	0.0022	1598.394	2.0128	331.1599	3217.283	0.4276	1.193
2.822	 3	90.6	10.153	0.0021	1591.629	2.0112	338.0797	3201.023	0.4286	1.1945
2.832	 3	91.6	10.153	0.002	1591.878	2.0021	342.0338	3187.06	0.4338	1.1936
2.842	 3	92.6	10.159	0.0018	1596.323	2.0187	342.4378	3222.517	0.4242	1.2007
2.852	 3	93.6	10.187	0.0018	1603.747	2.0178	337.7695	3235.969	0.4247	1.212
2.862	 3	94.6	10.187	0.0016	1606.022	1.9909	332.8743	3197.418	0.4403	1.2355
2.872	 3	95.6	10.187	0.0015	1609.321	1.9418	327.9791	3124.938	0.4688	1.2562
2.882	 3	96.6	10.176	0.0012	1609.617	1.9813	321.1468	3189.059	0.4459	1.2599
2.892	 3	97.6	10.16	0.0017	1600.0	1.9974	314.7165	3195.859	0.4365	1.2672
2.902	 3	98.6	10.149	0.0015	1588.014	2.0107	308.7747	3193.037	0.4288	1.2809
2.912	 3	99.6	10.142	0.0016	1585.927	1.9851	304.4324	3148.156	0.4437	1.2989
2.922	 3	100.7	10.143	0.0021	1578.186	1.9732	301.3717	3114.055	0.4506	1.3229
2.932	 3	101.7	10.142	0.0018	1577.539	1.9887	302.4491	3137.263	0.4416	1.335
2.942	 3	102.7	10.137	0.0018	1577.989	1.9708	304.8663	3109.828	0.452	1.3366
2.952	 3	103.7	10.131	0.0017	1576.564	1.9901	309.3671	3137.447	0.4408	1.333
2.962	 3	104.7	10.13	0.0011	1585.538	2.0029	312.4404	3175.699	0.4333	1.3203
2.972	 3	105.7	10.125	0.0011	1589.981	2.0084	316.8721	3193.377	0.4301	1.3115
2.982	 3	106.7	10.125	0.0012	1589.981	2.0019	318.865	3182.907	0.434	1.3124
2.992	 3	107.7	10.12	0.001	1592.196	2.0127	321.3161	3204.674	0.4276	1.3136
3.002	 3	108.7	10.125	0.0011	1597.507	1.9771	321.8544	3158.425	0.4483	1.3139
3.012	 3	109.7	10.135	0.0009	1592.802	1.9699	321.9315	3137.732	0.4525	1.3203
3.022	 3	110.7	10.14	0.0005	1594.089	2.0051	323.4578	3196.234	0.4321	1.3463
3.032	 3	111.7	10.145	0.0003	1598.393	1.9471	324.9792	3112.185	0.4657	1.3693
3.042	 3	112.7	10.15	0.0002	1601.957	1.9835	325.5064	3177.472	0.4446	1.4663
3.052	 3	113.7	10.16	0.0003	1607.341	2.0007	326.5553	3215.8	0.4346	1.5094
3.062	 3	114.7	10.175	0.0002	1613.543	1.967	328.1145	3173.808	0.4542	1.5226
3.072	 3	115.7	10.18	0.0002	1610.76	1.9466	330.5925	3135.557	0.466	1.5256
3.082	 3	116.7	10.186	0.0002	1597.303	1.9749	329.0514	3154.469	0.4496	1.5248
3.092	 3	117.7	10.2	0.0001	1608.579	1.979	325.7988	3183.402	0.4472	1.519
3.102	 3	118.7	10.211	0.0002	1600.47	1.9593	320.8975	3135.723	0.4587	1.5063
3.112	 3	119.7	10.21	0.0001	1599.561	1.9827	312.2339	3171.525	0.445	1.507
3.122	 3	120.7	10.221	0.0001	1605.308	1.9661	300.599	3156.207	0.4547	1.4984
3.132	 3	121.7	10.258	0.0001	1600.312	1.9432	285.9672	3109.685	0.468	1.4788
3.142	 3	122.7	10.279	0.0001	1452.862	1.919	273.7923	2788.027	0.482	1.4727
3.152	 3	123.7	10.495	0.0	107.9244	1.8697	251.5975	201.7894	0.5106	1.4678
3.162	 3	124.7	10.569	0.0	108.6854	1.8585	242.1694	201.9913	0.5171	1.4642
3.172	 3	125.7	10.548	0.0	108.4694	1.9032	240.8989	206.4409	0.4912	1.4915
3.182	 3	126.7	10.512	0.0	108.0992	1.8848	241.4865	203.7424	0.5019	1.5281
3.192	 3	127.7	10.493	0.0	107.9038	1.8997	240.9467	204.9801	0.4932	1.6051
3.202	 3	128.7	10.438	0.0	107.3382	1.8609	240.0502	199.75	0.5157	1.8105
3.212	 3	129.7	10.393	0.0001	1266.358	1.8679	237.5073	2365.411	0.5117	2.3314
3.222	 3	130.7	10.374	0.0004	1337.89	1.8923	232.2581	2531.682	0.4975	4.0361
3.232	 3	131.7	10.597	0.0	108.9733	1.8043	212.3716	196.6219	0.5485	12.7958
3.242	 3	132.7	10.732	0.0	110.3616	1.1586	201.4357	127.8662	0.9231	57.2915
3.252	 4	0.8	10.717	0.0	110.2073	1.7719	201.3975	195.2797	0.5673	18.0699
3.262	 4	1.8	10.713	0.0	110.1662	1.8614	201.6129	205.063	0.5154	5.321
3.272	 4	2.8	10.724	0.0001	1617.009	1.8842	200.1768	3046.833	0.5022	2.9695
3.282	 4	3.8	10.682	0.0	109.8474	1.8809	201.5845	206.609	0.5041	2.1194
3.292	 4	4.8	10.55	0.0	108.49	1.8648	208.0162	202.3151	0.5134	1.7471
3.302	 4	5.8	10.239	0.0005	1589.167	1.9261	225.7551	3060.892	0.4779	1.5519
3.312	 4	6.8	10.191	0.0021	1592.841	1.9548	227.8585	3113.627	0.4613	1.4603
3.322	 4	7.8	10.137	0.0032	1590.118	1.9373	231.3806	3080.552	0.4714	1.4045
3.332	 4	8.8	10.13	0.0095	1587.525	1.9539	231.8427	3101.833	0.4618	1.3767
3.342	 4	9.8	10.125	0.0091	1590.231	1.9346	231.1771	3076.419	0.473	1.3583
3.352	 4	10.8	10.124	0.0142	1578.914	1.9352	230.2464	3055.438	0.4727	1.3532
3.362	 4	11.8	10.124	0.0097	1577.684	1.9606	228.2529	3093.143	0.4579	1.3616
3.372	 4	12.8	10.125	0.0083	1581.043	1.9392	226.1949	3065.989	0.4703	1.3753
3.382	 4	13.8	10.124	0.0143	1575.229	1.916	225.2627	3018.132	0.4838	1.3708
3.392	 4	14.8	10.125	0.0144	1574.895	1.9616	225.1984	3089.239	0.4573	1.3658
3.402	 4	15.8	10.119	0.0107	1580.847	1.9584	227.5807	3095.879	0.4592	1.36
3.412	 4	16.8	10.12	0.0112	1585.71	1.9448	229.5115	3083.958	0.467	1.358
3.422	 4	17.8	10.124	0.0068	1579.161	1.9379	231.2431	3060.192	0.4711	1.3434
3.432	 4	18.8	10.13	0.0072	1580.343	1.9721	233.8328	3116.62	0.4512	1.3235
3.442	 4	19.8	10.134	0.0062	1584.923	1.9578	234.5602	3103.018	0.4595	1.3325
3.452	 4	20.8	10.14	0.0049	1595.092	1.95	233.1674	3110.414	0.464	1.3299
3.462	 4	21.8	10.145	0.0068	1581.943	1.9573	232.8357	3096.321	0.4598	1.3239
3.472	 4	22.8	10.15	0.0057	1578.047	1.9611	232.5046	3094.665	0.4576	1.3199
3.482	 4	23.8	10.149	0.0041	1578.628	1.9825	232.5707	3129.593	0.4452	1.3355
3.492	 4	24.8	10.145	0.0055	1577.515	1.9829	230.8541	3127.982	0.445	1.3261
3.502	 4	25.8	10.145	0.0052	1577.76	1.9938	230.8541	3145.766	0.4386	1.333
3.512	 4	26.8	10.15	0.0046	1578.538	1.9994	230.5258	3156.097	0.4354	1.327
3.522	 4	27.8	10.15	0.0057	1584.947	2.006	229.5365	3179.346	0.4316	1.3484
3.532	 4	28.8	10.155	0.0049	1600.221	2.0279	226.2463	3245.083	0.4189	1.3498
3.542	 4	29.8	10.15	0.0047	1599.181	2.0084	226.5683	3211.863	0.4301	1.3514
3.552	 4	30.8	10.155	0.0056	1589.699	1.9939	226.2463	3169.692	0.4386	1.3658
3.562	 4	31.8	10.155	0.007	1580.299	1.9785	228.2223	3126.592	0.4475	1.3678
3.572	 4	32.8	10.16	0.0084	1575.194	1.9663	229.8713	3097.292	0.4546	1.3636
3.582	 4	33.8	10.157	0.0076	1577.664	1.9911	232.0422	3141.214	0.4402	1.3557
3.592	 4	34.8	10.156	0.0063	1580.208	1.9595	235.0712	3096.446	0.4585	1.3563
3.602	 4	35.8	10.154	0.0105	1576.219	1.9743	240.1462	3111.856	0.45	1.3581
3.612	 4	36.8	10.15	0.0082	1576.821	1.9847	245.3665	3129.53	0.4439	1.3692
3.622	 4	37.8	10.145	0.0067	1596.883	2.0119	250.6699	3212.799	0.4281	1.3844
3.632	 4	38.8	10.145	0.0101	1614.417	2.0249	252.6515	3268.953	0.4206	1.3987
3.642	 4	39.8	10.142	0.0114	1612.913	2.0326	251.8757	3278.418	0.4161	1.4107
3.652	 4	40.8	10.14	0.0075	1597.605	1.9678	247.0582	3143.732	0.4537	1.4147
3.662	 4	41.8	10.136	0.024	1578.324	1.9646	240.3866	3100.737	0.4556	1.4161
3.672	 4	42.8	10.133	0.0122	1576.139	1.9743	233.6329	3111.823	0.4499	1.4232
3.682	 4	43.8	10.133	0.0054	1584.519	2.0048	225.6794	3176.63	0.4323	1.4224
3.692	 4	44.8	10.13	0.009	1584.546	1.9519	218.9073	3092.898	0.4629	1.425
3.702	 4	45.8	10.131	0.0302	1565.6	1.9196	215.8607	3005.353	0.4817	1.4315
3.712	 4	46.8	10.13	0.0146	1556.785	1.9183	215.9222	2986.353	0.4824	1.4297
3.722	 4	47.8	10.13	0.0161	1553.681	1.9164	219.9023	2977.443	0.4835	1.4332
3.732	 4	48.8	10.133	0.0216	1554.618	1.9545	227.6678	3038.471	0.4614	1.4383
3.742	 4	49.8	10.127	0.0146	1571.783	1.9965	234.0329	3138.134	0.437	1.4347
3.752	 4	50.8	10.127	0.0128	1582.097	1.9864	240.0082	3142.642	0.4429	1.4551
3.762	 4	51.8	10.13	0.0148	1585.29	1.9701	242.7881	3123.209	0.4524	1.4633
3.772	 4	52.8	10.135	0.007	1597.573	1.9707	242.4423	3148.406	0.452	1.4577
3.782	 4	53.8	10.14	0.01	1599.621	1.9879	240.1128	3179.858	0.4421	1.4599
3.792	 4	54.8	10.144	0.0126	1595.721	1.9973	236.8662	3187.108	0.4366	1.444
3.802	 4	55.8	10.158	0.0127	1600.441	1.9994	232.9633	3199.996	0.4354	1.4544
3.812	 4	56.8	10.162	0.0142	1601.071	1.9974	228.7546	3198.026	0.4365	1.4698
3.822	 4	57.8	10.165	0.0139	1601.292	2.0209	225.6043	3235.996	0.4229	1.4807
3.832	 4	58.8	10.165	0.0111	1600.283	2.0014	223.6339	3202.737	0.4342	1.4969
3.842	 4	59.8	10.165	0.0123	1590.767	1.9773	222.6488	3145.488	0.4482	1.5044
3.852	 4	60.8	10.16	0.0125	1587.252	1.9925	220.0055	3162.607	0.4394	1.502
3.862	 4	61.8	10.155	0.0104	1589.202	1.9837	219.3305	3152.548	0.4445	1.5153
3.872	 4	62.8	10.149	0.0094	1584.049	1.9792	220.6948	3135.226	0.4471	1.5386
3.882	 4	63.8	10.136	0.0085	1580.293	1.9523	221.5132	3085.253	0.4627	1.5378
3.892	 4	64.8	10.14	0.01	1583.138	1.9875	222.2532	3146.449	0.4423	1.5045
3.902	 4	65.8	10.139	0.0121	1585.457	1.9881	223.309	3152.012	0.442	1.4992
3.912	 4	66.8	10.135	0.0092	1586.817	1.9978	226.5444	3170.188	0.4363	1.4775
3.922	 4	67.8	10.134	0.0079	1586.66	1.9976	229.5907	3169.539	0.4364	1.4561
3.932	 4	68.8	10.134	0.006	1588.899	1.9846	232.5724	3153.332	0.444	1.4379
3.942	 4	69.8	10.134	0.0051	1591.644	1.9895	237.5419	3166.52	0.4411	1.4263
3.952	 4	70.8	10.134	0.0043	1592.395	2.0001	241.5175	3184.907	0.435	1.412
3.962	 4	71.8	10.133	0.0055	1595.245	1.9913	245.5631	3176.591	0.4401	1.409
3.972	 4	72.8	10.134	0.0071	1597.415	1.9725	248.4748	3150.959	0.451	1.3951
3.982	 4	73.8	10.134	0.0062	1598.423	2.0017	251.4565	3199.587	0.434	1.3917
3.992	 4	74.8	10.135	0.0064	1598.076	1.9905	253.3721	3180.95	0.4406	1.3641
4.002	 4	75.8	10.14	0.0076	1597.353	1.9871	254.0036	3174.053	0.4425	1.3356
4.012	 4	76.8	10.136	0.0076	1594.463	2.0017	256.2799	3191.685	0.434	1.3176
4.022	 4	77.8	10.134	0.0087	1593.146	1.9717	257.4199	3141.264	0.4514	1.3095
4.032	 4	78.8	10.139	0.0083	1593.681	1.9788	257.0534	3153.55	0.4473	1.2994
4.042	 4	79.8	10.146	0.0074	1591.529	1.9646	254.5605	3126.758	0.4556	1.2923
4.052	 4	80.8	10.15	0.0074	1577.557	1.9325	248.3347	3048.643	0.4742	1.2541
4.062	 4	81.8	10.157	0.008	1568.891	1.8977	239.9415	2977.318	0.4944	1.2802
4.072	 4	82.8	10.165	0.0085	1557.139	1.8989	229.545	2956.773	0.4937	1.2863
4.082	 4	83.8	10.171	0.0081	1543.399	1.7917	219.3193	2765.318	0.5559	1.4106
4.092	 4	84.8	10.175	0.0139	1533.072	1.8817	213.1762	2884.825	0.5036	1.4392
4.102	 4	85.8	10.185	0.0032	1555.437	1.8407	213.5522	2863.125	0.5274	1.4644
4.112	 4	86.8	10.195	0.0027	1544.463	1.7348	221.7397	2679.383	0.5888	1.4618
4.122	 4	87.8	10.205	0.0016	1537.361	1.7736	232.802	2726.663	0.5664	1.4024
4.132	 4	88.8	10.213	0.0029	1547.893	1.8696	241.0231	2893.918	0.5107	1.3287
4.142	 4	89.8	10.215	0.0026	1579.069	1.9091	243.8009	3014.661	0.4877	1.2701
4.152	 4	90.8	10.22	0.002	1570.616	1.904	240.5471	2990.508	0.4907	1.2419
4.162	 4	91.8	10.238	0.0009	1598.439	1.9286	235.4691	3082.764	0.4764	1.2324
4.172	 4	92.8	10.288	0.0012	1593.803	1.9239	228.3784	3066.274	0.4792	1.2227
4.182	 4	93.8	10.362	0.0006	1605.018	1.8983	219.9834	3046.777	0.494	1.2054
4.192	 4	94.8	10.576	0.0	108.7574	1.8924	204.7941	205.8125	0.4974	1.1967
4.202	 4	95.8	10.552	0.0	108.5106	1.8963	202.595	205.7708	0.4952	1.2082
4.212	 4	96.8	10.54	0.0	108.3871	1.9254	198.8198	208.6885	0.4783	1.2318
4.222	 4	97.8	10.508	0.0009	1628.895	1.9245	195.1913	3134.884	0.4788	1.2877
4.232	 4	98.8	10.484	0.0003	1627.445	1.9262	189.2675	3134.772	0.4778	1.4236
4.242	 4	99.8	10.408	0.0013	1625.488	1.9395	184.0652	3152.578	0.4701	1.8461
4.252	 4	100.8	10.386	0.0019	1622.813	1.9337	171.3001	3138.017	0.4735	3.691
4.262	 4	101.8	10.408	0.0013	1623.206	1.9167	152.7741	3111.233	0.4833	130.366
4.272	 4	102.8	10.348	0.0008	1614.101	1.8612	126.3288	3004.205	0.5155	5.8677
