Geotek MSCL 7.9 - TN336_JPC40-49.out created at 16:38:30 on 1/26/2016.


Processing Parameters

CT	RCT=11.45	W=1.27
PWAmp	A=1	B=0
PWVel	PTO=27.19
Den1	A=9.889801E-04	B=-.1104	C=10.002
MS1	A=1	B=0	Den=0	LD=14	
FP	MGD=2.75	WD=1.026	
RES	A=567.302	B=-1.103549	p=0	


SB DEPTH	SECT NUM	SECT DEPTH	CT	PWAmp	PWVel	Den1	MS1	Imp	FP	RES
m		cm	cm		m/s	g/cc	SI x 10^-5			Ohm.m

-0.639	before cal		10.747	0.0						74.4222
-0.579	cal sect	6.0	10.423	0.0049	1504.692	1.2476	-1.833		0.8714	15.4012
-0.519	cal sect	12.0	10.151	0.0239	1488.198	1.2721	-0.9891	1893.153	0.8572	14.851
-0.459	cal sect	18.0	10.2	0.0166	1488.399	1.2546	-1.9509	1867.377	0.8674	14.2306
-0.399	cal sect	24.0	10.51	0.001	1503.146	1.2312	-1.7898	1850.63	0.881	11.429
-0.339	cal sect	30.0	10.639	0.0114	1509.506	1.1973	-0.8641	1807.293	0.9007	4.2865
-0.279	cal sect	36.0	10.526	0.0027	1519.342	1.2566	-0.891	1909.265	0.8662	0.5211
-0.219	cal sect	42.0	10.259	0.0033	1517.828	1.2556	-0.9594	1905.789	0.8668	0.3706
-0.159	cal sect	48.0	10.183	0.0253	1502.804	1.2767	-0.9802	1918.573	0.8546	0.3681
-0.099	cal sect	54.0	10.267	0.0074	1506.309	1.2461	-0.9572	1876.969	0.8723	0.3677
-0.039	cal sect	60.0	10.433	0.0283	1520.624	1.255	5.484	1908.453	0.8671	0.5193
0.001	 1	0.1	10.713	0.0	110.2376	0.7452	26.2605	82.1473	1.1629	1.5283
0.011	 1	1.1	10.629	0.0	109.3732	1.6188	32.058	177.0497	0.6562	1.2552
0.021	 1	2.1	10.534	0.0011	1524.457	1.675	37.3397	2553.479	0.6235	0.9516
0.031	 1	3.1	10.621	0.0001	1364.29	1.634	39.9421	2229.278	0.6473	0.766
0.041	 1	4.1	10.672	0.0	109.8157	1.6313	41.1104	179.1415	0.6489	0.666
0.051	 1	5.1	10.463	0.0	107.6651	1.6616	43.5112	178.8931	0.6313	0.6136
0.061	 1	6.1	10.461	0.0	107.6445	1.6697	43.5351	179.7338	0.6266	0.5867
0.071	 1	7.1	10.41	0.0001	1355.469	1.6622	44.1513	2253.124	0.6309	0.5725
0.081	 1	8.1	10.342	0.0	106.42	1.656	44.992	176.2311	0.6346	0.5599
0.091	 1	9.1	10.276	0.0047	1519.444	1.6773	43.92	2548.499	0.6222	0.546
0.101	 1	10.1	10.246	0.0056	1512.771	1.6784	44.2918	2539.052	0.6216	0.5362
0.111	 1	11.1	10.195	0.014	1505.241	1.6625	43.9572	2502.425	0.6308	0.5323
0.121	 1	12.1	10.183	0.0281	1497.72	1.667	43.1267	2496.675	0.6282	0.5332
0.131	 1	13.1	10.178	0.0352	1496.105	1.7048	42.2064	2550.628	0.6062	0.5332
0.141	 1	14.1	10.179	0.0441	1496.692	1.6848	42.1944	2521.661	0.6179	0.5305
0.151	 1	15.1	10.176	0.0246	1497.131	1.6773	41.2482	2511.078	0.6222	0.5257
0.161	 1	16.1	10.169	0.0326	1499.853	1.6619	41.3302	2492.634	0.6311	0.5223
0.171	 1	17.1	10.161	0.038	1492.947	1.6855	40.438	2516.355	0.6175	0.5189
0.181	 1	18.1	10.162	0.0364	1492.217	1.6853	38.4544	2514.877	0.6176	0.5159
0.191	 1	19.1	10.164	0.0319	1492.949	1.6707	38.4326	2494.224	0.6261	0.5107
0.201	 1	20.1	10.161	0.0222	1493.606	1.6675	37.4791	2490.543	0.6279	0.5076
0.211	 1	21.1	10.161	0.0203	1497.127	1.67	35.5065	2500.239	0.6264	0.5017
0.221	 1	22.1	10.16	0.0229	1498.304	1.6685	35.5166	2499.898	0.6273	0.4976
0.231	 1	23.1	10.155	0.0224	1496.243	1.6741	33.5912	2504.926	0.624	0.4928
0.241	 1	24.1	10.16	0.0175	1495.217	1.6834	33.5435	2516.978	0.6187	0.4885
0.251	 1	25.1	10.164	0.0206	1493.169	1.6767	32.5199	2503.537	0.6226	0.4831
0.261	 1	26.1	10.166	0.0205	1490.616	1.6729	31.5165	2493.656	0.6248	0.4784
0.271	 1	27.1	10.167	0.0113	1490.544	1.648	31.5076	2456.372	0.6392	0.4759
0.281	 1	28.1	10.171	0.0101	1493.539	1.6664	29.5048	2488.829	0.6285	0.4765
0.291	 1	29.1	10.17	0.0108	1491.64	1.6539	30.497	2467.014	0.6358	0.4773
0.301	 1	30.1	10.17	0.0193	1494.05	1.6581	29.5132	2477.281	0.6334	0.4777
0.311	 1	31.1	10.173	0.0223	1492.299	1.6624	28.5052	2480.789	0.6309	0.4813
0.321	 1	32.1	10.175	0.0237	1491.936	1.6556	29.4714	2470.049	0.6348	0.4838
0.331	 1	33.1	10.175	0.0233	1491.28	1.6508	29.4714	2461.876	0.6376	0.4854
0.341	 1	34.1	10.18	0.036	1492.012	1.6545	29.4296	2468.545	0.6354	0.4891
0.351	 1	35.1	10.18	0.0295	1490.265	1.6134	29.4296	2404.399	0.6593	0.495
0.361	 1	36.1	10.18	0.0155	1494.202	1.6604	28.4486	2480.981	0.632	0.5017
0.371	 1	37.1	10.184	0.0116	1495.009	1.6685	28.4164	2494.458	0.6273	0.5066
0.381	 1	38.1	10.186	0.0229	1490.925	1.6363	27.421	2439.657	0.646	0.5096
0.391	 1	39.1	10.185	0.0186	1487.513	1.6548	26.4491	2461.558	0.6353	0.511
0.401	 1	40.1	10.185	0.0159	1486.861	1.6404	26.4491	2438.98	0.6436	0.5134
0.411	 1	41.1	10.18	0.015	1486.131	1.6551	26.4866	2459.647	0.6351	0.5117
0.421	 1	42.1	10.175	0.012	1486.704	1.6511	25.5419	2454.737	0.6374	0.5106
0.431	 1	43.1	10.175	0.012	1484.535	1.6436	24.5595	2440.019	0.6417	0.5094
0.441	 1	44.1	10.17	0.0124	1482.724	1.6359	25.5781	2425.571	0.6462	0.5085
0.451	 1	45.1	10.176	0.0098	1485.547	1.6219	24.5525	2409.336	0.6544	0.5091
0.461	 1	46.1	10.172	0.0079	1476.343	1.6228	24.5804	2395.748	0.6539	0.5082
0.471	 1	47.1	10.171	0.0075	1486.336	1.6385	24.5874	2435.326	0.6447	0.5088
0.481	 1	48.1	10.171	0.0141	1486.554	1.6374	24.5874	2434.047	0.6454	0.5093
0.491	 1	49.1	10.176	0.0112	1485.764	1.6316	24.5525	2424.231	0.6487	0.5078
0.501	 1	50.1	10.181	0.0125	1487.146	1.6295	24.5177	2423.264	0.65	0.5051
0.511	 1	51.1	10.191	0.0102	1486.652	1.6471	24.4483	2448.729	0.6397	0.5013
0.521	 1	52.1	10.2	0.0111	1487.965	1.6322	24.3861	2428.616	0.6484	0.499
0.531	 1	53.1	10.202	0.0132	1488.474	1.6321	25.3472	2429.377	0.6484	0.4972
0.541	 1	54.1	10.225	0.0122	1490.959	1.6227	25.1831	2419.429	0.6539	0.4942
0.551	 1	55.1	10.23	0.0081	1489.95	1.5949	24.1804	2376.325	0.67	0.4905
0.561	 1	56.1	10.236	0.0098	1489.956	1.6134	24.1395	2403.926	0.6593	0.4864
0.571	 1	57.1	10.24	0.0093	1487.507	1.6061	24.1123	2389.064	0.6635	0.4855
0.581	 1	58.1	10.24	0.0121	1490.105	1.5902	24.1123	2369.544	0.6727	0.4854
0.591	 1	59.1	10.235	0.012	1492.2	1.6114	24.1463	2404.57	0.6604	0.4866
0.601	 1	60.1	10.234	0.0138	1493.579	1.6167	24.1531	2414.672	0.6574	0.4867
0.611	 1	61.1	10.23	0.0124	1494.085	1.6217	24.1804	2422.909	0.6545	0.4845
0.621	 1	62.1	10.228	0.0121	1492.267	1.6209	24.194	2418.815	0.6549	0.4801
0.631	 1	63.1	10.219	0.0107	1485.536	1.6022	24.2556	2380.101	0.6658	0.4756
0.641	 1	64.1	10.219	0.0096	1484.457	1.6017	24.2556	2377.583	0.6661	0.4701
0.651	 1	65.1	10.215	0.0079	1483.876	1.6178	24.283	2400.639	0.6567	0.4689
0.661	 1	66.1	10.209	0.0082	1486.892	1.6099	24.3242	2393.734	0.6613	0.471
0.671	 1	67.1	10.205	0.0078	1487.392	1.6256	24.3517	2417.966	0.6522	0.4742
0.681	 1	68.1	10.199	0.0076	1488.688	1.6193	25.3688	2410.592	0.6559	0.4654
0.691	 1	69.1	10.195	0.0086	1485.719	1.6232	25.3975	2411.556	0.6536	0.4662
0.701	 1	70.1	10.195	0.0091	1482.262	1.6357	25.3975	2424.562	0.6463	0.467
0.711	 1	71.1	10.192	0.0083	1480.104	1.6083	24.4414	2380.444	0.6622	0.4677
0.721	 1	72.1	10.184	0.0077	1478.943	1.6088	24.4969	2379.26	0.662	0.4689
0.731	 1	73.1	10.18	0.0075	1479.006	1.6065	23.5437	2375.958	0.6633	0.4701
0.741	 1	74.1	10.177	0.0073	1478.356	1.5856	23.5637	2344.079	0.6754	0.4683
0.751	 1	75.1	10.175	0.0069	1480.431	1.6046	23.5771	2375.478	0.6644	0.4669
0.761	 1	76.1	10.17	0.0077	1481.859	1.5766	23.6106	2336.272	0.6806	0.4639
0.771	 1	77.1	10.164	0.0083	1481.633	1.5589	23.6508	2309.666	0.6909	0.4588
0.781	 1	78.1	10.16	0.0085	1482.13	1.5812	23.6777	2343.596	0.6779	0.4531
0.791	 1	79.1	10.154	0.0083	1481.255	1.6013	22.7299	2371.892	0.6663	0.4471
0.801	 1	80.1	10.15	0.0084	1480.671	1.5818	22.7558	2342.062	0.6776	0.4427
0.811	 1	81.1	10.145	0.0073	1482.537	1.5888	22.7882	2355.415	0.6736	0.4395
0.821	 1	82.1	10.14	0.0069	1481.59	1.5628	22.8206	2315.441	0.6886	0.4376
0.831	 1	83.1	10.145	0.0072	1478.432	1.5836	22.7882	2341.205	0.6766	0.4326
0.841	 1	84.1	10.144	0.0062	1477.425	1.6172	22.7947	2389.362	0.657	0.4241
0.851	 1	85.1	10.151	0.0055	1475.007	1.6086	20.7711	2372.763	0.662	0.4147
0.861	 1	86.1	10.145	0.0064	1473.707	1.5935	20.8066	2348.32	0.6708	0.4071
0.871	 1	87.1	10.151	0.0051	1473.295	1.5965	20.7711	2352.074	0.6691	0.4035
0.881	 1	88.1	10.151	0.0049	1472.226	1.5925	19.782	2344.574	0.6714	0.4026
0.891	 1	89.1	10.156	0.0053	1472.524	1.5894	19.7539	2340.429	0.6732	0.4014
0.901	 1	90.1	10.162	0.0047	1473.181	1.5916	20.7062	2344.71	0.6719	0.3999
0.911	 1	91.1	10.156	0.0044	1472.097	1.5855	19.7539	2333.998	0.6755	0.3983
0.921	 1	92.1	10.162	0.0044	1472.967	1.5882	19.7202	2339.366	0.6739	0.3953
0.931	 1	93.1	10.168	0.0044	1476.834	1.5873	19.6867	2344.124	0.6744	0.394
0.941	 1	94.1	10.157	0.0053	1479.749	1.595	18.7609	2360.206	0.67	0.3944
0.951	 1	95.1	10.162	0.01	1483.071	1.5804	19.7202	2343.855	0.6784	0.3972
0.961	 1	96.1	10.162	0.0066	1478.969	1.5885	19.7202	2349.286	0.6737	0.4006
0.971	 1	97.1	10.162	0.0054	1475.534	1.5709	19.7202	2317.889	0.6839	0.4032
0.981	 1	98.1	10.157	0.0052	1473.738	1.5701	19.7483	2313.943	0.6844	0.4038
0.991	 1	99.1	10.155	0.0044	1473.447	1.5648	20.7475	2305.673	0.6875	0.4023
1.001	 1	100.1	10.151	0.0043	1473.081	1.5871	20.7711	2337.858	0.6746	0.402
1.011	 1	101.1	10.142	0.0029	1472.416	1.6058	21.816	2364.431	0.6637	0.4018
1.021	 1	102.1	10.153	0.0025	1477.445	1.5948	22.7364	2356.294	0.67	0.4
1.031	 1	103.1	10.16	0.0021	1479.755	1.5805	22.6912	2338.693	0.6784	0.3882
1.041	 1	104.1	10.16	0.0019	1481.266	1.5618	22.6912	2313.38	0.6892	0.3847
1.051	 1	105.1	10.168	0.002	1480.705	1.5648	22.6396	2317.079	0.6874	0.3831
1.061	 1	106.1	10.175	0.0018	1478.495	1.5676	22.5947	2317.683	0.6858	0.3828
1.071	 1	107.1	10.174	0.0018	1476.204	1.566	21.6185	2311.683	0.6868	0.3903
1.081	 1	108.1	10.184	0.0014	1480.017	1.5201	20.5774	2249.829	0.7134	0.3868
1.091	 1	109.1	10.19	0.0011	1480.244	1.5329	20.5424	2269.132	0.7059	0.41
1.101	 1	110.1	10.19	0.0015	1480.674	1.5496	19.5642	2294.46	0.6963	0.4123
1.111	 1	111.1	10.2	0.0014	1479.333	1.5342	20.4844	2269.524	0.7052	0.4132
1.121	 1	112.1	10.206	0.0015	1478.916	1.5512	22.3972	2294.083	0.6954	0.4152
1.131	 1	113.1	10.209	0.0011	1479.351	1.55	23.3512	2292.967	0.6961	0.4133
1.141	 1	114.1	10.219	0.0011	1483.81	1.532	25.2258	2273.258	0.7065	0.4159
1.151	 1	115.1	10.229	0.0011	1490.673	1.5497	28.0572	2310.117	0.6962	0.4192
1.161	 1	116.1	10.239	0.001	1504.629	1.5545	29.9077	2338.951	0.6934	0.4235
1.171	 1	117.1	10.258	0.0005	1523.541	1.6461	30.7079	2507.906	0.6403	0.4284
1.181	 1	118.1	10.28	0.0003	1535.933	1.5929	30.5188	2446.65	0.6711	0.4351
1.191	 1	119.1	10.308	0.0011	1514.546	1.5156	28.388	2295.506	0.716	0.4459
1.201	 1	120.1	10.444	0.0021	1507.288	1.5168	27.337	2286.295	0.7153	0.4665
1.211	 1	121.1	10.528	0.0009	1513.296	1.4714	26.7149	2226.675	0.7416	0.5089
1.221	 1	122.1	10.582	0.0002	1543.24	1.456	27.203	2246.916	0.7506	0.5961
1.231	 1	123.1	10.617	0.0035	1541.376	1.4619	28.6851	2253.304	0.7472	0.7657
1.241	 1	124.1	10.759	0.0081	1535.245	1.4622	30.9612	2244.842	0.747	1.0222
1.251	 1	125.1	10.804	0.004	1548.739	1.4215	33.9013	2201.563	0.7706	1.2389
1.261	 2	0.6	10.824	0.0	111.3798	1.0258	37.0126	114.2571	1.0001	1.2331
1.271	 2	1.6	10.831	0.0	111.4518	1.6177	41.0493	180.2981	0.6568	1.0522
1.281	 2	2.6	10.807	0.0	111.2049	1.635	44.6151	181.8186	0.6468	0.876
1.291	 2	3.6	10.737	0.0	110.4846	1.6514	47.9772	182.459	0.6372	0.749
1.301	 2	4.6	10.621	0.0	109.2909	1.6443	51.23	179.7025	0.6414	0.6711
1.311	 2	5.6	10.309	0.0	106.0804	1.6748	58.6521	177.6604	0.6237	0.6256
1.321	 2	6.6	10.188	0.0001	1275.094	1.6923	62.641	2157.877	0.6135	0.5975
1.331	 2	7.6	10.156	0.0001	1177.78	1.6814	65.1878	1980.349	0.6198	0.582
1.341	 2	8.6	10.151	0.0011	1429.718	1.6808	67.2588	2403.094	0.6202	0.5743
1.351	 2	9.6	10.155	0.0043	1499.778	1.6949	69.1583	2541.986	0.612	0.5707
1.361	 2	10.6	10.156	0.0275	1502.367	1.716	72.1017	2578.001	0.5998	0.569
1.371	 2	11.6	10.159	0.0342	1498.599	1.716	74.0139	2571.669	0.5997	0.5663
1.381	 2	12.6	10.16	0.0318	1500.517	1.7291	75.966	2594.519	0.5922	0.5658
1.391	 2	13.6	10.164	0.0297	1502.661	1.7436	77.8507	2620.075	0.5837	0.5661
1.401	 2	14.6	10.17	0.0281	1504.215	1.764	78.7019	2653.416	0.5719	0.5684
1.411	 2	15.6	10.175	0.0272	1502.067	1.7497	79.5727	2628.226	0.5802	0.5711
1.421	 2	16.6	10.18	0.0252	1501.254	1.7248	80.4409	2589.336	0.5947	0.5734
1.431	 2	17.6	10.185	0.0276	1501.105	1.7212	80.327	2583.747	0.5967	0.5755
1.441	 2	18.6	10.195	0.0256	1502.579	1.7207	82.0535	2585.551	0.597	0.5753
1.451	 2	19.6	10.206	0.0235	1503.979	1.7258	82.7723	2595.586	0.5941	0.577
1.461	 2	20.6	10.208	0.0187	1505.605	1.7395	83.6988	2618.961	0.5862	0.5791
1.471	 2	21.6	10.21	0.0159	1505.9	1.7558	87.5422	2644.101	0.5767	0.5815
1.481	 2	22.6	10.21	0.0171	1504.568	1.7565	89.4876	2642.701	0.5763	0.5846
1.491	 2	23.6	10.213	0.021	1500.588	1.738	91.3555	2608.036	0.587	0.5873
1.501	 2	24.6	10.215	0.0174	1501.764	1.7713	94.2179	2660.096	0.5677	0.5875
1.511	 2	25.6	10.215	0.0186	1501.323	1.7581	97.1318	2639.461	0.5754	0.586
1.521	 2	26.6	10.215	0.0186	1501.543	1.7647	100.0458	2649.743	0.5715	0.5834
1.531	 2	27.6	10.215	0.018	1505.305	1.7704	101.9884	2664.937	0.5682	0.5852
1.541	 2	28.6	10.216	0.0237	1505.452	1.7781	105.8438	2676.904	0.5637	0.5904
1.551	 2	29.6	10.219	0.0269	1507.672	1.7754	108.6648	2676.698	0.5653	0.5982
1.561	 2	30.6	10.22	0.0219	1509.601	1.8043	112.514	2723.775	0.5485	0.6082
1.571	 2	31.6	10.221	0.0221	1510.418	1.7882	115.3912	2700.9	0.5579	0.6189
1.581	 2	32.6	10.22	0.0247	1509.824	1.7826	119.3036	2691.357	0.5612	0.6291
1.591	 2	33.6	10.22	0.0192	1515.421	1.8353	123.1834	2781.258	0.5306	0.6379
1.601	 2	34.6	10.216	0.0201	1516.177	1.837	127.2068	2785.276	0.5296	0.6481
1.611	 2	35.6	10.216	0.0229	1518.43	1.835	131.0909	2786.329	0.5307	0.6591
1.621	 2	36.6	10.215	0.0208	1523.49	1.8564	135.0132	2828.212	0.5183	0.6685
1.631	 2	37.6	10.215	0.0207	1526.449	1.8623	139.8698	2842.71	0.5149	0.6817
1.641	 2	38.6	10.211	0.0194	1530.655	1.8824	142.9452	2881.262	0.5033	0.6961
1.651	 2	39.6	10.206	0.0168	1533.353	1.8847	148.9901	2889.936	0.5019	0.7088
1.661	 2	40.6	10.206	0.0193	1536.123	1.911	153.8591	2935.591	0.4866	0.7203
1.671	 2	41.6	10.2	0.0139	1548.975	1.9725	158.0222	3055.309	0.451	0.7344
1.681	 2	42.6	10.196	0.023	1558.307	1.9173	160.1542	2987.761	0.483	0.7466
1.691	 2	43.6	10.195	0.03	1549.627	1.9234	161.1764	2980.551	0.4795	0.7574
1.701	 2	44.6	10.19	0.0275	1550.281	1.8938	162.383	2935.849	0.4967	0.7648
1.711	 2	45.6	10.185	0.0496	1541.314	1.8664	163.5928	2876.696	0.5125	0.7624
1.721	 2	46.6	10.185	0.0337	1542.948	1.9041	167.5112	2937.856	0.4907	0.7601
1.731	 2	47.6	10.18	0.0302	1549.231	1.9502	169.7107	3021.334	0.4639	0.7519
1.741	 2	48.6	10.19	0.027	1554.064	1.9632	169.2305	3050.923	0.4564	0.7442
1.751	 2	49.6	10.206	0.0119	1581.59	1.9521	165.5446	3087.39	0.4628	0.7342
1.761	 2	50.6	10.206	0.0057	1651.189	2.0376	161.6494	3364.384	0.4133	0.724
1.771	 2	51.6	10.207	0.0082	1690.46	2.0411	160.6302	3450.39	0.4112	0.7183
1.781	 2	52.6	10.211	0.0092	1698.719	2.0357	162.3936	3458.124	0.4143	0.7173
1.791	 2	53.6	10.22	0.0078	1698.803	2.0377	163.9212	3461.594	0.4132	0.7239
1.801	 2	54.6	10.226	0.0062	1668.189	2.0253	164.6122	3378.611	0.4204	0.7248
1.811	 2	55.6	10.235	0.009	1607.76	1.9424	163.2292	3122.88	0.4685	0.7258
1.821	 2	56.6	10.245	0.0073	1564.6	1.9049	157.9544	2980.339	0.4902	0.7238
1.831	 2	57.6	10.252	0.0134	1542.814	1.8674	152.8374	2881.119	0.5119	0.723
1.841	 2	58.6	10.257	0.0115	1525.204	1.8173	148.7831	2771.716	0.541	0.7212
1.851	 2	59.6	10.257	0.0164	1520.908	1.8236	146.8633	2773.578	0.5373	0.7188
1.861	 2	60.6	10.256	0.0131	1524.829	1.8524	145.9445	2824.645	0.5206	0.7143
1.871	 2	61.6	10.251	0.0156	1525.673	1.8348	147.1113	2799.354	0.5308	0.7076
1.881	 2	62.6	10.254	0.0137	1524.985	1.8559	148.9087	2830.24	0.5186	0.7077
1.891	 2	63.6	10.251	0.01	1533.204	1.8701	150.9574	2867.224	0.5104	0.7043
1.901	 2	64.6	10.245	0.0193	1530.932	1.8492	153.1387	2831.068	0.5225	0.7087
1.911	 2	65.6	10.241	0.0158	1527.823	1.8579	153.3113	2838.576	0.5174	0.7167
1.921	 2	66.6	10.239	0.0179	1527.069	1.8435	154.3625	2815.093	0.5258	0.7262
1.931	 2	67.6	10.233	0.0176	1526.175	1.879	153.6573	2867.734	0.5052	0.7356
1.941	 2	68.6	10.234	0.015	1528.604	1.8931	153.6139	2893.856	0.497	0.7399
1.951	 2	69.6	10.224	0.0134	1530.081	1.8828	155.9854	2880.866	0.503	0.7413
1.961	 2	70.6	10.219	0.0165	1525.679	1.8626	159.1164	2841.757	0.5147	0.7334
1.971	 2	71.6	10.229	0.0275	1529.227	1.8709	163.5055	2861.092	0.5099	0.7284
1.981	 2	72.6	10.219	0.0239	1530.936	1.8658	167.8484	2856.355	0.5129	0.7229
1.991	 2	73.6	10.214	0.0249	1541.271	1.8983	172.9435	2925.774	0.494	0.7205
2.001	 2	74.6	10.21	0.014	1550.023	1.9206	177.0298	2976.931	0.4811	0.7223
2.011	 2	75.6	10.206	0.0416	1544.959	1.9114	181.1253	2953.042	0.4864	0.7236
2.021	 2	76.6	10.196	0.0418	1533.464	1.8819	185.5445	2885.895	0.5035	0.7234
2.031	 2	77.6	10.194	0.04	1536.398	1.9104	187.6038	2935.083	0.487	0.7196
2.041	 2	78.6	10.184	0.0213	1548.191	1.9632	191.0756	3039.397	0.4564	0.7136
2.051	 2	79.6	10.174	0.009	1562.107	1.9427	190.6356	3034.664	0.4683	0.7107
2.061	 2	80.6	10.174	0.0203	1555.42	1.9701	189.6529	3064.39	0.4524	0.7071
2.071	 2	81.6	10.164	0.0094	1554.604	1.9491	185.2649	3030.101	0.4646	0.7033
2.081	 2	82.6	10.154	0.0176	1545.04	1.9113	181.8391	2953.067	0.4865	0.6913
2.091	 2	83.6	10.154	0.0146	1532.911	1.8802	177.8861	2882.125	0.5045	0.6759
2.101	 2	84.6	10.144	0.0179	1520.612	1.8771	173.4376	2854.326	0.5063	0.6674
2.111	 2	85.6	10.138	0.0166	1512.683	1.8471	167.7776	2794.045	0.5237	0.6697
2.121	 2	86.6	10.144	0.0147	1515.161	1.8803	160.5537	2848.89	0.5045	0.6795
2.131	 2	87.6	10.144	0.0144	1523.352	1.9139	154.6072	2915.595	0.485	0.6879
2.141	 2	88.6	10.144	0.0094	1526.332	1.9522	150.643	2979.704	0.4628	0.6882
2.151	 2	89.6	10.144	0.0211	1524.955	1.8587	144.6965	2834.366	0.517	0.6866
2.161	 2	90.6	10.15	0.0201	1513.57	1.8548	141.4815	2807.378	0.5193	0.688
2.171	 2	91.6	10.15	0.014	1517.644	1.8774	140.4921	2849.203	0.5062	0.6917
2.181	 2	92.6	10.15	0.0162	1523.109	1.8948	138.5134	2885.922	0.4961	0.6966
2.191	 2	93.6	10.156	0.0133	1534.371	1.9416	137.2895	2979.142	0.4689	0.6946
2.201	 2	94.6	10.15	0.01	1535.32	1.9256	135.5452	2956.463	0.4782	0.6971
2.211	 2	95.6	10.155	0.0129	1525.462	1.8892	134.3646	2881.884	0.4993	0.7016
2.221	 2	96.6	10.157	0.0123	1518.69	1.8698	132.3134	2839.634	0.5106	0.7094
2.231	 2	97.6	10.161	0.0162	1522.019	1.8959	134.1356	2885.636	0.4954	0.7128
2.241	 2	98.6	10.165	0.0143	1521.024	1.8955	136.9388	2883.159	0.4956	0.7129
2.251	 2	99.6	10.17	0.0125	1522.683	1.9218	140.6796	2926.363	0.4804	0.7092
2.261	 2	100.6	10.172	0.0067	1530.775	1.9329	144.5327	2958.909	0.4739	0.6992
2.271	 2	101.6	10.18	0.0077	1533.594	1.8821	146.167	2886.327	0.5034	0.6868
2.281	 2	102.6	10.18	0.0111	1526.924	1.8953	146.167	2893.908	0.4958	0.6803
2.291	 2	103.6	10.18	0.0098	1522.812	1.8785	145.186	2860.653	0.5055	0.671
2.301	 2	104.6	10.175	0.0135	1517.977	1.8634	142.4449	2828.528	0.5143	0.662
2.311	 2	105.6	10.17	0.0129	1511.818	1.8467	140.6796	2791.893	0.5239	0.6556
2.321	 2	106.6	10.17	0.0101	1511.593	1.8471	137.7283	2791.993	0.5238	0.6455
2.331	 2	107.6	10.17	0.0122	1512.493	1.8348	135.7608	2775.184	0.5308	0.6421
2.341	 2	108.6	10.164	0.0113	1511.825	1.8481	134.0214	2794.07	0.5231	0.6343
2.351	 2	109.6	10.165	0.0113	1511.3	1.8277	131.0278	2762.176	0.535	0.6331
2.361	 2	110.6	10.164	0.0102	1509.131	1.8386	129.0941	2774.729	0.5286	0.6314
2.371	 2	111.6	10.155	0.0089	1507.795	1.8248	127.4488	2751.434	0.5367	0.6351
2.381	 2	112.6	10.16	0.0065	1508.313	1.8045	126.2812	2721.678	0.5485	0.6377
2.391	 2	113.6	10.16	0.0079	1508.761	1.8279	126.2812	2757.885	0.5349	0.6379
2.401	 2	114.6	10.16	0.0112	1508.986	1.8169	125.2946	2741.734	0.5412	0.6364
2.411	 2	115.6	10.157	0.0107	1510.11	1.8389	124.4141	2776.91	0.5285	0.6341
2.421	 2	116.6	10.162	0.0097	1511.303	1.8363	123.2514	2775.184	0.53	0.6333
2.431	 2	117.6	10.16	0.0085	1513.481	1.8417	121.3484	2787.412	0.5268	0.6329
2.441	 2	118.6	10.157	0.0092	1516.196	1.8542	117.5022	2811.352	0.5196	0.6302
2.451	 2	119.6	10.161	0.0077	1517.7	1.8483	112.4372	2805.237	0.523	0.6252
2.461	 2	120.6	10.155	0.0129	1510.262	1.8142	108.6773	2739.917	0.5428	0.6212
2.471	 2	121.6	10.155	0.009	1503.776	1.8021	104.7254	2709.923	0.5498	0.6164
2.481	 2	122.6	10.156	0.0086	1503.034	1.7816	99.7571	2677.811	0.5617	0.613
2.491	 2	123.6	10.16	0.0093	1501.848	1.7879	96.6841	2685.213	0.558	0.6076
2.501	 2	124.6	10.165	0.0073	1501.921	1.7749	93.5913	2665.823	0.5656	0.6028
2.511	 2	125.6	10.17	0.0077	1504.661	1.7703	90.5072	2663.666	0.5683	0.5989
2.521	 2	126.6	10.179	0.0073	1504.656	1.77	88.3139	2663.202	0.5685	0.5976
2.531	 2	127.6	10.183	0.0087	1502.582	1.769	86.2535	2658.012	0.569	0.5987
2.541	 2	128.6	10.186	0.0079	1498.161	1.7603	83.2422	2637.18	0.5741	0.5971
2.551	 2	129.6	10.198	0.0067	1498.824	1.7689	81.9838	2651.245	0.5691	0.5967
2.561	 2	130.6	10.205	0.0046	1499.192	1.7514	79.8735	2625.683	0.5792	0.5977
2.571	 2	131.6	10.212	0.0039	1499.559	1.7542	78.7435	2630.584	0.5776	0.6288
2.581	 2	132.6	10.223	0.0044	1499.633	1.74	77.5302	2609.344	0.5859	0.626
2.591	 2	133.6	10.23	0.0035	1501.762	1.7345	75.4428	2604.822	0.589	0.6275
2.601	 2	134.6	10.24	0.0035	1503.23	1.7547	73.3015	2637.769	0.5773	0.6275
2.611	 2	135.6	10.252	0.004	1502.565	1.7412	70.1706	2616.281	0.5851	0.628
2.621	 2	136.6	10.293	0.0022	1498.472	1.7227	67.4674	2581.387	0.5959	0.6246
2.631	 2	137.6	10.278	0.0022	1495.634	1.6935	64.8889	2532.906	0.6128	0.6216
2.641	 2	138.6	10.303	0.0023	1505.406	1.6894	63.4885	2543.268	0.6152	0.6164
2.651	 2	139.6	10.31	0.0027	1510.401	1.6915	62.4187	2554.849	0.614	0.6127
2.661	 2	140.6	10.318	0.0021	1502.986	1.6788	61.3357	2523.225	0.6213	0.6118
2.671	 2	141.6	10.318	0.0016	1504.74	1.6985	62.2793	2555.725	0.6099	0.6109
2.681	 2	142.6	10.425	0.0021	1513.722	1.6662	61.3731	2522.137	0.6287	0.6157
2.691	 2	143.6	10.451	0.0005	1511.571	1.6546	62.754	2501.019	0.6354	0.6193
2.701	 2	144.6	10.463	0.0002	1528.338	1.7004	64.3603	2598.749	0.6088	0.6309
2.711	 2	145.6	10.542	0.0015	1530.71	1.7359	63.8716	2657.196	0.5882	0.6553
2.721	 2	146.6	10.573	0.001	1530.766	1.6785	62.4559	2569.447	0.6215	0.7082
2.731	 2	147.6	10.552	0.0003	1523.535	1.6857	63.698	2568.278	0.6173	0.8129
2.741	 2	148.6	10.55	0.0013	1521.05	1.6867	63.7326	2565.481	0.6168	1.0571
2.751	 2	149.6	10.695	0.0015	1526.113	1.6478	63.8401	2514.684	0.6393	1.5763
2.761	 2	150.6	10.717	0.0	110.2788	1.5931	69.3891	175.689	0.671	2.3215
2.771	 3	0.2	10.696	0.0	110.0627	0.5552	79.9915	61.1079	1.2731	2.502
2.781	 3	1.2	10.623	0.0	109.3115	0.9475	98.0656	103.5778	1.0455	1.843
2.791	 3	2.2	10.572	0.0012	1559.752	1.6056	119.6663	2504.411	0.6638	1.2641
2.801	 3	3.2	10.642	0.0032	1560.64	1.7773	135.5542	2773.692	0.5642	0.9689
2.811	 3	4.2	10.689	0.0012	1559.072	1.8789	152.6101	2929.346	0.5053	0.8427
2.821	 3	5.2	10.468	0.0018	1560.292	1.8621	177.4268	2905.483	0.515	0.7785
2.831	 3	6.2	10.455	0.0004	1529.627	1.8172	188.0549	2779.599	0.5411	0.7384
2.841	 3	7.2	10.413	0.0	107.1506	2.0348	193.9207	218.0281	0.4149	0.712
2.851	 3	8.2	10.356	0.0	106.564	2.0225	194.2073	215.5216	0.422	0.7002
2.861	 3	9.2	10.274	0.0009	1678.758	2.0126	192.9744	3378.648	0.4277	0.6972
2.871	 3	10.2	10.216	0.0022	1655.754	2.0045	188.3826	3319.009	0.4324	0.7011
2.881	 3	11.2	10.171	0.0055	1554.723	1.8955	183.9135	2946.971	0.4957	0.7056
2.891	 3	12.2	10.165	0.0118	1535.963	1.848	178.316	2838.4	0.5232	0.7091
2.901	 3	13.2	10.17	0.0057	1546.063	1.9571	171.1766	3025.769	0.4599	0.7059
2.911	 3	14.2	10.175	0.0031	1565.866	1.9253	162.0925	3014.807	0.4783	0.6963
2.921	 3	15.2	10.176	0.0108	1535.536	1.8569	153.2076	2851.401	0.518	0.691
2.931	 3	16.2	10.183	0.0048	1534.74	1.9515	143.1023	2995.103	0.4631	0.6868
2.941	 3	17.2	10.191	0.0059	1560.643	1.9618	133.9769	3061.739	0.4572	0.6857
2.951	 3	18.2	10.196	0.0076	1538.787	1.8089	127.9281	2783.476	0.5459	0.6884
2.961	 3	19.2	10.2	0.0137	1501.546	1.728	128.7588	2594.729	0.5928	0.6883
2.971	 3	20.2	10.205	0.0063	1498.752	1.8099	135.3953	2712.613	0.5453	0.6827
2.981	 3	21.2	10.206	0.0125	1509.763	1.7928	144.1212	2706.627	0.5552	0.6784
2.991	 3	22.2	10.21	0.0052	1514.387	1.9636	147.8491	2973.615	0.4562	0.6748
3.001	 3	23.2	10.216	0.0022	1623.649	2.043	147.5987	3317.195	0.4101	0.6728
3.011	 3	24.2	10.225	0.0022	1575.986	1.927	145.2871	3036.947	0.4774	0.6761
3.021	 3	25.2	10.225	0.0142	1527.487	1.8591	143.3499	2839.738	0.5168	0.683
3.031	 3	26.2	10.225	0.0064	1520.898	1.8909	145.2871	2875.791	0.4983	0.6878
3.041	 3	27.2	10.224	0.0037	1529.165	1.88	152.11	2874.798	0.5047	0.6948
3.051	 3	28.2	10.22	0.0071	1513.177	1.7939	161.9813	2714.425	0.5546	0.7
3.061	 3	29.2	10.219	0.0072	1508.562	1.8834	174.6399	2841.204	0.5027	0.7044
3.071	 3	30.2	10.216	0.0027	1546.005	1.9494	186.4405	3013.795	0.4644	0.7061
3.081	 3	31.2	10.211	0.0015	1586.791	2.0172	191.5661	3200.943	0.425	0.7185
3.091	 3	32.2	10.216	0.0022	1607.047	1.9862	194.2088	3191.932	0.443	0.7241
3.101	 3	33.2	10.216	0.0074	1565.431	1.9494	195.1799	3051.664	0.4644	0.7299
3.111	 3	34.2	10.207	0.0069	1554.997	1.9477	194.7033	3028.679	0.4654	0.7358
3.121	 3	35.2	10.211	0.0048	1564.904	2.0087	192.5385	3143.477	0.43	0.7407
3.131	 3	36.2	10.207	0.0039	1561.181	1.9094	191.7827	2980.905	0.4876	0.7464
3.141	 3	37.2	10.206	0.0095	1555.793	2.0045	190.8632	3118.563	0.4324	0.7514
3.151	 3	38.2	10.206	0.0032	1583.553	2.0166	191.837	3193.401	0.4254	0.7613
3.161	 3	39.2	10.199	0.0046	1535.069	1.8462	197.0958	2834.1	0.5242	0.7659
3.171	 3	40.2	10.191	0.0101	1530.87	1.9279	201.4543	2951.3	0.4769	0.7661
3.181	 3	41.2	10.19	0.0025	1590.448	2.0141	202.4896	3203.302	0.4269	0.7671
3.191	 3	42.2	10.187	0.0028	1662.37	2.0547	197.7665	3415.75	0.4033	0.7508
3.201	 3	43.2	10.192	0.0031	1663.185	2.0863	188.6878	3469.858	0.385	0.7481
3.211	 3	44.2	10.186	0.0035	1652.498	2.0287	177.2569	3352.494	0.4184	0.7422
3.221	 3	45.2	10.188	0.0023	1628.517	2.021	163.4538	3291.203	0.4229	0.7378
3.231	 3	46.2	10.187	0.0021	1557.645	1.9135	150.7725	2980.563	0.4852	0.7324
3.241	 3	47.2	10.191	0.0037	1521.499	1.8443	143.7562	2806.054	0.5254	0.7282
3.251	 3	48.2	10.196	0.0076	1513.433	1.8043	141.5998	2730.66	0.5486	0.7239
3.261	 3	49.2	10.193	0.007	1506.726	1.7473	142.6975	2632.653	0.5816	0.7177
3.271	 3	50.2	10.183	0.0044	1522.805	1.9692	145.0626	2998.661	0.4529	0.7106
3.281	 3	51.2	10.186	0.0042	1556.54	1.9244	144.9393	2995.341	0.4789	0.7054
3.291	 3	52.2	10.187	0.0062	1532.802	1.865	144.8982	2858.646	0.5134	0.706
3.301	 3	53.2	10.187	0.0116	1518.861	1.8345	145.8773	2786.313	0.531	0.7036
3.311	 3	54.2	10.186	0.0082	1511.949	1.8411	149.8359	2783.633	0.5272	0.7013
3.321	 3	55.2	10.2	0.0075	1512.904	1.8491	154.1204	2797.567	0.5225	0.6955
3.331	 3	56.2	10.201	0.0064	1512.604	1.8273	156.0271	2763.907	0.5352	0.6828
3.341	 3	57.2	10.221	0.0019	1527.118	1.9416	155.1479	2965.108	0.4689	0.6776
3.351	 3	58.2	10.221	0.0018	1547.698	1.8453	153.2085	2856.026	0.5247	0.667
3.361	 3	59.2	10.215	0.0067	1521.901	1.8006	149.583	2740.334	0.5507	0.6638
3.371	 3	60.2	10.209	0.0042	1524.186	1.8596	145.945	2834.336	0.5165	0.6628
3.381	 3	61.2	10.204	0.0038	1533.514	1.903	142.254	2918.341	0.4913	0.6679
3.391	 3	62.2	10.199	0.0072	1521.104	1.8186	141.4797	2766.27	0.5403	0.6722
3.401	 3	63.2	10.199	0.0079	1498.31	1.7444	146.3583	2613.638	0.5833	0.6734
3.411	 3	64.2	10.188	0.0078	1496.475	1.7653	154.6449	2641.669	0.5712	0.6728
3.421	 3	65.2	10.189	0.0017	1524.843	1.8993	157.5365	2896.183	0.4934	0.6755
3.431	 3	66.2	10.189	0.0012	1545.661	1.9758	158.515	3053.87	0.4491	0.6805
3.441	 3	67.2	10.189	0.0041	1537.962	1.8601	157.5365	2860.764	0.5162	0.6841
3.451	 3	68.2	10.188	0.0089	1522.87	1.8676	157.5812	2844.092	0.5118	0.6945
3.461	 3	69.2	10.189	0.0031	1523.247	1.866	157.5365	2842.391	0.5128	0.7017
3.471	 3	70.2	10.189	0.0048	1514.192	1.8392	157.5365	2784.887	0.5283	0.7065
3.481	 3	71.2	10.19	0.002	1518.402	1.8834	154.5573	2859.772	0.5027	0.7121
3.491	 3	72.2	10.189	0.0011	1529.191	1.915	150.6871	2928.34	0.4844	0.7063
3.501	 3	73.2	10.19	0.0029	1521.577	1.8596	146.7316	2829.48	0.5165	0.7006
3.511	 3	74.2	10.189	0.0024	1505.912	1.8389	145.7947	2769.147	0.5285	0.697
3.521	 3	75.2	10.195	0.0013	1511.938	1.9357	142.6167	2926.619	0.4723	0.6951
3.531	 3	76.2	10.195	0.001	1519.827	1.828	142.6167	2778.23	0.5348	0.6866
3.541	 3	77.2	10.195	0.0015	1509.252	1.8917	141.6399	2855.127	0.4978	0.6667
3.551	 3	78.2	10.195	0.0014	1513.734	1.8157	138.7094	2748.422	0.542	0.6624
3.561	 3	79.2	10.195	0.0008	1503.244	1.9519	133.8253	2934.182	0.4629	0.6701
3.571	 3	80.2	10.2	0.0007	1525.348	1.8495	127.7834	2821.1	0.5223	0.6803
3.581	 3	81.2	10.2	0.0018	1505.091	1.7873	124.857	2690.116	0.5584	0.681
3.591	 3	82.2	10.206	0.002	1495.166	1.7612	127.5667	2633.296	0.5735	0.6811
3.601	 3	83.2	10.21	0.0014	1497.507	1.7927	132.286	2684.573	0.5553	0.7151
3.611	 3	84.2	10.215	0.0006	1512.437	1.8689	136.9559	2826.651	0.5111	0.7216
3.621	 3	85.2	10.225	0.0004	1520.672	1.8253	139.4756	2775.694	0.5364	0.7237
3.631	 3	86.2	10.231	0.0007	1511.226	1.7582	141.1736	2656.97	0.5753	0.7265
3.641	 3	87.2	10.237	0.0005	1509.214	1.93	138.0392	2912.74	0.4757	0.7252
3.651	 3	88.2	10.245	0.0003	1524.781	1.7905	135.8023	2730.047	0.5566	0.7239
3.661	 3	89.2	10.253	0.0011	1506.686	1.7943	131.653	2703.374	0.5544	0.7233
3.671	 3	90.2	10.293	0.0003	1528.285	1.8304	125.4324	2797.361	0.5334	0.7231
3.681	 3	91.2	10.319	0.0002	1552.196	1.8833	116.977	2923.202	0.5027	0.7298
3.691	 3	92.2	10.313	0.0004	1543.631	1.7172	111.5035	2650.76	0.5991	0.7462
3.701	 3	93.2	10.334	0.0021	1517.251	1.6581	107.0944	2515.801	0.6333	0.7646
3.711	 3	94.2	10.6	0.0	109.0748	1.6973	96.0573	185.1276	0.6106	0.7999
3.721	 3	95.2	10.659	0.0	109.6819	1.8539	88.5246	203.3416	0.5198	0.883
3.731	 3	96.2	10.696	0.0	110.0627	1.7253	79.9915	189.8867	0.5944	1.0233
3.741	 3	97.2	10.678	0.0	109.8774	1.6714	75.2478	183.6545	0.6256	1.2588
3.751	 3	98.2	10.825	0.0	111.3901	1.6286	70.7166	181.4046	0.6505	1.5525
3.761	 3	99.2	10.841	0.0	111.5547	1.2974	72.8753	144.7281	0.8426	1.7219
3.771	 4	0.9	10.814	0.0	111.2769	1.167	79.1691	129.8635	0.9182	1.6076
3.781	 4	1.9	10.813	0.0	111.2666	1.6462	87.439	183.1681	0.6402	1.3007
3.791	 4	2.9	10.773	0.0004	1318.927	1.8202	95.8735	2400.716	0.5393	1.03
3.801	 4	3.9	10.721	0.0001	1324.398	1.7787	105.6631	2355.744	0.5634	0.871
3.811	 4	4.9	10.516	0.0	108.2104	1.8093	118.8246	195.789	0.5456	0.788
3.821	 4	5.9	10.305	0.0	106.0393	1.831	135.4296	194.1552	0.5331	0.7459
3.831	 4	6.9	10.237	0.0004	1272.942	1.7941	146.727	2283.817	0.5545	0.7218
3.841	 4	7.9	10.202	0.0002	1294.999	1.8264	153.0583	2365.188	0.5357	0.7043
3.851	 4	8.9	10.201	0.0004	1561.457	1.8729	152.1264	2924.465	0.5088	0.6897
3.861	 4	9.9	10.197	0.0022	1567.322	1.891	145.4648	2963.838	0.4982	0.6753
3.871	 4	10.9	10.195	0.0157	1532.161	1.8566	137.7326	2844.587	0.5182	0.6655
3.881	 4	11.9	10.19	0.0104	1517.046	1.8725	129.1238	2840.623	0.509	0.6601
3.891	 4	12.9	10.19	0.0075	1518.629	1.863	123.2546	2829.267	0.5145	0.6559
3.901	 4	13.9	10.184	0.0064	1522.5	1.8831	121.5045	2867.017	0.5028	0.6541
3.911	 4	14.9	10.182	0.0067	1527.224	1.8952	119.6125	2894.456	0.4958	0.6551
3.921	 4	15.9	10.182	0.0101	1529.288	1.8895	118.6321	2889.614	0.4991	0.6577
3.931	 4	16.9	10.178	0.0118	1527.54	1.85	118.7668	2826.019	0.522	0.6612
3.941	 4	17.9	10.177	0.01	1524.188	1.8675	118.8004	2846.437	0.5119	0.6636
3.951	 4	18.9	10.177	0.0087	1526.703	1.8731	118.8004	2859.677	0.5086	0.6628
3.961	 4	19.9	10.177	0.0105	1528.078	1.8728	120.7641	2861.717	0.5088	0.6658
3.971	 4	20.9	10.182	0.0114	1529.748	1.887	122.5538	2886.666	0.5006	0.6617
3.981	 4	21.9	10.182	0.0107	1532.049	1.8694	123.5342	2863.992	0.5108	0.6615
3.991	 4	22.9	10.182	0.0115	1531.358	1.8899	125.4951	2894.071	0.4989	0.6632
4.001	 4	23.9	10.188	0.0108	1534.568	1.8988	127.2395	2913.835	0.4937	0.6626
4.011	 4	24.9	10.191	0.0156	1545.73	1.9376	129.0872	2994.941	0.4713	0.6617
4.021	 4	25.9	10.192	0.0135	1549.878	1.9144	129.0507	2967.082	0.4847	0.6623
4.031	 4	26.9	10.189	0.0128	1542.619	1.915	130.1389	2954.054	0.4844	0.6644
4.041	 4	27.9	10.194	0.0125	1540.577	1.9188	129.9547	2956.048	0.4821	0.6666
4.051	 4	28.9	10.196	0.0134	1539.716	1.9074	130.8577	2936.918	0.4887	0.6695
4.061	 4	29.9	10.202	0.0129	1541.786	1.8994	132.5856	2928.524	0.4934	0.669
4.071	 4	30.9	10.202	0.0122	1542.952	1.9202	134.5353	2962.828	0.4813	0.674
4.081	 4	31.9	10.207	0.0097	1544.877	1.9226	136.2923	2970.203	0.4799	0.6778
4.091	 4	32.9	10.207	0.0103	1546.515	1.9215	138.2393	2971.638	0.4806	0.6805
4.101	 4	33.9	10.207	0.0107	1550.509	1.9405	141.1599	3008.804	0.4695	0.685
4.111	 4	34.9	10.208	0.0099	1557.285	1.9498	144.0397	3036.386	0.4642	0.6893
4.121	 4	35.9	10.213	0.0085	1559.713	1.9576	147.7238	3053.322	0.4596	0.6964
4.131	 4	36.9	10.212	0.0085	1560.037	1.9437	150.682	3032.283	0.4677	0.7066
4.141	 4	37.9	10.213	0.0072	1554.727	1.9304	153.555	3001.238	0.4754	0.713
4.151	 4	38.9	10.214	0.0071	1553.46	1.9161	155.4548	2976.643	0.4837	0.7141
4.161	 4	39.9	10.215	0.0077	1549.606	1.9386	160.2675	3004.113	0.4706	0.7119
4.171	 4	40.9	10.215	0.0073	1555.268	1.9311	161.2388	3003.435	0.475	0.708
4.181	 4	41.9	10.216	0.0061	1557.08	1.9464	161.1933	3030.654	0.4661	0.7073
4.191	 4	42.9	10.211	0.0065	1555.132	1.9145	159.4763	2977.296	0.4846	0.7021
4.201	 4	43.9	10.21	0.0056	1561.64	1.8958	154.6579	2960.534	0.4955	0.7021
4.211	 4	44.9	10.214	0.003	1584.303	1.9384	150.5969	3071.083	0.4707	0.6957
4.221	 4	45.9	10.212	0.0029	1613.27	1.9165	147.7655	3091.853	0.4835	0.6852
4.231	 4	46.9	10.218	0.0036	1625.0	1.9191	146.5449	3118.487	0.482	0.6726
4.241	 4	47.9	10.222	0.0032	1626.153	1.9202	147.3489	3122.48	0.4813	0.657
4.251	 4	48.9	10.222	0.0031	1634.474	1.9051	147.3489	3113.891	0.4901	0.6491
4.261	 4	49.9	10.221	0.0044	1633.008	1.8909	150.2995	3087.811	0.4983	0.6418
4.271	 4	50.9	10.226	0.0037	1637.208	1.9018	152.9925	3113.717	0.492	0.6324
4.281	 4	51.9	10.222	0.0043	1642.352	1.8921	157.0429	3107.532	0.4976	0.6275
4.291	 4	52.9	10.219	0.0036	1643.983	1.9053	155.2355	3132.329	0.4899	0.6213
4.301	 4	53.9	10.206	0.0035	1643.743	1.8876	167.4922	3102.675	0.5003	0.6194
4.311	 4	54.9	10.216	0.0038	1645.354	1.8761	171.8748	3086.915	0.5069	0.6139
4.321	 4	55.9	10.226	0.004	1647.76	1.9106	176.2319	3148.194	0.4869	0.6126
4.331	 4	56.9	10.241	0.0032	1650.709	1.9034	181.2737	3141.986	0.4911	0.6128
4.341	 4	57.9	10.246	0.0022	1651.781	1.9032	184.8702	3143.694	0.4912	0.6146
4.351	 4	58.9	10.246	0.0018	1652.314	1.9142	190.6474	3162.848	0.4848	0.6155
4.361	 4	59.9	10.241	0.0023	1657.656	1.914	195.737	3172.792	0.4849	0.6179
4.371	 4	60.9	10.24	0.0023	1656.422	1.9032	201.5792	3152.565	0.4912	0.6192
4.381	 4	61.9	10.243	0.0018	1658.785	1.9056	205.2637	3160.971	0.4898	0.6197
4.391	 4	62.9	10.235	0.0018	1663.416	1.9096	209.5901	3176.528	0.4874	0.6227
4.401	 4	63.9	10.235	0.0021	1669.113	1.9409	212.4877	3239.526	0.4693	0.626
4.411	 4	64.9	10.228	0.0021	1668.788	1.9172	211.9397	3199.387	0.4831	0.6289
4.421	 4	65.9	10.225	0.0021	1668.843	1.9237	210.182	3210.304	0.4793	0.6353
4.431	 4	66.9	10.221	0.0029	1667.102	1.9379	203.6316	3230.624	0.4711	0.6441
4.441	 4	67.9	10.215	0.0019	1655.86	1.9549	194.2637	3237.104	0.4612	0.6524
4.451	 4	68.9	10.205	0.0022	1611.655	1.9	183.1246	3062.082	0.4931	0.6604
4.461	 4	69.9	10.2	0.0057	1546.626	1.856	170.703	2870.569	0.5185	0.6657
4.471	 4	70.9	10.195	0.0086	1521.642	1.8758	161.1764	2854.249	0.5071	0.668
4.481	 4	71.9	10.19	0.0075	1528.882	1.8827	153.5791	2878.425	0.5031	0.6655
4.491	 4	72.9	10.186	0.0072	1526.907	1.8981	149.8359	2898.208	0.4941	0.6594
4.501	 4	73.9	10.186	0.0078	1528.741	1.897	146.898	2900.037	0.4948	0.6544
4.511	 4	74.9	10.181	0.0082	1532.821	1.911	147.1063	2929.192	0.4867	0.6516
4.521	 4	75.9	10.176	0.01	1538.787	1.9054	146.3329	2931.968	0.4899	0.6514
4.531	 4	76.9	10.179	0.0113	1539.939	1.8894	146.2085	2909.498	0.4992	0.6556
4.541	 4	77.9	10.181	0.016	1538.38	1.8983	145.1449	2920.31	0.494	0.6583
4.551	 4	78.9	10.182	0.0127	1535.747	1.8996	143.1429	2917.237	0.4933	0.6638
4.561	 4	79.9	10.187	0.011	1537.196	1.894	141.9611	2911.375	0.4965	0.6682
4.571	 4	80.9	10.182	0.0106	1537.834	1.8792	142.1624	2889.933	0.5051	0.682
4.581	 4	81.9	10.189	0.0111	1540.986	1.8871	140.9022	2908.069	0.5005	0.6882
4.591	 4	82.9	10.189	0.0124	1538.891	1.8911	138.9453	2910.156	0.4982	0.6902
4.601	 4	83.9	10.189	0.0145	1539.124	1.8972	137.9668	2919.981	0.4947	0.6959
4.611	 4	84.9	10.19	0.0142	1539.507	1.8841	135.9713	2900.614	0.5023	0.699
4.621	 4	85.9	10.19	0.014	1539.973	1.9002	135.9713	2926.299	0.4929	0.7058
4.631	 4	86.9	10.195	0.0124	1539.333	1.9036	134.8021	2930.327	0.4909	0.7086
4.641	 4	87.9	10.197	0.0107	1538.241	1.8925	134.7258	2911.048	0.4974	0.7134
4.651	 4	88.9	10.201	0.0103	1538.38	1.8906	134.5734	2908.518	0.4985	0.7174
4.661	 4	89.9	10.201	0.0103	1539.077	1.9112	135.5486	2941.552	0.4865	0.718
4.671	 4	90.9	10.212	0.0116	1540.271	1.907	135.1277	2937.296	0.489	0.7203
4.681	 4	91.9	10.206	0.0119	1541.459	1.8994	135.3571	2927.868	0.4934	0.7196
4.691	 4	92.9	10.211	0.0122	1539.424	1.9028	136.1383	2929.255	0.4914	0.7209
4.701	 4	93.9	10.211	0.0133	1540.818	1.9101	137.1107	2943.122	0.4872	0.7214
4.711	 4	94.9	10.211	0.012	1542.447	1.8899	138.0832	2915.005	0.4989	0.7231
4.721	 4	95.9	10.212	0.0105	1544.932	1.8943	139.0163	2926.619	0.4963	0.7203
4.731	 4	96.9	10.212	0.0116	1545.633	1.9206	139.9884	2968.49	0.4811	0.7189
4.741	 4	97.9	10.206	0.013	1545.427	1.8819	141.1998	2908.298	0.5036	0.7186
4.751	 4	98.9	10.206	0.0151	1543.324	1.9023	141.1998	2935.876	0.4917	0.7228
4.761	 4	99.9	10.208	0.0169	1542.926	1.8829	141.12	2905.214	0.5029	0.7255
4.771	 4	100.9	10.211	0.0207	1535.951	1.87	141.9728	2872.259	0.5104	0.7298
4.781	 4	101.9	10.206	0.0167	1536.585	1.8752	143.1474	2881.337	0.5075	0.7307
4.791	 4	102.9	10.206	0.0086	1546.129	1.9464	142.1736	3009.359	0.4661	0.7324
4.801	 4	103.9	10.206	0.0074	1555.555	1.9586	140.226	3046.676	0.4591	0.7394
4.811	 4	104.9	10.206	0.0179	1546.598	1.928	137.3046	2981.833	0.4768	0.7402
4.821	 4	105.9	10.207	0.0114	1542.775	1.8885	134.3453	2913.458	0.4997	0.746
4.831	 4	106.9	10.206	0.0153	1543.791	1.925	133.4095	2971.836	0.4785	0.7472
4.841	 4	107.9	10.21	0.0147	1540.667	1.8929	132.286	2916.344	0.4972	0.7477
4.851	 4	108.9	10.211	0.0134	1541.283	1.9021	132.2487	2931.674	0.4918	0.7479
4.861	 4	109.9	10.211	0.0146	1544.313	1.8981	134.1935	2931.296	0.4941	0.7491
4.871	 4	110.9	10.216	0.0137	1545.537	1.8943	135.9462	2927.73	0.4963	0.7475
4.881	 4	111.9	10.216	0.0138	1550.463	1.9117	136.9172	2964.063	0.4862	0.7448
4.891	 4	112.9	10.222	0.0084	1549.257	1.925	137.6549	2982.285	0.4786	0.7432
4.901	 4	113.9	10.227	0.0031	1544.631	1.9281	134.5567	2978.242	0.4767	0.7417
4.911	 4	114.9	10.23	0.0021	1531.208	1.9069	130.5741	2919.892	0.489	0.7499
4.921	 4	115.9	10.232	0.0068	1546.32	1.8813	125.6672	2909.166	0.5039	0.7523
4.931	 4	116.9	10.231	0.0151	1537.802	1.8692	121.8348	2874.413	0.5109	0.7523
4.941	 4	117.9	10.236	0.0151	1537.399	1.8613	119.732	2861.505	0.5155	0.7655
4.951	 4	118.9	10.241	0.015	1532.396	1.8611	119.5635	2851.868	0.5156	0.7813
4.961	 4	119.9	10.245	0.0124	1535.521	1.8684	121.3552	2868.92	0.5114	0.7863
4.971	 4	120.9	10.233	0.0103	1531.886	1.8723	123.6989	2868.18	0.5091	0.7876
4.981	 4	121.9	10.232	0.0074	1537.491	1.8785	127.6005	2888.189	0.5055	0.7919
4.991	 4	122.9	10.237	0.0028	1547.543	1.8926	131.2821	2928.853	0.4973	0.8003
5.001	 4	123.9	10.242	0.0018	1549.705	1.9025	135.9171	2948.318	0.4916	0.8036
5.011	 4	124.9	10.257	0.002	1342.364	1.8743	141.104	2515.97	0.508	0.8071
5.021	 4	125.9	10.277	0.0014	1341.645	1.8827	145.0864	2525.93	0.5031	0.8056
5.031	 4	126.9	10.295	0.0004	1339.274	1.9356	148.1553	2592.275	0.4724	0.8066
5.041	 4	127.9	10.306	0.0002	1184.462	1.8792	147.7001	2225.836	0.5051	0.8088
5.051	 4	128.9	10.393	0.0001	1160.97	1.847	141.3954	2144.275	0.5238	0.8108
5.061	 4	129.9	10.521	0.0001	1054.208	1.8286	132.9376	1927.76	0.5344	0.8157
5.071	 4	130.9	10.532	0.0	108.3751	1.8271	127.2022	198.0087	0.5353	0.8295
5.081	 4	131.9	10.557	0.0	108.6323	1.8525	121.0384	201.2371	0.5206	0.8517
5.091	 4	132.9	10.563	0.0	108.6941	1.8352	116.4309	199.4774	0.5306	0.903
5.101	 4	133.9	10.533	0.0	108.3854	1.8265	112.0497	197.9713	0.5356	0.9932
5.111	 4	134.9	10.524	0.0	108.2928	1.8316	107.8677	198.3457	0.5327	1.1793
5.121	 4	135.9	10.533	0.0	108.3854	1.8286	104.0461	198.1958	0.5344	1.4744
5.131	 4	136.9	10.798	0.0	111.1123	1.7737	93.5839	197.078	0.5663	1.8634
5.141	 4	137.9	10.88	0.0	111.956	1.2818	90.7726	143.5076	0.8516	2.1018
5.151	 5	0.7	10.864	0.0	111.7914	1.059	91.1548	118.3859	0.9809	1.9922
5.161	 5	1.7	10.889	0.0	112.0487	1.7919	92.1757	200.7751	0.5558	1.6025
5.171	 5	2.7	10.884	0.0	111.9972	1.7656	93.9159	197.7472	0.571	1.259
5.181	 5	3.7	10.835	0.0	111.493	1.7837	95.1338	198.8723	0.5605	1.0496
5.191	 5	4.7	10.671	0.0	109.8054	1.7894	100.2335	196.4868	0.5572	0.9337
5.201	 5	5.7	10.321	0.0001	981.4568	1.862	111.2547	1827.432	0.5151	0.8753
5.211	 5	6.7	10.232	0.0001	1070.965	1.8672	116.0005	1999.741	0.512	0.8386
5.221	 5	7.7	10.2	0.0001	1092.311	1.8724	119.0044	2045.23	0.5091	0.8171
5.231	 5	8.7	10.189	0.0003	1106.898	1.8801	119.3755	2081.025	0.5046	0.8032
5.241	 5	9.7	10.166	0.0001	1071.346	1.8825	120.1568	2016.845	0.5032	0.7922
5.251	 5	10.7	10.161	0.0005	1078.09	1.8775	118.355	2024.073	0.5061	0.7857
5.261	 5	11.7	10.161	0.0009	1561.789	1.8859	106.5195	2945.442	0.5012	0.7779
5.271	 5	12.7	10.171	0.0019	1564.529	1.8941	116.0524	2963.314	0.4965	0.7739
5.281	 5	13.7	10.175	0.002	1546.118	1.8735	115.9207	2896.612	0.5084	0.7696
5.291	 5	14.7	10.181	0.0014	1542.342	1.899	117.685	2928.942	0.4936	0.7664
5.301	 5	15.7	10.187	0.0041	1560.987	1.89	117.4851	2950.289	0.4988	0.7604
5.311	 5	16.7	10.195	0.0046	1559.584	1.9116	118.196	2981.362	0.4863	0.7546
5.321	 5	17.7	10.201	0.0077	1559.071	1.8807	117.9955	2932.095	0.5043	0.751
5.331	 5	18.7	10.211	0.0054	1554.186	1.8934	117.6624	2942.761	0.4968	0.7456
5.341	 5	19.7	10.221	0.0022	1555.945	1.905	117.3306	2964.006	0.4902	0.7428
5.351	 5	20.7	10.223	0.0075	1552.703	1.9082	116.2953	2962.91	0.4883	0.7406
5.361	 5	21.7	10.233	0.0074	1543.206	1.8751	115.0013	2893.729	0.5075	0.74
5.371	 5	22.7	10.241	0.0072	1537.919	1.8804	113.7782	2891.91	0.5044	0.7379
5.381	 5	23.7	10.241	0.0062	1538.381	1.8954	114.7424	2915.916	0.4957	0.7368
5.391	 5	24.7	10.247	0.0065	1548.587	1.9056	116.474	2950.955	0.4898	0.736
5.401	 5	25.7	10.25	0.0078	1555.151	1.9234	116.3757	2991.22	0.4795	0.7365
5.411	 5	26.7	10.251	0.0061	1560.749	1.9177	116.3429	2993.021	0.4828	0.7346
5.421	 5	27.7	10.247	0.0048	1566.341	1.9435	115.5114	3044.2	0.4678	0.7323
5.431	 5	28.7	10.251	0.0066	1555.775	1.8683	112.4969	2906.698	0.5114	0.732
5.441	 5	29.7	10.25	0.0114	1542.513	1.8798	111.5668	2899.646	0.5047	0.7277
5.451	 5	30.7	10.253	0.008	1539.721	1.8818	110.5117	2897.385	0.5036	0.7285
5.461	 5	31.7	10.25	0.0077	1533.513	1.8745	110.605	2874.573	0.5078	0.7295
5.471	 5	32.7	10.251	0.0066	1530.914	1.8814	111.5354	2880.284	0.5038	0.7281
5.481	 5	33.7	10.251	0.0044	1535.27	1.8864	110.5739	2896.153	0.5009	0.7315
5.491	 5	34.7	10.246	0.004	1532.915	1.8934	111.6924	2902.479	0.4968	0.7352
5.501	 5	35.7	10.241	0.0044	1541.159	1.9159	112.814	2952.65	0.4838	0.7413
5.511	 5	36.7	10.23	0.0068	1542.754	1.9073	113.1642	2942.472	0.4888	0.7525
5.521	 5	37.7	10.229	0.0066	1537.964	1.8823	113.1961	2894.841	0.5033	0.7679
5.531	 5	38.7	10.227	0.0065	1538.589	1.897	113.26	2918.635	0.4948	0.7742
5.541	 5	39.7	10.226	0.0067	1538.901	1.8849	112.3236	2900.743	0.5018	0.7804
5.551	 5	40.7	10.221	0.0085	1537.224	1.882	111.5125	2892.978	0.5035	0.7818
5.561	 5	41.7	10.216	0.0076	1536.934	1.8804	110.699	2890.029	0.5044	0.7856
5.571	 5	42.7	10.221	0.0084	1537.224	1.8742	108.6035	2881.01	0.508	0.7875
5.581	 5	43.7	10.216	0.0115	1534.856	1.8646	107.7859	2861.83	0.5136	0.7906
5.591	 5	44.7	10.216	0.009	1534.625	1.8702	106.8148	2869.99	0.5103	0.7916
5.601	 5	45.7	10.216	0.0084	1536.24	1.8761	107.7859	2882.203	0.5069	0.7935
5.611	 5	46.7	10.216	0.0089	1537.628	1.8932	108.7569	2911.09	0.497	0.7906
5.621	 5	47.7	10.216	0.0073	1538.786	1.8947	107.7859	2915.495	0.4961	0.7918
5.631	 5	48.7	10.219	0.0064	1540.63	1.9017	106.7244	2929.813	0.4921	0.7885
5.641	 5	49.7	10.227	0.006	1536.278	1.9042	107.4518	2925.383	0.4906	0.7921
5.651	 5	50.7	10.231	0.0047	1537.109	1.8837	107.3306	2895.401	0.5025	0.7885
5.661	 5	51.7	10.231	0.006	1534.343	1.889	107.3306	2898.412	0.4994	0.7872
5.671	 5	52.7	10.235	0.0062	1530.811	1.8765	106.2439	2872.63	0.5066	0.7851
5.681	 5	53.7	10.241	0.0068	1531.708	1.8754	107.0286	2872.63	0.5073	0.782
5.691	 5	54.7	10.256	0.0063	1535.329	1.8823	107.538	2889.917	0.5033	0.7812
5.701	 5	55.7	10.272	0.006	1542.574	1.8966	107.0558	2925.621	0.495	0.7816
5.711	 5	56.7	10.293	0.0067	1546.657	1.8826	107.3777	2911.803	0.5031	0.7789
5.721	 5	57.7	10.293	0.0057	1543.641	1.883	108.3279	2906.678	0.5029	0.7767
5.731	 5	58.7	10.292	0.007	1540.949	1.8853	110.2593	2905.205	0.5015	0.7797
5.741	 5	59.7	10.293	0.006	1542.022	1.8855	112.1289	2907.499	0.5014	0.7825
5.751	 5	60.7	10.29	0.0053	1546.903	1.8764	114.1253	2902.631	0.5067	0.7807
5.761	 5	61.7	10.288	0.0054	1549.631	1.9108	117.0439	2961.012	0.4868	0.7791
5.771	 5	62.7	10.278	0.0051	1548.358	1.8977	119.281	2938.244	0.4944	0.7785
5.781	 5	63.7	10.273	0.0068	1542.956	1.8685	121.3596	2883.08	0.5113	0.78
5.791	 5	64.7	10.262	0.0071	1541.072	1.8819	124.6106	2900.13	0.5035	0.7834
5.801	 5	65.7	10.261	0.0097	1542.544	1.8853	126.5632	2908.141	0.5016	0.7844
5.811	 5	66.7	10.256	0.0097	1550.416	1.8966	127.7014	2940.587	0.495	0.7876
5.821	 5	67.7	10.252	0.0059	1559.951	1.9197	128.8064	2994.661	0.4816	0.7892
5.831	 5	68.7	10.23	0.0137	1557.078	1.8982	129.6069	2955.654	0.4941	0.7927
5.841	 5	69.7	10.225	0.0119	1546.431	1.8873	131.7269	2918.532	0.5004	0.7976
5.851	 5	70.7	10.22	0.0091	1547.547	1.9106	135.7927	2956.764	0.4869	0.8075
5.861	 5	71.7	10.215	0.0103	1549.136	1.892	142.7838	2930.939	0.4977	0.8223
5.871	 5	72.7	10.22	0.0097	1550.599	1.9037	152.2818	2951.858	0.4909	0.8369
5.881	 5	73.7	10.22	0.0057	1574.003	1.9332	162.9512	3042.833	0.4738	0.8461
5.891	 5	74.7	10.215	0.002	1621.429	1.9356	173.866	3138.48	0.4724	0.8561
5.901	 5	75.7	10.214	0.0004	1675.8	1.8388	181.6879	3081.388	0.5286	0.8645
5.911	 5	76.7	10.213	0.0009	1699.9	1.8372	183.6829	3123.124	0.5294	0.8679
5.921	 5	77.7	10.212	0.0008	1684.87	1.814	179.8462	3056.284	0.5429	0.864
5.931	 5	78.7	10.205	0.0008	1657.194	1.7971	170.4617	2978.218	0.5527	0.8523
5.941	 5	79.7	10.21	0.0007	1633.6	1.7985	156.6033	2938.1	0.5519	0.8385
5.951	 5	80.7	10.21	0.0008	1552.38	1.8107	142.0129	2810.858	0.5449	0.809
5.961	 5	81.7	10.21	0.0029	1554.507	1.9045	129.368	2960.5	0.4905	0.7823
5.971	 5	82.7	10.211	0.0054	1543.146	1.8711	120.5797	2887.34	0.5098	0.7626
5.981	 5	83.7	10.21	0.0053	1532.803	1.8429	115.7503	2824.774	0.5262	0.7509
5.991	 5	84.7	10.215	0.0055	1528.276	1.8427	111.7016	2816.096	0.5263	0.7418
6.001	 5	85.7	10.22	0.0064	1529.253	1.8705	110.5741	2860.435	0.5102	0.7335
6.011	 5	86.7	10.223	0.0073	1529.473	1.8675	109.5114	2856.254	0.5119	0.7247
6.021	 5	87.7	10.229	0.004	1537.271	1.8898	108.3587	2905.061	0.499	0.7529
6.031	 5	88.7	10.235	0.003	1540.024	1.8751	106.2439	2887.741	0.5075	0.7525
6.041	 5	89.7	10.245	0.0063	1535.982	1.8593	104.0188	2855.823	0.5167	0.7538
6.051	 5	90.7	10.251	0.0052	1533.433	1.8645	102.8818	2859.042	0.5136	0.7568
6.061	 5	91.7	10.255	0.0044	1535.87	1.8683	103.7265	2869.469	0.5114	0.7615
6.071	 5	92.7	10.263	0.0031	1535.458	1.87	104.4519	2871.324	0.5104	0.7649
6.081	 5	93.7	10.273	0.0037	1530.998	1.8525	105.1146	2836.145	0.5206	0.7645
6.091	 5	94.7	10.28	0.0034	1531.813	1.8536	106.8158	2839.438	0.5199	0.7685
6.101	 5	95.7	10.292	0.0014	1556.799	1.9215	107.4078	2991.417	0.4806	0.7692
6.111	 5	96.7	10.416	0.0002	1592.904	1.9342	103.7673	3081.052	0.4732	0.7715
6.121	 5	97.7	10.4	0.0006	1565.322	1.8326	103.3048	2868.609	0.5321	0.7754
6.131	 5	98.7	10.437	0.0	107.3975	1.8437	101.3419	198.0086	0.5257	0.7828
6.141	 5	99.7	10.492	0.0001	1551.382	1.8165	98.0238	2818.133	0.5415	0.7974
6.151	 5	100.7	10.508	0.0001	1568.358	1.8305	96.7003	2870.957	0.5333	0.8192
6.161	 5	101.7	10.537	0.0014	1558.958	1.8549	95.938	2891.726	0.5192	0.8614
6.171	 5	102.7	10.507	0.0018	1588.6	1.891	94.9355	3004.028	0.4983	0.9386
6.181	 5	103.7	10.522	0.0035	1588.706	1.902	91.8714	3021.704	0.4919	1.092
6.191	 5	104.7	10.523	0.0002	1601.674	1.6976	86.4961	2718.954	0.6105	1.4308
6.201	 5	105.7	10.521	0.0	108.2619	0.9859	77.6213	106.7328	1.0233	2.1912
6.211	 5	106.7	10.48	0.0001	1075.313	0.8476	66.7675	911.3911	1.1035	3.8775
6.221	 5	107.7	10.417	0.0	107.1917	0.7879	51.4103	84.4556	1.1381	6.0606
