Geotek MSCL 7.9 - TN336_JPC5-05_massMS.out created at 7:05:48 on 1/20/2016.


Processing Parameters

CT	RCT=11.45	W=1.27
PWAmp	A=1	B=0
PWVel	PTO=26.74
Den1	A=8.3722E-04	B=-.10475	C=9.9854
MS1	A=1	B=0	Den=1	LD=14	
FP	MGD=2.75	WD=1.026	
RES	A=858.6318	B=-1.165855	p=0	


SB DEPTH	SECT NUM	SECT DEPTH	CT	PWAmp	PWVel	Den1	MS1	Imp	FP	RES
m		cm	cm		m/s	g/cc	x 10^-8 (m^3/kg)			Ohm.m

-0.638	cal sect	0.0	10.292	0.0024						104.2861
-0.578	cal sect	6.0	10.127	0.0104	1450.652	3.024			-0.159	18.4017
-0.518	cal sect	12.0	9.919	0.0389	1436.703	2.9897	-0.7074	4295.357	-0.1391	16.9995
-0.458	cal sect	18.0	9.915	0.0201	1435.708	3.0304	-0.3494	4350.748	-0.1626	16.4477
-0.398	cal sect	24.0	10.139	0.0017	1439.177	3.0176	-0.6578	4342.845	-0.1552	12.413
-0.338	cal sect	30.0	10.29	0.008	1453.39	2.8384	-0.6701	4125.367	-0.0513	3.8661
-0.278	cal sect	36.0	10.141	0.0038	1463.348	2.9933	-0.6627	4380.307	-0.1412	0.4763
-0.218	cal sect	42.0	9.9	0.0019	1456.953	3.0681	-0.6932	4470.13	-0.1845	0.3538
-0.158	cal sect	48.0	9.857	0.0061	1451.052	3.0314	-0.7105	4398.785	-0.1633	0.3521
-0.098	cal sect	54.0	10.052	0.0022	1456.6	2.9799	-0.3415	4340.55	-0.1334	0.3624
-0.038	cal sect	60.0	10.103	0.0164	1465.902	3.0594	0.3278	4484.854	-0.1795	0.5392
0.002	 1	0.2	10.588	0.0	108.9009	3.3136	1.5863	360.8586	-0.3269	1.2523
0.012	 1	1.2	10.621	0.0	109.2403	3.4162	2.0334	373.1921	-0.3865	1.0037
0.022	 1	2.2	10.584	0.0	108.8598	3.2489	2.4295	353.6749	-0.2894	0.7827
0.032	 1	3.2	10.523	0.0	108.2324	2.9778	3.294	322.2922	-0.1321	0.6396
0.042	 1	4.2	10.409	0.0	107.0598	3.2149	2.8619	344.1915	-0.2697	0.5514
0.052	 1	5.2	9.987	0.0001	897.8692	3.4907	3.2672	3134.169	-0.4296	0.4989
0.062	 1	6.2	9.9	0.0004	1380.368	3.5801	3.2673	4941.787	-0.4815	0.4686
0.072	 1	7.2	9.894	0.0027	1373.404	3.5691	3.5816	4901.794	-0.4751	0.4491
0.082	 1	8.2	9.893	0.0025	1346.353	3.6536	3.4998	4918.992	-0.5241	0.4402
0.092	 1	9.2	9.899	0.0036	1474.601	3.6071	3.5387	5319.034	-0.4972	0.4369
0.102	 1	10.2	9.894	0.0041	1461.016	3.594	3.5568	5250.916	-0.4896	0.4373
0.112	 1	11.2	9.888	0.0022	1460.561	3.5771	3.5799	5224.537	-0.4797	0.4379
0.122	 1	12.2	9.894	0.001	1466.864	3.618	3.2388	5307.046	-0.5035	0.4379
0.132	 1	13.2	9.893	0.0005	1372.312	3.6551	3.2068	5015.972	-0.525	0.4372
0.142	 1	14.2	9.888	0.0012	1476.923	3.6171	3.2452	5342.221	-0.503	0.4394
0.152	 1	15.2	9.888	0.0013	1463.371	3.6601	3.2071	5356.073	-0.5279	0.4404
0.162	 1	16.2	9.874	0.0018	1461.948	3.6559	3.224	5344.788	-0.5255	0.442
0.172	 1	17.2	9.874	0.0011	1459.787	3.5405	3.0265	5168.337	-0.4585	0.4453
0.182	 1	18.2	9.874	0.0006	1366.265	3.5029	3.0589	4785.896	-0.4367	0.4488
0.192	 1	19.2	9.878	0.0003	1368.144	3.5029	3.0554	4792.412	-0.4367	0.4525
0.202	 1	20.2	9.885	0.0002	1393.628	3.5295	2.7235	4918.804	-0.4521	0.4535
0.212	 1	21.2	9.88	0.0002	1355.467	3.6307	2.6515	4921.25	-0.5108	0.453
0.222	 1	22.2	9.89	0.0004	1469.321	3.5955	2.6696	5282.9	-0.4904	0.4523
0.232	 1	23.2	9.887	0.0005	1460.845	3.6342	2.6435	5308.998	-0.5129	0.4535
0.242	 1	24.2	9.89	0.0003	1236.25	3.6044	2.663	4455.934	-0.4956	0.4539
0.252	 1	25.2	9.89	0.0003	1367.722	3.65	2.6297	4992.213	-0.5221	0.4498
0.262	 1	26.2	9.901	0.0004	1226.13	3.587	2.6673	4398.18	-0.4855	0.446
0.272	 1	27.2	9.903	0.0002	1221.688	3.6283	2.6354	4432.679	-0.5095	0.4461
0.282	 1	28.2	9.9	0.0001	1217.862	3.6417	2.92	4435.086	-0.5172	0.4471
0.292	 1	29.2	9.906	0.0002	1160.089	3.6136	2.6438	4192.064	-0.5009	0.4452
0.302	 1	30.2	9.905	0.0002	1034.141	3.6139	2.9382	3737.318	-0.5011	0.4428
0.312	 1	31.2	9.911	0.0001	937.2104	3.6057	2.6457	3379.327	-0.4964	0.459
0.322	 1	32.2	9.916	0.0001	964.4037	3.6175	2.9259	3488.718	-0.5032	0.4657
0.332	 1	33.2	9.916	0.0	758.4518	3.6084	2.9332	2736.813	-0.4979	0.474
0.342	 1	34.2	9.919	0.0	835.0732	3.5998	2.9376	3006.118	-0.4929	0.481
0.352	 1	35.2	9.924	0.0	837.9633	3.6025	2.638	3018.768	-0.4945	0.4853
0.362	 1	36.2	9.92	0.0001	1103.571	3.6175	2.6302	3992.217	-0.5032	0.4872
0.372	 1	37.2	9.925	0.0002	1236.914	3.6433	2.8975	4506.498	-0.5182	0.4889
0.382	 1	38.2	9.925	0.0003	1384.819	3.6418	2.8987	5043.219	-0.5173	0.492
0.392	 1	39.2	9.925	0.0002	1274.724	3.6341	2.9049	4632.428	-0.5128	0.4955
0.402	 1	40.2	9.926	0.0002	1371.184	3.684	2.5782	5051.428	-0.5418	0.4984
0.412	 1	41.2	9.92	0.0002	1348.926	3.6991	2.8579	4989.848	-0.5505	0.5025
0.422	 1	42.2	9.923	0.0002	1155.853	3.6519	2.8924	4221.012	-0.5231	0.5067
0.432	 1	43.2	9.921	0.0002	1048.288	3.6542	2.603	3830.611	-0.5245	0.51
0.442	 1	44.2	9.92	0.0001	970.0763	3.6959	2.8604	3585.292	-0.5487	0.5123
0.452	 1	45.2	9.92	0.0001	852.0872	3.691	2.8642	3145.091	-0.5458	0.5147
0.462	 1	46.2	9.921	0.0001	1049.064	3.651	2.8947	3830.169	-0.5226	0.5188
0.472	 1	47.2	9.92	0.0001	1048.293	3.6252	2.9163	3800.229	-0.5076	0.5214
0.482	 1	48.2	9.929	0.0001	859.3561	3.5873	2.9393	3082.74	-0.4857	0.5247
0.492	 1	49.2	9.928	0.0	850.0728	3.6222	2.9118	3079.165	-0.5059	0.5272
0.502	 1	50.2	9.933	0.0001	842.9225	3.6265	2.9041	3056.884	-0.5084	0.5282
0.512	 1	51.2	9.916	0.0001	846.2916	3.5979	2.9418	3044.895	-0.4918	0.529
0.522	 1	52.2	9.92	0.0001	975.1302	3.6191	3.2133	3529.058	-0.5041	0.5276
0.532	 1	53.2	9.92	0.0001	841.8908	3.6671	2.8829	3087.302	-0.532	0.5252
0.542	 1	54.2	9.916	0.0001	851.6705	3.6498	2.9	3108.39	-0.5219	0.5193
0.552	 1	55.2	9.917	0.0001	854.1774	3.637	2.9093	3106.64	-0.5145	0.5158
0.562	 1	56.2	9.925	0.0001	978.7004	3.6356	2.9036	3558.168	-0.5137	0.5131
0.572	 1	57.2	9.924	0.0001	1010.591	3.6783	2.8707	3717.287	-0.5385	0.5105
0.582	 1	58.2	9.917	0.0001	1178.911	3.6777	2.8771	4335.724	-0.5381	0.5006
0.592	 1	59.2	9.926	0.0001	1189.74	3.643	2.8969	4334.189	-0.518	0.5064
0.602	 1	60.2	9.925	0.0002	1174.417	3.6605	2.8839	4298.987	-0.5281	0.5204
0.612	 1	61.2	9.924	0.0001	1009.665	3.607	2.9275	3641.879	-0.4971	0.5587
0.622	 1	62.2	9.929	0.0001	1042.524	3.6669	2.8755	3822.876	-0.5319	0.5627
0.632	 1	63.2	9.935	0.0001	999.4969	3.649	3.173	3647.173	-0.5215	0.5672
0.642	 1	64.2	9.936	0.0001	852.1441	3.6948	2.848	3148.494	-0.548	0.5709
0.652	 1	65.2	9.942	0.0001	846.9204	3.605	3.2052	3053.152	-0.4959	0.5728
0.662	 1	66.2	9.941	0.0001	973.4626	3.6499	3.1667	3553.072	-0.522	0.5753
0.672	 1	67.2	9.941	0.0001	851.4046	3.6816	3.1394	3134.564	-0.5404	0.5777
0.682	 1	68.2	9.952	0.0001	854.9094	3.7035	3.1109	3166.166	-0.5531	0.5808
0.692	 1	69.2	9.956	0.0001	1174.611	3.7437	2.7945	4397.353	-0.5764	0.5784
0.702	 1	70.2	9.971	0.0003	1474.128	3.6626	3.1283	5399.114	-0.5293	0.5724
0.712	 1	71.2	10.089	0.0008	1473.707	3.7231	2.9745	5486.733	-0.5644	0.5663
0.722	 1	72.2	10.384	0.0	106.8027	3.5716	2.8533	381.4595	-0.4766	0.5611
0.732	 1	73.2	10.315	0.0001	1385.307	3.6669	2.8331	5079.788	-0.5318	0.561
0.742	 1	74.2	10.298	0.0	105.9182	3.5966	3.166	380.9479	-0.4911	0.569
0.752	 1	75.2	10.223	0.0001	1374.798	3.6166	2.9477	4972.03	-0.5026	0.5922
0.762	 1	76.2	10.239	0.0	105.3113	3.6353	3.1847	382.8344	-0.5135	0.6423
0.772	 1	77.2	10.212	0.0001	1076.307	3.6765	2.9086	3957.094	-0.5374	0.7411
0.782	 1	78.2	10.214	0.0003	1476.011	3.6278	2.946	5354.71	-0.5092	0.9173
0.792	 1	79.2	10.381	0.0003	1476.461	3.5349	2.6231	5219.079	-0.4553	1.1809
0.802	 1	80.2	10.507	0.0	108.0678	2.2749	3.937	245.8396	0.2756	1.4025
0.812	 2	0.3	10.487	0.0	107.8621	3.2281	3.0687	348.1861	-0.2773	1.4008
0.822	 2	1.3	10.55	0.0	108.5101	3.3189	2.6671	360.1358	-0.33	1.1648
0.832	 2	2.3	10.548	0.0	108.4895	3.4282	2.8418	371.9185	-0.3934	0.911
0.842	 2	3.3	10.515	0.0	108.1501	3.4641	2.8378	374.6406	-0.4142	0.7356
0.852	 2	4.3	10.448	0.0	107.461	3.4908	2.8682	375.1272	-0.4297	0.634
0.862	 2	5.3	10.043	0.0003	1452.35	3.6113	3.1074	5244.892	-0.4996	0.5757
0.872	 2	6.3	9.983	0.0003	1458.011	3.679	3.1035	5364.038	-0.5389	0.542
0.882	 2	7.3	9.916	0.0003	1444.007	3.6877	3.1572	5325.074	-0.5439	0.5224
0.892	 2	8.3	9.899	0.0005	1411.32	3.6267	3.2262	5118.493	-0.5086	0.5088
0.902	 2	9.3	9.903	0.0009	1385.229	3.7586	2.8267	5206.526	-0.585	0.5001
0.912	 2	10.3	9.904	0.0011	1441.63	3.6826	3.1727	5308.896	-0.5409	0.4954
0.922	 2	11.3	9.899	0.0024	1445.109	3.6405	2.9218	5260.958	-0.5165	0.4921
0.932	 2	12.3	9.904	0.0011	1425.036	3.6778	3.1768	5240.979	-0.5382	0.4919
0.942	 2	13.3	9.904	0.0012	1451.774	3.6371	3.2123	5280.316	-0.5146	0.4942
0.952	 2	14.3	9.904	0.0038	1445.839	3.7281	3.134	5390.18	-0.5673	0.4957
0.962	 2	15.3	9.904	0.0067	1442.05	3.6683	3.185	5289.857	-0.5327	0.4946
0.972	 2	16.3	9.905	0.0064	1445.563	3.7562	3.1096	5429.753	-0.5836	0.4901
0.982	 2	17.3	9.904	0.0088	1446.262	3.697	3.4476	5346.838	-0.5493	0.4868
0.992	 2	18.3	9.904	0.0075	1441.84	3.7667	3.1018	5431.03	-0.5898	0.482
1.002	 2	19.3	9.904	0.0037	1438.49	3.6464	3.2041	5245.32	-0.52	0.4816
1.012	 2	20.3	9.904	0.0061	1441.001	3.681	3.4626	5304.281	-0.54	0.4835
1.022	 2	21.3	9.899	0.0053	1440.693	3.6924	3.4569	5319.658	-0.5467	0.4854
1.032	 2	22.3	9.904	0.0065	1434.946	3.733	3.1298	5356.71	-0.5702	0.4853
1.042	 2	23.3	9.909	0.0057	1442.358	3.7245	3.4171	5372.103	-0.5653	0.4836
1.052	 2	24.3	9.909	0.0091	1438.589	3.7378	3.405	5377.183	-0.573	0.4781
1.062	 2	25.3	9.909	0.008	1439.425	3.7179	3.1379	5351.69	-0.5614	0.4712
1.072	 2	26.3	9.916	0.0098	1444.849	3.717	3.1323	5370.439	-0.5609	0.4644
1.082	 2	27.3	9.914	0.0102	1445.611	3.7595	3.3803	5434.815	-0.5856	0.4564
1.092	 2	28.3	9.914	0.0143	1445.822	3.7767	3.365	5460.382	-0.5955	0.4486
1.102	 2	29.3	9.919	0.0091	1439.623	3.7525	3.3817	5402.243	-0.5815	0.4414
1.112	 2	30.3	9.918	0.0069	1439.478	3.695	3.1491	5318.892	-0.5482	0.4367
1.122	 2	31.3	9.919	0.0064	1439.623	3.7834	3.3541	5446.687	-0.5994	0.4332
1.132	 2	32.3	9.919	0.0099	1439.623	3.7374	3.1125	5380.433	-0.5727	0.4232
1.142	 2	33.3	9.921	0.0074	1439.077	3.6763	2.8749	5290.414	-0.5373	0.4149
1.152	 2	34.3	9.924	0.0088	1438.678	3.6625	2.8832	5269.117	-0.5293	0.4075
1.162	 2	35.3	9.92	0.0079	1438.515	3.5743	2.662	5141.679	-0.4781	0.4056
1.172	 2	36.3	9.924	0.008	1439.304	3.5699	2.6621	5138.213	-0.4756	0.4086
1.182	 2	37.3	9.928	0.0077	1439.258	3.5425	2.9774	5098.54	-0.4597	0.4134
1.192	 2	38.3	9.925	0.0076	1438.614	3.6218	2.9147	5210.381	-0.5057	0.4203
1.202	 2	39.3	9.925	0.0076	1440.703	3.5784	2.6551	5155.364	-0.4805	0.4293
1.212	 2	40.3	9.922	0.0084	1441.942	3.6632	2.5958	5282.134	-0.5297	0.4393
1.222	 2	41.3	9.92	0.0082	1442.28	3.6545	2.8928	5270.849	-0.5247	0.4474
1.232	 2	42.3	9.92	0.0083	1443.749	3.5743	3.2535	5160.387	-0.4781	0.4552
1.242	 2	43.3	9.919	0.0097	1444.234	3.6013	3.2301	5201.154	-0.4938	0.4636
1.252	 2	44.3	9.915	0.01	1439.669	3.6285	3.5014	5223.86	-0.5096	0.475
1.262	 2	45.3	9.915	0.0088	1437.582	3.6532	3.4777	5251.834	-0.5239	0.4874
1.272	 2	46.3	9.924	0.0086	1439.304	3.607	3.513	5191.592	-0.4971	0.5011
1.282	 2	47.3	9.916	0.0084	1438.561	3.616	3.8052	5201.793	-0.5023	0.5144
1.292	 2	48.3	9.926	0.008	1438.759	3.6399	3.7692	5236.901	-0.5162	0.5247
1.302	 2	49.3	9.932	0.0077	1440.673	3.7192	3.6823	5358.157	-0.5622	0.5318
1.312	 2	50.3	9.929	0.0076	1439.82	3.6765	3.7284	5293.468	-0.5374	0.5419
1.322	 2	51.3	9.929	0.0073	1438.568	3.7072	3.6975	5333.021	-0.5552	0.5443
1.332	 2	52.3	9.935	0.0078	1437.979	3.6647	4.021	5269.804	-0.5306	0.5436
1.342	 2	53.3	9.944	0.0074	1435.749	3.6504	4.0263	5241.054	-0.5223	0.5418
1.352	 2	54.3	9.935	0.007	1434.243	3.7431	3.6556	5368.543	-0.5761	0.5354
1.362	 2	55.3	9.933	0.0075	1435.82	3.6943	3.9912	5304.328	-0.5477	0.5305
1.372	 2	56.3	9.94	0.0076	1436.001	3.7312	4.2254	5357.958	-0.5691	0.5268
1.382	 2	57.3	9.95	0.0092	1440.776	3.7561	4.1851	5411.758	-0.5836	0.5275
1.392	 2	58.3	9.926	0.012	1442.313	3.8358	4.127	5532.364	-0.6298	0.5304
1.402	 2	59.3	9.919	0.014	1446.551	3.8642	4.3787	5589.701	-0.6463	0.5339
1.412	 2	60.3	9.924	0.0158	1448.971	3.8293	4.4121	5548.53	-0.626	0.5357
1.422	 2	61.3	9.914	0.0146	1447.299	3.7612	4.7867	5443.627	-0.5866	0.5392
1.432	 2	62.3	9.915	0.0119	1443.021	3.7059	4.571	5347.652	-0.5544	0.5463
1.442	 2	63.3	9.91	0.0127	1441.874	3.7029	4.8678	5339.057	-0.5527	0.5551
1.452	 2	64.3	9.905	0.0123	1438.426	3.6663	5.2131	5273.763	-0.5315	0.5685
1.462	 2	65.3	9.906	0.0119	1442.972	3.6723	4.9141	5299.007	-0.535	0.5824
1.472	 2	66.3	9.913	0.013	1442.31	3.7148	5.1331	5357.887	-0.5596	0.5929
1.482	 2	67.3	9.902	0.0129	1442.599	3.8252	5.001	5518.235	-0.6237	0.5991
1.492	 2	68.3	9.903	0.0157	1446.116	3.8302	4.993	5538.911	-0.6266	0.5984
1.502	 2	69.3	9.898	0.0137	1450.469	3.7673	4.8013	5464.367	-0.5901	0.5937
1.512	 2	70.3	9.894	0.0204	1445.857	3.7808	4.508	5466.561	-0.5979	0.5847
1.522	 2	71.3	9.899	0.0182	1444.055	3.7858	4.4955	5466.973	-0.6008	0.5754
1.532	 2	72.3	9.894	0.0183	1443.115	3.786	3.9391	5463.675	-0.6009	0.5644
1.542	 2	73.3	9.884	0.0168	1442.078	3.8268	3.9086	5518.544	-0.6246	0.5516
1.552	 2	74.3	9.889	0.0145	1445.338	3.7437	3.7045	5410.917	-0.5764	0.5397
1.562	 2	75.3	9.884	0.0142	1443.763	3.7864	3.386	5466.659	-0.6012	0.5288
1.572	 2	76.3	9.886	0.0148	1443.422	3.7432	3.1378	5402.975	-0.5761	0.5183
1.582	 2	77.3	9.89	0.0142	1442.953	3.7585	3.4051	5423.28	-0.585	0.5092
1.592	 2	78.3	9.898	0.0134	1442.857	3.7453	3.125	5403.962	-0.5773	0.4998
1.602	 2	79.3	9.904	0.0131	1440.163	3.7364	3.127	5380.977	-0.5721	0.4919
1.612	 2	80.3	9.904	0.0126	1437.446	3.7515	2.8313	5392.517	-0.5809	0.4845
1.622	 2	81.3	9.9	0.0136	1436.865	3.7429	2.8411	5378.026	-0.5759	0.4813
1.632	 2	82.3	9.905	0.0121	1439.262	3.7664	3.1012	5420.771	-0.5895	0.4784
1.642	 2	83.3	9.904	0.0115	1442.26	3.7909	3.082	5467.439	-0.6038	0.4833
1.652	 2	84.3	9.904	0.0119	1444.785	3.8191	2.7812	5517.738	-0.6201	0.4901
1.662	 2	85.3	9.916	0.0126	1444.849	3.7915	2.7915	5478.183	-0.6041	0.4991
1.672	 2	86.3	9.921	0.0102	1440.54	3.7931	2.7863	5464.131	-0.6051	0.5083
1.682	 2	87.3	9.943	0.0096	1442.896	3.7101	2.5474	5353.357	-0.5569	0.5156
1.692	 2	88.3	9.949	0.0087	1441.675	3.7278	2.5309	5374.263	-0.5672	0.5217
1.702	 2	89.3	9.949	0.0079	1440.214	3.7345	2.5263	5378.465	-0.571	0.5217
1.712	 2	90.3	9.949	0.0083	1438.132	3.6596	2.5781	5262.949	-0.5276	0.5171
1.722	 2	91.3	9.949	0.0076	1436.264	3.595	2.3328	5163.299	-0.4901	0.5092
1.732	 2	92.3	9.952	0.0075	1435.454	3.5819	2.3392	5141.709	-0.4826	0.4986
1.742	 2	93.3	9.972	0.0067	1436.681	3.5837	2.3246	5148.593	-0.4836	0.4794
1.752	 2	94.3	9.978	0.0074	1437.752	3.6537	2.2761	5253.072	-0.5242	0.472
1.762	 2	95.3	9.977	0.0068	1439.682	3.6105	2.3039	5198.026	-0.4992	0.4688
1.772	 2	96.3	9.982	0.0067	1440.612	3.5921	2.3124	5174.767	-0.4884	0.4681
1.782	 2	97.3	9.983	0.0066	1442.213	3.5797	2.3197	5162.726	-0.4813	0.4687
1.792	 2	98.3	9.98	0.009	1441.572	3.6171	2.2977	5214.314	-0.503	0.4698
1.802	 2	99.3	9.971	0.0075	1439.648	3.5619	2.047	5127.823	-0.4709	0.4731
1.812	 2	100.3	9.954	0.0082	1443.655	3.5694	2.3461	5152.997	-0.4753	0.4786
1.822	 2	101.3	9.96	0.0096	1443.06	3.4987	2.3893	5048.903	-0.4343	0.4835
1.832	 2	102.3	9.949	0.0078	1441.675	3.5551	2.3589	5125.361	-0.467	0.4908
1.842	 2	103.3	9.949	0.007	1442.93	3.5801	2.3425	5165.769	-0.4815	0.4946
1.852	 2	104.3	9.949	0.0078	1443.348	3.5683	2.3502	5150.255	-0.4746	0.4959
1.862	 2	105.3	9.949	0.0083	1444.186	3.5322	2.3743	5101.084	-0.4537	0.4945
1.872	 2	106.3	9.944	0.0104	1447.453	3.5715	2.3515	5169.622	-0.4765	0.4903
1.882	 2	107.3	9.949	0.0111	1448.18	3.558	2.357	5152.695	-0.4687	0.4828
1.892	 2	108.3	9.947	0.0128	1446.205	3.6199	2.6078	5235.113	-0.5046	0.475
1.902	 2	109.3	9.949	0.0156	1444.606	3.6222	2.3152	5232.693	-0.5059	0.4669
1.912	 2	110.3	9.949	0.0135	1443.558	3.6835	2.2767	5317.348	-0.5415	0.457
1.922	 2	111.3	9.949	0.0164	1443.558	3.7128	2.2587	5359.712	-0.5585	0.4524
1.932	 2	112.3	9.95	0.0166	1442.238	3.6326	2.3079	5239.129	-0.512	0.4514
1.942	 2	113.3	9.949	0.017	1441.466	3.6131	2.3211	5208.116	-0.5006	0.451
1.952	 2	114.3	9.943	0.02	1442.059	3.6825	2.2813	5310.391	-0.5409	0.4466
1.962	 2	115.3	9.949	0.0159	1444.186	3.633	2.3084	5246.734	-0.5122	0.4399
1.972	 2	116.3	9.949	0.0177	1443.977	3.6948	1.986	5335.251	-0.548	0.4327
1.982	 2	117.3	9.949	0.0162	1440.84	3.7112	2.2597	5347.246	-0.5575	0.4265
1.992	 2	118.3	9.949	0.0138	1440.631	3.6739	2.2827	5292.697	-0.5359	0.4246
2.002	 2	119.3	9.949	0.0111	1440.423	3.7162	2.2567	5352.833	-0.5604	0.4248
2.012	 2	120.3	9.949	0.0092	1441.049	3.6883	2.2737	5315.084	-0.5443	0.4274
2.022	 2	121.3	9.943	0.0087	1439.762	3.6618	2.2942	5272.093	-0.5289	0.4344
2.032	 2	122.3	9.949	0.0086	1441.049	3.7096	2.2607	5345.647	-0.5566	0.4434
2.042	 2	123.3	9.949	0.0094	1440.006	3.7379	2.2436	5382.53	-0.573	0.453
2.052	 2	124.3	9.944	0.0093	1442.623	3.809	2.2049	5495.019	-0.6143	0.4651
2.062	 2	125.3	9.944	0.0102	1443.67	3.7687	2.2285	5440.781	-0.5909	0.4733
2.072	 2	126.3	9.948	0.0089	1443.413	3.7165	2.5393	5364.482	-0.5606	0.4811
2.082	 2	127.3	9.948	0.0076	1444.67	3.8183	2.4716	5516.119	-0.6196	0.4882
2.092	 2	128.3	9.961	0.0082	1447.609	3.8079	2.1947	5512.347	-0.6136	0.4883
2.102	 2	129.3	9.956	0.009	1448.356	3.7135	2.2537	5378.53	-0.5589	0.5204
2.112	 2	130.3	9.96	0.0101	1445.783	3.7038	2.257	5354.912	-0.5533	0.5586
2.122	 2	131.3	9.967	0.0141	1444.911	3.7378	2.2319	5400.855	-0.573	0.561
2.132	 2	132.3	9.98	0.0141	1443.448	3.733	2.5047	5388.358	-0.5702	0.5625
2.142	 2	133.3	9.994	0.0122	1446.1	3.7261	2.4992	5388.26	-0.5662	0.5609
2.152	 2	134.3	10.005	0.0128	1448.74	3.82	2.43	5534.13	-0.6206	0.56
2.162	 2	135.3	10.01	0.0102	1446.741	3.7611	2.4645	5441.373	-0.5865	0.558
2.172	 2	136.3	10.009	0.0075	1445.134	3.8405	2.146	5550.02	-0.6325	0.5558
2.182	 2	137.3	10.013	0.0075	1449.059	3.7496	2.1955	5433.417	-0.5798	0.5601
2.192	 2	138.3	10.023	0.0111	1453.24	3.7442	2.4664	5441.159	-0.5767	0.5571
2.202	 2	139.3	10.048	0.0186	1453.914	3.6894	2.485	5364.083	-0.5449	0.5535
2.212	 2	140.3	10.093	0.0122	1453.067	3.6779	2.4608	5344.237	-0.5382	0.5542
2.222	 2	141.3	10.47	0.0002	1476.311	3.5843	2.2718	5291.55	-0.4839	0.557
2.232	 2	142.3	10.441	0.0009	1463.35	3.5877	2.0336	5250.029	-0.4859	0.5648
2.242	 2	143.3	10.424	0.0	107.2141	3.5691	2.3105	382.6617	-0.4751	0.5804
2.252	 2	144.3	10.366	0.0002	1476.428	3.6574	2.2912	5399.896	-0.5263	0.6076
2.262	 2	145.3	10.344	0.0012	1457.928	3.7233	2.2645	5428.317	-0.5646	0.6571
2.272	 2	146.3	10.326	0.0007	1467.595	3.7065	2.0321	5439.67	-0.5548	0.7531
2.282	 2	147.3	10.251	0.003	1460.672	3.7718	2.0394	5509.295	-0.5927	0.9333
2.292	 2	148.3	10.32	0.0037	1464.037	3.7069	2.0353	5427.042	-0.555	1.2205
2.302	 2	149.3	10.483	0.0	107.821	2.3178	3.1117	249.9062	0.2507	1.521
2.312	 2	150.3	10.498	0.0	107.9752	3.583	2.0046	386.873	-0.4832	1.5906
2.322	 3	0.8	10.634	0.0	109.374	3.6905	1.8756	403.6474	-0.5455	1.3279
2.332	 3	1.8	10.681	0.0	109.8574	3.665	1.865	402.6319	-0.5308	0.9987
2.342	 3	2.8	10.659	0.0001	1474.682	3.5959	1.9121	5302.792	-0.4907	0.7681
2.352	 3	3.8	10.607	0.0002	1472.581	3.5929	2.1833	5290.826	-0.4889	0.638
2.362	 3	4.8	10.285	0.0005	1464.057	3.6742	2.0737	5379.196	-0.5361	0.5694
2.372	 3	5.8	10.08	0.0053	1459.178	3.7196	2.1709	5427.514	-0.5624	0.5352
2.382	 3	6.8	9.982	0.0023	1460.638	3.7238	2.2306	5439.151	-0.5649	0.5175
2.392	 3	7.8	9.908	0.0052	1452.147	3.6843	2.3036	5350.103	-0.5419	0.5053
2.402	 3	8.8	9.903	0.0096	1438.971	3.6942	2.3008	5315.783	-0.5477	0.4996
2.412	 3	9.8	9.902	0.0094	1437.155	3.7847	2.2464	5439.202	-0.6002	0.4963
2.422	 3	10.8	9.905	0.0099	1443.457	3.8187	2.5026	5512.11	-0.6199	0.499
2.432	 3	11.8	9.904	0.0096	1443.311	3.8552	2.204	5564.311	-0.6411	0.5036
2.442	 3	12.8	9.904	0.0081	1444.996	3.7996	2.5158	5490.44	-0.6088	0.5103
2.452	 3	13.8	9.905	0.0091	1444.299	3.8771	2.4649	5599.646	-0.6538	0.5174
2.462	 3	14.8	9.9	0.0075	1442.518	3.7872	2.5271	5463.101	-0.6016	0.5239
2.472	 3	15.8	9.899	0.0074	1444.055	3.9271	2.4378	5670.896	-0.6828	0.5305
2.482	 3	16.8	9.9	0.0069	1445.889	3.9267	2.4373	5677.523	-0.6825	0.5375
2.492	 3	17.8	9.899	0.0067	1455.521	3.9586	2.4184	5761.753	-0.701	0.5448
2.502	 3	18.8	9.899	0.007	1460.46	3.9645	2.683	5790.06	-0.7045	0.5554
2.512	 3	19.8	9.899	0.007	1461.107	4.0325	2.374	5891.886	-0.7439	0.5659
2.522	 3	20.8	9.899	0.0071	1461.97	3.9686	2.4123	5801.912	-0.7068	0.5744
2.532	 3	21.8	9.899	0.0071	1461.323	3.9466	2.6952	5767.326	-0.6941	0.5818
2.542	 3	22.8	9.907	0.007	1462.504	3.9836	2.664	5825.966	-0.7155	0.5869
2.552	 3	23.8	9.907	0.0073	1466.617	4.0229	2.6379	5900.049	-0.7383	0.5898
2.562	 3	24.8	9.909	0.0075	1467.565	4.0242	2.6355	5905.761	-0.7391	0.5909
2.572	 3	25.8	9.912	0.0078	1466.489	3.9654	2.6723	5815.157	-0.705	0.5927
2.582	 3	26.8	9.912	0.0084	1464.755	4.0188	2.6368	5886.509	-0.7359	0.5953
2.592	 3	27.8	9.913	0.0082	1462.31	3.9873	2.6568	5830.626	-0.7177	0.5944
2.602	 3	28.8	9.915	0.0086	1463.685	3.9926	2.6517	5843.937	-0.7208	0.5918
2.612	 3	29.8	9.919	0.0091	1465.357	4.0244	2.6277	5897.108	-0.7392	0.59
2.622	 3	30.8	9.914	0.0097	1464.402	3.9971	2.6495	5853.424	-0.7234	0.5951
2.632	 3	31.8	9.914	0.0081	1467.219	3.9526	2.6794	5799.272	-0.6975	0.5989
2.642	 3	32.8	9.916	0.0096	1463.832	3.9399	2.6864	5767.326	-0.6902	0.5988
2.652	 3	33.8	9.919	0.009	1461.901	3.9407	2.6836	5760.859	-0.6906	0.5987
2.662	 3	34.8	9.916	0.0096	1461.674	3.9698	2.3996	5802.561	-0.7075	0.5987
2.672	 3	35.8	9.916	0.0085	1457.164	3.8672	2.7369	5635.118	-0.648	0.5991
2.682	 3	36.8	9.915	0.0099	1453.386	3.8939	2.719	5659.286	-0.6635	0.6028
2.692	 3	37.8	9.922	0.0077	1455.906	3.8949	2.7127	5670.63	-0.6641	0.6072
2.702	 3	38.8	9.925	0.0102	1460.848	3.8899	2.4424	5682.609	-0.6612	0.6096
2.712	 3	39.8	9.943	0.0099	1459.202	3.8754	2.4388	5654.917	-0.6528	0.6086
2.722	 3	40.8	9.932	0.0091	1456.092	3.8853	2.4403	5657.359	-0.6585	0.6041
2.732	 3	41.8	9.943	0.0082	1454.931	3.813	2.4787	5547.654	-0.6166	0.6013
2.742	 3	42.8	9.95	0.0079	1451.283	3.8301	2.7362	5558.607	-0.6265	0.5987
2.752	 3	43.8	9.943	0.0073	1447.307	3.7847	2.7746	5477.652	-0.6002	0.5967
2.762	 3	44.8	9.953	0.0076	1447.499	3.879	2.4294	5614.841	-0.6549	0.5971
2.772	 3	45.8	9.948	0.0062	1446.982	3.8847	2.4293	5621.141	-0.6582	0.6041
2.782	 3	46.8	9.943	0.006	1447.097	3.8641	2.4459	5591.747	-0.6462	0.6107
2.792	 3	47.8	9.954	0.0054	1449.33	3.8395	2.4537	5564.75	-0.632	0.6194
2.802	 3	48.8	9.947	0.0056	1448.522	3.988	2.6301	5776.709	-0.7181	0.6255
2.812	 3	49.8	9.929	0.0054	1453.734	3.9546	2.6663	5748.882	-0.6987	0.6244
2.822	 3	50.8	9.935	0.0053	1459.313	3.9187	2.4174	5718.542	-0.6779	0.6193
2.832	 3	51.8	9.94	0.0055	1464.996	3.9744	2.6445	5822.482	-0.7102	0.6124
2.842	 3	52.8	9.94	0.0057	1466.293	3.9051	2.4223	5725.982	-0.67	0.6017
2.852	 3	53.8	9.95	0.0085	1468.418	3.9069	2.4141	5737.013	-0.6711	0.5962
2.862	 3	54.8	9.959	0.0104	1464.99	3.8449	2.4466	5632.81	-0.6351	0.5887
2.872	 3	55.8	9.956	0.0085	1461.968	3.8296	2.4586	5598.81	-0.6262	0.5848
2.882	 3	56.8	9.956	0.0101	1457.687	3.8406	2.7239	5598.381	-0.6326	0.5758
2.892	 3	57.8	9.953	0.0079	1452.781	3.8363	2.4565	5573.245	-0.6301	0.5744
2.902	 3	58.8	9.947	0.0085	1449.366	3.8133	2.7507	5526.805	-0.6167	0.5748
2.912	 3	59.8	9.929	0.0078	1442.959	3.8077	2.4923	5494.326	-0.6135	0.5784
2.922	 3	60.8	9.921	0.0088	1443.055	3.7102	2.5637	5353.965	-0.5569	0.5864
2.932	 3	61.8	9.918	0.0083	1440.105	3.7146	2.563	5349.359	-0.5595	0.5935
2.942	 3	62.8	9.913	0.0092	1438.752	3.7874	2.5173	5449.189	-0.6018	0.5994
2.952	 3	63.8	9.908	0.0081	1444.736	3.7859	2.522	5469.591	-0.6009	0.6026
2.962	 3	64.8	9.898	0.0105	1445.808	3.8412	2.493	5553.58	-0.6329	0.6
2.972	 3	65.8	9.904	0.0118	1446.262	3.8608	2.476	5583.666	-0.6443	0.5929
2.982	 3	66.8	9.899	0.0109	1450.19	3.7945	2.5229	5502.809	-0.6059	0.5856
2.992	 3	67.8	9.894	0.0119	1451.371	3.8319	2.502	5561.488	-0.6275	0.5743
3.002	 3	68.8	9.896	0.0108	1453.37	3.8547	2.4857	5602.292	-0.6408	0.564
3.012	 3	69.8	9.897	0.0109	1456.726	3.9086	2.4507	5693.724	-0.672	0.5561
3.022	 3	70.8	9.893	0.0105	1456.995	3.8874	2.467	5663.919	-0.6597	0.5564
3.032	 3	71.8	9.897	0.0119	1454.372	3.8672	2.477	5624.323	-0.648	0.5583
3.042	 3	72.8	9.895	0.0092	1452.584	3.8643	2.4803	5613.175	-0.6463	0.5633
3.052	 3	73.8	9.894	0.0094	1453.077	3.8265	2.7839	5560.207	-0.6244	0.5674
3.062	 3	74.8	9.894	0.0104	1452.224	3.8337	2.5008	5567.365	-0.6286	0.5685
3.072	 3	75.8	9.899	0.0118	1451.679	3.8264	2.5019	5554.651	-0.6243	0.5695
3.082	 3	76.8	9.899	0.0094	1452.318	3.821	2.7838	5549.31	-0.6212	0.5695
3.092	 3	77.8	9.899	0.01	1451.679	3.848	2.7643	5586.121	-0.6369	0.5737
3.102	 3	78.8	9.899	0.0092	1449.766	3.7876	2.8084	5491.105	-0.6018	0.585
3.112	 3	79.8	9.899	0.0084	1451.679	3.8517	2.4855	5591.42	-0.639	0.5926
3.122	 3	80.8	9.901	0.0074	1453.038	3.9839	2.6684	5788.807	-0.7157	0.5995
3.132	 3	81.8	9.903	0.0078	1454.399	3.9589	2.4153	5757.884	-0.7012	0.604
3.142	 3	82.8	9.901	0.0077	1457.744	4.0444	2.6285	5895.744	-0.7508	0.6032
3.152	 3	83.8	9.904	0.0066	1460.121	3.9971	2.6573	5836.184	-0.7233	0.6039
3.162	 3	84.8	9.905	0.0065	1463.505	4.0644	2.8738	5948.206	-0.7624	0.6032
3.172	 3	85.8	9.904	0.0063	1468.129	4.1387	2.5663	6076.204	-0.8055	0.6019
3.182	 3	86.8	9.904	0.0042	1470.527	4.0779	2.0837	5996.647	-0.7702	0.599
3.192	 3	87.8	9.938	0.0035	1475.794	4.086	2.5738	6030.167	-0.775	0.5944
3.202	 3	88.8	9.945	0.0045	1475.519	4.0655	2.5815	5998.671	-0.763	0.5906
3.212	 3	89.8	9.945	0.0058	1474.644	3.9704	2.6434	5854.879	-0.7079	0.586
3.222	 3	90.8	9.945	0.0081	1467.031	4.0096	2.6175	5882.239	-0.7306	0.5833
3.232	 3	91.8	9.944	0.006	1462.353	3.9748	2.6412	5812.62	-0.7105	0.5798
3.242	 3	92.8	9.949	0.0052	1462.443	3.9728	2.3748	5810.056	-0.7093	0.5707
3.252	 3	93.8	9.949	0.0049	1465.027	3.9268	2.6696	5752.889	-0.6826	0.5649
3.262	 3	94.8	9.95	0.0079	1467.119	3.9623	2.3804	5813.151	-0.7032	0.5565
3.272	 3	95.8	9.978	0.0097	1465.844	3.9985	2.5997	5861.113	-0.7242	0.5449
3.282	 3	96.8	9.955	0.0062	1457.327	3.9623	2.641	5774.399	-0.7032	0.5305
3.292	 3	97.8	9.966	0.0044	1463.651	3.9045	2.6716	5714.867	-0.6697	0.5219
3.302	 3	98.8	9.955	0.007	1460.748	3.8502	2.4462	5624.148	-0.6382	0.5157
3.312	 3	99.8	9.949	0.0072	1452.833	3.7947	2.4862	5513.099	-0.606	0.5123
3.322	 3	100.8	9.937	0.0051	1444.961	3.7525	2.2427	5422.254	-0.5815	0.5101
3.332	 3	101.8	9.944	0.0047	1440.951	3.6504	2.5883	5260.041	-0.5223	0.5065
3.342	 3	102.8	9.934	0.0059	1438.668	3.6416	2.313	5239.038	-0.5172	0.5044
3.352	 3	103.8	9.932	0.0058	1437.129	3.6177	2.3296	5199.146	-0.5033	0.5053
3.362	 3	104.8	9.933	0.0045	1434.782	3.6623	2.3006	5254.612	-0.5292	0.5108
3.372	 3	105.8	9.932	0.0051	1435.26	3.7325	2.258	5357.107	-0.5699	0.5152
3.382	 3	106.8	9.91	0.0048	1438.108	3.7956	2.5141	5458.44	-0.6065	0.5183
3.392	 3	107.8	9.904	0.0038	1446.262	3.7297	2.2782	5394.15	-0.5683	0.5169
3.402	 3	108.8	9.9	0.0059	1445.466	3.8568	2.2057	5574.872	-0.642	0.5131
3.412	 3	109.8	9.904	0.0062	1436.195	3.8552	2.4796	5536.876	-0.6411	0.5099
3.422	 3	110.8	9.914	0.0058	1418.312	3.7698	2.2474	5346.724	-0.5915	0.5066
3.432	 3	111.8	9.909	0.0066	1445.936	3.7995	2.5123	5493.778	-0.6087	0.506
3.442	 3	112.8	9.932	0.0091	1453.747	3.7715	2.2346	5482.869	-0.5925	0.5089
3.452	 3	113.8	9.915	0.01	1447.023	3.8382	2.2067	5553.959	-0.6312	0.5105
3.462	 3	114.8	9.916	0.0082	1445.06	3.8038	2.5043	5496.744	-0.6113	0.5131
3.472	 3	115.8	9.943	0.0074	1446.886	3.7334	2.5315	5401.785	-0.5704	0.5169
3.482	 3	116.8	9.933	0.0072	1441.655	3.7626	2.5192	5424.326	-0.5873	0.5207
3.492	 3	117.8	9.938	0.0077	1440.916	3.7521	2.5225	5406.531	-0.5813	0.5238
3.502	 3	118.8	9.949	0.0078	1442.72	3.772	2.5012	5441.948	-0.5928	0.5218
3.512	 3	119.8	9.943	0.0079	1443.315	3.7418	2.5258	5400.59	-0.5753	0.5164
3.522	 3	120.8	9.938	0.0071	1444.477	3.7989	2.4915	5487.457	-0.6084	0.5009
3.532	 3	121.8	9.944	0.007	1443.042	3.7756	2.7805	5448.398	-0.5949	0.4807
3.542	 3	122.8	9.938	0.0065	1443.847	3.7901	2.4972	5472.362	-0.6033	0.4649
3.552	 3	123.8	9.943	0.0062	1449.206	3.8438	2.732	5570.428	-0.6344	0.455
3.562	 3	124.8	9.943	0.0008	1457.704	3.8867	2.7018	5665.643	-0.6593	0.4511
3.572	 3	125.8	9.948	0.0013	1465.743	3.9732	2.3752	5823.753	-0.7095	0.4505
3.582	 3	126.8	9.93	0.0013	1462.014	4.0348	2.3513	5898.862	-0.7452	0.4507
3.592	 3	127.8	9.937	0.0015	1480.703	4.1113	2.3029	6087.548	-0.7896	0.4468
3.602	 3	128.8	9.986	0.0004	1495.358	3.8019	2.455	5685.253	-0.6102	0.4537
3.612	 3	129.8	9.954	0.0002	1483.9	3.6979	2.5477	5487.255	-0.5498	0.4599
3.622	 3	130.8	9.986	0.0044	1455.049	3.665	2.2637	5332.824	-0.5308	0.4935
3.632	 3	131.8	9.98	0.0008	1440.115	3.6689	2.2653	5283.571	-0.533	0.4869
3.642	 3	132.8	9.976	0.001	1442.87	3.7464	2.4987	5405.497	-0.5779	0.4797
3.652	 3	133.8	9.985	0.001	1445.216	3.7127	2.2353	5365.636	-0.5584	0.4738
3.662	 3	134.8	9.97	0.0027	1438.257	3.7367	2.5095	5374.366	-0.5723	0.4693
3.672	 3	135.8	9.984	0.0066	1440.069	3.7231	2.2297	5361.482	-0.5644	0.4655
3.682	 3	136.8	9.981	0.0089	1445.265	3.7721	2.2027	5451.615	-0.5928	0.4646
3.692	 3	137.8	9.994	0.0163	1450.508	3.7077	2.2325	5378.026	-0.5555	0.4702
3.702	 3	138.8	10.001	0.0171	1451.313	3.6772	2.2465	5336.826	-0.5378	0.4733
3.712	 3	139.8	10.022	0.0159	1450.152	3.6744	2.2346	5328.427	-0.5362	0.4738
3.722	 3	140.8	10.169	0.0083	1458.758	3.6736	2.4109	5358.859	-0.5357	0.4768
3.732	 3	141.8	10.55	0.0	108.5101	3.4752	2.0377	377.0926	-0.4206	0.4808
3.742	 3	142.8	10.51	0.0	108.0987	3.6022	1.9874	389.3963	-0.4943	0.4915
3.752	 3	143.8	10.476	0.0	107.749	3.5324	2.0457	380.6079	-0.4538	0.5132
3.762	 3	144.8	10.381	0.0001	1495.175	3.5552	2.0865	5315.62	-0.467	0.5513
3.772	 3	145.8	10.333	0.001	1472.567	3.6038	2.086	5306.864	-0.4953	0.6175
3.782	 3	146.8	10.227	0.0031	1452.905	3.5818	2.1621	5204.027	-0.4825	0.7276
3.792	 3	147.8	10.26	0.004	1462.58	3.5274	2.1752	5159.085	-0.4509	0.893
3.802	 3	148.8	10.387	0.001	1459.668	3.4025	2.1765	4966.454	-0.3785	1.1084
3.812	 3	149.8	10.517	0.0	108.1707	2.3253	3.0729	251.5276	0.2464	1.2878
3.822	 4	0.3	10.481	0.0	107.8004	3.4874	2.0692	375.9424	-0.4277	1.2857
3.832	 4	1.3	10.492	0.0	107.9135	3.4944	1.8015	377.0926	-0.4318	1.0865
3.842	 4	2.3	10.526	0.001	1495.808	3.4665	2.0562	5185.153	-0.4156	0.8477
3.852	 4	3.3	10.498	0.0023	1489.289	3.4697	2.0701	5167.372	-0.4175	0.6773
3.862	 4	4.3	10.456	0.0001	1471.432	3.3786	2.1505	4971.418	-0.3646	0.5773
3.872	 4	5.3	10.053	0.005	1461.617	3.5098	2.0288	5129.955	-0.4407	0.5196
3.882	 4	6.3	9.986	0.0059	1448.086	3.512	2.3624	5085.667	-0.442	0.4862
3.892	 4	7.3	9.915	0.0073	1456.375	3.55	2.3859	5170.116	-0.464	0.4678
3.902	 4	8.3	9.899	0.005	1450.19	3.6654	2.0314	5315.554	-0.531	0.4584
3.912	 4	9.3	9.893	0.0105	1444.444	3.5637	2.0931	5147.496	-0.472	0.4566
3.922	 4	10.3	9.893	0.0117	1444.444	3.5826	2.3794	5174.842	-0.4829	0.4597
3.932	 4	11.3	9.878	0.0154	1444.786	3.6163	2.3677	5224.736	-0.5025	0.4637
3.942	 4	12.3	9.884	0.0164	1442.498	3.6773	2.0337	5304.49	-0.5379	0.4667
3.952	 4	13.3	9.9	0.0234	1444.833	3.634	2.341	5250.543	-0.5128	0.4688
3.962	 4	14.3	9.888	0.0247	1443.504	3.7291	2.2893	5383.015	-0.5679	0.4684
3.972	 4	15.3	9.899	0.0175	1451.041	3.8408	2.2156	5573.118	-0.6327	0.4687
3.982	 4	16.3	9.91	0.0113	1464.244	3.761	2.2553	5507.087	-0.5865	0.471
3.992	 4	17.3	9.914	0.017	1457.727	3.6965	2.5785	5388.496	-0.549	0.4726
4.002	 4	18.3	9.911	0.026	1446.017	3.7522	2.26	5425.722	-0.5813	0.4718
4.012	 4	19.3	9.912	0.0183	1443.005	3.7086	2.5716	5351.562	-0.556	0.4694
4.022	 4	20.3	9.918	0.0152	1443.458	3.6758	2.59	5305.825	-0.537	0.4674
4.032	 4	21.3	9.923	0.0154	1443.975	3.7578	2.5298	5426.199	-0.5846	0.4683
4.042	 4	22.3	9.929	0.0165	1441.283	3.6669	2.5879	5285.104	-0.5319	0.4653
4.052	 4	23.3	9.931	0.0163	1440.319	3.8375	2.4715	5527.167	-0.6308	0.4624
4.062	 4	24.3	9.936	0.0122	1441.671	3.8392	2.4668	5534.823	-0.6318	0.4573
4.072	 4	25.3	9.934	0.0101	1449.373	3.8022	2.4922	5510.835	-0.6103	0.4532
4.082	 4	26.3	9.933	0.0085	1454.745	3.7885	2.5019	5511.346	-0.6024	0.4508
4.092	 4	27.3	9.933	0.009	1454.532	3.6911	2.568	5368.751	-0.5459	0.4505
4.102	 4	28.3	9.938	0.0126	1446.79	3.6908	2.2795	5339.826	-0.5457	0.448
4.112	 4	29.3	9.938	0.011	1441.962	3.6731	2.2905	5296.54	-0.5355	0.4437
4.122	 4	30.3	9.938	0.0099	1438.414	3.6432	2.5979	5240.474	-0.5181	0.4382
4.132	 4	31.3	9.943	0.0097	1436.02	3.6445	2.5932	5233.592	-0.5189	0.4378
4.142	 4	32.3	9.939	0.0103	1438.35	3.6712	2.291	5280.453	-0.5343	0.4355
4.152	 4	33.3	9.95	0.0093	1436.823	3.5901	2.3353	5158.343	-0.4873	0.4331
4.162	 4	34.3	9.94	0.0093	1435.172	3.6566	2.2995	5247.815	-0.5259	0.4341
4.172	 4	35.3	9.946	0.0087	1436.868	3.5826	2.05	5147.749	-0.483	0.4351
4.182	 4	36.3	9.951	0.0083	1435.931	3.5793	2.3416	5139.679	-0.4811	0.4403
4.192	 4	37.3	9.939	0.0074	1434.613	3.5866	2.345	5145.42	-0.4853	0.4421
4.202	 4	38.3	9.94	0.008	1436.624	3.5878	2.3436	5154.248	-0.4859	0.4416
4.212	 4	39.3	9.939	0.0094	1437.31	3.646	2.3069	5240.403	-0.5197	0.4452
4.222	 4	40.3	9.934	0.0086	1436.172	3.5693	2.3599	5126.069	-0.4752	0.4535
4.232	 4	41.3	9.929	0.0086	1436.279	3.645	2.3142	5235.207	-0.5191	0.4566
4.242	 4	42.3	9.929	0.0082	1436.903	3.6357	2.3201	5224.124	-0.5137	0.4569
4.252	 4	43.3	9.926	0.0075	1432.737	3.6476	2.3146	5226.102	-0.5207	0.4541
4.262	 4	44.3	9.928	0.0072	1436.758	3.633	2.3226	5219.695	-0.5122	0.4512
4.272	 4	45.3	9.932	0.0096	1437.129	3.6223	2.3267	5205.719	-0.506	0.4507
4.282	 4	46.3	9.931	0.009	1433.458	3.635	2.3193	5210.551	-0.5133	0.4516
4.292	 4	47.3	9.939	0.0093	1436.895	3.632	2.3157	5218.837	-0.5116	0.455
4.302	 4	48.3	9.954	0.0108	1438.855	3.7193	2.2516	5351.474	-0.5622	0.4598
4.312	 4	49.3	9.934	0.0099	1433.478	3.6875	2.5698	5285.879	-0.5438	0.4681
4.322	 4	50.3	9.93	0.0074	1432.694	3.7914	2.2242	5431.952	-0.6041	0.4737
4.332	 4	51.3	9.935	0.0083	1434.243	4.0828	2.3202	5855.764	-0.7731	0.4754
4.342	 4	52.3	9.934	0.0034	1450.007	3.8845	2.4394	5632.585	-0.6581	0.4788
4.352	 4	53.3	9.945	0.0044	1466.165	3.814	2.4765	5591.989	-0.6172	0.4814
4.362	 4	54.3	9.964	0.0118	1449.52	3.7837	2.4826	5484.604	-0.5996	0.486
4.372	 4	55.3	9.946	0.0105	1438.947	3.768	2.5061	5421.889	-0.5905	0.491
4.382	 4	56.3	9.938	0.0087	1442.799	3.7538	2.5214	5416.049	-0.5823	0.4963
4.392	 4	57.3	9.937	0.0089	1446.223	3.7559	2.5207	5431.914	-0.5835	0.5025
4.402	 4	58.3	9.933	0.0146	1448.381	3.7885	2.5019	5487.237	-0.6024	0.5093
4.412	 4	59.3	9.927	0.0171	1446.663	3.7908	2.5048	5484.039	-0.6037	0.5183
4.422	 4	60.3	9.923	0.017	1446.923	3.8387	2.4764	5554.354	-0.6315	0.5305
4.432	 4	61.3	9.918	0.016	1447.461	3.7411	2.8275	5415.122	-0.5749	0.5401
4.442	 4	62.3	9.913	0.021	1448.634	3.7633	2.8149	5451.666	-0.5878	0.5488
4.452	 4	63.3	9.908	0.0323	1446.423	3.8815	2.7332	5614.309	-0.6563	0.5548
4.462	 4	64.3	9.903	0.0246	1446.116	3.9589	2.952	5725.092	-0.7012	0.5606
4.472	 4	65.3	9.904	0.0157	1460.121	4.1434	2.8198	6049.819	-0.8082	0.5703
4.482	 4	66.3	9.91	0.009	1479.325	4.1619	2.5476	6156.806	-0.819	0.58
4.492	 4	67.3	9.899	0.0058	1491.262	3.9135	2.718	5836.109	-0.6749	0.592
4.502	 4	68.3	9.9	0.0133	1478.715	3.9946	2.9283	5906.813	-0.7219	0.6041
4.512	 4	69.3	9.9	0.0093	1461.686	3.9131	2.7175	5719.784	-0.6747	0.6119
4.522	 4	70.3	9.905	0.0098	1472.424	3.8715	2.7427	5700.458	-0.6505	0.6135
4.532	 4	71.3	9.902	0.0153	1462.413	3.9278	2.7057	5744.092	-0.6832	0.6104
4.542	 4	72.3	9.903	0.0146	1456.538	3.8593	2.753	5621.224	-0.6434	0.6059
4.552	 4	73.3	9.898	0.0146	1451.532	3.8521	2.7622	5591.42	-0.6393	0.604
4.562	 4	74.3	9.898	0.0139	1449.407	3.9044	2.7252	5659.005	-0.6696	0.6006
4.572	 4	75.3	9.903	0.0133	1451.414	3.91	2.7172	5675.083	-0.6729	0.6005
4.582	 4	76.3	9.898	0.0123	1453.237	3.8949	2.7318	5660.156	-0.6641	0.6003
4.592	 4	77.3	9.902	0.013	1457.248	3.9613	2.6828	5772.658	-0.7026	0.6022
4.602	 4	78.3	9.904	0.014	1459.906	3.9566	2.6845	5776.191	-0.6999	0.6021
4.612	 4	79.3	9.899	0.0153	1462.186	4.1501	2.5631	6068.235	-0.8121	0.6027
4.622	 4	80.3	9.9	0.0128	1471.463	4.0621	2.6178	5977.176	-0.7611	0.6017
4.632	 4	81.3	9.903	0.0093	1481.598	3.971	2.6755	5883.392	-0.7082	0.6002
4.642	 4	82.3	9.899	0.0108	1470.877	3.8813	2.7406	5708.899	-0.6562	0.5992
4.652	 4	83.3	9.899	0.0166	1458.524	3.9232	2.7113	5722.056	-0.6805	0.6006
4.662	 4	84.3	9.899	0.0116	1456.378	3.9686	2.9483	5779.718	-0.7068	0.5999
4.672	 4	85.3	9.899	0.0122	1454.025	3.8609	2.7551	5613.793	-0.6444	0.5954
4.682	 4	86.3	9.899	0.013	1454.025	3.9193	2.9854	5698.781	-0.6783	0.5927
4.692	 4	87.3	9.899	0.0118	1453.384	3.8888	3.0088	5651.924	-0.6606	0.5921
4.702	 4	88.3	9.899	0.0097	1454.238	3.9078	2.722	5682.85	-0.6716	0.5924
4.712	 4	89.3	9.904	0.009	1457.114	3.9193	2.7101	5710.819	-0.6782	0.5964
4.722	 4	90.3	9.906	0.0004	1464.085	3.8637	2.7474	5656.742	-0.646	0.6012
4.732	 4	91.3	9.907	0.0007	1460.348	3.8287	3.0489	5591.165	-0.6257	0.6061
4.742	 4	92.3	9.907	0.0049	1457.984	3.9317	2.969	5732.329	-0.6854	0.6076
4.752	 4	93.3	9.907	0.0064	1454.772	3.9454	2.6897	5739.71	-0.6934	0.6069
4.762	 4	94.3	9.909	0.0007	1460.643	3.8774	3.0089	5663.457	-0.6539	0.6102
4.772	 4	95.3	9.91	0.0007	1462.946	3.9621	2.9436	5796.407	-0.7031	0.6146
4.782	 4	96.3	9.908	0.002	1463.299	3.9791	2.9328	5822.595	-0.7129	0.6182
4.792	 4	97.3	9.922	0.0077	1462.775	4.164	2.5374	6090.926	-0.8202	0.6211
4.802	 4	98.3	9.924	0.0036	1474.811	4.0807	2.5877	6018.248	-0.7719	0.6229
4.812	 4	99.3	9.929	0.0005	1481.056	4.0875	2.8376	6053.848	-0.7758	0.6428
4.822	 4	100.3	9.94	0.0011	1478.287	4.0371	2.6034	5968.005	-0.7466	0.6839
4.832	 4	101.3	9.955	0.0029	1484.934	4.0375	2.8511	5995.374	-0.7468	0.6967
4.842	 4	102.3	9.954	0.0109	1470.527	4.0039	2.8758	5887.847	-0.7273	0.6935
4.852	 4	103.3	9.945	0.0113	1467.68	3.9482	3.1898	5794.697	-0.695	0.6926
4.862	 4	104.3	9.971	0.009	1462.452	3.9439	2.9052	5767.76	-0.6925	0.6911
4.872	 4	105.3	9.939	0.0061	1456.691	3.9016	2.9641	5683.454	-0.668	0.6888
4.882	 4	106.3	9.967	0.0037	1459.725	3.91	2.9338	5707.462	-0.6728	0.6868
4.892	 4	107.3	9.964	0.0051	1463.357	3.9189	2.9296	5734.813	-0.678	0.6821
4.902	 4	108.3	9.967	0.0051	1463.368	3.8419	2.9858	5622.059	-0.6333	0.6788
4.912	 4	109.3	9.987	0.002	1459.234	3.8771	2.9415	5657.669	-0.6538	0.6743
4.922	 4	110.3	10.068	0.0002	1370.915	3.7997	2.9322	5209.044	-0.6089	0.6705
4.932	 4	111.3	10.235	0.0001	1405.906	3.8057	2.7917	5350.437	-0.6123	0.6686
4.942	 4	112.3	10.422	0.0001	1286.032	3.7964	2.6563	4882.337	-0.607	0.6683
4.952	 4	113.3	10.405	0.0001	1401.535	3.8836	2.3717	5443.05	-0.6576	0.6725
4.962	 4	114.3	10.37	0.0001	1341.7	4.0233	2.3117	5397.996	-0.7385	0.686
4.972	 4	115.3	10.324	0.0004	1505.834	3.8911	2.421	5859.331	-0.6619	0.7181
4.982	 4	116.3	10.287	0.0001	1499.563	3.7752	2.5213	5661.165	-0.5947	0.7909
4.992	 4	117.3	10.223	0.0023	1491.973	3.719	2.3453	5548.717	-0.5621	0.9567
5.002	 4	118.3	10.149	0.0051	1471.083	3.7165	2.3966	5467.264	-0.5606	1.3482
5.012	 4	119.3	10.194	0.0023	1467.607	3.7087	1.8442	5442.911	-0.5561	2.1178
5.022	 4	120.3	10.146	0.0009	1473.638	2.267	2.6215	3340.782	0.2801	3.1488
