Geotek MSCL 7.9 - TN336_JPC14-15_MSmass.out created at 18:23:53 on 1/21/2016.


Processing Parameters

CT	RCT=11.45	W=1.27
PWAmp	A=1	B=0
PWVel	PTO=26.51
Den1	A=7.0444E-04	B=-.096532	C=9.8575
MS1	A=1	B=0	Den=1	LD=14	
FP	MGD=2.75	WD=1.026	
RES	A=833.1719	B=-1.166733	p=0	


SB DEPTH	SECT NUM	SECT DEPTH	CT	PWAmp	PWVel	Den1	MS1	Imp	FP	RES
m		cm	cm		m/s	g/cc	x 10^-8 (m^3/kg)			Ohm.m

-0.638	cal sect	0.0	10.658	0.0034						73.8479
-0.578	cal sect	6.0	10.379	0.0214	1497.475	1.1662			0.9187	15.9689
-0.518	cal sect	12.1	10.177	0.0224	1468.967	1.1491	-1.7089	1687.96	0.9286	14.9799
-0.458	cal sect	18.1	10.191	0.0143	1466.964	1.1679	-0.8374	1713.251	0.9177	13.8008
-0.398	cal sect	24.1	10.492	0.0009	1491.188	1.155	-1.5573	1722.263	0.9252	11.0698
-0.338	cal sect	30.1	10.59	0.0178	1492.6	1.1523	-0.7599	1719.858	0.9268	3.8468
-0.278	cal sect	36.1	10.49	0.0089	1507.834	1.1475	-1.5682	1730.311	0.9295	0.4975
-0.218	cal sect	42.1	10.246	0.0037	1502.567	1.1633	-1.6555	1747.886	0.9204	0.35
-0.158	cal sect	48.1	10.195	0.017	1487.67	1.1722	-0.8333	1743.878	0.9152	0.349
-0.098	cal sect	54.1	10.284	0.0085	1486.557	1.1735	-0.8118	1744.464	0.9144	0.3451
-0.038	cal sect	60.1	10.455	0.0071	1511.493	1.164	0.7805	1759.382	0.92	0.4707
0.002	 1	0.2	10.884	0.0	111.9189	0.6956	11.6387	77.854	1.1916	1.5843
0.012	 1	1.2	10.935	0.0	112.4433	1.4922	6.9597	167.7926	0.7296	1.2796
0.022	 1	2.2	10.935	0.0	112.4433	1.5235	7.8657	171.3073	0.7114	0.9535
0.032	 1	3.2	10.894	0.0	112.0217	1.5963	8.0939	178.8169	0.6692	0.7756
0.042	 1	4.2	10.839	0.0009	1533.965	1.6626	8.8694	2550.434	0.6307	0.6908
0.052	 1	5.2	10.439	0.0006	1572.849	1.8042	9.6094	2837.742	0.5486	0.652
0.062	 1	6.2	10.325	0.0034	1547.976	1.836	10.2591	2842.096	0.5302	0.6421
0.072	 1	7.2	10.2	0.0033	1553.457	1.8297	11.7285	2842.395	0.5338	0.6516
0.082	 1	8.2	10.179	0.0076	1541.339	1.8468	12.2209	2846.497	0.5239	0.6643
0.092	 1	9.2	10.178	0.007	1547.043	1.8823	11.9935	2912.017	0.5033	0.6785
0.102	 1	10.2	10.172	0.0078	1552.266	1.8647	12.1274	2894.502	0.5135	0.69
0.112	 1	11.2	10.172	0.01	1540.745	1.8165	12.4492	2798.765	0.5415	0.7059
0.122	 1	12.2	10.167	0.0178	1518.369	1.768	12.8092	2684.407	0.5696	0.7121
0.132	 1	13.2	10.166	0.0141	1505.628	1.7849	12.6911	2687.415	0.5598	0.7103
0.142	 1	14.2	10.166	0.0103	1518.447	1.805	12.0042	2740.794	0.5481	0.7081
0.152	 1	15.2	10.16	0.0103	1525.755	1.8345	11.2936	2798.988	0.531	0.7075
0.162	 1	16.2	10.165	0.0098	1535.731	1.8628	11.1064	2860.709	0.5146	0.709
0.172	 1	17.2	10.165	0.0098	1535.963	1.8319	11.2938	2813.666	0.5326	0.7101
0.182	 1	18.2	10.17	0.0118	1533.243	1.8647	11.0791	2859.045	0.5135	0.7158
0.192	 1	19.2	10.17	0.012	1533.474	1.8241	10.7867	2797.144	0.5371	0.7208
0.202	 1	20.2	10.18	0.012	1533.132	1.8357	10.1532	2814.447	0.5303	0.7215
0.212	 1	21.2	10.18	0.0095	1535.214	1.8593	9.4969	2854.44	0.5166	0.7262
0.222	 1	22.2	10.181	0.0105	1544.214	1.8645	9.468	2879.146	0.5136	0.7265
0.232	 1	23.2	10.185	0.0112	1545.523	1.8756	9.4012	2898.768	0.5072	0.728
0.242	 1	24.2	10.191	0.0085	1552.559	1.9101	9.2159	2965.468	0.4872	0.7265
0.252	 1	25.2	10.198	0.0068	1563.631	1.9355	8.5724	3026.416	0.4724	0.7251
0.262	 1	26.2	10.2	0.0054	1570.681	1.9095	8.6843	2999.188	0.4875	0.7232
0.272	 1	27.2	10.2	0.0073	1566.099	1.8826	8.8083	2948.348	0.5031	0.7219
0.282	 1	28.2	10.205	0.0074	1554.929	1.9037	8.1867	2960.143	0.4909	0.7258
0.292	 1	29.2	10.204	0.0071	1554.777	1.8532	8.4123	2881.261	0.5202	0.7221
0.302	 1	30.2	10.205	0.0119	1546.446	1.859	7.8595	2874.876	0.5168	0.724
0.312	 1	31.2	10.201	0.0121	1538.38	1.8813	7.7751	2894.204	0.5039	0.7281
0.322	 1	32.2	10.21	0.013	1546.97	1.9006	7.6769	2940.11	0.4927	0.7288
0.332	 1	33.2	10.206	0.0134	1552.007	1.8983	7.6945	2946.252	0.494	0.7326
0.342	 1	34.2	10.21	0.0109	1549.317	1.8987	7.6843	2941.708	0.4938	0.7355
0.352	 1	35.2	10.211	0.0122	1554.186	1.8963	7.6919	2947.223	0.4952	0.7384
0.362	 1	36.2	10.211	0.0072	1568.51	1.9175	7.0997	3007.658	0.4829	0.7554
0.372	 1	37.2	10.208	0.0057	1584.847	1.8884	7.2152	2992.863	0.4998	0.7752
0.382	 1	38.2	10.211	0.009	1572.617	1.8871	7.214	2967.744	0.5005	0.7915
0.392	 1	39.2	10.211	0.0077	1556.318	1.8501	5.2559	2879.388	0.522	0.8049
0.402	 1	40.2	10.209	0.0087	1548.695	1.8737	6.7506	2901.797	0.5083	0.815
0.412	 1	41.2	10.206	0.0101	1546.832	1.8556	6.8221	2870.363	0.5188	0.8258
0.422	 1	42.2	10.206	0.0095	1547.301	1.8599	6.8064	2877.837	0.5163	0.8339
0.432	 1	43.2	10.201	0.0103	1547.717	1.8741	6.2441	2900.561	0.5081	0.8382
0.442	 1	44.2	10.206	0.0082	1551.299	1.8983	6.1556	2944.908	0.494	0.843
0.452	 1	45.2	10.206	0.0079	1557.454	1.9117	6.1126	2977.415	0.4862	0.8424
0.462	 1	46.2	10.206	0.0052	1571.846	1.8696	5.7295	2938.679	0.5107	0.8448
0.472	 1	47.2	10.202	0.0043	1590.583	1.8635	5.7547	2964.039	0.5142	0.8441
0.482	 1	48.2	10.206	0.004	1600.188	1.8925	5.6602	3028.29	0.4974	0.8396
0.492	 1	49.2	10.216	0.0087	1583.63	1.8994	5.6235	3008.019	0.4934	0.8366
0.502	 1	50.2	10.21	0.0073	1575.374	1.8881	5.667	2974.391	0.5	0.8275
0.512	 1	51.2	10.208	0.0071	1583.618	1.9166	5.5858	3035.141	0.4834	0.8231
0.522	 1	52.2	10.209	0.0067	1579.607	1.9093	5.6056	3015.929	0.4877	0.819
0.532	 1	53.2	10.219	0.0072	1579.199	1.9011	5.6138	3002.228	0.4924	0.8175
0.542	 1	54.2	10.238	0.0063	1590.74	1.8991	5.5898	3020.908	0.4936	0.8195
0.552	 1	55.2	10.256	0.0039	1604.004	1.9091	5.5323	3062.223	0.4878	0.8251
0.562	 1	56.2	10.272	0.0027	1592.311	1.8777	5.5995	2989.961	0.5059	0.8329
0.572	 1	57.2	10.286	0.0031	1568.945	1.8661	5.6122	2927.879	0.5127	0.8379
0.582	 1	58.2	10.292	0.0031	1567.23	1.8788	5.565	2944.563	0.5053	0.8455
0.592	 1	59.2	10.292	0.0035	1571.538	1.8781	5.5671	2951.509	0.5057	0.8518
0.602	 1	60.2	10.291	0.0038	1570.426	1.8699	5.593	2936.589	0.5105	0.8601
0.612	 1	61.2	10.284	0.0039	1568.161	1.8818	5.5688	2950.895	0.5036	0.8674
0.622	 1	62.2	10.271	0.003	1570.729	1.89	5.5647	2968.693	0.4988	0.8748
0.632	 1	63.2	10.266	0.0033	1570.926	1.8825	5.5948	2957.258	0.5032	0.8785
0.642	 1	64.2	10.261	0.0043	1570.401	1.8885	5.5847	2965.766	0.4997	0.8806
0.652	 1	65.2	10.256	0.0041	1576.633	1.9106	5.528	3012.331	0.4869	0.891
0.662	 1	66.2	10.258	0.0035	1589.895	1.9227	5.4902	3056.84	0.4799	0.8937
0.672	 1	67.2	10.253	0.003	1598.534	1.9247	5.492	3076.769	0.4787	0.8963
0.682	 1	68.2	10.251	0.0023	1597.724	1.9119	5.532	3054.716	0.4861	0.8897
0.692	 1	69.2	10.251	0.0038	1581.944	1.8776	6.1452	2970.246	0.506	0.8789
0.702	 1	70.2	10.24	0.0053	1565.031	1.8873	5.6216	2953.643	0.5004	0.8661
0.712	 1	71.2	10.233	0.0048	1569.96	1.9059	5.0705	2992.233	0.4896	0.8586
0.722	 1	72.2	10.228	0.005	1575.963	1.8825	5.6548	2966.817	0.5032	0.8411
0.732	 1	73.2	10.223	0.0049	1582.753	1.8737	5.1724	2965.547	0.5083	0.8324
0.742	 1	74.2	10.206	0.0053	1593.691	1.9309	5.0431	3077.326	0.4751	0.8241
0.752	 1	75.2	10.197	0.0041	1601.036	1.8886	5.1692	3023.767	0.4996	0.8182
0.762	 1	76.2	10.187	0.0049	1578.646	1.8774	5.7364	2963.732	0.5062	0.8164
0.772	 1	77.2	10.181	0.0068	1563.902	1.8905	5.1876	2956.558	0.4985	0.8107
0.782	 1	78.2	10.177	0.0043	1590.405	1.9391	5.5696	3083.981	0.4703	0.8086
0.792	 1	79.2	10.167	0.0037	1624.121	1.9533	5.0407	3172.458	0.4621	0.812
0.802	 1	80.2	10.157	0.0057	1596.761	1.9031	5.7074	3038.741	0.4913	0.8121
0.812	 1	81.2	10.145	0.009	1567.521	1.9131	5.6968	2998.842	0.4854	0.8095
0.822	 1	82.2	10.141	0.0075	1566.661	1.9195	6.2012	3007.157	0.4817	0.812
0.832	 1	83.2	10.136	0.0064	1572.448	1.9489	5.6066	3064.515	0.4647	0.8131
0.842	 1	84.2	10.132	0.0063	1581.642	1.9026	6.2723	3009.215	0.4915	0.8115
0.852	 1	85.2	10.127	0.0063	1574.961	1.9057	6.2708	3001.471	0.4897	0.8127
0.862	 1	86.2	10.127	0.0063	1571.052	1.9342	6.1786	3038.711	0.4732	0.8111
0.872	 1	87.2	10.133	0.0077	1563.493	1.915	5.7107	2994.094	0.4843	0.8122
0.882	 1	88.2	10.138	0.0086	1562.336	1.9059	5.7298	2977.644	0.4896	0.8151
0.892	 1	89.2	10.138	0.0127	1558.493	1.8971	6.2799	2956.542	0.4947	0.822
0.902	 1	90.2	10.133	0.0097	1553.903	1.905	5.7407	2960.16	0.4901	0.8257
0.912	 1	91.2	10.144	0.009	1554.636	1.897	6.2692	2949.191	0.4948	0.8257
0.922	 1	92.2	10.144	0.0097	1557.5	1.9178	5.6846	2986.94	0.4827	0.8315
0.932	 1	93.2	10.144	0.0086	1557.979	1.9211	5.6746	2993.11	0.4808	0.8323
0.942	 1	94.2	10.149	0.0079	1562.106	1.9064	6.2295	2978.022	0.4893	0.8272
0.952	 1	95.2	10.144	0.007	1557.979	1.9111	5.7046	2977.401	0.4866	0.8295
0.962	 1	96.2	10.147	0.0066	1557.722	1.8924	5.2325	2947.895	0.4974	0.829
0.972	 1	97.2	10.149	0.006	1562.587	1.8979	5.7359	2965.682	0.4942	0.8187
0.982	 1	98.2	10.154	0.0057	1564.802	1.9122	5.6851	2992.151	0.486	0.8206
0.992	 1	99.2	10.154	0.0053	1561.193	1.8857	5.765	2943.894	0.5014	0.8279
1.002	 1	100.2	10.154	0.0051	1558.557	1.9073	5.6995	2972.681	0.4888	0.831
1.012	 1	101.2	10.158	0.0052	1557.259	1.9069	5.1765	2969.613	0.489	0.8304
1.022	 1	102.2	10.163	0.0049	1559.221	1.9221	5.1285	2996.917	0.4802	0.8321
1.032	 1	103.2	10.178	0.0039	1567.776	1.9245	5.6103	3017.179	0.4788	0.8324
1.042	 1	104.2	10.177	0.0045	1565.933	1.9142	5.1292	2997.466	0.4848	0.8355
1.052	 1	105.2	10.178	0.0033	1571.164	1.9302	5.0853	3032.614	0.4755	0.8368
1.062	 1	106.2	10.174	0.004	1577.609	1.9065	5.1541	3007.78	0.4892	0.8341
1.072	 1	107.2	10.173	0.0053	1578.678	1.9221	5.114	3034.3	0.4802	0.8272
1.082	 1	108.2	10.168	0.005	1581.092	1.9025	4.6565	3008.001	0.4916	0.8217
1.092	 1	109.2	10.168	0.0063	1577.412	1.8918	5.2031	2984.18	0.4978	0.8166
1.102	 1	110.2	10.163	0.0058	1567.88	1.8957	5.1999	2972.205	0.4955	0.8116
1.112	 1	111.2	10.163	0.0063	1559.938	1.8653	5.2846	2909.713	0.5132	0.8096
1.122	 1	112.2	10.157	0.0061	1552.583	1.8682	5.2855	2900.48	0.5115	0.8072
1.132	 1	113.2	10.158	0.0067	1553.211	1.8992	5.1977	2949.844	0.4935	0.8068
1.142	 1	114.2	10.153	0.0056	1554.824	1.8775	5.7916	2919.221	0.5061	0.8071
1.152	 1	115.2	10.148	0.0073	1551.445	1.8992	5.7336	2946.537	0.4935	0.8054
1.162	 1	116.2	10.147	0.0076	1548.687	1.8844	5.2548	2918.388	0.5021	0.8043
1.172	 1	117.2	10.143	0.0066	1550.917	1.8947	5.2324	2938.446	0.4961	0.8032
1.182	 1	118.2	10.143	0.0065	1551.866	1.8841	5.2617	2923.843	0.5023	0.7967
1.192	 1	119.2	10.14	0.0065	1548.801	1.897	5.2303	2938.144	0.4948	0.7923
1.202	 1	120.2	10.141	0.0047	1560.394	1.9376	5.1193	3023.409	0.4712	0.7951
1.212	 1	121.2	10.143	0.0031	1584.844	1.9236	5.1537	3048.594	0.4794	0.8007
1.222	 1	122.2	10.143	0.0039	1603.89	1.9607	5.0562	3144.712	0.4578	0.8051
1.232	 1	123.2	10.149	0.0045	1598.52	1.9191	5.157	3067.685	0.482	0.8073
1.242	 1	124.2	10.153	0.0058	1592.627	1.9506	5.0678	3106.611	0.4637	0.8048
1.252	 1	125.2	10.153	0.0041	1591.13	1.924	5.1381	3061.26	0.4791	0.8031
1.262	 1	126.2	10.159	0.0055	1588.336	1.9236	4.6173	3055.276	0.4794	0.8075
1.272	 1	127.2	10.169	0.0044	1587.666	1.9273	5.1058	3059.962	0.4772	0.8029
1.282	 1	128.2	10.173	0.0044	1597.268	1.9093	4.6333	3049.714	0.4876	0.8003
1.292	 1	129.2	10.179	0.0047	1601.983	1.9342	5.0733	3098.49	0.4732	0.7993
1.302	 1	130.2	10.188	0.0042	1604.662	1.954	5.0091	3135.438	0.4617	0.8039
1.312	 1	131.2	10.198	0.0049	1610.55	1.9544	4.9939	3147.603	0.4615	0.8116
1.322	 1	132.2	10.209	0.0049	1604.936	1.9511	4.9868	3131.386	0.4634	0.8252
1.332	 1	133.2	10.218	0.0045	1598.311	1.9298	5.029	3084.443	0.4757	0.8289
1.342	 1	134.2	10.229	0.0045	1595.041	1.9457	4.9723	3103.531	0.4665	0.8352
1.352	 1	135.2	10.244	0.0037	1590.683	1.9264	5.001	3064.347	0.4777	0.8797
1.362	 1	136.2	10.246	0.0034	1585.823	1.941	4.9607	3078.031	0.4693	0.8911
1.372	 1	137.2	10.257	0.0026	1583.115	1.9142	5.0146	3030.36	0.4848	0.8977
1.382	 1	138.2	10.266	0.0022	1581.331	1.9132	5.0044	3025.48	0.4854	0.901
1.392	 1	139.2	10.282	0.0023	1583.308	1.9091	4.9927	3022.767	0.4877	0.9019
1.402	 1	140.2	10.292	0.002	1585.824	1.9156	4.4658	3037.744	0.484	0.898
1.412	 1	141.2	10.302	0.0015	1583.461	1.9232	4.9286	3045.262	0.4796	0.9015
1.422	 1	142.2	10.331	0.0012	1587.187	1.9046	4.9366	3022.921	0.4904	0.8996
1.432	 1	143.2	10.363	0.0013	1588.686	1.878	4.9621	2983.525	0.5058	0.8984
1.442	 1	144.2	10.385	0.0012	1587.92	1.8943	4.8894	3008.0	0.4963	0.8939
1.452	 1	145.2	10.417	0.0	107.1168	1.8915	4.8536	202.6069	0.498	0.8756
1.462	 1	146.2	10.59	0.0002	1602.36	1.862	4.7025	2983.635	0.5151	0.8619
1.472	 1	147.2	10.622	0.0003	1592.743	1.8808	5.0769	2995.686	0.5042	0.8431
1.482	 1	148.2	10.653	0.0	109.5435	1.8602	5.0906	203.7696	0.5161	0.8184
1.492	 1	149.2	10.672	0.0004	1608.683	1.8635	5.5152	2997.763	0.5142	0.8122
1.502	 1	150.2	10.636	0.0017	1604.223	1.8562	5.125	2977.705	0.5185	0.8557
1.512	 1	151.2	10.56	0.0004	1590.601	1.9067	5.5559	3032.741	0.4892	0.9796
1.522	 1	152.2	10.488	0.0001	1578.567	1.9533	5.9917	3083.46	0.4621	1.238
1.532	 1	153.2	10.475	0.0001	1559.708	1.9416	6.0495	3028.255	0.4689	1.6893
1.542	 1	154.2	10.701	0.0	110.0371	1.8603	5.482	204.7002	0.5161	2.1891
1.552	 2	0.3	10.759	0.0	110.6335	1.3962	6.5926	154.469	0.7853	2.295
1.562	 2	1.3	10.736	0.0	110.397	1.8769	4.9343	207.2053	0.5064	1.8932
1.572	 2	2.3	10.746	0.0	110.4999	1.8869	4.8952	208.4994	0.5007	1.4251
1.582	 2	3.3	10.719	0.0	110.2222	1.8878	4.9281	208.0803	0.5001	1.1294
1.592	 2	4.3	10.688	0.0007	1615.233	1.8733	5.0076	3025.85	0.5085	0.9817
1.602	 2	5.3	10.434	0.0001	1597.856	1.8732	4.8779	2993.166	0.5086	0.9068
1.612	 2	6.3	10.269	0.0017	1575.0	1.9172	4.9899	3019.603	0.4831	0.8582
1.622	 2	7.3	10.312	0.0037	1578.448	1.9111	4.9459	3016.562	0.4866	0.8362
1.632	 2	8.3	10.291	0.0002	1543.341	1.9344	4.9151	2985.437	0.4731	0.8189
1.642	 2	9.3	10.223	0.0017	1590.138	1.9175	5.054	3049.136	0.4829	0.8095
1.652	 2	10.3	10.177	0.005	1588.419	1.9342	5.0762	3072.254	0.4732	0.8012
1.662	 2	11.3	10.175	0.014	1575.321	1.9093	5.1452	3007.805	0.4876	0.8044
1.672	 2	12.3	10.172	0.0234	1569.269	1.882	4.702	2953.316	0.5035	0.8046
1.682	 2	13.3	10.173	0.0209	1551.472	1.8609	5.2819	2887.207	0.5157	0.8048
1.692	 2	14.3	10.176	0.0209	1539.486	1.8852	4.6885	2902.278	0.5016	0.8017
1.702	 2	15.3	10.176	0.0125	1544.392	1.8911	5.1934	2920.545	0.4982	0.7943
1.712	 2	16.3	10.171	0.0119	1551.64	1.8738	5.2485	2907.529	0.5082	0.7803
1.722	 2	17.3	10.173	0.021	1545.344	1.8588	5.288	2872.507	0.5169	0.7704
1.732	 2	18.3	10.171	0.0141	1542.931	1.8913	5.2002	2918.087	0.4981	0.7628
1.742	 2	19.3	10.172	0.0112	1546.837	1.9021	5.1691	2942.246	0.4918	0.7606
1.752	 2	20.3	10.177	0.009	1552.318	1.9112	5.1372	2966.771	0.4866	0.7627
1.762	 2	21.3	10.182	0.0093	1559.743	1.898	5.1655	2960.429	0.4942	0.7653
1.772	 2	22.3	10.182	0.008	1555.929	1.8819	5.2097	2928.157	0.5035	0.7669
1.782	 2	23.3	10.182	0.0109	1549.536	1.9013	5.1565	2946.202	0.4923	0.7656
1.792	 2	24.3	10.182	0.0092	1542.727	1.8747	5.2298	2892.149	0.5077	0.7618
1.802	 2	25.3	10.187	0.0122	1535.111	1.8612	5.2602	2857.205	0.5155	0.7581
1.812	 2	26.3	10.187	0.0111	1525.914	1.8637	5.7784	2843.896	0.5141	0.7559
1.822	 2	27.3	10.187	0.0115	1530.729	1.8803	5.2069	2878.208	0.5045	0.7488
1.832	 2	28.3	10.186	0.0091	1531.039	1.8725	5.23	2866.903	0.509	0.7461
1.842	 2	29.3	10.192	0.0075	1532.171	1.8841	5.189	2886.74	0.5023	0.7433
1.852	 2	30.3	10.193	0.0048	1536.942	1.9082	5.122	2932.773	0.4883	0.748
1.862	 2	31.3	10.196	0.0042	1538.322	1.8823	5.707	2895.514	0.5033	0.7563
1.872	 2	32.3	10.192	0.005	1533.554	1.9076	5.6375	2925.454	0.4886	0.7667
1.882	 2	33.3	10.192	0.0062	1536.096	1.9091	5.6331	2932.59	0.4878	0.7728
1.892	 2	34.3	10.187	0.0054	1534.649	1.9067	5.6482	2926.127	0.4891	0.7787
1.902	 2	35.3	10.187	0.0049	1534.418	1.8854	5.7121	2892.951	0.5015	0.7788
1.912	 2	36.3	10.187	0.0051	1534.88	1.8934	5.6878	2906.168	0.4969	0.7847
1.922	 2	37.3	10.188	0.0048	1535.957	1.9117	5.6318	2936.338	0.4862	0.7855
1.932	 2	38.3	10.183	0.0041	1539.613	1.9071	5.1395	2936.173	0.4889	0.7968
1.942	 2	39.3	10.183	0.0039	1540.312	1.9086	5.6491	2939.795	0.4881	0.809
1.952	 2	40.3	10.183	0.0039	1538.915	1.913	5.1235	2944.013	0.4855	0.8184
1.962	 2	41.3	10.183	0.0038	1535.434	1.8807	5.7329	2887.632	0.5043	0.823
1.972	 2	42.3	10.179	0.004	1530.447	1.8373	5.8748	2811.924	0.5294	0.826
1.982	 2	43.3	10.178	0.0043	1522.285	1.8575	5.8125	2827.715	0.5177	0.8277
1.992	 2	44.3	10.177	0.0038	1523.047	1.8789	5.7482	2861.61	0.5053	0.8257
2.002	 2	45.3	10.177	0.0031	1523.731	1.8638	5.7947	2839.897	0.514	0.8249
2.012	 2	46.3	10.178	0.0035	1524.337	1.9062	5.6642	2905.639	0.4895	0.8192
2.022	 2	47.3	10.177	0.0028	1528.996	1.8865	5.7249	2884.448	0.5009	0.8205
2.032	 2	48.3	10.183	0.0026	1532.2	1.8825	6.2481	2884.33	0.5032	0.8186
2.042	 2	49.3	10.178	0.0025	1530.066	1.8816	5.7382	2878.95	0.5037	0.8166
2.052	 2	50.3	10.181	0.0026	1527.303	1.8542	6.3471	2831.87	0.5196	0.8128
2.062	 2	51.3	10.188	0.0023	1526.75	1.843	5.8417	2813.851	0.5261	0.8109
2.072	 2	52.3	10.182	0.0022	1524.252	1.8597	5.2721	2834.586	0.5164	0.8077
2.082	 2	53.3	10.188	0.002	1525.378	1.8437	5.8395	2812.392	0.5257	0.8034
2.092	 2	54.3	10.189	0.0028	1523.019	1.8334	5.8706	2792.354	0.5317	0.7987
2.102	 2	55.3	10.184	0.0029	1520.454	1.8614	5.7905	2830.216	0.5154	0.796
2.112	 2	56.3	10.189	0.0028	1518.254	1.8362	5.8617	2787.841	0.53	0.7934
2.122	 2	57.3	10.194	0.003	1516.964	1.8085	5.4028	2743.427	0.5461	0.7924
2.132	 2	58.3	10.199	0.0029	1512.756	1.812	5.9231	2741.163	0.5441	0.7908
2.142	 2	59.3	10.204	0.0027	1515.521	1.8249	5.8732	2765.609	0.5366	0.7874
2.152	 2	60.3	10.203	0.0024	1516.048	1.8295	5.8599	2773.655	0.5339	0.7866
2.162	 2	61.3	10.199	0.0025	1516.805	1.8358	5.8464	2784.563	0.5303	0.7897
2.172	 2	62.3	10.197	0.0025	1518.993	1.839	5.8397	2793.365	0.5284	0.7912
2.182	 2	63.3	10.189	0.0026	1521.882	1.8641	5.7741	2836.912	0.5139	0.7947
2.192	 2	64.3	10.184	0.0023	1522.5	1.8473	5.8349	2812.466	0.5236	0.7991
2.202	 2	65.3	10.178	0.0024	1522.058	1.8431	5.8581	2805.292	0.526	0.8005
2.212	 2	66.3	10.176	0.0025	1516.995	1.8386	5.8758	2789.088	0.5287	0.8022
2.222	 2	67.3	10.169	0.0026	1516.855	1.8503	5.3182	2806.707	0.5218	0.8053
2.232	 2	68.3	10.168	0.0026	1520.335	1.8601	5.8211	2827.949	0.5162	0.8089
2.242	 2	69.3	10.165	0.0025	1522.846	1.8543	5.8443	2823.739	0.5196	0.8117
2.252	 2	70.3	10.164	0.0025	1523.838	1.858	5.8343	2831.252	0.5174	0.8104
2.262	 2	71.3	10.157	0.0025	1527.368	1.8728	5.7996	2860.495	0.5088	0.8017
2.272	 2	72.3	10.153	0.0025	1527.686	1.8671	5.8239	2852.36	0.5121	0.7978
2.282	 2	73.3	10.148	0.0029	1526.245	1.8415	5.9132	2810.637	0.527	0.7859
2.292	 2	74.3	10.143	0.0031	1526.411	1.8783	5.8057	2867.047	0.5056	0.7776
2.302	 2	75.3	10.138	0.0029	1527.497	1.8642	5.8581	2847.503	0.5138	0.7702
2.312	 2	76.3	10.137	0.0035	1525.278	1.8467	5.9152	2816.709	0.524	0.7673
2.322	 2	77.3	10.134	0.0033	1521.165	1.8613	5.8737	2831.408	0.5155	0.7654
2.332	 2	78.3	10.134	0.0026	1523.223	1.8536	5.8983	2823.383	0.52	0.7583
2.342	 2	79.3	10.144	0.0029	1521.524	1.8538	5.8806	2820.672	0.5198	0.7526
2.352	 2	80.3	10.139	0.0029	1519.179	1.8355	5.9478	2788.476	0.5304	0.7455
2.362	 2	81.3	10.144	0.0029	1519.7	1.867	5.8393	2837.252	0.5122	0.7461
2.372	 2	82.3	10.156	0.0027	1521.954	1.8415	5.8999	2802.653	0.527	0.7411
2.382	 2	83.3	10.169	0.0023	1522.078	1.8384	5.8879	2798.236	0.5288	0.7313
2.392	 2	84.3	10.178	0.0022	1518.424	1.8046	5.9832	2740.087	0.5484	0.728
2.402	 2	85.3	10.178	0.0021	1517.067	1.8333	5.8893	2781.284	0.5317	0.7242
2.412	 2	86.3	10.191	0.0017	1520.818	1.8372	5.8551	2794.121	0.5294	0.7179
2.422	 2	87.3	10.211	0.0016	1525.852	1.841	5.8103	2809.066	0.5273	0.7169
2.432	 2	88.3	10.211	0.0013	1529.967	1.8302	5.8446	2800.109	0.5335	0.715
2.442	 2	89.3	10.217	0.0018	1533.854	1.86	5.2191	2853.033	0.5162	0.7089
2.452	 2	90.3	10.217	0.0009	1537.316	1.8647	5.2061	2866.616	0.5135	0.7035
2.462	 2	91.3	10.219	0.0007	1533.463	1.8301	5.3014	2806.438	0.5336	0.6978
2.472	 2	92.3	10.217	0.0005	1536.622	1.8116	5.3587	2783.691	0.5443	0.6981
2.482	 2	93.3	10.211	0.0014	1548.764	1.8392	5.2871	2848.535	0.5283	0.7035
2.492	 2	94.3	10.211	0.0015	1545.716	1.8505	4.7294	2860.32	0.5218	0.7076
2.502	 2	95.3	10.211	0.0013	1551.352	1.8572	5.2359	2881.198	0.5179	0.7107
2.512	 2	96.3	10.206	0.0014	1544.024	1.8851	5.1656	2910.703	0.5017	0.7101
2.522	 2	97.3	10.206	0.002	1534.275	1.8689	5.2106	2867.334	0.5111	0.7072
2.532	 2	98.3	10.202	0.0021	1532.752	1.8877	5.1644	2893.385	0.5002	0.7105
2.542	 2	99.3	10.2	0.0017	1535.913	1.9219	4.568	2951.799	0.4804	0.7179
2.552	 2	100.3	10.195	0.0017	1540.728	1.9164	5.0972	2952.656	0.4835	0.7275
2.562	 2	101.3	10.186	0.0017	1540.765	1.9114	5.1237	2944.959	0.4864	0.7395
2.572	 2	102.3	10.178	0.0014	1542.822	1.9177	4.6064	2958.713	0.4828	0.7516
2.582	 2	103.3	10.181	0.0014	1550.327	1.9134	5.1254	2966.428	0.4853	0.7619
2.592	 2	104.3	10.178	0.0013	1550.815	1.9219	5.1073	2980.448	0.4804	0.7708
2.602	 2	105.3	10.178	0.0012	1556.745	1.947	5.0414	3030.957	0.4658	0.7732
2.612	 2	106.3	10.172	0.0011	1560.362	1.977	4.9732	3084.86	0.4484	0.7766
2.622	 2	107.3	10.173	0.0009	1568.939	1.9549	5.0281	3067.112	0.4612	0.7739
2.632	 2	108.3	10.173	0.001	1571.848	1.9596	5.0161	3080.127	0.4585	0.7703
2.642	 2	109.3	10.173	0.0012	1569.181	1.9678	4.4957	3087.777	0.4537	0.7662
2.652	 2	110.3	10.173	0.0012	1567.488	1.9277	5.099	3021.663	0.477	0.7655
2.662	 2	111.3	10.173	0.0012	1565.318	1.9445	5.5605	3043.727	0.4672	0.7678
2.672	 2	112.3	10.173	0.0013	1564.355	1.9426	5.06	3038.853	0.4684	0.7707
2.682	 2	113.3	10.172	0.0014	1567.093	1.9405	5.0669	3040.87	0.4696	0.7754
2.692	 2	114.3	10.173	0.0014	1560.994	1.9607	5.0131	3060.683	0.4578	0.774
2.702	 2	115.3	10.172	0.0014	1566.128	1.9336	5.5934	3028.246	0.4736	0.7725
2.712	 2	116.3	10.173	0.0017	1559.797	1.9319	5.088	3013.339	0.4745	0.7701
2.722	 2	117.3	10.173	0.0015	1551.945	1.9273	5.1	2991.113	0.4772	0.7689
2.732	 2	118.3	10.173	0.0016	1545.109	1.8916	5.7159	2922.763	0.4979	0.7682
2.742	 2	119.3	10.178	0.0017	1541.187	1.9036	5.672	2933.76	0.491	0.7683
2.752	 2	120.3	10.178	0.0018	1540.254	1.9032	5.6731	2931.414	0.4912	0.7682
2.762	 2	121.3	10.178	0.0017	1540.954	1.8693	5.7759	2880.536	0.5108	0.7651
2.772	 2	122.3	10.178	0.0022	1540.954	1.8718	5.7681	2884.41	0.5094	0.7619
2.782	 2	123.3	10.178	0.0019	1539.322	1.8955	5.6962	2917.722	0.4957	0.757
2.792	 2	124.3	10.179	0.002	1542.74	1.8956	5.1764	2924.48	0.4956	0.753
2.802	 2	125.3	10.183	0.0021	1545.22	1.9041	5.1475	2942.28	0.4907	0.7503
2.812	 2	126.3	10.188	0.0029	1545.51	1.8841	5.1949	2911.889	0.5023	0.7491
2.822	 2	127.3	10.197	0.0029	1544.532	1.8879	5.6883	2915.922	0.5001	0.7475
2.832	 2	128.3	10.202	0.0029	1538.067	1.8549	5.2556	2853.034	0.5192	0.7512
2.842	 2	129.3	10.206	0.0033	1536.817	1.8528	5.2558	2847.42	0.5204	0.7513
2.852	 2	130.3	10.212	0.0035	1533.564	1.8478	5.261	2833.765	0.5233	0.7507
2.862	 2	131.3	10.206	0.0034	1529.676	1.8433	5.2829	2819.632	0.5259	0.7501
2.872	 2	132.3	10.21	0.0034	1534.185	1.862	5.2238	2856.701	0.5151	0.7929
2.882	 2	133.3	10.214	0.0031	1535.247	1.8642	5.7331	2861.95	0.5138	0.7975
2.892	 2	134.3	10.228	0.0035	1536.89	1.8481	5.2365	2840.344	0.5231	0.8009
2.902	 2	135.3	10.236	0.003	1539.017	1.8474	5.2268	2843.138	0.5236	0.8056
2.912	 2	136.3	10.249	0.0016	1531.301	1.8193	5.817	2785.823	0.5399	0.8063
2.922	 2	137.3	10.257	0.0015	1321.097	1.838	5.2226	2428.136	0.529	0.8082
2.932	 2	138.3	10.262	0.0013	1541.767	1.8423	5.2029	2840.46	0.5265	0.8103
2.942	 2	139.3	10.303	0.0027	1541.212	1.8312	5.1748	2822.205	0.533	0.8165
2.952	 2	140.3	10.328	0.0017	1544.489	1.8687	5.0357	2886.116	0.5112	0.8208
2.962	 2	141.3	10.302	0.001	1564.702	1.8586	5.6099	2908.124	0.5171	0.8281
2.972	 2	142.3	10.307	0.0012	1562.14	1.8516	5.1119	2892.469	0.5211	0.8376
2.982	 2	143.3	10.572	0.0002	1566.918	1.8017	5.372	2823.161	0.55	0.8494
2.992	 2	144.3	10.561	0.0005	1560.201	1.8133	4.8669	2829.189	0.5433	0.871
3.002	 2	145.3	10.54	0.0	108.3816	1.8187	4.8803	197.1152	0.5402	0.9154
3.012	 2	146.3	10.525	0.0	108.2273	1.7977	4.4619	194.5579	0.5524	1.0002
3.022	 2	147.3	10.488	0.0	107.8469	1.8256	4.4383	196.8872	0.5362	1.1628
3.032	 2	148.3	10.443	0.0	107.3841	1.8114	4.0254	194.5207	0.5444	1.4659
3.042	 2	149.3	10.449	0.0	107.4458	1.7838	4.0812	191.6571	0.5605	1.902
3.052	 2	150.3	10.494	0.0	107.9086	1.2946	4.8599	139.6987	0.8442	2.3481
3.062	 2	151.3	10.776	0.0	110.8083	0.1776	32.8322	19.68	1.4921	2.6566
3.072	 3	0.1	10.777	0.0	110.8186	0.5172	11.2723	57.3108	1.2952	2.72
3.082	 3	1.1	10.776	0.0	110.8083	1.3475	4.9454	149.3189	0.8135	2.4685
3.092	 3	2.1	10.782	0.0	110.87	1.7649	3.7698	195.679	0.5714	1.9814
3.102	 3	3.1	10.759	0.0	110.6335	1.791	4.2049	198.1466	0.5563	1.5083
3.112	 3	4.1	10.741	0.0	110.4484	1.7717	4.7458	195.6791	0.5675	1.1731
3.122	 3	5.1	10.404	0.0003	1571.126	1.8065	4.5902	2838.219	0.5473	0.9792
3.132	 3	6.1	10.293	0.0011	1560.728	1.8428	5.1566	2876.069	0.5262	0.868
3.142	 3	7.1	10.222	0.004	1549.492	1.8833	5.1474	2918.132	0.5027	0.8068
3.152	 3	8.1	10.211	0.0063	1554.896	1.8912	4.6277	2940.565	0.4982	0.7731
3.162	 3	9.1	10.211	0.0071	1555.843	1.8723	4.6744	2912.936	0.5091	0.75
3.172	 3	10.1	10.188	0.004	1561.858	1.8714	5.23	2922.915	0.5096	0.7335
3.182	 3	11.1	10.178	0.0126	1547.279	1.8466	5.3154	2857.204	0.524	0.72
3.192	 3	12.1	10.177	0.0132	1539.637	1.8613	4.7475	2865.7	0.5155	0.707
3.202	 3	13.1	10.177	0.0125	1541.736	1.8674	4.732	2878.966	0.512	0.7015
3.212	 3	14.1	10.177	0.0117	1550.19	1.8778	4.1829	2910.927	0.5059	0.6977
3.222	 3	15.1	10.165	0.0092	1555.471	1.8511	4.7899	2879.291	0.5214	0.6992
3.232	 3	16.1	10.171	0.0072	1558.535	1.8496	4.2538	2882.713	0.5223	0.6977
3.242	 3	17.1	10.175	0.004	1562.5	1.8194	4.3196	2842.79	0.5398	0.6922
3.252	 3	18.1	10.179	0.0058	1544.847	1.8394	4.8012	2841.615	0.5282	0.6912
3.262	 3	19.1	10.19	0.0056	1532.561	1.8686	4.7116	2863.672	0.5113	0.688
3.272	 3	20.1	10.189	0.0038	1544.256	1.8602	4.7342	2872.561	0.5161	0.691
3.282	 3	21.1	10.193	0.0055	1547.207	1.8905	4.653	2924.949	0.4986	0.6993
3.292	 3	22.1	10.194	0.0054	1550.654	1.9125	4.5982	2965.585	0.4858	0.7079
3.302	 3	23.1	10.196	0.0048	1554.742	1.9114	4.5983	2971.659	0.4865	0.7176
3.312	 3	24.1	10.198	0.0035	1555.996	1.9166	4.5831	2982.205	0.4834	0.7239
3.322	 3	25.1	10.205	0.0038	1553.982	1.8941	5.1426	2943.419	0.4965	0.7302
3.332	 3	26.1	10.205	0.005	1547.854	1.8923	5.1476	2928.969	0.4975	0.7328
3.342	 3	27.1	10.206	0.0046	1548.475	1.8987	4.6158	2940.118	0.4938	0.7329
3.352	 3	28.1	10.205	0.0051	1547.854	1.8963	5.1366	2935.229	0.4952	0.7335
3.362	 3	29.1	10.21	0.0052	1552.38	1.9125	5.0861	2968.871	0.4858	0.7345
3.372	 3	30.1	10.21	0.0042	1548.377	1.8917	5.1418	2929.093	0.4978	0.735
3.382	 3	31.1	10.216	0.0041	1548.817	1.9128	4.5688	2962.636	0.4856	0.7383
3.392	 3	32.1	10.205	0.0036	1548.089	1.9	5.1266	2941.388	0.493	0.7383
3.402	 3	33.1	10.2	0.0044	1553.93	1.9136	5.0975	2973.587	0.4852	0.737
3.412	 3	34.1	10.206	0.005	1557.93	1.9317	5.0411	3009.458	0.4747	0.7365
3.422	 3	35.1	10.212	0.0028	1562.663	1.9253	5.0494	3008.527	0.4784	0.7366
3.432	 3	36.1	10.207	0.002	1572.727	1.955	4.9797	3074.638	0.4612	0.7394
3.442	 3	37.1	10.219	0.0013	1583.85	1.9667	4.4398	3115.025	0.4543	0.7478
3.452	 3	38.1	10.214	0.0014	1590.966	1.9009	4.6	3024.309	0.4925	0.7563
3.462	 3	39.1	10.214	0.0018	1582.584	1.891	4.6242	2992.63	0.4983	0.762
3.472	 3	40.1	10.214	0.0016	1574.048	1.9329	4.5241	3042.407	0.474	0.7538
3.482	 3	41.1	10.211	0.0016	1566.585	1.8996	4.6071	2975.94	0.4933	0.7553
3.492	 3	42.1	10.204	0.0022	1554.066	1.8906	5.1535	2938.163	0.4985	0.7581
3.502	 3	43.1	10.213	0.0018	1552.128	1.9357	4.5186	3004.478	0.4723	0.7641
3.512	 3	44.1	10.209	0.0015	1554.118	1.9311	5.0383	3001.212	0.475	0.7703
3.522	 3	45.1	10.214	0.0015	1558.675	1.9332	5.0257	3013.288	0.4738	0.7816
3.532	 3	46.1	10.211	0.0016	1557.98	1.8993	4.608	2959.017	0.4935	0.7854
3.542	 3	47.1	10.211	0.0016	1557.98	1.9285	5.0424	3004.529	0.4765	0.7888
3.552	 3	48.1	10.211	0.0015	1558.931	1.9349	4.523	3016.452	0.4728	0.7904
3.562	 3	49.1	10.21	0.0015	1555.928	1.9162	5.0761	2981.487	0.4836	0.7913
3.572	 3	50.1	10.215	0.0016	1554.085	1.9251	4.5411	2991.722	0.4785	0.7965
3.582	 3	51.1	10.216	0.0017	1556.605	1.9302	5.0308	3004.548	0.4755	0.7995
3.592	 3	52.1	10.219	0.0017	1558.725	1.9353	5.0132	3016.668	0.4725	0.8019
3.602	 3	53.1	10.215	0.0014	1553.14	1.9056	5.0973	2959.606	0.4898	0.801
3.612	 3	54.1	10.214	0.0013	1548.749	1.9128	4.5714	2962.506	0.4856	0.8075
3.622	 3	55.1	10.223	0.0013	1548.236	1.9056	5.0858	2950.255	0.4898	0.8101
3.632	 3	56.1	10.211	0.0018	1547.825	1.8809	4.6529	2911.369	0.5041	0.8122
3.642	 3	57.1	10.211	0.0017	1543.613	1.9	5.118	2932.872	0.493	0.8165
3.652	 3	58.1	10.22	0.0019	1541.246	1.8786	5.1633	2895.322	0.5055	0.8158
3.662	 3	59.1	10.215	0.002	1543.285	1.8993	4.6028	2931.1	0.4935	0.8223
3.672	 3	60.1	10.214	0.0017	1547.107	1.9017	5.1092	2942.083	0.4921	0.8237
3.682	 3	61.1	10.21	0.0017	1545.799	1.9173	5.0731	2963.818	0.483	0.8251
3.692	 3	62.1	10.206	0.0017	1544.258	1.9054	5.1107	2942.405	0.4899	0.8286
3.702	 3	63.1	10.202	0.0017	1542.486	1.8928	5.1504	2919.669	0.4972	0.8338
3.712	 3	64.1	10.203	0.0015	1546.378	1.9078	4.5977	2950.187	0.4885	0.8316
3.722	 3	65.1	10.202	0.0016	1547.164	1.8998	4.6183	2939.352	0.4931	0.8283
3.732	 3	66.1	10.194	0.0014	1547.594	1.9363	4.5417	2996.552	0.472	0.8285
3.742	 3	67.1	10.2	0.0012	1553.694	1.9006	5.1324	2952.91	0.4927	0.8263
3.752	 3	68.1	10.195	0.0017	1547.98	1.9138	5.1042	2962.496	0.485	0.8249
3.762	 3	69.1	10.192	0.0015	1544.71	1.8987	4.6341	2933.005	0.4938	0.819
3.772	 3	70.1	10.195	0.0017	1535.623	1.852	4.7471	2843.929	0.5209	0.813
3.782	 3	71.1	10.197	0.0019	1526.497	1.8379	5.3119	2805.566	0.5291	0.8065
3.792	 3	72.1	10.2	0.0016	1527.403	1.8518	4.7409	2828.4	0.521	0.7991
3.802	 3	73.1	10.192	0.0017	1526.663	1.8536	5.2744	2829.788	0.52	0.7941
3.812	 3	74.1	10.186	0.0018	1527.824	1.8783	5.2139	2869.706	0.5056	0.7918
3.822	 3	75.1	10.191	0.0014	1533.173	1.8478	5.2925	2832.933	0.5233	0.7896
3.832	 3	76.1	10.185	0.002	1533.424	1.8756	5.2229	2876.073	0.5072	0.7904
3.842	 3	77.1	10.186	0.0018	1533.113	1.8787	5.2129	2880.196	0.5054	0.7923
3.852	 3	78.1	10.185	0.0014	1542.247	1.906	5.1396	2939.474	0.4896	0.7979
3.862	 3	79.1	10.186	0.0015	1551.089	1.9336	5.0648	2999.172	0.4736	0.8036
3.872	 3	80.1	10.181	0.0012	1556.014	1.9627	4.9967	3053.982	0.4567	0.807
3.882	 3	81.1	10.182	0.001	1566.703	1.9512	5.0247	3057.002	0.4633	0.8128
3.892	 3	82.1	10.188	0.001	1568.591	1.981	4.9407	3107.444	0.446	0.8166
3.902	 3	83.1	10.187	0.001	1570.13	1.9476	5.027	3057.943	0.4654	0.8172
3.912	 3	84.1	10.188	0.0009	1572.222	2.0019	4.8892	3147.435	0.4339	0.8168
3.922	 3	85.1	10.194	0.0009	1572.663	1.9743	4.949	3104.953	0.4499	0.8152
3.932	 3	86.1	10.193	0.0009	1573.965	1.9542	4.5014	3075.78	0.4616	0.8155
3.942	 3	87.1	10.194	0.001	1571.935	1.9551	4.4979	3073.342	0.4611	0.8132
3.952	 3	88.1	10.196	0.0009	1570.306	1.9815	4.4356	3111.521	0.4458	0.8115
3.962	 3	89.1	10.194	0.0009	1569.515	1.9559	4.9956	3069.83	0.4606	0.8056
3.972	 3	90.1	10.194	0.0008	1572.906	1.9618	4.4827	3085.655	0.4572	0.804
3.982	 3	91.1	10.199	0.0008	1574.892	1.9581	4.4848	3083.737	0.4594	0.8013
3.992	 3	92.1	10.204	0.0008	1572.75	1.9374	4.5262	3047.082	0.4713	0.7984
4.002	 3	93.1	10.209	0.0008	1572.067	1.971	4.9363	3098.595	0.4518	0.7977
4.012	 3	94.1	10.214	0.0009	1570.66	1.9367	4.5151	3041.854	0.4718	0.8094
4.022	 3	95.1	10.213	0.0009	1568.335	1.9399	4.5088	3042.456	0.4699	0.8123
4.032	 3	96.1	10.224	0.0009	1567.377	1.956	4.4579	3065.787	0.4606	0.8174
4.042	 3	97.1	10.228	0.001	1565.59	1.939	4.4919	3035.677	0.4704	0.8459
4.052	 3	98.1	10.239	0.0011	1560.585	1.9209	4.5201	2997.783	0.4809	0.8463
4.062	 3	99.1	10.221	0.0012	1555.471	1.9224	5.044	2990.281	0.48	0.8439
4.072	 3	100.1	10.23	0.0013	1551.175	1.8957	4.5918	2940.622	0.4955	0.8338
4.082	 3	101.1	10.235	0.0011	1549.349	1.8897	5.1112	2927.747	0.499	0.8174
4.092	 3	102.1	10.235	0.0011	1542.112	1.8532	5.2118	2857.869	0.5202	0.804
4.102	 3	103.1	10.245	0.0014	1532.306	1.8394	5.2361	2818.556	0.5282	0.7912
4.112	 3	104.1	10.268	0.0011	1524.573	1.8283	4.7105	2787.417	0.5346	0.7862
4.122	 3	105.1	10.289	0.0009	1523.168	1.8108	4.7282	2758.165	0.5448	0.7834
4.132	 3	106.1	10.338	0.0008	1540.456	1.8015	4.6879	2775.199	0.5501	0.7813
4.142	 3	107.1	10.394	0.0023	1534.17	1.7973	5.1406	2757.321	0.5526	0.783
4.152	 3	108.1	10.698	0.0008	1554.49	1.7619	4.3446	2738.805	0.5732	0.7877
4.162	 3	109.1	10.737	0.0005	1557.667	1.7498	4.3293	2725.597	0.5802	0.8031
4.172	 3	110.1	10.711	0.0	110.1399	1.7739	4.3001	195.379	0.5662	0.8299
4.182	 3	111.1	10.676	0.0001	1523.837	1.7511	3.9086	2668.429	0.5794	0.8828
4.192	 3	112.1	10.614	0.0001	1544.304	1.7321	4.5204	2674.817	0.5905	0.9854
4.202	 3	113.1	10.568	0.0	108.6695	1.7647	3.9933	191.7659	0.5715	1.1843
4.212	 3	114.1	10.477	0.0004	1569.118	1.6823	3.7574	2639.686	0.6193	1.5736
4.222	 3	115.1	10.628	0.0002	1563.401	1.2768	3.3938	1996.196	0.8545	2.2977
4.232	 3	116.1	10.572	0.0	108.7106	1.3954	1.8917	151.6988	0.7857	3.353
4.242	 3	117.1	10.5	0.0	107.9703	0.3394	5.288	36.6438	1.3983	4.4367
