Geotek MSCL 7.9 - TN336_JPC10_10MSmass.out created at 21:56:41 on 1/20/2016.


Processing Parameters

CT	RCT=11.45	W=1.27
PWAmp	A=1	B=0
PWVel	PTO=26.74
Den1	A=7.0444E-04	B=-.096532	C=9.8575
MS1	A=1	B=0	Den=1	LD=14	
FP	MGD=2.75	WD=1.026	
RES	A=687.8304	B=-1.135412	p=0	


SB DEPTH	SECT NUM	SECT DEPTH	CT	PWAmp	PWVel	Den1	MS1	Imp	FP	RES
m		cm	cm		m/s	g/cc	x 10^-8 (m^3/kg)			Ohm.m

-0.639	before cal		10.506	0.0062						78.8154
-0.579	cal sect	6.0	10.448	0.0128	1488.319	1.1687			0.9173	10.7516
-0.519	cal sect	12.0	10.128	0.0262	1471.024	1.1729	-0.8488	1725.416	0.9148	10.0571
-0.459	cal sect	18.0	10.188	0.0376	1479.309	1.1591	-1.6889	1714.633	0.9228	9.7251
-0.399	cal sect	24.0	10.463	0.0005	1463.766	1.1453	-1.583	1676.392	0.9308	7.8894
-0.339	cal sect	30.0	10.577	0.0367	1497.31	1.1559	-0.7602	1730.687	0.9247	3.3589
-0.279	cal sect	36.0	10.597	0.0058	1509.329	1.1491	-1.5211	1734.417	0.9286	0.4576
-0.219	cal sect	42.0	10.253	0.0058	1500.293	1.1669	-1.6471	1750.656	0.9183	0.3414
-0.159	cal sect	48.0	10.192	0.0221	1493.552	1.1524	-1.6967	1721.239	0.9267	0.343
-0.099	cal sect	54.0	10.394	0.0034	1498.774	1.1581	-1.5955	1735.801	0.9233	0.3487
-0.039	cal sect	60.0	10.436	0.0058	1513.78	1.1571	0.7892	1751.643	0.9239	0.4944
0.001	 1	0.1	10.905	0.0	112.1614	1.0572	6.8547	118.5734	0.9819	1.2114
0.011	 1	1.1	10.923	0.0	112.3465	1.4383	6.6862	161.5893	0.7608	1.0554
0.021	 1	2.1	10.879	0.0001	1448.602	1.4634	7.2017	2119.868	0.7463	0.8616
0.031	 1	3.1	10.825	0.0003	1535.025	1.4891	7.7307	2285.862	0.7314	0.7258
0.041	 1	4.1	10.76	0.0	110.67	1.488	7.8707	164.681	0.732	0.6568
0.051	 1	5.1	10.289	0.0012	1541.192	1.6061	8.2925	2475.274	0.6635	0.6246
0.061	 1	6.1	10.192	0.0026	1514.863	1.6199	9.0527	2453.985	0.6555	0.6121
0.071	 1	7.1	10.205	0.0012	1421.903	1.7392	7.8411	2472.909	0.5863	0.6118
0.081	 1	8.1	10.202	0.0003	1440.96	1.7829	7.6551	2569.117	0.561	0.6236
0.091	 1	9.1	10.201	0.0004	1432.121	1.7791	7.6737	2547.915	0.5632	0.6411
0.101	 1	10.1	10.198	0.0006	1547.027	1.7242	7.3587	2667.393	0.595	0.6527
0.111	 1	11.1	10.194	0.001	1531.09	1.7019	6.8896	2605.726	0.608	0.6621
0.121	 1	12.1	10.193	0.001	1532.782	1.7431	6.1678	2671.82	0.584	0.658
0.131	 1	13.1	10.195	0.0013	1539.333	1.7329	6.2006	2667.532	0.59	0.6623
0.141	 1	14.1	10.192	0.0024	1533.785	1.7334	5.64	2658.701	0.5897	0.6619
0.151	 1	15.1	10.195	0.0026	1532.852	1.7457	5.5958	2675.832	0.5826	0.6552
0.161	 1	16.1	10.194	0.0018	1534.317	1.7401	5.6153	2669.825	0.5858	0.6522
0.171	 1	17.1	10.187	0.0006	1543.017	1.7691	4.9808	2729.683	0.569	0.6473
0.181	 1	18.1	10.194	0.0003	1457.327	1.7692	5.523	2578.229	0.5689	0.6401
0.191	 1	19.1	10.193	0.0008	1562.146	1.7576	5.0048	2745.624	0.5756	0.634
0.201	 1	20.1	10.187	0.0012	1557.884	1.7538	5.0242	2732.188	0.5779	0.6255
0.211	 1	21.1	10.187	0.0025	1547.471	1.7324	5.6514	2680.802	0.5903	0.6203
0.221	 1	22.1	10.188	0.0019	1546.683	1.7275	5.6659	2671.851	0.5931	0.6102
0.231	 1	23.1	10.185	0.002	1535.736	1.7362	5.078	2666.348	0.588	0.6028
0.241	 1	24.1	10.182	0.0032	1528.37	1.6729	5.2745	2556.845	0.6248	0.5965
0.251	 1	25.1	10.182	0.0042	1520.609	1.6847	5.2378	2561.702	0.6179	0.589
0.261	 1	26.1	10.183	0.0041	1516.456	1.6866	5.2302	2557.667	0.6168	0.5813
0.271	 1	27.1	10.187	0.0034	1517.277	1.6763	5.2565	2543.407	0.6228	0.5731
0.281	 1	28.1	10.192	0.0047	1520.513	1.7246	5.102	2622.266	0.5948	0.5665
0.291	 1	29.1	10.197	0.0058	1525.812	1.7357	5.6245	2648.421	0.5883	0.5564
0.301	 1	30.1	10.203	0.0057	1523.746	1.7475	5.5772	2662.735	0.5815	0.5557
0.311	 1	31.1	10.203	0.0057	1517.852	1.7193	5.6687	2609.624	0.5979	0.5936
0.321	 1	32.1	10.213	0.0084	1512.813	1.721	5.647	2603.622	0.5968	0.6045
0.331	 1	33.1	10.211	0.0083	1512.517	1.7139	5.6738	2592.28	0.601	0.6104
0.341	 1	34.1	10.218	0.0128	1511.986	1.7056	5.6901	2578.81	0.6058	0.616
0.351	 1	35.1	10.223	0.0134	1508.484	1.6912	5.7303	2551.204	0.6141	0.621
0.361	 1	36.1	10.228	0.0131	1509.222	1.7005	5.691	2566.462	0.6087	0.6208
0.371	 1	37.1	10.237	0.0115	1511.889	1.6993	5.6805	2569.201	0.6094	0.6241
0.381	 1	38.1	10.238	0.0116	1514.945	1.7358	6.1157	2629.603	0.5883	0.6294
0.391	 1	39.1	10.237	0.0125	1512.336	1.7217	5.6067	2603.809	0.5965	0.6276
0.401	 1	40.1	10.248	0.0104	1510.836	1.7472	6.0586	2639.73	0.5817	0.6335
0.411	 1	41.1	10.233	0.0081	1508.402	1.743	5.5444	2629.161	0.5841	0.66
0.421	 1	42.1	10.237	0.0074	1508.992	1.7208	6.1707	2596.63	0.597	0.6621
0.431	 1	43.1	10.238	0.0076	1507.14	1.7234	5.5995	2597.452	0.5955	0.6562
0.441	 1	44.1	10.231	0.0058	1508.33	1.7096	5.656	2578.644	0.6035	0.6581
0.451	 1	45.1	10.217	0.0046	1509.381	1.711	5.6737	2582.57	0.6027	0.6588
0.461	 1	46.1	10.207	0.0048	1504.791	1.6976	5.7348	2554.474	0.6105	0.6634
0.471	 1	47.1	10.197	0.0049	1504.204	1.7029	5.733	2561.531	0.6074	0.6624
0.481	 1	48.1	10.187	0.0042	1502.729	1.7321	5.0872	2602.817	0.5905	0.6612
0.491	 1	49.1	10.213	0.0022	1507.454	1.7092	5.6861	2576.54	0.6037	0.6569
0.501	 1	50.1	10.234	0.0021	1518.398	1.7197	5.0562	2611.2	0.5976	0.654
0.511	 1	51.1	10.25	0.0113	1530.765	1.7299	5.0037	2648.122	0.5917	0.647
0.521	 1	52.1	10.459	0.0077	1527.084	1.6615	5.462	2537.185	0.6314	0.6445
0.531	 1	53.1	10.49	0.0031	1528.709	1.6423	4.9311	2510.539	0.6425	0.6436
0.541	 1	54.1	10.523	0.0003	1531.955	1.6673	4.8134	2554.241	0.628	0.6524
0.551	 1	55.1	10.535	0.0033	1529.471	1.654	4.8364	2529.68	0.6358	0.6677
0.561	 1	56.1	10.547	0.0026	1538.809	1.6533	4.8226	2544.073	0.6362	0.7016
0.571	 1	57.1	10.544	0.004	1529.446	1.6634	4.2642	2544.052	0.6303	0.7661
0.581	 1	58.1	10.535	0.0027	1524.823	1.616	4.4	2464.115	0.6578	0.9173
0.591	 1	59.1	10.471	0.0069	1516.437	1.6476	4.3918	2498.502	0.6394	1.217
0.601	 1	60.1	10.803	0.0	111.1123	1.6039	3.6097	178.2137	0.6648	1.6502
0.611	 1	61.1	10.807	0.0	111.1534	1.1461	4.3255	127.3876	0.9304	1.926
0.621	 2	0.9	10.766	0.0	110.7317	0.3276	15.2977	36.2748	1.4051	1.9103
0.631	 2	1.9	10.744	0.0	110.5054	0.5121	9.8426	56.5946	1.2981	1.7473
0.641	 2	2.9	10.701	0.0	110.0632	1.5881	3.7459	174.7904	0.674	1.4938
0.651	 2	3.9	10.626	0.0	109.2917	1.5936	3.8089	174.1678	0.6708	1.1926
0.661	 2	4.9	10.358	0.0	106.5353	1.6313	4.5762	173.7959	0.6489	0.9514
0.671	 2	5.9	10.234	0.0001	968.4868	1.6397	4.7136	1588.038	0.644	0.8044
0.681	 2	6.9	10.197	0.0	104.8793	1.6822	5.2233	176.4256	0.6194	0.7252
0.691	 2	7.9	10.154	0.0	104.4371	1.632	5.4499	170.4434	0.6485	0.6806
0.701	 2	8.9	10.137	0.0	104.2622	1.6391	5.4527	170.8947	0.6444	0.6551
0.711	 2	9.9	10.138	0.0001	998.326	1.7066	5.2354	1703.791	0.6052	0.641
0.721	 2	10.9	10.129	0.0001	896.7684	1.7344	5.7388	1555.33	0.5891	0.6285
0.731	 2	11.9	10.123	0.0	104.1182	1.6713	5.369	174.0127	0.6257	0.62
0.741	 2	12.9	10.127	0.0	806.9966	1.6766	5.9399	1353.017	0.6226	0.615
0.751	 2	13.9	10.121	0.0001	786.7693	1.6912	5.8988	1330.555	0.6142	0.6145
0.761	 2	14.9	10.121	0.0001	787.6265	1.7104	5.8324	1347.188	0.603	0.615
0.771	 2	15.9	10.126	0.0001	801.6149	1.7183	5.7975	1377.392	0.5985	0.6149
0.781	 2	16.9	10.127	0.0001	838.6749	1.7156	5.8048	1438.844	0.6	0.6151
0.791	 2	17.9	10.136	0.0001	967.6371	1.6893	5.8803	1634.597	0.6153	0.6106
0.801	 2	18.9	10.136	0.0001	1084.18	1.6769	5.9236	1818.078	0.6224	0.6026
0.811	 2	19.9	10.143	0.0001	965.908	1.6656	5.9518	1608.845	0.629	0.6017
0.821	 2	20.9	10.145	0.0001	1002.569	1.6778	5.9052	1682.135	0.6219	0.5993
0.831	 2	21.9	10.156	0.0001	1003.557	1.7002	5.8091	1706.295	0.6089	0.5995
0.841	 2	22.9	10.156	0.0001	1086.668	1.7021	6.3831	1849.604	0.6078	0.5985
0.851	 2	23.9	10.156	0.0001	1081.691	1.7009	5.807	1839.805	0.6086	0.5952
0.861	 2	24.9	10.162	0.0001	1087.543	1.7175	6.3152	1867.818	0.5989	0.5947
0.871	 2	25.9	10.167	0.0002	1088.427	1.7352	6.242	1888.585	0.5887	0.5909
0.881	 2	26.9	10.161	0.0001	1082.57	1.6994	5.8037	1839.73	0.6094	0.591
0.891	 2	27.9	10.163	0.0001	1081.17	1.6985	6.384	1836.328	0.6099	0.5886
0.901	 2	28.9	10.166	0.0001	1084.373	1.7221	6.2911	1867.396	0.5962	0.5863
0.911	 2	29.9	10.172	0.0003	1136.536	1.7365	5.662	1973.614	0.5879	0.585
0.921	 2	30.9	10.174	0.0002	1085.922	1.6698	5.885	1813.225	0.6266	0.5903
0.931	 2	31.9	10.176	0.0001	1085.44	1.6811	5.8419	1824.753	0.62	0.5958
0.941	 2	32.9	10.177	0.0001	1083.582	1.7315	5.6702	1876.274	0.5907	0.5998
0.951	 2	33.9	10.176	0.0001	1087.412	1.6808	5.843	1827.74	0.6202	0.6021
0.961	 2	34.9	10.177	0.0002	1084.737	1.6992	5.7782	1843.171	0.6095	0.6089
0.971	 2	35.9	10.176	0.0001	1083.706	1.6939	5.798	1835.636	0.6126	0.6075
0.981	 2	36.9	10.177	0.0001	1085.084	1.6974	6.3629	1841.767	0.6106	0.6164
0.991	 2	37.9	10.172	0.0001	1085.94	1.704	5.77	1850.46	0.6067	0.6209
1.001	 2	38.9	10.177	0.0002	1088.915	1.6952	5.7917	1845.94	0.6118	0.6311
1.011	 2	39.9	10.172	0.0001	1087.798	1.6803	6.4367	1827.797	0.6205	0.6383
1.021	 2	40.9	10.172	0.0002	1084.551	1.6749	5.8704	1816.478	0.6236	0.6372
1.031	 2	41.9	10.166	0.0001	1079.193	1.684	5.8486	1817.339	0.6183	0.6393
1.041	 2	42.9	10.172	0.0001	1068.151	1.6806	5.8505	1795.106	0.6203	0.6408
1.051	 2	43.9	10.161	0.0001	1054.046	1.6665	5.9182	1756.602	0.6285	0.641
1.061	 2	44.9	10.161	0.0001	1075.238	1.6728	5.8961	1798.647	0.6248	0.6445
1.071	 2	45.9	10.162	0.0002	1083.6	1.6843	5.854	1825.151	0.6181	0.6391
1.081	 2	46.9	10.156	0.0002	1081.922	1.6685	5.9195	1805.233	0.6273	0.6379
1.091	 2	47.9	10.156	0.0002	1070.179	1.6668	5.3333	1783.731	0.6283	0.636
1.101	 2	48.9	10.171	0.0001	958.895	1.651	5.3611	1583.172	0.6374	0.6351
1.111	 2	49.9	10.181	0.0001	1035.602	1.6407	5.9775	1699.084	0.6435	0.6337
1.121	 2	50.9	10.19	0.0002	1519.761	1.6392	5.9675	2491.229	0.6443	0.64
1.131	 2	51.9	10.191	0.0009	1512.691	1.6542	5.9116	2502.367	0.6356	0.644
1.141	 2	52.9	10.196	0.0014	1510.519	1.6546	5.902	2499.325	0.6354	0.6472
1.151	 2	53.9	10.201	0.0009	1496.626	1.6815	5.7993	2516.601	0.6198	0.6425
1.161	 2	54.9	10.226	0.0002	1423.639	1.7142	5.6488	2440.364	0.6008	0.6394
1.171	 2	55.9	10.234	0.0002	1533.184	1.7041	5.6693	2612.77	0.6066	0.6439
1.181	 2	56.9	10.242	0.0007	1524.107	1.6902	6.2734	2576.096	0.6147	0.6429
1.191	 2	57.9	10.246	0.001	1525.383	1.7309	5.5627	2640.326	0.5911	0.6486
1.201	 2	58.9	10.248	0.0004	1538.739	1.8198	5.2882	2800.156	0.5396	0.6395
1.211	 2	59.9	10.248	0.0002	1559.105	1.767	5.446	2754.967	0.5702	0.6341
1.221	 2	60.9	10.255	0.0003	1534.261	1.6721	5.744	2565.379	0.6253	0.6262
1.231	 2	61.9	10.251	0.0009	1521.597	1.6799	5.7235	2556.2	0.6207	0.6276
1.241	 2	62.9	10.248	0.0008	1521.152	1.6883	5.6999	2568.205	0.6158	0.6279
1.251	 2	63.9	10.243	0.0007	1520.635	1.6831	6.2983	2559.342	0.6189	0.626
1.261	 2	64.9	10.238	0.0005	1517.19	1.683	5.7341	2553.412	0.6189	0.6266
1.271	 2	65.9	10.233	0.0004	1519.602	1.689	5.7218	2566.569	0.6154	0.6287
1.281	 2	66.9	10.228	0.0002	1511.229	1.6723	5.7871	2527.185	0.6251	0.63
1.291	 2	67.9	10.223	0.0002	1512.502	1.6547	5.857	2502.67	0.6354	0.6297
1.301	 2	68.9	10.221	0.0003	1507.967	1.6701	5.806	2518.489	0.6264	0.6258
1.311	 2	69.9	10.221	0.0002	1512.43	1.6479	5.8842	2492.375	0.6393	0.6221
1.321	 2	70.9	10.205	0.0001	1408.558	1.68	5.7982	2366.31	0.6207	0.6187
1.331	 2	71.9	10.202	0.0002	1517.929	1.6777	6.3918	2546.684	0.622	0.6158
1.341	 2	72.9	10.195	0.0001	1399.451	1.661	6.4691	2324.453	0.6317	0.6154
1.351	 2	73.9	10.191	0.0004	1512.018	1.6801	5.8205	2540.416	0.6206	0.6163
1.361	 2	74.9	10.186	0.0009	1508.367	1.6816	5.8238	2536.435	0.6197	0.6165
1.371	 2	75.9	10.178	0.0004	1503.175	1.6709	5.8744	2511.641	0.6259	0.6159
1.381	 2	76.9	10.169	0.0003	1511.669	1.6883	5.8286	2552.187	0.6158	0.6102
1.391	 2	77.9	10.16	0.0003	1383.631	1.6853	5.8541	2331.799	0.6176	0.6089
1.401	 2	78.9	10.155	0.0003	1280.419	1.6858	5.8606	2158.533	0.6173	0.6087
1.411	 2	79.9	10.146	0.0004	1514.781	1.6946	5.8451	2566.925	0.6122	0.61
1.421	 2	80.9	10.14	0.0004	1507.134	1.6733	5.9297	2521.833	0.6246	0.6114
1.431	 2	81.9	10.131	0.0005	1508.937	1.6835	5.909	2540.221	0.6186	0.6124
1.441	 2	82.9	10.125	0.0012	1502.448	1.665	5.9846	2501.625	0.6293	0.6142
1.451	 2	83.9	10.119	0.0014	1497.558	1.7003	5.8704	2546.343	0.6089	0.6144
1.461	 2	84.9	10.119	0.001	1502.227	1.7009	5.8683	2555.2	0.6085	0.6146
1.471	 2	85.9	10.115	0.0014	1500.519	1.7167	5.821	2575.97	0.5994	0.6171
1.481	 2	86.9	10.113	0.0017	1498.888	1.7158	5.8274	2571.819	0.5999	0.618
1.491	 2	87.9	10.115	0.0016	1497.409	1.7317	6.3476	2593.1	0.5906	0.6199
1.501	 2	88.9	10.115	0.0017	1495.638	1.7258	6.3696	2581.112	0.5941	0.6199
1.511	 2	89.9	10.115	0.0016	1497.631	1.7239	5.7968	2581.741	0.5952	0.6198
1.521	 2	90.9	10.112	0.0017	1498.962	1.7203	6.3951	2578.722	0.5973	0.6171
1.531	 2	91.9	10.115	0.0018	1499.407	1.7223	6.3823	2582.461	0.5961	0.6163
1.541	 2	92.9	10.115	0.0018	1497.631	1.7339	6.3395	2596.787	0.5894	0.61
1.551	 2	93.9	10.12	0.0015	1500.371	1.7287	6.3498	2593.643	0.5924	0.6087
1.561	 2	94.9	10.122	0.0015	1500.0	1.7356	6.3209	2603.356	0.5884	0.6094
1.571	 2	95.9	10.12	0.0015	1500.816	1.7249	6.3636	2588.768	0.5946	0.6082
1.581	 2	96.9	10.128	0.0015	1498.668	1.7214	6.3622	2579.745	0.5967	0.6094
1.591	 2	97.9	10.13	0.0012	1502.076	1.7279	5.7586	2595.442	0.5929	0.6162
1.601	 2	98.9	10.14	0.0011	1504.897	1.7442	5.6885	2624.882	0.5834	0.6168
1.611	 2	99.9	10.135	0.001	1511.333	1.7403	6.2804	2630.19	0.5857	0.6198
1.621	 2	100.9	10.14	0.0013	1504.005	1.6983	6.4264	2554.304	0.61	0.6209
1.631	 2	101.9	10.146	0.0014	1499.114	1.705	5.8095	2555.98	0.6062	0.6194
1.641	 2	102.9	10.148	0.0011	1506.532	1.7161	6.3454	2585.358	0.5997	0.6171
1.651	 2	103.9	10.145	0.0015	1503.854	1.7157	5.7749	2580.124	0.6	0.6113
1.661	 2	104.9	10.145	0.0017	1499.187	1.7241	5.7467	2584.741	0.5951	0.6103
1.671	 2	105.9	10.14	0.0015	1497.121	1.702	5.8296	2548.114	0.6079	0.6016
1.681	 2	106.9	10.141	0.0019	1498.375	1.721	5.7635	2578.737	0.5969	0.5955
1.691	 2	107.9	10.14	0.002	1505.344	1.7366	5.7135	2614.18	0.5878	0.5916
1.701	 2	108.9	10.14	0.0021	1507.358	1.6925	5.8622	2551.271	0.6134	0.5892
1.711	 2	109.9	10.14	0.002	1506.463	1.6895	5.8727	2545.182	0.6151	0.5873
1.721	 2	110.9	10.139	0.0022	1505.867	1.6764	5.3282	2524.463	0.6227	0.584
1.731	 2	111.9	10.135	0.002	1497.488	1.6604	5.9841	2486.483	0.632	0.5815
1.741	 2	112.9	10.14	0.0023	1493.593	1.6424	6.0413	2453.024	0.6425	0.5814
1.751	 2	113.9	10.145	0.0025	1496.313	1.6436	6.0282	2459.319	0.6418	0.5842
1.761	 2	114.9	10.151	0.0042	1492.794	1.6288	442.698	2431.42	0.6504	0.5827
1.771	 2	115.9	10.15	0.0038	1488.706	1.6327	5.4539	2430.556	0.6481	0.5867
1.781	 2	116.9	10.15	0.0028	1485.873	1.635	6.0514	2429.353	0.6468	0.5897
1.791	 2	117.9	10.155	0.0028	1491.189	1.6572	5.9618	2471.148	0.6339	0.5936
1.801	 2	118.9	10.154	0.0025	1499.631	1.7086	5.7841	2562.24	0.6041	0.6013
1.811	 2	119.9	10.155	0.0026	1500.443	1.6919	5.8396	2538.55	0.6138	0.6079
1.821	 2	120.9	10.155	0.0033	1499.114	1.7171	5.7538	2574.118	0.5991	0.6153
1.831	 2	121.9	10.163	0.0026	1501.403	1.7286	5.7026	2595.28	0.5925	0.6165
1.841	 2	122.9	10.165	0.002	1506.372	1.746	5.6425	2630.123	0.5824	0.6197
1.851	 2	123.9	10.17	0.0021	1506.89	1.7461	5.6341	2631.179	0.5823	0.6264
1.861	 2	124.9	10.175	0.0028	1506.292	1.7546	6.1589	2642.877	0.5774	0.6326
1.871	 2	125.9	10.175	0.0026	1503.398	1.7411	5.6423	2617.553	0.5852	0.637
1.881	 2	126.9	10.186	0.0032	1503.247	1.7193	5.6959	2584.593	0.5978	0.6492
1.891	 2	127.9	10.19	0.003	1509.63	1.7517	6.1429	2644.348	0.5791	0.6573
1.901	 2	128.9	10.2	0.0027	1511.783	1.7727	5.5026	2679.938	0.5669	0.6619
1.911	 2	129.9	10.211	0.0028	1520.399	1.7954	5.9579	2729.669	0.5537	0.7012
1.921	 2	130.9	10.221	0.0024	1518.722	1.7674	6.035	2684.219	0.5699	0.7114
1.931	 2	131.9	10.228	0.0033	1515.708	1.7387	5.5659	2635.433	0.5866	0.7133
1.941	 2	132.9	10.243	0.0026	1512.998	1.7584	5.4804	2660.468	0.5752	0.7145
1.951	 2	133.9	10.249	0.0022	1514.108	1.7365	6.0944	2629.186	0.5879	0.7109
1.961	 2	134.9	10.259	0.0019	1514.02	1.7521	5.4754	2652.714	0.5788	0.709
1.971	 2	135.9	10.269	0.0013	1511.036	1.6956	5.6421	2562.069	0.6116	0.7038
1.981	 2	136.9	10.284	0.0017	1509.024	1.6806	6.2353	2536.064	0.6203	0.7069
1.991	 2	137.9	10.366	0.0015	1512.181	1.6997	5.4781	2570.205	0.6092	0.7094
2.001	 2	138.9	10.376	0.0009	1513.64	1.7071	5.9832	2583.859	0.605	0.7139
2.011	 2	139.9	10.382	0.0003	1534.891	1.7076	5.4284	2621.019	0.6046	0.7136
2.021	 2	140.9	10.54	0.001	1531.532	1.6768	5.8227	2568.08	0.6225	0.7118
2.031	 2	141.9	10.627	0.0003	1530.827	1.6765	5.6879	2566.49	0.6227	0.7205
2.041	 2	142.9	10.603	0.0	109.0552	1.7107	5.6105	186.5621	0.6028	0.7305
2.051	 2	143.9	10.564	0.0011	1536.805	1.7072	5.6818	2623.613	0.6049	0.7433
2.061	 2	144.9	10.507	0.0008	1526.293	1.7254	5.7099	2633.437	0.5943	0.7797
2.071	 2	145.9	10.449	0.0009	1522.29	1.6776	5.4243	2553.778	0.622	0.8516
2.081	 2	146.9	10.417	0.0015	1515.641	1.6818	5.4586	2549.043	0.6196	0.9808
2.091	 2	147.9	10.395	0.0008	1523.523	1.669	5.5342	2542.712	0.627	1.2482
2.101	 2	148.9	10.61	0.0005	1517.231	1.666	5.75	2527.779	0.6287	1.6064
2.111	 2	149.9	10.809	0.0	111.174	1.3368	6.7951	148.6132	0.8197	1.8514
2.121	 3	0.7	10.827	0.0	111.3591	1.6214	5.5757	180.5552	0.6547	1.7075
2.131	 3	1.7	10.902	0.0	112.1305	1.7061	5.1955	191.3042	0.6055	1.361
2.141	 3	2.7	10.987	0.0002	1556.894	1.6802	4.6909	2615.854	0.6205	1.0857
2.151	 3	3.7	10.959	0.0	112.7168	1.6691	5.2323	188.1326	0.627	0.91
2.161	 3	4.7	10.879	0.0	111.8939	1.6383	5.4431	183.3164	0.6448	0.8124
2.171	 3	5.7	10.509	0.0007	1534.385	1.6988	5.2692	2606.604	0.6097	0.7479
2.181	 3	6.7	10.409	0.0008	1519.34	1.6964	5.4238	2577.345	0.6112	0.7073
2.191	 3	7.7	10.226	0.0016	1536.358	1.7055	5.6776	2620.228	0.6059	0.6855
2.201	 3	8.7	10.211	0.0012	1516.11	1.713	5.6768	2597.022	0.6015	0.6674
2.211	 3	9.7	10.205	0.0009	1374.966	1.6854	5.7795	2317.36	0.6175	0.6575
2.221	 3	10.7	10.199	0.0007	1236.242	1.7057	5.7205	2108.614	0.6058	0.6504
2.231	 3	11.7	10.154	0.0003	1524.854	1.6623	5.945	2534.833	0.6309	0.6516
2.241	 3	12.7	10.187	0.0007	1499.632	1.6282	5.4118	2441.652	0.6507	0.6486
2.251	 3	13.7	10.191	0.0005	1418.766	1.6003	5.4997	2270.515	0.6669	0.6461
2.261	 3	14.7	10.172	0.0005	1372.369	1.6223	5.4547	2226.35	0.6541	0.643
2.271	 3	15.7	10.177	0.0013	1508.821	1.6442	5.3742	2480.843	0.6414	0.6414
2.281	 3	16.7	10.17	0.0064	1503.104	1.6494	5.3678	2479.285	0.6384	0.649
2.291	 3	17.7	10.154	0.0069	1497.199	1.6745	5.3115	2507.12	0.6238	0.6515
2.301	 3	18.7	10.154	0.0027	1483.202	1.6523	4.7848	2450.748	0.6367	0.6519
2.311	 3	19.7	10.159	0.0019	1504.368	1.6845	5.2725	2534.161	0.618	0.6496
2.321	 3	20.7	10.163	0.0054	1501.403	1.6991	5.2214	2550.998	0.6096	0.6488
2.331	 3	21.7	10.169	0.0052	1500.295	1.7076	5.1865	2561.908	0.6046	0.6476
2.341	 3	22.7	10.169	0.0039	1492.807	1.6877	5.2476	2519.436	0.6162	0.6486
2.351	 3	23.7	10.175	0.0019	1507.407	1.7075	5.7532	2573.932	0.6047	0.6477
2.361	 3	24.7	10.18	0.0034	1509.042	1.7326	6.2281	2614.594	0.5901	0.6484
2.371	 3	25.7	10.174	0.0024	1501.476	1.7438	6.1986	2618.295	0.5836	0.6429
2.381	 3	26.7	10.18	0.0032	1503.693	1.7361	6.2156	2610.565	0.5881	0.643
2.391	 3	27.7	10.186	0.0036	1497.281	1.7297	5.6618	2589.851	0.5918	0.6485
2.401	 3	28.7	10.192	0.0024	1505.91	1.7299	6.2165	2605.144	0.5917	0.649
2.411	 3	29.7	10.198	0.0019	1510.144	1.7289	6.2096	2610.931	0.5923	0.649
2.421	 3	30.7	10.197	0.0017	1510.443	1.7225	5.6678	2601.726	0.596	0.6492
2.431	 3	31.7	10.206	0.0013	1514.468	1.7314	6.1869	2622.095	0.5909	0.655
2.441	 3	32.7	10.203	0.0014	1514.697	1.7243	5.6522	2611.798	0.595	0.6597
2.451	 3	33.7	10.203	0.0014	1516.273	1.7234	6.2209	2613.086	0.5955	0.6738
2.461	 3	34.7	10.209	0.0009	1513.341	1.7391	5.5946	2631.867	0.5864	0.68
2.471	 3	35.7	10.209	0.0009	1261.46	1.7318	6.18	2184.603	0.5906	0.6901
2.481	 3	36.7	10.209	0.0008	1426.236	1.7331	6.1755	2471.769	0.5899	0.6986
2.491	 3	37.7	10.212	0.0004	1535.177	1.7444	5.5731	2677.887	0.5833	0.7044
2.501	 3	38.7	10.213	0.0003	1409.662	1.7567	6.0854	2476.417	0.5761	0.7045
2.511	 3	39.7	10.212	0.0004	1281.787	1.753	5.5455	2247.018	0.5783	0.7076
2.521	 3	40.7	10.217	0.0005	1530.637	1.6956	5.7253	2595.336	0.6116	0.7074
2.531	 3	41.7	10.219	0.0011	1519.328	1.684	5.7614	2558.539	0.6183	0.7091
2.541	 3	42.7	10.215	0.0008	1483.014	1.6445	5.9064	2438.831	0.6412	0.7058
2.551	 3	43.7	10.215	0.0007	1507.527	1.6297	5.364	2456.862	0.6498	0.7004
2.561	 3	44.7	10.213	0.0015	1497.288	1.6101	6.0361	2410.769	0.6612	0.6915
2.571	 3	45.7	10.213	0.0017	1488.342	1.8198	4.8064	2708.495	0.5396	0.6875
2.581	 3	46.7	10.218	0.0004	1514.9	1.6611	4.674	2516.375	0.6316	0.6876
2.591	 3	47.7	10.218	0.0005	1501.764	1.6034	5.4475	2407.913	0.6651	0.6924
2.601	 3	48.7	10.209	0.0012	1265.526	1.6127	4.8265	2040.915	0.6597	0.6963
2.611	 3	49.7	10.217	0.0006	1473.677	1.5996	5.4619	2357.328	0.6673	0.6929
2.621	 3	50.7	10.215	0.0003	1463.677	1.5994	5.4658	2340.971	0.6674	0.6934
2.631	 3	51.7	10.2	0.0004	1288.692	1.5928	5.5117	2052.636	0.6712	0.697
2.641	 3	52.7	10.206	0.0003	1263.119	1.5997	5.4787	2020.572	0.6672	0.6955
2.651	 3	53.7	10.205	0.0006	1483.069	1.6023	5.4711	2376.389	0.6657	0.7003
2.661	 3	54.7	10.209	0.0007	1493.636	1.6307	5.9666	2435.654	0.6493	0.7016
2.671	 3	55.7	10.217	0.0004	1505.6	1.7314	5.6069	2606.792	0.5908	0.6959
2.681	 3	56.7	10.227	0.0013	1508.407	1.7206	5.6262	2595.321	0.5971	0.6941
2.691	 3	57.7	10.23	0.0012	1500.22	1.7251	6.1674	2588.021	0.5945	0.6945
2.701	 3	58.7	10.237	0.0012	1502.789	1.7324	6.1291	2603.504	0.5902	0.7014
2.711	 3	59.7	10.234	0.0023	1501.908	1.7457	6.0877	2621.922	0.5825	0.7117
2.721	 3	60.7	10.234	0.0021	1499.268	1.7355	6.1235	2601.976	0.5885	0.726
2.731	 3	61.7	10.231	0.0018	1497.293	1.7344	6.1325	2596.929	0.5891	0.7339
2.741	 3	62.7	10.226	0.0018	1498.534	1.7426	6.668	2611.349	0.5843	0.7374
2.751	 3	63.7	10.226	0.002	1500.293	1.7558	6.0664	2634.227	0.5767	0.7366
2.761	 3	64.7	10.211	0.0018	1498.752	1.7551	6.0944	2630.53	0.5771	0.7327
2.771	 3	65.7	10.206	0.0019	1499.119	1.7406	6.1541	2609.333	0.5855	0.7361
2.781	 3	66.7	10.207	0.0021	1501.913	1.7407	6.1518	2614.42	0.5854	0.741
2.791	 3	67.7	10.202	0.0019	1501.398	1.7308	6.196	2598.585	0.5912	0.7467
2.801	 3	68.7	10.198	0.0017	1502.578	1.7616	6.6485	2646.948	0.5733	0.7466
2.811	 3	69.7	10.191	0.0016	1502.876	1.746	6.161	2624.052	0.5824	0.7383
2.821	 3	70.7	10.188	0.0016	1503.986	1.7754	6.0641	2670.247	0.5653	0.7387
2.831	 3	71.7	10.187	0.0015	1508.292	1.7829	6.5896	2689.117	0.561	0.7331
2.841	 3	72.7	10.184	0.0017	1509.188	1.7801	6.0551	2686.511	0.5626	0.7343
2.851	 3	73.7	10.178	0.0017	1508.969	1.7755	6.6338	2679.243	0.5652	0.7298
2.861	 3	74.7	10.177	0.0019	1504.806	1.7558	6.151	2642.18	0.5767	0.7344
2.871	 3	75.7	10.178	0.0018	1501.401	1.7431	6.194	2617.136	0.584	0.7319
2.881	 3	76.7	10.182	0.0017	1500.663	1.7222	6.2622	2584.452	0.5962	0.7306
2.891	 3	77.7	10.174	0.0018	1496.396	1.727	6.8279	2584.299	0.5934	0.7242
2.901	 3	78.7	10.177	0.0018	1500.811	1.7369	6.2179	2606.807	0.5876	0.7171
2.911	 3	79.7	10.167	0.002	1502.438	1.7706	6.1171	2660.172	0.5681	0.7168
2.921	 3	80.7	10.167	0.0019	1506.892	1.7901	6.0505	2697.422	0.5568	0.7105
2.931	 3	81.7	10.162	0.0017	1507.491	1.7774	6.6572	2679.343	0.5642	0.7102
2.941	 3	82.7	10.153	0.0017	1507.051	1.7773	6.1183	2678.452	0.5642	0.7077
2.951	 3	83.7	10.156	0.002	1507.944	1.8034	6.0245	2719.424	0.5491	0.7056
2.961	 3	84.7	10.153	0.0019	1509.067	1.7892	6.0775	2700.011	0.5573	0.6996
2.971	 3	85.7	10.145	0.002	1505.64	1.7552	6.2093	2642.737	0.577	0.7014
2.981	 3	86.7	10.141	0.0021	1501.036	1.7781	6.1365	2668.942	0.5638	0.6913
2.991	 3	87.7	10.147	0.0018	1504.597	1.7633	6.1774	2653.04	0.5723	0.6909
3.001	 3	88.7	10.149	0.002	1498.45	1.7045	6.3868	2554.093	0.6064	0.6938
3.011	 3	89.7	10.149	0.0022	1489.871	1.6907	6.4388	2518.983	0.6144	0.6925
3.021	 3	90.7	10.154	0.0022	1489.511	1.6966	6.4074	2527.112	0.611	0.6879
3.031	 3	91.7	10.171	0.0017	1492.443	1.7552	6.1635	2619.609	0.577	0.6865
3.041	 3	92.7	10.188	0.0011	1503.542	1.765	6.1001	2653.694	0.5714	0.6847
3.051	 3	93.7	10.188	0.0015	1507.101	1.7231	6.2484	2596.844	0.5957	0.6877
3.061	 3	94.7	10.199	0.0016	1503.834	1.7269	6.2153	2596.922	0.5935	0.6827
3.071	 3	95.7	10.187	0.0015	1501.843	1.739	6.1928	2611.764	0.5864	0.6871
3.081	 3	96.7	10.188	0.0013	1503.32	1.7309	6.22	2602.159	0.5911	0.6891
3.091	 3	97.7	10.199	0.0013	1503.834	1.7418	6.1621	2619.337	0.5848	0.6911
3.101	 3	98.7	10.187	0.0018	1504.282	1.7362	6.203	2611.703	0.5881	0.6955
3.111	 3	99.7	10.184	0.0015	1502.73	1.7588	6.1283	2643.041	0.5749	0.69
3.121	 3	100.7	10.188	0.0015	1504.43	1.7344	6.2075	2609.317	0.5891	0.6899
3.131	 3	101.7	10.187	0.0017	1502.729	1.7355	6.2052	2608.053	0.5884	0.6918
3.141	 3	102.7	10.183	0.002	1502.804	1.759	6.1294	2643.431	0.5748	0.6953
3.151	 3	103.7	10.181	0.0021	1504.063	1.7548	6.1475	2639.352	0.5773	0.7033
3.161	 3	104.7	10.187	0.0021	1505.394	1.7677	6.646	2661.156	0.5698	0.7046
3.171	 3	105.7	10.187	0.0018	1504.06	1.7509	6.1509	2633.431	0.5795	0.7062
3.181	 3	106.7	10.176	0.0016	1505.325	1.7563	6.7102	2643.839	0.5764	0.7087
3.191	 3	107.7	10.176	0.0016	1506.886	1.7693	6.6608	2666.18	0.5688	0.7091
3.201	 3	108.7	10.181	0.0016	1507.626	1.7652	6.1114	2661.257	0.5712	0.7052
3.211	 3	109.7	10.179	0.0018	1507.777	1.7613	6.6855	2655.667	0.5735	0.6998
3.221	 3	110.7	10.175	0.0017	1506.515	1.7456	6.7534	2629.714	0.5826	0.6991
3.231	 3	111.7	10.164	0.0018	1501.329	1.7206	6.873	2583.127	0.5971	0.6973
3.241	 3	112.7	10.176	0.0021	1502.88	1.7412	6.2043	2616.872	0.5851	0.6961
3.251	 3	113.7	10.183	0.002	1502.582	1.7293	6.8016	2598.364	0.5921	0.6986
3.261	 3	114.7	10.171	0.0019	1501.033	1.7376	6.2259	2608.253	0.5872	0.7031
3.271	 3	115.7	10.176	0.0019	1503.768	1.746	6.7497	2625.624	0.5823	0.7046
3.281	 3	116.7	10.179	0.0022	1504.656	1.7233	6.8328	2593.036	0.5955	0.7054
3.291	 3	117.7	10.17	0.0022	1503.326	1.7426	6.7746	2619.672	0.5843	0.7086
3.301	 3	118.7	10.17	0.0024	1505.328	1.7324	6.8143	2607.867	0.5902	0.7082
3.311	 3	119.7	10.168	0.0026	1506.147	1.7516	6.1817	2638.133	0.5791	0.7143
3.321	 3	120.7	10.164	0.0028	1506.001	1.7331	6.8232	2610.096	0.5898	0.7168
3.331	 3	121.7	10.182	0.0032	1508.444	1.7418	6.1917	2627.418	0.5848	0.7154
3.341	 3	122.7	10.175	0.0033	1504.287	1.7427	6.2009	2621.499	0.5843	0.7131
3.351	 3	123.7	10.176	0.003	1503.99	1.7425	6.1997	2620.724	0.5844	0.7081
3.361	 3	124.7	10.181	0.003	1504.285	1.7401	6.1997	2617.553	0.5858	0.7079
3.371	 3	125.7	10.184	0.0031	1503.839	1.725	5.6804	2594.13	0.5945	0.7051
3.381	 3	126.7	10.192	0.0026	1505.021	1.7281	6.7891	2600.757	0.5928	0.7084
3.391	 3	127.7	10.195	0.0026	1505.464	1.7537	6.6841	2640.126	0.5779	0.7074
3.401	 3	128.7	10.19	0.0034	1505.392	1.7475	6.7174	2630.635	0.5815	0.7042
3.411	 3	129.7	10.195	0.0034	1505.464	1.7364	6.1881	2614.093	0.5879	0.7047
3.421	 3	130.7	10.2	0.0033	1506.647	1.7381	6.7346	2618.696	0.587	0.7042
3.431	 3	131.7	10.2	0.0034	1506.202	1.7327	6.1926	2609.794	0.5901	0.7374
3.441	 3	132.7	10.204	0.0029	1504.349	1.7207	6.2288	2588.509	0.5971	0.7443
3.451	 3	133.7	10.208	0.002	1505.161	1.7466	6.1293	2628.97	0.582	0.751
3.461	 3	134.7	10.215	0.0028	1505.749	1.7276	6.7467	2601.373	0.593	0.7598
3.471	 3	135.7	10.215	0.0026	1503.975	1.7464	6.6742	2626.547	0.5821	0.764
3.481	 3	136.7	10.228	0.0022	1507.887	1.7506	6.0809	2639.73	0.5797	0.7606
3.491	 3	137.7	10.289	0.0018	1512.421	1.7629	5.9358	2666.277	0.5726	0.7586
3.501	 3	138.7	10.291	0.0015	1513.605	1.7626	6.4731	2667.845	0.5728	0.7748
3.511	 3	139.7	10.321	0.0015	1535.178	1.7371	6.5132	2666.728	0.5875	0.7767
3.521	 3	140.7	10.347	0.0034	1528.135	1.7678	5.8244	2701.429	0.5697	0.7873
3.531	 3	141.7	10.378	0.006	1529.1	1.7688	6.2958	2704.654	0.5691	0.7909
3.541	 3	142.7	10.516	0.001	1544.2	1.7574	6.1005	2713.792	0.5757	0.8053
3.551	 3	143.7	10.556	0.0044	1544.404	1.7235	6.1532	2661.702	0.5954	0.8085
3.561	 3	144.7	10.527	0.0009	1532.091	1.7762	6.0177	2721.374	0.5648	0.8301
3.571	 3	145.7	10.543	0.0004	1537.777	1.7857	5.9597	2746.05	0.5593	0.8628
3.581	 3	146.7	10.512	0.0003	1500.214	1.804	5.4535	2706.443	0.5487	0.9271
3.591	 3	147.7	10.494	0.0001	1530.184	1.7941	5.5109	2745.249	0.5545	1.0388
3.601	 3	148.7	10.494	0.0003	1534.659	1.8013	5.4889	2764.33	0.5503	1.2679
3.611	 3	149.7	10.512	0.0002	1551.587	1.7917	5.4911	2779.94	0.5559	1.6006
3.621	 3	150.7	10.769	0.0	110.7626	1.7148	5.3534	189.9392	0.6004	1.972
3.631	 3	151.7	10.839	0.0	111.4825	0.607	14.8475	67.6654	1.2431	2.1699
3.641	 4	0.8	10.798	0.0	111.0608	1.4703	6.196	163.2931	0.7423	2.0355
3.651	 4	1.8	10.822	0.0	111.3077	1.7106	5.2919	190.4043	0.6029	1.7368
3.661	 4	2.8	10.783	0.0001	1346.865	1.7181	5.8074	2314.039	0.5986	1.3573
3.671	 4	3.8	10.741	0.0001	1336.777	1.7615	5.7278	2354.768	0.5734	1.1156
3.681	 4	4.8	10.487	0.0	107.8621	1.8265	5.9165	197.0098	0.5357	0.968
3.691	 4	5.8	10.249	0.0043	1558.072	1.8574	5.6974	2894.026	0.5177	0.885
3.701	 4	6.8	10.222	0.0066	1552.787	1.8446	6.3064	2864.294	0.5252	0.8321
3.711	 4	7.8	10.181	0.0057	1558.396	1.8443	6.9128	2874.15	0.5253	0.8064
3.721	 4	8.8	10.153	0.0091	1542.775	1.87	6.3436	2884.949	0.5105	0.7938
3.731	 4	9.8	10.142	0.0045	1553.853	1.8656	6.3786	2898.814	0.513	0.7862
3.741	 4	10.8	10.142	0.0068	1551.002	1.8256	6.518	2831.585	0.5362	0.7739
3.751	 4	11.8	10.142	0.008	1540.167	1.8486	6.4372	2847.123	0.5229	0.7751
3.761	 4	12.8	10.143	0.0082	1539.384	1.8258	6.5156	2810.627	0.5361	0.7629
3.771	 4	13.8	10.145	0.0097	1534.564	1.8121	6.5611	2780.823	0.544	0.7504
3.781	 4	14.8	10.153	0.0068	1532.528	1.806	6.5685	2767.681	0.5476	0.7455
3.791	 4	15.8	10.155	0.0075	1532.599	1.7776	7.2253	2724.331	0.564	0.74
3.801	 4	16.8	10.163	0.0099	1528.96	1.7911	6.6042	2738.513	0.5562	0.7351
3.811	 4	17.8	10.161	0.0074	1527.97	1.8005	6.5735	2751.097	0.5508	0.729
3.821	 4	18.8	10.17	0.0061	1529.783	1.8056	6.538	2762.239	0.5478	0.7295
3.831	 4	19.8	10.178	0.0068	1532.37	1.7928	6.5699	2747.222	0.5552	0.7277
3.841	 4	20.8	10.178	0.0088	1530.526	1.8002	6.543	2755.214	0.5509	0.7226
3.851	 4	21.8	10.183	0.008	1530.818	1.7969	7.0909	2750.783	0.5528	0.7216
3.861	 4	22.8	10.191	0.0076	1530.18	1.8094	7.0263	2768.662	0.5456	0.7187
3.871	 4	23.8	10.193	0.0075	1530.94	1.7838	6.5749	2730.937	0.5604	0.7164
3.881	 4	24.8	10.195	0.0076	1526.426	1.8104	6.4749	2763.38	0.545	0.7126
3.891	 4	25.8	10.195	0.0059	1529.632	1.809	6.4798	2767.104	0.5458	0.7101
3.901	 4	26.8	10.193	0.006	1525.898	1.7958	7.0752	2740.277	0.5535	0.702
3.911	 4	27.8	10.198	0.0071	1528.019	1.8007	6.5042	2751.478	0.5506	0.7022
3.921	 4	28.8	10.198	0.0072	1524.821	1.7983	7.0554	2742.123	0.552	0.6965
3.931	 4	29.8	10.198	0.0075	1523.682	1.7843	7.111	2718.679	0.5602	0.6974
3.941	 4	30.8	10.192	0.0067	1523.696	1.7873	6.5639	2723.346	0.5584	0.6987
3.951	 4	31.8	10.192	0.0071	1522.785	1.779	6.5945	2709.091	0.5632	0.6974
3.961	 4	32.8	10.193	0.0063	1522.934	1.7979	6.5236	2738.025	0.5523	0.6943
3.971	 4	33.8	10.194	0.0058	1522.174	1.7813	7.1308	2711.501	0.5619	0.7016
3.981	 4	34.8	10.188	0.0059	1522.87	1.7924	6.5529	2729.547	0.5555	0.7057
3.991	 4	35.8	10.188	0.0072	1521.051	1.7867	6.5737	2717.662	0.5588	0.7119
4.001	 4	36.8	10.183	0.007	1520.078	1.7879	6.5785	2717.762	0.5581	0.7267
4.011	 4	37.8	10.183	0.0067	1520.986	1.7849	6.5896	2714.834	0.5598	0.7366
4.021	 4	38.8	10.184	0.0057	1521.59	1.7934	6.5565	2728.833	0.5549	0.7533
4.031	 4	39.8	10.178	0.0054	1521.83	1.7931	6.5687	2728.835	0.555	0.7628
4.041	 4	40.8	10.179	0.0054	1521.98	1.786	6.5932	2718.181	0.5592	0.777
4.051	 4	41.8	10.175	0.0068	1520.245	1.7721	6.6522	2694.065	0.5672	0.7748
4.061	 4	42.8	10.172	0.0075	1519.57	1.7842	6.6128	2711.204	0.5602	0.7757
4.071	 4	43.8	10.174	0.0083	1520.096	1.7667	6.1182	2685.61	0.5703	0.7823
4.081	 4	44.8	10.171	0.0085	1517.833	1.7722	6.6596	2689.853	0.5672	0.784
4.091	 4	45.8	10.175	0.0091	1519.337	1.8027	5.9943	2738.95	0.5495	0.7885
4.101	 4	46.8	10.186	0.0041	1522.571	1.8357	5.8683	2795.001	0.5303	0.7896
4.111	 4	47.8	10.18	0.0029	1539.159	1.7795	6.064	2738.906	0.5629	0.7901
4.121	 4	48.8	10.177	0.01	1520.317	1.7578	6.1442	2672.365	0.5755	0.7882
4.131	 4	49.8	10.174	0.0082	1512.188	1.7531	5.0447	2651.045	0.5782	0.7874
4.141	 4	50.8	10.173	0.0074	1517.452	1.7853	6.0561	2709.173	0.5595	0.7709
4.151	 4	51.8	10.173	0.0052	1528.395	1.8412	5.8724	2814.079	0.5271	0.7654
4.161	 4	52.8	10.178	0.0023	1544.696	1.9144	5.64	2957.101	0.4847	0.762
4.171	 4	53.8	10.188	0.0019	1549.506	1.7504	6.1509	2712.236	0.5798	0.7561
4.181	 4	54.8	10.193	0.0067	1517.267	1.7017	6.3178	2581.988	0.608	0.751
4.191	 4	55.8	10.202	0.0056	1502.282	1.6807	6.9604	2524.959	0.6202	0.7442
4.201	 4	56.8	10.201	0.0058	1502.135	1.7328	6.7531	2602.968	0.59	0.7339
4.211	 4	57.8	10.2	0.0046	1506.87	1.7487	6.6939	2634.987	0.5808	0.7311
4.221	 4	58.8	10.231	0.0066	1509.442	1.6921	6.8575	2554.052	0.6137	0.7262
4.231	 4	59.8	10.226	0.0063	1502.056	1.7132	12.4342	2573.38	0.6014	0.7299
4.241	 4	60.8	10.221	0.0051	1516.019	1.7704	6.5727	2683.916	0.5682	0.7306
4.251	 4	61.8	10.215	0.0061	1521.901	1.7734	6.5726	2698.916	0.5665	0.7389
4.261	 4	62.8	10.206	0.008	1516.493	1.7889	6.5323	2712.818	0.5575	0.7467
4.271	 4	63.8	10.201	0.0066	1524.13	1.8192	6.4325	2772.697	0.5399	0.7546
4.281	 4	64.8	10.196	0.0062	1522.7	1.789	6.5505	2724.051	0.5574	0.7632
4.291	 4	65.8	10.186	0.0059	1520.979	1.7851	6.5835	2715.033	0.5597	0.7693
4.301	 4	66.8	10.186	0.0052	1521.889	1.7954	6.5455	2732.401	0.5537	0.7821
4.311	 4	67.8	10.181	0.0046	1521.141	1.8091	5.963	2751.909	0.5458	0.79
4.321	 4	68.8	10.184	0.0042	1526.837	1.8312	5.8861	2795.958	0.5329	0.791
4.331	 4	69.8	10.18	0.0041	1528.758	1.8209	5.9261	2783.703	0.5389	0.8003
4.341	 4	70.8	10.181	0.0045	1529.827	1.8335	6.4187	2804.914	0.5316	0.8082
4.351	 4	71.8	10.172	0.0041	1527.786	1.8309	5.907	2797.291	0.5331	0.815
4.361	 4	72.8	10.172	0.0037	1528.934	1.847	6.388	2823.92	0.5238	0.8201
4.371	 4	73.8	10.172	0.0034	1527.098	1.8417	6.4063	2812.5	0.5268	0.8217
4.381	 4	74.8	10.162	0.0034	1526.055	1.8387	5.899	2805.885	0.5286	0.821
4.391	 4	75.8	10.163	0.0036	1528.041	1.8371	5.3658	2807.132	0.5295	0.8155
4.401	 4	76.8	10.157	0.0036	1526.68	1.8281	5.9414	2790.946	0.5347	0.8081
4.411	 4	77.8	10.149	0.0037	1526.395	1.841	6.4508	2810.105	0.5273	0.8092
4.421	 4	78.8	10.152	0.004	1529.376	1.8447	5.8965	2821.174	0.5251	0.8036
4.431	 4	79.8	10.144	0.004	1526.791	1.8599	5.3287	2839.621	0.5163	0.8043
4.441	 4	80.8	10.143	0.0041	1531.019	1.8296	5.9603	2801.156	0.5339	0.7994
4.451	 4	81.8	10.143	0.0035	1534.261	1.874	5.8191	2875.163	0.5081	0.7993
4.461	 4	82.8	10.143	0.0042	1535.655	1.8611	5.8593	2858.023	0.5156	0.7948
4.471	 4	83.8	10.138	0.004	1536.293	1.8395	5.9366	2826.04	0.5281	0.8013
4.481	 4	84.8	10.143	0.0045	1534.493	1.8428	5.9176	2827.757	0.5262	0.7988
4.491	 4	85.8	10.149	0.0045	1533.082	1.8358	5.93	2814.412	0.5303	0.7963
4.501	 4	86.8	10.149	0.0039	1536.098	1.8547	6.4032	2848.999	0.5193	0.793
4.511	 4	87.8	10.149	0.0038	1541.464	1.8899	5.7603	2913.177	0.4989	0.7856
4.521	 4	88.8	10.149	0.0026	1542.87	1.8761	5.8026	2894.581	0.5069	0.7797
4.531	 4	89.8	10.155	0.0034	1545.427	1.8455	5.8887	2852.105	0.5246	0.7739
4.541	 4	90.8	10.149	0.0063	1535.633	1.8223	6.5169	2798.431	0.5381	0.7673
4.551	 4	91.8	10.15	0.0041	1531.151	1.8528	5.8741	2836.842	0.5204	0.7675
4.561	 4	92.8	10.149	0.0043	1531.0	1.8282	5.9547	2798.938	0.5347	0.7698
4.571	 4	93.8	10.149	0.0056	1525.248	1.8155	6.5414	2769.078	0.5421	0.7753
4.581	 4	94.8	10.149	0.0041	1525.248	1.8258	6.5046	2784.745	0.5361	0.7733
4.591	 4	95.8	10.149	0.0043	1526.395	1.8087	6.566	2760.789	0.546	0.7774
4.601	 4	96.8	10.148	0.0055	1528.083	1.8167	6.539	2776.062	0.5414	0.7869
4.611	 4	97.8	10.149	0.0053	1530.308	1.8519	6.4129	2833.94	0.521	0.7964
4.621	 4	98.8	10.149	0.0049	1535.633	1.8589	5.8562	2854.659	0.5169	0.8018
4.631	 4	99.8	10.148	0.0038	1543.892	1.8702	5.8226	2887.354	0.5103	0.805
4.641	 4	100.8	10.143	0.0049	1542.896	1.8586	5.8672	2867.668	0.517	0.8098
4.651	 4	101.8	10.144	0.0052	1539.536	1.8745	6.3445	2885.869	0.5078	0.8165
4.661	 4	102.8	10.148	0.0041	1538.741	1.8496	5.8874	2846.048	0.5223	0.8189
4.671	 4	103.8	10.148	0.0045	1535.25	1.863	5.845	2860.227	0.5145	0.8179
4.681	 4	104.8	10.153	0.0033	1534.845	1.848	5.8842	2836.365	0.5232	0.8154
4.691	 4	105.8	10.159	0.0038	1535.056	1.871	5.8018	2872.122	0.5098	0.8184
4.701	 4	106.8	10.154	0.0027	1536.157	1.8471	5.8854	2837.432	0.5237	0.815
4.711	 4	107.8	10.158	0.0027	1540.725	1.8608	6.3657	2867.055	0.5157	0.8148
4.721	 4	108.8	10.169	0.0024	1542.627	1.844	5.8701	2844.639	0.5255	0.8142
4.731	 4	109.8	10.157	0.0029	1536.844	1.8441	5.8899	2834.092	0.5255	0.8116
4.741	 4	110.8	10.164	0.0025	1535.347	1.8477	6.3999	2836.918	0.5234	0.8159
4.751	 4	111.8	10.179	0.002	1539.707	1.8577	5.8103	2860.341	0.5176	0.8245
4.761	 4	112.8	10.178	0.0013	1546.808	1.8675	5.7814	2888.708	0.5119	0.8301
4.771	 4	113.8	10.183	0.0013	1548.274	1.8989	5.6777	2940.085	0.4937	0.8334
4.781	 4	114.8	10.183	0.0011	1542.645	1.8868	5.7141	2910.729	0.5007	0.8297
4.791	 4	115.8	10.193	0.0008	1539.496	1.8759	5.7311	2887.974	0.507	0.8669
4.801	 4	116.8	10.197	0.0011	1532.692	1.8566	5.7843	2845.545	0.5182	0.8891
4.811	 4	117.8	10.203	0.001	1532.903	1.8435	6.3442	2825.872	0.5258	0.8954
4.821	 4	118.8	10.202	0.0012	1534.366	1.8692	5.737	2868.076	0.5109	0.91
4.831	 4	119.8	10.219	0.0008	1549.037	1.8515	5.7642	2868.055	0.5212	0.9154
4.841	 4	120.8	10.245	0.0011	1551.098	1.8571	5.7049	2880.536	0.5179	0.9204
4.851	 4	121.8	10.255	0.0013	1545.824	1.8352	6.2801	2836.863	0.5306	0.9207
4.861	 4	122.8	10.276	0.001	1548.99	1.849	5.6801	2864.096	0.5226	0.9267
4.871	 4	123.8	10.296	0.0017	1562.367	1.8597	5.616	2905.476	0.5164	0.9332
4.881	 4	124.8	10.327	0.0017	1561.857	1.8321	5.6512	2861.548	0.5324	0.9455
4.891	 4	125.8	10.307	0.004	1568.32	1.8256	6.2218	2863.081	0.5362	0.9575
4.901	 4	126.8	10.448	0.0005	1564.775	1.7592	6.2088	2752.819	0.5747	0.9743
4.911	 4	127.8	10.62	0.0	109.23	1.7211	5.5512	187.9921	0.5968	0.9853
4.921	 4	128.8	10.63	0.0	109.3329	1.696	6.1289	185.424	0.6114	1.0069
4.931	 4	129.8	10.61	0.0	109.1272	1.7455	5.9874	190.476	0.5827	1.0327
4.941	 4	130.8	10.589	0.0	108.9112	1.7595	6.4712	191.6299	0.5745	1.093
4.951	 4	131.8	10.563	0.0	108.6438	1.8015	6.365	195.7253	0.5502	1.2384
4.961	 4	132.8	10.542	0.0001	1017.175	1.7842	5.9664	1814.84	0.5602	1.5219
4.971	 4	133.8	10.509	0.0	108.0884	1.7823	5.0222	192.6492	0.5613	2.0373
4.981	 4	134.8	10.489	0.0	107.8827	1.7922	4.0176	193.3461	0.5556	2.7421
4.991	 4	135.8	10.453	0.0	107.5124	1.2628	4.3188	135.7695	0.8626	3.5965
