Geotek MSCL 7.9 - TN336_JPC32-36_MSmass.out created at 18:50:20 on 1/24/2016.


Processing Parameters

CT	RCT=11.45	W=1.27
PWAmp	A=1	B=0
PWVel	PTO=26.43
Den1	A=7.1605E-04	B=-.096198	C=9.839
MS1	A=1	B=0	Den=1	LD=14	
FP	MGD=2.75	WD=1.026	
RES	A=513.1992	B=-1.077428	p=0	


SB DEPTH	SECT NUM	SECT DEPTH	CT	PWAmp	PWVel	Den1	MS1	Imp	FP	RES
m		cm	cm		m/s	g/cc	x 10^-8 (m^3/kg)			Ohm.m

-0.637	cal sect	0.0	10.743	0.0003						50.2643
-0.577	cal sect	6.0	10.418	0.0138	1500.937	1.1436			0.9318	21.156
-0.517	cal sect	12.0	10.189	0.0144	1469.85	1.1559	-0.8465	1698.96	0.9247	18.8794
-0.457	cal sect	18.0	10.229	0.0116	1473.707	1.1562	-0.8368	1703.853	0.9245	17.9572
-0.397	cal sect	24.0	10.496	0.0013	1494.518	1.1452	-0.7844	1711.526	0.9309	12.9874
-0.337	cal sect	30.0	10.717	0.0057	1496.788	1.101	-0.7686	1648.03	0.9565	4.5429
-0.277	cal sect	36.0	10.618	0.0047	1503.54	1.1031	-0.7878	1658.615	0.9553	0.5033
-0.217	cal sect	42.0	10.288	0.0073	1494.263	1.1356	-0.8379	1696.896	0.9364	0.3819
-0.157	cal sect	48.0	10.229	0.0203	1490.456	1.1551	-0.8376	1721.559	0.9251	0.3823
-0.097	cal sect	54.0	10.433	0.0064	1496.844	1.1354	0.0	1699.491	0.9366	0.3904
-0.037	cal sect	60.0	10.507	0.0066	1510.277	1.146	2.3445	1730.826	0.9304	0.5603
0.003	 1	0.3	10.896	0.0	112.0331	1.08	9.7148	120.9964	0.9687	1.3162
0.013	 1	1.3	10.884	0.0001	1443.119	1.4253	9.0885	2056.896	0.7684	1.0638
0.023	 1	2.3	10.946	0.0005	1534.343	1.4364	10.537	2203.944	0.7619	0.7937
0.033	 1	3.3	10.912	0.001	1529.362	1.4579	11.5766	2229.7	0.7495	0.6436
0.043	 1	4.3	10.849	0.0003	1513.532	1.4595	12.877	2208.926	0.7486	0.5695
0.053	 1	5.3	10.411	0.0011	1523.19	1.5631	14.7074	2380.89	0.6885	0.5298
0.063	 1	6.3	10.324	0.0036	1492.123	1.5867	14.8429	2367.549	0.6748	0.509
0.073	 1	7.3	10.238	0.0019	1510.252	1.624	15.45	2452.665	0.6531	0.4978
0.083	 1	8.3	10.194	0.0062	1512.912	1.6449	16.0385	2488.597	0.641	0.4961
0.093	 1	9.3	10.194	0.0123	1500.662	1.5941	16.5497	2392.204	0.6705	0.4977
0.103	 1	10.3	10.199	0.0227	1494.797	1.5851	16.0042	2369.45	0.6757	0.4995
0.113	 1	11.3	10.198	0.0185	1497.064	1.5977	15.8825	2391.908	0.6684	0.4988
0.123	 1	12.3	10.205	0.0182	1497.432	1.5772	15.4398	2361.747	0.6803	0.4993
0.133	 1	13.3	10.209	0.0199	1491.454	1.5771	14.1891	2352.228	0.6803	0.5006
0.143	 1	14.3	10.219	0.0206	1491.825	1.5801	14.7369	2357.183	0.6786	0.504
0.153	 1	15.3	10.219	0.0214	1489.433	1.5546	14.3542	2315.484	0.6934	0.5065
0.163	 1	16.3	10.225	0.016	1488.139	1.5515	14.3585	2308.864	0.6952	0.5073
0.173	 1	17.3	10.224	0.0161	1492.337	1.5422	13.8214	2301.424	0.7006	0.5097
0.183	 1	18.3	10.225	0.0205	1487.273	1.5355	14.5078	2283.774	0.7044	0.5112
0.193	 1	19.3	10.229	0.0167	1486.341	1.5655	13.5966	2326.795	0.6871	0.5117
0.203	 1	20.3	10.234	0.0138	1487.5	1.5553	14.2869	2313.563	0.693	0.5143
0.213	 1	21.3	10.235	0.0174	1492.635	1.5566	14.2717	2323.368	0.6923	0.5136
0.223	 1	22.3	10.235	0.0163	1492.417	1.5596	14.244	2327.535	0.6905	0.5113
0.233	 1	23.3	10.243	0.015	1490.541	1.5733	14.088	2345.061	0.6825	0.5089
0.243	 1	24.3	10.247	0.0185	1488.74	1.5935	13.8938	2372.302	0.6708	0.5066
0.253	 1	25.3	10.248	0.0129	1486.295	1.595	13.8764	2370.708	0.6699	0.5051
0.263	 1	26.3	10.261	0.0145	1490.125	1.5753	13.9993	2347.355	0.6814	0.5029
0.273	 1	27.3	10.259	0.024	1495.917	1.5905	12.6667	2379.252	0.6726	0.5022
0.283	 1	28.3	10.264	0.0171	1493.815	1.6025	13.1516	2393.911	0.6656	0.502
0.293	 1	29.3	10.269	0.0073	1490.421	1.6211	13.5726	2416.195	0.6548	0.5012
0.303	 1	30.3	10.269	0.005	1489.772	1.6069	13.6926	2393.975	0.663	0.504
0.313	 1	31.3	10.277	0.0041	1492.448	1.6031	13.0992	2392.548	0.6653	0.5106
0.323	 1	32.3	10.282	0.0057	1494.911	1.6101	13.024	2406.956	0.6612	0.5156
0.333	 1	33.3	10.277	0.0076	1498.979	1.6014	13.1133	2400.437	0.6663	0.5242
0.343	 1	34.3	10.281	0.0077	1493.897	1.6236	12.919	2425.551	0.6533	0.5429
0.353	 1	35.3	10.282	0.0088	1494.042	1.6009	12.5035	2391.796	0.6665	0.5561
0.363	 1	36.3	10.282	0.0059	1497.088	1.6055	12.4677	2403.551	0.6639	0.5704
0.373	 1	37.3	10.288	0.0056	1492.529	1.5846	12.6108	2365.063	0.676	0.5791
0.383	 1	38.3	10.282	0.0056	1490.361	1.5915	11.9786	2371.871	0.672	0.5841
0.393	 1	39.3	10.283	0.0059	1494.405	1.6233	11.7402	2425.904	0.6535	0.5909
0.403	 1	40.3	10.282	0.0071	1496.216	1.6104	11.246	2409.49	0.661	0.5956
0.413	 1	41.3	10.277	0.0072	1491.366	1.5922	11.9895	2374.625	0.6715	0.6043
0.423	 1	42.3	10.275	0.0055	1483.54	1.5818	12.0754	2346.683	0.6776	0.6068
0.433	 1	43.3	10.28	0.0068	1484.048	1.6145	11.8146	2395.949	0.6587	0.6087
0.443	 1	44.3	10.28	0.0073	1485.764	1.5978	11.3412	2373.904	0.6683	0.6117
0.453	 1	45.3	10.281	0.0076	1484.835	1.5865	11.4183	2355.734	0.6749	0.6125
0.463	 1	46.3	10.275	0.0082	1482.47	1.5875	12.0325	2353.354	0.6743	0.6106
0.473	 1	47.3	10.281	0.0046	1482.694	1.5976	11.9359	2368.768	0.6684	0.6128
0.483	 1	48.3	10.281	0.0041	1483.122	1.5837	12.0407	2348.828	0.6765	0.6141
0.493	 1	49.3	10.288	0.0058	1483.704	1.5849	12.0082	2351.498	0.6758	0.615
0.503	 1	50.3	10.293	0.0074	1486.568	1.5952	11.3183	2371.341	0.6699	0.6128
0.513	 1	51.3	10.3	0.0081	1485.648	1.5967	11.8796	2372.078	0.669	0.6101
0.523	 1	52.3	10.307	0.0074	1490.528	1.6313	11.6047	2431.487	0.6489	0.605
0.533	 1	53.3	10.32	0.0085	1491.976	1.6039	11.7602	2392.955	0.6648	0.602
0.543	 1	54.3	10.332	0.0084	1492.417	1.5787	11.9079	2356.073	0.6794	0.5985
0.553	 1	55.3	10.332	0.0079	1484.483	1.5829	11.8761	2349.825	0.677	0.5934
0.563	 1	56.3	10.327	0.0061	1484.191	1.5812	11.906	2346.73	0.678	0.5896
0.573	 1	57.3	10.332	0.008	1489.619	1.5725	12.5524	2342.467	0.683	0.5848
0.583	 1	58.3	10.327	0.0101	1487.397	1.5865	12.459	2359.787	0.6749	0.5828
0.593	 1	59.3	10.301	0.0126	1486.436	1.6141	12.3355	2399.223	0.6589	0.5826
0.603	 1	60.3	10.296	0.0086	1484.857	1.6004	12.4582	2376.411	0.6668	0.5835
0.613	 1	61.3	10.291	0.009	1486.709	1.6116	12.3893	2395.956	0.6603	0.5859
0.623	 1	62.3	10.293	0.0128	1486.998	1.6023	13.0469	2382.664	0.6657	0.5879
0.633	 1	63.3	10.291	0.011	1483.494	1.5836	13.8092	2349.225	0.6766	0.5897
0.643	 1	64.3	10.291	0.0091	1482.426	1.5889	13.1641	2355.497	0.6735	0.5904
0.653	 1	65.3	10.286	0.0096	1478.511	1.5849	13.8169	2343.307	0.6758	0.5929
0.663	 1	66.3	10.286	0.0122	1481.919	1.574	13.913	2332.477	0.6822	0.5911
0.673	 1	67.3	10.276	0.0128	1479.839	1.5794	14.5084	2337.274	0.679	0.5939
0.683	 1	68.3	10.276	0.0108	1480.052	1.5721	14.5756	2326.846	0.6832	0.598
0.693	 1	69.3	10.276	0.0106	1478.348	1.5512	14.7727	2293.159	0.6954	0.6
0.703	 1	70.3	10.28	0.0099	1476.163	1.5771	14.5133	2328.078	0.6803	0.6009
0.713	 1	71.3	10.281	0.0146	1479.494	1.5728	14.5493	2326.899	0.6828	0.6001
0.723	 1	72.3	10.283	0.0146	1483.41	1.5797	14.477	2343.402	0.6788	0.6028
0.733	 1	73.3	10.286	0.0118	1485.987	1.5991	14.2895	2376.273	0.6676	0.6064
0.743	 1	74.3	10.297	0.0155	1488.006	1.6046	14.7886	2387.629	0.6644	0.6081
0.753	 1	75.3	10.297	0.0135	1487.791	1.6162	14.6827	2404.506	0.6577	0.6093
0.763	 1	76.3	10.306	0.0075	1494.056	1.6608	14.2521	2481.331	0.6318	0.6168
0.773	 1	77.3	10.315	0.0087	1497.314	1.6197	14.5766	2425.273	0.6556	0.6212
0.783	 1	78.3	10.322	0.0065	1487.963	1.5879	14.2467	2362.671	0.6741	0.6263
0.793	 1	79.3	10.326	0.0066	1487.039	1.6064	14.0665	2388.794	0.6633	0.6628
0.803	 1	80.3	10.332	0.0066	1488.332	1.6191	13.3521	2409.8	0.656	0.66
0.813	 1	81.3	10.342	0.0063	1491.922	1.6179	12.7461	2413.712	0.6567	0.6531
0.823	 1	82.3	10.352	0.0059	1493.364	1.5878	12.3627	2371.147	0.6741	0.6498
0.833	 1	83.3	10.367	0.0074	1493.589	1.6145	12.1073	2411.453	0.6586	0.6465
0.843	 1	84.3	10.367	0.0072	1492.729	1.5824	12.3533	2362.059	0.6773	0.642
0.853	 1	85.3	10.378	0.0071	1491.735	1.5961	11.6286	2380.906	0.6693	0.6385
0.863	 1	86.3	10.383	0.0082	1490.525	1.5853	11.6913	2362.954	0.6756	0.6344
0.873	 1	87.3	10.427	0.0052	1486.386	1.5699	11.0801	2333.482	0.6845	0.6331
0.883	 1	88.3	10.438	0.004	1492.422	1.5818	10.9637	2360.673	0.6776	0.6294
0.893	 1	89.3	10.444	0.0035	1497.563	1.6035	10.7973	2401.343	0.665	0.6304
0.903	 1	90.3	10.678	0.0004	1495.309	1.5535	10.4584	2322.895	0.6941	0.6342
0.913	 1	91.3	10.69	0.0001	1494.478	1.5638	10.356	2337.027	0.6881	0.642
0.923	 1	92.3	10.64	0.0	109.4009	1.5874	10.3398	173.6646	0.6744	0.6585
0.933	 1	93.3	10.619	0.0	109.1849	1.5837	10.9718	172.9107	0.6765	0.6878
0.943	 1	94.3	10.569	0.0	108.6708	1.5803	11.7025	171.7273	0.6785	0.7381
0.953	 1	95.3	10.545	0.0012	1513.564	1.581	11.7736	2392.937	0.6781	0.8328
0.963	 1	96.3	10.539	0.0192	1520.999	1.5896	11.7289	2417.812	0.6731	1.0277
0.973	 1	97.3	10.774	0.0023	1526.062	1.5671	11.1688	2391.498	0.6861	1.4246
0.983	 1	98.3	10.892	0.0	111.9919	1.5287	11.6271	171.2019	0.7084	1.9521
0.993	 2	0.0	10.919	0.0	112.2696	0.7567	24.3828	84.9587	1.1562	2.0724
1.003	 2	1.0	10.951	0.0	112.5986	1.5229	12.0151	171.4797	0.7118	1.6442
1.013	 2	2.0	10.968	0.0001	1444.108	1.5294	11.9116	2208.589	0.708	1.217
1.023	 2	3.0	10.931	0.0	112.3929	1.5382	12.4781	172.8794	0.7029	0.9485
1.033	 2	4.0	10.873	0.0	111.7966	1.5204	13.3511	169.9753	0.7132	0.8013
1.043	 2	5.0	10.483	0.0001	1437.012	1.5565	14.4798	2236.726	0.6923	0.7276
1.053	 2	6.0	10.398	0.0002	1409.707	1.5799	15.1874	2227.22	0.6787	0.6825
1.063	 2	7.0	10.255	0.0002	1299.582	1.6109	15.5017	2093.453	0.6608	0.6637
1.073	 2	8.0	10.233	0.0004	1390.731	1.5931	15.7718	2215.6	0.671	0.6535
1.083	 2	9.0	10.204	0.0007	1286.435	1.5965	15.8677	2053.804	0.6691	0.6494
1.093	 2	10.0	10.209	0.0012	1512.669	1.602	15.791	2423.29	0.6659	0.6488
1.103	 2	11.0	10.209	0.0013	1378.477	1.6178	15.6364	2230.147	0.6567	0.6468
1.113	 2	12.0	10.219	0.0018	1521.59	1.6059	15.7085	2443.473	0.6636	0.6421
1.123	 2	13.0	10.219	0.0036	1510.792	1.6256	15.5181	2455.894	0.6522	0.6467
1.133	 2	14.0	10.225	0.0038	1507.89	1.6267	16.0769	2452.825	0.6516	0.6467
1.143	 2	15.0	10.229	0.0023	1503.38	1.6295	16.0304	2449.822	0.6499	0.6482
1.153	 2	16.0	10.239	0.0058	1515.093	1.6386	15.8973	2482.578	0.6447	0.6484
1.163	 2	17.0	10.244	0.0047	1518.529	1.6485	15.7794	2503.267	0.6389	0.6481
1.173	 2	18.0	10.254	0.0077	1522.947	1.6942	15.3101	2580.236	0.6124	0.6456
1.183	 2	19.0	10.259	0.0043	1520.528	1.7006	15.7953	2585.842	0.6087	0.6447
1.193	 2	20.0	10.268	0.0067	1510.0	1.6245	15.9044	2453.031	0.6528	0.6437
1.203	 2	21.0	10.273	0.0039	1498.396	1.5892	16.2353	2381.219	0.6733	0.6435
1.213	 2	22.0	10.276	0.0021	1505.2	1.5901	16.212	2393.467	0.6728	0.6393
1.223	 2	23.0	10.278	0.0017	1499.344	1.6238	15.2791	2434.666	0.6532	0.6345
1.233	 2	24.0	10.282	0.0026	1502.118	1.6136	15.3588	2423.78	0.6592	0.6292
1.243	 2	25.0	10.281	0.0045	1496.289	1.6301	15.2074	2439.103	0.6496	0.6215
1.253	 2	26.0	10.284	0.0026	1498.252	1.643	15.0757	2461.573	0.6421	0.6182
1.263	 2	27.0	10.287	0.0027	1494.552	1.6306	15.177	2437.052	0.6493	0.6183
1.273	 2	28.0	10.282	0.0059	1501.679	1.6388	13.959	2460.979	0.6445	0.6174
1.283	 2	29.0	10.29	0.0077	1496.727	1.624	14.6407	2430.65	0.6531	0.6169
1.293	 2	30.0	10.291	0.0063	1498.398	1.6203	15.2565	2427.868	0.6553	0.6151
1.303	 2	31.0	10.291	0.0092	1496.873	1.6194	15.2647	2424.085	0.6558	0.6251
1.313	 2	32.0	10.294	0.0078	1496.004	1.6322	15.1329	2441.733	0.6484	0.6315
1.323	 2	33.0	10.296	0.0124	1496.511	1.6178	14.6722	2421.014	0.6567	0.6351
1.333	 2	34.0	10.297	0.0101	1492.968	1.6279	14.5771	2430.347	0.6509	0.6414
1.343	 2	35.0	10.292	0.006	1493.542	1.6313	14.5667	2436.425	0.6489	0.6466
1.353	 2	36.0	10.287	0.0046	1493.25	1.6309	14.5906	2435.37	0.6491	0.6544
1.363	 2	37.0	10.282	0.0085	1497.088	1.62	14.7098	2425.245	0.6555	0.6695
1.373	 2	38.0	10.277	0.0072	1495.924	1.6231	14.702	2428.036	0.6537	0.6845
1.383	 2	39.0	10.275	0.0063	1496.941	1.6468	14.4987	2465.152	0.6399	0.6929
1.393	 2	40.0	10.277	0.0058	1494.184	1.6234	14.1114	2425.649	0.6535	0.7002
1.403	 2	41.0	10.269	0.0058	1497.812	1.6698	13.7498	2501.103	0.6265	0.7083
1.413	 2	42.0	10.265	0.0053	1505.573	1.6659	13.7977	2508.152	0.6288	0.7154
1.423	 2	43.0	10.265	0.0045	1507.342	1.6656	14.3752	2510.64	0.629	0.7184
1.433	 2	44.0	10.26	0.0047	1503.958	1.6628	13.8431	2500.737	0.6306	0.7228
1.443	 2	45.0	10.259	0.006	1494.827	1.6268	13.5633	2431.828	0.6515	0.7196
1.453	 2	46.0	10.255	0.0058	1489.686	1.6399	12.8849	2442.879	0.6439	0.7175
1.463	 2	47.0	10.25	0.0039	1485.292	1.643	12.2927	2440.395	0.6421	0.7125
1.473	 2	48.0	10.255	0.0022	1481.937	1.6369	12.3215	2425.776	0.6457	0.7078
1.483	 2	49.0	10.265	0.0023	1481.669	1.6332	11.7281	2419.91	0.6478	0.7074
1.493	 2	50.0	10.265	0.0033	1482.953	1.6315	11.1538	2419.383	0.6488	0.7093
1.503	 2	51.0	10.265	0.003	1483.81	1.6318	10.5648	2421.219	0.6486	0.7054
1.513	 2	52.0	10.27	0.0027	1484.104	1.6333	10.5399	2424.022	0.6477	0.7023
1.523	 2	53.0	10.274	0.003	1482.54	1.647	9.2808	2441.674	0.6398	0.6991
1.533	 2	54.0	10.282	0.0029	1485.409	1.64	8.7181	2436.08	0.6438	0.6984
1.543	 2	55.0	10.297	0.0017	1487.791	1.6159	7.049	2404.073	0.6578	0.6986
1.553	 2	56.0	10.312	0.0024	1492.762	1.6069	8.2353	2398.656	0.6631	0.7026
1.563	 2	57.0	10.322	0.002	1488.607	1.6277	7.5279	2423.07	0.651	0.7043
1.573	 2	58.0	10.327	0.0017	1488.684	1.6202	7.5524	2411.972	0.6553	0.7071
1.583	 2	59.0	10.337	0.0014	1490.77	1.6108	6.9927	2401.295	0.6608	0.7086
1.593	 2	60.0	10.342	0.0012	1493.214	1.6016	6.4376	2391.563	0.6661	0.7121
1.603	 2	61.0	10.348	0.0017	1494.08	1.6027	7.0064	2394.572	0.6655	0.7135
1.613	 2	62.0	10.342	0.0031	1494.293	1.6246	6.3466	2427.621	0.6528	0.7167
1.623	 2	63.0	10.338	0.004	1492.852	1.6238	6.357	2424.024	0.6533	0.7196
1.633	 2	64.0	10.342	0.0032	1494.941	1.6275	6.3351	2433.075	0.6511	0.7215
1.643	 2	65.0	10.337	0.0033	1490.985	1.6396	5.7248	2444.613	0.6441	0.7198
1.653	 2	66.0	10.328	0.0038	1495.944	1.6491	5.7061	2466.981	0.6386	0.7241
1.663	 2	67.0	10.331	0.0063	1497.897	1.6337	5.7551	2447.129	0.6475	0.7236
1.673	 2	68.0	10.332	0.0067	1490.264	1.6194	5.2238	2413.364	0.6558	0.7214
1.683	 2	69.0	10.326	0.0071	1488.969	1.6142	5.8326	2403.546	0.6588	0.72
1.693	 2	70.0	10.316	0.0064	1486.67	1.6281	5.7991	2420.447	0.6508	0.7217
1.703	 2	71.0	10.315	0.0038	1487.383	1.6151	5.2627	2402.247	0.6583	0.7241
1.713	 2	72.0	10.311	0.0044	1485.949	1.6122	5.278	2395.68	0.66	0.721
1.723	 2	73.0	10.301	0.0065	1486.221	1.6214	5.2629	2409.707	0.6547	0.7112
1.733	 2	74.0	10.291	0.0082	1487.354	1.6232	5.2716	2414.322	0.6536	0.7021
1.743	 2	75.0	10.282	0.0079	1487.773	1.6261	5.2755	2419.299	0.6519	0.6996
1.753	 2	76.0	10.277	0.0051	1485.975	1.61	5.3358	2392.442	0.6612	0.6965
1.763	 2	77.0	10.275	0.0061	1485.256	1.6311	5.2699	2422.532	0.649	0.693
1.773	 2	78.0	10.266	0.0066	1483.526	1.6411	5.251	2434.577	0.6432	0.6854
1.783	 2	79.0	10.253	0.007	1484.651	1.639	4.6905	2433.334	0.6444	0.6841
1.793	 2	80.0	10.248	0.007	1486.726	1.6333	5.3028	2428.245	0.6477	0.6818
1.803	 2	81.0	10.238	0.0069	1484.198	1.6278	5.3356	2416.002	0.6509	0.6792
1.813	 2	82.0	10.228	0.0086	1484.47	1.6391	5.3137	2433.256	0.6443	0.6779
1.823	 2	83.0	10.219	0.0079	1483.81	1.6555	4.6884	2456.473	0.6349	0.6799
1.833	 2	84.0	10.218	0.0063	1483.665	1.6298	5.3591	2418.118	0.6498	0.6788
1.843	 2	85.0	10.213	0.0059	1485.959	1.6415	5.3284	2439.275	0.643	0.6779
1.853	 2	86.0	10.213	0.0086	1487.258	1.6487	5.3053	2452.033	0.6388	0.6792
1.863	 2	87.0	10.204	0.0065	1483.355	1.6504	5.3132	2448.199	0.6378	0.6812
1.873	 2	88.0	10.208	0.0067	1488.698	1.6522	5.3015	2459.619	0.6368	0.6805
1.883	 2	89.0	10.211	0.0088	1490.439	1.6607	5.2698	2475.223	0.6318	0.6809
1.893	 2	90.0	10.215	0.0086	1491.459	1.6451	5.9043	2453.585	0.6409	0.6827
1.903	 2	91.0	10.213	0.0106	1487.691	1.6306	5.3641	2425.867	0.6493	0.6843
1.913	 2	92.0	10.214	0.0122	1484.593	1.6372	5.3409	2430.638	0.6455	0.6837
1.923	 2	93.0	10.215	0.0084	1485.818	1.6499	5.8873	2451.4	0.6381	0.6783
1.933	 2	94.0	10.22	0.0057	1487.411	1.659	5.8467	2467.57	0.6328	0.6759
1.943	 2	95.0	10.224	0.0085	1489.293	1.6433	5.8956	2447.424	0.6419	0.6763
1.953	 2	96.0	10.229	0.0082	1486.773	1.6387	6.4945	2436.352	0.6446	0.676
1.963	 2	97.0	10.229	0.0064	1485.262	1.6408	6.4862	2436.958	0.6434	0.6837
1.973	 2	98.0	10.235	0.0074	1489.594	1.6547	6.4206	2464.879	0.6353	0.6907
1.983	 2	99.0	10.239	0.005	1487.578	1.6493	5.8496	2453.441	0.6385	0.6949
1.993	 2	100.0	10.245	0.0046	1486.506	1.6716	6.3379	2484.854	0.6255	0.7024
2.003	 2	101.0	10.254	0.0064	1489.757	1.6686	6.3332	2485.829	0.6273	0.7063
2.013	 2	102.0	10.269	0.0067	1491.07	1.6619	5.7564	2478.039	0.6311	0.7104
2.023	 2	103.0	10.259	0.0064	1490.051	1.6693	6.3216	2487.38	0.6268	0.7129
2.033	 2	104.0	10.259	0.0066	1490.7	1.6632	5.768	2479.387	0.6304	0.7132
2.043	 2	105.0	10.264	0.0065	1491.86	1.6561	5.7848	2470.629	0.6345	0.714
2.053	 2	106.0	10.264	0.0056	1490.777	1.6799	5.7029	2504.305	0.6207	0.7129
2.063	 2	107.0	10.259	0.0057	1490.484	1.6413	5.2606	2446.333	0.6431	0.7112
2.073	 2	108.0	10.254	0.0054	1490.624	1.6568	5.7986	2469.639	0.6341	0.7101
2.083	 2	109.0	10.254	0.0037	1489.974	1.6778	5.7259	2499.885	0.6219	0.7095
2.093	 2	110.0	10.254	0.0035	1488.028	1.658	5.2149	2467.135	0.6334	0.713
2.103	 2	111.0	10.238	0.0021	1485.49	1.653	5.8379	2455.583	0.6363	0.7208
2.113	 2	112.0	10.244	0.0021	1489.386	1.6657	5.7839	2480.829	0.629	0.7261
2.123	 2	113.0	10.238	0.0024	1493.726	1.6826	5.7354	2513.323	0.6191	0.7321
2.133	 2	114.0	10.238	0.0022	1492.855	1.6609	5.2293	2479.458	0.6317	0.7359
2.143	 2	115.0	10.239	0.0022	1491.478	1.6625	5.2227	2479.64	0.6308	0.7385
2.153	 2	116.0	10.238	0.0041	1491.55	1.674	5.1885	2496.817	0.6241	0.7394
2.163	 2	117.0	10.234	0.0032	1488.582	1.657	5.8306	2466.583	0.634	0.7387
2.173	 2	118.0	10.236	0.0053	1493.434	1.67	5.7819	2494.067	0.6264	0.7403
2.183	 2	119.0	10.233	0.0048	1487.787	1.6699	5.2084	2484.456	0.6265	0.7433
2.193	 2	120.0	10.233	0.0053	1489.736	1.6557	5.8369	2466.493	0.6348	0.7501
2.203	 2	121.0	10.238	0.0063	1489.38	1.6603	5.2313	2472.786	0.6321	0.7541
2.213	 2	122.0	10.239	0.0057	1488.227	1.6883	5.143	2512.58	0.6158	0.7611
2.223	 2	123.0	10.244	0.0047	1492.207	1.6718	5.1865	2494.627	0.6254	0.7587
2.233	 2	124.0	10.248	0.0042	1491.269	1.6763	5.1666	2499.854	0.6228	0.7585
2.243	 2	125.0	10.249	0.004	1489.68	1.6817	5.1486	2505.204	0.6197	0.7627
2.253	 2	126.0	10.258	0.0041	1489.906	1.671	5.1685	2489.657	0.6259	0.7626
2.263	 2	127.0	10.268	0.0029	1489.411	1.6533	5.2091	2462.471	0.6361	0.7657
2.273	 2	128.0	10.271	0.0033	1490.928	1.6726	5.1448	2493.685	0.625	0.7637
2.283	 2	129.0	10.276	0.0057	1493.388	1.6742	5.7029	2500.249	0.624	0.7659
2.293	 2	130.0	10.285	0.0051	1494.478	1.6654	5.1467	2488.92	0.6291	0.7968
2.303	 2	131.0	10.296	0.0054	1496.077	1.6939	5.0446	2534.18	0.6126	0.7992
2.313	 2	132.0	10.311	0.0051	1497.821	1.6765	5.0756	2511.121	0.6227	0.7975
2.323	 2	133.0	10.322	0.005	1496.81	1.6643	5.6635	2491.154	0.6298	0.8019
2.333	 2	134.0	10.333	0.0052	1499.492	1.6844	5.0209	2525.732	0.6181	0.8004
2.343	 2	135.0	10.355	0.0034	1500.507	1.6802	5.0027	2521.141	0.6205	0.8002
2.353	 2	136.0	10.367	0.0033	1499.855	1.6577	5.0537	2486.299	0.6336	0.7979
2.363	 2	137.0	10.393	0.0025	1502.096	1.6382	5.0771	2460.736	0.6449	0.794
2.373	 2	138.0	10.393	0.0052	1507.324	1.634	5.0901	2463.011	0.6473	0.7876
2.383	 2	139.0	10.393	0.0056	1507.761	1.6317	5.0975	2460.142	0.6487	0.7896
2.393	 2	140.0	10.407	0.0083	1503.25	1.6366	4.5	2460.211	0.6458	0.7894
2.403	 2	141.0	10.464	0.0015	1520.709	1.6475	4.4006	2505.301	0.6395	0.7923
2.413	 2	142.0	10.557	0.0005	1518.993	1.6195	4.9097	2460.066	0.6557	0.8001
2.423	 2	143.0	10.574	0.0018	1505.624	1.6366	4.8361	2464.139	0.6458	0.8085
2.433	 2	144.0	10.591	0.0001	1472.608	1.6337	4.2866	2405.793	0.6475	0.8368
2.443	 2	145.0	10.592	0.0001	1493.093	1.6249	4.8474	2426.067	0.6526	0.8857
2.453	 2	146.0	10.563	0.0006	1508.138	1.6222	4.35	2446.461	0.6542	0.9826
2.463	 2	147.0	10.537	0.0011	1505.071	1.6339	4.3493	2459.197	0.6474	1.1719
2.473	 2	148.0	10.491	0.0023	1490.834	1.6405	4.3867	2445.719	0.6436	1.5112
2.483	 2	149.0	10.705	0.0012	1508.809	1.587	4.2795	2394.453	0.6746	1.9634
2.493	 2	150.0	10.783	0.0	110.8712	0.9327	7.1314	103.4143	1.0541	2.2039
2.503	 3	0.8	10.84	0.0	111.4573	1.5026	4.3607	167.4725	0.7236	1.9934
2.513	 3	1.8	10.93	0.0	112.3827	1.5857	4.0359	178.1995	0.6754	1.5579
2.523	 3	2.8	10.924	0.0001	1422.026	1.5909	4.0288	2262.32	0.6723	1.2034
2.533	 3	3.8	10.889	0.001	1522.511	1.5573	4.1536	2371.051	0.6918	0.9768
2.543	 3	4.8	10.728	0.0	110.3057	1.5294	4.4134	168.7018	0.708	0.8464
2.553	 3	5.8	10.425	0.0	107.1902	1.612	4.5461	172.7855	0.6601	0.7691
2.563	 3	6.8	10.325	0.001	1523.311	1.6229	4.6426	2472.123	0.6538	0.7276
2.573	 3	7.8	10.257	0.0015	1509.048	1.6521	4.6481	2493.074	0.6368	0.7119
2.583	 3	8.8	10.228	0.0031	1493.357	1.6383	4.7258	2446.496	0.6449	0.7107
2.593	 3	9.8	10.212	0.0084	1479.357	1.6495	4.715	2440.13	0.6384	0.7101
2.603	 3	10.8	10.208	0.0098	1481.783	1.6474	5.3169	2441.106	0.6396	0.7115
2.613	 3	11.8	10.208	0.0148	1488.915	1.6606	4.6886	2472.519	0.6319	0.714
2.623	 3	12.8	10.203	0.0155	1488.186	1.6488	4.7288	2453.744	0.6387	0.7187
2.633	 3	13.8	10.203	0.0144	1488.403	1.6545	4.7126	2462.569	0.6354	0.7197
2.643	 3	14.8	10.203	0.0173	1489.707	1.6542	4.7134	2464.279	0.6356	0.7215
2.653	 3	15.8	10.203	0.0157	1488.62	1.6521	4.7194	2459.357	0.6368	0.7185
2.663	 3	16.8	10.196	0.0148	1487.599	1.665	4.1056	2476.843	0.6294	0.7171
2.673	 3	17.8	10.196	0.0125	1489.772	1.6562	4.7169	2467.422	0.6344	0.7143
2.683	 3	18.8	10.186	0.0125	1488.311	1.6471	4.7566	2451.383	0.6397	0.7134
2.693	 3	19.8	10.195	0.0114	1488.756	1.6531	4.7272	2461.066	0.6363	0.7108
2.703	 3	20.8	10.199	0.0106	1488.036	1.6703	4.6733	2485.431	0.6263	0.7074
2.713	 3	21.8	10.198	0.0084	1488.759	1.6556	4.7161	2464.814	0.6348	0.7026
2.723	 3	22.8	10.198	0.0077	1488.759	1.6714	4.6717	2488.244	0.6257	0.7019
2.733	 3	23.8	10.204	0.0078	1490.505	1.6944	4.6003	2525.524	0.6123	0.7006
2.743	 3	24.8	10.204	0.0087	1490.288	1.6907	4.0341	2519.591	0.6145	0.7018
2.753	 3	25.8	10.209	0.0078	1491.018	1.6902	4.0297	2520.054	0.6148	0.7033
2.763	 3	26.8	10.209	0.0074	1491.236	1.714	4.5412	2556.005	0.6009	0.7029
2.773	 3	27.8	10.213	0.0075	1492.474	1.6646	4.6706	2484.441	0.6296	0.6996
2.783	 3	28.8	10.209	0.0071	1489.061	1.6815	4.629	2503.853	0.6198	0.6994
2.793	 3	29.8	10.21	0.0061	1491.382	1.7075	4.5572	2546.564	0.6047	0.6985
2.803	 3	30.8	10.209	0.0061	1490.147	1.6902	4.6053	2518.583	0.6148	0.6999
2.813	 3	31.8	10.21	0.0076	1489.859	1.6795	4.6333	2502.198	0.6209	0.7134
2.823	 3	32.8	10.205	0.0084	1490.434	1.6772	4.6461	2499.813	0.6223	0.7164
2.833	 3	33.8	10.204	0.0082	1489.853	1.6737	4.6571	2493.609	0.6243	0.7221
2.843	 3	34.8	10.204	0.0072	1489.2	1.7003	4.5842	2532.154	0.6088	0.7268
2.853	 3	35.8	10.204	0.006	1489.635	1.7007	4.5834	2533.361	0.6087	0.7322
2.863	 3	36.8	10.202	0.006	1490.431	1.6842	4.6308	2510.175	0.6182	0.7397
2.873	 3	37.8	10.206	0.0063	1490.58	1.6866	4.6189	2514.047	0.6168	0.752
2.883	 3	38.8	10.199	0.0062	1489.557	1.67	4.6742	2487.519	0.6265	0.7581
2.893	 3	39.8	10.199	0.0062	1490.21	1.677	5.2364	2499.081	0.6224	0.7669
2.903	 3	40.8	10.195	0.0061	1490.933	1.6792	5.2355	2503.561	0.6211	0.7728
2.913	 3	41.8	10.194	0.0057	1489.915	1.6967	5.183	2527.93	0.611	0.7787
2.923	 3	42.8	10.195	0.0057	1490.279	1.6624	4.7007	2477.49	0.6308	0.7823
2.933	 3	43.8	10.201	0.0056	1491.156	1.6696	5.2565	2489.7	0.6267	0.7865
2.943	 3	44.8	10.196	0.0054	1490.426	1.6641	5.2816	2480.195	0.6299	0.7898
2.953	 3	45.8	10.195	0.0049	1489.191	1.6661	5.2768	2481.092	0.6287	0.7939
2.963	 3	46.8	10.202	0.0039	1490.867	1.6916	5.1867	2521.99	0.6139	0.7923
2.973	 3	47.8	10.202	0.0032	1491.52	1.6941	4.6037	2526.809	0.6125	0.7884
2.983	 3	48.8	10.203	0.0035	1491.885	1.6918	5.1848	2523.929	0.6138	0.786
2.993	 3	49.8	10.213	0.0057	1492.474	1.6873	4.6079	2518.288	0.6164	0.7805
3.003	 3	50.8	10.21	0.005	1491.164	1.6866	5.1905	2514.969	0.6168	0.7811
3.013	 3	51.8	10.212	0.0058	1491.674	1.6606	4.6834	2477.031	0.6319	0.781
3.023	 3	52.8	10.211	0.0055	1491.528	1.6689	5.244	2489.244	0.6271	0.7776
3.033	 3	53.8	10.204	0.0062	1490.505	1.6811	5.2163	2505.674	0.62	0.7831
3.043	 3	54.8	10.214	0.0058	1492.838	1.6875	5.1819	2519.118	0.6163	0.7826
3.053	 3	55.8	10.224	0.0067	1494.082	1.6806	4.612	2510.908	0.6203	0.7872
3.063	 3	56.8	10.229	0.0067	1495.249	1.6748	4.6213	2504.295	0.6236	0.79
3.073	 3	57.8	10.237	0.0067	1496.419	1.6781	5.1771	2511.182	0.6217	0.7909
3.083	 3	58.8	10.239	0.0063	1496.055	1.6735	4.612	2503.655	0.6244	0.7935
3.093	 3	59.8	10.258	0.0067	1498.393	1.6976	4.5221	2543.743	0.6104	0.7933
3.103	 3	60.8	10.263	0.0058	1496.937	1.6678	5.1713	2496.532	0.6277	0.7946
3.113	 3	61.8	10.263	0.005	1495.628	1.6717	5.159	2500.289	0.6254	0.79
3.123	 3	62.8	10.261	0.0063	1496.209	1.6684	5.1722	2496.26	0.6274	0.7893
3.133	 3	63.8	10.259	0.0071	1498.32	1.6702	5.1694	2502.558	0.6263	0.7838
3.143	 3	64.8	10.258	0.0079	1499.927	1.7014	5.6401	2552.0	0.6082	0.7819
3.153	 3	65.8	10.258	0.0064	1502.783	1.6889	5.1137	2538.056	0.6155	0.7804
3.163	 3	66.8	10.251	0.0061	1502.638	1.691	5.1175	2540.948	0.6143	0.782
3.173	 3	67.8	10.249	0.0075	1503.227	1.6667	5.195	2505.404	0.6284	0.7827
3.183	 3	68.8	10.239	0.0106	1498.902	1.6744	5.7618	2509.797	0.6239	0.7838
3.193	 3	69.8	10.233	0.0106	1497.804	1.6656	5.802	2494.8	0.629	0.7823
3.203	 3	70.8	10.223	0.0108	1497.656	1.6543	5.2725	2477.524	0.6356	0.7798
3.213	 3	71.8	10.218	0.0113	1494.515	1.6816	5.1943	2513.112	0.6197	0.7791
3.223	 3	72.8	10.212	0.0119	1493.637	1.6624	5.2631	2483.001	0.6309	0.7743
3.233	 3	73.8	10.207	0.0121	1492.47	1.6705	5.8277	2493.156	0.6262	0.7757
3.243	 3	74.8	10.202	0.012	1494.798	1.6722	5.2469	2499.638	0.6252	0.7764
3.253	 3	75.8	10.192	0.0116	1495.524	1.6815	5.8141	2514.769	0.6198	0.7805
3.263	 3	76.8	10.187	0.0109	1494.352	1.6695	5.2778	2494.825	0.6267	0.7845
3.273	 3	77.8	10.173	0.0128	1494.271	1.6921	5.809	2528.449	0.6136	0.7786
3.283	 3	78.8	10.168	0.0131	1494.415	1.6867	5.8357	2520.679	0.6167	0.7763
3.293	 3	79.8	10.166	0.0121	1494.78	1.6785	5.8679	2508.917	0.6215	0.7721
3.303	 3	80.8	10.159	0.0118	1492.215	1.6793	5.8766	2505.88	0.6211	0.7639
3.313	 3	81.8	10.158	0.0116	1491.849	1.6807	5.8734	2507.342	0.6202	0.7577
3.323	 3	82.8	10.163	0.0117	1493.022	1.6753	6.4724	2501.224	0.6234	0.7545
3.333	 3	83.8	10.162	0.0099	1493.094	1.6871	6.4288	2519.017	0.6165	0.7518
3.343	 3	84.8	10.163	0.0086	1495.659	1.6811	6.45	2514.344	0.62	0.747
3.353	 3	85.8	10.164	0.009	1499.557	1.7083	6.9223	2561.688	0.6042	0.7489
3.363	 3	86.8	10.164	0.0082	1500.664	1.721	6.8714	2582.597	0.5969	0.7524
3.373	 3	87.8	10.174	0.0089	1496.837	1.6879	6.9861	2526.512	0.6161	0.7541
3.383	 3	88.8	10.175	0.0084	1493.249	1.6971	7.5254	2534.121	0.6108	0.7613
3.393	 3	89.8	10.191	0.0082	1492.968	1.6728	7.5999	2497.448	0.6248	0.7611
3.403	 3	90.8	10.197	0.0087	1490.354	1.6688	7.6053	2487.068	0.6272	0.7634
3.413	 3	91.8	10.203	0.007	1490.795	1.6908	8.0698	2520.696	0.6144	0.7648
3.423	 3	92.8	10.203	0.0073	1491.231	1.6949	7.4755	2527.465	0.612	0.7554
3.433	 3	93.8	10.203	0.0078	1490.359	1.6887	8.0801	2516.722	0.6156	0.7591
3.443	 3	94.8	10.203	0.0065	1489.707	1.6927	7.4851	2521.634	0.6133	0.764
3.453	 3	95.8	10.197	0.0067	1491.007	1.677	7.5679	2500.451	0.6224	0.7672
3.463	 3	96.8	10.192	0.0068	1493.771	1.6809	7.5611	2510.901	0.6201	0.7664
3.473	 3	97.8	10.186	0.0077	1495.083	1.6921	8.1026	2529.841	0.6136	0.7646
3.483	 3	98.8	10.186	0.0082	1496.181	1.6946	8.0907	2535.422	0.6122	0.7634
3.493	 3	99.8	10.18	0.0096	1496.399	1.6937	8.1086	2534.49	0.6127	0.7643
3.503	 3	100.8	10.191	0.0089	1498.236	1.7047	9.1786	2554.062	0.6063	0.7649
3.513	 3	101.8	10.181	0.0087	1501.18	1.7067	9.194	2562.066	0.6052	0.767
3.523	 3	102.8	10.178	0.0083	1502.731	1.6798	9.3489	2524.355	0.6207	0.7669
3.533	 3	103.8	10.183	0.0097	1499.043	1.6839	9.895	2524.299	0.6184	0.7656
3.543	 3	104.8	10.178	0.0095	1496.325	1.6851	9.9024	2521.421	0.6177	0.7645
3.553	 3	105.8	10.173	0.0094	1495.809	1.6862	10.4927	2522.253	0.617	0.7641
3.563	 3	106.8	10.171	0.0116	1497.718	1.6853	9.3371	2524.118	0.6176	0.7633
3.573	 3	107.8	10.168	0.0124	1495.954	1.6945	9.8754	2534.865	0.6123	0.7608
3.583	 3	108.8	10.168	0.0127	1495.514	1.6827	9.3594	2516.541	0.6191	0.7592
3.593	 3	109.8	10.163	0.0121	1497.642	1.6984	8.7057	2543.641	0.61	0.7551
3.603	 3	110.8	10.173	0.012	1502.659	1.7011	8.0894	2556.226	0.6084	0.755
3.613	 3	111.8	10.17	0.0104	1509.798	1.7244	7.4164	2603.529	0.5949	0.7564
3.623	 3	112.8	10.18	0.011	1510.162	1.7279	7.3807	2609.337	0.5929	0.763
3.633	 3	113.8	10.174	0.0165	1501.254	1.6891	6.981	2535.826	0.6153	0.7671
3.643	 3	114.8	10.173	0.0127	1494.93	1.6909	6.9759	2527.708	0.6144	0.7747
3.653	 3	115.8	10.176	0.0122	1495.371	1.6925	6.9631	2530.956	0.6134	0.779
3.663	 3	116.8	10.168	0.0123	1495.294	1.6939	5.8112	2532.817	0.6126	0.7814
3.673	 3	117.8	10.173	0.0134	1496.469	1.6865	6.411	2523.828	0.6169	0.7833
3.683	 3	118.8	10.174	0.013	1496.617	1.682	6.4263	2517.371	0.6195	0.7844
3.693	 3	119.8	10.171	0.0134	1498.821	1.6977	5.793	2544.577	0.6104	0.7835
3.703	 3	120.8	10.174	0.0131	1500.811	1.6879	5.2396	2533.221	0.6161	0.7835
3.713	 3	121.8	10.18	0.0133	1503.471	1.6844	5.2414	2532.501	0.6181	0.7857
3.723	 3	122.8	10.179	0.0132	1503.101	1.6927	5.2175	2544.223	0.6133	0.7887
3.733	 3	123.8	10.174	0.0115	1503.251	1.7212	5.1383	2587.379	0.5968	0.7891
3.743	 3	124.8	10.184	0.0104	1504.061	1.7195	5.1287	2586.233	0.5977	0.7959
3.753	 3	125.8	10.189	0.0109	1501.474	1.7174	5.1278	2578.604	0.599	0.7986
3.763	 3	126.8	10.195	0.0092	1497.503	1.7157	5.124	2569.32	0.5999	0.8026
3.773	 3	127.8	10.199	0.0067	1495.674	1.7125	5.1278	2561.379	0.6018	0.7982
3.783	 3	128.8	10.209	0.0069	1496.263	1.708	5.1269	2555.621	0.6044	0.8095
3.793	 3	129.8	10.209	0.0064	1494.51	1.6967	4.5876	2535.731	0.611	0.8133
3.803	 3	130.8	10.214	0.0061	1493.275	1.6813	5.201	2510.629	0.6199	0.86
3.813	 3	131.8	10.218	0.0062	1492.986	1.7005	5.1363	2538.856	0.6087	0.8656
3.823	 3	132.8	10.229	0.0055	1493.503	1.7075	5.0995	2550.16	0.6047	0.8789
3.833	 3	133.8	10.243	0.0045	1494.892	1.6747	5.1789	2503.48	0.6237	0.8947
3.843	 3	134.8	10.248	0.0053	1495.84	1.6874	5.1326	2524.144	0.6163	0.9082
3.853	 3	135.8	10.258	0.005	1496.426	1.6945	5.0968	2535.718	0.6122	0.9139
3.863	 3	136.8	10.266	0.0043	1496.938	1.7067	5.049	2554.844	0.6052	0.9111
3.873	 3	137.8	10.271	0.005	1499.635	1.7049	5.0472	2556.78	0.6062	0.9145
3.883	 3	138.8	10.288	0.0048	1502.775	1.7167	4.9887	2579.854	0.5993	0.9234
3.893	 3	139.8	10.332	0.004	1506.562	1.7097	4.9479	2575.819	0.6034	0.9306
3.903	 3	140.8	10.352	0.0038	1513.45	1.7083	4.9244	2585.487	0.6042	0.9365
3.913	 3	141.8	10.45	0.003	1518.895	1.692	4.839	2569.976	0.6137	0.9444
3.923	 3	142.8	10.486	0.003	1517.95	1.7308	4.6839	2627.296	0.5912	0.9656
3.933	 3	143.8	10.546	0.0	108.4343	1.7138	4.6535	185.8371	0.601	1.0032
3.943	 3	144.8	10.589	0.0006	1537.088	1.7172	4.0803	2639.542	0.5991	1.0705
3.953	 3	145.8	10.667	0.0005	1538.583	1.706	4.0217	2624.781	0.6056	1.1922
3.963	 3	146.8	10.6	0.0006	1518.625	1.7048	4.6101	2588.904	0.6063	1.4097
3.973	 3	147.8	10.514	0.0	108.1053	1.6924	4.2255	182.9593	0.6134	1.7993
3.983	 3	148.8	10.558	0.0	108.5577	1.6512	3.7443	179.2547	0.6373	2.3222
3.993	 3	149.8	10.747	0.0	110.501	1.0226	6.5673	112.999	1.002	2.7542
4.003	 4	0.2	10.805	0.0	111.0974	0.7046	8.2127	78.2771	1.1864	2.7922
4.013	 4	1.2	10.821	0.0	111.2619	1.6687	3.4531	185.6617	0.6272	2.3593
4.023	 4	2.2	10.86	0.0	111.6629	1.6753	3.8905	187.073	0.6234	1.8081
4.033	 4	3.2	10.85	0.0	111.5601	1.6817	3.8861	187.6068	0.6197	1.4065
4.043	 4	4.2	10.805	0.0	111.0974	1.6404	4.0315	182.2426	0.6436	1.1689
4.053	 4	5.2	10.419	0.0002	1542.87	1.6945	4.3318	2614.409	0.6122	1.0351
4.063	 4	6.2	10.293	0.0052	1521.733	1.7038	5.0194	2592.752	0.6068	0.9662
4.073	 4	7.2	10.185	0.0241	1513.598	1.7376	5.0737	2630.098	0.5872	0.9178
4.083	 4	8.2	10.179	0.0216	1508.224	1.7422	4.5058	2627.692	0.5845	0.8938
4.093	 4	9.2	10.174	0.0146	1509.495	1.736	5.0945	2620.427	0.5882	0.8797
4.103	 4	10.2	10.172	0.0126	1510.319	1.7366	4.5293	2622.861	0.5878	0.8726
4.113	 4	11.2	10.168	0.0132	1510.847	1.7556	5.0462	2652.425	0.5768	0.8722
4.123	 4	12.2	10.169	0.0144	1513.469	1.761	4.4704	2665.257	0.5737	0.8749
4.133	 4	13.2	10.168	0.0169	1518.065	1.7569	5.0424	2667.097	0.576	0.8744
4.143	 4	14.2	10.168	0.0236	1516.933	1.7409	4.5234	2640.792	0.5853	0.8788
4.153	 4	15.2	10.168	0.0163	1512.195	1.7526	4.4931	2650.318	0.5785	0.8803
4.163	 4	16.2	10.168	0.0111	1511.521	1.7648	4.462	2667.598	0.5714	0.8835
4.173	 4	17.2	10.179	0.0097	1518.574	1.7475	5.0538	2653.649	0.5815	0.8829
4.183	 4	18.2	10.184	0.0139	1524.323	1.7437	4.4957	2657.911	0.5837	0.8781
4.193	 4	19.2	10.193	0.0153	1524.757	1.7672	4.9777	2694.489	0.5701	0.8779
4.203	 4	20.2	10.199	0.0145	1527.254	1.7958	4.3466	2742.688	0.5535	0.8744
4.213	 4	21.2	10.209	0.0139	1532.653	1.7492	5.0061	2680.906	0.5805	0.8738
4.223	 4	22.2	10.208	0.0219	1527.458	1.7523	4.4432	2676.597	0.5787	0.8738
4.233	 4	23.2	10.204	0.0184	1525.261	1.7683	4.4082	2697.05	0.5695	0.8708
4.243	 4	24.2	10.213	0.0181	1525.239	1.764	4.4075	2690.569	0.5719	0.8646
4.253	 4	25.2	10.209	0.0166	1523.731	1.791	4.346	2728.999	0.5563	0.856
4.263	 4	26.2	10.214	0.0149	1525.844	1.7823	4.361	2719.528	0.5613	0.8551
4.273	 4	27.2	10.214	0.016	1524.023	1.7901	4.342	2728.185	0.5568	0.8603
4.283	 4	28.2	10.214	0.0143	1524.478	1.7725	4.3851	2702.2	0.567	0.8626
4.293	 4	29.2	10.219	0.0133	1526.135	1.7889	4.8812	2730.11	0.5575	0.8662
4.303	 4	30.2	10.214	0.0128	1523.568	1.783	4.3594	2716.502	0.5609	0.8641
4.313	 4	31.2	10.214	0.0132	1524.023	1.7837	4.3577	2718.345	0.5605	0.8635
4.323	 4	32.2	10.214	0.0148	1523.795	1.7682	4.3959	2694.362	0.5695	0.8534
4.333	 4	33.2	10.215	0.0151	1524.399	1.7677	4.3959	2694.657	0.5698	0.8396
4.343	 4	34.2	10.209	0.0141	1522.368	1.7684	4.4016	2692.14	0.5694	0.8352
4.353	 4	35.2	10.208	0.0122	1523.355	1.7857	4.3601	2720.301	0.5593	0.8333
4.363	 4	36.2	10.204	0.0122	1520.489	1.7696	4.4048	2690.642	0.5687	0.8394
4.373	 4	37.2	10.205	0.011	1519.279	1.7724	4.3965	2692.814	0.567	0.8525
4.383	 4	38.2	10.21	0.0107	1523.199	1.7803	4.3709	2711.757	0.5625	0.8682
4.393	 4	39.2	10.2	0.0088	1522.843	1.7871	4.3665	2721.519	0.5585	0.8822
4.403	 4	40.2	10.206	0.0081	1525.333	1.8018	4.3236	2748.352	0.55	0.888
4.413	 4	41.2	10.211	0.0095	1524.712	1.7859	4.356	2722.96	0.5592	0.8873
4.423	 4	42.2	10.205	0.0082	1524.5	1.7979	4.3343	2740.833	0.5523	0.8885
4.433	 4	43.2	10.21	0.0071	1525.702	1.7749	4.3842	2707.992	0.5656	0.8878
4.443	 4	44.2	10.212	0.0069	1521.681	1.7891	4.3469	2722.453	0.5574	0.8933
4.453	 4	45.2	10.212	0.0058	1524.862	1.7915	4.3411	2731.782	0.556	0.9039
4.463	 4	46.2	10.212	0.0055	1526.457	1.8018	4.3164	2750.34	0.55	0.913
4.473	 4	47.2	10.217	0.0052	1528.118	1.7947	3.7863	2742.542	0.5541	0.9185
4.483	 4	48.2	10.219	0.0053	1529.104	1.792	4.3314	2740.114	0.5557	0.9228
4.493	 4	49.2	10.222	0.0059	1525.672	1.7762	4.3662	2709.886	0.5649	0.9267
4.503	 4	50.2	10.222	0.0068	1520.678	1.7658	4.3919	2685.225	0.5709	0.9307
4.513	 4	51.2	10.221	0.0064	1520.53	1.7757	3.8226	2699.994	0.5651	0.9308
4.523	 4	52.2	10.221	0.0055	1523.93	1.7797	4.3587	2712.197	0.5628	0.9315
4.533	 4	53.2	10.214	0.0059	1520.393	1.7589	4.4191	2674.19	0.5749	0.9306
4.543	 4	54.2	10.225	0.007	1519.091	1.7399	4.4534	2643.105	0.5859	0.9251
4.553	 4	55.2	10.229	0.0065	1515.856	1.727	4.4818	2617.808	0.5934	0.9154
4.563	 4	56.2	10.24	0.0073	1513.45	1.7406	3.8787	2634.36	0.5855	0.9051
4.573	 4	57.2	10.243	0.007	1514.117	1.7556	4.3915	2658.112	0.5768	0.8973
4.583	 4	58.2	10.254	0.0064	1514.847	1.7363	3.8731	2630.235	0.588	0.892
4.593	 4	59.2	10.268	0.006	1513.784	1.7447	4.3878	2641.102	0.5831	0.8929
4.603	 4	60.2	10.271	0.006	1516.686	1.726	4.4316	2617.79	0.594	0.8959
4.613	 4	61.2	10.271	0.0059	1518.031	1.7445	4.3846	2648.236	0.5832	0.8994
4.623	 4	62.2	10.265	0.0059	1517.593	1.7515	4.3746	2658.004	0.5792	0.9002
4.633	 4	63.2	10.263	0.0068	1523.152	1.7657	4.3416	2689.505	0.5709	0.902
4.643	 4	64.2	10.263	0.0058	1526.778	1.7634	4.3474	2692.338	0.5723	0.9013
4.653	 4	65.2	10.259	0.005	1526.637	1.7588	4.3637	2685.01	0.575	0.9028
4.663	 4	66.2	10.259	0.0045	1526.637	1.7631	3.8089	2691.612	0.5724	0.9146
4.673	 4	67.2	10.257	0.0068	1524.751	1.7575	3.8233	2679.687	0.5757	0.9198
4.683	 4	68.2	10.248	0.007	1522.734	1.767	3.8123	2690.664	0.5702	0.926
4.693	 4	69.2	10.243	0.0067	1522.896	1.7503	3.8541	2665.487	0.5799	0.9237
4.703	 4	70.2	10.233	0.008	1520.279	1.754	3.8569	2666.515	0.5777	0.915
4.713	 4	71.2	10.228	0.0071	1521.118	1.7473	4.431	2657.781	0.5816	0.916
4.723	 4	72.2	10.22	0.0085	1520.381	1.7536	4.4251	2666.071	0.578	0.9101
4.733	 4	73.2	10.212	0.008	1519.417	1.7726	4.3875	2693.248	0.567	0.9056
4.743	 4	74.2	10.207	0.008	1518.673	1.7677	4.4057	2684.61	0.5698	0.9025
4.753	 4	75.2	10.208	0.0083	1519.274	1.737	3.9222	2638.932	0.5876	0.8985
4.763	 4	76.2	10.207	0.0083	1523.66	1.7724	4.3941	2700.56	0.567	0.8909
4.773	 4	77.2	10.193	0.0098	1522.707	1.7762	4.4021	2704.623	0.5649	0.8894
4.783	 4	78.2	10.193	0.0096	1523.39	1.7645	4.4313	2688.016	0.5716	0.893
4.793	 4	79.2	10.182	0.0098	1522.884	1.7944	3.8247	2732.632	0.5543	0.8902
4.803	 4	80.2	10.178	0.0094	1523.425	1.7961	3.8254	2736.239	0.5533	0.8902
4.813	 4	81.2	10.172	0.0098	1525.724	1.8027	3.818	2750.358	0.5495	0.8926
4.823	 4	82.2	10.167	0.0096	1527.953	1.7902	3.85	2735.356	0.5567	0.893
4.833	 4	83.2	10.168	0.0103	1528.793	1.8027	3.8223	2755.923	0.5495	0.8937
4.843	 4	84.2	10.168	0.0085	1531.325	1.8051	3.8172	2764.177	0.5481	0.8921
4.853	 4	85.2	10.163	0.0107	1534.038	1.8015	3.8302	2763.576	0.5502	0.8912
4.863	 4	86.2	10.168	0.0104	1533.404	1.7999	3.8281	2760.023	0.5511	0.888
4.873	 4	87.2	10.172	0.0103	1529.394	1.7917	3.8413	2740.231	0.5559	0.8871
4.883	 4	88.2	10.168	0.0087	1529.253	1.8092	4.3525	2766.77	0.5457	0.8889
4.893	 4	89.2	10.171	0.0078	1526.719	1.7905	3.8449	2733.628	0.5565	0.8905
4.903	 4	90.2	10.18	0.0073	1524.18	1.7658	3.8889	2691.324	0.5709	0.8926
4.913	 4	91.2	10.177	0.0078	1526.016	1.78	3.8611	2716.303	0.5626	0.8916
4.923	 4	92.2	10.186	0.0075	1527.824	1.7899	3.8299	2734.693	0.5569	0.8951
4.933	 4	93.2	10.191	0.0066	1527.886	1.8062	3.7901	2759.642	0.5475	0.9003
4.943	 4	94.2	10.191	0.0064	1527.428	1.7863	3.8322	2728.495	0.559	0.8926
4.953	 4	95.2	10.208	0.0058	1525.632	1.7912	3.8035	2732.67	0.5562	0.8992
4.963	 4	96.2	10.203	0.0062	1527.167	1.8037	3.7824	2754.571	0.5489	0.9064
4.973	 4	97.2	10.197	0.0059	1528.556	1.7982	3.8003	2748.709	0.5521	0.9099
4.983	 4	98.2	10.203	0.0057	1527.853	1.8086	3.7723	2763.202	0.5461	0.9124
4.993	 4	99.2	10.203	0.0053	1526.025	1.7938	3.8034	2737.319	0.5547	0.9153
5.003	 4	100.2	10.207	0.0052	1523.888	1.7721	3.8455	2700.452	0.5672	0.9206
5.013	 4	101.2	10.198	0.0052	1520.954	1.7841	3.8294	2713.521	0.5603	0.9255
5.023	 4	102.2	10.201	0.0049	1521.629	1.8089	3.7737	2752.486	0.5459	0.928
5.033	 4	103.2	10.201	0.0045	1524.813	1.8054	3.7809	2752.971	0.5479	0.9331
5.043	 4	104.2	10.195	0.0038	1526.426	1.7914	3.817	2734.455	0.556	0.9357
5.053	 4	105.2	10.196	0.004	1531.161	1.8101	3.7764	2771.617	0.5452	0.9355
5.063	 4	106.2	10.194	0.0041	1532.472	1.8164	3.7655	2783.594	0.5415	0.9417
5.073	 4	107.2	10.185	0.0044	1531.579	1.8271	3.753	2798.388	0.5353	0.9459
5.083	 4	108.2	10.191	0.0043	1533.173	1.8264	3.7481	2800.191	0.5357	0.9501
5.093	 4	109.2	10.179	0.0035	1531.137	1.8219	3.7702	2789.552	0.5384	0.9508
5.103	 4	110.2	10.185	0.0035	1536.199	1.8655	3.6759	2865.707	0.5131	0.9526
5.113	 4	111.2	10.185	0.0033	1542.247	1.8593	3.6881	2867.458	0.5167	0.9493
5.123	 4	112.2	10.202	0.003	1551.399	1.8971	3.5972	2943.16	0.4947	0.9469
5.133	 4	113.2	10.197	0.0023	1545.0	1.8477	3.6986	2854.714	0.5234	0.9478
5.143	 4	114.2	10.197	0.0036	1538.473	1.8048	3.7866	2776.598	0.5483	0.9443
5.153	 4	115.2	10.202	0.0036	1528.161	1.7766	3.8411	2714.996	0.5646	0.9404
5.163	 4	116.2	10.202	0.0032	1522.687	1.779	3.836	2708.86	0.5632	0.9423
5.173	 4	117.2	10.202	0.0031	1525.191	1.7831	3.8273	2719.495	0.5609	0.953
5.183	 4	118.2	10.202	0.0027	1526.788	1.828	3.7333	2790.899	0.5348	0.9586
5.193	 4	119.2	10.202	0.0023	1531.832	1.807	4.3161	2768.019	0.547	0.9617
5.203	 4	120.2	10.202	0.0027	1527.703	1.8001	3.791	2750.023	0.551	0.961
5.213	 4	121.2	10.202	0.0025	1526.332	1.7987	3.7939	2745.457	0.5518	0.9624
5.223	 4	122.2	10.202	0.0025	1526.103	1.8115	3.7672	2764.544	0.5444	0.9648
5.233	 4	123.2	10.213	0.0023	1528.435	1.8023	3.7747	2754.686	0.5497	0.9774
5.243	 4	124.2	10.209	0.0023	1530.355	1.8242	3.7335	2791.73	0.537	0.9838
5.253	 4	125.2	10.22	0.002	1533.153	1.829	3.7123	2804.087	0.5342	0.9908
5.263	 4	126.2	10.217	0.002	1536.16	1.8434	3.6864	2831.724	0.5259	0.9944
5.273	 4	127.2	10.222	0.0016	1542.012	1.8682	3.6323	2880.765	0.5115	0.999
5.283	 4	128.2	10.228	0.0017	1546.417	1.8493	3.1399	2859.777	0.5225	1.0031
5.293	 4	129.2	10.221	0.0021	1547.933	1.8574	3.1323	2875.177	0.5177	1.0091
5.303	 4	130.2	10.226	0.0015	1551.745	1.8671	3.1117	2897.245	0.5121	1.0157
5.313	 4	131.2	10.225	0.0013	1550.887	1.8854	3.0824	2923.985	0.5015	1.037
5.323	 4	132.2	10.224	0.0012	1551.913	1.9036	3.0538	2954.168	0.491	1.088
5.333	 4	133.2	10.235	0.001	1553.582	1.8776	3.0865	2916.984	0.506	1.0881
5.343	 4	134.2	10.244	0.001	1558.26	1.8886	3.5709	2942.89	0.4997	1.0853
5.353	 4	135.2	10.244	0.001	1558.734	1.8675	3.0953	2910.887	0.5119	1.0873
5.363	 4	136.2	10.259	0.0009	1551.104	1.8262	3.1519	2832.698	0.5358	1.0877
5.373	 4	137.2	10.269	0.0012	1541.66	1.8238	3.6719	2811.623	0.5373	1.0804
5.383	 4	138.2	10.271	0.001	1538.035	1.8259	3.1419	2808.268	0.536	1.0755
5.393	 4	139.2	10.276	0.001	1542.017	1.8106	3.6913	2791.972	0.5449	1.0758
5.403	 4	140.2	10.302	0.0007	1546.615	1.7998	3.6865	2783.573	0.5512	1.0675
5.413	 4	141.2	10.301	0.001	1540.221	1.7784	7.997	2739.109	0.5636	1.0645
5.423	 4	142.2	10.347	0.0017	1545.943	1.7834	3.674	2757.009	0.5607	1.066
5.433	 4	143.2	10.555	0.0008	1556.326	1.7111	3.0997	2662.977	0.6026	1.0696
5.443	 4	144.2	10.548	0.0001	1537.609	1.7666	3.5093	2716.386	0.5704	1.0912
5.453	 4	145.2	10.517	0.0	108.1362	1.8044	2.9699	195.1261	0.5485	1.1405
5.463	 4	146.2	10.503	0.0	107.9922	1.8023	2.9849	194.6319	0.5497	1.2321
5.473	 4	147.2	10.498	0.0001	1526.538	1.7781	3.5345	2714.38	0.5637	1.401
5.483	 4	148.2	10.492	0.0001	1449.572	1.7658	3.0557	2559.704	0.5709	1.7061
5.493	 4	149.2	10.512	0.0004	1519.734	1.7693	3.0331	2688.815	0.5689	2.2664
5.503	 4	150.2	10.707	0.0	110.0898	1.7604	2.8919	193.8003	0.574	3.0387
5.513	 4	151.2	10.819	0.0	111.2414	1.0249	4.0179	114.0114	1.0006	3.6029
5.523	 5	0.6	10.847	0.0	111.5293	0.8782	4.6544	97.9496	1.0857	3.5214
5.533	 5	1.6	10.853	0.0	111.5909	1.7058	2.3926	190.3504	0.6057	2.8652
5.543	 5	2.6	10.818	0.0	111.2311	1.7859	2.3064	198.6467	0.5592	2.1945
5.553	 5	3.6	10.782	0.0004	1588.859	1.8577	2.6862	2951.599	0.5176	1.7367
5.563	 5	4.6	10.721	0.0	110.2337	1.8013	1.8771	198.5682	0.5503	1.4671
5.573	 5	5.6	10.303	0.0013	1584.589	1.8167	3.1296	2878.707	0.5414	1.3095
5.583	 5	6.6	10.261	0.0043	1563.7	1.8167	2.6388	2840.84	0.5413	1.2218
5.593	 5	7.6	10.181	0.0188	1549.62	1.8463	3.187	2861.077	0.5242	1.1588
5.603	 5	8.6	10.169	0.0201	1551.335	1.8666	2.636	2895.665	0.5124	1.116
5.613	 5	9.6	10.169	0.0202	1557.99	1.8798	2.6175	2928.656	0.5048	1.0737
5.623	 5	10.6	10.169	0.0217	1557.036	1.879	3.1422	2925.713	0.5052	1.0385
5.633	 5	11.6	10.169	0.0215	1552.993	1.8702	3.157	2904.431	0.5103	1.0236
5.643	 5	12.6	10.172	0.0205	1551.556	1.8415	3.2035	2857.206	0.527	1.0046
5.653	 5	13.6	10.169	0.0185	1551.335	1.8753	3.1484	2909.291	0.5073	0.9982
5.663	 5	14.6	10.168	0.0149	1550.946	1.8675	3.1626	2896.355	0.5119	0.9968
5.673	 5	15.6	10.168	0.0159	1543.647	1.8405	3.7438	2841.01	0.5276	0.99
5.683	 5	16.6	10.178	0.0135	1540.021	1.8259	3.2254	2811.957	0.536	0.9846
5.693	 5	17.6	10.183	0.0095	1540.078	1.8271	3.2187	2813.929	0.5353	0.971
5.703	 5	18.6	10.194	0.0088	1542.676	1.8386	3.1886	2836.368	0.5287	0.9723
5.713	 5	19.6	10.204	0.0081	1543.255	1.8304	3.7261	2824.804	0.5334	0.9722
5.723	 5	20.6	10.209	0.0091	1542.378	1.8306	3.189	2823.452	0.5333	0.9658
5.733	 5	21.6	10.214	0.009	1538.021	1.8115	3.7545	2786.065	0.5444	0.9629
5.743	 5	22.6	10.214	0.0088	1535.478	1.7987	3.241	2761.826	0.5518	0.9576
5.753	 5	23.6	10.218	0.0077	1535.618	1.8325	3.1776	2814.036	0.5322	0.958
5.763	 5	24.6	10.22	0.0072	1537.767	1.8139	3.2084	2789.32	0.543	0.9544
5.773	 5	25.6	10.22	0.0076	1537.999	1.8507	3.1445	2846.436	0.5216	0.9545
5.783	 5	26.6	10.225	0.0068	1546.665	1.8787	3.0934	2905.69	0.5054	0.9557
5.793	 5	27.6	10.225	0.0072	1549.477	1.8618	3.6417	2884.805	0.5152	0.9535
5.803	 5	28.6	10.225	0.0074	1550.887	1.8578	3.1282	2881.226	0.5175	0.9541
5.813	 5	29.6	10.225	0.0068	1552.771	1.8527	3.1367	2876.854	0.5205	0.9518
5.823	 5	30.6	10.22	0.0075	1547.078	1.8515	3.1433	2864.356	0.5212	0.9552
5.833	 5	31.6	10.22	0.0074	1544.974	1.8468	3.1513	2853.229	0.5239	0.9664
5.843	 5	32.6	10.225	0.0068	1544.095	1.8437	3.152	2846.889	0.5257	0.9729
5.853	 5	33.6	10.214	0.0065	1541.736	1.8457	3.1584	2845.6	0.5245	0.9782
5.863	 5	34.6	10.215	0.0044	1545.62	1.8643	3.126	2881.568	0.5137	0.9811
5.873	 5	35.6	10.211	0.0042	1552.059	1.8765	3.1093	2912.364	0.5067	0.9884
5.883	 5	36.6	10.21	0.0043	1553.797	1.877	3.1093	2916.483	0.5064	0.993
5.893	 5	37.6	10.205	0.0056	1550.912	1.8684	3.1281	2897.67	0.5114	1.0163
5.903	 5	38.6	10.201	0.005	1546.778	1.8513	2.107	2863.552	0.5213	1.0336
5.913	 5	39.6	10.204	0.0052	1543.488	1.8461	2.6389	2849.411	0.5243	1.0461
5.923	 5	40.6	10.197	0.0057	1534.999	1.8017	3.2512	2765.568	0.5501	1.0553
5.933	 5	41.6	10.195	0.0046	1532.161	1.8317	3.1998	2806.432	0.5327	1.0515
5.943	 5	42.6	10.194	0.0044	1534.086	1.8294	2.6706	2806.439	0.534	1.044
5.953	 5	43.6	10.194	0.0038	1534.548	1.8168	3.227	2787.901	0.5413	1.042
5.963	 5	44.6	10.19	0.0032	1542.537	1.8504	3.1719	2854.34	0.5218	1.0386
5.973	 5	45.6	10.19	0.0042	1553.354	1.8653	3.1466	2897.418	0.5132	1.0377
5.983	 5	46.6	10.195	0.0042	1548.921	1.8313	3.2004	2836.584	0.5329	1.037
5.993	 5	47.6	10.191	0.0031	1536.409	1.8149	3.772	2788.355	0.5424	1.0332
6.003	 5	48.6	10.193	0.0024	1524.301	1.7945	3.8126	2735.346	0.5542	1.0319
6.013	 5	49.6	10.201	0.0022	1522.31	1.787	3.2743	2720.301	0.5586	1.032
6.023	 5	50.6	10.2	0.0019	1518.761	1.7679	3.8622	2685.088	0.5696	1.0219
6.033	 5	51.6	10.2	0.0011	1521.707	1.7777	3.2923	2705.084	0.564	1.0284
6.043	 5	52.6	10.205	0.001	1516.12	1.7835	3.2768	2704.065	0.5606	1.0228
6.053	 5	53.6	10.2	0.0011	1515.151	1.7653	3.3154	2674.668	0.5712	1.0221
6.063	 5	54.6	10.216	0.0016	1515.727	1.7692	3.2932	2681.597	0.5689	1.0231
6.073	 5	55.6	10.224	0.0021	1526.198	1.786	3.2548	2725.773	0.5592	1.0298
6.083	 5	56.6	10.233	0.0033	1537.179	1.8119	3.2001	2785.246	0.5441	1.03
6.093	 5	57.6	10.238	0.0058	1540.012	1.8215	3.1788	2805.172	0.5386	1.0322
6.103	 5	58.6	10.254	0.0037	1550.348	1.8342	3.1426	2843.698	0.5312	1.0403
6.113	 5	59.6	10.249	0.0033	1552.173	1.8747	3.0791	2909.784	0.5077	1.0465
6.123	 5	60.6	10.248	0.0019	1561.719	1.8634	3.0985	2910.178	0.5142	1.0666
6.133	 5	61.6	10.243	0.0011	1533.843	1.7936	3.2238	2751.073	0.5548	1.0746
6.143	 5	62.6	10.238	0.0008	1497.221	1.7859	3.2421	2673.925	0.5592	1.086
6.153	 5	63.6	10.233	0.0012	1425.407	1.7646	3.286	2515.239	0.5716	1.0908
6.163	 5	64.6	10.225	0.001	1507.445	1.7937	3.24	2703.838	0.5547	1.107
6.173	 5	65.6	10.223	0.0013	1322.51	1.7964	3.2369	2375.763	0.5531	1.0956
6.183	 5	66.6	10.219	0.0011	1525.452	1.7889	3.2541	2728.887	0.5575	1.1088
6.193	 5	67.6	10.214	0.0012	1327.183	1.8025	3.2342	2392.195	0.5496	1.1126
6.203	 5	68.6	10.213	0.0009	1528.663	1.7954	3.2478	2744.594	0.5537	1.1325
6.213	 5	69.6	10.212	0.0012	1547.976	1.7983	3.2435	2783.788	0.552	1.137
6.223	 5	70.6	10.212	0.0028	1538.183	1.7867	3.2645	2748.316	0.5587	1.1375
6.233	 5	71.6	10.209	0.0033	1533.113	1.7754	3.2881	2721.927	0.5653	1.1333
6.243	 5	72.6	10.204	0.0031	1529.147	1.7693	3.3042	2705.453	0.5689	1.1448
6.253	 5	73.6	10.204	0.0017	1532.362	1.8094	3.2309	2772.68	0.5456	1.1389
6.263	 5	74.6	10.199	0.0012	1528.169	1.7893	3.2718	2734.423	0.5572	1.1348
6.273	 5	75.6	10.194	0.0012	1512.912	1.795	3.2661	2715.677	0.5539	1.1311
6.283	 5	76.6	10.193	0.0006	1413.143	1.7705	3.3122	2501.965	0.5682	1.1296
6.293	 5	77.6	10.191	0.0003	1314.798	1.7952	3.2685	2360.308	0.5538	1.131
6.303	 5	78.6	10.186	0.0003	1250.737	1.8224	2.6869	2279.32	0.5381	1.1215
6.313	 5	79.6	10.184	0.0003	1262.427	1.8501	2.6482	2335.579	0.522	1.1229
6.323	 5	80.6	10.179	0.0002	1180.995	1.8349	2.6739	2167.027	0.5308	1.1116
6.333	 5	81.6	10.176	0.0002	1190.036	1.8548	3.177	2207.24	0.5193	1.113
6.343	 5	82.6	10.18	0.0002	1192.177	1.87	2.6229	2229.398	0.5104	1.1238
6.353	 5	83.6	10.187	0.0002	1192.857	1.825	3.2188	2176.976	0.5365	1.1332
6.363	 5	84.6	10.186	0.0003	1263.615	1.7869	3.2884	2257.916	0.5587	1.1281
6.373	 5	85.6	10.186	0.0002	1180.849	1.7815	3.2984	2103.631	0.5618	1.1199
6.383	 5	86.6	10.19	0.0002	1188.2	1.8071	3.248	2147.138	0.547	1.1081
6.393	 5	87.6	10.192	0.0003	1188.433	1.7947	3.2685	2132.843	0.5541	1.1045
6.403	 5	88.6	10.189	0.0002	1186.976	1.7786	3.3009	2111.123	0.5635	1.0905
6.413	 5	89.6	10.191	0.0002	1182.799	1.7708	3.3134	2094.553	0.568	1.0912
6.423	 5	90.6	10.189	0.0002	1182.43	1.7735	3.3103	2097.081	0.5664	1.0912
6.433	 5	91.6	10.194	0.0001	1182.05	1.7594	8.886	2079.64	0.5746	1.086
6.443	 5	92.6	10.191	0.0001	1188.732	1.7702	3.8672	2104.265	0.5683	1.081
6.453	 5	93.6	10.19	0.0002	1190.004	1.7835	3.8394	2122.324	0.5606	1.0697
6.463	 5	94.6	10.188	0.0002	1189.353	1.7707	3.8693	2105.984	0.568	1.0796
6.473	 5	95.6	10.191	0.0002	1194.165	1.7755	4.4063	2120.281	0.5652	1.083
6.483	 5	96.6	10.196	0.0001	1189.315	1.776	4.3989	2112.232	0.565	1.0803
6.493	 5	97.6	10.202	0.0001	1078.892	1.7773	3.8396	1917.532	0.5642	1.0744
6.503	 5	98.6	10.212	0.0001	1143.433	1.7966	3.7877	2054.32	0.553	1.0789
6.513	 5	99.6	10.215	0.0002	1143.641	1.8253	3.725	2087.46	0.5364	1.0883
6.523	 5	100.6	10.222	0.0001	976.4066	1.7901	3.7908	1747.849	0.5568	1.1058
6.533	 5	101.6	10.232	0.0002	1204.899	1.7711	3.8206	2133.995	0.5678	1.1253
6.543	 5	102.6	10.237	0.0002	1141.249	1.7864	3.2421	2038.771	0.5589	1.1582
6.553	 5	103.6	10.225	0.0001	1192.003	1.7885	3.2493	2131.94	0.5577	1.2285
6.563	 5	104.6	10.23	0.0001	1188.567	1.7624	3.2928	2094.766	0.5728	1.2393
6.573	 5	105.6	10.24	0.0001	1187.935	1.7754	3.8027	2109.09	0.5653	1.2445
6.583	 5	106.6	10.251	0.0001	1188.108	1.7718	3.256	2105.137	0.5674	1.2507
6.593	 5	107.6	10.255	0.0002	1192.997	1.7752	3.2462	2117.79	0.5654	1.2533
6.603	 5	108.6	10.259	0.0002	1263.735	1.7949	3.2069	2268.274	0.554	1.2613
6.613	 5	109.6	10.269	0.0001	1186.893	1.7966	3.7274	2132.354	0.553	1.2595
6.623	 5	110.6	10.269	0.0	105.5862	1.8042	3.1815	190.4967	0.5486	1.2604
6.633	 5	111.6	10.315	0.0	106.0592	1.8259	3.1035	193.6498	0.536	1.2666
6.643	 5	112.6	10.318	0.0	106.09	1.8081	3.6532	191.8215	0.5463	1.274
6.653	 5	113.6	10.339	0.0001	1348.331	1.7681	3.714	2384.04	0.5695	1.2848
6.663	 5	114.6	10.55	0.0	108.4755	1.7636	3.0115	191.3045	0.5722	1.2787
6.673	 5	115.6	10.523	0.0	108.1979	1.7623	3.0359	190.6798	0.5729	1.2705
6.683	 5	116.6	10.517	0.0	108.1362	1.7459	3.0696	188.79	0.5825	1.2942
6.693	 5	117.6	10.512	0.0	108.0848	1.7487	3.0688	189.0064	0.5808	1.3586
6.703	 5	118.6	10.499	0.0	107.9511	1.7586	3.0624	189.84	0.5751	1.4889
6.713	 5	119.6	10.483	0.0	107.7866	1.764	3.0665	190.1314	0.5719	1.7711
6.723	 5	120.6	10.509	0.0	108.0539	1.7603	3.0511	190.2044	0.5741	2.2599
6.733	 5	121.6	10.668	0.0	109.6888	1.7107	3.0072	187.6424	0.6029	2.961
6.743	 5	122.6	10.814	0.0	111.1899	1.4902	3.3204	165.6977	0.7307	3.4948
6.753	 6	0.4	10.831	0.0	111.3647	0.957	5.1471	106.5797	1.04	3.4102
6.763	 6	1.4	10.844	0.0	111.4984	1.663	2.952	185.4165	0.6305	2.8076
6.773	 6	2.4	10.871	0.0	111.776	1.5642	3.6356	174.837	0.6878	2.2667
6.783	 6	3.4	10.843	0.0	111.4881	1.369	4.1847	152.6235	0.8011	1.8559
6.793	 6	4.4	10.774	0.0	110.7787	1.5957	3.6563	176.7646	0.6696	1.6182
6.803	 6	5.4	10.378	0.0	106.707	1.7679	3.6745	188.6459	0.5697	1.4764
6.813	 6	6.4	10.294	0.0002	1374.182	1.7796	3.7367	2445.49	0.5629	1.3962
6.823	 6	7.4	10.208	0.0001	897.0123	1.8063	4.3105	1620.258	0.5474	1.3376
6.833	 6	8.4	10.203	0.0002	1186.671	1.8398	3.7081	2183.273	0.5279	1.2872
6.843	 6	9.4	10.197	0.0002	1010.304	1.8423	3.1795	1861.324	0.5265	1.2455
6.853	 6	10.4	10.184	0.0001	981.3066	1.8224	3.7638	1788.322	0.5381	1.2227
6.863	 6	11.4	10.18	0.0002	984.431	1.8099	3.7942	1781.687	0.5453	1.2237
6.873	 6	12.4	10.181	0.0002	980.0732	1.8024	3.2646	1766.523	0.5496	1.2099
6.883	 6	13.4	10.181	0.0002	987.0092	1.7672	3.3296	1744.284	0.57	1.2095
6.893	 6	14.4	10.181	0.0002	981.4904	1.7606	3.3422	1728.015	0.5739	1.2048
6.903	 6	15.4	10.175	0.0001	994.2349	1.7696	3.886	1759.416	0.5687	1.1971
6.913	 6	16.4	10.175	0.0002	1172.1	1.767	3.8918	2071.045	0.5702	1.1914
6.923	 6	17.4	10.18	0.0001	1039.943	1.7211	3.4198	1789.879	0.5968	1.1612
6.933	 6	18.4	10.185	0.0001	980.8358	1.7464	3.3655	1712.963	0.5821	1.1486
6.943	 6	19.4	10.185	0.0002	1055.769	1.7504	3.3579	1847.975	0.5798	1.1394
6.953	 6	20.4	10.19	0.0001	1046.523	1.7223	3.4078	1802.443	0.5961	1.1431
6.963	 6	21.4	10.199	0.0001	975.7941	1.7685	3.8622	1725.646	0.5693	1.1525
6.973	 6	22.4	10.205	0.0001	850.275	1.7558	3.3286	1492.915	0.5767	1.1669
6.983	 6	23.4	10.211	0.0001	970.3506	1.7808	3.8224	1728.005	0.5622	1.177
6.993	 6	24.4	10.211	0.0001	1007.996	1.7316	3.931	1745.453	0.5907	1.1865
7.003	 6	25.4	10.21	0.0001	1001.57	1.7425	3.9076	1745.217	0.5844	1.1844
7.013	 6	26.4	10.207	0.0	880.2932	1.7545	3.8841	1544.447	0.5775	1.1766
7.023	 6	27.4	10.21	0.0001	882.6072	1.7646	3.8587	1557.404	0.5716	1.1574
7.033	 6	28.4	10.215	0.0001	987.911	1.8123	3.2157	1790.417	0.5439	1.1406
7.043	 6	29.4	10.216	0.0001	1023.852	1.8052	3.2275	1848.273	0.548	1.1243
7.053	 6	30.4	10.215	0.0001	964.2251	1.7707	3.8399	1707.347	0.568	1.1076
7.063	 6	31.4	10.215	0.0001	1046.941	1.8398	3.1677	1926.169	0.528	1.1066
7.073	 6	32.4	10.22	0.0001	1043.283	1.8233	3.1918	1902.246	0.5375	1.0978
7.083	 6	33.4	10.224	0.0001	1017.415	1.8353	3.1673	1867.301	0.5305	1.1055
7.093	 6	34.4	10.22	0.0001	977.4292	1.8142	3.2078	1773.277	0.5428	1.123
7.103	 6	35.4	10.221	0.0001	972.3173	1.7814	3.8103	1732.113	0.5618	1.1475
7.113	 6	36.4	10.22	0.0001	876.7264	1.7925	3.2467	1571.516	0.5554	1.1727
7.123	 6	37.4	10.216	0.0001	855.8264	1.7749	3.2826	1518.989	0.5656	1.2025
7.133	 6	38.4	10.211	0.0001	976.5684	1.7667	3.3025	1725.312	0.5704	1.2241
7.143	 6	39.4	10.212	0.0001	977.3184	1.7803	3.2763	1739.913	0.5625	1.2423
7.153	 6	40.4	10.213	0.0	105.0104	1.7754	3.8318	186.4357	0.5653	1.2503
7.163	 6	41.4	10.215	0.0001	874.572	1.7964	3.2441	1571.116	0.5531	1.2506
7.173	 6	42.4	10.209	0.0001	877.5141	1.789	5.4387	1569.832	0.5575	1.253
7.183	 6	43.4	10.207	0.0	104.9487	1.7996	3.2458	188.8621	0.5513	1.2567
7.193	 6	44.4	10.21	0.0	104.9796	1.7932	3.2546	188.2506	0.555	1.2525
7.203	 6	45.4	10.207	0.0001	990.1057	1.7617	3.8681	1744.314	0.5732	1.2409
7.213	 6	46.4	10.207	0.0001	794.3809	1.745	3.3474	1386.157	0.583	1.2252
7.223	 6	47.4	10.207	0.0001	967.4882	1.7463	3.3449	1689.486	0.5822	1.2221
7.233	 6	48.4	10.207	0.0	104.9487	1.7674	3.3049	185.4865	0.57	1.2195
7.243	 6	49.4	10.212	0.0	105.0002	1.7783	3.2801	186.7185	0.5636	1.2177
7.253	 6	50.4	10.212	0.0	105.0002	1.7789	3.2788	186.7893	0.5633	1.219
7.263	 6	51.4	10.212	0.0	873.2684	1.7762	3.2838	1551.141	0.5648	1.2143
7.273	 6	52.4	10.206	0.0	1000.392	1.8206	3.2093	1821.275	0.5391	1.2081
7.283	 6	53.4	10.222	0.0	105.103	1.7976	2.6964	188.9342	0.5524	1.1956
7.293	 6	54.4	10.228	0.0	105.1647	1.8031	3.2203	189.622	0.5492	1.1795
7.303	 6	55.4	10.219	0.0	105.0721	1.7637	3.3007	185.3116	0.5721	1.1687
7.313	 6	56.4	10.223	0.0	105.1133	1.767	3.2908	185.7318	0.5702	1.175
7.323	 6	57.4	10.239	0.0	105.2778	1.7612	3.2867	185.4165	0.5735	1.1806
7.333	 6	58.4	10.236	0.0	105.2469	1.7452	3.3196	183.6805	0.5828	1.1887
7.343	 6	59.4	10.238	0.0	105.2675	1.7287	3.3496	181.9707	0.5924	1.189
7.353	 6	60.4	10.228	0.0	105.1647	1.7528	3.3127	184.3371	0.5784	1.1945
7.363	 6	61.4	10.223	0.0	803.6949	1.763	3.848	1416.891	0.5725	1.2068
7.373	 6	62.4	10.223	0.0	105.1133	1.7885	3.793	187.9998	0.5577	1.2271
7.383	 6	63.4	10.223	0.0	105.1133	1.763	3.2983	185.3116	0.5725	1.2505
7.393	 6	64.4	10.219	0.0	105.0721	1.7906	3.7929	188.1431	0.5565	1.2705
7.403	 6	65.4	10.218	0.0	105.0618	1.7976	3.2393	188.8621	0.5524	1.2793
7.413	 6	66.4	10.214	0.0	105.0207	1.7929	3.7935	188.2865	0.5552	1.3006
7.423	 6	67.4	10.209	0.0	104.9693	1.8085	3.2279	189.84	0.5461	1.3151
7.433	 6	68.4	10.209	0.0	104.9693	1.8096	3.2261	189.9492	0.5455	1.3201
7.443	 6	69.4	10.209	0.0	104.9693	1.8441	3.1657	193.5746	0.5255	1.3387
7.453	 6	70.4	10.204	0.0	104.9179	1.8143	3.2222	190.3504	0.5428	1.3328
7.463	 6	71.4	10.2	0.0	104.8768	1.8685	3.1322	195.9674	0.5113	1.3381
7.473	 6	72.4	10.2	0.0	104.8768	1.858	3.15	194.8597	0.5174	1.3324
7.483	 6	73.4	10.2	0.0	104.8768	1.8287	3.2005	191.7845	0.5344	1.3246
7.493	 6	74.4	10.195	0.0	104.8254	1.7685	3.3141	185.3815	0.5693	1.3151
7.503	 6	75.4	10.196	0.0	104.8356	1.7834	3.2854	186.9665	0.5607	1.2991
7.513	 6	76.4	10.193	0.0	104.8048	1.8141	3.2325	190.1314	0.5428	1.2672
7.523	 6	77.4	10.19	0.0	104.7739	1.8095	3.2436	189.5857	0.5455	1.248
7.533	 6	78.4	10.191	0.0	104.7842	1.8069	3.2474	189.3319	0.5471	1.2345
7.543	 6	79.4	10.182	0.0	104.6917	1.7985	3.2709	188.2865	0.5519	1.2435
7.553	 6	80.4	10.18	0.0	104.6711	1.7731	3.3196	185.5916	0.5667	1.2527
7.563	 6	81.4	10.184	0.0	104.7123	1.804	3.8022	188.8982	0.5487	1.2687
7.573	 6	82.4	10.187	0.0	104.7431	1.7762	3.3071	186.048	0.5648	1.2726
7.583	 6	83.4	10.184	0.0	104.7123	1.7951	3.8211	187.964	0.5539	1.2495
7.593	 6	84.4	10.187	0.0	104.7431	1.8121	3.782	189.8037	0.544	1.2208
7.603	 6	85.4	10.187	0.0	104.7431	1.8384	3.1952	192.5642	0.5287	1.2047
7.613	 6	86.4	10.186	0.0	104.7328	1.8386	3.1958	192.5642	0.5286	1.2049
7.623	 6	87.4	10.186	0.0	104.7328	1.8185	3.2311	190.4601	0.5403	1.2142
7.633	 6	88.4	10.19	0.0	104.7739	1.8126	3.238	189.9128	0.5437	1.2265
7.643	 6	89.4	10.19	0.0	104.7739	1.8182	3.7661	190.4967	0.5405	1.2369
7.653	 6	90.4	10.189	0.0	104.7637	1.8024	3.2573	188.826	0.5497	1.246
7.663	 6	91.4	10.192	0.0	104.7945	1.8192	3.2244	190.6432	0.5399	1.2457
7.673	 6	92.4	10.187	0.0	104.7431	1.8107	3.2442	189.6583	0.5448	1.2563
7.683	 6	93.4	10.188	0.0	104.7534	1.8386	3.194	192.6015	0.5286	1.2619
7.693	 6	94.4	10.187	0.0	104.7431	1.8299	2.6751	191.6735	0.5337	1.2816
7.703	 6	95.4	10.191	0.0	104.7842	1.8083	3.7857	189.4769	0.5463	1.2832
7.713	 6	96.4	10.187	0.0	104.7431	1.7901	3.2815	187.4998	0.5568	1.2861
7.723	 6	97.4	10.187	0.0	104.7431	1.7949	3.2728	187.9998	0.554	1.27
7.733	 6	98.4	10.187	0.0	104.7431	1.8003	3.2628	188.5739	0.5508	1.2458
7.743	 6	99.4	10.192	0.0	104.7945	1.8074	3.2455	189.4044	0.5468	1.2279
7.753	 6	100.4	10.196	0.0	104.8356	1.7984	3.258	188.5379	0.552	1.2237
7.763	 6	101.4	10.201	0.0	104.8871	1.7866	3.2749	187.3929	0.5588	1.2283
7.773	 6	102.4	10.211	0.0	104.9899	1.7791	3.2794	186.7893	0.5632	1.2247
7.783	 6	103.4	10.211	0.0	104.9899	1.7551	3.8784	184.2678	0.5771	1.2289
7.793	 6	104.4	10.217	0.0	105.0516	1.7406	3.3463	182.8566	0.5855	1.2281
7.803	 6	105.4	10.217	0.0	105.0516	1.7697	3.2913	185.9074	0.5686	1.2207
7.813	 6	106.4	10.221	0.0	105.0927	1.7607	3.3045	185.0323	0.5739	1.208
7.823	 6	107.4	10.23	0.0	105.1852	1.7541	3.8597	184.5105	0.5776	1.2119
7.833	 6	108.4	10.236	0.0	105.2469	1.7607	3.2904	185.3116	0.5738	1.2148
7.843	 6	109.4	10.235	0.0	105.2366	1.7656	3.2823	185.802	0.571	1.2705
7.853	 6	110.4	10.241	0.0	105.2983	1.7539	3.2985	184.6841	0.5778	1.3098
7.863	 6	111.4	10.235	0.0	105.2366	1.7909	2.6966	188.466	0.5563	1.3231
7.873	 6	112.4	10.245	0.0	105.3395	1.8091	2.6619	190.5699	0.5458	1.3512
7.883	 6	113.4	10.245	0.0	105.3395	1.7715	3.262	186.6124	0.5676	1.3958
7.893	 6	114.4	10.256	0.0	105.4526	1.759	2.7293	185.4865	0.5749	1.4498
7.903	 6	115.4	10.265	0.0	105.5451	1.8042	2.6542	190.4236	0.5486	1.5336
7.913	 6	116.4	10.269	0.0	105.5862	1.7478	2.7367	184.5452	0.5813	1.5863
7.923	 6	117.4	10.277	0.0	105.6685	1.7714	2.6943	187.1795	0.5676	1.6127
7.933	 6	118.4	10.297	0.0	105.8741	1.6412	2.8918	173.7592	0.6432	1.6101
7.943	 6	119.4	10.322	0.0	106.1312	1.603	2.94	170.1279	0.6653	1.6342
7.953	 6	120.4	10.444	0.0	107.3856	1.6776	2.1727	180.1528	0.622	1.6909
7.963	 6	121.4	10.553	0.0	108.5063	1.7001	2.6011	184.4758	0.609	1.7905
7.973	 6	122.4	10.547	0.0	108.4446	1.7001	2.0843	184.3717	0.609	1.8925
7.983	 6	123.4	10.548	0.0	108.4549	1.7083	2.5922	185.2766	0.6042	2.0404
7.993	 6	124.4	10.543	0.0	108.4035	1.679	2.6411	182.0047	0.6213	2.2718
8.003	 6	125.4	10.519	0.0	108.1567	1.6961	2.1053	183.4396	0.6113	2.7387
8.013	 6	126.4	10.51	0.0	108.0642	1.6902	1.5884	182.6515	0.6147	3.6787
8.023	 6	127.4	10.535	0.0	108.3213	1.7127	0.5189	185.5215	0.6017	5.5842
8.033	 6	128.4	10.489	0.0	107.8483	1.5727	0.5723	169.61	0.6829	10.521
8.043	 6	129.4	10.43	0.0	107.2416	0.6172	-1.482	66.1942	1.2371	20.8645
