Geotek MSCL 7.9 - TN336_BB31-35_MSmass.out created at 14:51:30 on 1/24/2016.


Processing Parameters

CT	RCT=11.45	W=1.27
PWAmp	A=1	B=0
PWVel	PTO=26.43
Den1	A=7.1605E-04	B=-.096198	C=9.839
MS1	A=1	B=0	Den=1	LD=14	
FP	MGD=2.75	WD=1.026	
RES	A=513.1992	B=-1.077428	p=0	


SB DEPTH	SECT NUM	SECT DEPTH	CT	PWAmp	PWVel	Den1	MS1	Imp	FP	RES
m		cm	cm		m/s	g/cc	x 10^-8 (m^3/kg)			Ohm.m

-0.639	before cal		10.96	0.0028						55.5065
-0.579	cal sect	6.0	10.754	0.0185	1533.438	1.1175			0.9469	14.4155
-0.519	cal sect	12.0	10.523	0.048	1520.225	1.0881	-0.8195	1654.126	0.964	13.9457
-0.459	cal sect	18.0	10.54	0.0381	1518.076	1.0973	-0.8089	1665.826	0.9586	13.4353
-0.399	cal sect	24.0	10.787	0.0008	1528.553	1.0967	-1.5147	1676.385	0.959	10.2717
-0.339	cal sect	30.0	10.904	0.0154	1531.461	1.1018	-0.731	1687.394	0.956	3.711
-0.279	cal sect	36.0	10.825	0.0167	1551.304	1.1049	-1.4885	1713.992	0.9543	0.5124
-0.219	cal sect	42.0	10.553	0.0082	1543.062	1.1337	-1.5603	1749.391	0.9375	0.3853
-0.159	cal sect	48.0	10.533	0.0427	1536.094	1.1126	-1.5986	1709.024	0.9498	0.3925
-0.099	cal sect	54.0	10.725	0.0079	1538.737	1.1132	-1.5171	1712.927	0.9494	0.4021
-0.039	cal sect	60.0	10.733	0.003	1548.773	1.1147	2.2677	1726.419	0.9485	0.5819
0.001	 1	0.1	11.107	0.0	114.2026	0.7654	19.967	87.4139	1.1511	1.5898
0.011	 1	1.1	11.139	0.0	114.5316	1.6257	11.656	186.1888	0.6522	1.4156
0.021	 1	2.1	11.149	0.0	114.6344	1.6589	13.2162	190.1679	0.6329	1.1422
0.031	 1	3.1	11.109	0.0	114.2231	1.6397	14.9061	187.2862	0.6441	0.9612
0.041	 1	4.1	11.03	0.0	113.4109	1.6187	16.8534	183.5772	0.6562	0.8647
0.051	 1	5.1	10.568	0.001	1621.107	1.7145	19.0098	2779.33	0.6007	0.8131
0.061	 1	6.1	10.517	0.0024	1590.593	1.7382	19.0123	2764.793	0.5869	0.7835
0.071	 1	7.1	10.495	0.0012	1597.899	1.7057	20.0186	2725.508	0.6058	0.7723
0.081	 1	8.1	10.473	0.0029	1587.78	1.7429	20.7474	2767.285	0.5842	0.7687
0.091	 1	9.1	10.466	0.0055	1583.359	1.7414	20.2849	2757.228	0.585	0.7689
0.101	 1	10.1	10.466	0.0078	1592.514	1.7678	20.4936	2815.316	0.5697	0.7715
0.111	 1	11.1	10.466	0.0097	1594.212	1.7767	20.3914	2832.438	0.5646	0.7704
0.121	 1	12.1	10.465	0.0086	1592.119	1.7896	20.2499	2849.265	0.5571	0.7736
0.131	 1	13.1	10.47	0.0057	1588.289	1.7988	20.1184	2857.069	0.5517	0.7745
0.141	 1	14.1	10.476	0.0025	1585.591	1.8052	19.5145	2862.249	0.548	0.7749
0.151	 1	15.1	10.469	0.0024	1592.001	1.7827	19.7983	2838.076	0.5611	0.7808
0.161	 1	16.1	10.476	0.0036	1590.647	1.7895	19.6858	2846.394	0.5572	0.7828
0.171	 1	17.1	10.48	0.0031	1592.221	1.7826	19.7403	2838.228	0.5612	0.7785
0.181	 1	18.1	10.474	0.0042	1586.729	1.7702	19.9105	2808.875	0.5683	0.7761
0.191	 1	19.1	10.485	0.0047	1587.915	1.8015	19.5059	2860.639	0.5502	0.7736
0.201	 1	20.1	10.489	0.004	1595.77	1.78	19.72	2840.468	0.5626	0.7643
0.211	 1	21.1	10.49	0.0045	1603.73	1.7912	19.591	2872.647	0.5561	0.7551
0.221	 1	22.1	10.495	0.0066	1595.227	1.768	20.3289	2820.435	0.5696	0.7489
0.231	 1	23.1	10.504	0.0061	1592.239	1.7993	19.9267	2864.914	0.5515	0.7405
0.241	 1	24.1	10.51	0.0071	1596.536	1.8004	19.8822	2874.364	0.5508	0.7361
0.251	 1	25.1	10.517	0.0063	1603.446	1.8133	20.1954	2907.517	0.5433	0.7306
0.261	 1	26.1	10.52	0.0032	1609.301	1.8039	19.7888	2903.072	0.5488	0.727
0.271	 1	27.1	10.528	0.003	1615.219	1.825	19.518	2947.73	0.5366	0.7227
0.281	 1	28.1	10.53	0.0037	1612.804	1.7966	19.8154	2897.572	0.553	0.7141
0.291	 1	29.1	10.531	0.0027	1613.452	1.8112	19.65	2922.344	0.5445	0.708
0.301	 1	30.1	10.531	0.0006	1612.711	1.8059	20.2004	2912.437	0.5476	0.7126
0.311	 1	31.1	10.536	0.0004	1522.543	1.7537	19.7599	2670.149	0.5779	0.7771
0.321	 1	32.1	10.536	0.0003	1330.807	1.6854	20.0338	2242.958	0.6175	0.8188
0.331	 1	33.1	10.536	0.0017	1609.533	1.7568	19.22	2827.583	0.5761	0.828
0.341	 1	34.1	10.531	0.008	1602.404	1.8003	19.2752	2884.794	0.5509	0.7898
0.351	 1	35.1	10.53	0.0112	1595.213	1.7952	19.3351	2863.735	0.5538	0.7602
0.361	 1	36.1	10.53	0.0086	1594.005	1.7524	19.8075	2793.319	0.5787	0.7734
0.371	 1	37.1	10.525	0.0075	1589.639	1.7596	19.753	2797.164	0.5745	0.8047
0.381	 1	38.1	10.527	0.0064	1595.967	1.807	19.225	2883.859	0.547	0.833
0.391	 1	39.1	10.526	0.0063	1600.182	1.846	19.3061	2953.959	0.5244	0.8616
0.401	 1	40.1	10.529	0.0095	1614.877	1.8473	19.2766	2983.198	0.5236	0.8846
0.411	 1	41.1	10.53	0.0115	1611.817	1.8239	19.5188	2939.804	0.5372	0.8966
0.421	 1	42.1	10.536	0.0031	1611.256	1.8326	19.3944	2952.795	0.5321	0.9061
0.431	 1	43.1	10.573	0.0029	1611.492	1.7907	19.6496	2885.689	0.5564	0.9131
0.441	 1	44.1	10.568	0.0022	1600.0	1.8067	19.5023	2890.666	0.5472	0.9357
0.451	 1	45.1	10.574	0.0015	1609.682	1.8512	19.002	2979.882	0.5213	0.9384
0.461	 1	46.1	10.575	0.0015	1603.244	1.8233	19.2875	2923.232	0.5375	0.9592
0.471	 1	47.1	10.614	0.001	1614.051	1.8267	18.5732	2948.414	0.5355	0.9728
0.481	 1	48.1	10.758	0.0009	1614.83	1.8005	17.6655	2907.47	0.5508	1.0007
0.491	 1	49.1	10.753	0.0008	1606.604	1.8281	17.4221	2936.985	0.5348	1.0378
0.501	 1	50.1	10.803	0.0	111.0768	1.8174	16.8381	201.8737	0.5409	1.0975
0.511	 1	51.1	10.78	0.0	110.8403	1.8375	16.3034	203.6653	0.5293	1.1841
0.521	 1	52.1	10.798	0.0	111.0254	1.8157	15.0518	201.5913	0.5419	1.352
0.531	 1	53.1	10.788	0.0	110.9226	1.8247	13.6522	202.4002	0.5367	1.6642
0.541	 1	54.1	10.844	0.0	111.4984	1.3439	15.8288	149.8447	0.8156	2.3838
0.551	 1	55.1	10.833	0.0	111.3853	0.7361	22.2954	81.9877	1.1682	3.8706
0.561	 1	56.1	10.779	0.0	110.8301	0.4368	28.584	48.41	1.3418	5.9339
