Geotek MSCL 7.9 - TN336_TC14-15MSmass.out created at 16:22:06 on 1/21/2016.


Processing Parameters

CT	RCT=11.45	W=1.27
PWAmp	A=1	B=0
PWVel	PTO=26.51
Den1	A=7.0444E-04	B=-.096532	C=9.8575
MS1	A=1	B=0	Den=1	LD=14	
FP	MGD=2.75	WD=1.026	
RES	A=833.1719	B=-1.166733	p=0	


SB DEPTH	SECT NUM	SECT DEPTH	CT	PWAmp	PWVel	Den1	MS1	Imp	FP	RES
m		cm	cm		m/s	g/cc	x 10^-8 (m^3/kg)			Ohm.m

-0.639	before cal		10.503	0.0						67.309
-0.579	cal sect	6.0	10.148	0.0182	1459.094	1.207			0.895	17.1723
-0.519	cal sect	12.0	9.963	0.0261	1440.573	1.2016	-1.7377	1730.99	0.8981	15.6664
-0.459	cal sect	18.0	9.984	0.0144	1440.901	1.2038	-1.724	1734.565	0.8969	14.535
-0.399	cal sect	24.0	10.25	0.0006	1452.664	1.1819	-0.8138	1716.839	0.9096	11.8098
-0.339	cal sect	30.0	10.351	0.0075	1453.792	1.1818	-1.5822	1718.162	0.9096	3.8815
-0.279	cal sect	36.0	10.36	0.0053	1471.382	1.1821	-1.5779	1739.365	0.9094	0.4597
-0.219	cal sect	42.0	9.982	0.007	1463.636	1.1916	-0.8713	1744.056	0.9039	0.3502
-0.159	cal sect	48.0	9.932	0.0536	1462.524	1.1776	-1.7892	1722.283	0.9121	0.3546
-0.099	cal sect	54.0	10.108	0.008	1467.693	1.1832	-0.8462	1736.636	0.9088	0.3615
-0.039	cal sect	60.0	10.205	0.0064	1472.795	1.2024	2.4304	1770.84	0.8977	0.5217
0.001	 1	0.1	10.574	0.0	108.7312	1.1935	10.316	129.7679	0.9029	1.0963
0.011	 1	1.1	10.601	0.0002	1512.916	1.4574	10.1834	2204.91	0.7498	0.9047
0.021	 1	2.1	10.652	0.002	1488.541	1.4681	11.1441	2185.323	0.7436	0.6928
0.031	 1	3.1	10.673	0.0008	1480.1	1.4806	12.1442	2191.471	0.7363	0.5526
0.041	 1	4.1	10.637	0.0	109.379	1.5019	12.0889	164.2722	0.724	0.473
0.051	 1	5.1	10.123	0.0017	1472.008	1.5589	14.0703	2294.747	0.6909	0.431
0.061	 1	6.1	10.042	0.0047	1469.633	1.5701	15.5977	2307.54	0.6844	0.409
0.071	 1	7.1	9.962	0.0024	1461.347	1.5912	15.7515	2325.323	0.6721	0.3982
0.081	 1	8.1	9.916	0.0017	1469.69	1.5896	15.9807	2336.15	0.6731	0.3947
0.091	 1	9.1	9.907	0.0054	1455.2	1.5793	16.1267	2298.208	0.6791	0.3942
0.101	 1	10.1	9.903	0.0065	1452.692	1.5641	16.3025	2272.161	0.6879	0.3934
0.111	 1	11.1	9.899	0.0063	1449.341	1.5817	16.8129	2292.375	0.6777	0.3935
0.121	 1	12.1	9.899	0.0067	1448.493	1.5738	16.2207	2279.697	0.6822	0.3967
0.131	 1	13.1	9.9	0.0063	1447.792	1.6031	16.5831	2320.98	0.6652	0.3966
0.141	 1	14.1	9.896	0.0057	1448.266	1.6082	15.8881	2329.096	0.6623	0.3976
0.151	 1	15.1	9.896	0.0052	1447.63	1.598	15.9897	2313.279	0.6682	0.3976
0.161	 1	16.1	9.901	0.0053	1446.457	1.5911	16.0349	2301.517	0.6722	0.3977
0.171	 1	17.1	9.906	0.0048	1447.822	1.5666	16.9403	2268.108	0.6864	0.3988
0.181	 1	18.1	9.901	0.0037	1449.846	1.589	16.0569	2303.743	0.6735	0.3992
0.191	 1	19.1	9.911	0.0058	1448.341	1.5983	15.9164	2314.893	0.668	0.3992
0.201	 1	20.1	9.911	0.0071	1446.65	1.5819	16.0813	2288.483	0.6775	0.397
0.211	 1	21.1	9.911	0.006	1446.65	1.6013	15.8863	2316.576	0.6663	0.3943
0.221	 1	22.1	9.916	0.0058	1447.802	1.5806	16.0714	2288.366	0.6783	0.3923
0.231	 1	23.1	9.922	0.0054	1444.461	1.6012	15.8365	2312.897	0.6663	0.3882
0.241	 1	24.1	9.921	0.0058	1447.054	1.5931	15.9216	2305.341	0.671	0.3888
0.251	 1	25.1	9.932	0.005	1447.813	1.6068	15.7355	2326.348	0.6631	0.3875
0.261	 1	26.1	9.932	0.0043	1448.025	1.5974	15.8281	2313.077	0.6686	0.3874
0.271	 1	27.1	9.931	0.0049	1445.14	1.6238	15.5758	2346.551	0.6533	0.3888
0.281	 1	28.1	9.936	0.0062	1451.358	1.6059	15.7262	2330.703	0.6636	0.3926
0.291	 1	29.1	9.953	0.0059	1452.993	1.6238	16.1204	2359.412	0.6532	0.3978
0.301	 1	30.1	9.953	0.0058	1453.417	1.6255	16.1036	2362.566	0.6522	0.4102
0.311	 1	31.1	9.958	0.0028	1450.335	1.6007	15.6767	2321.506	0.6667	0.4236
0.321	 1	32.1	9.948	0.0024	1450.569	1.6017	16.3666	2323.412	0.6661	0.4319
0.331	 1	33.1	9.953	0.0038	1447.499	1.6062	16.2975	2324.951	0.6635	0.44
0.341	 1	34.1	9.947	0.0061	1445.575	1.5561	16.8512	2249.494	0.6925	0.4445
0.351	 1	35.1	9.948	0.0056	1442.157	1.5701	16.6962	2264.345	0.6844	0.4483
0.361	 1	36.1	9.955	0.0062	1445.477	1.5995	16.3561	2312.031	0.6673	0.4499
0.371	 1	37.1	9.957	0.0072	1444.719	1.6147	15.5446	2332.848	0.6585	0.4521
0.381	 1	38.1	9.958	0.0067	1441.1	1.585	16.491	2284.18	0.6757	0.453
0.391	 1	39.1	9.958	0.0063	1442.561	1.6194	15.4958	2336.013	0.6558	0.4541
0.401	 1	40.1	9.959	0.0044	1441.662	1.6127	16.2029	2325.025	0.6597	0.4558
0.411	 1	41.1	9.957	0.006	1446.397	1.6274	16.0661	2353.895	0.6511	0.4568
0.421	 1	42.1	9.958	0.0061	1444.445	1.6295	15.3991	2353.758	0.6499	0.4602
0.431	 1	43.1	9.962	0.0057	1444.396	1.6159	16.1572	2333.99	0.6578	0.4639
0.441	 1	44.1	9.961	0.0067	1442.369	1.606	16.2614	2316.453	0.6636	0.4653
0.451	 1	45.1	9.962	0.0064	1441.262	1.61	15.5675	2320.46	0.6612	0.4689
0.461	 1	46.1	9.956	0.0054	1440.393	1.6393	15.3165	2361.186	0.6443	0.4728
0.471	 1	47.1	9.958	0.0062	1443.398	1.6487	15.854	2379.754	0.6388	0.4775
0.481	 1	48.1	9.972	0.0054	1442.291	1.6101	16.1686	2322.202	0.6612	0.4833
0.491	 1	49.1	9.982	0.0056	1441.028	1.6259	15.9649	2342.953	0.652	0.4857
0.501	 1	50.1	9.987	0.0065	1444.46	1.6419	15.7862	2371.68	0.6427	0.4873
0.511	 1	51.1	9.997	0.0082	1446.534	1.6385	15.7729	2370.218	0.6447	0.4887
0.521	 1	52.1	10.0	0.0079	1446.341	1.645	15.6978	2379.176	0.641	0.4924
0.531	 1	53.1	10.004	0.0048	1446.501	1.6383	15.7438	2369.749	0.6449	0.4992
0.541	 1	54.1	10.006	0.0059	1448.046	1.6521	14.3548	2392.293	0.6368	0.5051
0.551	 1	55.1	10.009	0.0059	1447.852	1.6595	14.2786	2402.654	0.6326	0.5079
0.561	 1	56.1	10.007	0.0047	1444.846	1.6531	14.342	2388.447	0.6363	0.5038
0.571	 1	57.1	10.014	0.0043	1444.396	1.6441	14.3911	2374.739	0.6415	0.5004
0.581	 1	58.1	10.007	0.004	1439.442	1.6196	14.6387	2331.276	0.6557	0.5009
0.591	 1	59.1	10.01	0.0025	1439.666	1.623	13.9602	2336.634	0.6537	0.5083
0.601	 1	60.1	10.014	0.0024	1440.449	1.617	13.9959	2329.248	0.6572	0.522
0.611	 1	61.1	10.016	0.0048	1447.608	1.6472	14.3554	2384.565	0.6396	0.5431
0.621	 1	62.1	10.014	0.0042	1446.901	1.6415	13.7872	2375.103	0.643	0.5488
0.631	 1	63.1	10.02	0.005	1447.977	1.6265	13.8902	2355.162	0.6517	0.555
0.641	 1	64.1	10.024	0.0048	1447.3	1.635	13.1749	2366.327	0.6468	0.5589
0.651	 1	65.1	10.029	0.0032	1443.229	1.6333	13.1693	2357.256	0.6477	0.5615
0.661	 1	66.1	10.039	0.0051	1455.771	1.6689	13.4635	2429.531	0.6271	0.5609
0.671	 1	67.1	10.039	0.0057	1451.142	1.6965	12.6428	2461.789	0.6111	0.561
0.681	 1	68.1	10.044	0.0049	1452.495	1.6826	12.7282	2444.034	0.6191	0.5605
0.691	 1	69.1	10.045	0.0048	1452.849	1.6729	12.7984	2430.522	0.6247	0.5595
0.701	 1	70.1	10.116	0.003	1450.323	1.6506	12.7099	2393.948	0.6377	0.5617
0.711	 1	71.1	10.145	0.0027	1457.615	1.6401	12.082	2390.644	0.6438	0.5633
0.721	 1	72.1	10.273	0.0005	1459.44	1.6317	11.7124	2381.44	0.6486	0.5663
0.731	 1	73.1	10.277	0.0017	1449.506	1.6317	11.1147	2365.148	0.6487	0.575
0.741	 1	74.1	10.25	0.0001	1387.385	1.6308	11.2056	2262.523	0.6492	0.5918
0.751	 1	75.1	10.214	0.0	105.0294	1.6383	11.2682	172.0664	0.6449	0.6227
0.761	 1	76.1	10.209	0.0	104.9779	1.6287	11.3506	170.9749	0.6504	0.6793
0.771	 1	77.1	10.192	0.0001	1394.445	1.6251	11.4305	2266.08	0.6525	0.7906
0.781	 1	78.1	10.234	0.0002	1422.97	1.645	10.5719	2340.725	0.641	1.0187
0.791	 1	79.1	10.387	0.0003	1439.44	1.6393	9.5996	2359.702	0.6442	1.4062
0.801	 1	80.1	10.513	0.0	108.1039	1.0254	13.9525	110.8459	1.0004	1.7574
0.811	 2	0.2	10.541	0.0	108.3919	0.8923	16.9061	96.7152	1.0776	1.7792
0.821	 2	1.2	10.643	0.0	109.4407	1.5244	9.0599	166.8293	0.7109	1.515
0.831	 2	2.2	10.674	0.0	109.7595	1.5397	9.451	169.0013	0.702	1.22
0.841	 2	3.2	10.643	0.0	109.4407	1.548	9.4791	169.417	0.6972	0.9831
0.851	 2	4.2	10.58	0.0	108.7929	1.5785	10.0118	171.7317	0.6795	0.8145
0.861	 2	5.2	10.096	0.0008	1428.006	1.6598	10.8964	2370.157	0.6324	0.7031
0.871	 2	6.2	9.997	0.0006	1465.406	1.6568	11.8555	2427.848	0.6341	0.6337
0.881	 2	7.2	9.946	0.0145	1454.094	1.6478	12.0978	2396.079	0.6393	0.5928
0.891	 2	8.2	9.912	0.0214	1441.326	1.6546	11.5276	2384.858	0.6354	0.5712
0.901	 2	9.2	9.905	0.0164	1440.099	1.6314	11.7156	2349.398	0.6488	0.5588
0.911	 2	10.2	9.906	0.0176	1438.571	1.6344	11.6909	2351.164	0.6471	0.5511
0.921	 2	11.2	9.911	0.0189	1441.181	1.6589	11.5016	2390.718	0.6329	0.5433
0.931	 2	12.2	9.901	0.0216	1440.145	1.6734	11.4348	2409.98	0.6245	0.5354
0.941	 2	13.2	9.911	0.0174	1441.81	1.6836	11.9623	2427.405	0.6186	0.5298
0.951	 2	14.2	9.911	0.0174	1440.971	1.6738	11.3989	2411.902	0.6242	0.5268
0.961	 2	15.2	9.91	0.0181	1444.606	1.6984	11.2368	2453.572	0.61	0.5246
0.971	 2	16.2	9.916	0.0186	1446.324	1.6677	10.7895	2411.984	0.6278	0.5237
0.981	 2	17.2	9.921	0.0194	1443.054	1.6807	10.6902	2425.336	0.6202	0.5227
0.991	 2	18.2	9.926	0.018	1445.043	1.6564	10.8315	2393.503	0.6344	0.5207
1.001	 2	19.2	9.932	0.0203	1445.075	1.6329	10.3224	2359.716	0.6479	0.5196
1.011	 2	20.2	9.937	0.0204	1443.912	1.6568	10.1587	2392.337	0.6341	0.5209
1.021	 2	21.2	9.936	0.0217	1440.0	1.6477	10.2178	2372.75	0.6394	0.5217
1.031	 2	22.2	9.947	0.0189	1439.3	1.6633	9.4589	2394.052	0.6303	0.5219
1.041	 2	23.2	9.951	0.0201	1440.504	1.6733	9.3919	2410.341	0.6246	0.5212
1.051	 2	24.2	9.957	0.0226	1441.999	1.6955	9.2524	2444.961	0.6116	0.5174
1.061	 2	25.2	9.962	0.0207	1444.606	1.6845	9.2996	2433.41	0.6181	0.5121
1.071	 2	26.2	9.962	0.0272	1444.815	1.6926	8.6381	2445.46	0.6134	0.5067
1.081	 2	27.2	9.971	0.0212	1444.235	1.6752	9.3266	2419.423	0.6234	0.5026
1.091	 2	28.2	9.969	0.0185	1442.274	1.6647	8.7652	2400.884	0.6296	0.5003
1.101	 2	29.2	9.972	0.024	1442.291	1.6709	8.7247	2409.952	0.6259	0.5001
1.111	 2	30.2	9.972	0.0199	1442.5	1.6595	9.4124	2393.781	0.6326	0.5039
1.121	 2	31.2	9.972	0.0144	1443.126	1.6452	8.8608	2374.3	0.6408	0.5151
1.131	 2	32.2	9.976	0.0143	1443.496	1.6679	8.7304	2407.594	0.6277	0.5199
1.141	 2	33.2	9.977	0.017	1443.641	1.6692	8.721	2409.72	0.6269	0.5228
1.151	 2	34.2	9.973	0.0124	1445.991	1.6835	8.6569	2434.352	0.6186	0.5252
1.161	 2	35.2	9.972	0.0172	1443.126	1.6879	8.6371	2435.818	0.6161	0.5301
1.171	 2	36.2	9.972	0.0156	1442.917	1.6592	8.7865	2394.052	0.6327	0.5364
1.181	 2	37.2	9.975	0.0142	1442.099	1.6517	9.4485	2381.904	0.6371	0.544
1.191	 2	38.2	9.977	0.0148	1443.432	1.6775	9.2978	2421.332	0.6221	0.5554
1.201	 2	39.2	9.978	0.0156	1442.533	1.6776	9.2944	2420.01	0.622	0.5628
1.211	 2	40.2	9.974	0.0151	1442.58	1.6804	9.2899	2424.065	0.6204	0.5718
1.221	 2	41.2	9.977	0.0139	1444.059	1.6781	9.2945	2423.242	0.6218	0.5801
1.231	 2	42.2	9.968	0.0123	1443.173	1.6722	11.8455	2413.246	0.6252	0.5874
1.241	 2	43.2	9.962	0.0116	1441.887	1.6617	9.427	2396.01	0.6313	0.5919
1.251	 2	44.2	9.968	0.0108	1441.296	1.6784	9.317	2419.075	0.6216	0.5962
1.261	 2	45.2	9.967	0.0112	1444.912	1.6975	9.2151	2452.677	0.6105	0.6002
1.271	 2	46.2	9.968	0.0113	1448.416	1.7144	9.1217	2483.097	0.6007	0.6076
1.281	 2	47.2	9.968	0.0138	1450.524	1.7015	9.8031	2468.108	0.6082	0.6166
1.291	 2	48.2	9.962	0.0163	1446.703	1.7007	9.2107	2460.456	0.6086	0.6241
1.301	 2	49.2	9.969	0.0135	1445.202	1.6998	9.81	2456.614	0.6091	0.6313
1.311	 2	50.2	9.981	0.0097	1447.571	1.706	9.7406	2469.559	0.6056	0.637
1.321	 2	51.2	9.977	0.0084	1448.041	1.7227	10.2611	2494.497	0.5959	0.6408
1.331	 2	52.2	9.982	0.0096	1450.24	1.7402	9.5463	2523.74	0.5857	0.6446
1.341	 2	53.2	9.987	0.0087	1450.966	1.7169	10.2656	2491.21	0.5992	0.6479
1.351	 2	54.2	9.992	0.0092	1447.067	1.7391	9.5247	2516.609	0.5864	0.6521
1.361	 2	55.2	10.017	0.0081	1448.8	1.7298	9.5072	2506.074	0.5918	0.6572
1.371	 2	56.2	10.014	0.0071	1455.735	1.7384	9.468	2530.697	0.5868	0.6582
1.381	 2	57.2	10.007	0.0072	1457.259	1.753	9.9966	2554.52	0.5783	0.6551
1.391	 2	58.2	10.017	0.0071	1463.19	1.7734	9.2732	2594.85	0.5665	0.6568
1.401	 2	59.2	10.022	0.0074	1461.999	1.8109	9.0682	2647.527	0.5447	0.6571
1.411	 2	60.2	10.011	0.0067	1464.881	1.8099	8.5334	2651.227	0.5453	0.6791
1.421	 2	61.2	10.04	0.0056	1467.407	1.8073	8.4742	2652.065	0.5468	0.7165
1.431	 2	62.2	10.013	0.0063	1468.397	1.8058	8.5476	2651.642	0.5477	0.7243
1.441	 2	63.2	10.012	0.0063	1467.39	1.8283	7.8818	2682.845	0.5346	0.7197
1.451	 2	64.2	10.019	0.0053	1466.481	1.8131	7.9318	2658.91	0.5434	0.7126
1.461	 2	65.2	10.023	0.0055	1464.281	1.7691	8.1197	2590.478	0.569	0.7072
1.471	 2	66.2	10.029	0.0046	1458.339	1.7732	7.5091	2585.997	0.5666	0.7069
1.481	 2	67.2	10.034	0.0042	1458.642	1.802	7.3786	2628.514	0.5499	0.7076
1.491	 2	68.2	10.037	0.0042	1463.333	1.7856	6.8678	2612.888	0.5594	0.715
1.501	 2	69.2	10.043	0.004	1461.863	1.7727	6.9056	2591.484	0.5669	0.722
1.511	 2	70.2	10.039	0.0043	1461.281	1.7836	6.8715	2606.302	0.5606	0.7287
1.521	 2	71.2	10.085	0.0034	1464.991	1.7653	6.2804	2586.214	0.5711	0.7401
1.531	 2	72.2	10.179	0.0019	1470.104	1.7542	6.1532	2578.844	0.5776	0.7559
1.541	 2	73.2	10.26	0.0008	1492.147	1.7526	6.0197	2615.101	0.5786	0.785
1.551	 2	74.2	10.276	0.001	1475.801	1.7306	5.517	2554.057	0.5913	0.8297
1.561	 2	75.2	10.245	0.0	105.3481	1.5335	5.6526	161.5511	0.7056	0.9074
1.571	 2	76.2	10.241	0.0	105.307	1.1648	6.6227	122.6565	0.9195	1.0418
1.581	 2	77.2	10.244	0.0	105.3378	0.9864	7.8138	103.902	1.023	1.2995
1.591	 2	78.2	10.218	0.0	105.0705	0.9567	6.0866	100.519	1.0402	1.7962
1.601	 2	79.2	10.19	0.0	104.7826	0.8836	6.6426	92.5835	1.0826	2.6992
1.611	 2	80.2	10.207	0.0	104.9574	0.7346	5.3006	77.1065	1.169	3.9311
1.621	 2	81.2	10.157	0.0	104.4432	0.3278	9.0359	34.2398	1.405	5.04
