Geotek MSCL 7.9 - TN336_BB37-42.out created at 14:10:36 on 1/25/2016.


Processing Parameters

CT	RCT=11.45	W=1.27
PWAmp	A=1	B=0
PWVel	PTO=26.56
Den1	A=7.1605E-04	B=-.096198	C=9.8396
MS1	A=1	B=0	Den=0	LD=14	
FP	MGD=2.75	WD=1.026	
RES	A=409.6482	B=-1.051803	p=0	


SB DEPTH	SECT NUM	SECT DEPTH	CT	PWAmp	PWVel	Den1	MS1	Imp	FP	RES
m		cm	cm		m/s	g/cc	SI x 10^-5			Ohm.m

-0.638	cal sect	0.0	10.647	0.0						76.8298
-0.578	cal sect	6.0	10.429	0.0181	1502.305	1.1531	-1.83		0.9263	14.0705
-0.518	cal sect	12.0	10.207	0.0418	1479.49	1.1489	-0.9735	1699.714	0.9287	12.609
-0.458	cal sect	18.0	10.224	0.0302	1477.457	1.1517	-0.9689	1701.634	0.9271	13.1334
-0.398	cal sect	24.0	10.489	0.001	1495.864	1.1171	-1.8001	1670.983	0.9472	9.2273
-0.338	cal sect	30.0	10.724	0.0014	1499.021	1.0893	-1.6893	1632.838	0.9633	3.6621
-0.278	cal sect	36.0	10.611	0.0101	1514.343	1.1324	-0.8707	1714.862	0.9383	0.4824
-0.218	cal sect	42.0	10.271	0.0079	1502.707	1.1379	-1.9122	1709.866	0.9351	0.3658
-0.158	cal sect	48.0	10.246	0.0384	1496.859	1.1357	-1.9257	1700.002	0.9364	0.3775
-0.098	cal sect	54.0	10.365	0.0077	1497.4	1.1717	-1.8627	1754.467	0.9155	0.3802
-0.038	cal sect	60.0	10.428	0.0059	1510.21	1.1784	0.9153	1779.624	0.9116	0.529
0.002	 1	0.2	10.919	0.0	112.2846	0.8727	11.2313	97.9908	1.0889	1.1274
0.012	 1	1.2	10.923	0.0	112.3257	1.3827	14.4252	155.3111	0.7931	0.9358
0.022	 1	2.2	10.911	0.0004	1523.032	1.3911	16.0783	2118.733	0.7882	0.7185
0.032	 1	3.2	10.885	0.001	1515.173	1.3921	18.6164	2109.2	0.7877	0.5777
0.042	 1	4.2	10.816	0.0002	1500.555	1.3863	20.6061	2080.274	0.791	0.4988
0.052	 1	5.2	10.288	0.0004	1492.962	1.4605	24.741	2180.451	0.748	0.4542
0.062	 1	6.2	10.23	0.0052	1494.085	1.4627	25.1476	2185.458	0.7467	0.4311
0.072	 1	7.2	10.223	0.0042	1496.779	1.4645	26.1664	2192.023	0.7457	0.4159
0.082	 1	8.2	10.221	0.0073	1486.691	1.4738	26.1812	2191.158	0.7402	0.4096
0.092	 1	9.2	10.219	0.0074	1496.193	1.4703	25.2258	2199.925	0.7423	0.4075
0.102	 1	10.2	10.201	0.014	1489.414	1.476	26.3296	2198.343	0.739	0.4062
0.112	 1	11.2	10.201	0.0088	1485.294	1.4677	26.3296	2179.895	0.7438	0.4054
0.122	 1	12.2	10.206	0.0071	1485.589	1.4687	26.2924	2181.875	0.7432	0.405
0.132	 1	13.2	10.206	0.0106	1483.862	1.4552	26.2924	2159.306	0.751	0.4048
0.142	 1	14.2	10.212	0.0111	1481.933	1.4666	25.2757	2173.363	0.7444	0.4037
0.152	 1	15.2	10.217	0.0101	1482.658	1.5073	25.24	2234.865	0.7208	0.4026
0.162	 1	16.2	10.219	0.0088	1479.728	1.4757	25.2258	2183.57	0.7392	0.4021
0.172	 1	17.2	10.222	0.01	1479.948	1.4908	24.235	2206.297	0.7304	0.4035
0.182	 1	18.2	10.227	0.0086	1480.243	1.4842	23.2328	2196.932	0.7342	0.4043
0.192	 1	19.2	10.227	0.0086	1481.101	1.47	23.2328	2177.15	0.7425	0.4056
0.202	 1	20.2	10.227	0.0094	1480.886	1.4758	19.3607	2185.446	0.7391	0.407
0.212	 1	21.2	10.232	0.0083	1482.039	1.4811	22.2334	2195.119	0.736	0.4078
0.222	 1	22.2	10.238	0.0093	1485.922	1.4836	22.1959	2204.508	0.7346	0.406
0.232	 1	23.2	10.243	0.0082	1482.559	1.497	22.1646	2219.416	0.7268	0.405
0.242	 1	24.2	10.243	0.0079	1482.344	1.4908	21.2009	2209.91	0.7304	0.4042
0.252	 1	25.2	10.249	0.008	1483.857	1.5026	21.1652	2229.688	0.7235	0.4059
0.262	 1	26.2	10.254	0.0076	1484.796	1.5197	20.1747	2256.513	0.7136	0.4072
0.272	 1	27.2	10.26	0.0062	1485.88	1.4902	20.1407	2214.186	0.7308	0.4083
0.282	 1	28.2	10.264	0.0065	1486.459	1.4742	20.1181	2191.406	0.74	0.4069
0.292	 1	29.2	10.264	0.0051	1483.451	1.5046	21.0761	2232.004	0.7224	0.4032
0.302	 1	30.2	10.26	0.0052	1485.02	1.5068	20.1407	2237.563	0.7211	0.4013
0.312	 1	31.2	10.264	0.0063	1483.451	1.501	20.1181	2226.592	0.7245	0.422
0.322	 1	32.2	10.267	0.0042	1478.543	1.5181	19.144	2244.555	0.7146	0.4297
0.332	 1	33.2	10.271	0.0068	1485.537	1.5305	20.0786	2273.659	0.7073	0.4368
0.342	 1	34.2	10.275	0.0072	1477.779	1.5106	20.0561	2232.306	0.7189	0.4457
0.352	 1	35.2	10.275	0.0065	1476.717	1.5025	19.101	2218.724	0.7236	0.4526
0.362	 1	36.2	10.275	0.0072	1477.992	1.5048	19.101	2224.109	0.7223	0.4577
0.372	 1	37.2	10.269	0.0074	1475.007	1.5252	19.1332	2249.712	0.7104	0.4596
0.382	 1	38.2	10.265	0.0074	1476.978	1.5194	19.1547	2244.181	0.7138	0.4621
0.392	 1	39.2	10.261	0.0086	1480.664	1.5355	19.1763	2273.575	0.7045	0.4665
0.402	 1	40.2	10.255	0.0078	1479.798	1.53	20.1691	2264.051	0.7077	0.4694
0.412	 1	41.2	10.256	0.007	1479.942	1.5346	19.2032	2271.189	0.705	0.4723
0.422	 1	42.2	10.251	0.0075	1478.581	1.5338	19.2302	2267.824	0.7055	0.4636
0.432	 1	43.2	10.251	0.0078	1479.861	1.5099	19.2302	2234.463	0.7193	0.4653
0.442	 1	44.2	10.246	0.008	1478.499	1.5228	20.2202	2251.442	0.7118	0.4775
0.452	 1	45.2	10.246	0.0069	1479.14	1.5164	19.2573	2243.024	0.7155	0.4877
0.462	 1	46.2	10.24	0.007	1477.633	1.5298	19.2899	2260.495	0.7078	0.4861
0.472	 1	47.2	10.236	0.0074	1477.27	1.5374	20.2772	2271.119	0.7034	0.4881
0.482	 1	48.2	10.236	0.0074	1478.336	1.5203	19.3116	2247.513	0.7133	0.4912
0.492	 1	49.2	10.238	0.0095	1480.121	1.5317	20.2658	2267.118	0.7067	0.4938
0.502	 1	50.2	10.233	0.0099	1478.757	1.5416	20.2944	2279.654	0.7009	0.4925
0.512	 1	51.2	10.227	0.0093	1478.531	1.5355	20.3287	2270.289	0.7045	0.4936
0.522	 1	52.2	10.238	0.0077	1478.625	1.5446	20.2658	2283.935	0.6992	0.4967
0.532	 1	53.2	10.236	0.007	1478.763	1.5363	20.2772	2271.826	0.704	0.4978
0.542	 1	54.2	10.285	0.005	1479.43	1.5457	19.9999	2286.751	0.6986	0.502
0.552	 1	55.2	10.313	0.0031	1478.354	1.538	19.8439	2273.684	0.703	0.508
0.562	 1	56.2	10.528	0.0004	1491.852	1.5177	18.7004	2264.257	0.7148	0.5162
0.572	 1	57.2	10.476	0.0011	1488.068	1.547	18.9683	2302.069	0.6978	0.5286
0.582	 1	58.2	10.478	0.0	107.7496	1.5402	18.0552	165.9511	0.7018	0.548
0.592	 1	59.2	10.468	0.001	1506.62	1.5356	18.1048	2313.623	0.7044	0.5801
0.602	 1	60.2	10.495	0.0031	1508.553	1.5388	17.0727	2321.286	0.7026	0.6391
0.612	 1	61.2	10.491	0.0011	1499.786	1.5263	16.1919	2289.166	0.7098	0.7552
0.622	 1	62.2	10.502	0.005	1500.071	1.5347	15.2463	2302.208	0.7049	0.9884
0.632	 1	63.2	10.863	0.0	111.7087	1.5136	12.2114	169.081	0.7172	1.392
0.642	 1	64.2	10.926	0.0	112.3565	1.0789	10.41	121.2263	0.9693	1.8366
0.652	 2	0.5	10.94	0.0	112.5005	0.3131	9.5742	35.2246	1.4135	1.8876
0.662	 2	1.5	10.907	0.0	112.1612	0.2772	9.6571	31.0855	1.4344	1.5165
0.672	 2	2.5	10.919	0.0	112.2846	0.5535	10.4291	62.1532	1.2741	1.1418
0.682	 2	3.5	10.867	0.0	111.7498	1.3836	12.1986	154.6193	0.7926	0.8993
0.692	 2	4.5	10.793	0.0	110.9889	1.3676	13.2684	151.7918	0.8018	0.745
0.702	 2	5.5	10.379	0.0001	1079.684	1.4349	15.7717	1549.188	0.7628	0.6451
0.712	 2	6.5	10.268	0.0001	1076.197	1.4329	17.2247	1542.102	0.764	0.5844
0.722	 2	7.5	10.234	0.0001	1084.455	1.419	18.3564	1538.865	0.772	0.5501
0.732	 2	8.5	10.196	0.0002	1137.439	1.4544	18.5545	1654.275	0.7515	0.5302
0.742	 2	9.5	10.198	0.0003	1139.951	1.4581	18.544	1662.136	0.7494	0.5184
0.752	 2	10.5	10.196	0.0005	1138.201	1.4519	19.531	1652.563	0.753	0.5099
0.762	 2	11.5	10.196	0.0004	1084.45	1.4391	18.5545	1560.651	0.7604	0.5033
0.772	 2	12.5	10.202	0.0003	1086.706	1.4353	18.523	1559.797	0.7626	0.497
0.782	 2	13.5	10.203	0.0004	1086.119	1.442	19.4924	1566.234	0.7587	0.4921
0.792	 2	14.5	10.207	0.0006	1084.351	1.4701	18.4968	1594.061	0.7424	0.4907
0.802	 2	15.5	10.211	0.0005	1082.476	1.4461	18.4759	1565.342	0.7563	0.4907
0.812	 2	16.5	10.211	0.0005	1083.97	1.4515	19.4483	1573.39	0.7532	0.4921
0.822	 2	17.5	10.217	0.0005	1083.687	1.4497	19.4154	1570.983	0.7543	0.4938
0.832	 2	18.5	10.221	0.0006	1133.023	1.4595	18.4238	1653.677	0.7485	0.4939
0.842	 2	19.5	10.226	0.0006	1130.07	1.4247	19.3661	1610.019	0.7687	0.4936
0.852	 2	20.5	10.231	0.0005	1130.247	1.4413	18.3719	1629.007	0.7591	0.494
0.862	 2	21.5	10.236	0.0005	1131.175	1.4475	18.346	1637.339	0.7555	0.4956
0.872	 2	22.5	10.241	0.0006	1129.231	1.4602	18.3202	1648.869	0.7482	0.4959
0.882	 2	23.5	10.246	0.0005	1131.28	1.5036	18.2945	1700.982	0.723	0.4964
0.892	 2	24.5	10.251	0.0003	1132.082	1.4838	18.2687	1679.737	0.7345	0.4979
0.902	 2	25.5	10.254	0.0003	1128.674	1.4798	19.214	1670.157	0.7368	0.5004
0.912	 2	26.5	10.256	0.0004	1129.64	1.4724	19.2032	1663.231	0.7411	0.5006
0.922	 2	27.5	10.258	0.0003	1131.73	1.4907	19.1924	1687.069	0.7305	0.5006
0.932	 2	28.5	10.256	0.0003	1130.387	1.5013	20.1634	1697.1	0.7243	0.4997
0.942	 2	29.5	10.261	0.0003	1131.562	1.5079	20.1351	1706.302	0.7205	0.5018
0.952	 2	30.5	10.261	0.0004	1129.32	1.4818	20.1351	1673.429	0.7356	0.5057
0.962	 2	31.5	10.257	0.0004	1128.259	1.5009	21.1176	1693.446	0.7245	0.5112
0.972	 2	32.5	10.261	0.0004	1130.191	1.4991	21.0939	1694.216	0.7256	0.5114
0.982	 2	33.5	10.262	0.0003	1130.052	1.485	21.088	1678.107	0.7338	0.5149
0.992	 2	34.5	10.261	0.0003	1127.706	1.4991	21.0939	1690.492	0.7256	0.5192
1.002	 2	35.5	10.263	0.0004	1129.913	1.4653	21.082	1655.662	0.7452	0.5256
1.012	 2	36.5	10.265	0.0003	1132.003	1.4995	22.0279	1697.447	0.7253	0.5383
1.022	 2	37.5	10.261	0.0003	1129.071	1.5179	22.0527	1713.835	0.7147	0.5461
1.032	 2	38.5	10.266	0.0003	1128.256	1.5222	22.0217	1717.441	0.7122	0.5523
1.042	 2	39.5	10.266	0.0006	1127.884	1.5246	21.0643	1719.574	0.7108	0.5563
1.052	 2	40.5	10.263	0.0005	1125.946	1.5211	21.082	1712.634	0.7128	0.5609
1.062	 2	41.5	10.262	0.0002	1128.933	1.5249	20.1294	1721.543	0.7106	0.5617
1.072	 2	42.5	10.262	0.0003	1129.43	1.4891	21.088	1681.822	0.7314	0.5659
1.082	 2	43.5	10.258	0.0006	1124.534	1.4835	20.1521	1668.262	0.7346	0.5693
1.092	 2	44.5	10.258	0.0005	1122.565	1.5123	20.1521	1697.65	0.7179	0.5709
1.102	 2	45.5	10.256	0.0003	1124.931	1.5139	20.1634	1703.041	0.717	0.5703
1.112	 2	46.5	10.257	0.0004	1129.377	1.5117	20.1577	1707.228	0.7183	0.5703
1.122	 2	47.5	10.257	0.0007	1124.424	1.5313	20.1577	1721.809	0.7069	0.5706
1.132	 2	48.5	10.262	0.0006	1125.219	1.5052	20.1294	1693.631	0.7221	0.5675
1.142	 2	49.5	10.271	0.0003	1190.151	1.4707	20.0786	1750.367	0.742	0.5639
1.152	 2	50.5	10.271	0.0003	1128.929	1.4868	20.0786	1678.444	0.7327	0.5606
1.162	 2	51.5	10.281	0.0004	1189.518	1.499	20.0224	1783.077	0.7256	0.5612
1.172	 2	52.5	10.28	0.0004	1124.849	1.5012	19.0743	1688.645	0.7244	0.5585
1.182	 2	53.5	10.287	0.0004	1127.342	1.4986	19.0369	1689.477	0.7258	0.5564
1.192	 2	54.5	10.301	0.0003	1132.6	1.4878	19.9105	1685.1	0.7321	0.5516
1.202	 2	55.5	10.321	0.0003	1133.802	1.4816	19.7996	1679.841	0.7357	0.5492
1.212	 2	56.5	10.332	0.0003	1131.902	1.4777	19.7389	1672.639	0.738	0.5507
1.222	 2	57.5	10.336	0.0002	1135.949	1.4721	19.7169	1672.19	0.7413	0.5513
1.232	 2	58.5	10.336	0.0002	1141.973	1.4812	19.7169	1691.537	0.7359	0.5511
1.242	 2	59.5	10.338	0.0002	1138.421	1.4713	19.7059	1674.927	0.7417	0.5538
1.252	 2	60.5	10.342	0.0003	1136.983	1.4748	19.684	1676.786	0.7397	0.5549
1.262	 2	61.5	10.336	0.0003	1144.249	1.4818	18.778	1695.494	0.7356	0.5573
1.272	 2	62.5	10.333	0.0003	1144.17	1.5102	18.7937	1727.961	0.7191	0.5579
1.282	 2	63.5	10.336	0.0003	1142.226	1.48	18.778	1690.449	0.7367	0.5611
1.292	 2	64.5	10.326	0.0005	1196.108	1.4824	18.8304	1773.133	0.7353	0.5646
1.302	 2	65.5	10.32	0.0007	1137.441	1.4928	17.9189	1697.982	0.7292	0.5641
1.312	 2	66.5	10.316	0.0004	1138.506	1.4757	18.8831	1680.072	0.7392	0.5621
1.322	 2	67.5	10.311	0.0003	1139.337	1.4787	18.9095	1684.727	0.7374	0.5581
1.332	 2	68.5	10.296	0.0003	1137.805	1.4656	19.9384	1667.599	0.745	0.5579
1.342	 2	69.5	10.291	0.0006	1132.996	1.4772	19.0156	1673.693	0.7383	0.5595
1.352	 2	70.5	10.286	0.0006	1137.329	1.4676	19.0422	1669.094	0.7439	0.5593
1.362	 2	71.5	10.281	0.0004	1137.153	1.5037	20.0224	1709.913	0.7229	0.5623
1.372	 2	72.5	10.276	0.0004	1135.846	1.4966	21.96	1699.914	0.727	0.5665
1.382	 2	73.5	10.265	0.0006	1134.129	1.5094	20.1125	1711.884	0.7196	0.5694
1.392	 2	74.5	10.268	0.0006	1137.35	1.5278	20.0955	1737.609	0.709	0.5713
1.402	 2	75.5	10.268	0.0006	1138.107	1.557	19.1386	1772.037	0.692	0.5699
1.412	 2	76.5	10.263	0.0007	1136.167	1.5184	20.1238	1725.172	0.7144	0.5658
1.422	 2	77.5	10.248	0.0007	1133.503	1.5251	19.2465	1728.761	0.7105	0.565
1.432	 2	78.5	10.243	0.0008	1131.573	1.4808	19.2736	1675.669	0.7362	0.5615
1.442	 2	79.5	10.243	0.0008	1132.324	1.4883	19.2736	1685.181	0.7319	0.5592
1.452	 2	80.5	10.232	0.0005	1131.483	1.5083	19.3334	1706.571	0.7203	0.5562
1.462	 2	81.5	10.234	0.0004	1134.59	1.4955	19.3225	1696.764	0.7277	0.5519
1.472	 2	82.5	10.229	0.0006	1131.527	1.4983	19.3498	1695.353	0.7261	0.5508
1.482	 2	83.5	10.229	0.0005	1128.904	1.5058	20.3173	1699.936	0.7217	0.5482
1.492	 2	84.5	10.22	0.0006	1129.406	1.5121	19.399	1707.808	0.718	0.5483
1.502	 2	85.5	10.215	0.0007	1128.106	1.5095	19.4264	1702.833	0.7196	0.5483
1.512	 2	86.5	10.215	0.001	1126.737	1.5134	19.4264	1705.198	0.7173	0.5478
1.522	 2	87.5	10.217	0.0005	1126.709	1.5197	19.4154	1712.243	0.7136	0.5485
1.532	 2	88.5	10.216	0.0004	1193.597	1.5138	19.4209	1806.834	0.7171	0.5498
1.542	 2	89.5	10.216	0.0004	1277.479	1.5289	18.4498	1953.086	0.7083	0.5427
1.552	 2	90.5	10.216	0.0007	1266.708	1.5401	18.4498	1950.878	0.7018	0.5463
1.562	 2	91.5	10.212	0.0006	1270.149	1.5345	18.4707	1949.092	0.705	0.5479
1.572	 2	92.5	10.222	0.0008	1274.564	1.5379	17.4492	1960.109	0.7031	0.546
1.582	 2	93.5	10.219	0.0006	1277.694	1.5332	17.464	1958.985	0.7058	0.5441
1.592	 2	94.5	10.226	0.0006	1279.85	1.5202	17.4295	1945.625	0.7133	0.5412
1.602	 2	95.5	10.231	0.0008	1278.715	1.5208	16.438	1944.641	0.713	0.5372
1.612	 2	96.5	10.236	0.0009	1275.037	1.5069	17.3805	1921.338	0.7211	0.5344
1.622	 2	97.5	10.241	0.0008	1271.384	1.5156	16.3918	1926.905	0.716	0.5332
1.632	 2	98.5	10.241	0.0008	1272.965	1.5109	16.3918	1923.275	0.7188	0.5334
1.642	 2	99.5	10.245	0.0008	1272.829	1.5304	15.4102	1947.933	0.7074	0.5354
1.652	 2	100.5	10.252	0.0011	1275.6	1.546	16.3411	1972.139	0.6983	0.5371
1.662	 2	101.5	10.255	0.0012	1276.132	1.5516	16.3273	1980.025	0.6951	0.5333
1.672	 2	102.5	10.254	0.0013	1281.59	1.5487	16.3319	1984.844	0.6968	0.5332
1.682	 2	103.5	10.26	0.0011	1370.741	1.5306	15.3453	2098.008	0.7073	0.5315
1.692	 2	104.5	10.249	0.0013	1461.846	1.5593	16.3549	2279.515	0.6906	0.5325
1.702	 2	105.5	10.249	0.0013	1466.237	1.5665	16.3549	2296.878	0.6865	0.5351
1.712	 2	106.5	10.249	0.0011	1466.657	1.5602	15.3929	2288.228	0.6902	0.5344
1.722	 2	107.5	10.24	0.0011	1466.839	1.5506	15.4319	2274.452	0.6957	0.5335
1.732	 2	108.5	10.236	0.0011	1470.056	1.5496	15.4493	2277.929	0.6963	0.5341
1.742	 2	109.5	10.244	0.0013	1469.517	1.5615	15.4145	2294.617	0.6894	0.5356
1.752	 2	110.5	10.245	0.0015	1467.345	1.5799	16.3733	2318.311	0.6787	0.5386
1.762	 2	111.5	10.245	0.0013	1468.817	1.576	16.3733	2314.885	0.681	0.5392
1.772	 2	112.5	10.245	0.0018	1470.715	1.5836	16.3733	2329.003	0.6766	0.5435
1.782	 2	113.5	10.244	0.0018	1466.571	1.5723	17.3413	2305.849	0.6831	0.5464
1.792	 2	114.5	10.246	0.0016	1463.296	1.5767	17.3316	2307.185	0.6806	0.5488
1.802	 2	115.5	10.244	0.0014	1469.517	1.579	16.3779	2320.323	0.6793	0.5494
1.812	 2	116.5	10.249	0.0014	1475.101	1.5954	17.317	2353.39	0.6697	0.5484
1.822	 2	117.5	10.255	0.0013	1484.081	1.6088	17.2878	2387.57	0.662	0.5521
1.832	 2	118.5	10.255	0.0017	1479.158	1.5601	17.2878	2307.601	0.6902	0.5526
1.842	 2	119.5	10.259	0.0016	1467.458	1.5543	18.2277	2280.807	0.6936	0.5514
1.852	 2	120.5	10.26	0.0014	1464.668	1.5268	18.2226	2236.292	0.7095	0.549
1.862	 2	121.5	10.27	0.0013	1464.632	1.5792	18.1715	2312.903	0.6791	0.5472
1.872	 2	122.5	10.27	0.0012	1462.338	1.5744	18.1715	2302.326	0.6819	0.5483
1.882	 2	123.5	10.275	0.0012	1462.009	1.5781	19.101	2307.228	0.6797	0.5489
1.892	 2	124.5	10.277	0.001	1467.304	1.5792	19.0903	2317.19	0.6791	0.5494
1.902	 2	125.5	10.276	0.0011	1466.324	1.5738	19.0957	2307.663	0.6823	0.56
1.912	 2	126.5	10.285	0.001	1469.916	1.5845	19.0475	2329.013	0.6761	0.568
1.922	 2	127.5	10.291	0.001	1474.989	1.6092	19.9663	2373.563	0.6617	0.6029
1.932	 2	128.5	10.297	0.0013	1483.29	1.5988	19.9328	2371.465	0.6678	0.6088
1.942	 2	129.5	10.306	0.0012	1489.091	1.6367	19.8827	2437.193	0.6458	0.608
1.952	 2	130.5	10.32	0.0004	1499.782	1.5687	19.8051	2352.757	0.6852	0.6067
1.962	 2	131.5	10.322	0.0008	1486.463	1.5651	18.8515	2326.456	0.6873	0.6038
1.972	 2	132.5	10.331	0.0008	1477.546	1.5418	18.8042	2278.073	0.7008	0.6019
1.982	 2	133.5	10.336	0.0007	1482.501	1.5602	18.778	2313.012	0.6901	0.5978
1.992	 2	134.5	10.346	0.0007	1480.326	1.5628	17.7895	2313.526	0.6886	0.5932
2.002	 2	135.5	10.356	0.0007	1484.093	1.5764	16.8064	2339.517	0.6807	0.5826
2.012	 2	136.5	10.402	0.0008	1488.978	1.5875	16.5934	2363.713	0.6743	0.5724
2.022	 2	137.5	10.402	0.0004	1491.968	1.5992	15.6715	2385.959	0.6675	0.5636
2.032	 2	138.5	10.589	0.0004	1506.259	1.5259	13.1378	2298.403	0.71	0.5596
2.042	 2	139.5	10.651	0.0006	1493.201	1.5173	12.9197	2265.616	0.715	0.5591
2.052	 2	140.5	10.656	0.0	109.58	1.5048	12.0422	164.898	0.7223	0.5621
2.062	 2	141.5	10.641	0.0001	1491.38	1.5136	11.2273	2257.373	0.7172	0.5677
2.072	 2	142.5	10.606	0.0001	1494.855	1.5259	10.462	2280.983	0.71	0.5883
2.082	 2	143.5	10.528	0.0003	1489.53	1.573	10.686	2343.003	0.6827	0.6513
2.092	 2	144.5	10.478	0.0004	1510.669	1.5355	9.9303	2319.675	0.7044	0.7983
2.102	 2	145.5	10.546	0.0043	1501.21	1.5436	10.6337	2317.255	0.6998	1.0853
2.112	 2	146.5	10.884	0.0	111.9246	1.4458	8.9058	161.8258	0.7565	1.4125
2.122	 3	0.2	10.91	0.0	112.192	0.8236	8.8454	92.404	1.1174	1.4448
2.132	 3	1.2	10.884	0.0	111.9246	1.5136	8.9058	169.414	0.7171	1.2066
2.142	 3	2.2	10.885	0.0	111.9349	1.4993	8.9035	167.8184	0.7255	0.9851
2.152	 3	3.2	10.895	0.0	112.0378	1.5038	8.8802	168.478	0.7229	0.8278
2.162	 3	4.2	10.838	0.0	111.4516	1.4775	9.8337	164.6653	0.7381	0.7275
2.172	 3	5.2	10.464	0.0	107.6056	1.5211	10.8748	163.6819	0.7128	0.6571
2.182	 3	6.2	10.324	0.0	106.1659	1.5488	11.3046	164.4331	0.6967	0.6177
2.192	 3	7.2	10.25	0.0	105.405	1.5573	12.5032	164.1436	0.6918	0.5955
2.202	 3	8.2	10.233	0.0	105.2301	1.5478	12.5632	162.8785	0.6973	0.5861
2.212	 3	9.2	10.21	0.0001	860.1517	1.5603	13.6177	1342.131	0.6901	0.5806
2.222	 3	10.2	10.204	0.0002	1054.241	1.5629	14.6151	1647.683	0.6886	0.5811
2.232	 3	11.2	10.21	0.0002	1039.609	1.5789	14.5904	1641.443	0.6793	0.5825
2.242	 3	12.2	10.215	0.0002	1093.449	1.5726	15.5411	1719.513	0.683	0.5808
2.252	 3	13.2	10.225	0.0003	1097.927	1.555	16.4659	1707.322	0.6931	0.5786
2.262	 3	14.2	10.23	0.0002	1088.298	1.5653	17.4099	1703.48	0.6872	0.5753
2.272	 3	15.2	10.231	0.0002	1055.286	1.5654	18.3719	1651.938	0.6871	0.5706
2.282	 3	16.2	10.238	0.0002	1088.223	1.5594	18.3357	1696.938	0.6906	0.5696
2.292	 3	17.2	10.245	0.0003	1094.551	1.5685	19.2627	1716.813	0.6853	0.5722
2.302	 3	18.2	10.255	0.0002	1091.19	1.5573	20.1691	1699.342	0.6918	0.5792
2.312	 3	19.2	10.261	0.0001	1017.351	1.5747	20.1351	1602.0	0.6817	0.584
2.322	 3	20.2	10.267	0.0001	1046.265	1.5949	20.1012	1668.674	0.67	0.5857
2.332	 3	21.2	10.275	0.0001	1050.184	1.626	20.0561	1707.58	0.652	0.5854
2.342	 3	22.2	10.281	0.0001	1057.934	1.6291	20.0224	1723.526	0.6501	0.5836
2.352	 3	23.2	10.282	0.0001	1056.732	1.6097	19.0636	1701.072	0.6614	0.5841
2.362	 3	24.2	10.282	0.0001	1052.944	1.5681	19.0636	1651.149	0.6855	0.5845
2.372	 3	25.2	10.287	0.0001	1044.153	1.5754	18.085	1645.003	0.6813	0.5849
2.382	 3	26.2	10.292	0.0001	1024.08	1.5509	17.1092	1588.257	0.6955	0.5844
2.392	 3	27.2	10.292	0.0001	871.4648	1.5699	16.1587	1368.143	0.6845	0.583
2.402	 3	28.2	10.291	0.0001	892.4638	1.5643	15.2124	1396.046	0.6878	0.5792
2.412	 3	29.2	10.292	0.0001	889.0808	1.571	15.2082	1396.789	0.6838	0.574
2.422	 3	30.2	10.292	0.0001	872.8691	1.5591	14.2577	1360.925	0.6908	0.5685
2.432	 3	31.2	10.287	0.0001	892.5814	1.5766	14.2777	1407.208	0.6806	0.57
2.442	 3	32.2	10.287	0.0001	1088.917	1.5878	13.3258	1729.002	0.6741	0.572
2.452	 3	33.2	10.282	0.0002	1124.576	1.5963	12.3913	1795.117	0.6692	0.5742
2.462	 3	34.2	10.282	0.0003	1182.519	1.6026	12.3913	1895.048	0.6656	0.5795
2.472	 3	35.2	10.284	0.0003	1106.878	1.5809	11.4317	1749.916	0.6781	0.585
2.482	 3	36.2	10.28	0.0003	1180.795	1.5698	11.4446	1853.635	0.6846	0.5958
2.492	 3	37.2	10.285	0.0003	1181.098	1.5693	10.4762	1853.538	0.6848	0.6022
2.502	 3	38.2	10.283	0.0004	1180.326	1.5766	11.4349	1860.918	0.6806	0.6076
2.512	 3	39.2	10.28	0.0002	1117.877	1.594	10.4908	1781.905	0.6705	0.6139
2.522	 3	40.2	10.28	0.0001	1110.991	1.5802	10.4908	1755.542	0.6786	0.6165
2.532	 3	41.2	10.275	0.0001	976.4326	1.5883	11.4606	1550.825	0.6739	0.617
2.542	 3	42.2	10.275	0.0001	1110.331	1.5762	11.4606	1750.061	0.6809	0.6194
2.552	 3	43.2	10.271	0.0003	1236.874	1.5838	11.4735	1958.952	0.6765	0.6158
2.562	 3	44.2	10.27	0.0004	1231.563	1.5887	12.4331	1956.641	0.6736	0.619
2.572	 3	45.2	10.27	0.0004	1184.818	1.5761	13.3895	1867.38	0.6809	0.6281
2.582	 3	46.2	10.266	0.0004	1237.911	1.5717	14.362	1945.604	0.6835	0.6313
2.592	 3	47.2	10.266	0.0003	1245.723	1.5888	15.3195	1979.204	0.6736	0.6354
2.602	 3	48.2	10.266	0.0003	1111.64	1.5706	16.2769	1745.908	0.6841	0.6372
2.612	 3	49.2	10.268	0.0003	1244.757	1.5722	17.2247	1957.021	0.6832	0.6426
2.622	 3	50.2	10.265	0.0003	1247.569	1.5856	18.197	1978.102	0.6754	0.6472
2.632	 3	51.2	10.27	0.0002	1116.183	1.6102	19.1278	1797.261	0.6611	0.6495
2.642	 3	52.2	10.27	0.0001	1070.238	1.595	20.0842	1707.018	0.67	0.6515
2.652	 3	53.2	10.271	0.0001	972.7247	1.6155	20.0786	1571.464	0.658	0.6522
2.662	 3	54.2	10.279	0.0001	1014.909	1.5806	20.9876	1604.158	0.6783	0.6524
2.672	 3	55.2	10.282	0.0001	888.2169	1.6115	20.9699	1431.346	0.6604	0.6555
2.682	 3	56.2	10.287	0.0001	985.8169	1.6075	21.8924	1584.724	0.6627	0.6586
2.692	 3	57.2	10.289	0.0001	863.9684	1.6015	21.8801	1383.613	0.6662	0.6608
2.702	 3	58.2	10.287	0.0001	1128.951	1.6136	20.9406	1821.67	0.6592	0.6642
2.712	 3	59.2	10.281	0.0002	1260.235	1.6192	21.9292	2040.559	0.6559	0.6678
2.722	 3	60.2	10.28	0.0001	1256.724	1.6115	21.9354	2025.219	0.6604	0.6684
2.732	 3	61.2	10.276	0.0002	1112.362	1.6107	21.0052	1791.668	0.6609	0.67
2.742	 3	62.2	10.273	0.0002	1255.407	1.6048	21.0229	2014.701	0.6643	0.6754
2.752	 3	63.2	10.271	0.0001	1255.163	1.5968	21.9908	2004.281	0.6689	0.6773
2.762	 3	64.2	10.268	0.0001	1112.339	1.6169	22.0094	1798.509	0.6573	0.6781
2.772	 3	65.2	10.267	0.0001	978.2755	1.6217	22.0156	1586.458	0.6545	0.676
2.782	 3	66.2	10.261	0.0002	1259.482	1.6087	22.0527	2026.142	0.662	0.6706
2.792	 3	67.2	10.259	0.0003	1278.858	1.6318	21.1057	2086.781	0.6486	0.667
2.802	 3	68.2	10.254	0.0003	1275.69	1.6594	22.0961	2116.891	0.6326	0.6652
2.812	 3	69.2	10.254	0.0002	1080.961	1.6396	22.0961	1772.393	0.6441	0.6653
2.822	 3	70.2	10.25	0.0003	1254.59	1.6078	22.121	2017.184	0.6625	0.666
2.832	 3	71.2	10.245	0.0004	1253.058	1.6052	21.189	2011.381	0.664	0.661
2.842	 3	72.2	10.24	0.0006	1489.888	1.5943	21.2189	2375.258	0.6704	0.6562
2.852	 3	73.2	10.244	0.0004	1494.166	1.6114	21.195	2407.669	0.6605	0.6538
2.862	 3	74.2	10.239	0.0004	1375.84	1.6087	21.2248	2213.323	0.662	0.6504
2.872	 3	75.2	10.234	0.0006	1511.0	1.6153	20.2886	2440.671	0.6582	0.6497
2.882	 3	76.2	10.229	0.0009	1394.357	1.6143	19.3498	2250.94	0.6587	0.649
2.892	 3	77.2	10.228	0.0013	1501.027	1.6255	20.323	2439.967	0.6522	0.6491
2.902	 3	78.2	10.225	0.0025	1496.195	1.6461	22.2774	2462.86	0.6403	0.6489
2.912	 3	79.2	10.219	0.0024	1495.099	1.6319	20.3747	2439.924	0.6485	0.6476
2.922	 3	80.2	10.219	0.0019	1495.755	1.6182	21.3449	2420.462	0.6565	0.6525
2.932	 3	81.2	10.215	0.002	1496.046	1.6409	20.3977	2454.793	0.6434	0.651
2.942	 3	82.2	10.214	0.0019	1493.93	1.6202	20.4035	2420.428	0.6554	0.6503
2.952	 3	83.2	10.214	0.0016	1493.712	1.6348	21.375	2441.932	0.6469	0.6445
2.962	 3	84.2	10.215	0.0016	1492.548	1.6317	20.3977	2435.399	0.6487	0.6369
2.972	 3	85.2	10.213	0.0014	1495.534	1.643	20.4092	2457.096	0.6421	0.6284
2.982	 3	86.2	10.216	0.0015	1495.316	1.6263	20.3919	2431.788	0.6518	0.625
2.992	 3	87.2	10.22	0.0014	1494.808	1.6077	20.3689	2403.153	0.6626	0.6253
3.002	 3	88.2	10.22	0.0019	1492.843	1.6236	19.399	2423.764	0.6534	0.6305
3.012	 3	89.2	10.221	0.002	1488.64	1.6352	19.3935	2434.167	0.6467	0.6347
3.022	 3	90.2	10.225	0.0016	1488.789	1.6269	20.3402	2422.089	0.6515	0.6346
3.032	 3	91.2	10.235	0.0013	1490.679	1.635	19.3171	2437.243	0.6468	0.6322
3.042	 3	92.2	10.236	0.0013	1491.042	1.6413	20.2772	2447.306	0.6431	0.6302
3.052	 3	93.2	10.241	0.0017	1491.335	1.627	19.2844	2426.368	0.6514	0.6328
3.062	 3	94.2	10.25	0.0018	1495.477	1.6489	20.1974	2465.932	0.6387	0.6607
3.072	 3	95.2	10.258	0.0017	1501.024	1.6783	19.1924	2519.132	0.6216	0.6657
3.082	 3	96.2	10.27	0.0011	1516.539	1.7009	19.1278	2579.446	0.6085	0.6679
3.092	 3	97.2	10.274	0.0013	1502.047	1.6356	19.1064	2456.696	0.6464	0.6641
3.102	 3	98.2	10.282	0.0018	1490.145	1.6217	19.0636	2416.504	0.6545	0.6591
3.112	 3	99.2	10.292	0.0015	1488.789	1.6093	18.0597	2395.967	0.6616	0.6533
3.122	 3	100.2	10.301	0.0016	1488.584	1.6198	18.0143	2411.257	0.6555	0.6463
3.132	 3	101.2	10.305	0.0016	1489.162	1.6233	17.0471	2417.352	0.6535	0.6533
3.142	 3	102.2	10.31	0.0016	1484.949	1.6091	17.0233	2389.473	0.6618	0.6518
3.152	 3	103.2	10.327	0.0015	1480.573	1.6099	16.0014	2383.646	0.6613	0.6531
3.162	 3	104.2	10.388	0.0014	1482.306	1.593	14.8069	2361.368	0.6711	0.6536
3.172	 3	105.2	10.573	0.0001	1501.847	1.5853	13.1949	2380.87	0.6756	0.6539
3.182	 3	106.2	10.593	0.0009	1505.543	1.5866	13.9985	2388.692	0.6748	0.6521
3.192	 3	107.2	10.579	0.0	108.7882	1.5855	13.1735	172.4882	0.6754	0.6583
3.202	 3	108.2	10.594	0.001	1524.097	1.5989	13.12	2436.824	0.6677	0.6779
3.212	 3	109.2	10.565	0.0011	1499.432	1.6038	12.342	2404.843	0.6648	0.7245
3.222	 3	110.2	10.564	0.0005	1503.558	1.5961	10.5818	2399.901	0.6693	0.8146
3.232	 3	111.2	10.545	0.0016	1517.484	1.6037	9.7502	2433.545	0.6649	1.0015
3.242	 3	112.2	10.582	0.0034	1514.744	1.6056	8.7752	2432.123	0.6638	1.3984
3.252	 3	113.2	10.543	0.0035	1513.06	1.5849	7.0949	2398.103	0.6758	2.0823
3.262	 3	114.2	10.503	0.0019	1532.837	0.7958	4.483	1219.836	1.1335	2.9948
