Geotek MSCL 7.9 - TN336_JPC19-21.out created at 18:16:30 on 1/22/2016.


Processing Parameters

CT	RCT=11.45	W=1.27
PWAmp	A=1	B=0
PWVel	PTO=26.15
Den1	A=5.9246E-04	B=-.091753	C=9.804
MS1	A=1	B=0	Den=0	LD=14	
FP	MGD=2.75	WD=1.026	
RES	A=505.0359	B=-1.084619	p=0	


SB DEPTH	SECT NUM	SECT DEPTH	CT	PWAmp	PWVel	Den1	MS1	Imp	FP	RES
m		cm	cm		m/s	g/cc	SI x 10^-5			Ohm.m

-0.639	before cal		10.647	0.0001						99.2965
-0.579	cal sect	6.0	10.442	0.0077	1493.848	1.1638	-1.8235		0.9201	16.6446
-0.519	cal sect	12.0	10.21	0.0309	1470.97	1.1258	-0.9727	1656.045	0.9421	15.0068
-0.459	cal sect	18.0	10.211	0.0207	1466.466	1.1452	-1.9448	1679.375	0.9309	13.7222
-0.399	cal sect	24.0	10.461	0.0016	1481.728	1.1499	-1.814	1703.883	0.9281	11.0253
-0.339	cal sect	30.0	10.675	0.0072	1491.964	1.1106	-1.7116	1656.923	0.9509	3.5989
-0.279	cal sect	36.0	10.574	0.01	1503.483	1.1341	-0.8794	1705.105	0.9373	0.4902
-0.219	cal sect	42.0	10.232	0.0075	1497.22	1.1468	-1.9333	1716.96	0.93	0.3658
-0.159	cal sect	48.0	10.185	0.0191	1482.964	1.1784	-1.9592	1747.5	0.9116	0.3693
-0.099	cal sect	54.0	10.331	0.0075	1492.919	1.153	-1.8804	1721.346	0.9263	0.3736
-0.039	cal sect	60.0	10.368	0.0138	1499.132	1.1589	0.9306	1737.365	0.9229	0.5207
0.001	 1	0.1	10.871	0.0	111.7439	0.8588	7.3115	95.9695	1.097	1.1383
0.011	 1	1.1	10.921	0.0	112.2578	1.3946	8.82	156.5496	0.7862	0.9561
0.021	 1	2.1	10.939	0.0	112.4428	1.3966	9.5767	157.0394	0.785	0.7382
0.031	 1	3.1	10.94	0.0011	1535.008	1.4146	10.3721	2171.411	0.7746	0.5944
0.041	 1	4.1	10.877	0.0	111.8055	1.4164	11.3555	158.3559	0.7736	0.5131
0.051	 1	5.1	10.391	0.0035	1515.165	1.4708	13.87	2228.476	0.742	0.4683
0.061	 1	6.1	10.302	0.0042	1502.406	1.4957	14.2178	2247.096	0.7276	0.4455
0.071	 1	7.1	10.234	0.0029	1502.349	1.4787	14.4919	2221.464	0.7374	0.4368
0.081	 1	8.1	10.205	0.0015	1509.839	1.46	15.5851	2204.38	0.7483	0.4388
0.091	 1	9.1	10.196	0.0019	1511.862	1.4798	14.6483	2237.276	0.7368	0.4463
0.101	 1	10.1	10.195	0.0044	1501.694	1.49	15.6292	2237.498	0.7309	0.4538
0.111	 1	11.1	10.19	0.0115	1491.074	1.5182	15.6514	2263.717	0.7145	0.4614
0.121	 1	12.1	10.19	0.0112	1481.32	1.5283	15.6514	2263.888	0.7086	0.4698
0.131	 1	13.1	10.184	0.0104	1480.663	1.556	14.6981	2303.908	0.6926	0.4799
0.141	 1	14.1	10.184	0.0051	1481.525	1.5289	15.678	2265.138	0.7083	0.4901
0.151	 1	15.1	10.184	0.0022	1489.324	1.5035	15.678	2239.269	0.723	0.4986
0.161	 1	16.1	10.178	0.001	1500.516	1.5055	15.7047	2258.996	0.7219	0.506
0.171	 1	17.1	10.179	0.0007	1392.286	1.4957	14.719	2082.43	0.7276	0.5114
0.181	 1	18.1	10.178	0.0005	1257.475	1.4971	15.7047	1882.611	0.7267	0.5169
0.191	 1	19.1	10.178	0.0012	1262.309	1.4909	14.7232	1882.003	0.7303	0.5204
0.201	 1	20.1	10.182	0.0009	1257.192	1.4803	15.6869	1861.038	0.7365	0.5197
0.211	 1	21.1	10.187	0.0007	1200.872	1.4847	15.6647	1782.95	0.7339	0.5171
0.221	 1	22.1	10.183	0.0004	1196.03	1.4812	15.6825	1771.55	0.736	0.5143
0.231	 1	23.1	10.188	0.0004	1202.266	1.5164	15.6602	1823.067	0.7156	0.512
0.241	 1	24.1	10.194	0.0011	1261.165	1.5216	15.6337	1918.942	0.7126	0.5116
0.251	 1	25.1	10.193	0.0016	1203.708	1.508	15.6381	1815.165	0.7204	0.5082
0.261	 1	26.1	10.196	0.0008	1262.819	1.4987	15.6248	1892.523	0.7258	0.5049
0.271	 1	27.1	10.198	0.0006	1263.849	1.5196	15.616	1920.594	0.7137	0.5046
0.281	 1	28.1	10.203	0.0011	1143.193	1.5352	15.5939	1755.019	0.7046	0.5054
0.291	 1	29.1	10.198	0.0009	1196.948	1.5096	15.616	1806.916	0.7195	0.5029
0.301	 1	30.1	10.208	0.0005	1124.849	1.5299	16.5451	1720.877	0.7077	0.5056
0.311	 1	31.1	10.214	0.0002	1085.787	1.5181	17.4887	1648.282	0.7146	0.5272
0.321	 1	32.1	10.213	0.0002	1092.767	1.5494	17.4936	1693.128	0.6964	0.5335
0.331	 1	33.1	10.208	0.0005	1092.7	1.548	17.5183	1691.47	0.6972	0.5397
0.341	 1	34.1	10.221	0.0002	1089.427	1.5261	17.4541	1662.527	0.7099	0.5455
0.351	 1	35.1	10.219	0.0002	1094.463	1.5333	17.464	1678.167	0.7057	0.5536
0.361	 1	36.1	10.219	0.0002	1135.949	1.5192	17.464	1725.696	0.7139	0.5599
0.371	 1	37.1	10.228	0.0007	1262.716	1.5355	16.4519	1938.866	0.7045	0.5643
0.381	 1	38.1	10.218	0.0011	1262.261	1.527	16.4984	1927.522	0.7094	0.5638
0.391	 1	39.1	10.218	0.0005	1253.435	1.5212	16.4984	1906.693	0.7128	0.5593
0.401	 1	40.1	10.224	0.0003	1198.031	1.5198	15.5017	1820.709	0.7136	0.5535
0.411	 1	41.1	10.209	0.0004	1255.565	1.4965	15.5675	1878.93	0.7271	0.547
0.421	 1	42.1	10.205	0.0004	1193.707	1.4795	15.5851	1766.128	0.7369	0.5413
0.431	 1	43.1	10.22	0.0004	1255.528	1.5019	15.5192	1885.68	0.724	0.5368
0.441	 1	44.1	10.215	0.0004	1198.944	1.5087	15.5411	1808.805	0.72	0.5358
0.451	 1	45.1	10.209	0.0002	1129.564	1.5148	15.5675	1711.092	0.7165	0.5361
0.461	 1	46.1	10.215	0.0002	1088.439	1.5124	15.5411	1646.102	0.7179	0.5394
0.471	 1	47.1	10.209	0.0001	1089.541	1.5254	15.5675	1662.037	0.7103	0.5443
0.481	 1	48.1	10.204	0.0001	1083.457	1.523	15.5895	1650.1	0.7117	0.5494
0.491	 1	49.1	10.248	0.0001	1000.391	1.5035	14.4349	1504.133	0.723	0.5528
0.501	 1	50.1	10.252	0.0001	1098.35	1.4931	14.4186	1639.897	0.7291	0.5529
0.511	 1	51.1	10.253	0.0002	1097.164	1.4924	15.3755	1637.398	0.7295	0.5518
0.521	 1	52.1	10.258	0.0002	1092.439	1.4865	15.3539	1623.901	0.7329	0.5495
0.531	 1	53.1	10.263	0.0	105.4942	1.492	15.3324	157.3945	0.7297	0.5467
0.541	 1	54.1	10.268	0.0001	1091.76	1.4848	14.3539	1621.03	0.7339	0.547
0.551	 1	55.1	10.263	0.0002	1092.273	1.4904	14.3741	1627.944	0.7306	0.5499
0.561	 1	56.1	10.265	0.0002	1095.518	1.5089	14.366	1653.058	0.7199	0.555
0.571	 1	57.1	10.271	0.0001	1094.523	1.5152	14.3419	1658.397	0.7163	0.5651
0.581	 1	58.1	10.27	0.0002	1095.934	1.514	14.3459	1659.246	0.7169	0.572
0.591	 1	59.1	10.276	0.0001	1096.224	1.5092	14.3218	1654.374	0.7197	0.5734
0.601	 1	60.1	10.281	0.0002	1095.005	1.4734	13.3482	1613.413	0.7405	0.5862
0.611	 1	61.1	10.29	0.0002	1089.812	1.4732	14.2657	1605.469	0.7406	0.6017
0.621	 1	62.1	10.296	0.0002	1090.678	1.4895	13.2923	1624.586	0.7311	0.6019
0.631	 1	63.1	10.302	0.0002	1094.095	1.4801	13.27	1619.418	0.7366	0.6007
0.641	 1	64.1	10.311	0.0001	1006.442	1.4674	13.2366	1476.818	0.744	0.5972
0.651	 1	65.1	10.318	0.0001	1005.751	1.4611	12.2671	1469.456	0.7476	0.5951
0.661	 1	66.1	10.321	0.0	919.9573	1.4579	11.314	1341.166	0.7495	0.6001
0.671	 1	67.1	10.377	0.0	928.0922	1.4485	11.1391	1344.33	0.7549	0.6107
0.681	 1	68.1	10.408	0.0	106.9846	1.4409	10.1236	154.1581	0.7593	0.6379
0.691	 1	69.1	10.428	0.0001	886.2825	1.4412	9.1526	1277.27	0.7592	0.694
0.701	 1	70.1	10.424	0.0	107.1491	1.4154	8.2464	151.6595	0.7741	0.8014
0.711	 1	71.1	10.49	0.0	107.8275	1.3761	7.1983	148.3774	0.7969	1.0142
0.721	 1	72.1	10.595	0.0	108.9068	1.344	5.2466	146.3732	0.8155	1.4003
0.731	 1	73.1	10.63	0.0	109.2666	1.1852	3.4648	129.4998	0.9077	1.9794
0.741	 1	74.1	10.584	0.0	108.7937	0.3289	3.5082	35.7855	1.4043	2.5716
0.751	 1	75.1	10.582	0.0	108.7732	0.2677	1.755	29.1133	1.4399	2.8846
0.761	 1	76.1	10.544	0.0	108.3826	0.2618	1.7732	28.37	1.4433	3.0234
0.771	 1	77.1	10.529	0.0	108.2284	0.2595	1.7805	28.0825	1.4446	3.0132
0.781	 1	78.1	10.464	0.0	107.5603	0.2635	2.7187	28.3454	1.4423	3.0974
0.791	 1	79.1	10.743	0.0	110.4281	0.2448	3.3614	27.0377	1.4531	3.2182
0.801	 1	80.1	10.775	0.0	110.757	0.2589	4.1662	28.6749	1.445	2.9589
0.811	 2	0.6	10.814	0.0	111.1579	1.1549	5.7727	128.3729	0.9253	2.0778
0.821	 2	1.6	10.852	0.0	111.5485	1.4615	6.5316	163.0287	0.7474	1.3145
0.831	 2	2.6	10.843	0.0013	1523.963	1.4767	7.3655	2250.484	0.7386	0.9024
0.841	 2	3.6	10.818	0.0056	1501.666	1.4978	9.0619	2249.254	0.7263	0.7092
0.851	 2	4.6	10.693	0.0001	1484.314	1.5124	9.3682	2244.86	0.7179	0.6176
0.861	 2	5.6	10.359	0.0069	1482.823	1.546	11.1949	2292.446	0.6984	0.5678
0.871	 2	6.6	10.316	0.0035	1473.083	1.531	10.3857	2255.229	0.7071	0.5446
0.881	 2	7.6	10.276	0.0005	1478.561	1.5366	11.4574	2272.028	0.7038	0.5316
0.891	 2	8.6	10.255	0.0006	1472.785	1.5301	11.5252	2253.489	0.7076	0.528
0.901	 2	9.6	10.224	0.0004	1468.754	1.5725	11.6262	2309.66	0.683	0.531
0.911	 2	10.6	10.211	0.0004	1480.284	1.5637	11.669	2314.723	0.6881	0.5344
0.921	 2	11.6	10.203	0.0004	1371.924	1.5774	12.67	2164.133	0.6801	0.5343
0.931	 2	12.6	10.203	0.0004	1275.216	1.578	12.67	2012.294	0.6798	0.5348
0.941	 2	13.6	10.207	0.001	1279.393	1.5861	12.6557	2029.234	0.6751	0.5331
0.951	 2	14.6	10.202	0.0009	1375.86	1.5651	12.6736	2153.332	0.6873	0.5327
0.961	 2	15.6	10.202	0.0006	1353.948	1.5756	11.6987	2133.337	0.6812	0.5339
0.971	 2	16.6	10.202	0.0007	1357.371	1.5612	12.6736	2119.149	0.6895	0.5362
0.981	 2	17.6	10.202	0.0007	1464.122	1.5651	11.6987	2291.469	0.6873	0.5344
0.991	 2	18.6	10.202	0.0005	1365.364	1.5607	11.6987	2130.876	0.6899	0.5302
1.001	 2	19.6	10.202	0.0003	1496.992	1.5114	11.6987	2262.521	0.7185	0.5221
1.011	 2	20.6	10.197	0.0007	1373.148	1.5129	11.7153	2077.45	0.7176	0.5178
1.021	 2	21.6	10.197	0.0008	1275.422	1.5243	11.7153	1944.135	0.711	0.5159
1.031	 2	22.6	10.202	0.0008	1273.181	1.5543	12.6736	1978.966	0.6935	0.5188
1.041	 2	23.6	10.201	0.0005	1275.284	1.5884	11.702	2025.707	0.6738	0.523
1.051	 2	24.6	10.207	0.0004	1264.651	1.5989	11.6822	2021.991	0.6677	0.5264
1.061	 2	25.6	10.205	0.0005	1267.387	1.6211	11.6888	2054.516	0.6548	0.5289
1.071	 2	26.6	10.211	0.0006	1368.583	1.6436	11.669	2249.44	0.6417	0.5302
1.081	 2	27.6	10.215	0.0009	1459.494	1.6469	12.6271	2403.569	0.6399	0.5325
1.091	 2	28.6	10.21	0.0009	1350.886	1.6267	11.6723	2197.471	0.6516	0.5317
1.101	 2	29.6	10.21	0.0005	1359.159	1.6116	11.6723	2190.391	0.6603	0.5303
1.111	 2	30.6	10.22	0.0008	1370.157	1.6366	11.6394	2242.336	0.6459	0.533
1.121	 2	31.6	10.215	0.0008	1481.508	1.6294	11.6558	2413.979	0.65	0.5402
1.131	 2	32.6	10.216	0.0014	1488.562	1.6393	11.6525	2440.147	0.6443	0.5437
1.141	 2	33.6	10.216	0.0015	1489.43	1.6467	11.6525	2452.629	0.64	0.5453
1.151	 2	34.6	10.216	0.0026	1487.695	1.6369	10.6815	2435.207	0.6456	0.5486
1.161	 2	35.6	10.216	0.0016	1485.747	1.6101	10.6815	2392.136	0.6612	0.5539
1.171	 2	36.6	10.217	0.0012	1474.102	1.5843	10.6785	2335.356	0.6762	0.5657
1.181	 2	37.6	10.216	0.0015	1475.874	1.5957	10.6815	2355.105	0.6695	0.579
1.191	 2	38.6	10.222	0.0026	1476.314	1.5999	9.694	2361.999	0.6671	0.5871
1.201	 2	39.6	10.222	0.0052	1475.036	1.5965	9.694	2354.905	0.6691	0.5931
1.211	 2	40.6	10.216	0.0052	1474.596	1.6057	9.7104	2367.818	0.6637	0.5983
1.221	 2	41.6	10.219	0.0039	1472.478	1.5973	9.7022	2351.931	0.6686	0.6006
1.231	 2	42.6	10.216	0.0022	1460.889	1.6118	9.7104	2354.642	0.6602	0.5989
1.241	 2	43.6	10.215	0.0014	1378.542	1.6206	9.7132	2234.123	0.6551	0.5988
1.251	 2	44.6	10.216	0.0012	1471.41	1.6407	9.7104	2414.21	0.6434	0.5991
1.261	 2	45.6	10.213	0.001	1376.044	1.6529	9.7187	2274.396	0.6364	0.6018
1.271	 2	46.6	10.212	0.0011	1487.329	1.6491	10.6936	2452.791	0.6386	0.6033
1.281	 2	47.6	10.212	0.0008	1333.507	1.6548	9.7214	2206.704	0.6353	0.6062
1.291	 2	48.6	10.221	0.0005	1195.858	1.6349	9.6967	1955.131	0.6468	0.6084
1.301	 2	49.6	10.222	0.0007	1197.657	1.5996	9.694	1915.824	0.6673	0.6176
1.311	 2	50.6	10.221	0.0006	1262.475	1.6258	9.6967	2052.551	0.6521	0.6219
1.321	 2	51.6	10.221	0.0005	1274.916	1.6573	8.7271	2112.867	0.6338	0.6216
1.331	 2	52.6	10.231	0.001	1380.329	1.6517	8.7025	2279.943	0.637	0.6169
1.341	 2	53.6	10.235	0.001	1502.055	1.6294	8.6927	2447.52	0.65	0.613
1.351	 2	54.6	10.238	0.0012	1273.383	1.5588	8.6853	1984.888	0.691	0.6052
1.361	 2	55.6	10.245	0.0021	1264.971	1.5362	7.7051	1943.196	0.7041	0.595
1.371	 2	56.6	10.263	0.0014	1273.325	1.5294	7.6662	1947.463	0.708	0.5823
1.381	 2	57.6	10.271	0.0011	1277.011	1.5242	7.649	1946.452	0.711	0.5743
1.391	 2	58.6	10.274	0.0009	1358.815	1.5426	7.6426	2096.161	0.7003	0.5673
1.401	 2	59.6	10.275	0.0011	1377.9	1.5479	7.6404	2132.903	0.6973	0.5635
1.411	 2	60.6	10.278	0.0013	1296.091	1.5334	7.634	1987.4	0.7057	0.5614
1.421	 2	61.6	10.276	0.0012	1370.133	1.5475	7.6383	2120.3	0.6975	0.5593
1.431	 2	62.6	10.275	0.0012	1358.229	1.5154	7.6404	2058.237	0.7161	0.5621
1.441	 2	63.6	10.271	0.0012	1350.914	1.5385	7.649	2078.352	0.7027	0.5597
1.451	 2	64.6	10.27	0.0014	1476.423	1.5249	7.6511	2251.409	0.7106	0.562
1.461	 2	65.6	10.262	0.0014	1456.016	1.5513	8.6269	2258.668	0.6953	0.5626
1.471	 2	66.6	10.262	0.0016	1458.292	1.5379	8.6269	2242.754	0.7031	0.5615
1.481	 2	67.6	10.252	0.0022	1358.961	1.5443	7.6899	2098.666	0.6994	0.5615
1.491	 2	68.6	10.245	0.0021	1447.443	1.5549	8.6682	2250.684	0.6932	0.5609
1.501	 2	69.6	10.237	0.002	1461.593	1.5458	8.6878	2259.276	0.6985	0.5602
1.511	 2	70.6	10.232	0.0015	1471.172	1.5422	8.7	2268.798	0.7006	0.5636
1.521	 2	71.6	10.227	0.002	1465.396	1.5467	8.7123	2266.571	0.698	0.563
1.531	 2	72.6	10.212	0.003	1464.926	1.5446	8.7493	2262.794	0.6992	0.5598
1.541	 2	73.6	10.212	0.0037	1459.9	1.5556	8.7493	2270.969	0.6928	0.557
1.551	 2	74.6	10.203	0.0024	1468.903	1.5575	9.7462	2287.796	0.6917	0.5533
1.561	 2	75.6	10.192	0.0037	1466.686	1.5559	8.7989	2281.976	0.6926	0.5526
1.571	 2	76.6	10.189	0.0036	1463.726	1.5682	9.7849	2295.396	0.6855	0.5558
1.581	 2	77.6	10.186	0.0038	1468.993	1.5728	9.7932	2310.456	0.6828	0.5558
1.591	 2	78.6	10.177	0.0077	1468.967	1.5637	9.8182	2296.98	0.6881	0.5536
1.601	 2	79.6	10.173	0.0104	1466.061	1.581	9.8294	2317.804	0.6781	0.5525
1.611	 2	80.6	10.173	0.0135	1464.373	1.5793	10.8123	2312.675	0.6791	0.5537
1.621	 2	81.6	10.167	0.0076	1462.667	1.6026	9.8461	2344.025	0.6656	0.5547
1.631	 2	82.6	10.182	0.0065	1464.825	1.5796	10.7847	2313.803	0.6789	0.5596
1.641	 2	83.6	10.185	0.0069	1465.257	1.5839	10.7756	2320.791	0.6764	0.5598
1.651	 2	84.6	10.184	0.0083	1465.746	1.5959	9.7988	2339.195	0.6694	0.5608
1.661	 2	85.6	10.185	0.0139	1465.678	1.5884	10.7756	2328.065	0.6738	0.5619
1.671	 2	86.6	10.195	0.0099	1465.22	1.5993	10.7451	2343.337	0.6675	0.565
1.681	 2	87.6	10.196	0.0081	1467.261	1.585	10.7421	2325.584	0.6758	0.5641
1.691	 2	88.6	10.202	0.0121	1467.702	1.5951	10.7238	2341.102	0.6699	0.5625
1.701	 2	89.6	10.201	0.0116	1465.661	1.5725	10.7269	2304.678	0.683	0.5623
1.711	 2	90.6	10.201	0.0087	1463.978	1.5725	11.702	2302.032	0.683	0.5636
1.721	 2	91.6	10.206	0.0098	1466.59	1.5784	11.6855	2314.834	0.6796	0.5575
1.731	 2	92.6	10.206	0.0097	1466.59	1.5854	10.7117	2325.133	0.6755	0.5602
1.741	 2	93.6	10.206	0.0075	1468.489	1.5942	11.6855	2341.022	0.6704	0.5605
1.751	 2	94.6	10.206	0.0072	1465.747	1.5919	11.6855	2333.324	0.6718	0.563
1.761	 2	95.6	10.207	0.0063	1467.999	1.5895	11.6822	2333.355	0.6732	0.5649
1.771	 2	96.6	10.207	0.0079	1472.022	1.5841	11.6822	2331.858	0.6763	0.5673
1.781	 2	97.6	10.207	0.0081	1472.872	1.5952	11.6822	2349.452	0.6699	0.5695
1.791	 2	98.6	10.201	0.0095	1467.77	1.5921	11.702	2336.856	0.6716	0.5694
1.801	 2	99.6	10.196	0.0084	1472.134	1.5864	12.6952	2335.381	0.6749	0.5726
1.811	 2	100.6	10.195	0.0075	1468.808	1.5835	11.7219	2325.785	0.6767	0.5721
1.821	 2	101.6	10.198	0.008	1473.699	1.5881	12.688	2340.316	0.674	0.5701
1.831	 2	102.6	10.19	0.0099	1471.693	1.613	12.7167	2373.853	0.6595	0.5705
1.841	 2	103.6	10.185	0.0102	1471.183	1.5969	12.7348	2349.315	0.6689	0.5705
1.851	 2	104.6	10.184	0.0135	1472.102	1.5959	12.7384	2349.338	0.6694	0.5726
1.861	 2	105.6	10.188	0.0105	1471.616	1.5933	12.724	2344.718	0.6709	0.5773
1.871	 2	106.6	10.184	0.0084	1469.977	1.5922	12.7384	2340.526	0.6716	0.5835
1.881	 2	107.6	10.186	0.0095	1470.478	1.6064	12.7312	2362.242	0.6633	0.5904
1.891	 2	108.6	10.184	0.0117	1471.039	1.6076	13.7183	2364.874	0.6626	0.5923
1.901	 2	109.6	10.19	0.009	1470.418	1.6001	13.695	2352.806	0.667	0.5926
1.911	 2	110.6	10.19	0.0073	1466.398	1.5981	12.7167	2343.446	0.6682	0.5883
1.921	 2	111.6	10.189	0.005	1465.2	1.6037	13.6988	2349.711	0.6649	0.5838
1.931	 2	112.6	10.19	0.0049	1466.398	1.597	13.695	2341.776	0.6688	0.5826
1.941	 2	113.6	10.19	0.0047	1466.82	1.622	13.695	2379.174	0.6543	0.5845
1.951	 2	114.6	10.185	0.0045	1466.1	1.6101	14.694	2360.497	0.6612	0.5893
1.961	 2	115.6	10.19	0.0051	1466.82	1.6188	13.695	2374.485	0.6561	0.5954
1.971	 2	116.6	10.19	0.0065	1471.055	1.5938	14.6732	2344.616	0.6706	0.6002
1.981	 2	117.6	10.196	0.0064	1467.261	1.602	14.6483	2350.562	0.6659	0.6025
1.991	 2	118.6	10.19	0.0061	1465.976	1.6136	14.6732	2365.478	0.6592	0.6004
2.001	 2	119.6	10.19	0.0051	1465.976	1.609	14.6732	2358.717	0.6618	0.5984
2.011	 2	120.6	10.196	0.0044	1466.417	1.5906	13.6717	2332.525	0.6725	0.5949
2.021	 2	121.6	10.19	0.004	1465.344	1.6032	13.695	2349.292	0.6652	0.5918
2.031	 2	122.6	10.19	0.0035	1463.66	1.6061	13.695	2350.786	0.6635	0.5869
2.041	 2	123.6	10.19	0.0033	1464.712	1.6165	14.6732	2367.675	0.6575	0.585
2.051	 2	124.6	10.19	0.0033	1465.344	1.6226	14.6732	2377.633	0.654	0.5851
2.061	 2	125.6	10.194	0.0031	1465.076	1.6069	14.6566	2354.239	0.663	0.5857
2.071	 2	126.6	10.2	0.0023	1464.255	1.6074	13.6562	2353.638	0.6628	0.5935
2.081	 2	127.6	10.204	0.0022	1464.619	1.5948	14.6151	2335.726	0.6701	0.6062
2.091	 2	128.6	10.207	0.0024	1465.47	1.6069	14.6028	2354.818	0.6631	0.6097
2.101	 2	129.6	10.218	0.0021	1464.526	1.5949	14.5574	2335.706	0.67	0.6383
2.111	 2	130.6	10.229	0.0019	1464.634	1.6132	14.5123	2362.752	0.6594	0.6453
2.121	 2	131.6	10.228	0.0018	1465.96	1.5907	14.5164	2331.963	0.6724	0.6471
2.131	 2	132.6	10.235	0.002	1467.594	1.6071	14.4878	2358.521	0.663	0.6534
2.141	 2	133.6	10.243	0.0021	1466.008	1.5805	14.4552	2317.051	0.6784	0.6594
2.151	 2	134.6	10.247	0.0026	1466.581	1.5791	14.4389	2315.815	0.6792	0.6616
2.161	 2	135.6	10.258	0.003	1467.105	1.5915	14.3943	2334.856	0.672	0.6645
2.171	 2	136.6	10.358	0.0026	1473.4	1.5705	13.9976	2313.969	0.6842	0.6622
2.181	 2	137.6	10.331	0.0032	1473.541	1.5729	14.1032	2317.762	0.6828	0.6579
2.191	 2	138.6	10.349	0.0023	1472.538	1.5885	14.9681	2339.143	0.6737	0.6585
2.201	 2	139.6	10.384	0.0049	1493.671	1.5908	14.8234	2376.184	0.6724	0.6556
2.211	 2	140.6	10.629	0.0013	1500.0	1.5578	12.9965	2336.695	0.6915	0.6526
2.221	 2	141.6	10.682	0.0015	1499.018	1.5481	13.6667	2320.66	0.6971	0.6496
2.231	 2	142.6	10.715	0.0002	1512.991	1.5689	13.5466	2373.681	0.6851	0.6464
2.241	 2	143.6	10.689	0.0004	1495.593	1.5818	13.6411	2365.767	0.6776	0.6485
2.251	 2	144.6	10.638	0.0015	1497.466	1.5768	13.8293	2361.202	0.6805	0.6643
2.261	 2	145.6	10.553	0.0011	1495.395	1.5901	13.2668	2377.787	0.6728	0.7265
2.271	 2	146.6	10.523	0.0013	1504.575	1.5679	12.484	2358.951	0.6857	0.9049
2.281	 2	147.6	10.553	0.0095	1489.275	1.5506	14.1513	2309.236	0.6957	1.2821
2.291	 2	148.6	10.725	0.0011	1491.033	1.4874	13.5104	2217.831	0.7323	1.714
2.301	 3	0.1	10.849	0.0	111.5177	1.1372	13.0736	126.8183	0.9355	1.7068
2.311	 3	1.1	10.898	0.0	112.0214	1.5448	12.9065	173.0458	0.6991	1.3274
2.321	 3	2.1	10.912	0.0001	1407.455	1.54	12.8593	2167.462	0.7019	1.0173
2.331	 3	3.1	10.892	0.0001	1341.049	1.5462	12.9268	2073.487	0.6983	0.8341
2.341	 3	4.1	10.857	0.0006	1496.485	1.5276	13.8615	2285.957	0.7091	0.7376
2.351	 3	5.1	10.589	0.0003	1508.405	1.5614	14.8895	2355.279	0.6894	0.6868
2.361	 3	6.1	10.432	0.001	1480.767	1.6007	14.628	2370.256	0.6666	0.6591
2.371	 3	7.1	10.325	0.0054	1492.052	1.6011	15.0686	2388.886	0.6664	0.6425
2.381	 3	8.1	10.237	0.0065	1481.905	1.6315	15.445	2417.699	0.6488	0.6325
2.391	 3	9.1	10.232	0.0054	1478.826	1.6177	16.4334	2392.235	0.6568	0.6242
2.401	 3	10.1	10.232	0.0116	1480.11	1.5949	15.4667	2360.696	0.67	0.618
2.411	 3	11.1	10.232	0.0136	1474.989	1.607	15.4667	2370.252	0.663	0.6134
2.421	 3	12.1	10.232	0.0136	1477.332	1.607	15.4667	2374.017	0.663	0.6089
2.431	 3	13.1	10.237	0.019	1476.987	1.595	15.445	2355.826	0.6699	0.6022
2.441	 3	14.1	10.242	0.0191	1476.856	1.5891	15.4232	2346.922	0.6734	0.5973
2.451	 3	15.1	10.247	0.0197	1479.284	1.6029	15.4015	2371.127	0.6654	0.5906
2.461	 3	16.1	10.25	0.0182	1478.01	1.6001	15.3885	2365.005	0.667	0.5894
2.471	 3	17.1	10.257	0.02	1477.103	1.5854	15.3583	2341.793	0.6755	0.5859
2.481	 3	18.1	10.267	0.0229	1476.416	1.5601	15.3152	2303.403	0.6902	0.5834
2.491	 3	19.1	10.272	0.0234	1477.773	1.6027	14.3378	2368.445	0.6655	0.5826
2.501	 3	20.1	10.277	0.0276	1479.131	1.6014	14.3177	2368.619	0.6663	0.5838
2.511	 3	21.1	10.276	0.0203	1478.136	1.5907	13.367	2351.226	0.6725	0.5856
2.521	 3	22.1	10.281	0.0222	1478.43	1.6105	15.2551	2381.05	0.6609	0.5848
2.531	 3	23.1	10.28	0.0207	1478.924	1.5935	15.2594	2356.61	0.6708	0.5832
2.541	 3	24.1	10.274	0.0182	1478.912	1.5947	15.2851	2358.388	0.6701	0.5772
2.551	 3	25.1	10.283	0.0165	1478.505	1.6128	14.2937	2384.56	0.6596	0.5733
2.561	 3	26.1	10.28	0.0122	1479.988	1.62	15.2594	2397.55	0.6555	0.5698
2.571	 3	27.1	10.285	0.0137	1482.202	1.6186	14.2857	2399.104	0.6563	0.5685
2.581	 3	28.1	10.28	0.0126	1479.775	1.6353	15.2594	2419.809	0.6466	0.5673
2.591	 3	29.1	10.28	0.0177	1482.336	1.6279	15.2594	2413.071	0.6509	0.5677
2.601	 3	30.1	10.275	0.0168	1481.188	1.6181	15.2808	2396.774	0.6565	0.5702
2.611	 3	31.1	10.27	0.0124	1479.827	1.6192	15.3023	2396.169	0.6559	0.5792
2.621	 3	32.1	10.27	0.0112	1483.89	1.6371	15.3023	2429.338	0.6455	0.5846
2.631	 3	33.1	10.271	0.0148	1481.893	1.6164	15.298	2395.4	0.6575	0.5932
2.641	 3	34.1	10.271	0.0179	1478.693	1.6153	15.298	2388.508	0.6582	0.5995
2.651	 3	35.1	10.271	0.0203	1478.267	1.6237	15.298	2400.317	0.6533	0.603
2.661	 3	36.1	10.271	0.0142	1477.417	1.6191	15.298	2392.033	0.656	0.6033
2.671	 3	37.1	10.266	0.0125	1475.636	1.5979	15.3195	2357.948	0.6683	0.6029
2.681	 3	38.1	10.272	0.012	1473.322	1.5976	15.2937	2353.716	0.6685	0.6054
2.691	 3	39.1	10.271	0.0142	1475.083	1.6308	15.298	2405.538	0.6492	0.6176
2.701	 3	40.1	10.267	0.0142	1477.479	1.6462	15.3152	2432.293	0.6402	0.6282
2.711	 3	41.1	10.275	0.012	1482.042	1.6515	14.3258	2447.663	0.6372	0.6355
2.721	 3	42.1	10.277	0.0092	1485.76	1.678	14.3177	2493.036	0.6218	0.6415
2.731	 3	43.1	10.273	0.0084	1483.466	1.654	14.3338	2453.611	0.6357	0.6443
2.741	 3	44.1	10.273	0.0104	1484.538	1.6477	12.4226	2446.034	0.6394	0.6462
2.751	 3	45.1	10.268	0.0083	1482.316	1.6669	12.4401	2470.842	0.6283	0.6459
2.761	 3	46.1	10.27	0.0074	1484.104	1.6699	12.4331	2478.315	0.6265	0.6464
2.771	 3	47.1	10.268	0.0063	1482.744	1.6822	12.4401	2494.267	0.6194	0.6476
2.781	 3	48.1	10.274	0.0061	1484.682	1.6635	11.4638	2469.734	0.6302	0.6491
2.791	 3	49.1	10.274	0.0067	1482.54	1.6738	9.5532	2481.535	0.6242	0.6584
2.801	 3	50.1	10.273	0.0061	1483.037	1.6543	10.5115	2453.349	0.6356	0.659
2.811	 3	51.1	10.27	0.0061	1475.363	1.6482	9.5639	2431.627	0.6391	0.6581
2.821	 3	52.1	10.273	0.0056	1473.677	1.6346	9.5559	2408.863	0.647	0.6555
2.831	 3	53.1	10.278	0.005	1474.182	1.6487	8.5882	2430.437	0.6388	0.6528
2.841	 3	54.1	10.288	0.0054	1477.736	1.6453	9.5158	2431.278	0.6408	0.6515
2.851	 3	55.1	10.288	0.0069	1478.373	1.619	9.5158	2393.502	0.656	0.6483
2.861	 3	56.1	10.292	0.0085	1477.674	1.644	8.5546	2429.349	0.6415	0.6466
2.871	 3	57.1	10.298	0.0047	1477.687	1.6218	8.5402	2396.537	0.6544	0.6443
2.881	 3	58.1	10.297	0.0066	1477.755	1.622	7.5935	2396.881	0.6543	0.6424
2.891	 3	59.1	10.301	0.0116	1480.241	1.6091	7.585	2381.905	0.6618	0.6407
2.901	 3	60.1	10.312	0.0214	1481.184	1.6014	7.5617	2371.92	0.6663	0.64
2.911	 3	61.1	10.306	0.0222	1479.259	1.5911	7.5744	2353.721	0.6722	0.6433
2.921	 3	62.1	10.311	0.0192	1475.741	1.5941	8.5093	2352.448	0.6705	0.6512
2.931	 3	63.1	10.306	0.0162	1475.236	1.5838	8.5212	2336.444	0.6765	0.6559
2.941	 3	64.1	10.301	0.0228	1479.816	1.5979	8.5331	2364.619	0.6683	0.6602
2.951	 3	65.1	10.291	0.0179	1480.719	1.6084	8.557	2381.565	0.6622	0.6619
2.961	 3	66.1	10.286	0.0174	1482.56	1.6074	8.569	2383.116	0.6627	0.6642
2.971	 3	67.1	10.301	0.0159	1486.007	1.6237	9.4812	2412.808	0.6533	0.6676
2.981	 3	68.1	10.291	0.0177	1489.291	1.6344	8.557	2434.086	0.6471	0.672
2.991	 3	69.1	10.281	0.0266	1488.705	1.6068	8.581	2392.011	0.6631	0.6753
3.001	 3	70.1	10.275	0.0247	1485.256	1.612	8.5955	2394.3	0.6601	0.6742
3.011	 3	71.1	10.274	0.0221	1483.396	1.5941	8.5979	2364.694	0.6705	0.6745
3.021	 3	72.1	10.273	0.0254	1485.611	1.6028	8.6003	2381.202	0.6654	0.6681
3.031	 3	73.1	10.266	0.0309	1479.038	1.6204	8.6172	2396.687	0.6552	0.6602
3.041	 3	74.1	10.265	0.0158	1482.524	1.6553	7.6619	2453.965	0.635	0.6535
3.051	 3	75.1	10.259	0.0178	1479.308	1.5879	8.6342	2349.014	0.6741	0.647
3.061	 3	76.1	10.259	0.0158	1474.418	1.5964	7.6748	2353.819	0.6691	0.6467
3.071	 3	77.1	10.252	0.0139	1476.595	1.6012	7.6899	2364.393	0.6663	0.6413
3.081	 3	78.1	10.246	0.0153	1479.353	1.6172	7.7029	2392.394	0.6571	0.6353
3.091	 3	79.1	10.249	0.0161	1477.44	1.6011	8.6585	2365.592	0.6664	0.6308
3.101	 3	80.1	10.247	0.0223	1474.601	1.6026	8.6634	2363.197	0.6655	0.627
3.111	 3	81.1	10.241	0.0159	1473.525	1.6119	7.7138	2375.163	0.6602	0.6215
3.121	 3	82.1	10.242	0.013	1472.186	1.6077	8.6756	2366.826	0.6626	0.6173
3.131	 3	83.1	10.237	0.011	1473.374	1.595	7.7225	2350.062	0.6699	0.6147
3.141	 3	84.1	10.232	0.0196	1476.053	1.651	8.7	2436.932	0.6375	0.6136
3.151	 3	85.1	10.227	0.0169	1474.906	1.6	7.7443	2359.857	0.6671	0.6158
3.161	 3	86.1	10.222	0.0154	1471.003	1.5824	8.7246	2327.651	0.6773	0.6177
3.171	 3	87.1	10.217	0.0118	1468.171	1.5826	7.7662	2323.481	0.6772	0.6202
3.181	 3	88.1	10.213	0.0097	1474.801	1.6071	7.7749	2370.115	0.663	0.617
3.191	 3	89.1	10.212	0.0177	1477.858	1.6284	7.7771	2406.573	0.6506	0.6154
3.201	 3	90.1	10.212	0.0138	1477.217	1.6087	7.7771	2376.354	0.662	0.6157
3.211	 3	91.1	10.211	0.0102	1476.005	1.6114	8.7517	2378.465	0.6604	0.6164
3.221	 3	92.1	10.215	0.0103	1473.813	1.6039	8.7419	2363.833	0.6648	0.6155
3.231	 3	93.1	10.218	0.0071	1481.299	1.6147	7.764	2391.781	0.6586	0.6159
3.241	 3	94.1	10.213	0.0169	1480.574	1.5857	8.7468	2347.78	0.6753	0.6136
3.251	 3	95.1	10.213	0.0129	1477.362	1.6487	8.7468	2435.674	0.6388	0.6124
3.261	 3	96.1	10.218	0.0098	1488.203	1.6553	8.7345	2463.483	0.635	0.6119
3.271	 3	97.1	10.223	0.0118	1483.744	1.5842	8.7221	2350.506	0.6762	0.613
3.281	 3	98.1	10.228	0.0196	1475.263	1.5953	8.7099	2353.466	0.6698	0.6149
3.291	 3	99.1	10.227	0.0146	1472.358	1.5765	8.7123	2321.225	0.6807	0.6137
3.301	 3	100.1	10.232	0.0115	1480.538	1.5921	8.7	2357.171	0.6716	0.6105
3.311	 3	101.1	10.242	0.0173	1480.7	1.5793	8.6756	2338.42	0.6791	0.6089
3.321	 3	102.1	10.238	0.0175	1474.791	1.5768	8.6853	2325.45	0.6805	0.6068
3.331	 3	103.1	10.242	0.0073	1478.349	1.5728	8.6756	2325.192	0.6828	0.6094
3.341	 3	104.1	10.239	0.0067	1474.51	1.593	8.6829	2348.9	0.6711	0.6118
3.351	 3	105.1	10.241	0.0069	1481.198	1.5935	8.678	2360.354	0.6708	0.6153
3.361	 3	106.1	10.241	0.0106	1481.626	1.5828	9.6422	2345.109	0.677	0.6205
3.371	 3	107.1	10.239	0.0068	1479.41	1.5764	9.6477	2332.092	0.6808	0.6291
3.381	 3	108.1	10.24	0.0041	1476.568	1.5549	10.6094	2295.876	0.6932	0.6392
3.391	 3	109.1	10.231	0.007	1482.324	1.5754	10.6364	2335.194	0.6813	0.6474
3.401	 3	110.1	10.231	0.0079	1480.179	1.6048	11.6033	2375.422	0.6643	0.6529
3.411	 3	111.1	10.231	0.0063	1480.822	1.6565	12.5703	2453.044	0.6343	0.6593
3.421	 3	112.1	10.226	0.0074	1487.635	1.7317	13.5563	2576.173	0.5906	0.6697
3.431	 3	113.1	10.231	0.0055	1502.129	1.7748	14.5041	2666.024	0.5656	0.6879
3.441	 3	114.1	10.251	0.0024	1506.614	1.7764	15.3842	2676.329	0.5647	0.7054
3.451	 3	115.1	10.248	0.0004	1508.39	1.8041	16.3595	2721.241	0.5487	0.7218
3.461	 3	116.1	10.258	0.0012	1538.392	1.8214	16.3136	2801.96	0.5387	0.7344
3.471	 3	117.1	10.267	0.0022	1539.511	1.8391	16.2724	2831.339	0.5284	0.7451
3.481	 3	118.1	10.276	0.0005	1546.891	1.8583	16.2313	2874.533	0.5172	0.7511
3.491	 3	119.1	10.28	0.0001	1535.474	1.7995	17.1668	2763.06	0.5513	0.7529
3.501	 3	120.1	10.275	0.0003	1522.673	1.7613	17.1909	2681.809	0.5735	0.7507
3.511	 3	121.1	10.27	0.0019	1517.884	1.7802	16.2587	2702.064	0.5626	0.7458
3.521	 3	122.1	10.263	0.0059	1519.544	1.7905	17.2489	2720.751	0.5566	0.7408
3.531	 3	123.1	10.262	0.005	1518.497	1.8085	17.2538	2746.193	0.5461	0.737
3.541	 3	124.1	10.262	0.0041	1520.296	1.7876	17.2538	2717.719	0.5582	0.7362
3.551	 3	125.1	10.267	0.007	1519.911	1.777	17.2296	2700.84	0.5644	0.739
3.561	 3	126.1	10.273	0.007	1525.542	1.8208	18.1562	2777.693	0.539	0.7375
3.571	 3	127.1	10.277	0.004	1537.092	1.8416	19.0903	2830.693	0.5269	0.7406
3.581	 3	128.1	10.287	0.0014	1600.84	1.9566	18.085	3132.182	0.4602	0.7462
3.591	 3	129.1	10.286	0.0028	1652.901	1.9442	19.0422	3213.615	0.4674	0.7513
3.601	 3	130.1	10.296	0.0023	1615.312	1.8583	18.989	3001.68	0.5172	0.7621
3.611	 3	131.1	10.309	0.0033	1536.364	1.7856	18.92	2743.277	0.5594	0.801
3.621	 3	132.1	10.308	0.0058	1508.561	1.7616	18.9253	2657.44	0.5733	0.8058
3.631	 3	133.1	10.312	0.0041	1515.802	1.7662	18.9042	2677.228	0.5706	0.8092
3.641	 3	134.1	10.322	0.0081	1513.712	1.7608	18.8515	2665.408	0.5738	0.8078
3.651	 3	135.1	10.332	0.0034	1512.074	1.8142	18.799	2743.236	0.5428	0.8066
3.661	 3	136.1	10.342	0.0023	1522.226	1.8368	19.684	2795.957	0.5297	0.8098
3.671	 3	137.1	10.35	0.0021	1529.255	1.8378	18.705	2810.508	0.5291	0.814
3.681	 3	138.1	10.357	0.002	1549.058	1.8549	18.6686	2873.344	0.5192	0.8248
3.691	 3	139.1	10.393	0.0022	1551.194	1.8295	19.4072	2837.932	0.5339	0.8292
3.701	 3	140.1	10.409	0.0026	1539.11	1.7946	19.3215	2762.072	0.5542	0.8365
3.711	 3	141.1	10.419	0.002	1534.915	1.7967	19.2682	2757.712	0.553	0.8388
3.721	 3	142.1	10.638	0.0018	1565.563	1.7877	18.151	2798.798	0.5582	0.8456
3.731	 3	143.1	10.673	0.0008	1574.189	1.8252	17.1247	2873.227	0.5364	0.8601
3.741	 3	144.1	10.656	0.0001	1557.895	1.8459	18.0633	2875.736	0.5244	0.8858
3.751	 3	145.1	10.637	0.0004	1583.83	1.8485	17.2913	2927.671	0.5229	0.9341
3.761	 3	146.1	10.58	0.0005	1595.777	1.9016	16.6818	3034.584	0.4921	1.0222
3.771	 3	147.1	10.576	0.0003	1650.437	1.8845	16.7	3110.226	0.502	1.1792
3.781	 3	148.1	10.544	0.0006	1647.5	1.8202	15.0726	2998.819	0.5393	1.463
3.791	 3	149.1	10.627	0.0006	1643.012	1.626	13.8704	2671.48	0.652	1.8945
3.801	 3	150.1	10.853	0.0	111.5588	1.5559	12.2436	173.5796	0.6926	2.311
3.811	 3	151.1	10.885	0.0	111.8878	0.7596	11.3317	84.9844	1.1546	2.443
3.821	 4	0.9	10.902	0.0	112.0625	1.0204	11.2814	114.3433	1.0033	2.2646
3.831	 4	1.9	10.894	0.0	111.9803	1.5884	10.4975	177.8744	0.6738	1.8888
3.841	 4	2.9	10.904	0.0	112.083	1.7434	10.4701	195.41	0.5839	1.4659
3.851	 4	3.9	10.854	0.0	111.5691	1.7682	10.6083	197.2806	0.5695	1.1613
3.861	 4	4.9	10.528	0.0003	1576.992	1.8187	10.686	2868.126	0.5402	0.9833
3.871	 4	5.9	10.341	0.0029	1549.678	1.8946	10.3135	2936.055	0.4962	0.8829
3.881	 4	6.9	10.274	0.0019	1567.114	1.8794	10.5085	2945.252	0.505	0.8319
3.891	 4	7.9	10.257	0.0032	1566.432	1.8585	9.5989	2911.143	0.5171	0.8066
3.901	 4	8.9	10.24	0.0058	1561.214	1.845	9.6449	2880.49	0.5249	0.792
3.911	 4	9.9	10.235	0.0057	1572.438	1.9048	9.6585	2995.212	0.4902	0.7819
3.921	 4	10.9	10.24	0.004	1612.344	1.9262	8.6804	3105.773	0.4778	0.7734
3.931	 4	11.9	10.245	0.0058	1612.878	1.8413	8.6682	2969.771	0.5271	0.7617
3.941	 4	12.9	10.255	0.0102	1566.127	1.8352	8.6439	2874.222	0.5306	0.746
3.951	 4	13.9	10.255	0.0131	1537.251	1.824	8.6439	2803.925	0.5371	0.739
3.961	 4	14.9	10.267	0.0121	1536.286	1.8349	7.6576	2818.875	0.5308	0.7321
3.971	 4	15.9	10.268	0.0071	1539.43	1.8407	8.6124	2833.648	0.5274	0.7278
3.981	 4	16.9	10.274	0.0066	1546.358	1.8091	8.5979	2797.585	0.5457	0.7278
3.991	 4	17.9	10.283	0.0085	1541.679	1.7949	8.5762	2767.085	0.554	0.7316
4.001	 4	18.9	10.29	0.007	1538.577	1.7647	8.5594	2715.055	0.5715	0.7276
4.011	 4	19.9	10.297	0.0065	1530.242	1.7751	8.5426	2716.407	0.5655	0.7254
4.021	 4	20.9	10.302	0.0066	1531.441	1.7912	8.5307	2743.117	0.5561	0.7277
4.031	 4	21.9	10.302	0.0073	1534.406	1.8098	8.5307	2776.904	0.5454	0.7287
4.041	 4	22.9	10.302	0.0054	1543.371	1.8637	8.5307	2876.395	0.5141	0.7337
4.051	 4	23.9	10.302	0.0041	1550.805	1.8754	7.5828	2908.387	0.5073	0.7374
4.061	 4	24.9	10.307	0.0058	1545.277	1.8426	7.5722	2847.384	0.5263	0.7418
4.071	 4	25.9	10.302	0.0075	1545.686	1.8717	8.5307	2893.118	0.5094	0.7474
4.081	 4	26.9	10.302	0.0084	1577.4	1.9162	8.5307	3022.578	0.4837	0.7512
4.091	 4	27.9	10.302	0.0086	1582.975	1.9265	7.5828	3049.613	0.4777	0.7526
4.101	 4	28.9	10.302	0.0091	1582.732	1.9432	8.5307	3075.496	0.468	0.7504
4.111	 4	29.9	10.301	0.0091	1586.478	1.9387	7.585	3075.663	0.4706	0.7529
4.121	 4	30.9	10.297	0.0075	1590.27	1.9118	7.5935	3040.255	0.4862	0.7566
4.131	 4	31.9	10.296	0.0129	1589.379	1.8973	8.545	3015.487	0.4946	0.7617
4.141	 4	32.9	10.292	0.015	1570.578	1.8965	7.6041	2978.623	0.4951	0.765
4.151	 4	33.9	10.292	0.0091	1578.043	1.8954	8.5546	2991.01	0.4957	0.7637
4.161	 4	34.9	10.292	0.0082	1573.219	1.8872	8.5546	2968.979	0.5005	0.7639
4.171	 4	35.9	10.292	0.0066	1567.707	1.8594	8.5546	2914.917	0.5166	0.7636
4.181	 4	36.9	10.284	0.0076	1560.783	1.8916	8.5738	2952.443	0.4979	0.7736
4.191	 4	37.9	10.285	0.0069	1560.224	1.8621	9.5238	2905.24	0.515	0.7882
4.201	 4	38.9	10.279	0.0088	1560.024	1.8697	9.5398	2916.782	0.5106	0.7997
4.211	 4	39.9	10.279	0.0073	1549.91	1.7983	9.5398	2787.182	0.552	0.8082
4.221	 4	40.9	10.285	0.0111	1537.599	1.799	9.5238	2766.065	0.5517	0.8101
4.231	 4	41.9	10.279	0.0113	1535.554	1.7952	9.5398	2756.64	0.5538	0.8056
4.241	 4	42.9	10.274	0.0139	1537.564	1.8136	9.5532	2788.601	0.5431	0.8115
4.251	 4	43.9	10.274	0.011	1536.184	1.8259	8.5979	2804.866	0.536	0.8129
4.261	 4	44.9	10.276	0.0097	1536.024	1.8389	7.6383	2824.631	0.5285	0.8169
4.271	 4	45.9	10.274	0.0092	1536.184	1.8213	8.5979	2797.872	0.5387	0.8213
4.281	 4	46.9	10.269	0.0112	1529.946	1.7946	8.6099	2745.589	0.5542	0.8246
4.291	 4	47.9	10.274	0.0112	1523.202	1.7754	8.5979	2704.333	0.5653	0.8294
4.301	 4	48.9	10.276	0.0088	1519.669	1.7791	9.5478	2703.662	0.5632	0.8322
4.311	 4	49.9	10.275	0.0076	1519.071	1.8176	9.5505	2761.134	0.5408	0.832
4.321	 4	50.9	10.274	0.0051	1520.047	1.8133	9.5532	2756.305	0.5433	0.8301
4.331	 4	51.9	10.273	0.0044	1526.676	1.7959	8.6003	2741.78	0.5534	0.8309
4.341	 4	52.9	10.284	0.0094	1535.154	1.8122	8.5738	2782.057	0.5439	0.8276
4.351	 4	53.9	10.286	0.0092	1533.622	1.795	9.5211	2752.868	0.5539	0.8272
4.361	 4	54.9	10.292	0.0092	1531.548	1.8067	8.5546	2767.003	0.5472	0.8248
4.371	 4	55.9	10.322	0.0086	1535.098	1.8011	8.4832	2764.829	0.5504	0.818
4.381	 4	56.9	10.336	0.0105	1536.266	1.7789	8.4501	2732.822	0.5633	0.8125
4.391	 4	57.9	10.341	0.0069	1529.507	1.7861	8.4383	2731.921	0.5591	0.8063
4.401	 4	58.9	10.336	0.0066	1528.316	1.7846	9.389	2727.477	0.56	0.8042
4.411	 4	59.9	10.344	0.0079	1529.047	1.7611	9.3681	2692.775	0.5736	0.8009
4.421	 4	60.9	10.336	0.0074	1524.034	1.7535	9.389	2672.385	0.578	0.7986
4.431	 4	61.9	10.335	0.0075	1522.764	1.7633	8.4525	2685.06	0.5723	0.7984
4.441	 4	62.9	10.325	0.0106	1526.238	1.7406	9.4178	2656.553	0.5855	0.7981
4.451	 4	63.9	10.321	0.0139	1524.07	1.7527	9.4284	2671.3	0.5785	0.8024
4.461	 4	64.9	10.316	0.0139	1524.232	1.7572	9.4415	2678.417	0.5759	0.8051
4.471	 4	65.9	10.31	0.0121	1524.922	1.7669	8.5116	2694.368	0.5703	0.808
4.481	 4	66.9	10.3	0.0203	1524.571	1.7726	9.4839	2702.483	0.5669	0.813
4.491	 4	67.9	10.295	0.0252	1525.863	1.7748	9.4971	2708.135	0.5656	0.8173
4.501	 4	68.9	10.289	0.0178	1526.558	1.7685	8.5618	2699.703	0.5693	0.8194
4.511	 4	69.9	10.28	0.0184	1527.035	1.7875	8.5834	2729.643	0.5583	0.8211
4.521	 4	70.9	10.275	0.0121	1522.899	1.7945	8.5955	2732.905	0.5542	0.8219
4.531	 4	71.9	10.27	0.014	1525.55	1.8005	8.6075	2746.826	0.5507	0.8204
4.541	 4	72.9	10.265	0.0206	1529.578	1.8118	9.5774	2771.244	0.5442	0.8199
4.551	 4	73.9	10.261	0.0211	1531.95	1.8011	9.5881	2759.192	0.5504	0.816
4.561	 4	74.9	10.252	0.0138	1534.501	1.8034	9.6124	2767.268	0.5491	0.8125
4.571	 4	75.9	10.242	0.0166	1535.532	1.8319	8.6756	2812.977	0.5325	0.8164
4.581	 4	76.9	10.24	0.0141	1536.384	1.8525	8.6804	2846.21	0.5206	0.8163
4.591	 4	77.9	10.232	0.012	1542.358	1.8486	9.6667	2851.228	0.5228	0.8185
4.601	 4	78.9	10.222	0.0121	1537.605	1.8601	8.7246	2860.13	0.5162	0.8194
4.611	 4	79.9	10.218	0.0155	1539.783	1.8236	9.705	2807.931	0.5374	0.8159
4.621	 4	80.9	10.212	0.0266	1540.039	1.8501	8.7493	2849.214	0.522	0.8057
4.631	 4	81.9	10.212	0.0254	1543.064	1.8412	9.7214	2841.084	0.5271	0.7975
4.641	 4	82.9	10.205	0.0166	1535.048	1.8148	8.7666	2785.779	0.5425	0.7875
4.651	 4	83.9	10.195	0.0119	1529.632	1.8436	9.7683	2819.964	0.5258	0.7855
4.661	 4	84.9	10.192	0.0135	1528.036	1.8133	9.7766	2770.775	0.5433	0.7827
4.671	 4	85.9	10.188	0.0174	1526.978	1.7958	8.8089	2742.208	0.5535	0.7793
4.681	 4	86.9	10.182	0.015	1523.339	1.7871	9.8043	2722.322	0.5585	0.7757
4.691	 4	87.9	10.182	0.0222	1516.985	1.781	9.8043	2701.782	0.5621	0.7745
4.701	 4	88.9	10.184	0.0198	1514.575	1.7763	9.7988	2690.369	0.5648	0.7689
4.711	 4	89.9	10.188	0.0155	1515.846	1.7864	9.7877	2707.846	0.559	0.7626
4.721	 4	90.9	10.195	0.0158	1519.374	1.7711	9.7683	2690.92	0.5678	0.7571
4.731	 4	91.9	10.194	0.0206	1518.546	1.7914	9.771	2720.308	0.556	0.7535
4.741	 4	92.9	10.205	0.0211	1517.698	1.7737	9.7407	2691.888	0.5663	0.747
4.751	 4	93.9	10.206	0.0218	1511.328	1.703	9.7379	2573.819	0.6073	0.7441
4.761	 4	94.9	10.207	0.0217	1507.681	1.6901	10.7087	2548.102	0.6148	0.7438
4.771	 4	95.9	10.215	0.0204	1501.543	1.7154	10.6845	2575.712	0.6001	0.7416
4.781	 4	96.9	10.225	0.0146	1506.779	1.7367	10.6544	2616.87	0.5877	0.7426
4.791	 4	97.9	10.221	0.0249	1517.369	1.7722	10.6664	2689.116	0.5672	0.7466
4.801	 4	98.9	10.223	0.0238	1518.568	1.8199	10.6604	2763.656	0.5395	0.7594
4.811	 4	99.9	10.228	0.0124	1530.909	1.8529	10.6454	2836.648	0.5203	0.7731
4.821	 4	100.9	10.233	0.0081	1533.493	1.7815	10.6304	2731.963	0.5618	0.7806
4.831	 4	101.9	10.233	0.0338	1515.551	1.7309	10.6304	2623.208	0.5911	0.7794
4.841	 4	102.9	10.237	0.0173	1511.889	1.7825	9.6531	2694.967	0.5612	0.7739
4.851	 4	103.9	10.238	0.0124	1531.03	1.8422	9.6504	2820.45	0.5266	0.7633
4.861	 4	104.9	10.238	0.0093	1535.393	1.7723	9.6504	2721.147	0.5671	0.757
4.871	 4	105.9	10.238	0.0205	1514.945	1.7242	8.6853	2612.135	0.595	0.7581
4.881	 4	106.9	10.237	0.0138	1506.105	1.7247	8.6878	2597.629	0.5947	0.7576
4.891	 4	107.9	10.238	0.0106	1508.028	1.7281	8.6853	2606.006	0.5928	0.7524
4.901	 4	108.9	10.238	0.012	1511.367	1.7384	9.6504	2627.371	0.5868	0.7445
4.911	 4	109.9	10.232	0.0171	1514.954	1.7717	9.6667	2683.969	0.5675	0.7384
4.921	 4	110.9	10.233	0.0296	1516.225	1.7484	9.664	2650.919	0.581	0.7377
4.931	 4	111.9	10.233	0.0238	1514.878	1.7415	9.664	2638.201	0.585	0.7344
4.941	 4	112.9	10.238	0.0181	1512.707	1.7583	9.6504	2659.859	0.5752	0.7302
4.951	 4	113.9	10.238	0.0141	1513.601	1.7679	9.6504	2675.969	0.5696	0.7298
4.961	 4	114.9	10.239	0.0107	1513.749	1.7464	9.6477	2643.558	0.5822	0.7272
4.971	 4	115.9	10.238	0.0108	1508.694	1.7008	8.6853	2566.021	0.6086	0.7234
4.981	 4	116.9	10.233	0.0178	1505.739	1.7001	8.6976	2559.888	0.609	0.7181
4.991	 4	117.9	10.233	0.021	1505.739	1.7184	8.6976	2587.441	0.5984	0.7153
5.001	 4	118.9	10.229	0.0174	1504.486	1.7213	8.7074	2589.654	0.5967	0.7118
5.011	 4	119.9	10.233	0.0206	1506.182	1.7203	8.6976	2591.08	0.5973	0.7106
5.021	 4	120.9	10.229	0.0242	1504.707	1.7184	8.7074	2585.722	0.5984	0.7114
5.031	 4	121.9	10.228	0.023	1503.454	1.7195	8.7099	2585.257	0.5977	0.7106
5.041	 4	122.9	10.239	0.0136	1499.121	1.7276	8.6829	2589.881	0.593	0.703
5.051	 4	123.9	10.25	0.0118	1501.392	1.7309	8.656	2598.736	0.5911	0.7036
5.061	 4	124.9	10.255	0.0136	1502.124	1.7141	8.6439	2574.738	0.6009	0.7068
5.071	 4	125.9	10.255	0.0135	1501.464	1.7049	8.6439	2559.851	0.6062	0.705
5.081	 4	126.9	10.271	0.0096	1504.688	1.7016	8.6051	2560.406	0.6081	0.7013
5.091	 4	127.9	10.279	0.0098	1505.198	1.7196	8.5858	2588.337	0.5977	0.7034
5.101	 4	128.9	10.292	0.014	1510.863	1.7442	8.5546	2635.261	0.5834	0.7051
5.111	 4	129.9	10.306	0.012	1516.257	1.7556	8.5212	2661.975	0.5768	0.7165
5.121	 4	130.9	10.326	0.0142	1521.214	1.7252	8.4737	2624.397	0.5944	0.7525
5.131	 4	131.9	10.331	0.0232	1520.159	1.7455	7.5217	2653.377	0.5827	0.7595
5.141	 4	132.9	10.341	0.0204	1521.63	1.7314	8.4383	2634.554	0.5908	0.7624
5.151	 4	133.9	10.356	0.0274	1522.046	1.7325	7.4695	2636.877	0.5902	0.7614
5.161	 4	134.9	10.371	0.0219	1520.229	1.7209	8.3683	2616.193	0.5969	0.7546
5.171	 4	135.9	10.38	0.0208	1522.664	1.7265	7.4199	2628.896	0.5937	0.7479
5.181	 4	136.9	10.39	0.0208	1529.741	1.747	7.3994	2672.474	0.5818	0.7384
5.191	 4	137.9	10.397	0.0114	1546.712	1.8179	8.3082	2811.728	0.5407	0.733
5.201	 4	138.9	10.432	0.0044	1564.253	1.7817	8.2282	2787.098	0.5616	0.7345
5.211	 4	139.9	10.443	0.0105	1542.313	1.703	8.2033	2626.577	0.6073	0.7368
5.221	 4	140.9	10.428	0.0082	1518.788	1.6853	7.3221	2559.64	0.6176	0.7375
5.231	 4	141.9	10.653	0.002	1523.163	1.6436	7.7477	2503.521	0.6417	0.7389
5.241	 4	142.9	10.659	0.0031	1515.354	1.6537	6.8757	2505.92	0.6359	0.7417
5.251	 4	143.9	10.67	0.0	109.6777	1.6621	6.8554	182.2991	0.631	0.7542
5.261	 4	144.9	10.655	0.0005	1451.833	1.6467	7.7435	2390.687	0.64	0.7843
5.271	 4	145.9	10.593	0.0003	1444.96	1.6817	6.9992	2430.01	0.6197	0.8566
5.281	 4	146.9	10.554	0.0001	1443.381	1.6851	7.0737	2432.242	0.6177	0.9841
5.291	 4	147.9	10.516	0.0	108.0948	1.6812	7.1473	181.7242	0.62	1.2056
5.301	 4	148.9	10.648	0.0002	1476.428	1.6749	6.0341	2472.872	0.6236	1.5089
5.311	 4	149.9	10.803	0.0	111.0449	1.5866	5.7896	176.189	0.6748	1.7846
5.321	 5	0.3	10.814	0.0	111.1579	0.5135	5.7727	57.0746	1.2973	1.8597
5.331	 5	1.3	10.814	0.0	111.1579	1.8014	5.7727	200.2413	0.5502	1.695
5.341	 5	2.3	10.847	0.0	111.4971	1.7526	5.7227	195.41	0.5785	1.3884
5.351	 5	3.3	10.844	0.0	111.4663	1.7286	5.7272	192.6765	0.5925	1.1228
5.361	 5	4.3	10.792	0.0	110.9318	1.7027	6.6359	188.8878	0.6075	0.9355
5.371	 5	5.3	10.477	0.0	107.6939	1.7404	6.321	187.427	0.5856	0.8267
5.381	 5	6.3	10.364	0.0012	1531.776	1.7195	7.4529	2633.912	0.5977	0.7622
5.391	 5	7.3	10.23	0.004	1519.382	1.7841	6.7705	2710.689	0.5603	0.7247
5.401	 5	8.3	10.209	0.0062	1528.065	1.8241	5.8378	2787.417	0.537	0.7034
5.411	 5	9.3	10.201	0.0046	1553.61	1.8844	6.8262	2927.571	0.5021	0.6894
5.421	 5	10.3	10.207	0.0033	1622.219	1.9723	5.8411	3199.532	0.4511	0.6799
5.431	 5	11.3	10.202	0.0084	1647.876	1.9575	5.8494	3225.696	0.4597	0.6771
5.441	 5	12.3	10.206	0.0096	1637.151	1.933	5.8428	3164.692	0.4739	0.676
5.451	 5	13.3	10.211	0.0117	1636.64	1.9119	5.8345	3129.15	0.4861	0.6735
5.461	 5	14.3	10.216	0.0102	1640.597	1.942	6.7973	3185.959	0.4687	0.6748
5.471	 5	15.3	10.227	0.0094	1651.381	1.9372	6.7762	3198.982	0.4715	0.6724
5.481	 5	16.3	10.232	0.0031	1627.485	1.6507	7.7334	2686.456	0.6377	0.6693
5.491	 5	17.3	10.247	0.028	1499.195	1.7154	7.7008	2571.725	0.6001	0.6554
5.501	 5	18.3	10.252	0.0158	1515.895	1.8518	7.6899	2807.141	0.521	0.6419
5.511	 5	19.3	10.256	0.0093	1534.87	1.7484	7.6813	2683.515	0.581	0.6311
5.521	 5	20.3	10.261	0.012	1511.638	1.6926	7.6705	2558.665	0.6133	0.628
5.531	 5	21.3	10.261	0.0173	1492.943	1.7058	8.6293	2546.655	0.6057	0.6283
5.541	 5	22.3	10.261	0.0134	1494.248	1.7169	8.6293	2565.435	0.5993	0.6272
5.551	 5	23.3	10.266	0.0117	1496.938	1.7259	8.6172	2583.623	0.594	0.6268
5.561	 5	24.3	10.277	0.0135	1501.607	1.7383	7.6361	2610.218	0.5868	0.6281
5.571	 5	25.3	10.277	0.0136	1501.168	1.7438	8.5906	2617.76	0.5836	0.6342
5.581	 5	26.3	10.281	0.0121	1500.219	1.7366	7.6276	2605.33	0.5878	0.6376
5.591	 5	27.3	10.283	0.012	1500.949	1.7599	8.5762	2641.49	0.5743	0.6465
5.601	 5	28.3	10.281	0.0103	1501.972	1.7357	8.581	2606.916	0.5884	0.6504
5.611	 5	29.3	10.282	0.0107	1502.118	1.743	8.5786	2618.142	0.5841	0.6557
5.621	 5	30.3	10.283	0.0106	1503.802	1.7642	8.5762	2652.996	0.5718	0.659
5.631	 5	31.3	10.281	0.0084	1509.692	1.8003	8.581	2717.954	0.5508	0.6614
5.641	 5	32.3	10.276	0.0077	1512.511	1.815	8.593	2745.257	0.5423	0.6644
5.651	 5	33.3	10.277	0.0063	1514.441	1.8114	8.5906	2743.238	0.5444	0.6665
5.661	 5	34.3	10.272	0.0046	1518.403	1.8074	8.6027	2744.399	0.5467	0.6715
5.671	 5	35.3	10.27	0.0068	1518.108	1.7496	8.6075	2656.055	0.5803	0.679
5.681	 5	36.3	10.267	0.0102	1507.193	1.7689	8.6148	2666.135	0.5691	0.6879
5.691	 5	37.3	10.266	0.0085	1507.932	1.749	8.6172	2637.303	0.5807	0.6913
5.701	 5	38.3	10.262	0.0079	1502.489	1.7269	8.6269	2594.698	0.5934	0.694
5.711	 5	39.3	10.267	0.0074	1498.176	1.7371	8.6148	2602.415	0.5876	0.6964
5.721	 5	40.3	10.263	0.0087	1498.905	1.7368	8.6245	2603.238	0.5877	0.6961
5.731	 5	41.3	10.258	0.0088	1494.464	1.7136	8.6366	2560.859	0.6012	0.6955
5.741	 5	42.3	10.257	0.0073	1497.154	1.7153	8.639	2568.094	0.6002	0.6962
5.751	 5	43.3	10.252	0.0077	1495.114	1.713	8.6512	2561.103	0.6015	0.6957
5.761	 5	44.3	10.247	0.0072	1490.69	1.6749	8.6634	2496.724	0.6236	0.6985
5.771	 5	45.3	10.253	0.0078	1489.396	1.6865	8.6487	2511.885	0.6169	0.6996
5.781	 5	46.3	10.248	0.0085	1483.497	1.6707	8.6609	2478.543	0.626	0.699
5.791	 5	47.3	10.248	0.0075	1488.886	1.7659	8.6609	2629.209	0.5708	0.7029
5.801	 5	48.3	10.248	0.0055	1506.837	1.8165	7.6986	2737.187	0.5415	0.7113
5.811	 5	49.3	10.253	0.0075	1523.93	1.8391	7.6878	2802.722	0.5283	0.7194
5.821	 5	50.3	10.256	0.004	1539.016	1.8905	7.6813	2909.476	0.4986	0.7281
5.831	 5	51.3	10.258	0.0024	1563.005	1.9298	7.677	3016.23	0.4758	0.7336
5.841	 5	52.3	10.263	0.0029	1545.632	1.8049	7.6662	2789.667	0.5482	0.739
5.851	 5	53.3	10.27	0.0096	1516.763	1.8102	7.6511	2745.637	0.5451	0.7413
5.861	 5	54.3	10.287	0.0059	1522.872	1.8391	8.5666	2800.696	0.5284	0.7433
5.871	 5	55.3	10.293	0.0057	1528.966	1.8246	7.602	2789.75	0.5368	0.753
5.881	 5	56.3	10.291	0.0053	1529.35	1.8229	7.6062	2787.776	0.5378	0.7585
5.891	 5	57.3	10.301	0.0052	1535.4	1.8401	8.5331	2825.356	0.5278	0.7619
5.901	 5	58.3	10.308	0.0045	1543.114	1.8565	7.5701	2864.735	0.5183	0.7684
5.911	 5	59.3	10.316	0.0033	1544.542	1.867	7.5532	2883.668	0.5122	0.7734
5.921	 5	60.3	10.316	0.0049	1539.931	1.8561	7.5532	2858.279	0.5185	0.774
5.931	 5	61.3	10.316	0.0034	1537.636	1.859	7.5532	2858.471	0.5168	0.7725
5.941	 5	62.3	10.316	0.0042	1542.003	1.8725	7.5532	2887.389	0.509	0.7759
5.951	 5	63.3	10.311	0.0036	1545.877	1.8845	7.5638	2913.149	0.5021	0.7796
5.961	 5	64.3	10.306	0.0021	1559.153	1.909	7.5744	2976.39	0.4878	0.7842
5.971	 5	65.3	10.301	0.0019	1568.839	1.8919	7.585	2968.041	0.4978	0.7857
5.981	 5	66.3	10.301	0.0036	1561.941	1.8738	7.585	2926.688	0.5083	0.7851
5.991	 5	67.3	10.302	0.0043	1553.378	1.8604	7.5828	2889.969	0.516	0.7833
6.001	 5	68.3	10.291	0.005	1546.821	1.8668	7.6062	2887.596	0.5123	0.7879
6.011	 5	69.3	10.291	0.0039	1547.519	1.8715	7.6062	2896.244	0.5095	0.7873
6.021	 5	70.3	10.291	0.0044	1553.124	1.8926	7.6062	2939.427	0.4973	0.7819
6.031	 5	71.3	10.286	0.0025	1568.945	1.9207	7.6169	3013.447	0.481	0.7814
6.041	 5	72.3	10.286	0.0029	1568.227	1.8931	7.6169	2968.868	0.497	0.7772
6.051	 5	73.3	10.282	0.0057	1555.522	1.8913	7.6254	2941.905	0.4981	0.7756
6.061	 5	74.3	10.277	0.0042	1546.344	1.8621	7.6361	2879.391	0.515	0.7755
6.071	 5	75.3	10.274	0.0061	1548.455	1.8842	7.6426	2917.608	0.5022	0.7815
6.081	 5	76.3	10.274	0.0041	1548.455	1.8772	7.6426	2906.768	0.5063	0.7823
6.091	 5	77.3	10.264	0.0062	1544.853	1.8787	7.664	2902.263	0.5054	0.7857
6.101	 5	78.3	10.263	0.007	1538.681	1.8577	6.7079	2858.451	0.5176	0.7853
6.111	 5	79.3	10.253	0.008	1536.951	1.8781	7.6878	2886.562	0.5057	0.7842
6.121	 5	80.3	10.248	0.0063	1543.141	1.8743	7.6986	2892.249	0.508	0.7857
6.131	 5	81.3	10.244	0.0048	1546.964	1.892	7.7073	2926.78	0.4977	0.7816
6.141	 5	82.3	10.239	0.0063	1550.894	1.891	7.7181	2932.767	0.4982	0.7761
6.151	 5	83.3	10.23	0.0048	1553.059	1.9393	7.7377	3011.836	0.4702	0.7728
6.161	 5	84.3	10.241	0.0066	1563.989	1.9109	7.7138	2988.557	0.4867	0.7681
6.171	 5	85.3	10.231	0.0085	1558.653	1.9146	6.7686	2984.22	0.4846	0.7663
6.181	 5	86.3	10.229	0.0066	1563.111	1.9233	6.7724	3006.409	0.4795	0.7718
6.191	 5	87.3	10.222	0.0038	1587.76	1.9316	7.7552	3066.85	0.4747	0.7799
6.201	 5	88.3	10.222	0.0038	1600.438	1.9466	7.7552	3115.464	0.466	0.7814
6.211	 5	89.3	10.222	0.0037	1594.696	1.9262	7.7552	3071.693	0.4778	0.7881
6.221	 5	90.3	10.227	0.0072	1570.726	1.9074	6.7762	2996.063	0.4887	0.7861
6.231	 5	91.3	10.232	0.0078	1552.655	1.8868	6.7667	2929.482	0.5007	0.7792
6.241	 5	92.3	10.233	0.0092	1543.439	1.9018	7.7312	2935.341	0.492	0.7839
6.251	 5	93.3	10.234	0.0069	1549.667	1.9099	7.729	2959.705	0.4873	0.7745
6.261	 5	94.3	10.232	0.0062	1554.07	1.9103	7.7334	2968.696	0.4871	0.7767
6.271	 5	95.3	10.237	0.0051	1561.947	1.9403	7.7225	3030.627	0.4697	0.7797
6.281	 5	96.3	10.253	0.0043	1555.37	1.8599	7.6878	2892.835	0.5163	0.7798
6.291	 5	97.3	10.247	0.0081	1538.358	1.8559	7.7008	2855.101	0.5186	0.7824
6.301	 5	98.3	10.242	0.0072	1532.316	1.8641	7.7116	2856.345	0.5139	0.7819
6.311	 5	99.3	10.258	0.0043	1547.676	1.9126	7.677	2960.085	0.4857	0.7809
6.321	 5	100.3	10.258	0.0032	1563.958	1.8897	7.677	2955.472	0.499	0.779
6.331	 5	101.3	10.258	0.0041	1554.007	1.8768	6.7174	2916.602	0.5065	0.7796
6.341	 5	102.3	10.256	0.0068	1538.092	1.8761	7.6813	2885.604	0.5069	0.7767
6.351	 5	103.3	10.246	0.0049	1542.143	1.8816	6.7401	2901.695	0.5037	0.7767
6.361	 5	104.3	10.251	0.0048	1552.241	1.9227	7.6921	2984.419	0.4799	0.7752
6.371	 5	105.3	10.246	0.0029	1578.736	1.9448	7.7029	3070.315	0.4671	0.7785
6.381	 5	106.3	10.246	0.0024	1581.661	1.8798	6.7401	2973.143	0.5048	0.7809
6.391	 5	107.3	10.252	0.0067	1555.218	1.9077	7.6899	2966.85	0.4886	0.777
6.401	 5	108.3	10.246	0.0047	1545.866	1.9409	6.7401	3000.384	0.4693	0.7742
6.411	 5	109.3	10.246	0.0023	1569.306	1.8522	7.7029	2906.623	0.5208	0.7765
6.421	 5	110.3	10.246	0.0056	1547.033	1.8224	7.7029	2819.377	0.538	0.7755
6.431	 5	111.3	10.241	0.0088	1531.937	1.8577	6.7496	2845.955	0.5175	0.7774
6.441	 5	112.3	10.241	0.0044	1542.319	1.9007	7.7138	2931.497	0.4926	0.7827
6.451	 5	113.3	10.241	0.0041	1550.962	1.8481	7.7138	2866.275	0.5232	0.7834
6.461	 5	114.3	10.241	0.0087	1540.232	1.8527	6.7496	2853.612	0.5205	0.7809
6.471	 5	115.3	10.241	0.0067	1532.854	1.8559	6.7496	2844.899	0.5186	0.7745
6.481	 5	116.3	10.241	0.0069	1536.995	1.8672	6.7496	2869.809	0.5121	0.7628
6.491	 5	117.3	10.241	0.0044	1544.879	1.933	7.7138	2986.199	0.4739	0.7615
6.501	 5	118.3	10.245	0.0024	1583.952	1.9322	6.742	3060.531	0.4744	0.762
6.511	 5	119.3	10.242	0.0024	1594.582	1.9179	6.7477	3058.192	0.4827	0.7668
6.521	 5	120.3	10.242	0.0023	1589.879	1.8529	6.7477	2945.877	0.5204	0.767
6.531	 5	121.3	10.242	0.0031	1545.029	1.7776	6.7477	2746.463	0.564	0.7601
6.541	 5	122.3	10.242	0.0076	1518.008	1.7709	6.7477	2688.272	0.5679	0.7556
6.551	 5	123.3	10.236	0.0051	1518.694	1.8458	6.7591	2803.136	0.5245	0.7465
6.561	 5	124.3	10.246	0.0048	1534.062	1.8809	7.7029	2885.36	0.5041	0.7415
6.571	 5	125.3	10.252	0.0029	1549.343	1.8717	6.7287	2899.909	0.5095	0.7427
6.581	 5	126.3	10.255	0.0027	1550.968	1.7892	7.6834	2774.968	0.5573	0.7399
6.591	 5	127.3	10.262	0.0068	1536.458	1.8213	6.7098	2798.419	0.5387	0.7454
6.601	 5	128.3	10.262	0.0094	1520.747	1.8294	6.7098	2782.066	0.534	0.7444
6.611	 5	129.3	10.272	0.007	1537.034	1.8886	7.6468	2902.914	0.4996	0.7498
6.621	 5	130.3	10.276	0.0058	1550.392	1.9111	7.6383	2963.017	0.4866	0.7616
6.631	 5	131.3	10.275	0.0035	1557.526	1.8527	6.6854	2885.597	0.5205	0.8142
6.641	 5	132.3	10.28	0.0042	1521.836	1.7191	6.676	2616.206	0.598	0.823
6.651	 5	133.3	10.291	0.0126	1505.633	1.7945	7.6062	2701.829	0.5542	0.8216
6.661	 5	134.3	10.287	0.0072	1521.971	1.8686	7.6147	2843.976	0.5112	0.8158
6.671	 5	135.3	10.291	0.0031	1543.11	1.9274	6.6554	2974.21	0.4771	0.811
6.681	 5	136.3	10.301	0.0016	1570.993	1.7558	7.585	2758.371	0.5767	0.8112
6.691	 5	137.3	10.304	0.0046	1519.316	1.7305	6.6313	2629.169	0.5914	0.8103
6.701	 5	138.3	10.333	0.0052	1509.349	1.8047	7.5175	2723.883	0.5483	0.8081
6.711	 5	139.3	10.344	0.0017	1521.176	1.7571	7.4945	2672.855	0.5759	0.809
6.721	 5	140.3	10.433	0.0033	1527.078	1.7226	7.312	2630.5	0.596	0.8127
6.731	 5	141.3	10.417	0.0021	1506.0	1.6768	7.3443	2525.323	0.6225	0.8119
6.741	 5	142.3	10.701	0.0	109.9964	1.6561	6.7987	182.1636	0.6345	0.8187
6.751	 5	143.3	10.713	0.0001	1492.477	1.6672	5.9298	2488.297	0.6281	0.8243
6.761	 5	144.3	10.69	0.0	109.8833	1.8034	6.8187	198.1689	0.549	0.8472
6.771	 5	145.3	10.655	0.0	109.5236	1.7542	6.8831	192.1225	0.5776	0.8945
6.781	 5	146.3	10.64	0.0	109.3694	1.7199	6.9109	188.1017	0.5975	0.9885
6.791	 5	147.3	10.591	0.0	108.8657	1.815	7.003	197.5888	0.5424	1.1592
6.801	 5	148.3	10.548	0.0	108.4237	1.8876	6.1996	204.6606	0.5002	1.424
6.811	 5	149.3	10.694	0.0	109.9245	1.8357	5.96	201.7896	0.5303	1.7534
6.821	 5	150.3	10.775	0.0	110.757	1.6265	4.9994	180.1491	0.6517	2.0456
6.831	 6	0.3	10.783	0.0	110.8393	0.5737	4.9888	63.5927	1.2623	2.0888
6.841	 6	1.3	10.751	0.0	110.5104	1.3443	5.87	148.5544	0.8154	1.9511
6.851	 6	2.3	10.763	0.0	110.6337	1.7718	5.8513	196.0176	0.5674	1.6817
6.861	 6	3.3	10.72	0.0	110.1917	1.7455	5.9187	192.3438	0.5826	1.406
6.871	 6	4.3	10.676	0.0	109.7394	1.7676	5.9888	193.9792	0.5698	1.174
6.881	 6	5.3	10.355	0.0	106.4398	1.8196	6.5376	193.6802	0.5397	1.019
6.891	 6	6.3	10.279	0.0009	1544.785	1.8194	7.6318	2810.55	0.5398	0.923
6.901	 6	7.3	10.248	0.001	1556.737	1.8252	7.6986	2841.407	0.5364	0.86
6.911	 6	8.3	10.232	0.0024	1563.331	1.8426	7.7334	2880.531	0.5264	0.8228
6.921	 6	9.3	10.211	0.0008	1565.144	1.8647	7.7793	2918.451	0.5135	0.8091
6.931	 6	10.3	10.2	0.0013	1572.618	1.9182	8.779	3016.528	0.4825	0.7973
6.941	 6	11.3	10.199	0.0013	1576.596	1.9317	7.8058	3045.491	0.4747	0.7846
6.951	 6	12.3	10.188	0.0017	1577.09	1.9273	7.8301	3039.472	0.4772	0.7773
6.961	 6	13.3	10.193	0.0029	1585.472	1.9382	8.7964	3072.976	0.4709	0.7715
6.971	 6	14.3	10.197	0.0066	1580.195	1.9067	7.8102	3012.888	0.4892	0.775
6.981	 6	15.3	10.198	0.0101	1565.551	1.8827	7.808	2947.487	0.5031	0.7742
6.991	 6	16.3	10.203	0.0095	1555.573	1.9153	7.7969	2979.423	0.4842	0.7744
7.001	 6	17.3	10.206	0.0072	1563.179	1.905	8.7641	2977.817	0.4902	0.7726
7.011	 6	18.3	10.207	0.0068	1568.136	1.904	8.7616	2985.792	0.4907	0.7732
7.021	 6	19.3	10.218	0.0065	1568.14	1.893	7.764	2968.562	0.4971	0.7729
7.031	 6	20.3	10.218	0.0078	1559.286	1.8619	8.7345	2903.282	0.5151	0.7721
7.041	 6	21.3	10.217	0.0119	1552.736	1.8589	7.7662	2886.33	0.5169	0.7716
7.051	 6	22.3	10.222	0.004	1569.718	1.94	8.7246	3045.309	0.4698	0.7675
7.061	 6	23.3	10.228	0.0039	1585.49	1.9297	8.7099	3059.453	0.4758	0.7641
7.071	 6	24.3	10.228	0.0053	1590.174	1.9262	7.7421	3063.01	0.4778	0.7619
7.081	 6	25.3	10.231	0.0025	1606.375	1.9566	7.7355	3143.1	0.4602	0.7618
7.091	 6	26.3	10.228	0.0022	1631.52	1.9451	8.7099	3173.472	0.4669	0.7594
7.101	 6	27.3	10.224	0.0041	1578.509	1.8608	7.7508	2937.349	0.5158	0.7616
7.111	 6	28.3	10.222	0.016	1541.082	1.838	8.7246	2832.478	0.529	0.7585
7.121	 6	29.3	10.218	0.0069	1540.479	1.8476	8.7345	2846.156	0.5234	0.754
7.131	 6	30.3	10.223	0.0061	1542.396	1.8399	8.7221	2837.89	0.5279	0.7533
7.141	 6	31.3	10.218	0.0087	1540.479	1.8583	8.7345	2862.712	0.5172	0.7571
7.151	 6	32.3	10.218	0.0053	1544.438	1.8871	8.7345	2914.546	0.5005	0.7601
7.161	 6	33.3	10.224	0.006	1559.963	1.8831	9.6885	2937.518	0.5029	0.7667
7.171	 6	34.3	10.218	0.0057	1557.622	1.8842	8.7345	2934.831	0.5022	0.7717
7.181	 6	35.3	10.213	0.0081	1553.781	1.8955	8.7468	2945.129	0.4957	0.7789
7.191	 6	36.3	10.219	0.0072	1546.693	1.8701	8.732	2892.445	0.5104	0.7912
7.201	 6	37.3	10.208	0.006	1545.496	1.8868	8.7592	2915.976	0.5007	0.8065
7.211	 6	38.3	10.214	0.0065	1538.021	1.8412	8.7443	2831.79	0.5272	0.8176
7.221	 6	39.3	10.214	0.0058	1537.327	1.8479	9.7159	2840.896	0.5232	0.834
7.231	 6	40.3	10.208	0.0045	1538.508	1.8565	8.7592	2856.315	0.5182	0.8406
7.241	 6	41.3	10.203	0.0049	1537.754	1.8221	8.7716	2801.915	0.5382	0.8443
7.251	 6	42.3	10.203	0.006	1531.062	1.8333	8.7716	2806.871	0.5317	0.8463
7.261	 6	43.3	10.203	0.0042	1529.227	1.8535	9.7462	2834.441	0.52	0.8481
7.271	 6	44.3	10.204	0.0027	1537.905	1.8798	8.7691	2890.915	0.5048	0.8483
7.281	 6	45.3	10.208	0.0043	1558.473	1.893	9.7324	2950.26	0.4971	0.8516
7.291	 6	46.3	10.202	0.0033	1565.204	1.9342	8.774	3027.402	0.4732	0.8496
7.301	 6	47.3	10.204	0.0014	1566.713	1.9327	8.7691	3027.921	0.4741	0.8541
7.311	 6	48.3	10.204	0.0028	1569.122	1.8886	8.7691	2963.451	0.4996	0.8596
7.321	 6	49.3	10.198	0.0066	1555.996	1.8765	8.784	2919.809	0.5067	0.8638
7.331	 6	50.3	10.204	0.0029	1553.593	1.8519	8.7691	2877.098	0.5209	0.8599
7.341	 6	51.3	10.205	0.003	1538.519	1.8315	8.7666	2817.826	0.5328	0.8531
7.351	 6	52.3	10.203	0.0023	1535.209	1.8103	8.7716	2779.193	0.5451	0.8488
7.361	 6	53.3	10.208	0.0024	1540.365	1.8533	8.7592	2854.791	0.5201	0.8349
7.371	 6	54.3	10.213	0.0016	1567.373	1.9131	8.7468	2998.493	0.4855	0.8281
7.381	 6	55.3	10.217	0.0005	1598.904	1.9633	7.7662	3139.069	0.4563	0.8269
7.391	 6	56.3	10.228	0.0003	1634.91	1.975	7.7421	3229.001	0.4495	0.8283
7.401	 6	57.3	10.233	0.0007	1656.093	1.9188	8.6976	3177.697	0.4821	0.8245
7.411	 6	58.3	10.226	0.0007	1624.206	1.8805	8.7148	3054.311	0.5044	0.823
7.421	 6	59.3	10.227	0.0007	1572.417	1.8381	8.7123	2890.326	0.5289	0.8209
7.431	 6	60.3	10.232	0.0009	1550.068	1.8518	8.7	2870.471	0.521	0.8212
7.441	 6	61.3	10.232	0.0009	1565.483	1.8724	9.6667	2931.273	0.509	0.8228
7.451	 6	62.3	10.23	0.0007	1559.451	1.8706	8.7049	2917.139	0.5101	0.829
7.461	 6	63.3	10.227	0.0006	1565.198	1.881	8.7123	2944.208	0.504	0.8342
7.471	 6	64.3	10.222	0.0003	1571.407	1.8968	8.7246	2980.592	0.4949	0.837
7.481	 6	65.3	10.221	0.0003	1551.457	1.8378	8.7271	2851.277	0.5291	0.8412
7.491	 6	66.3	10.217	0.0015	1553.916	1.841	8.7369	2860.766	0.5273	0.8409
7.501	 6	67.3	10.212	0.0033	1560.037	1.8685	9.7214	2914.862	0.5113	0.8396
7.511	 6	68.3	10.212	0.0011	1547.507	1.9046	9.7214	2947.389	0.4904	0.8401
7.521	 6	69.3	10.207	0.0012	1589.38	1.9134	8.7616	3041.182	0.4852	0.8431
7.531	 6	70.3	10.213	0.001	1609.614	1.9472	8.7468	3134.207	0.4657	0.8413
7.541	 6	71.3	10.212	0.0006	1627.929	1.896	8.7493	3086.582	0.4953	0.8386
7.551	 6	72.3	10.213	0.0003	1460.46	1.8082	9.7187	2640.783	0.5463	0.8317
7.561	 6	73.3	10.212	0.0011	1466.188	1.8569	8.7493	2722.563	0.518	0.8285
7.571	 6	74.3	10.212	0.0005	1576.656	1.8757	8.7493	2957.399	0.5071	0.8303
7.581	 6	75.3	10.207	0.0003	1435.988	1.8869	8.7616	2709.626	0.5006	0.8325
7.591	 6	76.3	10.216	0.0001	1114.554	1.7994	8.7394	2005.557	0.5514	0.8274
7.601	 6	77.3	10.213	0.0004	1536.945	1.7908	8.7468	2752.308	0.5564	0.8246
7.611	 6	78.3	10.218	0.0004	1554.541	1.8066	8.7345	2808.455	0.5472	0.813
7.621	 6	79.3	10.228	0.0003	1541.755	1.7881	8.7099	2756.872	0.5579	0.8045
7.631	 6	80.3	10.224	0.0002	1262.846	1.7984	8.7197	2271.05	0.552	0.8003
7.641	 6	81.3	10.235	0.0001	1436.088	1.8095	8.6927	2598.549	0.5456	0.8389
7.651	 6	82.3	10.245	0.0003	1538.519	1.7831	8.6682	2743.405	0.5608	0.8412
7.661	 6	83.3	10.268	0.0003	1431.28	1.7781	8.6124	2545.02	0.5637	0.8363
7.671	 6	84.3	10.308	0.0002	1456.344	1.7272	8.5164	2515.463	0.5932	0.8318
7.681	 6	85.3	10.329	0.0	106.1726	1.6683	7.5259	177.1259	0.6274	0.8308
7.691	 6	86.3	10.365	0.0	106.5426	1.7763	7.4509	189.2469	0.5648	0.8253
7.701	 6	87.3	10.378	0.0	106.6763	1.8159	8.352	193.7175	0.5418	0.8219
7.711	 6	88.3	10.369	0.0	106.5837	1.6744	8.3729	178.4636	0.6239	0.8173
7.721	 6	89.3	10.359	0.0	106.481	1.658	7.4633	176.5435	0.6334	0.8126
7.731	 6	90.3	10.345	0.0	106.3371	1.6642	7.4924	176.9639	0.6298	0.8117
7.741	 6	91.3	10.32	0.0	845.1396	1.6979	7.5448	1434.982	0.6103	0.8161
7.751	 6	92.3	10.565	0.0	108.5984	1.7184	7.0526	186.6153	0.5984	0.826
7.761	 6	93.3	10.561	0.0	108.5573	1.7479	7.0603	189.7514	0.5812	0.843
7.771	 6	94.3	10.557	0.0	108.5162	1.7456	6.1844	189.4269	0.5826	0.8736
7.781	 6	95.3	10.53	0.0	108.2387	1.7411	6.2301	188.4584	0.5852	0.927
7.791	 6	96.3	10.489	0.0	107.8172	1.7417	6.3003	187.7816	0.5849	1.0335
7.801	 6	97.3	10.448	0.0	107.3958	1.7285	5.4614	185.6346	0.5925	1.2462
7.811	 6	98.3	10.503	0.0	107.9612	1.7243	5.3796	186.159	0.5949	1.6528
7.821	 6	99.3	10.483	0.0	107.7556	1.6465	3.6061	177.4183	0.6401	2.3268
7.831	 6	100.3	10.445	0.0	107.365	0.9988	2.7329	107.2375	1.0158	3.1966
