Geotek MSCL 7.9 - TN336_JPC37-45_massMS.out created at 19:54:34 on 1/25/2016.


Processing Parameters

CT	RCT=11.45	W=1.27
PWAmp	A=1	B=0
PWVel	PTO=26.56
Den1	A=7.1605E-04	B=-.096198	C=9.8396
MS1	A=1	B=0	Den=1	LD=14	
FP	MGD=2.75	WD=1.026	
RES	A=409.6482	B=-1.051803	p=0	


SB DEPTH	SECT NUM	SECT DEPTH	CT	PWAmp	PWVel	Den1	MS1	Imp	FP	RES
m		cm	cm		m/s	g/cc	x 10^-8 (m^3/kg)			Ohm.m

-0.638	before cal		10.87	0.0						55.5787
-0.578	cal sect	6.0	10.418	0.0245	1500.072	1.1579			0.9235	12.5463
-0.518	cal sect	12.0	10.213	0.0315	1475.654	1.1469	-1.6948	1692.412	0.9299	12.4653
-0.458	cal sect	18.0	10.253	0.0223	1478.016	1.13	-1.7008	1670.223	0.9397	11.5503
-0.398	cal sect	24.0	10.503	0.0014	1492.752	1.13	-1.5869	1686.79	0.9397	8.8674
-0.338	cal sect	30.0	10.688	0.0095	1500.913	1.1215	-1.5208	1683.343	0.9446	3.6717
-0.278	cal sect	36.0	10.621	0.0117	1510.381	1.1425	-1.52	1725.631	0.9324	0.4885
-0.218	cal sect	42.0	10.317	0.0075	1502.403	1.1437	-1.6505	1718.347	0.9317	0.3677
-0.158	cal sect	48.0	10.247	0.0242	1494.821	1.149	-2.5134	1717.494	0.9287	0.374
-0.098	cal sect	54.0	10.372	0.0086	1501.448	1.1311	-2.4654	1698.316	0.939	0.3746
-0.038	cal sect	60.0	10.463	0.0032	1511.121	1.1455	0.0	1730.958	0.9307	0.5163
0.002	 1	0.2	10.995	0.0	113.0661	1.0296	9.1666	116.4184	0.9979	1.1045
0.012	 1	1.2	10.959	0.0	112.6959	1.4382	7.7282	162.0809	0.7609	0.9089
0.022	 1	2.2	10.964	0.0001	1279.944	1.4623	8.6755	1871.645	0.7469	0.6995
0.032	 1	3.2	10.917	0.0	112.264	1.4483	9.4214	162.593	0.755	0.5653
0.042	 1	4.2	10.851	0.0	111.5853	1.4422	10.1931	160.9233	0.7586	0.492
0.052	 1	5.2	10.43	0.0005	1528.653	1.4837	11.0973	2268.128	0.7345	0.4506
0.062	 1	6.2	10.317	0.0016	1517.429	1.5055	11.9124	2284.457	0.7219	0.4299
0.072	 1	7.2	10.236	0.0068	1500.66	1.5098	12.1516	2265.644	0.7194	0.4218
0.082	 1	8.2	10.224	0.0044	1502.866	1.5079	12.8506	2266.129	0.7205	0.4188
0.092	 1	9.2	10.218	0.0062	1495.171	1.5061	12.8872	2251.943	0.7215	0.4149
0.102	 1	10.2	10.218	0.0017	1496.266	1.5002	12.9386	2244.639	0.725	0.415
0.112	 1	11.2	10.223	0.0026	1503.603	1.5099	13.4793	2270.216	0.7193	0.416
0.122	 1	12.2	10.227	0.005	1492.775	1.5377	13.2206	2295.369	0.7032	0.4203
0.132	 1	13.2	10.233	0.0012	1501.32	1.5408	13.1714	2313.221	0.7014	0.4238
0.142	 1	14.2	10.233	0.0011	1516.224	1.5223	13.3311	2308.201	0.7121	0.4268
0.152	 1	15.2	10.238	0.002	1506.918	1.5328	13.2216	2309.776	0.706	0.4312
0.162	 1	16.2	10.239	0.0061	1496.711	1.5209	13.321	2276.366	0.7129	0.4337
0.172	 1	17.2	10.242	0.0048	1488.23	1.5239	12.651	2267.936	0.7112	0.4333
0.182	 1	18.2	10.241	0.0059	1480.983	1.5159	13.3579	2244.963	0.7159	0.4314
0.192	 1	19.2	10.23	0.0023	1484.329	1.5217	12.7121	2258.735	0.7125	0.4254
0.202	 1	20.2	10.239	0.0013	1511.961	1.5464	13.1016	2338.068	0.6982	0.4199
0.212	 1	21.2	10.245	0.0024	1511.285	1.5293	13.2253	2311.25	0.708	0.4189
0.222	 1	22.2	10.241	0.0006	1508.025	1.5054	13.451	2270.133	0.7219	0.4218
0.232	 1	23.2	10.246	0.0004	1425.035	1.5122	13.3711	2154.974	0.718	0.4259
0.242	 1	24.2	10.256	0.0005	1512.684	1.532	13.7885	2317.379	0.7065	0.4276
0.252	 1	25.2	10.261	0.0015	1506.755	1.5269	13.8145	2300.729	0.7094	0.4269
0.262	 1	26.2	10.266	0.0032	1496.283	1.5383	13.0711	2301.676	0.7029	0.4279
0.272	 1	27.2	10.257	0.0068	1488.679	1.5291	13.8101	2276.399	0.7082	0.4324
0.282	 1	28.2	10.252	0.0054	1481.503	1.5404	13.1048	2282.052	0.7016	0.4376
0.292	 1	29.2	10.256	0.0032	1480.583	1.5682	12.8576	2321.868	0.6855	0.4408
0.302	 1	30.2	10.26	0.0069	1483.302	1.5538	12.962	2304.802	0.6938	0.4465
0.312	 1	31.2	10.266	0.0053	1484.384	1.5456	13.0093	2294.215	0.6986	0.4631
0.322	 1	32.2	10.26	0.0022	1491.93	1.5378	13.097	2294.31	0.7031	0.4689
0.332	 1	33.2	10.267	0.0033	1495.557	1.5441	13.0184	2309.23	0.6995	0.4715
0.342	 1	34.2	10.266	0.0054	1491.284	1.5499	12.9728	2311.372	0.6961	0.4764
0.352	 1	35.2	10.266	0.008	1486.964	1.5636	12.859	2325.078	0.6881	0.4819
0.362	 1	36.2	10.266	0.0032	1483.312	1.504	13.3685	2230.972	0.7227	0.489
0.372	 1	37.2	10.271	0.0017	1494.833	1.5223	13.19	2275.532	0.7121	0.4977
0.382	 1	38.2	10.271	0.0056	1493.312	1.5492	12.9609	2313.388	0.6965	0.5017
0.392	 1	39.2	10.271	0.0047	1487.042	1.5535	13.5399	2310.172	0.694	0.505
0.402	 1	40.2	10.271	0.0063	1491.794	1.5748	13.964	2349.306	0.6817	0.5045
0.412	 1	41.2	10.272	0.0063	1490.207	1.5553	13.5207	2317.721	0.693	0.5068
0.422	 1	42.2	10.267	0.0055	1486.678	1.5588	13.5093	2317.44	0.6909	0.5038
0.432	 1	43.2	10.267	0.0057	1486.248	1.5563	13.5308	2313.095	0.6924	0.5019
0.442	 1	44.2	10.261	0.0033	1490.558	1.5958	13.2182	2378.661	0.6695	0.4911
0.452	 1	45.2	10.257	0.006	1490.626	1.562	12.9053	2328.323	0.6891	0.492
0.462	 1	46.2	10.257	0.0067	1485.015	1.5936	12.6492	2366.516	0.6708	0.4994
0.472	 1	47.2	10.254	0.008	1489.324	1.6188	12.4629	2410.901	0.6562	0.5262
0.482	 1	48.2	10.262	0.0091	1490.486	1.5931	12.6353	2374.501	0.6711	0.5255
0.492	 1	49.2	10.293	0.0045	1493.254	1.5765	12.658	2354.087	0.6807	0.5236
0.502	 1	50.2	10.308	0.0076	1492.615	1.5586	12.7493	2326.459	0.691	0.5188
0.512	 1	51.2	10.323	0.0074	1488.322	1.5325	12.913	2280.784	0.7062	0.5108
0.522	 1	52.2	10.333	0.0073	1488.905	1.541	12.806	2294.335	0.7013	0.5039
0.532	 1	53.2	10.338	0.0093	1487.054	1.5424	12.7763	2293.602	0.7005	0.4993
0.542	 1	54.2	10.342	0.0075	1487.629	1.544	12.7491	2296.836	0.6996	0.4995
0.552	 1	55.2	10.352	0.004	1495.089	1.5575	12.6029	2328.635	0.6917	0.5018
0.562	 1	56.2	10.373	0.0053	1487.595	1.5671	12.453	2331.217	0.6861	0.5059
0.572	 1	57.2	10.419	0.0044	1490.345	1.5445	13.0695	2301.833	0.6992	0.5105
0.582	 1	58.2	10.703	0.0001	1409.402	1.4845	12.0151	2092.325	0.734	0.5171
0.592	 1	59.2	10.661	0.0015	1495.441	1.5153	12.4712	2266.084	0.7162	0.524
0.602	 1	60.2	10.617	0.0	109.179	1.5495	11.7807	169.1717	0.6964	0.5362
0.612	 1	61.2	10.57	0.0043	1501.634	1.5642	11.8194	2348.861	0.6878	0.5551
0.622	 1	62.2	10.563	0.0017	1518.327	1.5505	11.9468	2354.122	0.6958	0.5896
0.632	 1	63.2	10.547	0.0036	1508.654	1.5567	11.3817	2348.536	0.6922	0.6628
0.642	 1	64.2	10.563	0.0021	1533.982	1.5256	11.5634	2340.242	0.7102	0.807
0.652	 1	65.2	10.811	0.0	111.174	1.4679	11.245	163.1934	0.7437	1.0483
0.662	 1	66.2	10.87	0.0	111.7807	1.4695	10.5067	164.2593	0.7428	1.2957
0.672	 2	0.1	10.865	0.0	111.7293	0.6803	23.9196	76.0136	1.2005	1.3166
0.682	 2	1.1	10.842	0.0	111.4927	1.417	11.5541	157.9856	0.7732	1.1026
0.692	 2	2.1	10.821	0.0	111.2768	1.4927	11.0294	166.0981	0.7293	0.8674
0.702	 2	3.1	10.764	0.0002	1453.416	1.5086	11.633	2192.58	0.7201	0.7156
0.712	 2	4.1	10.71	0.0	110.1353	1.5143	11.7571	166.7771	0.7168	0.6279
0.722	 2	5.1	10.283	0.0002	1264.2	1.609	12.4369	2034.115	0.6618	0.5764
0.732	 2	6.1	10.224	0.0002	1128.975	1.674	12.7327	1889.929	0.6241	0.5482
0.742	 2	7.1	10.209	0.0001	1084.103	1.5608	13.0912	1692.035	0.6898	0.5349
0.752	 2	8.1	10.189	0.0003	1203.52	1.551	13.2486	1866.629	0.6955	0.532
0.762	 2	9.1	10.17	0.0004	1130.754	1.552	13.9456	1754.892	0.6949	0.5314
0.772	 2	10.1	10.17	0.0003	1083.413	1.5422	14.0337	1670.863	0.7006	0.5293
0.782	 2	11.1	10.169	0.0003	1084.0	1.548	13.9848	1678.083	0.6972	0.5246
0.792	 2	12.1	10.169	0.0003	1130.391	1.5324	14.1272	1732.267	0.7062	0.5207
0.802	 2	13.1	10.17	0.0003	1131.76	1.5411	14.0435	1744.206	0.7012	0.5173
0.812	 2	14.1	10.175	0.0004	1135.603	1.563	13.8279	1774.898	0.6885	0.5159
0.822	 2	15.1	10.18	0.0003	1085.057	1.56	13.8345	1692.682	0.6903	0.514
0.832	 2	16.1	10.18	0.0003	1085.057	1.5592	13.8418	1691.79	0.6907	0.5131
0.842	 2	17.1	10.185	0.0002	1081.21	1.5609	13.1795	1687.632	0.6897	0.5138
0.852	 2	18.1	10.19	0.0002	1081.971	1.5525	13.8623	1679.711	0.6946	0.5164
0.862	 2	19.1	10.195	0.0002	1083.537	1.5635	13.1205	1694.07	0.6882	0.517
0.872	 2	20.1	10.2	0.0002	1078.794	1.5517	13.2008	1674.018	0.695	0.5181
0.882	 2	21.1	10.205	0.0002	1079.552	1.5385	13.2953	1660.938	0.7027	0.5177
0.892	 2	22.1	10.21	0.0002	1085.247	1.5783	12.3255	1712.894	0.6796	0.5153
0.902	 2	23.1	10.215	0.0001	1131.48	1.5863	12.2466	1794.826	0.675	0.5129
0.912	 2	24.1	10.215	0.0002	1217.521	1.567	12.3971	1907.874	0.6862	0.5088
0.922	 2	25.1	10.215	0.0002	1277.993	1.5779	11.6963	2016.484	0.6799	0.5053
0.932	 2	26.1	10.22	0.0002	1120.368	1.5687	12.366	1757.565	0.6852	0.5029
0.942	 2	27.1	10.225	0.0001	1079.27	1.5581	11.8116	1681.559	0.6914	0.4996
0.952	 2	28.1	10.225	0.0001	1073.378	1.5589	11.8053	1673.263	0.6909	0.4975
0.962	 2	29.1	10.23	0.0001	1067.515	1.5764	12.2714	1682.805	0.6808	0.4965
0.972	 2	30.1	10.235	0.0003	1398.606	1.5913	11.5319	2225.664	0.6721	0.4956
0.982	 2	31.1	10.23	0.0004	1398.114	1.5823	11.6145	2212.17	0.6773	0.4999
0.992	 2	32.1	10.235	0.0002	1411.335	1.5723	11.6718	2218.99	0.6831	0.5021
1.002	 2	33.1	10.237	0.0004	1415.319	1.5728	11.0476	2226.0	0.6828	0.5041
1.012	 2	34.1	10.237	0.0003	1417.278	1.5876	10.9443	2250.13	0.6742	0.5065
1.022	 2	35.1	10.239	0.0006	1283.887	1.5845	10.9597	2034.337	0.676	0.5112
1.032	 2	36.1	10.235	0.0007	1279.855	1.6013	10.2539	2049.434	0.6663	0.5215
1.042	 2	37.1	10.238	0.0005	1285.212	1.6048	10.2226	2062.56	0.6642	0.5367
1.052	 2	38.1	10.235	0.0011	1279.055	1.5865	10.3492	2029.274	0.6749	0.5492
1.062	 2	39.1	10.23	0.0009	1283.724	1.6052	9.6406	2060.679	0.664	0.5557
1.072	 2	40.1	10.23	0.0012	1484.976	1.6471	9.3958	2445.854	0.6398	0.562
1.082	 2	41.1	10.224	0.0012	1275.29	1.6256	9.5361	2073.089	0.6522	0.5712
1.092	 2	42.1	10.222	0.0005	1373.925	1.6463	8.8327	2261.847	0.6402	0.5834
1.102	 2	43.1	10.22	0.0013	1492.625	1.6547	8.7928	2469.798	0.6353	0.5933
1.112	 2	44.1	10.222	0.0022	1495.975	1.6341	8.3052	2444.6	0.6473	0.6001
1.122	 2	45.1	10.22	0.0021	1487.844	1.6315	8.3232	2427.41	0.6488	0.6066
1.132	 2	46.1	10.219	0.0022	1476.948	1.6417	7.6828	2424.697	0.6429	0.6074
1.142	 2	47.1	10.214	0.0027	1484.162	1.6245	7.7749	2411.085	0.6528	0.6068
1.152	 2	48.1	10.214	0.0024	1485.025	1.6281	7.1614	2417.697	0.6508	0.6057
1.162	 2	49.1	10.24	0.0022	1473.593	1.6213	7.1387	2389.126	0.6547	0.6043
1.172	 2	50.1	10.238	0.0019	1464.454	1.5768	7.9562	2309.178	0.6805	0.6024
1.182	 2	51.1	10.234	0.0022	1469.769	1.6023	7.2355	2355.034	0.6657	0.6011
1.192	 2	52.1	10.239	0.0025	1479.838	1.5987	7.2417	2365.784	0.6678	0.6032
1.202	 2	53.1	10.244	0.002	1483.563	1.5868	7.2855	2354.175	0.6747	0.6063
1.212	 2	54.1	10.25	0.0014	1483.572	1.5865	7.8811	2353.648	0.6749	0.6037
1.222	 2	55.1	10.264	0.002	1482.38	1.5818	7.2678	2344.796	0.6776	0.5958
1.232	 2	56.1	10.271	0.002	1478.906	1.581	7.862	2338.121	0.6781	0.5863
1.242	 2	57.1	10.271	0.0014	1477.842	1.5838	8.4517	2340.596	0.6765	0.5819
1.252	 2	58.1	10.276	0.0021	1484.113	1.5895	8.4095	2359.023	0.6731	0.5775
1.262	 2	59.1	10.276	0.0018	1477.923	1.569	8.5192	2318.922	0.685	0.5744
1.272	 2	60.1	10.285	0.0015	1473.285	1.5998	8.3344	2356.951	0.6672	0.5743
1.282	 2	61.1	10.271	0.0013	1480.611	1.5965	8.9831	2363.861	0.6691	0.576
1.292	 2	62.1	10.27	0.0014	1483.89	1.5848	9.6557	2351.658	0.6759	0.5752
1.302	 2	63.1	10.266	0.0018	1482.669	1.6007	9.5702	2373.381	0.6666	0.5733
1.312	 2	64.1	10.26	0.0015	1481.161	1.6071	9.5482	2380.431	0.6629	0.5753
1.322	 2	65.1	10.26	0.002	1482.231	1.5832	10.2981	2346.724	0.6768	0.5787
1.332	 2	66.1	10.254	0.0023	1479.654	1.5777	10.3517	2334.464	0.68	0.5812
1.342	 2	67.1	10.253	0.0019	1476.739	1.5894	10.883	2347.127	0.6732	0.5823
1.352	 2	68.1	10.248	0.0019	1473.896	1.5831	10.9416	2333.358	0.6768	0.5829
1.362	 2	69.1	10.243	0.0017	1479.134	1.6021	11.429	2369.649	0.6659	0.5834
1.372	 2	70.1	10.238	0.0017	1480.121	1.6008	10.851	2369.426	0.6666	0.5828
1.382	 2	71.1	10.233	0.002	1481.112	1.6045	10.8416	2376.41	0.6645	0.5826
1.392	 2	72.1	10.226	0.0023	1477.746	1.6177	11.3729	2390.539	0.6568	0.5815
1.402	 2	73.1	10.218	0.0025	1479.583	1.594	11.5681	2358.443	0.6705	0.5796
1.412	 2	74.1	10.208	0.0023	1476.425	1.5958	11.5874	2356.134	0.6695	0.5782
1.422	 2	75.1	10.204	0.0018	1479.913	1.597	12.2019	2363.467	0.6688	0.5777
1.432	 2	76.1	10.198	0.0027	1479.472	1.6216	12.0378	2399.042	0.6546	0.5779
1.442	 2	77.1	10.183	0.0022	1479.872	1.5978	12.2691	2364.487	0.6684	0.5769
1.452	 2	78.1	10.18	0.0025	1478.577	1.6201	12.1105	2395.381	0.6554	0.5762
1.462	 2	79.1	10.17	0.0027	1478.628	1.6064	12.2484	2375.224	0.6634	0.5736
1.472	 2	80.1	10.168	0.0026	1476.405	1.6231	12.1288	2396.402	0.6536	0.5734
1.482	 2	81.1	10.164	0.0027	1483.362	1.6449	11.9817	2440.021	0.641	0.5708
1.492	 2	82.1	10.164	0.0028	1483.796	1.6557	11.904	2456.663	0.6348	0.5668
1.502	 2	83.1	10.164	0.0022	1485.965	1.6473	11.9644	2447.833	0.6396	0.5645
1.512	 2	84.1	10.17	0.0026	1486.625	1.6559	11.8822	2461.677	0.6346	0.5622
1.522	 2	85.1	10.175	0.0028	1484.318	1.6384	11.9918	2431.929	0.6448	0.5608
1.532	 2	86.1	10.182	0.0028	1475.866	1.6053	11.6039	2369.26	0.664	0.562
1.542	 2	87.1	10.198	0.0019	1472.423	1.6126	12.1048	2374.394	0.6598	0.5626
1.552	 2	88.1	10.203	0.0016	1477.839	1.6115	11.491	2381.534	0.6604	0.5638
1.562	 2	89.1	10.209	0.0025	1484.729	1.6065	11.507	2385.257	0.6633	0.5658
1.572	 2	90.1	10.209	0.0036	1479.565	1.5994	11.5585	2366.385	0.6674	0.5696
1.582	 2	91.1	10.209	0.0037	1471.886	1.6051	11.5173	2362.514	0.6641	0.5704
1.592	 2	92.1	10.214	0.003	1480.504	1.626	11.3532	2407.306	0.652	0.5723
1.602	 2	93.1	10.213	0.0036	1482.508	1.6247	10.1691	2408.635	0.6527	0.567
1.612	 2	94.1	10.209	0.0047	1488.192	1.6598	9.9655	2470.047	0.6324	0.5678
1.622	 2	95.1	10.209	0.0045	1491.018	1.6481	10.0363	2457.295	0.6392	0.5691
1.632	 2	96.1	10.197	0.0054	1483.847	1.6153	9.6701	2396.907	0.6582	0.5702
1.642	 2	97.1	10.197	0.0047	1476.756	1.6261	9.0058	2401.328	0.6519	0.5699
1.652	 2	98.1	10.197	0.005	1482.122	1.6355	8.9541	2423.965	0.6465	0.5714
1.662	 2	99.1	10.198	0.0059	1479.901	1.5827	8.6332	2342.273	0.6771	0.5708
1.672	 2	100.1	10.202	0.0045	1476.625	1.6068	7.8876	2372.593	0.6631	0.5699
1.682	 2	101.1	10.206	0.0023	1479.774	1.5964	7.9297	2362.361	0.6691	0.5681
1.692	 2	102.1	10.203	0.0026	1475.702	1.5995	7.9214	2360.332	0.6674	0.569
1.702	 2	103.1	10.199	0.0011	1476.832	1.6153	7.8526	2385.534	0.6582	0.569
1.712	 2	104.1	10.195	0.0019	1477.108	1.6007	7.3229	2364.436	0.6666	0.5684
1.722	 2	105.1	10.19	0.0032	1480.029	1.6272	7.8151	2408.304	0.6513	0.568
1.732	 2	106.1	10.19	0.0022	1478.311	1.5935	7.3663	2355.76	0.6708	0.5679
1.742	 2	107.1	10.19	0.0017	1475.528	1.5975	7.9603	2357.185	0.6685	0.567
1.752	 2	108.1	10.189	0.0011	1473.677	1.6088	7.9066	2370.878	0.6619	0.5656
1.762	 2	109.1	10.189	0.0019	1467.099	1.6048	7.9264	2354.407	0.6643	0.5636
1.772	 2	110.1	10.185	0.0014	1465.046	1.6	8.5714	2344.089	0.667	0.5627
1.782	 2	111.1	10.195	0.0008	1468.597	1.6168	7.8542	2374.438	0.6573	0.5601
1.792	 2	112.1	10.19	0.0011	1476.17	1.613	7.884	2381.027	0.6595	0.5597
1.802	 2	113.1	10.185	0.0011	1474.804	1.6143	8.4953	2380.844	0.6587	0.5603
1.812	 2	114.1	10.185	0.0016	1477.586	1.6066	9.1461	2373.861	0.6632	0.5617
1.822	 2	115.1	10.18	0.0013	1472.375	1.5948	9.2266	2348.188	0.6701	0.5622
1.832	 2	116.1	10.18	0.0011	1474.08	1.5997	8.5855	2358.023	0.6673	0.564
1.842	 2	117.1	10.176	0.0009	1466.705	1.5966	9.2268	2341.728	0.669	0.5627
1.852	 2	118.1	10.18	0.0015	1472.801	1.5977	9.2102	2353.045	0.6684	0.5615
1.862	 2	119.1	10.178	0.0058	1470.809	1.5971	9.2185	2349.072	0.6687	0.5617
1.872	 2	120.1	10.18	0.0054	1467.705	1.5914	9.2462	2335.758	0.672	0.5618
1.882	 2	121.1	10.18	0.0045	1469.612	1.5982	9.8207	2348.785	0.6681	0.5638
1.892	 2	122.1	10.18	0.0041	1477.933	1.6114	10.3493	2381.527	0.6604	0.5655
1.902	 2	123.1	10.185	0.0074	1477.8	1.6017	10.397	2367.023	0.6661	0.5653
1.912	 2	124.1	10.189	0.0087	1478.381	1.6048	10.3653	2372.512	0.6643	0.5616
1.922	 2	125.1	10.194	0.0094	1476.963	1.6178	10.8712	2389.481	0.6567	0.5617
1.932	 2	126.1	10.205	0.0109	1480.917	1.6184	10.8336	2396.729	0.6564	0.5621
1.942	 2	127.1	10.208	0.0124	1485.016	1.5964	11.5833	2370.688	0.6691	0.5598
1.952	 2	128.1	10.22	0.0108	1488.494	1.6129	12.0277	2400.72	0.6596	0.5606
1.962	 2	129.1	10.232	0.013	1486.993	1.6095	12.0119	2393.344	0.6615	0.5587
1.972	 2	130.1	10.242	0.0124	1487.582	1.5857	12.1578	2358.916	0.6753	0.5875
1.982	 2	131.1	10.254	0.0135	1485.011	1.6	12.0084	2376.088	0.667	0.5909
1.992	 2	132.1	10.263	0.0115	1492.583	1.5947	12.0186	2380.154	0.6702	0.5952
2.002	 2	133.1	10.269	0.01	1487.399	1.5827	11.4846	2354.097	0.6771	0.5996
2.012	 2	134.1	10.276	0.0062	1487.12	1.5969	11.9579	2374.793	0.6688	0.6034
2.022	 2	135.1	10.283	0.0104	1487.918	1.6047	11.2827	2387.653	0.6643	0.6036
2.032	 2	136.1	10.291	0.0115	1489.938	1.5869	11.3836	2364.408	0.6746	0.6009
2.042	 2	137.1	10.312	0.0106	1491.682	1.5987	10.6419	2384.825	0.6678	0.6042
2.052	 2	138.1	10.338	0.0084	1491.345	1.5853	10.0624	2364.299	0.6756	0.5981
2.062	 2	139.1	10.352	0.0078	1489.711	1.5906	9.9903	2369.5	0.6725	0.6014
2.072	 2	140.1	10.348	0.0049	1496.89	1.592	9.4044	2383.118	0.6717	0.6056
2.082	 2	141.1	10.482	0.0018	1498.713	1.5731	8.5986	2357.628	0.6827	0.6124
2.092	 2	142.1	10.514	0.0012	1498.575	1.5633	8.0054	2342.678	0.6884	0.6201
2.102	 2	143.1	10.52	0.0001	1484.408	1.5939	7.839	2365.936	0.6706	0.6307
2.112	 2	144.1	10.532	0.0002	1489.885	1.5926	7.2609	2372.817	0.6713	0.6486
2.122	 2	145.1	10.501	0.0002	1484.03	1.5714	7.4216	2331.977	0.6837	0.6874
2.132	 2	146.1	10.481	0.0001	1487.722	1.5679	6.9036	2332.618	0.6857	0.7586
2.142	 2	147.1	10.483	0.0001	1490.757	1.584	6.2606	2361.351	0.6763	0.8981
2.152	 2	148.1	10.546	0.0006	1495.674	1.5774	6.1796	2359.226	0.6802	1.1205
2.162	 2	149.1	10.699	0.0	110.0222	1.5406	6.071	169.505	0.7015	1.3584
2.172	 2	150.1	10.811	0.0	111.174	1.0239	8.0607	113.8313	1.0012	1.4449
2.182	 3	0.8	10.833	0.0	111.4002	1.4642	5.6043	163.1075	0.7458	1.3067
2.192	 3	1.8	10.818	0.0	111.2459	1.5338	5.3709	170.6335	0.7054	1.079
2.202	 3	2.8	10.757	0.0	110.6187	1.5604	5.3654	172.613	0.69	0.8791
2.212	 3	3.8	10.712	0.0	110.1559	1.527	5.5491	168.2077	0.7094	0.7436
2.222	 3	4.8	10.613	0.0	109.1378	1.5311	5.6833	167.1034	0.707	0.6689
2.232	 3	5.8	10.352	0.0	106.4539	1.5883	5.8851	169.081	0.6738	0.6187
2.242	 3	6.8	10.272	0.0	105.6312	1.5884	6.6193	167.7885	0.6738	0.5924
2.252	 3	7.8	10.253	0.0005	1505.58	1.5776	6.7006	2375.179	0.6801	0.5777
2.262	 3	8.8	10.252	0.0008	1489.467	1.5749	7.324	2345.827	0.6816	0.5688
2.272	 3	9.8	10.232	0.0044	1498.097	1.5941	7.277	2388.085	0.6705	0.5625
2.282	 3	10.8	10.231	0.0197	1489.662	1.6034	7.84	2388.462	0.6651	0.5591
2.292	 3	11.8	10.23	0.0162	1485.192	1.6007	8.4597	2377.28	0.6667	0.5561
2.302	 3	12.8	10.223	0.0078	1476.672	1.5966	8.4978	2357.683	0.669	0.5549
2.312	 3	13.8	10.22	0.004	1477.519	1.581	8.5891	2335.951	0.6781	0.5567
2.322	 3	14.8	10.22	0.01	1490.448	1.5977	9.1066	2381.225	0.6684	0.5578
2.332	 3	15.8	10.214	0.0262	1488.27	1.5963	9.1297	2375.756	0.6692	0.5578
2.342	 3	16.8	10.219	0.0199	1484.457	1.5848	9.7953	2352.566	0.6759	0.5573
2.352	 3	17.8	10.224	0.0178	1481.524	1.6022	10.2802	2373.648	0.6658	0.556
2.362	 3	18.8	10.233	0.0156	1485.627	1.6175	10.7546	2402.938	0.6569	0.5552
2.372	 3	19.8	10.238	0.0135	1488.298	1.6161	11.3457	2405.218	0.6577	0.5565
2.382	 3	20.8	10.24	0.014	1487.94	1.6204	11.309	2411.085	0.6552	0.5595
2.392	 3	21.8	10.239	0.0099	1487.362	1.6191	11.9171	2408.221	0.656	0.5616
2.402	 3	22.8	10.238	0.0089	1487.865	1.6199	11.9151	2410.136	0.6555	0.5633
2.412	 3	23.8	10.24	0.0078	1489.021	1.6641	12.1714	2477.882	0.6299	0.563
2.422	 3	24.8	10.239	0.009	1489.742	1.654	12.2492	2464.031	0.6357	0.5626
2.432	 3	25.8	10.242	0.0101	1488.014	1.6365	12.9585	2435.178	0.6459	0.5637
2.442	 3	26.8	10.246	0.0077	1485.789	1.6511	12.8299	2453.139	0.6374	0.5653
2.452	 3	27.8	10.245	0.0077	1483.278	1.6396	13.5107	2431.985	0.6441	0.5659
2.462	 3	28.8	10.245	0.0071	1483.063	1.6355	13.5449	2425.489	0.6465	0.5663
2.472	 3	29.8	10.243	0.0075	1483.203	1.6498	13.4351	2446.92	0.6382	0.5665
2.482	 3	30.8	10.249	0.0077	1483.427	1.6301	13.5741	2418.146	0.6496	0.5675
2.492	 3	31.8	10.247	0.0075	1481.637	1.6587	13.3474	2457.633	0.633	0.5693
2.502	 3	32.8	10.248	0.0071	1483.068	1.6309	13.5717	2418.667	0.6492	0.5703
2.512	 3	33.8	10.249	0.0078	1481.926	1.6366	14.1081	2425.31	0.6458	0.5692
2.522	 3	34.8	10.249	0.0054	1482.569	1.6506	12.8228	2447.106	0.6377	0.5737
2.532	 3	35.8	10.247	0.0056	1481.208	1.6423	13.4813	2432.515	0.6425	0.5779
2.542	 3	36.8	10.244	0.0055	1482.704	1.6392	13.5181	2430.402	0.6443	0.582
2.552	 3	37.8	10.243	0.0051	1487.295	1.6387	13.5254	2437.284	0.6446	0.5887
2.562	 3	38.8	10.239	0.0044	1488.227	1.6591	13.3743	2469.145	0.6328	0.5955
2.572	 3	39.8	10.239	0.0044	1490.176	1.6615	13.3549	2475.982	0.6314	0.6028
2.582	 3	40.8	10.246	0.0041	1490.978	1.6911	13.0957	2521.361	0.6142	0.6073
2.592	 3	41.8	10.24	0.0046	1488.589	1.6467	14.0575	2451.185	0.64	0.6022
2.602	 3	42.8	10.246	0.0045	1482.993	1.6532	13.396	2451.638	0.6362	0.601
2.612	 3	43.8	10.245	0.0045	1482.419	1.6455	13.4619	2439.393	0.6406	0.5989
2.622	 3	44.8	10.241	0.0045	1481.412	1.6367	13.55	2424.61	0.6458	0.597
2.632	 3	45.8	10.246	0.0039	1482.135	1.643	13.4789	2435.156	0.6421	0.5955
2.642	 3	46.8	10.251	0.0046	1482.644	1.6271	13.5911	2412.48	0.6513	0.5948
2.652	 3	47.8	10.249	0.0047	1482.783	1.6381	13.5081	2428.908	0.645	0.5958
2.662	 3	48.8	10.261	0.0061	1484.949	1.6445	13.4102	2441.958	0.6413	0.5975
2.672	 3	49.8	10.256	0.0053	1484.655	1.6459	13.4176	2443.551	0.6404	0.599
2.682	 3	50.8	10.251	0.0062	1490.404	1.6219	13.6352	2417.262	0.6544	0.5988
2.692	 3	51.8	10.244	0.0072	1496.13	1.63	13.0029	2438.722	0.6496	0.5995
2.702	 3	52.8	10.255	0.0106	1498.831	1.6368	12.9089	2453.314	0.6457	0.5997
2.712	 3	53.8	10.248	0.0131	1492.355	1.6556	12.788	2470.671	0.6348	0.6032
2.722	 3	54.8	10.258	0.0107	1497.081	1.6491	12.8017	2468.892	0.6386	0.602
2.732	 3	55.8	10.245	0.0125	1492.135	1.6405	12.3292	2447.835	0.6436	0.6039
2.742	 3	56.8	10.25	0.0119	1497.662	1.6456	12.8577	2464.614	0.6406	0.6064
2.752	 3	57.8	10.255	0.0179	1494.027	1.6422	12.8669	2453.428	0.6426	0.6087
2.762	 3	58.8	10.254	0.019	1498.684	1.6343	12.3444	2449.328	0.6471	0.6116
2.772	 3	59.8	10.269	0.0169	1495.413	1.6417	12.2372	2455.023	0.6429	0.6151
2.782	 3	60.8	10.264	0.0165	1495.774	1.6348	12.3062	2445.28	0.6469	0.6158
2.792	 3	61.8	10.264	0.0186	1500.146	1.6485	12.2041	2472.949	0.6389	0.6142
2.802	 3	62.8	10.264	0.0229	1500.585	1.6608	11.5366	2492.194	0.6318	0.6182
2.812	 3	63.8	10.253	0.0159	1500.512	1.7024	11.8538	2554.529	0.6076	0.6193
2.822	 3	64.8	10.254	0.0148	1502.418	1.6783	11.4484	2521.53	0.6216	0.6199
2.832	 3	65.8	10.253	0.0165	1500.512	1.6684	11.5199	2503.413	0.6274	0.6218
2.842	 3	66.8	10.246	0.0163	1497.734	1.6457	11.7017	2464.801	0.6406	0.6238
2.852	 3	67.8	10.239	0.018	1497.149	1.6643	11.5939	2491.65	0.6298	0.6274
2.862	 3	68.8	10.235	0.0124	1495.907	1.651	11.6999	2469.809	0.6374	0.6285
2.872	 3	69.8	10.234	0.0123	1493.578	1.6566	11.6639	2474.279	0.6342	0.6262
2.882	 3	70.8	10.229	0.0091	1492.631	1.6538	11.7001	2468.532	0.6358	0.6275
2.892	 3	71.8	10.224	0.0064	1488.21	1.6561	12.2853	2464.66	0.6345	0.6222
2.902	 3	72.8	10.219	0.0066	1488.565	1.6518	12.3346	2458.857	0.637	0.6193
2.912	 3	73.8	10.215	0.0067	1492.33	1.6676	12.8145	2488.558	0.6279	0.6189
2.922	 3	74.8	10.21	0.0063	1489.859	1.6482	12.3932	2455.588	0.6391	0.6169
2.932	 3	75.8	10.206	0.0075	1487.755	1.6642	12.2881	2475.893	0.6298	0.615
2.942	 3	76.8	10.202	0.0068	1488.04	1.673	12.2369	2489.554	0.6247	0.6109
2.952	 3	77.8	10.195	0.007	1490.497	1.6739	12.2549	2494.923	0.6242	0.6056
2.962	 3	78.8	10.189	0.0068	1490.709	1.6697	12.3066	2489.023	0.6266	0.6041
2.972	 3	79.8	10.184	0.0092	1491.506	1.6447	12.5116	2453.021	0.6411	0.6019
2.982	 3	80.8	10.18	0.0162	1491.794	1.6462	12.5141	2455.788	0.6403	0.6025
2.992	 3	81.8	10.174	0.0201	1498.821	1.6525	12.4874	2476.859	0.6366	0.5998
3.002	 3	82.8	10.185	0.0235	1496.254	1.661	12.9751	2485.213	0.6317	0.5961
3.012	 3	83.8	10.185	0.0119	1492.308	1.6595	12.9869	2476.41	0.6326	0.5917
3.022	 3	84.8	10.192	0.0134	1495.086	1.6643	12.3357	2488.34	0.6297	0.587
3.032	 3	85.8	10.2	0.0111	1493.63	1.6576	12.9462	2475.858	0.6336	0.5852
3.042	 3	86.8	10.203	0.0111	1492.758	1.6565	12.9437	2472.787	0.6343	0.5829
3.052	 3	87.8	10.208	0.0089	1492.616	1.6721	12.8054	2495.743	0.6253	0.5811
3.062	 3	88.8	10.212	0.0074	1499.119	1.6599	13.4704	2488.356	0.6323	0.5805
3.072	 3	89.8	10.214	0.0098	1497.434	1.6568	12.9011	2481.013	0.6341	0.5792
3.082	 3	90.8	10.231	0.0085	1490.096	1.6547	12.2717	2465.648	0.6353	0.5785
3.092	 3	91.8	10.231	0.0072	1488.146	1.652	12.8771	2458.4	0.6369	0.5753
3.102	 3	92.8	10.231	0.0066	1489.662	1.6589	12.8234	2471.21	0.6329	0.573
3.112	 3	93.8	10.229	0.0068	1488.287	1.6553	12.8584	2463.584	0.635	0.5734
3.122	 3	94.8	10.225	0.0067	1487.922	1.6584	12.8492	2467.527	0.6332	0.5781
3.132	 3	95.8	10.225	0.0076	1493.137	1.659	12.8445	2477.075	0.6328	0.5848
3.142	 3	96.8	10.22	0.0078	1492.406	1.6571	12.8774	2473.027	0.6339	0.5856
3.152	 3	97.8	10.223	0.0071	1493.499	1.6581	12.8586	2476.36	0.6334	0.5866
3.162	 3	98.8	10.225	0.0086	1494.228	1.6581	12.8516	2477.534	0.6334	0.588
3.172	 3	99.8	10.225	0.0069	1496.414	1.6539	12.8843	2474.858	0.6358	0.588
3.182	 3	100.8	10.224	0.0081	1497.583	1.6501	12.9171	2471.199	0.638	0.5884
3.192	 3	101.8	10.23	0.0086	1498.243	1.6721	12.7256	2505.247	0.6252	0.5889
3.202	 3	102.8	10.231	0.0072	1501.468	1.687	12.6096	2533.025	0.6166	0.5921
3.212	 3	103.8	10.236	0.0076	1504.851	1.6803	12.6419	2528.665	0.6205	0.5944
3.222	 3	104.8	10.229	0.0078	1502.497	1.6926	12.5749	2543.191	0.6133	0.5944
3.232	 3	105.8	10.23	0.007	1504.19	1.7025	12.4986	2560.866	0.6076	0.5931
3.242	 3	106.8	10.231	0.0062	1508.33	1.7045	12.4802	2570.983	0.6064	0.5932
3.252	 3	107.8	10.227	0.0078	1513.99	1.692	12.0143	2561.731	0.6137	0.594
3.262	 3	108.8	10.237	0.0116	1508.102	1.6725	12.1204	2522.313	0.625	0.5956
3.272	 3	109.8	10.236	0.0124	1496.054	1.6387	12.3742	2451.541	0.6446	0.5947
3.282	 3	110.8	10.233	0.0074	1494.305	1.643	12.3519	2455.158	0.6421	0.5902
3.292	 3	111.8	10.251	0.0087	1492.14	1.6348	12.3512	2439.345	0.6469	0.5871
3.302	 3	112.8	10.256	0.008	1489.831	1.645	12.2576	2450.737	0.641	0.5833
3.312	 3	113.8	10.25	0.0063	1489.609	1.6519	11.6444	2460.72	0.6369	0.5795
3.322	 3	114.8	10.253	0.0087	1489.829	1.633	11.7694	2432.894	0.6479	0.5764
3.332	 3	115.8	10.254	0.0072	1487.38	1.6462	11.6718	2448.514	0.6403	0.5749
3.342	 3	116.8	10.254	0.006	1488.244	1.6627	10.9779	2474.56	0.6307	0.5745
3.352	 3	117.8	10.253	0.0071	1487.883	1.6566	10.4419	2464.754	0.6343	0.5747
3.362	 3	118.8	10.253	0.0062	1484.221	1.6222	10.6633	2407.631	0.6542	0.5753
3.372	 3	119.8	10.248	0.0062	1482.854	1.6303	10.0349	2417.446	0.6495	0.5747
3.382	 3	120.8	10.252	0.0069	1481.503	1.6435	9.9427	2434.897	0.6418	0.5736
3.392	 3	121.8	10.254	0.006	1480.936	1.6217	9.4785	2401.635	0.6545	0.5709
3.402	 3	122.8	10.253	0.0051	1481.005	1.6201	9.4904	2399.392	0.6554	0.5691
3.412	 3	123.8	10.256	0.0049	1482.724	1.6375	8.7951	2428.03	0.6453	0.5679
3.422	 3	124.8	10.261	0.005	1484.949	1.6418	8.7601	2437.979	0.6428	0.5673
3.432	 3	125.8	10.26	0.0051	1484.805	1.6251	8.2622	2413.007	0.6525	0.5671
3.442	 3	126.8	10.268	0.0042	1485.317	1.6425	8.1567	2439.572	0.6424	0.5642
3.452	 3	127.8	10.274	0.0049	1485.971	1.6418	7.5644	2439.661	0.6428	0.5615
3.462	 3	128.8	10.279	0.0053	1484.761	1.6336	7.5917	2425.487	0.6476	0.5585
3.472	 3	129.8	10.279	0.0054	1484.547	1.618	7.6646	2402.067	0.6566	0.561
3.482	 3	130.8	10.27	0.0059	1484.318	1.625	7.0625	2412.04	0.6525	0.5669
3.492	 3	131.8	10.265	0.0054	1484.454	1.6194	7.0971	2403.896	0.6558	0.5858
3.502	 3	132.8	10.264	0.0051	1483.237	1.6378	7.6044	2429.173	0.6452	0.5897
3.512	 3	133.8	10.269	0.0059	1485.892	1.6281	7.6387	2419.19	0.6508	0.5921
3.522	 3	134.8	10.278	0.0057	1485.475	1.6136	7.0967	2396.9	0.6592	0.5942
3.532	 3	135.8	10.266	0.005	1483.526	1.6082	7.7397	2385.829	0.6623	0.5958
3.542	 3	136.8	10.276	0.0052	1484.113	1.6361	7.0027	2428.209	0.6461	0.595
3.552	 3	137.8	10.28	0.0056	1486.193	1.6423	6.9685	2440.814	0.6425	0.5931
3.562	 3	138.8	10.28	0.0063	1491.368	1.6385	6.9849	2443.549	0.6447	0.5987
3.572	 3	139.8	10.286	0.0082	1494.189	1.6207	7.6369	2421.685	0.655	0.5988
3.582	 3	140.8	10.314	0.0074	1496.735	1.6501	7.4427	2469.696	0.638	0.5995
3.592	 3	141.8	10.349	0.0049	1495.953	1.6281	6.8951	2435.601	0.6507	0.6041
3.602	 3	142.8	10.508	0.0022	1505.013	1.6193	6.6353	2437.063	0.6559	0.608
3.612	 3	143.8	10.495	0.0017	1516.399	1.6192	6.6592	2455.411	0.6559	0.6171
3.622	 3	144.8	10.508	0.0001	1487.753	1.622	6.6244	2413.068	0.6543	0.6339
3.632	 3	145.8	10.54	0.0001	1487.86	1.6021	6.6482	2383.706	0.6658	0.667
3.642	 3	146.8	10.529	0.0001	1479.831	1.609	6.6394	2381.088	0.6618	0.725
3.652	 3	147.8	10.499	0.0001	1398.003	1.6081	6.1399	2248.084	0.6624	0.834
3.662	 3	148.8	10.481	0.0003	1469.162	1.6155	6.1418	2373.453	0.6581	1.0209
3.672	 3	149.8	10.615	0.0005	1466.565	1.5969	5.4464	2341.901	0.6689	1.276
3.682	 3	150.8	10.889	0.0	111.9761	1.3332	6.0647	149.2879	0.8218	1.4887
3.692	 4	0.1	10.893	0.0	112.0172	0.5547	14.5623	62.1314	1.2734	1.5054
3.702	 4	1.1	10.857	0.0	111.647	1.5402	5.294	171.9596	0.7017	1.3153
3.712	 4	2.1	10.828	0.0002	1533.494	1.6355	5.0236	2508.101	0.6464	1.0659
3.722	 4	3.1	10.782	0.0001	1494.387	1.6986	4.8965	2538.292	0.6099	0.8674
3.732	 4	4.1	10.722	0.0	110.2587	1.6083	5.2545	177.3291	0.6622	0.7428
3.742	 4	5.1	10.389	0.0007	1530.72	1.6278	5.6838	2491.632	0.651	0.6729
3.752	 4	6.1	10.284	0.0079	1504.608	1.6337	5.8313	2458.048	0.6475	0.6291
3.762	 4	7.1	10.226	0.0106	1495.029	1.6261	5.9546	2431.129	0.6519	0.6035
3.772	 4	8.1	10.22	0.025	1487.844	1.6262	5.368	2419.559	0.6518	0.5874
3.782	 4	9.1	10.217	0.0209	1486.325	1.6549	5.2796	2459.65	0.6352	0.5777
3.792	 4	10.1	10.214	0.0285	1490.66	1.6458	4.7229	2453.281	0.6405	0.5709
3.802	 4	11.1	10.21	0.0316	1490.076	1.642	4.7392	2446.637	0.6427	0.5681
3.812	 4	12.1	10.209	0.0293	1489.495	1.6442	4.1423	2449.019	0.6414	0.5654
3.822	 4	13.1	10.208	0.0265	1484.8	1.6246	4.1934	2412.24	0.6528	0.5625
3.832	 4	14.1	10.209	0.0219	1484.298	1.6213	4.2009	2406.431	0.6547	0.5598
3.842	 4	15.1	10.215	0.0197	1484.091	1.6305	4.1699	2419.857	0.6493	0.5563
3.852	 4	16.1	10.228	0.0165	1482.749	1.6125	4.2012	2390.867	0.6598	0.5534
3.862	 4	17.1	10.233	0.0129	1481.112	1.6177	3.5842	2396.064	0.6568	0.5517
3.872	 4	18.1	10.243	0.0106	1482.344	1.6314	3.5443	2418.231	0.6489	0.5507
3.882	 4	19.1	10.248	0.0108	1482.854	1.6227	3.5583	2406.153	0.6539	0.5503
3.892	 4	20.1	10.242	0.0106	1482.844	1.6306	3.5469	2417.974	0.6493	0.5511
3.902	 4	21.1	10.242	0.0096	1481.985	1.6195	3.5712	2400.105	0.6557	0.553
3.912	 4	22.1	10.247	0.0094	1481.851	1.6378	3.5264	2426.977	0.6451	0.5549
3.922	 4	23.1	10.248	0.0066	1479.642	1.6457	3.5086	2434.993	0.6406	0.5574
3.932	 4	24.1	10.252	0.0062	1483.647	1.6468	3.5022	2443.287	0.6399	0.5585
3.942	 4	25.1	10.252	0.0082	1483.862	1.6346	3.5283	2425.575	0.647	0.5597
3.952	 4	26.1	10.254	0.0095	1484.581	1.6492	3.4952	2448.343	0.6385	0.5581
3.962	 4	27.1	10.253	0.0097	1483.362	1.6541	3.4857	2453.693	0.6356	0.5567
3.972	 4	28.1	10.254	0.0091	1483.722	1.6217	4.1468	2406.153	0.6545	0.554
3.982	 4	29.1	10.255	0.01	1483.652	1.641	3.5117	2434.627	0.6433	0.5528
3.992	 4	30.1	10.259	0.0094	1484.016	1.6493	3.4901	2447.551	0.6385	0.5511
4.002	 4	31.1	10.254	0.009	1483.292	1.6558	4.0615	2456.017	0.6347	0.5567
4.012	 4	32.1	10.248	0.009	1483.283	1.6695	4.0349	2476.328	0.6267	0.5625
4.022	 4	33.1	10.254	0.0092	1486.087	1.6483	3.4971	2449.493	0.639	0.5668
4.032	 4	34.1	10.251	0.0087	1486.083	1.6563	4.0637	2461.357	0.6344	0.5709
4.042	 4	35.1	10.254	0.0071	1488.892	1.6367	4.1089	2436.844	0.6458	0.5725
4.052	 4	36.1	10.253	0.0088	1491.129	1.6665	4.0364	2485.033	0.6285	0.5798
4.062	 4	37.1	10.249	0.0096	1490.98	1.6416	4.6883	2447.642	0.6429	0.5918
4.072	 4	38.1	10.25	0.0099	1490.692	1.6573	4.0622	2470.581	0.6338	0.605
4.082	 4	39.1	10.25	0.0085	1489.609	1.6534	4.6535	2462.956	0.6361	0.6136
4.092	 4	40.1	10.256	0.0095	1489.399	1.6322	4.1178	2431.042	0.6484	0.6185
4.102	 4	41.1	10.255	0.0094	1484.941	1.6431	4.0918	2439.833	0.6421	0.6244
4.112	 4	42.1	10.251	0.0096	1483.073	1.6363	4.701	2426.714	0.646	0.6234
4.122	 4	43.1	10.252	0.0094	1481.931	1.6507	4.0763	2446.226	0.6376	0.6236
4.132	 4	44.1	10.257	0.0084	1483.512	1.6475	4.0784	2444.089	0.6395	0.6242
4.142	 4	45.1	10.252	0.0093	1482.36	1.6358	4.1133	2424.872	0.6463	0.6235
4.152	 4	46.1	10.254	0.008	1483.292	1.6438	4.6755	2438.246	0.6416	0.6245
4.162	 4	47.1	10.263	0.0074	1484.809	1.654	4.6348	2455.926	0.6357	0.6244
4.172	 4	48.1	10.264	0.0074	1484.524	1.653	4.6365	2453.876	0.6363	0.6254
4.182	 4	49.1	10.272	0.0071	1485.037	1.646	2.9036	2444.36	0.6404	0.6238
4.192	 4	50.1	10.272	0.0065	1485.681	1.6394	4.6643	2435.686	0.6442	0.6247
4.202	 4	51.1	10.273	0.0065	1485.826	1.6378	5.2511	2433.482	0.6451	0.6216
4.212	 4	52.1	10.273	0.0064	1486.471	1.6482	4.6381	2450.038	0.6391	0.6243
4.222	 4	53.1	10.264	0.0061	1485.383	1.6389	5.2608	2434.45	0.6445	0.624
4.232	 4	54.1	10.255	0.0066	1484.941	1.646	5.2513	2444.259	0.6404	0.6262
4.242	 4	55.1	10.258	0.0056	1485.375	1.6841	5.1282	2501.577	0.6182	0.6266
4.252	 4	56.1	10.277	0.0067	1487.695	1.6648	5.1602	2476.686	0.6295	0.6276
4.262	 4	57.1	10.293	0.0072	1492.821	1.6498	5.1837	2462.876	0.6382	0.6294
4.272	 4	58.1	10.297	0.0063	1493.834	1.6582	5.1517	2477.095	0.6333	0.6309
4.282	 4	59.1	10.297	0.0076	1494.919	1.6622	5.1395	2484.785	0.631	0.6319
4.292	 4	60.1	10.297	0.007	1495.57	1.66	5.1461	2482.691	0.6322	0.633
4.302	 4	61.1	10.298	0.0076	1495.932	1.6547	5.7346	2475.362	0.6353	0.6359
4.312	 4	62.1	10.298	0.0069	1497.238	1.6451	5.7681	2463.135	0.6409	0.6387
4.322	 4	63.1	10.287	0.0072	1493.033	1.6332	5.8281	2438.427	0.6478	0.6401
4.332	 4	64.1	10.287	0.0079	1487.42	1.6496	5.1932	2453.612	0.6383	0.6426
4.342	 4	65.1	10.278	0.0082	1487.409	1.6397	5.2378	2438.862	0.644	0.6441
4.352	 4	66.1	10.277	0.0084	1487.911	1.6404	5.2368	2440.806	0.6436	0.6461
4.362	 4	67.1	10.282	0.0082	1488.419	1.6432	5.2207	2445.768	0.642	0.6468
4.372	 4	68.1	10.273	0.0085	1487.762	1.6485	5.217	2452.612	0.6389	0.6457
4.382	 4	69.1	10.27	0.0069	1487.113	1.6705	5.1527	2484.208	0.6262	0.6443
4.392	 4	70.1	10.26	0.0071	1489.763	1.6554	5.2142	2466.186	0.6349	0.6432
4.402	 4	71.1	10.255	0.008	1489.686	1.6577	5.2143	2469.507	0.6336	0.642
4.412	 4	72.1	10.244	0.0097	1488.953	1.6583	5.2286	2469.145	0.6332	0.641
4.422	 4	73.1	10.246	0.008	1489.677	1.6855	5.1414	2510.838	0.6175	0.6397
4.432	 4	74.1	10.229	0.0088	1488.721	1.661	5.2421	2472.829	0.6316	0.6383
4.442	 4	75.1	10.228	0.0089	1489.442	1.6642	5.2336	2478.779	0.6298	0.6366
4.452	 4	76.1	10.219	0.0093	1487.482	1.6581	5.8513	2466.451	0.6333	0.6341
4.462	 4	77.1	10.224	0.0098	1488.643	1.6543	5.8565	2462.693	0.6355	0.6258
4.472	 4	78.1	10.218	0.0089	1487.986	1.6395	5.9195	2439.529	0.6442	0.6192
4.482	 4	79.1	10.215	0.0095	1487.549	1.6633	5.8396	2474.269	0.6303	0.6148
4.492	 4	80.1	10.205	0.0103	1492.395	1.671	6.4121	2493.832	0.6259	0.6132
4.502	 4	81.1	10.2	0.0097	1496.479	1.69	6.3491	2529.03	0.6149	0.6125
4.512	 4	82.1	10.201	0.0111	1493.558	1.6873	6.3572	2520.146	0.6164	0.614
4.522	 4	83.1	10.207	0.0106	1491.379	1.6674	7.0064	2486.656	0.628	0.6121
4.532	 4	84.1	10.202	0.0104	1490.867	1.6552	7.0679	2467.657	0.635	0.6125
4.542	 4	85.1	10.202	0.0103	1488.908	1.6657	7.6084	2480.137	0.6289	0.6108
4.552	 4	86.1	10.201	0.0096	1488.328	1.6565	7.6528	2465.485	0.6343	0.6161
4.562	 4	87.1	10.203	0.0101	1487.969	1.6601	8.219	2470.23	0.6322	0.62
4.572	 4	88.1	10.207	0.0106	1491.161	1.6646	5.8483	2482.222	0.6296	0.6241
4.582	 4	89.1	10.22	0.0104	1492.625	1.668	8.1412	2489.646	0.6276	0.6292
4.592	 4	90.1	10.217	0.0096	1489.142	1.6579	8.1978	2468.79	0.6335	0.6317
4.602	 4	91.1	10.225	0.009	1489.005	1.6745	8.6766	2493.295	0.6239	0.6373
4.612	 4	92.1	10.22	0.0082	1487.844	1.6658	8.1516	2478.509	0.6289	0.6412
4.622	 4	93.1	10.226	0.0059	1487.635	1.67	8.1174	2484.395	0.6264	0.6382
4.632	 4	94.1	10.226	0.0075	1491.54	1.7044	7.9537	2542.199	0.6065	0.6408
4.642	 4	95.1	10.232	0.0074	1493.941	1.7056	7.9346	2548.09	0.6058	0.6427
4.652	 4	96.1	10.24	0.0074	1497.514	1.7112	7.8907	2562.601	0.6025	0.6443
4.662	 4	97.1	10.236	0.0071	1504.409	1.7276	7.2661	2598.958	0.5931	0.6452
4.672	 4	98.1	10.236	0.004	1512.411	1.8319	7.3793	2770.593	0.5325	0.6441
4.682	 4	99.1	10.231	0.0024	1530.899	1.7958	7.5381	2749.25	0.5535	0.6443
4.692	 4	100.1	10.236	0.0051	1511.295	1.6868	7.4415	2549.295	0.6167	0.6422
4.702	 4	101.1	10.242	0.0067	1495.182	1.6744	7.4839	2503.6	0.6239	0.6372
4.712	 4	102.1	10.24	0.006	1494.672	1.6617	7.5456	2483.663	0.6313	0.6353
4.722	 4	103.1	10.237	0.0053	1489.451	1.6753	6.9146	2495.222	0.6234	0.6319
4.732	 4	104.1	10.235	0.0046	1489.377	1.6649	6.9615	2479.685	0.6294	0.6324
4.742	 4	105.1	10.229	0.0055	1493.939	1.6723	6.364	2498.294	0.6251	0.6328
4.752	 4	106.1	10.231	0.0053	1493.141	1.6802	6.3303	2508.833	0.6205	0.6325
4.762	 4	107.1	10.23	0.0057	1494.74	1.6773	5.7664	2507.171	0.6222	0.6306
4.772	 4	108.1	10.23	0.0063	1492.995	1.6585	5.832	2476.08	0.6331	0.6302
4.782	 4	109.1	10.225	0.0061	1487.922	1.6769	5.1983	2495.128	0.6224	0.6291
4.792	 4	110.1	10.229	0.0044	1488.287	1.6717	5.2088	2487.935	0.6255	0.6291
4.802	 4	111.1	10.235	0.0054	1489.594	1.6601	4.6545	2472.829	0.6322	0.6287
4.812	 4	112.1	10.231	0.0051	1487.496	1.6487	4.6919	2452.43	0.6388	0.6285
4.822	 4	113.1	10.225	0.0052	1487.273	1.6479	4.7022	2450.834	0.6393	0.6276
4.832	 4	114.1	10.234	0.0046	1490.75	1.6678	4.6342	2486.291	0.6277	0.6293
4.842	 4	115.1	10.231	0.0041	1493.359	1.6781	4.6097	2505.985	0.6218	0.6299
4.852	 4	116.1	10.231	0.0071	1498.608	1.6846	4.018	2524.492	0.618	0.6333
4.862	 4	117.1	10.225	0.0072	1497.072	1.7125	3.9592	2563.702	0.6018	0.6374
4.872	 4	118.1	10.225	0.005	1501.027	1.6748	4.0483	2513.885	0.6237	0.6411
4.882	 4	119.1	10.226	0.0094	1497.437	1.6829	4.0276	2520.052	0.619	0.6473
4.892	 4	120.1	10.226	0.0124	1496.78	1.6618	4.0787	2487.398	0.6312	0.6433
4.902	 4	121.1	10.23	0.0116	1497.804	1.6829	3.4485	2520.608	0.619	0.6444
4.912	 4	122.1	10.23	0.0107	1497.146	1.6618	3.4922	2487.939	0.6312	0.6442
4.922	 4	123.1	10.225	0.0107	1495.539	1.6548	3.512	2474.758	0.6353	0.64
4.932	 4	124.1	10.236	0.0099	1497.586	1.659	4.0742	2484.496	0.6328	0.6403
4.942	 4	125.1	10.246	0.0107	1497.515	1.6689	3.4617	2499.207	0.6271	0.6396
4.952	 4	126.1	10.244	0.0103	1495.038	1.643	4.1045	2456.39	0.6421	0.6405
4.962	 4	127.1	10.249	0.0116	1495.768	1.6404	4.1052	2453.724	0.6436	0.6393
4.972	 4	128.1	10.25	0.0102	1493.516	1.6637	4.0467	2484.748	0.6301	0.6374
4.982	 4	129.1	10.249	0.0097	1496.423	1.6742	4.0224	2505.341	0.624	0.6353
4.992	 4	130.1	10.259	0.0085	1496.79	1.665	4.0334	2492.1	0.6294	0.6583
5.002	 4	131.1	10.258	0.0092	1495.553	1.6563	4.6349	2477.155	0.6344	0.6637
5.012	 4	132.1	10.263	0.0082	1493.234	1.6649	4.6045	2486.118	0.6294	0.6699
5.022	 4	133.1	10.261	0.0065	1492.943	1.6659	4.6045	2487.026	0.6289	0.6708
5.032	 4	134.1	10.261	0.0085	1493.378	1.675	4.5793	2501.438	0.6235	0.6701
5.042	 4	135.1	10.266	0.0087	1494.976	1.6791	5.132	2510.247	0.6212	0.6679
5.052	 4	136.1	10.27	0.0071	1495.341	1.6641	5.1725	2488.382	0.6299	0.6678
5.062	 4	137.1	10.291	0.0083	1497.09	1.6714	5.1198	2502.179	0.6257	0.6689
5.072	 4	138.1	10.308	0.008	1496.516	1.6537	5.1498	2474.827	0.6359	0.6653
5.082	 4	139.1	10.329	0.0059	1499.564	1.667	5.0788	2499.841	0.6282	0.666
5.092	 4	140.1	10.339	0.0054	1505.168	1.6515	5.1124	2485.75	0.6372	0.6719
5.102	 4	141.1	10.459	0.0022	1509.017	1.634	5.5537	2465.764	0.6473	0.6845
5.112	 4	142.1	10.504	0.0019	1517.7	1.6339	5.4861	2479.731	0.6474	0.7055
5.122	 4	143.1	10.542	0.0001	1502.351	1.6542	5.3626	2485.247	0.6356	0.7359
5.132	 4	144.1	10.585	0.0008	1511.279	1.6294	5.3811	2462.501	0.65	0.7753
5.142	 4	145.1	10.572	0.0005	1491.535	1.6489	5.3362	2459.444	0.6387	0.8449
5.152	 4	146.1	10.528	0.0024	1523.589	1.6577	4.8348	2525.596	0.6336	0.9839
5.162	 4	147.1	10.529	0.0012	1504.573	1.6306	5.4597	2453.344	0.6493	1.2413
5.172	 4	148.1	10.524	0.0016	1511.635	1.608	4.9894	2430.766	0.6624	1.575
5.182	 4	149.1	10.8	0.0	111.0608	1.3358	5.5768	148.3574	0.8203	1.8042
5.192	 4	150.1	10.826	0.0	111.3282	0.5929	12.4797	66.0014	1.2512	1.7744
5.202	 5	0.8	10.822	0.0	111.2871	1.3794	5.9658	153.511	0.795	1.5662
5.212	 5	1.8	10.817	0.0	111.2356	1.6009	5.6619	178.0802	0.6665	1.2799
5.222	 5	2.8	10.785	0.0001	1498.541	1.6113	6.189	2414.608	0.6605	1.0345
5.232	 5	3.8	10.739	0.0001	1487.19	1.6161	6.2465	2403.48	0.6577	0.8706
5.242	 5	4.8	10.534	0.0	108.3254	1.6415	7.0408	177.8184	0.643	0.78
5.252	 5	5.8	10.236	0.0039	1515.995	1.6921	7.4183	2565.228	0.6136	0.7326
5.262	 5	6.8	10.186	0.011	1509.037	1.6837	8.1433	2540.69	0.6185	0.707
5.272	 5	7.8	10.178	0.0309	1505.176	1.6887	8.1375	2541.759	0.6156	0.697
5.282	 5	8.8	10.178	0.0275	1513.232	1.7083	8.6184	2585.125	0.6042	0.6918
5.292	 5	9.8	10.178	0.0274	1517.293	1.7178	9.1421	2606.466	0.5987	0.6892
5.302	 5	10.8	10.175	0.0394	1513.236	1.7082	9.2014	2584.94	0.6043	0.6878
5.312	 5	11.8	10.173	0.034	1507.781	1.713	9.7549	2582.792	0.6015	0.686
5.322	 5	12.8	10.178	0.029	1508.299	1.714	9.7351	2585.273	0.6009	0.6821
5.332	 5	13.8	10.178	0.0302	1508.075	1.6949	10.4242	2556.012	0.612	0.6797
5.342	 5	14.8	10.192	0.0285	1509.255	1.6979	10.3648	2562.49	0.6103	0.6788
5.352	 5	15.8	10.198	0.0208	1509.026	1.71	10.8442	2580.494	0.6032	0.6779
5.362	 5	16.8	10.203	0.0235	1508.65	1.6995	10.8963	2563.885	0.6094	0.6775
5.372	 5	17.8	10.213	0.0249	1507.231	1.6944	10.8982	2553.792	0.6123	0.6733
5.382	 5	18.8	10.223	0.0208	1505.818	1.6874	11.4865	2540.953	0.6163	0.6697
5.392	 5	19.8	10.229	0.0217	1507.59	1.6659	11.6153	2511.48	0.6288	0.6653
5.402	 5	20.8	10.233	0.0222	1509.515	1.6901	11.4359	2551.254	0.6148	0.6633
5.412	 5	21.8	10.238	0.0211	1511.144	1.6908	11.9856	2555.109	0.6144	0.6601
5.422	 5	22.8	10.239	0.021	1508.175	1.6947	11.9548	2555.949	0.6121	0.657
5.432	 5	23.8	10.238	0.0214	1507.361	1.6874	12.0099	2543.564	0.6163	0.6543
5.442	 5	24.8	10.244	0.0186	1507.135	1.7058	11.8603	2570.91	0.6057	0.6544
5.452	 5	25.8	10.249	0.0172	1507.427	1.6804	12.0231	2533.029	0.6204	0.6536
5.462	 5	26.8	10.244	0.0164	1507.357	1.7166	11.2246	2587.54	0.5994	0.6539
5.472	 5	27.8	10.251	0.0182	1508.831	1.7003	11.3102	2565.398	0.6089	0.6566
5.482	 5	28.8	10.245	0.0177	1508.392	1.6984	11.3415	2561.894	0.61	0.6606
5.492	 5	29.8	10.251	0.0178	1509.72	1.6899	11.3792	2551.341	0.6149	0.6618
5.502	 5	30.8	10.247	0.0179	1508.465	1.7101	5.0661	2579.577	0.6032	0.666
5.512	 5	31.8	10.249	0.0174	1509.426	1.7066	10.711	2575.942	0.6052	0.6728
5.522	 5	32.8	10.249	0.0154	1509.87	1.7097	10.1285	2581.477	0.6034	0.6764
5.532	 5	33.8	10.247	0.0155	1509.576	1.6981	9.6367	2563.404	0.6102	0.6798
5.542	 5	34.8	10.244	0.014	1509.356	1.7055	9.0381	2574.222	0.6059	0.6816
5.552	 5	35.8	10.248	0.0127	1509.945	1.7004	8.4889	2567.57	0.6088	0.6863
5.562	 5	36.8	10.239	0.0133	1513.078	1.6975	8.525	2568.515	0.6105	0.6923
5.572	 5	37.8	10.239	0.013	1510.4	1.7029	7.9317	2572.025	0.6074	0.6995
5.582	 5	38.8	10.234	0.0134	1506.995	1.6896	8.0051	2546.278	0.6151	0.7117
5.592	 5	39.8	10.237	0.0127	1506.771	1.7035	7.3665	2566.82	0.607	0.718
5.602	 5	40.8	10.234	0.0138	1508.105	1.6875	7.4429	2544.878	0.6163	0.7273
5.612	 5	41.8	10.233	0.0159	1507.958	1.6895	6.8641	2547.686	0.6151	0.7286
5.622	 5	42.8	10.229	0.019	1506.258	1.6883	6.3036	2543.005	0.6158	0.7304
5.632	 5	43.8	10.229	0.0113	1504.044	1.6665	5.8055	2506.486	0.6285	0.7355
5.642	 5	44.8	10.224	0.008	1502.866	1.6661	5.2336	2503.922	0.6287	0.7386
5.652	 5	45.8	10.224	0.0091	1503.972	1.6707	5.2193	2512.629	0.6261	0.7385
5.662	 5	46.8	10.224	0.0123	1505.3	1.6756	4.6258	2522.21	0.6232	0.7386
5.672	 5	47.8	10.218	0.0152	1509.752	1.7165	4.5231	2591.505	0.5995	0.7358
5.682	 5	48.8	10.229	0.0128	1516.306	1.7394	4.4497	2637.499	0.5862	0.7344
5.692	 5	49.8	10.23	0.0171	1515.78	1.7047	4.5391	2583.935	0.6063	0.7392
5.702	 5	50.8	10.228	0.0141	1514.138	1.7497	3.8717	2649.326	0.5802	0.7384
5.712	 5	51.8	10.232	0.0131	1515.852	1.7047	3.9695	2584.03	0.6063	0.7341
5.722	 5	52.8	10.234	0.0118	1511.669	1.6865	3.4371	2549.488	0.6169	0.725
5.732	 5	53.8	10.241	0.0128	1504.26	1.6477	3.5112	2478.545	0.6394	0.7175
5.742	 5	54.8	10.245	0.0117	1495.62	1.6476	3.5073	2464.241	0.6394	0.704
5.752	 5	55.8	10.263	0.0115	1494.974	1.6412	3.5034	2453.516	0.6432	0.6936
5.762	 5	56.8	10.271	0.0096	1494.398	1.6287	3.5223	2433.882	0.6504	0.6864
5.772	 5	57.8	10.295	0.0082	1498.326	1.6275	3.5012	2438.55	0.6511	0.6834
5.782	 5	58.8	10.299	0.0072	1498.69	1.6357	3.4797	2451.46	0.6463	0.6839
5.792	 5	59.8	10.305	0.0079	1500.0	1.618	3.5119	2427.057	0.6566	0.6829
5.802	 5	60.8	10.3	0.0072	1497.746	1.6335	2.9029	2446.575	0.6476	0.6774
5.812	 5	61.8	10.298	0.0071	1498.327	1.6226	3.5088	2431.25	0.6539	0.6753
5.822	 5	62.8	10.3	0.007	1499.054	1.6385	3.4728	2456.264	0.6447	0.6744
5.832	 5	63.8	10.29	0.0074	1500.875	1.6381	2.903	2458.517	0.645	0.6793
5.842	 5	64.8	10.29	0.0074	1500.0	1.6283	2.9203	2442.459	0.6506	0.68
5.852	 5	65.8	10.285	0.0073	1498.616	1.64	2.9035	2457.791	0.6438	0.6829
5.862	 5	66.8	10.283	0.0083	1497.452	1.6168	3.5362	2421.134	0.6573	0.6838
5.872	 5	67.8	10.276	0.0064	1498.833	1.6565	2.882	2482.756	0.6343	0.6847
5.882	 5	68.8	10.27	0.0052	1495.994	1.625	3.5313	2431.013	0.6525	0.6828
5.892	 5	69.8	10.264	0.0103	1498.175	1.6324	3.5211	2445.668	0.6482	0.6808
5.902	 5	70.8	10.259	0.0099	1497.227	1.6469	3.4952	2465.757	0.6399	0.6805
5.912	 5	71.8	10.255	0.0142	1499.708	1.6368	3.5206	2454.75	0.6457	0.6791
5.922	 5	72.8	10.249	0.0152	1500.586	1.6521	3.494	2479.094	0.6368	0.6761
5.932	 5	73.8	10.238	0.0131	1501.833	1.6467	3.5163	2473.03	0.64	0.6723
5.942	 5	74.8	10.244	0.0139	1500.952	1.6511	3.501	2478.209	0.6374	0.6701
5.952	 5	75.8	10.233	0.0143	1502.202	1.6565	3.5004	2488.356	0.6343	0.6681
5.962	 5	76.8	10.227	0.0073	1497.365	1.6565	3.5062	2480.446	0.6343	0.666
5.972	 5	77.8	10.228	0.0071	1497.511	1.629	3.5644	2439.513	0.6502	0.6643
5.982	 5	78.8	10.213	0.0102	1495.753	1.6409	3.5537	2454.35	0.6433	0.6622
5.992	 5	79.8	10.198	0.0071	1492.682	1.6359	3.5797	2441.875	0.6462	0.6618
6.002	 5	80.8	10.2	0.0073	1498.898	1.6522	3.5423	2476.494	0.6368	0.6601
6.012	 5	81.8	10.193	0.0124	1500.736	1.6645	3.5232	2497.953	0.6296	0.6629
6.022	 5	82.8	10.188	0.0139	1499.558	1.6629	4.1202	2493.589	0.6306	0.6634
6.032	 5	83.8	10.18	0.0125	1499.485	1.6822	4.0821	2522.402	0.6194	0.6664
6.042	 5	84.8	10.173	0.0097	1504.214	1.683	4.0882	2531.636	0.6189	0.6706
6.052	 5	85.8	10.168	0.0109	1497.717	1.6829	4.0942	2520.559	0.6189	0.6749
6.062	 5	86.8	10.168	0.0108	1497.055	1.6692	4.128	2498.862	0.6269	0.6803
6.072	 5	87.8	10.163	0.01	1500.295	1.7008	4.0569	2551.729	0.6086	0.6847
6.082	 5	88.8	10.163	0.0102	1503.847	1.7197	4.5855	2586.225	0.5976	0.6824
6.092	 5	89.8	10.158	0.0075	1512.282	1.7311	4.5618	2617.973	0.591	0.6867
6.102	 5	90.8	10.163	0.0061	1515.508	1.709	4.0376	2589.968	0.6038	0.6858
6.112	 5	91.8	10.163	0.0069	1505.853	1.6743	4.1213	2521.199	0.624	0.6866
6.122	 5	92.8	10.167	0.0075	1499.557	1.6645	4.1407	2496.016	0.6296	0.6891
6.132	 5	93.8	10.169	0.0069	1498.085	1.6818	4.0957	2519.549	0.6196	0.6847
6.142	 5	94.8	10.168	0.0068	1496.835	1.6728	4.7074	2503.957	0.6248	0.6821
6.152	 5	95.8	10.17	0.0056	1495.588	1.6771	4.1062	2508.226	0.6223	0.6814
6.162	 5	96.8	10.174	0.0058	1499.042	1.6746	4.1076	2510.283	0.6238	0.679
6.172	 5	97.8	10.178	0.0056	1505.844	1.6678	4.7081	2511.519	0.6277	0.6786
6.182	 5	98.8	10.183	0.0036	1502.804	1.6956	4.6244	2548.166	0.6116	0.6815
6.192	 5	99.8	10.194	0.0065	1504.65	1.7	4.5981	2557.931	0.609	0.6822
6.202	 5	100.8	10.199	0.0027	1512.756	1.7242	4.5272	2608.265	0.595	0.6835
6.212	 5	101.8	10.204	0.0029	1512.6	1.7087	4.5617	2584.607	0.604	0.6826
6.222	 5	102.8	10.211	0.0062	1511.397	1.6875	4.6098	2550.554	0.6163	0.6764
6.232	 5	103.8	10.207	0.0047	1501.913	1.696	4.5921	2547.213	0.6114	0.6713
6.242	 5	104.8	10.206	0.0058	1501.324	1.6721	5.2414	2510.337	0.6252	0.669
6.252	 5	105.8	10.204	0.004	1501.913	1.6501	4.7239	2478.258	0.638	0.6687
6.262	 5	106.8	10.205	0.0021	1501.619	1.6487	5.3172	2475.735	0.6388	0.6686
6.272	 5	107.8	10.193	0.0013	1496.769	1.6831	4.6456	2519.227	0.6188	0.6681
6.282	 5	108.8	10.195	0.0029	1515.985	1.6745	4.6668	2538.513	0.6238	0.6674
6.292	 5	109.8	10.198	0.0018	1507.242	1.6427	5.3473	2475.946	0.6423	0.6695
6.302	 5	110.8	10.19	0.0014	1517.272	1.6505	5.9266	2504.319	0.6377	0.6717
6.312	 5	111.8	10.197	0.0032	1510.219	1.6644	5.2789	2513.665	0.6297	0.6745
6.322	 5	112.8	10.188	0.0023	1508.886	1.6614	5.3022	2506.822	0.6315	0.6762
6.332	 5	113.8	10.197	0.0019	1509.548	1.6578	5.3001	2502.526	0.6335	0.6759
6.342	 5	114.8	10.193	0.0008	1523.845	1.6474	5.933	2510.337	0.6396	0.6754
6.352	 5	115.8	10.193	0.001	1502.506	1.6669	5.8634	2504.541	0.6282	0.6799
6.362	 5	116.8	10.193	0.0018	1508.063	1.656	5.9019	2497.418	0.6345	0.6859
6.372	 5	117.8	10.188	0.0012	1505.319	1.6833	5.233	2533.933	0.6187	0.6917
6.382	 5	118.8	10.188	0.0009	1524.237	1.6536	5.3272	2520.412	0.636	0.6958
6.392	 5	119.8	10.187	0.0009	1512.097	1.6621	5.3012	2513.316	0.631	0.6973
6.402	 5	120.8	10.188	0.0008	1518.783	1.6581	5.3128	2518.232	0.6334	0.6967
6.412	 5	121.8	10.188	0.0003	1390.853	1.6763	4.6712	2331.431	0.6228	0.6966
6.422	 5	122.8	10.193	0.0009	1538.334	1.6651	4.6959	2561.465	0.6293	0.6979
6.432	 5	123.8	10.193	0.0005	1528.873	1.6696	4.6831	2552.673	0.6267	0.7022
6.442	 5	124.8	10.208	0.0003	1529.517	1.685	4.6209	2577.162	0.6178	0.7076
6.452	 5	125.8	10.209	0.0004	1507.086	1.6719	4.6556	2519.691	0.6254	0.7133
6.462	 5	126.8	10.214	0.0004	1514.307	1.692	4.0196	2562.23	0.6137	0.7147
6.472	 5	127.8	10.222	0.0004	1421.895	1.6586	4.6759	2358.292	0.6331	0.7165
6.482	 5	128.8	10.225	0.0002	1231.928	1.6859	4.0217	2076.852	0.6173	0.7164
6.492	 5	129.8	10.234	0.0001	1363.624	1.6767	4.6097	2286.353	0.6226	0.7157
6.502	 5	130.8	10.244	0.0002	1339.26	1.6532	4.6621	2214.052	0.6362	0.7195
6.512	 5	131.8	10.248	0.0003	1428.293	1.6668	4.6189	2380.606	0.6283	0.7546
6.522	 5	132.8	10.253	0.0003	1418.511	1.685	4.5626	2390.135	0.6178	0.7669
6.532	 5	133.8	10.266	0.0002	1439.024	1.6635	4.6045	2393.851	0.6302	0.7808
6.542	 5	134.8	10.271	0.0001	1168.753	1.6758	4.5643	1958.647	0.6231	0.7856
6.552	 5	135.8	10.281	0.0001	1369.157	1.6437	4.6406	2250.424	0.6417	0.7868
6.562	 5	136.8	10.286	0.0001	840.9779	1.6488	5.197	1386.635	0.6387	0.7911
6.572	 5	137.8	10.3	0.0	105.9191	1.6797	4.5168	177.9165	0.6208	0.7924
6.582	 5	138.8	10.336	0.0	106.2893	1.6598	5.091	176.4216	0.6324	0.7954
6.592	 5	139.8	10.365	0.0	106.5875	1.676	4.4457	178.6386	0.623	0.7966
6.602	 5	140.8	10.352	0.0	865.0456	1.6667	5.0474	1441.773	0.6284	0.7965
6.612	 5	141.8	10.363	0.0001	1297.971	1.6489	4.5213	2140.167	0.6387	0.8033
6.622	 5	142.8	10.474	0.0	107.7084	1.6368	4.4173	176.2925	0.6457	0.8041
6.632	 5	143.8	10.49	0.0003	1314.701	1.6224	4.4369	2132.933	0.6541	0.8062
6.642	 5	144.8	10.549	0.0	108.4797	1.6419	4.3141	178.113	0.6427	0.8055
6.652	 5	145.8	10.549	0.0	108.4797	1.6845	3.6795	182.729	0.6181	0.8173
6.662	 5	146.8	10.493	0.0	107.9038	1.6831	4.2734	181.6078	0.6189	0.8554
6.672	 5	147.8	10.478	0.0	107.7496	1.6325	4.4238	175.9062	0.6482	0.9397
6.682	 5	148.8	10.482	0.0	107.7907	1.6212	3.8935	174.7552	0.6547	1.0988
6.692	 5	149.8	10.504	0.0	108.0169	1.58	3.9712	170.6642	0.6787	1.352
6.702	 5	150.8	10.808	0.0	111.1431	1.4333	3.4576	159.3062	0.7637	1.6239
6.712	 6	0.2	10.825	0.0	111.3179	1.0782	4.5757	120.0277	0.9697	1.7022
6.722	 6	1.2	10.814	0.0	111.2048	1.5477	3.7298	172.1148	0.6974	1.5227
6.732	 6	2.2	10.801	0.0	111.0711	1.5977	3.6256	177.4594	0.6684	1.2428
6.742	 6	3.2	10.767	0.0	110.7215	1.5943	3.1426	176.5185	0.6704	1.0299
6.752	 6	4.2	10.71	0.0	110.1353	1.5899	3.1994	175.1057	0.6729	0.8967
6.762	 6	5.2	10.36	0.0	106.5361	1.6208	4.0279	172.6754	0.655	0.8175
6.772	 6	6.2	10.233	0.0	105.2301	1.6496	4.1009	173.5845	0.6383	0.7749
6.782	 6	7.2	10.221	0.0	105.1067	1.6488	4.1167	173.3016	0.6387	0.756
6.792	 6	8.2	10.198	0.0	104.8702	1.654	4.1305	173.4587	0.6357	0.7519
6.802	 6	9.2	10.175	0.0001	835.9349	1.683	4.0859	1406.884	0.6189	0.7496
6.812	 6	10.2	10.17	0.0001	858.4452	1.6857	4.0852	1447.066	0.6174	0.7488
6.822	 6	11.2	10.17	0.0001	1004.246	1.6676	4.7194	1674.724	0.6278	0.7477
6.832	 6	12.2	10.17	0.0001	800.9766	1.6916	4.0711	1354.897	0.6139	0.7456
6.842	 6	13.2	10.17	0.0001	844.4739	1.6661	4.7236	1407.002	0.6287	0.7514
6.852	 6	14.2	10.165	0.0	845.1115	1.6424	4.7987	1388.005	0.6425	0.7572
6.862	 6	15.2	10.164	0.0	104.5206	1.65	5.3752	172.4571	0.6381	0.762
6.872	 6	16.2	10.169	0.0	104.572	1.6513	5.3635	172.6754	0.6373	0.7592
6.882	 6	17.2	10.179	0.0	104.6748	1.6363	5.3972	171.2792	0.646	0.7503
6.892	 6	18.2	10.187	0.0	104.7571	1.6371	5.9804	171.4952	0.6455	0.7462
6.902	 6	19.2	10.195	0.0	104.8394	1.6282	5.9996	170.6949	0.6507	0.7485
6.912	 6	20.2	10.205	0.0	104.9422	1.6228	6.6028	170.2968	0.6538	0.7606
6.922	 6	21.2	10.195	0.0	104.8394	1.6355	6.5699	171.4644	0.6465	0.7745
6.932	 6	22.2	10.205	0.0	104.9422	1.633	7.1578	171.3717	0.6479	0.7836
6.942	 6	23.2	10.215	0.0	105.045	1.6561	7.6247	173.9629	0.6345	0.7838
6.952	 6	24.2	10.21	0.0	104.9936	1.6506	7.0716	173.3016	0.6377	0.7756
6.962	 6	25.2	10.215	0.0	105.045	1.6676	7.5722	175.1695	0.6279	0.7681
6.972	 6	26.2	10.215	0.0	105.045	1.677	8.1087	176.1636	0.6224	0.7687
6.982	 6	27.2	10.22	0.0	105.0965	1.6628	8.1665	174.7552	0.6306	0.7696
6.992	 6	28.2	10.216	0.0	105.0553	1.6431	8.8649	172.613	0.6421	0.7754
7.002	 6	29.2	10.21	0.0	104.9936	1.6638	8.1845	174.6916	0.63	0.7794
7.012	 6	30.2	10.21	0.0	104.9936	1.6515	9.4237	173.3958	0.6372	0.776
7.022	 6	31.2	10.205	0.0	104.9422	1.6389	9.5094	171.9906	0.6445	0.7749
7.032	 6	32.2	10.213	0.0	105.0245	1.6706	9.3078	175.4572	0.6261	0.7715
7.042	 6	33.2	10.21	0.0	104.9936	1.6593	9.9655	174.2158	0.6327	0.7718
7.052	 6	34.2	10.211	0.0	105.0039	1.6722	9.886	175.5853	0.6252	0.7818
7.062	 6	35.2	10.206	0.0	104.9525	1.673	9.8951	175.5853	0.6247	0.7948
7.072	 6	36.2	10.205	0.0	104.9422	1.7095	10.2564	179.3985	0.6035	0.806
7.082	 6	37.2	10.203	0.0	104.9216	1.6954	9.7726	177.8838	0.6117	0.8145
7.092	 6	38.2	10.204	0.0	104.9319	1.6483	10.6403	172.9567	0.6391	0.8155
7.102	 6	39.2	10.195	0.0	104.8394	1.6645	10.5637	174.5011	0.6297	0.8173
7.112	 6	40.2	10.207	0.0	104.9628	1.6658	10.5192	174.8507	0.6289	0.8246
7.122	 6	41.2	10.203	0.0	104.9216	1.641	11.2844	172.177	0.6433	0.8312
7.132	 6	42.2	10.212	0.0	105.0142	1.6717	11.049	175.5533	0.6255	0.8384
7.142	 6	43.2	10.208	0.0	104.9731	1.6569	11.1603	173.9313	0.634	0.8465
7.152	 6	44.2	10.203	0.0	104.9216	1.6653	11.1199	174.7234	0.6292	0.8491
7.162	 6	45.2	10.204	0.0	104.9319	1.6633	11.7158	174.5328	0.6303	0.8501
7.172	 6	46.2	10.198	0.0	104.8702	1.6716	11.6777	175.2973	0.6255	0.8407
7.182	 6	47.2	10.203	0.0	104.9216	1.6701	11.6711	175.2334	0.6264	0.8384
7.192	 6	48.2	10.202	0.0	104.9114	1.6928	11.5184	177.5898	0.6132	0.8387
7.202	 6	49.2	10.212	0.0	105.0142	1.6818	11.5606	176.6154	0.6196	0.8432
7.212	 6	50.2	10.213	0.0	105.0245	1.6737	12.1942	175.7777	0.6243	0.8443
7.222	 6	51.2	10.213	0.0	105.0245	1.6801	12.7259	176.4538	0.6206	0.843
7.232	 6	52.2	10.207	0.0	104.9628	1.6661	12.8545	174.8825	0.6287	0.8445
7.242	 6	53.2	10.2	0.0	104.8908	1.6813	12.1834	176.357	0.6199	0.8466
7.252	 6	54.2	10.203	0.0	104.9216	1.6511	12.3958	173.2388	0.6374	0.8525
7.262	 6	55.2	10.21	0.0	104.9936	1.6599	12.8919	174.2791	0.6323	0.8605
7.272	 6	56.2	10.225	0.0	105.1479	1.6868	12.0586	177.3617	0.6167	0.8667
7.282	 6	57.2	10.217	0.0	105.0656	1.6813	12.7026	176.6478	0.6199	0.8717
7.292	 6	58.2	10.226	0.0	105.1582	1.667	12.1983	175.2973	0.6282	0.8684
7.302	 6	59.2	10.224	0.0	105.1376	1.7019	12.524	178.9353	0.6079	0.8556
7.312	 6	60.2	10.224	0.0	105.1376	1.6737	12.1561	175.9705	0.6243	0.8402
7.322	 6	61.2	10.211	0.0	105.0039	1.6851	12.6957	176.9393	0.6177	0.8332
7.332	 6	62.2	10.22	0.0	105.0965	1.6824	12.6839	176.8096	0.6193	0.8339
7.342	 6	63.2	10.224	0.0	105.1376	1.6897	12.6143	177.6551	0.615	0.8384
7.352	 6	64.2	10.211	0.0	105.0039	1.6783	12.7469	176.228	0.6216	0.847
7.362	 6	65.2	10.206	0.0	104.9525	1.6545	12.9483	173.6475	0.6354	0.8506
7.372	 6	66.2	10.204	0.0	104.9319	1.6715	13.4071	175.3932	0.6256	0.8529
7.382	 6	67.2	10.199	0.0	104.8805	1.6889	13.2876	177.134	0.6155	0.8558
7.392	 6	68.2	10.194	0.0	104.8291	1.6622	13.5202	174.2475	0.631	0.8565
7.402	 6	69.2	10.188	0.0	104.7674	1.6632	14.1237	174.2475	0.6304	0.854
7.412	 6	70.2	10.189	0.0	104.7777	1.6893	13.9012	177.0042	0.6152	0.853
7.422	 6	71.2	10.184	0.0	104.7263	1.6803	13.9958	175.9705	0.6205	0.85
7.432	 6	72.2	10.184	0.0	104.7263	1.6806	13.9932	176.0027	0.6203	0.8452
7.442	 6	73.2	10.184	0.0	104.7263	1.6834	13.9702	176.2925	0.6187	0.835
7.452	 6	74.2	10.18	0.0	104.6851	1.6621	14.1652	173.9945	0.631	0.8289
7.462	 6	75.2	10.18	0.0	104.6851	1.6618	14.1678	173.9629	0.6312	0.8214
7.472	 6	76.2	10.18	0.0	104.6851	1.6952	13.8887	177.4594	0.6118	0.82
7.482	 6	77.2	10.175	0.0	104.6337	1.6882	13.3835	176.6478	0.6159	0.8192
7.492	 6	78.2	10.181	0.0	104.6954	1.6891	12.7734	176.842	0.6154	0.8172
7.502	 6	79.2	10.186	0.0	104.7468	1.687	13.3514	176.7125	0.6166	0.8176
7.512	 6	80.2	10.186	0.0	104.7468	1.6858	13.3612	176.5831	0.6173	0.8167
7.522	 6	81.2	10.188	0.0	104.7674	1.6923	13.3025	177.2966	0.6135	0.8153
7.532	 6	82.2	10.193	0.0	104.8188	1.685	12.7614	176.6154	0.6178	0.8074
7.542	 6	83.2	10.194	0.0	104.8291	1.6978	13.2365	177.982	0.6103	0.8025
7.552	 6	84.2	10.199	0.0	104.8805	1.6871	13.3022	176.9393	0.6166	0.7991
7.562	 6	85.2	10.204	0.0	104.9319	1.6831	13.8932	176.6154	0.6188	0.7993
7.572	 6	86.2	10.204	0.0	104.9319	1.6865	13.8652	176.9717	0.6169	0.7978
7.582	 6	87.2	10.209	0.0	104.9833	1.6866	13.8448	177.0691	0.6168	0.7944
7.592	 6	88.2	10.21	0.0	104.9936	1.6763	13.3459	176.0026	0.6228	0.7922
7.602	 6	89.2	10.215	0.0	105.045	1.6918	13.2047	177.7204	0.6138	0.7932
7.612	 6	90.2	10.226	0.0	105.1582	1.6891	13.7585	177.6225	0.6154	0.7998
7.622	 6	91.2	10.226	0.0	105.1582	1.6879	13.1949	177.492	0.6161	0.8077
7.632	 6	92.2	10.226	0.0	105.1582	1.6817	13.2434	176.842	0.6197	0.8114
7.642	 6	93.2	10.22	0.0	105.0965	1.7016	13.1102	178.8363	0.6081	0.8152
7.652	 6	94.2	10.22	0.0	105.0965	1.6741	13.9055	175.9383	0.6241	0.8132
7.662	 6	95.2	10.221	0.0	105.1067	1.6912	13.1876	177.753	0.6142	0.812
7.672	 6	96.2	10.22	0.0	105.0965	1.6753	13.8954	176.067	0.6234	0.811
7.682	 6	97.2	10.221	0.0	105.1067	1.656	14.0532	174.0577	0.6346	0.8069
7.692	 6	98.2	10.215	0.0	105.045	1.6832	13.8498	176.8096	0.6188	0.8033
7.702	 6	99.2	10.209	0.0	104.9833	1.6786	13.9109	176.228	0.6214	0.7983
7.712	 6	100.2	10.203	0.0	104.9216	1.6704	14.0028	175.2653	0.6262	0.7974
7.722	 6	101.2	10.203	0.0	104.9216	1.6741	13.39	175.6494	0.6241	0.8046
7.732	 6	102.2	10.198	0.0	104.8702	1.7094	13.132	179.2659	0.6036	0.8133
7.742	 6	103.2	10.203	0.0	104.9216	1.6932	13.2388	177.6551	0.613	0.8192
7.752	 6	104.2	10.207	0.0	104.9628	1.6975	13.1902	178.1785	0.6105	0.8238
7.762	 6	105.2	10.206	0.0	104.9525	1.7002	13.1732	178.4412	0.6089	0.8269
7.772	 6	106.2	10.208	0.0	104.9731	1.6933	13.2193	177.7531	0.6129	0.8256
7.782	 6	107.2	10.207	0.0	104.9628	1.7032	14.2897	178.7703	0.6072	0.8265
7.792	 6	108.2	10.213	0.0	105.0245	1.6863	14.4084	177.1016	0.617	0.8261
7.802	 6	109.2	10.217	0.0	105.0656	1.6621	14.6017	174.6281	0.631	0.8279
7.812	 6	110.2	10.217	0.0	105.0656	1.6869	14.3872	177.2316	0.6167	0.8262
7.822	 6	111.2	10.211	0.0	105.0039	1.6789	15.059	176.2925	0.6213	0.8262
7.832	 6	112.2	10.211	0.0	105.0039	1.6646	15.1887	174.787	0.6296	0.8568
7.842	 6	113.2	10.21	0.0	104.9936	1.6708	14.5541	175.4252	0.626	0.8714
7.852	 6	114.2	10.225	0.0	105.1479	1.6668	14.5271	175.2653	0.6283	0.8721
7.862	 6	115.2	10.223	0.0	105.1273	1.6684	14.5219	175.3932	0.6274	0.8694
7.872	 6	116.2	10.23	0.0	105.1993	1.6718	14.4635	175.8741	0.6254	0.8646
7.882	 6	117.2	10.236	0.0	105.261	1.6718	13.8621	175.9705	0.6254	0.8556
7.892	 6	118.2	10.245	0.0	105.3535	1.681	13.7507	177.1016	0.6201	0.8511
7.902	 6	119.2	10.269	0.0	105.6003	1.6459	13.9499	173.8051	0.6404	0.8491
7.912	 6	120.2	10.275	0.0	105.662	1.6795	13.079	177.4594	0.6209	0.8544
7.922	 6	121.2	10.293	0.0	105.8472	1.6625	13.1463	175.9705	0.6308	0.8604
7.932	 6	122.2	10.304	0.0	105.9603	1.6702	13.6129	176.9717	0.6264	0.8621
7.942	 6	123.2	10.439	0.0	107.3485	1.6456	12.7539	176.6478	0.6406	0.861
7.952	 6	124.2	10.481	0.0	107.7804	1.6208	12.8	174.6917	0.655	0.862
7.962	 6	125.2	10.496	0.0	107.9347	1.6469	12.0004	177.7531	0.6399	0.8739
7.972	 6	126.2	10.522	0.0	108.202	1.638	11.9801	177.2316	0.645	0.9009
7.982	 6	127.2	10.508	0.0	108.0581	1.4363	13.0911	155.2044	0.762	0.9613
7.992	 6	128.2	10.512	0.0	108.0992	1.5742	10.7947	170.1747	0.682	1.0752
8.002	 6	129.2	10.519	0.0	108.1712	1.6304	9.8558	176.357	0.6494	1.2789
8.012	 6	130.2	10.497	0.0	107.945	1.5982	8.4288	172.5194	0.6681	1.6579
8.022	 6	131.2	10.49	0.0	107.873	1.6334	6.6106	176.1958	0.6477	2.2396
8.032	 6	132.2	10.454	0.0	107.5028	1.1266	7.2597	121.1097	0.9417	2.9053
