Geotek MSCL 7.9 - TN336_TC49-60_massMS.out created at 4:29:58 on 1/29/2016.


Processing Parameters

CT	RCT=11.45	W=1.27
PWAmp	A=1	B=0
PWVel	PTO=27.44
Den1	A=5.8049E-04	B=-.091106	C=9.7911
MS1	A=1	B=0	Den=1	LD=14	
FP	MGD=2.75	WD=1.026	
RES	A=551.3501	B=-1.099499	p=0	


SB DEPTH	SECT NUM	SECT DEPTH	CT	PWAmp	PWVel	Den1	MS1	Imp	FP	RES
m		cm	cm		m/s	g/cc	x 10^-8 (m^3/kg)			Ohm.m

-0.638	cal sect	0.0	10.637	0.0						81.5046
-0.578	cal sect	6.0	10.44	0.0075	1513.482	1.1683			0.9175	14.7051
-0.518	cal sect	12.0	10.166	0.0182	1491.272	1.1348	-0.8679	1692.342	0.9369	14.4173
-0.458	cal sect	18.0	10.18	0.0147	1491.357	1.1489	-0.8538	1713.463	0.9287	13.5789
-0.398	cal sect	24.0	10.462	0.0008	1510.322	1.1252	-1.6117	1699.41	0.9425	10.3576
-0.338	cal sect	30.0	10.569	0.0182	1510.289	1.1367	-0.7747	1716.797	0.9358	3.5893
-0.278	cal sect	36.0	10.573	0.0048	1528.995	1.1071	-1.5891	1692.809	0.9529	0.4934
-0.218	cal sect	42.0	10.224	0.0031	1521.881	1.1434	-0.8473	1740.145	0.9319	0.3626
-0.158	cal sect	48.0	10.166	0.0308	1510.774	1.1635	-0.8465	1757.834	0.9202	0.362
-0.098	cal sect	54.0	10.252	0.0162	1510.98	1.1593	-1.6583	1751.719	0.9227	0.374
-0.038	cal sect	60.0	10.403	0.0162	1525.59	1.1764	0.7834	1794.631	0.9128	0.5021
0.002	 1	0.2	10.765	0.0	110.8012	0.7341	10.2433	81.3338	1.1693	1.119
0.012	 1	1.2	10.781	0.0007	1539.483	1.2892	7.7433	1984.774	0.8473	0.856
0.022	 1	2.2	10.809	0.0077	1536.898	1.2963	8.9186	1992.204	0.8432	0.612
0.032	 1	3.2	10.803	0.0026	1531.254	1.303	10.1563	1995.168	0.8393	0.4771
0.042	 1	4.2	10.762	0.0005	1520.701	1.3057	10.8862	1985.571	0.8378	0.4102
0.052	 1	5.2	10.358	0.0007	1521.669	1.3541	12.4048	2060.456	0.8097	0.3773
0.062	 1	6.2	10.258	0.0031	1511.419	1.3738	13.2715	2076.434	0.7982	0.3618
0.072	 1	7.2	10.213	0.0034	1507.677	1.3764	13.4162	2075.094	0.7968	0.3553
0.082	 1	8.2	10.192	0.0038	1502.58	1.3858	14.1096	2082.281	0.7913	0.3541
0.092	 1	9.2	10.175	0.0048	1495.004	1.3969	14.0648	2088.427	0.7848	0.355
0.102	 1	10.2	10.141	0.0089	1492.86	1.411	14.7625	2106.463	0.7767	0.3574
0.112	 1	11.2	10.139	0.0096	1493.445	1.4137	15.4447	2111.326	0.7751	0.3606
0.122	 1	12.2	10.136	0.0116	1494.765	1.4224	14.665	2126.205	0.77	0.3627
0.132	 1	13.2	10.141	0.0203	1492.86	1.4154	15.4178	2112.984	0.7741	0.3638
0.142	 1	14.2	10.14	0.019	1490.957	1.4153	15.4233	2110.136	0.7742	0.3638
0.152	 1	15.2	10.14	0.013	1490.738	1.4221	14.6516	2120.005	0.7702	0.3639
0.162	 1	16.2	10.151	0.0123	1492.355	1.4096	15.4368	2103.676	0.7775	0.3628
0.172	 1	17.2	10.151	0.0143	1495.654	1.4304	15.2127	2139.376	0.7654	0.3612
0.182	 1	18.2	10.155	0.0197	1493.163	1.4171	15.3381	2115.946	0.7731	0.3599
0.192	 1	19.2	10.161	0.0199	1489.446	1.4029	14.7633	2089.608	0.7814	0.3602
0.202	 1	20.2	10.166	0.0197	1490.397	1.4182	14.5834	2113.736	0.7725	0.3595
0.212	 1	21.2	10.166	0.0198	1490.179	1.3996	14.7775	2085.672	0.7833	0.3587
0.222	 1	22.2	10.176	0.0142	1487.719	1.3849	14.8921	2060.344	0.7918	0.3572
0.232	 1	23.2	10.181	0.0132	1490.411	1.4343	15.0423	2137.732	0.7632	0.3562
0.242	 1	24.2	10.186	0.0156	1490.925	1.4309	14.3726	2133.365	0.7651	0.3555
0.252	 1	25.2	10.197	0.0206	1494.504	1.4142	14.4974	2113.48	0.7748	0.3543
0.262	 1	26.2	10.201	0.0217	1490.72	1.4175	14.4468	2113.114	0.7729	0.3528
0.272	 1	27.2	10.208	0.0154	1489.349	1.4114	14.4804	2102.112	0.7764	0.3516
0.282	 1	28.2	10.206	0.0239	1492.76	1.4251	14.3492	2127.396	0.7685	0.3514
0.292	 1	29.2	10.206	0.0208	1493.197	1.4244	13.673	2126.917	0.7689	0.3494
0.302	 1	30.2	10.207	0.0194	1488.335	1.4262	14.3342	2122.711	0.7678	0.3494
0.312	 1	31.2	10.212	0.0135	1489.716	1.4041	13.8471	2091.717	0.7807	0.3559
0.322	 1	32.2	10.214	0.0161	1492.838	1.4048	13.8325	2097.131	0.7803	0.3595
0.332	 1	33.2	10.212	0.0165	1489.064	1.427	12.9436	2124.91	0.7674	0.3665
0.342	 1	34.2	10.217	0.0168	1489.359	1.4229	12.2807	2119.166	0.7698	0.3732
0.352	 1	35.2	10.215	0.0129	1486.9	1.4259	12.2619	2120.1	0.7681	0.3805
0.362	 1	36.2	10.212	0.0145	1487.112	1.4342	12.2011	2132.78	0.7632	0.386
0.372	 1	37.2	10.212	0.0153	1486.679	1.4441	11.4438	2146.967	0.7575	0.3921
0.382	 1	38.2	10.207	0.0201	1490.508	1.4245	11.6179	2123.246	0.7688	0.3973
0.392	 1	39.2	10.223	0.0197	1489.582	1.4009	11.7603	2086.769	0.7825	0.4009
0.402	 1	40.2	10.218	0.0118	1487.553	1.4237	10.9066	2117.85	0.7693	0.4057
0.412	 1	41.2	10.213	0.0123	1488.776	1.4308	10.8678	2130.166	0.7652	0.4085
0.422	 1	42.2	10.237	0.0202	1489.018	1.4374	10.0737	2140.27	0.7614	0.4109
0.432	 1	43.2	10.229	0.0137	1486.989	1.4301	10.148	2126.486	0.7656	0.4138
0.442	 1	44.2	10.238	0.0135	1485.706	1.4405	10.0492	2140.113	0.7596	0.4156
0.452	 1	45.2	10.236	0.0135	1491.911	1.4363	9.412	2142.782	0.762	0.4153
0.462	 1	46.2	10.236	0.0296	1489.306	1.4453	10.0216	2152.422	0.7568	0.4148
0.472	 1	47.2	10.231	0.0141	1489.229	1.4522	9.9874	2162.723	0.7528	0.4143
0.482	 1	48.2	10.232	0.0161	1487.858	1.4391	10.076	2141.13	0.7604	0.4135
0.492	 1	49.2	10.226	0.0093	1486.337	1.4263	9.5046	2119.944	0.7678	0.4134
0.502	 1	50.2	10.232	0.0089	1490.459	1.4506	9.996	2162.045	0.7537	0.4113
0.512	 1	51.2	10.242	0.0187	1492.133	1.4357	9.4	2142.217	0.7624	0.41
0.522	 1	52.2	10.249	0.0328	1493.805	1.4201	6.7743	2121.417	0.7714	0.4083
0.532	 1	53.2	10.259	0.0155	1491.784	1.418	9.4716	2115.386	0.7726	0.4083
0.542	 1	54.2	10.273	0.0138	1493.603	1.4161	8.7725	2115.079	0.7737	0.408
0.552	 1	55.2	10.268	0.0141	1494.179	1.431	8.693	2138.242	0.7651	0.4082
0.562	 1	56.2	10.273	0.0219	1494.907	1.4488	8.5743	2165.853	0.7547	0.4093
0.572	 1	57.2	10.275	0.0241	1494.111	1.435	8.6518	2144.098	0.7627	0.4096
0.582	 1	58.2	10.273	0.014	1494.472	1.4428	7.9478	2156.219	0.7582	0.4115
0.592	 1	59.2	10.273	0.0159	1502.779	1.4249	8.0475	2141.341	0.7686	0.4133
0.602	 1	60.2	10.264	0.0243	1497.52	1.4371	7.9997	2152.039	0.7616	0.415
0.612	 1	61.2	10.262	0.018	1495.918	1.4349	8.0165	2146.436	0.7628	0.4185
0.622	 1	62.2	10.253	0.018	1495.26	1.4374	7.3542	2149.235	0.7614	0.4212
0.632	 1	63.2	10.242	0.013	1493.438	1.4374	7.3768	2146.69	0.7614	0.4235
0.642	 1	64.2	10.237	0.0141	1494.016	1.4429	7.3593	2155.653	0.7582	0.4251
0.652	 1	65.2	10.241	0.0184	1498.318	1.4328	7.4024	2146.844	0.764	0.428
0.662	 1	66.2	10.233	0.0182	1491.474	1.4644	7.2593	2184.091	0.7457	0.4313
0.672	 1	67.2	10.23	0.0136	1489.95	1.4403	6.7152	2146.046	0.7597	0.4312
0.682	 1	68.2	10.225	0.0104	1490.742	1.4541	6.661	2167.697	0.7517	0.4332
0.692	 1	69.2	10.225	0.0099	1489.222	1.4466	6.6958	2154.243	0.7561	0.4329
0.702	 1	70.2	10.215	0.0076	1486.034	1.4522	6.6884	2158.091	0.7528	0.4337
0.712	 1	71.2	10.206	0.0106	1487.755	1.45	6.7158	2157.249	0.7541	0.4338
0.722	 1	72.2	10.206	0.0096	1490.362	1.4435	6.7461	2151.314	0.7578	0.4333
0.732	 1	73.2	10.2	0.0078	1485.365	1.4416	6.7665	2141.281	0.7589	0.4343
0.742	 1	74.2	10.201	0.0064	1482.704	1.4618	6.6708	2167.474	0.7472	0.4334
0.752	 1	75.2	10.196	0.007	1486.081	1.4514	6.7282	2156.934	0.7532	0.433
0.762	 1	76.2	10.196	0.0216	1493.263	1.4707	5.9759	2196.177	0.742	0.4323
0.772	 1	77.2	10.19	0.0146	1484.99	1.4563	6.0453	2162.615	0.7504	0.4297
0.782	 1	78.2	10.186	0.0097	1492.454	1.4765	6.6326	2203.661	0.7387	0.4292
0.792	 1	79.2	10.186	0.0337	1494.206	1.4781	6.6256	2208.557	0.7378	0.4285
0.802	 1	80.2	10.176	0.0206	1488.59	1.4749	6.6588	2195.518	0.7396	0.4292
0.812	 1	81.2	10.176	0.0176	1488.807	1.4718	6.6727	2191.254	0.7414	0.4296
0.822	 1	82.2	10.166	0.0137	1486.474	1.4692	7.3741	2183.884	0.7429	0.4315
0.832	 1	83.2	10.162	0.011	1487.195	1.4631	7.413	2175.946	0.7464	0.4311
0.842	 1	84.2	10.162	0.0152	1487.412	1.4951	7.2545	2223.818	0.7279	0.4306
0.852	 1	85.2	10.151	0.0189	1484.716	1.4729	7.387	2186.804	0.7408	0.4313
0.862	 1	86.2	10.157	0.0209	1486.463	1.4766	7.3556	2194.952	0.7386	0.4315
0.872	 1	87.2	10.152	0.0109	1486.601	1.4712	8.0654	2187.081	0.7418	0.4311
0.882	 1	88.2	10.152	0.0176	1492.063	1.4838	7.9969	2213.935	0.7345	0.4307
0.892	 1	89.2	10.157	0.0262	1486.898	1.4851	7.3134	2208.265	0.7337	0.4311
0.902	 1	90.2	10.163	0.0299	1489.739	1.4858	7.2976	2213.495	0.7333	0.432
0.912	 1	91.2	10.18	0.03	1488.74	1.4689	7.346	2186.865	0.7431	0.4334
0.922	 1	92.2	10.18	0.0235	1486.782	1.4595	6.7213	2169.988	0.7485	0.4339
0.932	 1	93.2	10.186	0.0211	1489.181	1.4587	6.7138	2172.209	0.749	0.4345
0.942	 1	94.2	10.196	0.0205	1488.902	1.4725	6.6318	2192.435	0.741	0.4355
0.952	 1	95.2	10.185	0.0282	1483.613	1.4956	6.5497	2218.948	0.7276	0.4372
0.962	 1	96.2	10.2	0.0258	1485.148	1.4908	6.543	2214.098	0.7304	0.4387
0.972	 1	97.2	10.199	0.0159	1481.551	1.4616	6.6756	2165.462	0.7473	0.4418
0.982	 1	98.2	10.201	0.0104	1483.782	1.4824	6.5785	2199.502	0.7353	0.4442
0.992	 1	99.2	10.204	0.0094	1482.708	1.4786	6.5898	2192.282	0.7375	0.4482
1.002	 1	100.2	10.216	0.0093	1487.478	1.4709	6.6016	2187.956	0.7419	0.4534
1.012	 1	101.2	10.203	0.009	1483.21	1.4826	6.5738	2198.991	0.7352	0.4575
1.022	 1	102.2	10.197	0.016	1487.961	1.4931	6.5386	2221.666	0.7291	0.4614
1.032	 1	103.2	10.207	0.017	1485.735	1.4966	6.5048	2223.558	0.727	0.4664
1.042	 1	104.2	10.212	0.0142	1487.112	1.5022	6.4715	2233.917	0.7238	0.4929
1.052	 1	105.2	10.215	0.0138	1487.766	1.467	6.6213	2182.501	0.7442	0.499
1.062	 1	106.2	10.221	0.0064	1472.554	1.463	6.6278	2154.413	0.7465	0.5002
1.072	 1	107.2	10.227	0.0028	1489.297	1.4704	7.242	2189.801	0.7423	0.5033
1.082	 1	108.2	10.232	0.0052	1487.858	1.4781	7.1938	2199.247	0.7377	0.5061
1.092	 1	109.2	10.231	0.0059	1475.058	1.4788	7.8465	2181.301	0.7374	0.5046
1.102	 1	110.2	10.259	0.0038	1477.178	1.4625	7.8718	2160.307	0.7468	0.5041
1.112	 1	111.2	10.268	0.0063	1483.601	1.4807	8.4015	2196.759	0.7363	0.5054
1.122	 1	112.2	10.3	0.0046	1492.754	1.492	8.2636	2227.141	0.7297	0.5067
1.132	 1	113.2	10.3	0.0009	1495.354	1.5033	8.2013	2247.965	0.7231	0.5102
1.142	 1	114.2	10.29	0.0007	1486.994	1.496	9.5356	2224.611	0.7274	0.5168
1.152	 1	115.2	10.484	0.0002	1401.604	1.4853	9.1021	2081.769	0.7336	0.5251
1.162	 1	116.2	10.57	0.0002	1520.645	1.4918	9.4422	2268.533	0.7298	0.5339
1.172	 1	117.2	10.553	0.0003	1508.865	1.4916	10.0804	2250.59	0.7299	0.5487
1.182	 1	118.2	10.509	0.0003	1514.483	1.508	10.6848	2283.787	0.7204	0.5772
1.192	 1	119.2	10.489	0.0003	1519.925	1.5125	10.7116	2298.814	0.7178	0.6271
1.202	 1	120.2	10.484	0.0003	1508.489	1.4982	11.4298	2260.026	0.7261	0.7263
1.212	 1	121.2	10.485	0.0003	1411.741	1.5342	11.1584	2165.937	0.7052	0.9362
1.222	 1	122.2	10.488	0.0006	1524.862	1.5579	9.8238	2375.635	0.6915	1.3519
1.232	 1	123.2	10.485	0.0024	1531.999	1.5055	8.3788	2306.455	0.7219	2.0706
1.242	 1	124.2	10.446	0.0002	1410.478	0.6741	14.861	950.8245	1.2041	2.9075
