Geotek MSCL 7.9 - TN336_JPC4-04_massMS.out created at 1:42:37 on 1/20/2016.


Processing Parameters

CT	RCT=11.45	W=1.27
PWAmp	A=1	B=0
PWVel	PTO=26.74
Den1	A=8.3722E-04	B=-.10475	C=9.9854
MS1	A=1	B=0	Den=1	LD=14	
FP	MGD=2.75	WD=1.026	
RES	A=858.6318	B=-1.165855	p=0	


SB DEPTH	SECT NUM	SECT DEPTH	CT	PWAmp	PWVel	Den1	MS1	Imp	FP	RES
m		cm	cm		m/s	g/cc	x 10^-8 (m^3/kg)			Ohm.m

-0.639	cal sect	0.0	10.747	0.0						101.5633
-0.579	cal sect	6.0	10.44	0.0142	1503.456					18.6836
-0.519	cal sect	12.0	10.225	0.0152	1485.544					17.6822
-0.459	cal sect	18.0	10.247	0.0247	1486.581					16.5711
-0.399	cal sect	24.0	10.528	0.0011	1498.221					12.9746
-0.339	cal sect	30.0	10.613	0.0094	1497.319					4.0337
-0.279	cal sect	36.0	10.496	0.024	1520.498					0.4838
-0.219	cal sect	42.0	10.22	0.0064	1513.626					0.3534
-0.159	cal sect	48.0	10.2	0.0548	1506.647					0.3554
-0.099	cal sect	54.0	10.411	0.0084	1510.592					0.3606
-0.039	cal sect	60.0	10.431	0.0053	1519.889					0.524
0.001	 1	0.1	10.825	0.0	111.3385					1.4674
0.011	 1	1.1	10.914	0.0	112.2539					1.263
0.021	 1	2.1	10.923	0.0002	1549.362					0.9778
0.031	 1	3.1	10.903	0.0015	1552.692					0.8001
0.041	 1	4.1	10.844	0.0012	1528.185					0.7118
0.051	 1	5.1	10.399	0.0002	1522.548					0.6614
0.061	 1	6.1	10.288	0.0023	1530.042					0.6334
0.071	 1	7.1	10.246	0.0058	1532.685					0.6203
0.081	 1	8.1	10.233	0.0065	1539.26					0.6208
0.091	 1	9.1	10.22	0.0203	1527.425					0.627
0.101	 1	10.1	10.225	0.0438	1515.039					0.635
0.111	 1	11.1	10.215	0.0337	1507.972					0.6387
0.121	 1	12.1	10.215	0.0202	1517.154					0.6381
0.131	 1	13.1	10.225	0.0227	1526.575					0.6414
0.141	 1	14.1	10.214	0.0214	1526.072					0.6471
0.151	 1	15.1	10.199	0.0221	1532.993					0.6538
0.161	 1	16.1	10.231	0.0174	1545.702					0.6592
0.171	 1	17.1	10.224	0.0207	1548.856					0.6679
0.181	 1	18.1	10.218	0.0316	1547.947					0.6809
0.191	 1	19.1	10.224	0.0242	1542.081					0.6941
0.201	 1	20.1	10.234	0.0212	1538.947					0.7015
0.211	 1	21.1	10.228	0.022	1542.452					0.7056
0.221	 1	22.1	10.231	0.0267	1539.654					0.708
0.231	 1	23.1	10.244	0.0176	1547.198					0.7059
0.241	 1	24.1	10.239	0.0162	1550.894					0.7084
0.251	 1	25.1	10.243	0.0349	1546.347					0.7162
0.261	 1	26.1	10.253	0.0321	1541.805					0.7261
0.271	 1	27.1	10.248	0.0294	1540.126					0.7319
0.281	 1	28.1	10.253	0.0263	1537.412					0.7319
0.291	 1	29.1	10.263	0.0197	1538.681					0.7242
0.301	 1	30.1	10.27	0.0191	1535.357					0.7285
0.311	 1	31.1	10.264	0.0156	1535.837					0.7516
0.321	 1	32.1	10.263	0.0161	1539.604					0.7584
0.331	 1	33.1	10.276	0.0161	1542.248					0.772
0.341	 1	34.1	10.273	0.0175	1544.812					0.782
0.351	 1	35.1	10.28	0.0125	1555.455					0.7933
0.361	 1	36.1	10.284	0.0184	1554.178					0.7985
0.371	 1	37.1	10.282	0.0193	1550.596					0.8083
0.381	 1	38.1	10.289	0.0136	1561.068					0.8192
0.391	 1	39.1	10.289	0.0134	1559.176					0.827
0.401	 1	40.1	10.293	0.0199	1547.122					0.8295
0.411	 1	41.1	10.292	0.0181	1543.954					0.8294
0.421	 1	42.1	10.306	0.0218	1544.896					0.8243
0.431	 1	43.1	10.306	0.0333	1544.201					0.8218
0.441	 1	44.1	10.301	0.0292	1540.452					0.8175
0.451	 1	45.1	10.296	0.0238	1547.573					0.8166
0.461	 1	46.1	10.296	0.0195	1550.135					0.8137
0.471	 1	47.1	10.285	0.0173	1556.682					0.8324
0.481	 1	48.1	10.283	0.0229	1550.746					0.8316
0.491	 1	49.1	10.31	0.0319	1541.567					0.8807
0.501	 1	50.1	10.281	0.0119	1537.921					0.8779
0.511	 1	51.1	10.271	0.0165	1552.918					0.8775
0.521	 1	52.1	10.281	0.0087	1554.195					0.8803
0.531	 1	53.1	10.291	0.0081	1549.383					0.8779
0.541	 1	54.1	10.298	0.0035	1546.943					0.8774
0.551	 1	55.1	10.302	0.0051	1549.406					0.8766
0.561	 1	56.1	10.312	0.005	1547.419					0.8846
0.571	 1	57.1	10.34	0.004	1545.128					0.8745
0.581	 1	58.1	10.375	0.0036	1560.15					0.8655
0.591	 1	59.1	10.395	0.0236	1561.749					0.8474
0.601	 1	60.1	10.598	0.0009	1565.436					0.8254
0.611	 1	61.1	10.614	0.0051	1567.799					0.8042
0.621	 1	62.1	10.598	0.0001	1584.155					0.7971
0.631	 1	63.1	10.565	0.0001	1364.106					0.8051
0.641	 1	64.1	10.538	0.0001	1459.961					0.8393
0.651	 1	65.1	10.474	0.0002	1538.258					0.9238
0.661	 1	66.1	10.502	0.0007	1493.671					1.1062
0.671	 1	67.1	10.57	0.0016	1528.34					1.4348
0.681	 1	68.1	10.788	0.0	110.958					1.8067
0.691	 1	69.1	10.817	0.0	111.2562					1.8905
0.701	 2	0.8	10.811	0.0	111.1945					1.5949
0.711	 2	1.8	10.837	0.0001	1089.365					1.2168
0.721	 2	2.8	10.812	0.0	111.2048					0.9675
0.731	 2	3.8	10.755	0.0	110.6186					0.8317
0.741	 2	4.8	10.539	0.0	108.3969					0.7639
0.751	 2	5.8	10.322	0.0004	1244.664					0.7304
0.761	 2	6.8	10.251	0.0005	1395.263					0.7136
0.771	 2	7.8	10.218	0.0036	1505.747					0.704
0.781	 2	8.8	10.22	0.0076	1508.042					0.6992
0.791	 2	9.8	10.225	0.0093	1554.424					0.6998
0.801	 2	10.8	10.221	0.0146	1573.188					0.7054
0.811	 2	11.8	10.23	0.0272	1556.841					0.7123
0.821	 2	12.8	10.241	0.0274	1539.768					0.7178
0.831	 2	13.8	10.235	0.0148	1534.023					0.7197
0.841	 2	14.8	10.245	0.0121	1530.704					0.7161
0.851	 2	15.8	10.256	0.0161	1522.565					0.7063
0.861	 2	16.8	10.262	0.0051	1502.929					0.6935
0.871	 2	17.8	10.271	0.002	1272.739					0.6792
0.881	 2	18.8	10.281	0.0007	1224.22					0.6645
0.891	 2	19.8	10.287	0.0002	1012.201					0.6528
0.901	 2	20.8	10.293	0.0002	1040.222					0.6478
0.911	 2	21.8	10.298	0.0001	1366.689					0.6414
0.921	 2	22.8	10.274	0.0001	1001.951					0.6366
0.931	 2	23.8	10.304	0.0001	1340.619					0.6284
0.941	 2	24.8	10.307	0.0001	1034.632					0.6201
0.951	 2	25.8	10.307	0.0001	1017.071					0.6162
0.961	 2	26.8	10.29	0.0001	1015.995					0.6168
0.971	 2	27.8	10.285	0.0001	1017.209					0.6169
0.981	 2	28.8	10.294	0.0001	1021.23					0.6147
0.991	 2	29.8	10.317	0.0001	1020.576					0.6136
1.001	 2	30.8	10.3	0.0001	1018.088					0.621
1.011	 2	31.8	10.294	0.0001	1011.298					0.6234
1.021	 2	32.8	10.29	0.0001	1009.814					0.6243
1.031	 2	33.8	10.294	0.0001	1040.113					0.6263
1.041	 2	34.8	10.294	0.0001	1015.588					0.6289
1.051	 2	35.8	10.305	0.0001	1016.974					0.6413
1.061	 2	36.8	10.292	0.0001	1036.455					0.6576
1.071	 2	37.8	10.287	0.0001	1039.091					0.6766
1.081	 2	38.8	10.29	0.0002	1180.317					0.6982
1.091	 2	39.8	10.285	0.0004	1183.953					0.7236
1.101	 2	40.8	10.284	0.0008	1171.165					0.7474
1.111	 2	41.8	10.301	0.001	1476.422					0.7659
1.121	 2	42.8	10.283	0.0056	1526.8					0.7798
1.131	 2	43.8	10.279	0.0083	1535.554					0.7874
1.141	 2	44.8	10.28	0.0125	1576.445					0.8026
1.151	 2	45.8	10.28	0.018	1569.945					0.8248
1.161	 2	46.8	10.275	0.0108	1565.118					0.8484
1.171	 2	47.8	10.285	0.0115	1572.149					0.8669
1.181	 2	48.8	10.311	0.0151	1577.329					0.876
1.191	 2	49.8	10.292	0.0258	1572.258					0.8786
1.201	 2	50.8	10.3	0.0275	1573.24					0.8837
1.211	 2	51.8	10.301	0.0198	1568.839					0.8881
1.221	 2	52.8	10.31	0.0079	1570.928					0.8941
1.231	 2	53.8	10.309	0.0054	1569.102					0.8914
1.241	 2	54.8	10.322	0.0049	1576.841					0.8932
1.251	 2	55.8	10.342	0.0191	1583.04					0.8946
1.261	 2	56.8	10.352	0.0353	1576.367					0.8892
1.271	 2	57.8	10.362	0.0306	1576.689					0.8838
1.281	 2	58.8	10.367	0.0286	1578.651					0.8735
1.291	 2	59.8	10.367	0.0248	1578.651					0.8695
1.301	 2	60.8	10.362	0.0253	1574.533					0.8676
1.311	 2	61.8	10.362	0.025	1572.144					0.8672
1.321	 2	62.8	10.361	0.0189	1574.859					0.8663
1.331	 2	63.8	10.355	0.0167	1572.991					0.8726
1.341	 2	64.8	10.346	0.0199	1567.101					0.8676
1.351	 2	65.8	10.346	0.0199	1572.34					0.8663
1.361	 2	66.8	10.341	0.0097	1588.235					0.8678
1.371	 2	67.8	10.326	0.0088	1606.909					0.8712
1.381	 2	68.8	10.326	0.0105	1596.228					0.8728
1.391	 2	69.8	10.327	0.0082	1596.383					0.8775
1.401	 2	70.8	10.327	0.0077	1606.565					0.8779
1.411	 2	71.8	10.321	0.0028	1598.668					0.8744
1.421	 2	72.8	10.311	0.0032	1591.695					0.865
1.431	 2	73.8	10.312	0.0018	1621.894					0.8587
1.441	 2	74.8	10.305	0.0034	1609.653					0.865
1.451	 2	75.8	10.301	0.0062	1604.017					0.8689
1.461	 2	76.8	10.296	0.0052	1615.059					0.8712
1.471	 2	77.8	10.286	0.0102	1612.479					0.876
1.481	 2	78.8	10.281	0.0118	1602.151					0.8782
1.491	 2	79.8	10.271	0.0123	1593.638					0.8757
1.501	 2	80.8	10.268	0.0109	1589.72					0.8702
1.511	 2	81.8	10.258	0.0165	1585.716					0.8668
1.521	 2	82.8	10.253	0.0118	1578.842					0.8675
1.531	 2	83.8	10.247	0.0129	1579.864					0.8621
1.541	 2	84.8	10.243	0.0121	1586.586					0.8613
1.551	 2	85.8	10.234	0.0164	1580.541					0.8582
1.561	 2	86.8	10.229	0.0096	1579.037					0.8558
1.571	 2	87.8	10.226	0.01	1583.953					0.8568
1.581	 2	88.8	10.234	0.0112	1593.585					0.8569
1.591	 2	89.8	10.251	0.0185	1591.029					0.8604
1.601	 2	90.8	10.257	0.0146	1587.034					0.8634
1.611	 2	91.8	10.263	0.0068	1579.895					0.871
1.621	 2	92.8	10.26	0.0061	1567.609					0.8683
1.631	 2	93.8	10.263	0.0058	1575.771					0.8715
1.641	 2	94.8	10.269	0.0086	1584.722					0.8736
1.651	 2	95.8	10.278	0.009	1592.501					0.8791
1.661	 2	96.8	10.279	0.0065	1591.177					0.8844
1.671	 2	97.8	10.284	0.0057	1599.627					0.882
1.681	 2	98.8	10.287	0.0081	1605.087					0.8829
1.691	 2	99.8	10.291	0.0101	1601.712					0.8735
1.701	 2	100.8	10.289	0.0053	1603.897					0.8748
1.711	 2	101.8	10.294	0.0033	1598.199					0.8698
1.721	 2	102.8	10.283	0.0077	1585.17					0.8697
1.731	 2	103.8	10.266	0.0092	1583.282					0.8725
1.741	 2	104.8	10.277	0.0084	1589.636					0.8793
1.751	 2	105.8	10.272	0.0078	1590.585					0.8815
1.761	 2	106.8	10.273	0.0069	1589.509					0.8869
1.771	 2	107.8	10.267	0.0084	1582.216					0.8867
1.781	 2	108.8	10.262	0.0073	1586.09					0.884
1.791	 2	109.8	10.254	0.0082	1595.208					0.8874
1.801	 2	110.8	10.256	0.0093	1598.006					0.9006
1.811	 2	111.8	10.256	0.0127	1600.25					0.9094
1.821	 2	112.8	10.258	0.0094	1600.562					0.9189
1.831	 2	113.8	10.263	0.0088	1600.593					0.9362
1.841	 2	114.8	10.253	0.0077	1603.284					0.9555
1.851	 2	115.8	10.256	0.0084	1598.753					0.9815
1.861	 2	116.8	10.262	0.0143	1593.973					1.0181
1.871	 2	117.8	10.257	0.0079	1592.455					1.0424
1.881	 2	118.8	10.268	0.0075	1587.017					1.0474
1.891	 2	119.8	10.267	0.0049	1808.844					1.0347
1.901	 2	120.8	10.267	0.0026	1788.364					1.0155
1.911	 2	121.8	10.266	0.0045	1871.309					1.0146
1.921	 2	122.8	10.278	0.0086	1593.983					1.0458
1.931	 2	123.8	10.277	0.0086	1600.779					1.071
1.941	 2	124.8	10.271	0.0081	1597.356					1.0496
1.951	 2	125.8	10.293	0.0057	1598.044					1.0076
1.961	 2	126.8	10.292	0.0029	1589.989					0.9634
1.971	 2	127.8	10.279	0.0032	1589.454					0.9315
1.981	 2	128.8	10.299	0.0058	1601.462					0.9273
1.991	 2	129.8	10.287	0.0089	1595.131					0.9706
2.001	 2	130.8	10.292	0.0082	1591.957					0.9746
2.011	 2	131.8	10.302	0.0072	1590.06					0.9754
2.021	 2	132.8	10.311	0.007	1584.845					0.9736
2.031	 2	133.8	10.322	0.0065	1568.693					0.9639
2.041	 2	134.8	10.327	0.0078	1544.109					0.9545
2.051	 2	135.8	10.331	0.0054	1545.4					0.9478
2.061	 2	136.8	10.339	0.0074	1544.748					0.9508
2.071	 2	137.8	10.347	0.0057	1545.944					0.9454
2.081	 2	138.8	10.353	0.0129	1543.841					0.9415
2.091	 2	139.8	10.403	0.0115	1541.413					0.939
2.101	 2	140.8	10.651	0.0024	1563.335					0.9383
2.111	 2	141.8	10.685	0.0019	1573.638					0.9517
2.121	 2	142.8	10.658	0.0	109.6209					0.9738
2.131	 2	143.8	10.612	0.0	109.1478					1.0223
2.141	 2	144.8	10.605	0.0	109.0758					1.1079
2.151	 2	145.8	10.58	0.0	108.8186					1.268
2.161	 2	146.8	10.56	0.0	108.6129					1.5398
2.171	 2	147.8	10.516	0.0004	1255.042					1.9435
2.181	 2	148.8	10.774	0.0	110.814					2.3426
2.191	 2	149.8	10.842	0.0	111.5134					2.5086
2.201	 3	0.8	10.827	0.0	111.3591					2.3517
2.211	 3	1.8	10.862	0.0	111.7191					1.9885
2.221	 3	2.8	10.83	0.0	111.39					1.5961
2.231	 3	3.8	10.793	0.0	111.0094					1.3175
2.241	 3	4.8	10.451	0.0	107.4918					1.1479
2.251	 3	5.8	10.263	0.0025	1584.041					1.0495
2.261	 3	6.8	10.241	0.0024	1582.844					0.9939
2.271	 3	7.8	10.235	0.0037	1571.714					0.9592
2.281	 3	8.8	10.213	0.0124	1577.054					0.9353
2.291	 3	9.8	10.204	0.0135	1570.813					0.9199
2.301	 3	10.8	10.211	0.0079	1553.476					0.9182
2.311	 3	11.8	10.214	0.0048	1574.048					0.9131
2.321	 3	12.8	10.215	0.012	1571.78					0.9145
2.331	 3	13.8	10.227	0.0124	1566.156					0.9161
2.341	 3	14.8	10.224	0.0088	1567.858					0.9113
2.351	 3	15.8	10.227	0.0078	1556.621					0.9044
2.361	 3	16.8	10.241	0.0064	1573.844					0.9043
2.371	 3	17.8	10.23	0.0082	1567.816					0.9025
2.381	 3	18.8	10.239	0.0095	1574.988					0.9035
2.391	 3	19.8	10.256	0.0094	1578.089					0.9032
2.401	 3	20.8	10.242	0.0074	1574.965					0.8995
2.411	 3	21.8	10.238	0.0076	1585.075					0.8967
2.421	 3	22.8	10.249	0.0073	1593.935					0.8952
2.431	 3	23.8	10.255	0.008	1589.183					0.8894
2.441	 3	24.8	10.249	0.007	1588.254					0.885
2.451	 3	25.8	10.26	0.0076	1594.158					0.8768
2.461	 3	26.8	10.271	0.0077	1595.867					0.8659
2.471	 3	27.8	10.26	0.0082	1599.127					0.8596
2.481	 3	28.8	10.266	0.006	1601.06					0.8527
2.491	 3	29.8	10.283	0.0072	1607.472					0.849
2.501	 3	30.8	10.273	0.006	1597.419					0.8506
2.511	 3	31.8	10.277	0.0059	1589.882					0.853
2.521	 3	32.8	10.284	0.008	1593.677					0.859
2.531	 3	33.8	10.279	0.0073	1588.963					0.8619
2.541	 3	34.8	10.296	0.0142	1586.685					0.8674
2.551	 3	35.8	10.299	0.0102	1587.637					0.8837
2.561	 3	36.8	10.302	0.0051	1597.953					0.9041
2.571	 3	37.8	10.299	0.0053	1598.231					0.9246
2.581	 3	38.8	10.295	0.0037	1600.591					0.942
2.591	 3	39.8	10.297	0.0077	1598.913					0.9564
2.601	 3	40.8	10.292	0.0052	1599.627					0.9718
2.611	 3	41.8	10.29	0.0036	1606.307					0.9807
2.621	 3	42.8	10.282	0.0029	1610.589					0.9914
2.631	 3	43.8	10.287	0.0014	1603.085					0.9976
2.641	 3	44.8	10.282	0.0016	1595.84					1.0046
2.651	 3	45.8	10.277	0.0028	1594.322					1.0133
2.661	 3	46.8	10.277	0.0034	1591.359					1.0219
2.671	 3	47.8	10.269	0.003	1587.908					1.0221
2.681	 3	48.8	10.277	0.0033	1593.086					1.0239
2.691	 3	49.8	10.277	0.0039	1591.606					1.0218
2.701	 3	50.8	10.273	0.0047	1588.526					1.0244
2.711	 3	51.8	10.281	0.0061	1590.994					1.0262
2.721	 3	52.8	10.287	0.0074	1595.378					1.0242
2.731	 3	53.8	10.251	0.0086	1593.75					1.0234
2.741	 3	54.8	10.247	0.0083	1587.206					1.0224
2.751	 3	55.8	10.259	0.0072	1586.361					1.022
2.761	 3	56.8	10.266	0.0067	1586.218					1.0191
2.771	 3	57.8	10.271	0.007	1583.076					1.0238
2.781	 3	58.8	10.266	0.0069	1578.656					1.0266
2.791	 3	59.8	10.26	0.0049	1579.92					1.0307
2.801	 3	60.8	10.25	0.0049	1575.953					1.027
2.811	 3	61.8	10.248	0.003	1568.651					1.0341
2.821	 3	62.8	10.242	0.0025	1577.391					1.0315
2.831	 3	63.8	10.23	0.0054	1582.611					1.0312
2.841	 3	64.8	10.228	0.0057	1583.037					1.0372
2.851	 3	65.8	10.227	0.0083	1583.863					1.0338
2.861	 3	66.8	10.222	0.0091	1587.021					1.0334
2.871	 3	67.8	10.218	0.0093	1588.372					1.0344
2.881	 3	68.8	10.214	0.0082	1584.057					1.0358
2.891	 3	69.8	10.202	0.006	1586.378					1.0335
2.901	 3	70.8	10.209	0.007	1592.916					1.0307
2.911	 3	71.8	10.203	0.0077	1601.224					1.0293
2.921	 3	72.8	10.199	0.0088	1598.589					1.022
2.931	 3	73.8	10.189	0.0095	1598.776					1.015
2.941	 3	74.8	10.2	0.0095	1597.494					1.0084
2.951	 3	75.8	10.228	0.0062	1602.381					1.0059
2.961	 3	76.8	10.223	0.0068	1602.854					1.0033
2.971	 3	77.8	10.217	0.0062	1601.16					0.9986
2.981	 3	78.8	10.207	0.0089	1600.596					0.9954
2.991	 3	79.8	10.223	0.0075	1603.105					0.9881
3.001	 3	80.8	10.223	0.0068	1605.371					0.9825
3.011	 3	81.8	10.219	0.0098	1603.735					0.9784
3.021	 3	82.8	10.229	0.0119	1602.538					0.9774
3.031	 3	83.8	10.232	0.0105	1606.279					0.9712
3.041	 3	84.8	10.235	0.0106	1605.49					0.9537
3.051	 3	85.8	10.235	0.0073	1602.223					0.9408
3.061	 3	86.8	10.241	0.005	1605.424					0.9269
3.071	 3	87.8	10.246	0.0048	1606.46					0.9062
3.081	 3	88.8	10.24	0.004	1604.261					0.8747
3.091	 3	89.8	10.246	0.0051	1601.438					0.8408
3.101	 3	90.8	10.245	0.0054	1596.789					0.8058
3.111	 3	91.8	10.256	0.0027	1603.502					0.7763
3.121	 3	92.8	10.261	0.0026	1607.299					0.75
3.131	 3	93.8	10.249	0.0058	1589.239					0.721
3.141	 3	94.8	10.259	0.0052	1584.891					0.6953
3.151	 3	95.8	10.252	0.0056	1575.05					0.6918
3.161	 3	96.8	10.255	0.0099	1439.096					0.7473
3.171	 3	97.8	10.24	0.0074	1539.155					0.7652
3.181	 3	98.8	10.249	0.008	1541.667					0.7864
3.191	 3	99.8	10.267	0.0069	1550.672					0.8037
3.201	 3	100.8	10.276	0.005	1580.194					0.8215
3.211	 3	101.8	10.309	0.0045	1602.02					0.8458
3.221	 3	102.8	10.343	0.0026	1608.554					0.87
3.231	 3	103.8	10.388	0.0028	1611.542					0.9027
3.241	 3	104.8	10.394	0.0052	1601.788					0.9222
3.251	 3	105.8	10.43	0.0043	1613.053					0.9327
3.261	 3	106.8	10.403	0.0045	1607.634					0.9425
3.271	 3	107.8	10.712	0.0001	1624.015					0.943
3.281	 3	108.8	10.734	0.0002	1626.364					0.9452
3.291	 3	109.8	10.724	0.0	110.2997					0.9445
3.301	 3	110.8	10.759	0.0001	1615.223					0.9628
3.311	 3	111.8	10.69	0.0003	1633.557					1.0259
3.321	 3	112.8	10.624	0.0004	1624.713					1.1869
3.331	 3	113.8	10.551	0.0001	1192.069					1.5522
3.341	 3	114.8	10.507	0.001	1581.189					2.3348
3.351	 3	115.8	10.46	0.004	1448.352					3.5709
3.361	 4	0.1	10.431	0.0017	1450.765					4.7417
3.371	 4	1.1	10.316	0.0	106.1033					5.451
3.381	 4	2.1	10.252	0.0	105.445					6.5983
3.391	 4	3.1	10.2	0.0	104.9102					8.4772
3.401	 4	4.1	10.192	0.0	104.8279					11.3474
3.411	 4	5.1	10.111	0.0	103.9948					15.0576
3.421	 4	6.1	10.11	0.0	103.9845					19.0921
3.431	 4	7.1	10.111	0.0	103.9948					22.0372
3.441	 4	8.1	10.111	0.0	103.9948					26.3361
3.451	 4	9.1	10.105	0.0	103.9331					29.612
3.461	 4	10.1	10.105	0.0	103.9331					32.5506
3.471	 4	11.1	10.105	0.0	103.9331					34.0813
3.481	 4	12.1	10.105	0.0	103.9331					35.8058
3.491	 4	13.1	10.105	0.0	103.9331					36.5589
3.501	 4	14.1	10.1	0.0	103.8817					38.3111
3.511	 4	15.1	10.1	0.0	103.8817					38.9409
3.521	 4	16.1	10.1	0.0	103.8817					42.2893
3.531	 4	17.1	10.1	0.0	103.8817					41.9931
3.541	 4	18.1	10.089	0.0	103.7685					42.9701
3.551	 4	19.1	10.097	0.0	103.8508					44.5995
3.561	 4	20.1	10.1	0.0	103.8817					41.2693
3.571	 4	21.1	10.095	0.0	103.8303					42.5894
3.581	 4	22.1	10.094	0.0	103.82					44.5173
3.591	 4	23.1	10.1	0.0	103.8817					45.7364
3.601	 4	24.1	10.1	0.0	103.8817					47.2012
3.611	 4	25.1	10.088	0.0	103.7583					44.1108
3.621	 4	26.1	10.089	0.0	103.7685					47.5695
3.631	 4	27.1	10.094	0.0	103.82					44.4764
3.641	 4	28.1	10.094	0.0	103.82					48.1795
3.651	 4	29.1	10.093	0.0	103.8097					48.9994
3.661	 4	30.1	10.093	0.0	103.8097					49.7952
3.671	 4	31.1	10.094	0.0	103.82					47.4308
3.681	 4	32.1	10.088	0.0	103.7583					53.5778
3.691	 4	33.1	10.088	0.0	103.7583					54.3396
3.701	 4	34.1	10.089	0.0	103.7685					55.7378
3.711	 4	35.1	10.089	0.0	103.7685					48.227
3.721	 4	36.1	10.093	0.0	103.8097					50.7718
3.731	 4	37.1	10.089	0.0	103.7685					54.2211
3.741	 4	38.1	10.089	0.0	103.7685					52.0026
3.751	 4	39.1	10.083	0.0	103.7068					53.52
3.761	 4	40.1	10.083	0.0	103.7068					52.2775
3.771	 4	41.1	10.089	0.0	103.7685					55.8001
3.781	 4	42.1	10.083	0.0	103.7068					54.162
3.791	 4	43.1	10.077	0.0	103.6451					55.1828
3.801	 4	44.1	10.083	0.0	103.7068					52.2775
3.811	 4	45.1	10.078	0.0	103.6554					57.401
3.821	 4	46.1	10.069	0.0	103.5628					56.9442
3.831	 4	47.1	10.06	0.0	103.4703					60.5077
3.841	 4	48.1	10.044	0.0	103.3057					58.6757
3.851	 4	49.1	10.043	0.0	103.2954					64.6727
3.861	 4	50.1	10.043	0.0	103.2954					60.4353
3.871	 4	51.1	10.043	0.0	103.2954					64.103
3.881	 4	52.1	10.037	0.0	103.2337					60.5803
3.891	 4	53.1	10.038	0.0	103.244					62.9133
3.901	 4	54.1	10.037	0.0	103.2337					69.4973
3.911	 4	55.1	10.038	0.0	103.244					58.403
3.921	 4	56.1	10.049	0.0	103.3571					62.9914
3.931	 4	57.1	10.044	0.0	103.3057					63.5427
3.941	 4	58.1	10.042	0.0	103.2851					61.2409
