Geotek MSCL 7.9 - TN336_JPC37-46.out created at 1:51:12 on 1/26/2016.


Processing Parameters

CT	RCT=11.45	W=1.27
PWAmp	A=1	B=0
PWVel	PTO=26.56
Den1	A=7.1605E-04	B=-.096198	C=9.8396
MS1	A=1	B=0	Den=0	LD=14	
FP	MGD=2.75	WD=1.026	
RES	A=409.6482	B=-1.051803	p=0	


SB DEPTH	SECT NUM	SECT DEPTH	CT	PWAmp	PWVel	Den1	MS1	Imp	FP	RES
m		cm	cm		m/s	g/cc	SI x 10^-5			Ohm.m

-0.637	before cal		10.612	0.0027						46.098
-0.577	cal sect	6.0	10.396	0.0249	1500.577	1.1822	-1.8468		0.9094	13.6115
-0.517	cal sect	12.0	10.184	0.0149	1474.019	1.1669	-1.9598	1720.005	0.9183	12.489
-0.457	cal sect	18.0	10.225	0.014	1475.256	1.1548	-1.9372	1703.572	0.9253	12.2144
-0.397	cal sect	24.0	10.425	0.0016	1481.666	1.164	-1.832	1724.65	0.92	9.0974
-0.337	cal sect	30.0	10.706	0.002	1502.385	1.1456	-1.6974	1721.094	0.9306	3.5545
-0.277	cal sect	36.0	10.518	0.0127	1510.339	1.1511	-1.7859	1738.555	0.9274	0.4544
-0.217	cal sect	42.0	10.213	0.0071	1497.288	1.1602	-0.9719	1737.168	0.9222	0.3616
-0.157	cal sect	48.0	10.203	0.0403	1492.758	1.158	-1.9492	1728.609	0.9234	0.3693
-0.097	cal sect	54.0	10.418	0.0063	1491.268	1.1495	-1.8356	1714.218	0.9284	0.3787
-0.037	cal sect	60.0	10.372	0.0082	1502.1	1.1851	1.8591	1780.199	0.9077	0.5425
0.003	 1	0.3	10.793	0.0	110.9889	1.0529	11.6098	116.8652	0.9844	1.0044
0.013	 1	1.3	10.8	0.0002	1449.859	1.3956	14.8993	2023.355	0.7856	0.8169
0.023	 1	2.3	10.785	0.0017	1534.576	1.3982	15.7896	2145.666	0.7841	0.636
0.033	 1	3.3	10.747	0.0033	1520.3	1.4029	18.4682	2132.854	0.7814	0.5209
0.043	 1	4.3	10.692	0.0	109.9502	1.4186	18.7415	155.9803	0.7722	0.4548
0.053	 1	5.3	10.32	0.0017	1509.875	1.4733	20.7482	2224.546	0.7405	0.4195
0.063	 1	6.3	10.24	0.0026	1496.201	1.4864	22.1834	2223.919	0.733	0.4021
0.073	 1	7.3	10.224	0.0015	1502.425	1.4897	22.2836	2238.208	0.731	0.3935
0.083	 1	8.3	10.217	0.001	1508.49	1.491	22.3277	2249.171	0.7303	0.3898
0.093	 1	9.3	10.204	0.0042	1501.25	1.5214	22.4099	2283.937	0.7127	0.3913
0.103	 1	10.3	10.196	0.0098	1490.861	1.5024	22.4607	2239.807	0.7237	0.3931
0.113	 1	11.3	10.197	0.0066	1493.41	1.4988	22.4543	2238.382	0.7257	0.3955
0.123	 1	12.3	10.202	0.0173	1491.739	1.4953	21.4477	2230.542	0.7278	0.3978
0.133	 1	13.3	10.19	0.0125	1491.947	1.4857	20.5424	2216.613	0.7333	0.3986
0.143	 1	14.3	10.201	0.0023	1492.247	1.4497	21.4537	2163.33	0.7542	0.3996
0.153	 1	15.3	10.207	0.0028	1510.805	1.5005	21.4174	2266.932	0.7248	0.3998
0.163	 1	16.3	10.2	0.0125	1493.193	1.4868	20.4844	2220.105	0.7327	0.3998
0.173	 1	17.3	10.2	0.0095	1493.849	1.4812	20.4844	2212.692	0.736	0.3987
0.183	 1	18.3	10.206	0.0029	1497.799	1.4589	19.4758	2185.177	0.7489	0.3963
0.193	 1	19.3	10.211	0.001	1509.833	1.4919	20.4208	2252.496	0.7298	0.3964
0.203	 1	20.3	10.205	0.0064	1510.062	1.5044	20.4554	2271.756	0.7225	0.3908
0.213	 1	21.3	10.216	0.0115	1499.046	1.522	19.4209	2281.474	0.7123	0.3935
0.223	 1	22.3	10.211	0.0072	1501.618	1.4947	19.4483	2244.496	0.7281	0.3973
0.233	 1	23.3	10.222	0.0059	1501.469	1.4554	19.388	2185.236	0.7509	0.3999
0.243	 1	24.3	10.222	0.0028	1503.235	1.5166	20.3574	2279.757	0.7154	0.4013
0.253	 1	25.3	10.218	0.0015	1516.249	1.5264	20.3804	2314.447	0.7097	0.403
0.263	 1	26.3	10.226	0.0067	1507.815	1.5511	20.3345	2338.723	0.6954	0.4041
0.273	 1	27.3	10.235	0.0111	1497.878	1.529	21.2488	2290.184	0.7083	0.4051
0.283	 1	28.3	10.23	0.0106	1491.471	1.5241	21.2787	2273.163	0.7111	0.4053
0.293	 1	29.3	10.235	0.0091	1491.113	1.5637	21.2488	2331.62	0.6881	0.4019
0.303	 1	30.3	10.235	0.0143	1489.594	1.5678	22.2146	2335.42	0.6857	0.4009
0.313	 1	31.3	10.234	0.0102	1490.099	1.5496	21.2548	2309.032	0.6963	0.4174
0.323	 1	32.3	10.223	0.0106	1495.028	1.5803	21.3208	2362.52	0.6785	0.4187
0.333	 1	33.3	10.234	0.0109	1495.106	1.524	22.2209	2278.606	0.7111	0.4205
0.343	 1	34.3	10.236	0.0078	1488.44	1.4719	22.2084	2190.896	0.7413	0.4235
0.353	 1	35.3	10.234	0.0074	1498.389	1.5283	22.2209	2289.99	0.7086	0.428
0.363	 1	36.3	10.239	0.0075	1490.393	1.5151	21.2248	2258.097	0.7163	0.4319
0.373	 1	37.3	10.234	0.0055	1487.5	1.5442	21.2548	2296.93	0.6994	0.4342
0.383	 1	38.3	10.246	0.0077	1489.461	1.5483	22.1459	2306.15	0.697	0.4364
0.393	 1	39.3	10.241	0.0101	1483.343	1.5458	22.1771	2292.964	0.6985	0.4389
0.403	 1	40.3	10.246	0.0147	1484.282	1.5413	21.183	2287.672	0.7011	0.4406
0.413	 1	41.3	10.252	0.0181	1481.717	1.5385	22.1086	2279.584	0.7027	0.4403
0.423	 1	42.3	10.24	0.0179	1482.554	1.558	22.1834	2309.765	0.6914	0.4384
0.433	 1	43.3	10.252	0.0161	1483.862	1.5567	21.1473	2309.91	0.6922	0.4383
0.443	 1	44.3	10.247	0.0129	1484.857	1.5427	21.1771	2290.743	0.7003	0.4412
0.453	 1	45.3	10.242	0.012	1489.962	1.5239	22.1709	2270.576	0.7112	0.4434
0.463	 1	46.3	10.237	0.0066	1486.208	1.5297	22.2021	2273.484	0.7078	0.444
0.473	 1	47.3	10.223	0.0068	1489.365	1.5401	22.2899	2293.83	0.7018	0.4437
0.483	 1	48.3	10.223	0.016	1493.063	1.5302	22.2899	2284.704	0.7075	0.4417
0.493	 1	49.3	10.225	0.0134	1488.789	1.5377	22.2774	2289.288	0.7032	0.4405
0.503	 1	50.3	10.23	0.0141	1485.407	1.5636	21.2787	2322.604	0.6882	0.4377
0.513	 1	51.3	10.224	0.0137	1485.399	1.5247	21.3148	2264.842	0.7107	0.4364
0.523	 1	52.3	10.219	0.0095	1486.833	1.5426	22.3151	2293.635	0.7003	0.4374
0.533	 1	53.3	10.214	0.01	1486.321	1.5595	22.3466	2317.853	0.6906	0.4381
0.543	 1	54.3	10.209	0.0112	1481.282	1.5696	21.4053	2325.017	0.6847	0.4393
0.553	 1	55.3	10.209	0.0109	1479.994	1.5895	22.3782	2352.38	0.6732	0.4366
0.563	 1	56.3	10.209	0.0107	1480.423	1.596	21.4053	2362.704	0.6694	0.4378
0.573	 1	57.3	10.203	0.0104	1484.505	1.5587	22.4162	2313.85	0.691	0.446
0.583	 1	58.3	10.209	0.0051	1488.626	1.5393	21.4053	2291.423	0.7023	0.4803
0.593	 1	59.3	10.204	0.0049	1500.147	1.549	22.4099	2323.677	0.6967	0.4842
0.603	 1	60.3	10.203	0.0107	1493.413	1.5453	22.4162	2307.804	0.6988	0.488
0.613	 1	61.3	10.203	0.0077	1494.069	1.5073	22.4162	2252.032	0.7208	0.4896
0.623	 1	62.3	10.208	0.0041	1492.834	1.5533	22.3846	2318.755	0.6942	0.4898
0.633	 1	63.3	10.207	0.0117	1486.384	1.5691	22.3909	2332.247	0.685	0.489
0.643	 1	64.3	10.207	0.0088	1484.655	1.5794	23.3644	2344.816	0.679	0.488
0.653	 1	65.3	10.207	0.0073	1485.303	1.6031	22.3909	2381.115	0.6652	0.4923
0.663	 1	66.3	10.223	0.0067	1487.848	1.5828	23.2591	2354.928	0.677	0.4934
0.673	 1	67.3	10.243	0.0053	1489.025	1.5755	23.1283	2345.944	0.6813	0.494
0.683	 1	68.3	10.291	0.0083	1489.291	1.55	22.8187	2308.355	0.6961	0.4956
0.693	 1	69.3	10.617	0.0006	1511.317	1.5127	20.8619	2286.242	0.7177	0.498
0.703	 1	70.3	10.601	0.0005	1506.466	1.5318	20.9523	2307.553	0.7066	0.5037
0.713	 1	71.3	10.603	0.0	109.035	1.5675	20.941	170.9098	0.6859	0.5156
0.723	 1	72.3	10.565	0.0033	1518.614	1.5689	21.1578	2382.524	0.6851	0.5384
0.733	 1	73.3	10.533	0.0015	1508.594	1.5759	21.3428	2377.407	0.681	0.5752
0.743	 1	74.3	10.508	0.0004	1502.001	1.5885	20.5936	2385.923	0.6737	0.6422
0.753	 1	75.3	10.504	0.0024	1515.947	1.5687	21.5125	2378.041	0.6852	0.766
0.763	 1	76.3	10.627	0.001	1503.112	1.5398	19.9387	2314.43	0.702	0.9982
0.773	 1	77.3	10.869	0.0	111.7704	1.5119	17.8819	168.9903	0.7181	1.2828
0.783	 2	0.2	10.854	0.0	111.6161	0.8185	18.7686	91.3631	1.1203	1.3683
0.793	 2	1.2	10.811	0.0	111.174	1.4377	18.9827	159.8333	0.7612	1.1262
0.803	 2	2.2	10.839	0.0	111.4619	1.5328	18.0236	170.8483	0.706	0.8525
0.813	 2	3.2	10.83	0.0003	1518.721	1.5393	19.7088	2337.803	0.7022	0.6821
0.823	 2	4.2	10.774	0.0005	1493.278	1.5299	19.1696	2284.594	0.7077	0.5971
0.833	 2	5.2	10.41	0.0008	1507.167	1.5593	21.1558	2350.15	0.6907	0.5578
0.843	 2	6.2	10.301	0.0028	1490.738	1.5781	22.7549	2352.471	0.6798	0.5388
0.853	 2	7.2	10.218	0.0032	1486.255	1.5852	23.2919	2356.064	0.6756	0.5312
0.863	 2	8.2	10.207	0.0035	1486.384	1.5491	22.3909	2302.489	0.6966	0.5246
0.873	 2	9.2	10.201	0.0068	1482.703	1.5448	22.4289	2290.5	0.6991	0.5171
0.883	 2	10.2	10.197	0.0086	1475.901	1.5612	21.478	2304.224	0.6895	0.5076
0.893	 2	11.2	10.197	0.0079	1476.542	1.5643	21.478	2309.692	0.6878	0.4979
0.903	 2	12.2	10.197	0.008	1485.577	1.5888	22.4543	2360.258	0.6736	0.493
0.913	 2	13.2	10.192	0.0136	1488.318	1.5823	22.4861	2354.895	0.6773	0.4885
0.923	 2	14.2	10.195	0.0124	1484.637	1.5599	22.467	2315.871	0.6903	0.4854
0.933	 2	15.2	10.196	0.0133	1483.486	1.5722	22.4607	2332.268	0.6832	0.4824
0.943	 2	16.2	10.201	0.0143	1482.488	1.58	23.4041	2342.357	0.6786	0.4814
0.953	 2	17.2	10.204	0.015	1482.278	1.5552	23.3842	2305.285	0.693	0.4781
0.963	 2	18.2	10.21	0.0181	1483.149	1.4354	23.3446	2128.967	0.7625	0.4748
0.973	 2	19.2	10.214	0.0119	1484.162	1.5464	22.3466	2295.055	0.6982	0.472
0.983	 2	20.2	10.216	0.0197	1486.612	1.5597	23.3051	2318.669	0.6904	0.4699
0.993	 2	21.2	10.22	0.0157	1485.033	1.5479	23.2788	2298.68	0.6973	0.4696
1.003	 2	22.2	10.23	0.016	1489.517	1.5795	23.2132	2352.617	0.679	0.4715
1.013	 2	23.2	10.231	0.0204	1487.28	1.6065	23.2066	2389.334	0.6633	0.4759
1.023	 2	24.2	10.234	0.0197	1487.716	1.6144	24.1531	2401.77	0.6587	0.4791
1.033	 2	25.2	10.236	0.0267	1484.985	1.6026	23.1739	2379.8	0.6656	0.4802
1.043	 2	26.2	10.24	0.0177	1485.565	1.631	23.1479	2422.885	0.6491	0.4817
1.053	 2	27.2	10.239	0.0184	1487.578	1.5975	23.1544	2376.462	0.6685	0.4812
1.063	 2	28.2	10.242	0.0139	1482.2	1.5917	23.1348	2359.176	0.6719	0.481
1.073	 2	29.2	10.245	0.0087	1480.919	1.5635	23.1153	2315.462	0.6882	0.4806
1.083	 2	30.2	10.245	0.0073	1476.438	1.5619	23.1153	2306.012	0.6892	0.4828
1.093	 2	31.2	10.245	0.0057	1474.525	1.5752	23.1153	2322.647	0.6814	0.4883
1.103	 2	32.2	10.245	0.0053	1483.922	1.5819	23.1153	2347.417	0.6776	0.4918
1.113	 2	33.2	10.245	0.0078	1483.063	1.6029	24.0784	2377.178	0.6654	0.4939
1.123	 2	34.2	10.251	0.0159	1490.838	1.6106	23.0763	2401.096	0.6609	0.4961
1.133	 2	35.2	10.251	0.0202	1487.376	1.6117	24.0378	2397.24	0.6603	0.4986
1.143	 2	36.2	10.25	0.0276	1486.8	1.6032	24.0446	2383.709	0.6652	0.5037
1.153	 2	37.2	10.245	0.0277	1483.278	1.6182	24.0784	2400.202	0.6565	0.5117
1.163	 2	38.2	10.244	0.0217	1488.088	1.5723	25.0486	2339.68	0.6831	0.5172
1.173	 2	39.2	10.245	0.0063	1478.142	1.4734	23.1153	2177.938	0.7405	0.5214
1.183	 2	40.2	10.241	0.004	1281.406	1.5534	24.1056	1990.576	0.6941	0.5241
1.193	 2	41.2	10.236	0.0061	1382.496	1.6043	23.1739	2217.93	0.6646	0.5279
1.203	 2	42.2	10.236	0.0082	1386.053	1.602	23.1739	2220.46	0.6659	0.5315
1.213	 2	43.2	10.242	0.0088	1485.209	1.6008	23.1348	2377.49	0.6666	0.5355
1.223	 2	44.2	10.238	0.0036	1487.649	1.5751	22.1959	2343.261	0.6815	0.5372
1.233	 2	45.2	10.238	0.0091	1483.338	1.5827	23.1609	2347.68	0.6771	0.5348
1.243	 2	46.2	10.237	0.0123	1380.021	1.5733	23.1674	2171.253	0.6825	0.5302
1.253	 2	47.2	10.232	0.0105	1480.324	1.6208	23.2001	2399.327	0.655	0.5246
1.263	 2	48.2	10.232	0.0107	1472.23	1.6182	23.2001	2382.356	0.6565	0.5207
1.273	 2	49.2	10.243	0.0144	1479.134	1.6089	23.1283	2379.841	0.6619	0.5193
1.283	 2	50.2	10.25	0.0245	1481.0	1.622	23.0828	2402.244	0.6543	0.5192
1.293	 2	51.2	10.258	0.0226	1481.086	1.5782	23.0309	2337.47	0.6797	0.5183
1.303	 2	52.2	10.263	0.0172	1477.116	1.5763	22.9986	2328.417	0.6808	0.5158
1.313	 2	53.2	10.268	0.0122	1476.348	1.5329	22.0094	2263.025	0.706	0.5108
1.323	 2	54.2	10.274	0.0167	1479.977	1.5352	21.9723	2272.031	0.7047	0.5068
1.333	 2	55.2	10.282	0.0195	1480.276	1.5418	22.8763	2282.302	0.7008	0.5039
1.343	 2	56.2	10.285	0.0256	1480.282	1.5627	21.9047	2313.214	0.6887	0.5027
1.353	 2	57.2	10.284	0.0331	1480.138	1.5795	21.9108	2337.942	0.6789	0.5041
1.363	 2	58.2	10.282	0.0269	1480.703	1.5751	21.9231	2332.238	0.6815	0.5064
1.373	 2	59.2	10.287	0.0281	1480.357	1.5732	21.8924	2328.907	0.6826	0.5093
1.383	 2	60.2	10.291	0.0329	1479.017	1.5796	21.8679	2336.243	0.6789	0.5128
1.393	 2	61.2	10.29	0.0294	1479.724	1.5967	21.874	2362.72	0.6689	0.5176
1.403	 2	62.2	10.291	0.0389	1481.999	1.5917	21.8679	2358.95	0.6718	0.5226
1.413	 2	63.2	10.286	0.0361	1480.639	1.5778	22.8506	2336.203	0.6799	0.5253
1.423	 2	64.2	10.281	0.0361	1482.266	1.6096	22.8827	2385.88	0.6615	0.5262
1.433	 2	65.2	10.275	0.0296	1482.684	1.5911	22.9212	2359.082	0.6722	0.5272
1.443	 2	66.2	10.273	0.0342	1482.823	1.6017	23.8897	2374.982	0.6661	0.5277
1.453	 2	67.2	10.269	0.0485	1483.959	1.6109	23.9165	2390.539	0.6607	0.5292
1.463	 2	68.2	10.262	0.0392	1484.02	1.6193	23.005	2403.032	0.6559	0.5312
1.473	 2	69.2	10.255	0.0395	1483.866	1.6201	24.0108	2403.99	0.6554	0.5334
1.483	 2	70.2	10.259	0.0376	1484.016	1.6192	23.0244	2402.863	0.6559	0.5341
1.493	 2	71.2	10.249	0.0339	1483.213	1.6051	23.0893	2380.743	0.6641	0.5324
1.503	 2	72.2	10.249	0.0248	1479.146	1.6103	22.1272	2381.877	0.6611	0.5273
1.513	 2	73.2	10.244	0.0243	1482.275	1.6201	22.1584	2401.399	0.6554	0.5233
1.523	 2	74.2	10.25	0.0443	1482.499	1.613	22.121	2391.326	0.6595	0.5198
1.533	 2	75.2	10.24	0.0368	1482.339	1.6374	21.2189	2427.241	0.6453	0.5191
1.543	 2	76.2	10.236	0.0488	1481.546	1.6115	21.2428	2387.488	0.6604	0.5182
1.553	 2	77.2	10.23	0.0387	1484.545	1.6429	21.2787	2438.955	0.6422	0.5177
1.563	 2	78.2	10.223	0.0312	1486.117	1.6351	21.3208	2430.006	0.6467	0.5158
1.573	 2	79.2	10.22	0.0292	1483.525	1.6303	20.3689	2418.62	0.6495	0.512
1.583	 2	80.2	10.21	0.0313	1477.997	1.6284	21.3992	2406.765	0.6506	0.5096
1.593	 2	81.2	10.206	0.0304	1476.776	1.6249	20.4496	2399.674	0.6526	0.5078
1.603	 2	82.2	10.2	0.0272	1475.054	1.6186	20.4844	2387.554	0.6563	0.5078
1.613	 2	83.2	10.199	0.0276	1474.91	1.6072	20.4902	2370.535	0.6629	0.5103
1.623	 2	84.2	10.196	0.0291	1472.985	1.6216	19.531	2388.563	0.6545	0.5125
1.633	 2	85.2	10.202	0.0248	1473.851	1.5965	19.4979	2352.992	0.6691	0.5144
1.643	 2	86.2	10.203	0.0214	1474.848	1.6083	19.4924	2372.047	0.6622	0.5147
1.653	 2	87.2	10.207	0.0224	1476.707	1.614	19.4703	2383.463	0.6589	0.5151
1.663	 2	88.2	10.206	0.0236	1476.135	1.6282	19.4758	2403.379	0.6507	0.5152
1.673	 2	89.2	10.206	0.0244	1476.99	1.6326	19.4758	2411.27	0.6482	0.5125
1.683	 2	90.2	10.207	0.0259	1480.348	1.63	19.4703	2413.038	0.6496	0.5132
1.693	 2	91.2	10.203	0.0311	1481.057	1.6205	19.4924	2400.004	0.6552	0.5138
1.703	 2	92.2	10.207	0.0301	1477.776	1.6233	18.4968	2398.909	0.6535	0.5138
1.713	 2	93.2	10.207	0.0239	1478.418	1.643	18.4968	2429.087	0.6421	0.513
1.723	 2	94.2	10.207	0.0219	1480.992	1.667	18.4968	2468.887	0.6282	0.5136
1.733	 2	95.2	10.207	0.0227	1485.303	1.6873	18.4968	2506.121	0.6164	0.515
1.743	 2	96.2	10.212	0.0318	1485.814	1.6548	18.4707	2458.669	0.6353	0.518
1.753	 2	97.2	10.212	0.0267	1484.734	1.6638	17.4986	2470.312	0.63	0.5223
1.763	 2	98.2	10.217	0.0191	1485.893	1.6666	17.4739	2476.436	0.6284	0.5284
1.773	 2	99.2	10.222	0.0144	1485.756	1.6583	17.4492	2463.762	0.6333	0.5334
1.783	 2	100.2	10.222	0.0151	1487.269	1.6646	17.4492	2475.712	0.6296	0.5395
1.793	 2	101.2	10.222	0.0264	1485.108	1.664	17.4492	2471.215	0.6299	0.5428
1.803	 2	102.2	10.227	0.0189	1481.959	1.6496	17.4246	2444.7	0.6383	0.5446
1.813	 2	103.2	10.226	0.0185	1480.527	1.6471	17.4295	2438.596	0.6397	0.5453
1.823	 2	104.2	10.221	0.0137	1480.232	1.6614	17.4541	2459.31	0.6314	0.546
1.833	 2	105.2	10.222	0.0131	1484.461	1.6768	17.4492	2489.145	0.6225	0.5453
1.843	 2	106.2	10.225	0.0167	1485.76	1.6458	17.4345	2445.24	0.6405	0.5449
1.853	 2	107.2	10.217	0.0167	1486.109	1.6804	17.4739	2497.237	0.6204	0.5458
1.863	 2	108.2	10.213	0.0166	1487.908	1.6826	17.4936	2503.53	0.6192	0.5488
1.873	 2	109.2	10.211	0.0221	1491.092	1.6916	16.5311	2522.301	0.6139	0.553
1.883	 2	110.2	10.217	0.0196	1491.533	1.6721	16.5031	2494.01	0.6252	0.5583
1.893	 2	111.2	10.221	0.0156	1491.681	1.6584	15.5148	2473.83	0.6332	0.5594
1.903	 2	112.2	10.217	0.019	1487.407	1.673	16.5031	2488.474	0.6247	0.5611
1.913	 2	113.2	10.219	0.0218	1487.698	1.6557	16.4938	2463.229	0.6347	0.5606
1.923	 2	114.2	10.218	0.0224	1487.12	1.6762	14.5574	2492.755	0.6228	0.5608
1.933	 2	115.2	10.221	0.0306	1491.681	1.6874	15.5148	2517.128	0.6163	0.5566
1.943	 2	116.2	10.218	0.0331	1487.769	1.6671	14.5574	2480.225	0.6281	0.5507
1.953	 2	117.2	10.221	0.0374	1487.556	1.6702	14.5451	2484.573	0.6263	0.5445
1.963	 2	118.2	10.222	0.0318	1487.053	1.6713	14.541	2485.302	0.6257	0.5392
1.973	 2	119.2	10.223	0.0233	1487.198	1.639	13.5678	2437.485	0.6444	0.538
1.983	 2	120.2	10.226	0.0182	1483.104	1.6165	14.5246	2397.486	0.6575	0.5371
1.993	 2	121.2	10.23	0.015	1483.038	1.6246	14.5082	2409.387	0.6528	0.5376
2.003	 2	122.2	10.235	0.0283	1490.028	1.6379	14.4878	2440.582	0.645	0.5413
2.013	 2	123.2	10.237	0.0307	1490.753	1.6734	14.4796	2494.663	0.6245	0.5392
2.023	 2	124.2	10.241	0.0286	1491.77	1.6349	14.4633	2438.919	0.6468	0.5452
2.033	 2	125.2	10.252	0.0271	1488.385	1.6095	14.4186	2395.625	0.6615	0.5467
2.043	 2	126.2	10.261	0.0265	1486.886	1.6133	14.3822	2398.841	0.6593	0.5619
2.053	 2	127.2	10.266	0.027	1488.473	1.6271	14.362	2421.916	0.6513	0.571
2.063	 2	128.2	10.276	0.0281	1486.69	1.6226	15.2765	2412.309	0.6539	0.5702
2.073	 2	129.2	10.28	0.0236	1485.979	1.6399	16.2131	2436.925	0.6439	0.5721
2.083	 2	130.2	10.285	0.0215	1484.341	1.607	16.1904	2385.294	0.663	0.5725
2.093	 2	131.2	10.293	0.0216	1481.433	1.6205	16.1542	2400.675	0.6552	0.5713
2.103	 2	132.2	10.297	0.0176	1480.305	1.6269	17.0853	2408.316	0.6514	0.5702
2.113	 2	133.2	10.302	0.0176	1482.515	1.6203	17.0614	2402.06	0.6553	0.5713
2.123	 2	134.2	10.322	0.0198	1484.752	1.6087	16.9663	2388.524	0.662	0.5677
2.133	 2	135.2	10.363	0.0128	1488.082	1.6151	17.7056	2403.379	0.6583	0.5685
2.143	 2	136.2	10.378	0.0103	1485.543	1.6209	18.5601	2407.966	0.6549	0.5716
2.153	 2	137.2	10.444	0.0024	1497.777	1.6212	18.2246	2428.253	0.6547	0.5763
2.163	 2	138.2	10.528	0.0014	1502.926	1.6284	16.9194	2447.307	0.6506	0.5824
2.173	 2	139.2	10.567	0.0001	1502.916	1.5986	17.6219	2402.546	0.6679	0.5895
2.183	 2	140.2	10.575	0.0008	1514.392	1.6286	17.5837	2466.284	0.6505	0.6015
2.193	 2	141.2	10.553	0.0021	1517.326	1.6516	18.5735	2506.012	0.6371	0.6244
2.203	 2	142.2	10.535	0.0008	1513.432	1.6692	17.776	2526.207	0.6269	0.6715
2.213	 2	143.2	10.52	0.0024	1516.724	1.6437	17.8489	2493.047	0.6417	0.7821
2.223	 2	144.2	10.54	0.0043	1508.084	1.6044	17.7518	2419.617	0.6645	1.0278
2.233	 2	145.2	10.768	0.0013	1514.061	1.5605	15.861	2362.739	0.6899	1.3712
2.243	 2	146.2	10.824	0.0002	1509.413	1.2555	15.6276	1895.018	0.8669	1.5362
2.253	 3	0.9	10.834	0.0	111.4105	1.1161	15.5864	124.344	0.9477	1.3683
2.263	 3	1.9	10.868	0.0	111.7601	1.4852	17.0736	165.9805	0.7337	1.0809
2.273	 3	2.9	10.888	0.0	111.9658	1.5069	16.9842	168.7188	0.7211	0.8742
2.283	 3	3.9	10.836	0.0	111.431	1.544	17.218	172.0527	0.6995	0.7439
2.293	 3	4.9	10.683	0.0	109.8577	1.6018	18.7867	175.9705	0.666	0.6663
2.303	 3	5.9	10.351	0.0029	1392.948	1.6571	21.5047	2308.276	0.6339	0.622
2.313	 3	6.9	10.268	0.0005	1401.775	1.6535	22.0094	2317.877	0.636	0.5973
2.323	 3	7.9	10.218	0.002	1403.571	1.6914	22.3214	2373.934	0.6141	0.5842
2.333	 3	8.9	10.213	0.0037	1504.567	1.6975	22.353	2553.972	0.6105	0.5748
2.343	 3	9.9	10.207	0.0043	1505.679	1.7527	21.4174	2638.956	0.5785	0.5689
2.353	 3	10.9	10.209	0.0053	1511.549	1.6851	21.4053	2547.103	0.6177	0.5647
2.363	 3	11.9	10.207	0.0114	1498.825	1.6677	21.4174	2499.526	0.6278	0.5602
2.373	 3	12.9	10.212	0.0108	1487.112	1.6518	21.3871	2456.359	0.637	0.5545
2.383	 3	13.9	10.212	0.008	1475.083	1.6159	20.415	2383.514	0.6579	0.55
2.393	 3	14.9	10.218	0.0072	1479.583	1.6348	20.3804	2418.76	0.6469	0.5469
2.403	 3	15.9	10.222	0.0131	1479.305	1.6209	19.388	2397.868	0.6549	0.5429
2.413	 3	16.9	10.227	0.0131	1477.036	1.6094	20.3287	2377.204	0.6616	0.5403
2.423	 3	17.9	10.232	0.0146	1477.545	1.6176	19.3334	2390.099	0.6568	0.5385
2.433	 3	18.9	10.242	0.0185	1481.128	1.6368	18.3151	2424.346	0.6457	0.5384
2.443	 3	19.9	10.247	0.0269	1483.138	1.6322	18.2893	2420.764	0.6484	0.5372
2.453	 3	20.9	10.252	0.0362	1484.936	1.6465	17.3024	2444.967	0.6401	0.5369
2.463	 3	21.9	10.257	0.0311	1491.277	1.6787	17.278	2503.476	0.6214	0.5334
2.473	 3	22.9	10.262	0.0248	1501.39	1.6706	16.2952	2508.176	0.6261	0.5317
2.483	 3	23.9	10.264	0.0354	1495.556	1.6623	16.2861	2486.108	0.6309	0.5318
2.493	 3	24.9	10.265	0.0273	1485.528	1.6643	15.3238	2472.354	0.6298	0.5351
2.503	 3	25.9	10.263	0.0221	1482.236	1.6291	14.3741	2414.648	0.6502	0.5378
2.513	 3	26.9	10.267	0.0232	1481.316	1.6525	15.3152	2447.857	0.6366	0.5369
2.523	 3	27.9	10.267	0.0272	1483.028	1.654	14.358	2452.916	0.6357	0.5341
2.533	 3	28.9	10.266	0.0285	1483.526	1.6449	13.4045	2440.199	0.641	0.5293
2.543	 3	29.9	10.266	0.0388	1483.526	1.6271	13.4045	2413.866	0.6513	0.5252
2.553	 3	30.9	10.266	0.0337	1483.097	1.6312	13.4045	2419.272	0.6489	0.5267
2.563	 3	31.9	10.261	0.0225	1482.589	1.6565	13.4234	2455.858	0.6343	0.5277
2.573	 3	32.9	10.261	0.0328	1487.317	1.6332	13.4234	2429.091	0.6478	0.5303
2.583	 3	33.9	10.257	0.0189	1485.445	1.6463	13.4385	2445.5	0.6402	0.5324
2.593	 3	34.9	10.254	0.0173	1485.872	1.627	13.4498	2417.46	0.6514	0.5354
2.603	 3	35.9	10.252	0.0289	1489.25	1.6546	13.4574	2464.122	0.6354	0.5424
2.613	 3	36.9	10.252	0.0246	1482.36	1.6308	13.4574	2417.441	0.6492	0.5448
2.623	 3	37.9	10.246	0.0248	1482.779	1.6451	14.443	2439.304	0.6409	0.5537
2.633	 3	38.9	10.246	0.0361	1488.595	1.6137	14.443	2402.096	0.6591	0.5597
2.643	 3	39.9	10.236	0.0319	1481.546	1.6357	15.4493	2423.386	0.6463	0.5632
2.653	 3	40.9	10.236	0.0287	1480.903	1.6284	15.4493	2411.44	0.6506	0.5661
2.663	 3	41.9	10.236	0.024	1481.331	1.6243	15.4493	2406.068	0.653	0.5689
2.673	 3	42.9	10.232	0.0264	1482.039	1.6444	15.4667	2437.007	0.6413	0.5718
2.683	 3	43.9	10.232	0.0255	1482.254	1.6319	17.4001	2418.938	0.6485	0.5742
2.693	 3	44.9	10.236	0.0262	1480.903	1.6416	17.3805	2431.105	0.6429	0.5797
2.703	 3	45.9	10.232	0.0168	1478.826	1.6459	17.4001	2433.926	0.6405	0.5874
2.713	 3	46.9	10.232	0.0146	1478.399	1.6432	18.3667	2429.262	0.642	0.5928
2.723	 3	47.9	10.232	0.013	1477.758	1.6358	19.3334	2417.263	0.6463	0.5955
2.733	 3	48.9	10.237	0.0185	1480.619	1.6297	19.3062	2412.915	0.6498	0.5957
2.743	 3	49.9	10.248	0.0164	1480.283	1.6421	20.2088	2430.759	0.6426	0.5954
2.753	 3	50.9	10.248	0.0164	1481.996	1.6504	21.1711	2445.955	0.6378	0.5946
2.763	 3	51.9	10.248	0.0153	1480.069	1.6332	21.1711	2417.263	0.6478	0.5931
2.773	 3	52.9	10.247	0.0104	1475.238	1.634	24.0649	2410.478	0.6474	0.5915
2.783	 3	53.9	10.252	0.0082	1476.382	1.6385	23.0698	2419.027	0.6447	0.5892
2.793	 3	54.9	10.252	0.0082	1477.233	1.634	23.0698	2413.869	0.6473	0.5849
2.803	 3	55.9	10.26	0.0105	1477.747	1.6275	23.9771	2405.002	0.6511	0.5827
2.813	 3	56.9	10.274	0.0107	1478.912	1.6288	22.9277	2408.826	0.6504	0.5823
2.823	 3	57.9	10.277	0.0097	1485.33	1.6184	21.9539	2403.803	0.6564	0.5825
2.833	 3	58.9	10.276	0.009	1485.186	1.6116	21.96	2393.459	0.6604	0.5836
2.843	 3	59.9	10.276	0.0088	1483.47	1.6376	21.0052	2429.355	0.6452	0.5822
2.853	 3	60.9	10.269	0.0082	1484.603	1.6474	20.0899	2445.691	0.6396	0.5815
2.863	 3	61.9	10.263	0.0084	1485.669	1.6495	19.1655	2450.657	0.6383	0.5823
2.873	 3	62.9	10.258	0.0083	1492.073	1.6679	19.1924	2488.574	0.6277	0.583
2.883	 3	63.9	10.253	0.0087	1493.735	1.6884	18.2585	2521.979	0.6158	0.5851
2.893	 3	64.9	10.248	0.0143	1498.465	1.6873	18.2842	2528.407	0.6164	0.5856
2.903	 3	65.9	10.243	0.0149	1500.586	1.6863	18.3099	2530.43	0.617	0.586
2.913	 3	66.9	10.238	0.0213	1502.495	1.6862	17.3707	2533.49	0.6171	0.5879
2.923	 3	67.9	10.233	0.0199	1504.189	1.7039	17.3952	2562.951	0.6068	0.5905
2.933	 3	68.9	10.228	0.0263	1496.854	1.6673	16.4519	2495.657	0.628	0.5943
2.943	 3	69.9	10.228	0.0354	1494.011	1.6534	16.4519	2470.158	0.6361	0.5916
2.953	 3	70.9	10.226	0.0353	1491.323	1.6474	15.4929	2456.823	0.6396	0.5874
2.963	 3	71.9	10.223	0.0374	1489.582	1.6494	15.506	2456.9	0.6384	0.581
2.973	 3	72.9	10.223	0.0358	1488.497	1.6536	15.506	2461.352	0.636	0.575
2.983	 3	73.9	10.219	0.0365	1487.482	1.6572	15.5236	2465.107	0.6339	0.5683
2.993	 3	74.9	10.216	0.0301	1486.396	1.6466	14.5657	2447.556	0.64	0.5653
3.003	 3	75.9	10.209	0.0246	1483.651	1.6517	14.5945	2450.473	0.6371	0.5622
3.013	 3	76.9	10.214	0.0249	1486.105	1.6574	14.5739	2463.136	0.6337	0.5601
3.023	 3	77.9	10.21	0.0261	1484.659	1.6485	15.5631	2447.461	0.6389	0.559
3.033	 3	78.9	10.204	0.0246	1483.139	1.6408	14.6151	2433.601	0.6434	0.5586
3.043	 3	79.9	10.205	0.0327	1484.364	1.6365	15.5851	2429.228	0.6459	0.5576
3.053	 3	80.9	10.2	0.0254	1482.558	1.6418	15.6071	2434.041	0.6428	0.5474
3.063	 3	81.9	10.194	0.0177	1481.04	1.6481	15.6337	2440.906	0.6392	0.55
3.073	 3	82.9	10.194	0.0182	1481.255	1.638	15.6337	2426.32	0.645	0.5501
3.083	 3	83.9	10.19	0.0128	1476.17	1.6464	16.6296	2430.317	0.6402	0.549
3.093	 3	84.9	10.191	0.011	1475.46	1.66	16.6249	2449.232	0.6323	0.546
3.103	 3	85.9	10.196	0.0126	1480.686	1.6457	17.5779	2436.757	0.6405	0.5424
3.113	 3	86.9	10.202	0.0199	1484.143	1.6391	17.5481	2432.651	0.6444	0.54
3.123	 3	87.9	10.202	0.0224	1483.28	1.6534	17.5481	2452.43	0.6361	0.5374
3.133	 3	88.9	10.202	0.0183	1482.418	1.6424	19.4979	2434.652	0.6425	0.5374
3.143	 3	89.9	10.201	0.0196	1482.488	1.6479	18.5282	2442.941	0.6393	0.5386
3.153	 3	90.9	10.202	0.0226	1483.927	1.6329	18.523	2423.109	0.648	0.5396
3.163	 3	91.9	10.201	0.0204	1482.703	1.6553	19.5034	2454.386	0.635	0.5404
3.173	 3	92.9	10.206	0.0179	1482.353	1.656	20.4496	2454.829	0.6346	0.5413
3.183	 3	93.9	10.207	0.0172	1483.144	1.6508	20.4438	2448.342	0.6376	0.5437
3.193	 3	94.9	10.207	0.0221	1485.735	1.6622	20.4438	2469.592	0.631	0.5455
3.203	 3	95.9	10.207	0.0249	1486.384	1.6637	21.4174	2472.919	0.6301	0.549
3.213	 3	96.9	10.207	0.021	1483.791	1.6398	22.3909	2433.077	0.644	0.5511
3.223	 3	97.9	10.202	0.0169	1485.44	1.6397	22.4226	2435.655	0.644	0.5532
3.233	 3	98.9	10.196	0.0372	1488.902	1.652	22.4607	2459.606	0.6369	0.5542
3.243	 3	99.9	10.195	0.0345	1491.587	1.6373	22.467	2442.124	0.6454	0.5551
3.253	 3	100.9	10.196	0.0318	1489.99	1.6523	22.4607	2461.85	0.6367	0.5575
3.263	 3	101.9	10.2	0.0351	1490.792	1.6459	23.4107	2453.758	0.6404	0.5586
3.273	 3	102.9	10.206	0.0466	1493.197	1.656	23.371	2472.787	0.6346	0.5599
3.283	 3	103.9	10.207	0.0431	1492.47	1.6556	23.3644	2470.893	0.6348	0.5604
3.293	 3	104.9	10.211	0.0276	1488.918	1.6525	24.3104	2460.474	0.6366	0.5599
3.303	 3	105.9	10.211	0.0219	1490.222	1.6634	23.338	2478.783	0.6303	0.5601
3.313	 3	106.9	10.216	0.0239	1492.912	1.6717	24.2761	2495.65	0.6255	0.5608
3.323	 3	107.9	10.218	0.0375	1491.679	1.6821	24.2624	2509.106	0.6194	0.5599
3.333	 3	108.9	10.218	0.0368	1492.768	1.6765	24.2624	2502.681	0.6227	0.5566
3.343	 3	109.9	10.221	0.0358	1490.811	1.6715	24.2419	2491.827	0.6256	0.5503
3.353	 3	110.9	10.225	0.033	1494.009	1.6751	23.2459	2502.589	0.6235	0.5427
3.363	 3	111.9	10.228	0.0379	1495.54	1.6694	23.2263	2496.654	0.6268	0.5385
3.373	 3	112.9	10.229	0.0435	1496.781	1.6711	23.2197	2501.219	0.6258	0.5357
3.383	 3	113.9	10.231	0.0387	1497.073	1.6738	23.2066	2505.793	0.6242	0.5347
3.393	 3	114.9	10.243	0.047	1500.146	1.6618	23.1283	2492.937	0.6312	0.5367
3.403	 3	115.9	10.245	0.0392	1499.122	1.6648	23.1153	2495.747	0.6295	0.5406
3.413	 3	116.9	10.25	0.039	1503.373	1.7134	23.0828	2575.842	0.6013	0.5471
3.423	 3	117.9	10.26	0.0274	1508.824	1.7245	23.9771	2601.941	0.5948	0.5483
3.433	 3	118.9	10.27	0.0358	1502.78	1.6614	22.9534	2496.658	0.6315	0.5837
3.443	 3	119.9	10.272	0.0493	1493.892	1.6421	22.9405	2453.144	0.6426	0.5864
3.453	 3	120.9	10.28	0.0336	1489.639	1.6196	22.8891	2412.676	0.6557	0.5878
3.463	 3	121.9	10.282	0.0288	1492.308	1.664	23.8295	2483.156	0.6299	0.5899
3.473	 3	122.9	10.286	0.0269	1493.539	1.6387	22.8506	2447.451	0.6446	0.5915
3.483	 3	123.9	10.296	0.0253	1495.642	1.6499	21.8373	2467.71	0.6381	0.592
3.493	 3	124.9	10.306	0.0275	1495.357	1.6465	22.7231	2462.156	0.6401	0.591
3.503	 3	125.9	10.351	0.0236	1494.729	1.6346	21.5047	2443.309	0.647	0.5918
3.513	 3	126.9	10.389	0.0164	1495.25	1.6384	21.2791	2449.881	0.6448	0.5894
3.523	 3	127.9	10.378	0.0122	1499.061	1.6268	21.3441	2438.699	0.6515	0.5869
3.533	 3	128.9	10.402	0.0073	1502.745	1.6373	21.2027	2460.427	0.6454	0.5879
3.543	 3	129.9	10.756	0.0002	1513.65	1.5965	19.2615	2416.5	0.6691	0.5904
3.553	 3	130.9	10.736	0.0	110.4027	1.6065	19.3644	177.3617	0.6633	0.599
3.563	 3	131.9	10.686	0.0	109.8885	1.617	19.6249	177.6877	0.6572	0.6186
3.573	 3	132.9	10.655	0.0001	1478.834	1.6343	18.9285	2416.826	0.6472	0.656
3.583	 3	133.9	10.602	0.0002	1514.139	1.6313	19.2011	2470.001	0.6489	0.7283
3.593	 3	134.9	10.536	0.0006	1506.434	1.6589	19.5482	2498.957	0.6329	0.8568
3.603	 3	135.9	10.546	0.0003	1501.851	1.6375	18.6089	2459.349	0.6453	1.0643
3.613	 3	136.9	10.525	0.0002	1487.212	1.6375	17.8245	2435.313	0.6453	1.3244
3.623	 3	137.9	10.786	0.0	110.9169	1.1452	16.6163	127.0208	0.9309	1.5096
3.633	 4	0.2	10.825	0.0	111.3179	0.4474	15.6234	49.8042	1.3356	1.5203
3.643	 4	1.2	10.854	0.0	111.6161	1.5964	17.1365	178.1785	0.6692	1.3364
3.653	 4	2.2	10.908	0.0	112.1714	1.6055	16.8955	180.0968	0.6638	1.0824
3.663	 4	3.2	10.878	0.0	111.8629	1.6115	17.0288	180.2637	0.6604	0.8659
3.673	 4	4.2	10.821	0.0002	1447.432	1.6302	18.1094	2359.626	0.6495	0.7285
3.683	 4	5.2	10.444	0.0003	1522.227	1.6781	20.0471	2554.483	0.6217	0.6497
3.693	 4	6.2	10.294	0.0089	1496.438	1.6703	21.8495	2499.444	0.6263	0.607
3.703	 4	7.2	10.213	0.01	1495.972	1.6838	21.3811	2518.943	0.6184	0.586
3.713	 4	8.2	10.196	0.031	1493.263	1.6882	22.4607	2520.884	0.6159	0.5747
3.723	 4	9.2	10.19	0.0308	1492.603	1.7222	22.4989	2570.539	0.5962	0.5706
3.733	 4	10.2	10.19	0.0275	1499.632	1.6957	21.5206	2542.909	0.6115	0.5685
3.743	 4	11.2	10.19	0.0545	1501.842	1.7117	22.4989	2570.7	0.6023	0.5681
3.753	 4	12.2	10.19	0.0574	1500.957	1.7228	22.4989	2585.886	0.5958	0.5672
3.763	 4	13.2	10.195	0.049	1500.589	1.7236	23.4438	2586.381	0.5954	0.5635
3.773	 4	14.2	10.2	0.0344	1498.898	1.7243	23.4107	2584.598	0.5949	0.5577
3.783	 4	15.2	10.205	0.0378	1500.294	1.707	22.4035	2560.962	0.605	0.5512
3.793	 4	16.2	10.216	0.0469	1496.85	1.6998	22.334	2544.341	0.6092	0.5466
3.803	 4	17.2	10.221	0.0285	1494.08	1.6782	21.3328	2507.353	0.6217	0.5425
3.813	 4	18.2	10.226	0.0445	1495.466	1.67	21.3028	2497.475	0.6264	0.5398
3.823	 4	19.2	10.225	0.0385	1494.664	1.6566	19.3716	2476.007	0.6342	0.5367
3.833	 4	20.2	10.235	0.042	1496.345	1.6368	18.3512	2449.159	0.6457	0.5333
3.843	 4	21.2	10.24	0.0405	1492.276	1.6395	17.3609	2446.606	0.6441	0.5301
3.853	 4	22.2	10.243	0.0374	1493.149	1.6234	18.3099	2424.041	0.6535	0.5279
3.863	 4	23.2	10.245	0.0497	1492.135	1.6435	17.3365	2452.27	0.6418	0.5242
3.873	 4	24.2	10.249	0.0329	1488.382	1.6342	16.3549	2432.359	0.6472	0.5207
3.883	 4	25.2	10.253	0.0307	1484.221	1.6419	16.3365	2436.919	0.6428	0.5174
3.893	 4	26.2	10.254	0.0247	1484.151	1.6349	16.3319	2426.452	0.6468	0.5144
3.903	 4	27.2	10.255	0.023	1484.941	1.6265	16.3273	2415.275	0.6517	0.513
3.913	 4	28.2	10.255	0.0213	1489.037	1.6538	18.2482	2462.6	0.6358	0.5119
3.923	 4	29.2	10.255	0.0178	1491.203	1.6671	17.2878	2486.033	0.6281	0.5142
3.933	 4	30.2	10.255	0.0137	1488.821	1.6538	19.2086	2462.243	0.6358	0.5165
3.943	 4	31.2	10.25	0.0126	1486.153	1.6725	19.2357	2485.63	0.625	0.5228
3.953	 4	32.2	10.244	0.0138	1488.953	1.6562	19.2682	2466.002	0.6345	0.5259
3.963	 4	33.2	10.244	0.0161	1488.953	1.6541	20.2316	2462.866	0.6357	0.5281
3.973	 4	34.2	10.244	0.0155	1489.603	1.6647	21.195	2479.69	0.6295	0.5309
3.983	 4	35.2	10.245	0.0133	1489.099	1.6633	21.189	2476.801	0.6303	0.5356
3.993	 4	36.2	10.245	0.0119	1489.965	1.663	21.189	2477.791	0.6305	0.5417
4.003	 4	37.2	10.24	0.0118	1487.723	1.6469	21.2189	2450.205	0.6398	0.5534
4.013	 4	38.2	10.24	0.0136	1487.507	1.6472	22.1834	2450.293	0.6396	0.5628
4.023	 4	39.2	10.239	0.0108	1483.483	1.651	22.1896	2449.227	0.6375	0.5692
4.033	 4	40.2	10.241	0.0104	1482.484	1.6258	23.1413	2410.231	0.6521	0.5745
4.043	 4	41.2	10.231	0.0103	1481.036	1.6359	23.2066	2422.862	0.6462	0.5781
4.053	 4	42.2	10.23	0.0103	1481.106	1.6594	23.2132	2457.703	0.6326	0.5789
4.063	 4	43.2	10.231	0.0104	1486.632	1.6842	23.2066	2503.857	0.6182	0.5778
4.073	 4	44.2	10.23	0.0084	1482.823	1.6507	23.2132	2447.626	0.6377	0.5791
4.083	 4	45.2	10.231	0.0071	1483.183	1.6713	23.2066	2478.918	0.6257	0.5798
4.093	 4	46.2	10.226	0.0089	1482.459	1.6621	23.2394	2464.046	0.631	0.5826
4.103	 4	47.2	10.227	0.013	1482.174	1.6562	24.2009	2454.836	0.6344	0.5842
4.113	 4	48.2	10.222	0.0134	1489.219	1.6625	23.2656	2475.801	0.6308	0.5864
4.123	 4	49.2	10.237	0.0237	1493.58	1.6667	23.1674	2489.373	0.6284	0.5855
4.133	 4	50.2	10.24	0.0242	1491.19	1.6653	23.1479	2483.301	0.6292	0.5836
4.143	 4	51.2	10.247	0.0214	1497.443	1.6405	23.1023	2456.507	0.6436	0.5803
4.153	 4	52.2	10.256	0.0193	1498.758	1.6645	23.0439	2494.739	0.6296	0.5774
4.163	 4	53.2	10.261	0.0253	1502.123	1.6592	22.0527	2492.296	0.6327	0.5741
4.173	 4	54.2	10.271	0.0255	1502.267	1.6503	19.1225	2479.257	0.6379	0.5767
4.183	 4	55.2	10.269	0.0256	1501.096	1.6477	22.0032	2473.311	0.6394	0.5763
4.193	 4	56.2	10.28	0.0221	1497.669	1.6411	22.8891	2457.878	0.6432	0.5756
4.203	 4	57.2	10.28	0.0235	1496.361	1.6513	21.9354	2470.94	0.6373	0.5772
4.213	 4	58.2	10.284	0.0195	1497.161	1.6489	21.9108	2468.604	0.6387	0.5796
4.223	 4	59.2	10.288	0.016	1497.525	1.6354	21.8863	2449.068	0.6465	0.5809
4.233	 4	60.2	10.29	0.0264	1502.848	1.6518	21.874	2482.4	0.637	0.5849
4.243	 4	61.2	10.289	0.0198	1504.02	1.668	22.8315	2508.729	0.6276	0.5876
4.253	 4	62.2	10.285	0.019	1505.636	1.669	22.8571	2512.862	0.627	0.5899
4.263	 4	63.2	10.28	0.0161	1510.432	1.7036	21.9354	2573.219	0.6069	0.5916
4.273	 4	64.2	10.273	0.0212	1511.402	1.6654	21.9785	2517.132	0.6291	0.5941
4.283	 4	65.2	10.259	0.0146	1508.898	1.6843	22.0651	2541.413	0.6182	0.5963
4.293	 4	66.2	10.255	0.0203	1508.976	1.6739	22.0899	2525.803	0.6242	0.5982
4.303	 4	67.2	10.256	0.0164	1510.679	1.7016	22.0837	2570.61	0.6081	0.5987
4.313	 4	68.2	10.247	0.0175	1515.38	1.6972	22.1397	2571.836	0.6107	0.5979
4.323	 4	69.2	10.242	0.0197	1511.065	1.7154	22.1709	2592.005	0.6001	0.5976
4.333	 4	70.2	10.243	0.0394	1505.881	1.6703	22.1646	2515.282	0.6263	0.5987
4.343	 4	71.2	10.238	0.0379	1497.003	1.6587	22.1959	2483.043	0.633	0.6012
4.353	 4	72.2	10.258	0.0318	1496.644	1.6676	22.0713	2495.743	0.6279	0.6019
4.363	 4	73.2	10.248	0.0341	1498.465	1.661	22.1335	2488.927	0.6317	0.6
4.373	 4	74.2	10.247	0.0412	1500.512	1.6869	20.2145	2531.178	0.6167	0.5978
4.383	 4	75.2	10.242	0.0293	1500.22	1.6905	20.243	2536.113	0.6146	0.595
4.393	 4	76.2	10.237	0.0403	1498.39	1.6655	21.2368	2495.568	0.6291	0.5911
4.403	 4	77.2	10.228	0.0323	1494.229	1.6624	20.323	2484.03	0.6308	0.589
4.413	 4	78.2	10.232	0.0311	1496.125	1.6745	19.3334	2505.335	0.6238	0.5857
4.423	 4	79.2	10.229	0.0307	1493.285	1.68	18.3823	2508.646	0.6207	0.5819
4.433	 4	80.2	10.225	0.0335	1495.32	1.6696	18.403	2496.563	0.6267	0.5795
4.443	 4	81.2	10.219	0.0372	1495.318	1.6536	18.4342	2472.7	0.6359	0.5782
4.453	 4	82.2	10.214	0.0423	1493.93	1.668	18.4603	2491.925	0.6276	0.5767
4.463	 4	83.2	10.204	0.036	1491.595	1.6875	17.5382	2517.016	0.6163	0.5774
4.473	 4	84.2	10.211	0.0285	1493.928	1.678	17.5035	2506.801	0.6218	0.5766
4.483	 4	85.2	10.211	0.0215	1491.964	1.6737	17.5035	2497.108	0.6243	0.5766
4.493	 4	86.2	10.206	0.0196	1492.105	1.6927	16.5545	2525.715	0.6133	0.5745
4.503	 4	87.2	10.201	0.0171	1488.328	1.6605	15.6027	2471.311	0.632	0.5747
4.513	 4	88.2	10.201	0.0193	1488.762	1.6635	16.5779	2476.53	0.6302	0.5759
4.523	 4	89.2	10.202	0.0188	1485.656	1.6546	15.5983	2458.141	0.6354	0.5702
4.533	 4	90.2	10.201	0.0183	1485.727	1.6647	15.6027	2473.279	0.6295	0.571
4.543	 4	91.2	10.202	0.0179	1485.872	1.6773	15.5983	2492.292	0.6222	0.5695
4.553	 4	92.2	10.201	0.0257	1490.067	1.6641	14.6275	2479.602	0.6299	0.5674
4.563	 4	93.2	10.205	0.0233	1490.434	1.6689	13.6369	2487.378	0.6271	0.5649
4.573	 4	94.2	10.202	0.0263	1490.649	1.6621	15.5983	2477.622	0.631	0.5635
4.583	 4	95.2	10.203	0.0206	1485.585	1.6717	14.6193	2483.392	0.6255	0.5616
4.593	 4	96.2	10.205	0.0174	1488.477	1.6592	14.611	2469.693	0.6327	0.5583
4.603	 4	97.2	10.207	0.0224	1488.769	1.6692	15.5763	2485.019	0.6269	0.558
4.613	 4	98.2	10.207	0.0193	1486.168	1.6649	15.5763	2474.359	0.6294	0.5551
4.623	 4	99.2	10.207	0.0172	1484.439	1.6643	15.5763	2470.581	0.6297	0.5539
4.633	 4	100.2	10.212	0.0163	1486.679	1.6717	15.5543	2485.296	0.6255	0.5544
4.643	 4	101.2	10.213	0.0155	1486.825	1.6673	14.578	2478.96	0.628	0.555
4.653	 4	102.2	10.214	0.0127	1489.138	1.6754	14.5739	2494.835	0.6233	0.5564
4.663	 4	103.2	10.217	0.0107	1491.315	1.6869	14.5616	2515.648	0.6167	0.5583
4.673	 4	104.2	10.217	0.01	1492.622	1.6856	14.5616	2516.006	0.6174	0.5596
4.683	 4	105.2	10.217	0.0094	1492.84	1.6804	14.5616	2508.548	0.6204	0.561
4.693	 4	106.2	10.222	0.015	1494.663	1.7001	14.541	2541.005	0.609	0.5656
4.703	 4	107.2	10.216	0.012	1492.258	1.6929	14.5657	2526.286	0.6132	0.5702
4.713	 4	108.2	10.216	0.006	1487.045	1.6714	13.5946	2485.388	0.6257	0.5738
4.723	 4	109.2	10.221	0.0104	1488.64	1.6844	14.5451	2507.391	0.6181	0.5768
4.733	 4	110.2	10.221	0.0093	1488.423	1.681	14.5451	2501.978	0.6201	0.5785
4.743	 4	111.2	10.222	0.0084	1488.568	1.6725	14.541	2489.654	0.625	0.5814
4.753	 4	112.2	10.23	0.0088	1489.517	1.6639	13.541	2478.418	0.63	0.5843
4.763	 4	113.2	10.231	0.0094	1492.269	1.6744	12.5703	2498.666	0.6239	0.5852
4.773	 4	114.2	10.236	0.0078	1492.128	1.6596	13.5181	2476.343	0.6325	0.5881
4.783	 4	115.2	10.241	0.0087	1497.879	1.674	12.5349	2507.443	0.6241	0.5893
4.793	 4	116.2	10.244	0.0081	1497.88	1.6769	11.5609	2511.761	0.6225	0.5906
4.803	 4	117.2	10.245	0.0158	1505.953	1.6801	12.5208	2530.148	0.6206	0.5879
4.813	 4	118.2	10.246	0.0182	1495.766	1.6571	11.5544	2478.605	0.6339	0.5863
4.823	 4	119.2	10.251	0.0153	1496.715	1.6831	11.5381	2519.155	0.6188	0.5842
4.833	 4	120.2	10.251	0.0208	1496.059	1.6837	10.5766	2518.977	0.6185	0.5831
4.843	 4	121.2	10.257	0.0215	1492.579	1.6692	9.5989	2491.481	0.6269	0.5809
4.853	 4	122.2	10.261	0.0202	1490.558	1.6671	10.5469	2484.867	0.6281	0.579
4.863	 4	123.2	10.262	0.0128	1488.973	1.6476	10.544	2453.226	0.6394	0.5784
4.873	 4	124.2	10.271	0.0183	1491.36	1.6509	9.5612	2462.153	0.6375	0.581
4.883	 4	125.2	10.275	0.0141	1491.508	1.6548	8.5955	2468.164	0.6353	0.5871
4.893	 4	126.2	10.28	0.0138	1492.451	1.6579	9.5371	2474.376	0.6335	0.6162
4.903	 4	127.2	10.291	0.0133	1489.722	1.6456	8.557	2451.547	0.6406	0.6232
4.913	 4	128.2	10.287	0.0134	1489.359	1.6371	8.5666	2438.155	0.6456	0.6273
4.923	 4	129.2	10.295	0.0164	1490.517	1.6346	7.5977	2436.389	0.647	0.6295
4.933	 4	130.2	10.307	0.0155	1491.175	1.6518	7.5722	2463.089	0.637	0.6326
4.943	 4	131.2	10.306	0.0108	1488.876	1.648	8.5212	2453.716	0.6392	0.632
4.953	 4	132.2	10.316	0.01	1491.182	1.6342	8.4974	2436.925	0.6472	0.6296
4.963	 4	133.2	10.324	0.0105	1490.185	1.6389	8.4784	2442.251	0.6445	0.6363
4.973	 4	134.2	10.325	0.0069	1491.405	1.6525	8.4761	2464.562	0.6366	0.633
4.983	 4	135.2	10.346	0.0067	1497.25	1.657	8.4266	2480.953	0.634	0.6323
4.993	 4	136.2	10.372	0.0064	1492.589	1.6507	8.3659	2463.874	0.6376	0.6344
5.003	 4	137.2	10.525	0.002	1507.232	1.6366	8.021	2466.737	0.6458	0.6427
5.013	 4	138.2	10.61	0.0015	1510.965	1.622	7.838	2450.789	0.6543	0.6569
5.023	 4	139.2	10.588	0.0005	1486.87	1.6356	8.7609	2431.854	0.6464	0.6691
5.033	 4	140.2	10.568	0.0005	1519.482	1.6551	8.8086	2514.831	0.6351	0.6818
5.043	 4	141.2	10.552	0.0017	1502.064	1.6432	7.9622	2468.264	0.642	0.7133
5.053	 4	142.2	10.511	0.0009	1502.859	1.657	8.9464	2490.198	0.634	0.7954
5.063	 4	143.2	10.486	0.0034	1501.217	1.6536	8.107	2482.399	0.636	0.9572
5.073	 4	144.2	10.45	0.0183	1493.284	1.6511	8.1876	2465.518	0.6374	1.1987
5.083	 4	145.2	10.745	0.0001	1356.521	1.6224	8.3991	2200.8	0.6541	1.4369
5.093	 4	146.2	10.95	0.0	112.6033	1.1796	7.9578	132.8237	0.9109	1.5126
5.103	 5	0.9	10.993	0.0	113.0455	1.4602	7.8694	165.0728	0.7481	1.3754
5.113	 5	1.9	10.977	0.001	1551.739	1.6267	7.9021	2524.168	0.6516	1.1371
5.123	 5	2.9	10.946	0.0004	1533.053	1.642	7.9661	2517.328	0.6427	0.929
5.133	 5	3.9	10.893	0.0001	1524.99	1.62	8.0771	2470.549	0.6554	0.7962
5.143	 5	4.9	10.722	0.0	110.2587	1.5905	8.4508	175.3612	0.6726	0.7216
5.153	 5	5.9	10.354	0.0134	1515.959	1.6461	9.3421	2495.388	0.6403	0.6794
5.163	 5	6.9	10.265	0.0427	1505.794	1.648	10.5351	2481.567	0.6392	0.6556
5.173	 5	7.9	10.19	0.0569	1506.06	1.6632	9.7821	2504.818	0.6304	0.64
5.183	 5	8.9	10.19	0.1032	1507.173	1.6765	10.7603	2526.841	0.6227	0.6276
5.193	 5	9.9	10.185	0.0951	1500.221	1.6697	10.7756	2504.976	0.6266	0.6191
5.203	 5	10.9	10.189	0.0759	1499.706	1.6884	10.7634	2532.106	0.6158	0.6129
5.213	 5	11.9	10.19	0.0609	1498.97	1.691	10.7603	2534.796	0.6143	0.6101
5.223	 5	12.9	10.191	0.0423	1498.236	1.6688	10.7573	2500.188	0.6272	0.6085
5.233	 5	13.9	10.195	0.0558	1499.926	1.6843	10.7451	2526.356	0.6181	0.6116
5.243	 5	14.9	10.202	0.0385	1495.237	1.6624	10.7238	2485.699	0.6309	0.6139
5.253	 5	15.9	10.208	0.035	1495.459	1.6721	10.7057	2500.496	0.6253	0.6135
5.263	 5	16.9	10.21	0.0383	1495.532	1.6482	11.6723	2464.939	0.6391	0.6114
5.273	 5	17.9	10.215	0.0214	1492.112	1.6564	11.6558	2471.504	0.6344	0.606
5.283	 5	18.9	10.225	0.0314	1495.102	1.6638	10.6544	2487.567	0.63	0.599
5.293	 5	19.9	10.23	0.0318	1496.927	1.6555	11.6066	2478.093	0.6349	0.5926
5.303	 5	20.9	10.235	0.0406	1498.536	1.6388	11.5902	2455.848	0.6445	0.5889
5.313	 5	21.9	10.244	0.0253	1496.785	1.661	12.5243	2486.203	0.6317	0.5868
5.323	 5	22.9	10.245	0.0256	1500.659	1.6736	11.5576	2511.575	0.6243	0.5838
5.333	 5	23.9	10.245	0.0322	1504.184	1.7136	12.5208	2577.533	0.6012	0.5816
5.343	 5	24.9	10.247	0.0228	1504.257	1.718	11.5511	2584.341	0.5986	0.5803
5.353	 5	25.9	10.253	0.0242	1502.711	1.6834	11.5317	2529.684	0.6187	0.5792
5.363	 5	26.9	10.255	0.0254	1502.344	1.6754	12.4856	2517.006	0.6233	0.5799
5.373	 5	27.9	10.255	0.0249	1504.327	1.6887	15.3669	2540.301	0.6156	0.5802
5.383	 5	28.9	10.259	0.0352	1504.252	1.6692	11.5122	2510.937	0.6269	0.5811
5.393	 5	29.9	10.255	0.0353	1501.244	1.6775	12.4856	2518.391	0.6221	0.5861
5.403	 5	30.9	10.252	0.0277	1499.488	1.6734	12.4961	2509.279	0.6245	0.5927
5.413	 5	31.9	10.254	0.0252	1499.342	1.671	12.4891	2505.335	0.6259	0.6
5.423	 5	32.9	10.251	0.0235	1498.684	1.6803	12.4997	2518.307	0.6204	0.6059
5.433	 5	33.9	10.25	0.0195	1498.757	1.6861	12.5032	2527.013	0.6171	0.6093
5.443	 5	34.9	10.25	0.0203	1498.976	1.6954	12.5032	2541.376	0.6117	0.6111
5.453	 5	35.9	10.251	0.0172	1499.342	1.6915	12.4997	2536.135	0.614	0.615
5.463	 5	36.9	10.247	0.0223	1500.293	1.6788	12.5137	2518.76	0.6213	0.6203
5.473	 5	37.9	10.245	0.0304	1502.199	1.7079	14.4471	2565.56	0.6045	0.6312
5.483	 5	38.9	10.24	0.0232	1499.927	1.6828	13.5029	2524.029	0.619	0.6435
5.493	 5	39.9	10.241	0.023	1499.414	1.686	13.4991	2528.019	0.6172	0.6515
5.503	 5	40.9	10.23	0.0178	1500.44	1.7063	13.541	2560.149	0.6054	0.662
5.513	 5	41.9	10.231	0.014	1498.608	1.7011	14.5041	2549.23	0.6084	0.669
5.523	 5	42.9	10.226	0.0113	1498.534	1.7095	15.4929	2561.685	0.6036	0.6708
5.533	 5	43.9	10.221	0.0084	1503.53	1.7253	15.5148	2593.999	0.5944	0.6712
5.543	 5	44.9	10.226	0.009	1503.823	1.7222	15.4929	2589.864	0.5962	0.6709
5.553	 5	45.9	10.226	0.007	1498.315	1.7	15.4929	2547.157	0.609	0.6804
5.563	 5	46.9	10.227	0.0074	1499.78	1.7017	16.4566	2552.221	0.608	0.6811
5.573	 5	47.9	10.227	0.0071	1502.203	1.6899	16.4566	2538.52	0.6149	0.6798
5.583	 5	48.9	10.232	0.0063	1498.755	1.7009	18.3667	2549.23	0.6085	0.679
5.593	 5	49.9	10.232	0.0048	1499.414	1.6921	18.3667	2537.228	0.6136	0.6785
5.603	 5	50.9	10.234	0.0043	1502.349	1.6862	18.3564	2533.303	0.617	0.6774
5.613	 5	51.9	10.231	0.0036	1501.468	1.6895	19.3389	2536.75	0.6151	0.6765
5.623	 5	52.9	10.236	0.002	1502.642	1.6871	19.3116	2535.165	0.6165	0.6786
5.633	 5	53.9	10.237	0.0018	1499.048	1.6796	19.3062	2517.744	0.6209	0.6798
5.643	 5	54.9	10.241	0.0023	1501.393	1.6938	19.2844	2543.021	0.6127	0.6843
5.653	 5	55.9	10.256	0.002	1504.916	1.6891	20.1634	2541.981	0.6154	0.6876
5.663	 5	56.9	10.258	0.0027	1507.421	1.6944	20.1521	2554.172	0.6123	0.6905
5.673	 5	57.9	10.248	0.0029	1499.561	1.6961	19.2465	2543.333	0.6113	0.6949
5.683	 5	58.9	10.253	0.0044	1501.831	1.7006	19.2194	2553.941	0.6087	0.697
5.693	 5	59.9	10.253	0.0043	1506.908	1.7328	19.2194	2611.108	0.59	0.6995
5.703	 5	60.9	10.248	0.0029	1511.727	1.7362	19.2465	2624.659	0.5881	0.7031
5.713	 5	61.9	10.248	0.0031	1515.976	1.7214	18.2842	2609.551	0.5967	0.7076
5.723	 5	62.9	10.243	0.0031	1517.032	1.7587	19.2736	2668.007	0.575	0.7169
5.733	 5	63.9	10.247	0.003	1525.078	1.7737	18.2893	2705.033	0.5663	0.7271
5.743	 5	64.9	10.247	0.002	1537.434	1.811	17.3267	2784.265	0.5447	0.7325
5.753	 5	65.9	10.242	0.0022	1549.236	1.8365	18.3151	2845.195	0.5299	0.7353
5.763	 5	66.9	10.242	0.0031	1532.775	1.6914	17.3511	2592.578	0.614	0.7315
5.773	 5	67.9	10.238	0.0064	1506.918	1.6961	18.3357	2555.95	0.6113	0.7247
5.783	 5	68.9	10.232	0.005	1498.755	1.6859	18.3667	2526.809	0.6172	0.7206
5.793	 5	69.9	10.239	0.0035	1500.22	1.6768	17.3658	2515.531	0.6225	0.7121
5.803	 5	70.9	10.228	0.006	1499.047	1.6801	16.4519	2518.574	0.6206	0.7026
5.813	 5	71.9	10.228	0.0084	1501.248	1.6829	15.4842	2526.434	0.619	0.6958
5.823	 5	72.9	10.224	0.007	1501.983	1.6854	15.5017	2531.445	0.6175	0.6886
5.833	 5	73.9	10.214	0.0064	1500.514	1.6951	14.5739	2543.565	0.6119	0.6834
5.843	 5	74.9	10.209	0.0065	1501.323	1.6907	14.5945	2538.24	0.6145	0.6771
5.853	 5	75.9	10.204	0.0062	1502.577	1.6962	13.6408	2548.62	0.6113	0.6709
5.863	 5	76.9	10.199	0.0059	1500.294	1.7092	12.6844	2564.362	0.6037	0.6667
5.873	 5	77.9	10.2	0.0035	1499.779	1.6915	11.7054	2536.935	0.614	0.6645
5.883	 5	78.9	10.191	0.0035	1502.211	1.6819	11.7352	2526.57	0.6195	0.6597
5.893	 5	79.9	10.184	0.003	1498.308	1.6951	11.7585	2539.827	0.6119	0.6559
5.903	 5	80.9	10.185	0.0032	1502.656	1.6953	10.7756	2547.414	0.6118	0.6531
5.913	 5	81.9	10.185	0.0037	1506.88	1.704	10.7756	2567.766	0.6067	0.6536
5.923	 5	82.9	10.185	0.0093	1514.723	1.6891	9.796	2558.467	0.6154	0.6546
5.933	 5	83.9	10.191	0.0144	1510.225	1.6724	9.7793	2525.711	0.6251	0.6547
5.943	 5	84.9	10.191	0.0172	1499.117	1.6801	9.7793	2518.602	0.6206	0.6528
5.953	 5	85.9	10.196	0.0115	1502.505	1.7022	9.7655	2557.55	0.6078	0.6493
5.963	 5	86.9	10.199	0.0246	1502.504	1.6967	9.7572	2549.277	0.611	0.6455
5.973	 5	87.9	10.201	0.0112	1498.384	1.6904	9.7517	2532.931	0.6146	0.6432
5.983	 5	88.9	10.202	0.009	1502.725	1.6965	9.7489	2549.371	0.6111	0.6437
5.993	 5	89.9	10.202	0.0077	1501.398	1.6872	8.774	2533.126	0.6165	0.6454
6.003	 5	90.9	10.207	0.0084	1502.797	1.7187	8.7616	2582.827	0.5982	0.6508
6.013	 5	91.9	10.208	0.0149	1504.052	1.7008	9.7324	2558.115	0.6086	0.6572
6.023	 5	92.9	10.213	0.0148	1499.266	1.6975	8.7468	2544.974	0.6105	0.6617
6.033	 5	93.9	10.213	0.0099	1500.588	1.6981	8.7468	2548.156	0.6101	0.6679
6.043	 5	94.9	10.213	0.0095	1506.12	1.6975	8.7468	2556.609	0.6105	0.6717
6.053	 5	95.9	10.213	0.0152	1507.899	1.6953	9.7187	2556.333	0.6118	0.667
6.063	 5	96.9	10.206	0.0154	1509.093	1.7122	9.7379	2583.834	0.602	0.6679
6.073	 5	97.9	10.202	0.0135	1502.946	1.7356	9.7489	2608.485	0.5884	0.6706
6.083	 5	98.9	10.201	0.0105	1503.242	1.7067	9.7517	2565.579	0.6052	0.671
6.093	 5	99.9	10.201	0.0047	1500.809	1.7232	9.7517	2586.199	0.5956	0.6723
6.103	 5	100.9	10.201	0.0032	1499.045	1.7095	10.7269	2562.671	0.6035	0.6753
6.113	 5	101.9	10.201	0.0034	1498.825	1.7248	10.7269	2585.178	0.5947	0.6749
6.123	 5	102.9	10.207	0.0031	1498.385	1.726	10.7087	2586.262	0.5939	0.6778
6.133	 5	103.9	10.201	0.0026	1494.652	1.7325	11.702	2589.514	0.5902	0.68
6.143	 5	104.9	10.211	0.0026	1495.679	1.7206	11.669	2573.401	0.5971	0.6816
6.153	 5	105.9	10.212	0.0022	1496.264	1.7045	10.6936	2550.448	0.6064	0.6837
6.163	 5	106.9	10.211	0.0023	1498.313	1.7155	11.669	2570.297	0.6001	0.6839
6.173	 5	107.9	10.206	0.0026	1494.946	1.6952	10.7117	2534.248	0.6118	0.6813
6.183	 5	108.9	10.206	0.0031	1497.799	1.7163	12.6593	2570.674	0.5996	0.6758
6.193	 5	109.9	10.206	0.0035	1501.766	1.7144	12.6593	2574.621	0.6007	0.671
6.203	 5	110.9	10.205	0.003	1500.515	1.6985	12.6629	2548.621	0.6099	0.667
6.213	 5	111.9	10.2	0.0033	1498.458	1.7072	12.6808	2558.136	0.6049	0.662
6.223	 5	112.9	10.199	0.0031	1494.359	1.7223	13.6601	2573.678	0.5961	0.656
6.233	 5	113.9	10.196	0.0029	1493.919	1.7028	13.6717	2543.872	0.6074	0.6518
6.243	 5	114.9	10.202	0.0027	1499.192	1.7037	13.6485	2554.172	0.6069	0.6493
6.253	 5	115.9	10.196	0.0023	1499.191	1.7072	14.6483	2559.448	0.6049	0.6494
6.263	 5	116.9	10.195	0.0024	1493.335	1.7068	14.6524	2548.76	0.6051	0.649
6.273	 5	117.9	10.187	0.0023	1490.635	1.709	15.6647	2547.559	0.6038	0.6512
6.283	 5	118.9	10.191	0.002	1492.312	1.7262	15.6469	2575.993	0.5939	0.6566
6.293	 5	119.9	10.186	0.0019	1491.799	1.7409	16.6484	2597.076	0.5853	0.6634
6.303	 5	120.9	10.192	0.002	1491.803	1.7073	15.6425	2546.895	0.6048	0.6676
6.313	 5	121.9	10.197	0.002	1492.535	1.7255	16.5967	2575.34	0.5943	0.6706
6.323	 5	122.9	10.191	0.0015	1492.531	1.7329	16.6249	2586.449	0.5899	0.6711
6.333	 5	123.9	10.191	0.0014	1496.256	1.7394	16.6249	2602.587	0.5862	0.6687
6.343	 5	124.9	10.191	0.0015	1496.696	1.7349	16.6249	2596.566	0.5888	0.6616
6.353	 5	125.9	10.189	0.0013	1496.842	1.7173	17.6128	2570.46	0.599	0.6535
6.363	 5	126.9	10.197	0.001	1497.137	1.7403	17.5729	2605.503	0.5857	0.6439
6.373	 5	127.9	10.202	0.0009	1496.772	1.7091	17.5481	2558.063	0.6038	0.6327
6.383	 5	128.9	10.215	0.0009	1496.484	1.7142	17.4837	2565.204	0.6008	0.624
6.393	 5	129.9	10.226	0.0008	1496.78	1.7129	18.3978	2563.901	0.6015	0.6161
6.403	 5	130.9	10.241	0.001	1498.317	1.7155	18.3202	2570.389	0.6	0.617
6.413	 5	131.9	10.251	0.0009	1498.246	1.7012	18.2687	2548.813	0.6084	0.6231
6.423	 5	132.9	10.255	0.001	1497.736	1.7106	18.2482	2562.08	0.6029	0.6568
6.433	 5	133.9	10.266	0.0011	1499.562	1.7003	19.1493	2549.678	0.6089	0.6754
6.443	 5	134.9	10.267	0.001	1500.585	1.7105	19.144	2566.807	0.6029	0.6819
6.453	 5	135.9	10.267	0.001	1500.365	1.708	19.144	2562.627	0.6044	0.6825
6.463	 5	136.9	10.273	0.0009	1499.052	1.6972	18.1562	2544.252	0.6106	0.6809
6.473	 5	137.9	10.277	0.0009	1499.198	1.7048	19.0903	2555.772	0.6063	0.6767
6.483	 5	138.9	10.285	0.0008	1499.927	1.6987	19.0475	2547.943	0.6098	0.6723
6.493	 5	139.9	10.295	0.0006	1499.636	1.6917	18.9943	2536.992	0.6138	0.6771
6.503	 5	140.9	10.3	0.0006	1500.583	1.69	18.9677	2535.957	0.6149	0.6791
6.513	 5	141.9	10.398	0.0004	1503.688	1.6796	18.4575	2525.637	0.6209	0.6833
6.523	 5	142.9	10.387	0.0005	1501.446	1.6836	18.5138	2527.813	0.6186	0.686
6.533	 5	143.9	10.58	0.0	108.7985	1.651	17.5598	179.6307	0.6374	0.6921
6.543	 5	144.9	10.681	0.0	109.8371	1.655	17.088	181.777	0.6352	0.7011
6.553	 5	145.9	10.653	0.0	109.5492	1.6771	17.217	183.7235	0.6223	0.7147
6.563	 5	146.9	10.639	0.0	109.4052	1.6765	16.4179	183.4139	0.6227	0.7401
6.573	 5	147.9	10.628	0.0	109.2921	1.6801	16.4667	183.6202	0.6206	0.794
6.583	 5	148.9	10.565	0.0	108.6442	1.6675	15.8683	181.1692	0.6279	0.8939
6.593	 5	149.9	10.527	0.0	108.2535	1.6956	16.0333	183.5514	0.6116	1.0698
6.603	 5	150.9	10.555	0.0002	1511.312	1.6857	15.0275	2547.618	0.6173	1.3418
6.613	 5	151.9	10.726	0.0	110.2999	1.6422	13.5068	181.1356	0.6426	1.6366
6.623	 5	152.9	10.829	0.0	111.359	0.6826	13.1427	76.0136	1.1992	1.7833
6.633	 6	0.9	10.852	0.0	111.5956	1.0006	13.8797	111.661	1.0147	1.6533
6.643	 6	1.9	10.852	0.0	111.5956	1.6408	13.0633	183.1052	0.6434	1.3866
6.653	 6	2.9	10.847	0.0002	1324.905	1.6533	13.0805	2190.449	0.6361	1.1171
6.663	 6	3.9	10.795	0.0	111.0094	1.6628	14.0902	184.5879	0.6306	0.9197
6.673	 6	4.9	10.664	0.0	109.6623	1.645	14.5912	180.3974	0.6409	0.8046
6.683	 6	5.9	10.305	0.0036	1530.294	1.7321	15.153	2650.62	0.5904	0.7391
6.693	 6	6.9	10.228	0.0067	1515.484	1.7347	15.4842	2628.948	0.5889	0.701
6.703	 6	7.9	10.202	0.0028	1517.026	1.7246	14.6234	2616.316	0.5948	0.6774
6.713	 6	8.9	10.19	0.0177	1511.197	1.72	14.6732	2599.186	0.5975	0.6655
6.723	 6	9.9	10.184	0.0336	1514.124	1.7335	14.6981	2624.695	0.5896	0.6594
6.733	 6	10.9	10.179	0.0235	1507.777	1.7363	13.7377	2617.898	0.588	0.6549
6.743	 6	11.9	10.184	0.0172	1509.188	1.7364	13.7183	2620.526	0.5879	0.6551
6.753	 6	12.9	10.184	0.016	1509.412	1.7229	13.7183	2600.536	0.5958	0.6571
6.763	 6	13.9	10.19	0.0121	1512.767	1.7149	11.7385	2594.191	0.6004	0.6613
6.773	 6	14.9	10.189	0.013	1515.318	1.7115	11.7419	2593.542	0.6023	0.6634
6.783	 6	15.9	10.2	0.0225	1516.052	1.7317	11.7054	2625.381	0.5906	0.6645
6.793	 6	16.9	10.205	0.0187	1511.628	1.7197	11.6888	2599.477	0.5976	0.6623
6.803	 6	17.9	10.215	0.0195	1505.083	1.6891	10.6845	2542.168	0.6154	0.6604
6.813	 6	18.9	10.219	0.0102	1502.794	1.6853	10.6724	2532.657	0.6176	0.658
6.823	 6	19.9	10.225	0.019	1505.891	1.6883	10.6544	2542.445	0.6158	0.6588
6.833	 6	20.9	10.223	0.0166	1505.153	1.6859	10.6604	2537.501	0.6172	0.6628
6.843	 6	21.9	10.228	0.0167	1506.333	1.6786	10.6454	2528.498	0.6215	0.6637
6.853	 6	22.9	10.228	0.0163	1504.781	1.6972	10.6454	2553.881	0.6107	0.663
6.863	 6	23.9	10.233	0.0198	1508.18	1.7077	9.664	2575.457	0.6046	0.6601
6.873	 6	24.9	10.235	0.0178	1509.587	1.7149	9.6585	2588.838	0.6004	0.6552
6.883	 6	25.9	10.237	0.009	1511.889	1.6982	9.6531	2567.471	0.6101	0.6481
6.893	 6	26.9	10.238	0.0126	1515.394	1.6791	9.6504	2544.483	0.6212	0.6383
6.903	 6	27.9	10.238	0.0326	1506.474	1.6656	8.6853	2509.245	0.629	0.6315
6.913	 6	28.9	10.238	0.0283	1505.367	1.6714	9.6504	2516.112	0.6256	0.6245
6.923	 6	29.9	10.238	0.0402	1506.696	1.665	8.6853	2508.699	0.6293	0.6226
6.933	 6	30.9	10.237	0.0263	1502.789	1.678	9.6531	2521.717	0.6218	0.62
6.943	 6	31.9	10.236	0.0184	1506.18	1.6782	8.6902	2527.654	0.6217	0.6246
6.953	 6	32.9	10.233	0.0199	1503.085	1.6762	8.6976	2519.506	0.6228	0.6221
6.963	 6	33.9	10.233	0.0361	1507.291	1.6713	8.6976	2519.178	0.6257	0.6217
6.973	 6	34.9	10.233	0.0275	1504.41	1.6595	8.6976	2496.55	0.6325	0.6247
6.983	 6	35.9	10.233	0.0276	1504.41	1.6649	8.6976	2504.747	0.6294	0.6269
6.993	 6	36.9	10.231	0.0137	1503.674	1.6753	7.7355	2519.143	0.6234	0.6326
7.003	 6	37.9	10.229	0.0158	1510.931	1.6705	8.7074	2523.942	0.6262	0.6446
7.013	 6	38.9	10.225	0.0358	1508.112	1.6632	8.7172	2508.301	0.6304	0.6591
7.023	 6	39.9	10.226	0.0205	1496.561	1.6758	7.7465	2507.993	0.6231	0.6699
7.033	 6	40.9	10.23	0.0172	1507.515	1.6588	7.7377	2500.616	0.633	0.6798
7.043	 6	41.9	10.224	0.0247	1509.523	1.682	8.7197	2539.026	0.6195	0.6896
7.053	 6	42.9	10.23	0.0556	1507.293	1.6795	7.7377	2531.469	0.621	0.6931
7.063	 6	43.9	10.225	0.0337	1497.729	1.6678	8.7172	2497.851	0.6278	0.6954
7.073	 6	44.9	10.227	0.013	1502.866	1.692	7.7443	2542.909	0.6137	0.6991
7.083	 6	45.9	10.231	0.0302	1504.338	1.6637	8.7025	2502.834	0.6301	0.7003
7.093	 6	46.9	10.226	0.0189	1504.709	1.6709	7.7465	2514.286	0.6259	0.7028
7.103	 6	47.9	10.226	0.018	1499.194	1.6649	7.7465	2495.95	0.6294	0.704
7.113	 6	48.9	10.229	0.0085	1493.721	1.6644	7.7399	2486.109	0.6297	0.7028
7.123	 6	49.9	10.237	0.0072	1502.348	1.6753	8.6878	2516.827	0.6234	0.7015
7.133	 6	50.9	10.236	0.0089	1499.561	1.6813	7.7246	2521.16	0.6199	0.7011
7.143	 6	51.9	10.236	0.01	1505.073	1.6699	8.6902	2513.355	0.6265	0.703
7.153	 6	52.9	10.242	0.0071	1498.025	1.6641	8.6756	2492.833	0.6299	0.7031
7.163	 6	53.9	10.247	0.0066	1500.073	1.6512	8.6634	2476.931	0.6374	0.7045
7.173	 6	54.9	10.254	0.0089	1500.878	1.6697	8.6463	2506.068	0.6266	0.7047
7.183	 6	55.9	10.264	0.0085	1499.051	1.6488	8.622	2471.592	0.6388	0.7085
7.193	 6	56.9	10.262	0.0049	1508.452	1.6645	8.6269	2510.782	0.6297	0.7122
7.203	 6	57.9	10.268	0.0143	1514.678	1.6653	8.6124	2522.433	0.6292	0.7144
7.213	 6	58.9	10.285	0.0167	1514.281	1.6763	8.5714	2538.432	0.6228	0.7168
7.223	 6	59.9	10.28	0.0216	1516.672	1.6939	8.5834	2569.082	0.6126	0.7205
7.233	 6	60.9	10.275	0.0225	1512.141	1.6789	8.5955	2538.709	0.6213	0.7237
7.243	 6	61.9	10.275	0.0109	1511.474	1.6882	9.5505	2551.625	0.6159	0.7331
7.253	 6	62.9	10.265	0.0074	1513.788	1.7049	8.6196	2580.793	0.6062	0.7401
7.263	 6	63.9	10.263	0.0129	1511.042	1.675	8.6245	2530.996	0.6235	0.7443
7.273	 6	64.9	10.258	0.023	1514.319	1.6774	9.5962	2540.048	0.6222	0.7604
7.283	 6	65.9	10.247	0.0161	1518.749	1.6909	9.6259	2568.074	0.6143	0.7685
7.293	 6	66.9	10.244	0.0113	1517.18	1.6914	9.6341	2566.172	0.614	0.7669
7.303	 6	67.9	10.242	0.0096	1518.683	1.7201	9.6395	2612.34	0.5974	0.7692
7.313	 6	68.9	10.238	0.0169	1528.06	1.7214	9.6504	2630.473	0.5966	0.7651
7.323	 6	69.9	10.228	0.0252	1527.935	1.718	8.7099	2625.018	0.5986	0.7629
7.333	 6	70.9	10.228	0.0316	1522.477	1.6934	8.7099	2578.21	0.6129	0.7603
7.343	 6	71.9	10.222	0.0472	1517.067	1.6833	9.694	2553.619	0.6188	0.7556
7.353	 6	72.9	10.212	0.0317	1512.217	1.6818	8.7493	2543.283	0.6196	0.7529
7.363	 6	73.9	10.208	0.0212	1512.52	1.7062	8.7592	2580.597	0.6055	0.7549
7.373	 6	74.9	10.208	0.0224	1518.596	1.6936	8.7592	2571.942	0.6127	0.7537
7.383	 6	75.9	10.203	0.0199	1514.247	1.7054	8.7716	2582.426	0.6059	0.7534
7.393	 6	76.9	10.206	0.0266	1515.818	1.6871	9.7379	2557.39	0.6165	0.7565
7.403	 6	77.9	10.202	0.0134	1510.289	1.7046	8.774	2574.501	0.6064	0.7556
7.413	 6	78.9	10.199	0.0102	1533.684	1.7449	9.7572	2676.074	0.583	0.7509
7.423	 6	79.9	10.199	0.0128	1532.993	1.7455	9.7572	2675.868	0.5826	0.7427
7.433	 6	80.9	10.197	0.0069	1538.938	1.7804	8.7865	2739.883	0.5624	0.7383
7.443	 6	81.9	10.194	0.0085	1551.362	1.7539	8.7939	2720.958	0.5778	0.7351
7.453	 6	82.9	10.19	0.015	1528.882	1.6963	8.8039	2593.461	0.6112	0.7358
7.463	 6	83.9	10.184	0.0159	1518.187	1.6895	8.8189	2565.039	0.6151	0.7283
7.473	 6	84.9	10.19	0.0076	1522.486	1.6836	7.8257	2563.266	0.6186	0.7237
7.483	 6	85.9	10.185	0.0024	1503.099	1.6875	8.8164	2536.508	0.6163	0.7177
7.493	 6	86.9	10.186	0.002	1516.902	1.688	8.8139	2560.488	0.616	0.7144
7.503	 6	87.9	10.185	0.0014	1393.869	1.6691	7.8368	2326.548	0.627	0.7144
7.513	 6	88.9	10.186	0.0009	1516.677	1.6763	8.8139	2542.379	0.6228	0.7171
7.523	 6	89.9	10.185	0.0012	1365.464	1.6872	8.8164	2303.825	0.6165	0.7191
7.533	 6	90.9	10.191	0.0012	1388.42	1.6844	7.8235	2338.605	0.6181	0.7232
7.543	 6	91.9	10.191	0.0011	1507.99	1.689	8.8014	2546.995	0.6154	0.7258
7.553	 6	92.9	10.191	0.0019	1378.28	1.6955	7.8235	2336.904	0.6116	0.7314
7.563	 6	93.9	10.191	0.0014	1435.15	1.6788	8.8014	2409.372	0.6213	0.7328
7.573	 6	94.9	10.191	0.0011	1423.125	1.6921	8.8014	2408.071	0.6136	0.7348
7.583	 6	95.9	10.188	0.0018	1393.517	1.6938	8.8089	2360.397	0.6126	0.7371
7.593	 6	96.9	10.191	0.0009	1446.353	1.6983	8.8014	2456.384	0.61	0.7368
7.603	 6	97.9	10.189	0.0004	1375.034	1.7081	8.8064	2348.663	0.6044	0.7338
7.613	 6	98.9	10.187	0.0006	1358.448	1.6853	8.8114	2289.439	0.6176	0.7304
7.623	 6	99.9	10.191	0.0004	1429.714	1.6767	8.8014	2397.179	0.6226	0.7295
7.633	 6	100.9	10.201	0.0007	1508.354	1.6843	8.7765	2540.453	0.6182	0.7288
7.643	 6	101.9	10.204	0.0002	1383.031	1.673	7.7947	2313.839	0.6247	0.7332
7.653	 6	102.9	10.203	0.0003	1450.32	1.6805	8.7716	2437.317	0.6203	0.7377
7.663	 6	103.9	10.205	0.0002	1213.869	1.6957	8.7666	2058.344	0.6116	0.7393
7.673	 6	104.9	10.204	0.0001	1043.567	1.6865	7.7947	1760.016	0.6169	0.7395
7.683	 6	105.9	10.211	0.0001	1090.104	1.6913	7.7793	1843.658	0.6141	0.7402
7.693	 6	106.9	10.2	0.0002	1409.034	1.6925	8.779	2384.75	0.6134	0.7341
7.703	 6	107.9	10.202	0.0003	1370.868	1.6697	8.774	2288.926	0.6266	0.7292
7.713	 6	108.9	10.2	0.0002	1274.204	1.6813	8.779	2142.369	0.6199	0.7249
7.723	 6	109.9	10.201	0.0001	1055.676	1.6951	8.7765	1789.483	0.6119	0.7252
7.733	 6	110.9	10.205	0.0003	1407.975	1.6833	7.7925	2370.024	0.6187	0.7349
7.743	 6	111.9	10.206	0.0003	1435.443	1.6844	8.7641	2417.795	0.6181	0.7439
7.753	 6	112.9	10.206	0.0002	1423.034	1.7131	8.7641	2437.838	0.6014	0.757
7.763	 6	113.9	10.196	0.0004	1390.237	1.705	8.789	2370.377	0.6061	0.7703
7.773	 6	114.9	10.195	0.0008	1369.927	1.6785	8.7914	2299.392	0.6215	0.7854
7.783	 6	115.9	10.195	0.0004	1280.779	1.6797	8.7914	2151.33	0.6208	0.7912
7.793	 6	116.9	10.195	0.0004	1309.401	1.6736	8.7914	2191.39	0.6244	0.7947
7.803	 6	117.9	10.201	0.0001	1037.214	1.6812	8.7765	1743.738	0.62	0.7925
7.813	 6	118.9	10.201	0.0002	1217.884	1.6806	8.7765	2046.727	0.6203	0.7933
7.823	 6	119.9	10.206	0.0001	1121.538	1.71	9.7379	1917.788	0.6033	0.7938
7.833	 6	120.9	10.206	0.0003	1134.378	1.7259	9.7379	1957.802	0.594	0.801
7.843	 6	121.9	10.207	0.0002	1085.274	1.7152	8.7616	1861.44	0.6002	0.8114
7.853	 6	122.9	10.217	0.0003	1356.659	1.7321	8.7369	2349.82	0.5905	0.8164
7.863	 6	123.9	10.216	0.001	1302.895	1.7061	8.7394	2222.844	0.6055	0.8252
7.873	 6	124.9	10.228	0.0005	1312.628	1.6931	8.7099	2222.437	0.613	0.8374
7.883	 6	125.9	10.231	0.0006	1308.814	1.703	8.7025	2228.845	0.6073	0.8536
7.893	 6	126.9	10.24	0.0002	1118.881	1.723	8.6804	1927.868	0.5957	0.8739
7.903	 6	127.9	10.247	0.0001	1010.652	1.694	8.6634	1712.075	0.6125	0.8935
7.913	 6	128.9	10.261	0.0001	1019.473	1.6796	8.6293	1712.34	0.6209	0.9126
7.923	 6	129.9	10.248	0.0002	1090.329	1.6592	8.6609	1809.042	0.6327	0.9322
7.933	 6	130.9	10.26	0.0001	1042.471	1.6963	8.6317	1768.299	0.6112	0.9636
7.943	 6	131.9	10.275	0.0003	1403.305	1.7089	8.5955	2398.093	0.6039	0.9483
7.953	 6	132.9	10.274	0.0008	1376.105	1.6526	8.5979	2274.102	0.6366	0.9333
7.963	 6	133.9	10.285	0.0003	1202.221	1.6341	8.5714	1964.563	0.6473	0.9201
7.973	 6	134.9	10.299	0.0002	1338.75	1.642	8.5379	2198.194	0.6427	0.9129
7.983	 6	135.9	10.31	0.0002	1309.04	1.6435	8.5116	2151.412	0.6418	0.9091
7.993	 6	136.9	10.316	0.0002	1246.345	1.6521	9.4415	2059.14	0.6368	0.9016
8.003	 6	137.9	10.326	0.0002	1254.678	1.6294	8.4737	2044.361	0.65	0.9031
8.013	 6	138.9	10.357	0.0001	1040.486	1.6414	8.4009	1707.865	0.643	0.9003
8.023	 6	139.9	10.387	0.0001	1071.709	1.6331	8.3312	1750.208	0.6479	0.9012
8.033	 6	140.9	10.423	0.0	940.6191	1.6251	8.2487	1528.595	0.6525	0.9112
8.043	 6	141.9	10.614	0.0	109.1481	1.6023	7.8295	174.8826	0.6657	0.9194
8.053	 6	142.9	10.628	0.0	109.2921	1.6172	7.8	176.7449	0.6571	0.9359
8.063	 6	143.9	10.612	0.0	109.1275	1.6355	7.8338	178.4741	0.6465	0.9465
8.073	 6	144.9	10.581	0.0	108.8088	1.6436	7.8998	178.8363	0.6418	0.9614
8.083	 6	145.9	10.551	0.0	108.5003	1.6407	7.9644	178.0147	0.6435	1.0003
8.093	 6	146.9	10.505	0.0	108.0272	1.65	8.065	178.2441	0.6381	1.0865
8.103	 6	147.9	10.505	0.0	108.0272	1.6752	8.065	180.9674	0.6234	1.3072
8.113	 6	148.9	10.474	0.0	107.7084	1.6817	8.1337	181.1356	0.6197	1.7052
8.123	 6	149.9	10.65	0.0	109.5183	1.5764	7.7539	172.6442	0.6807	2.1613
8.133	 6	150.9	10.783	0.0	110.886	1.0585	7.4833	117.3701	0.9812	2.2396
8.143	 7	1.0	10.819	0.0	111.2562	1.5631	7.4123	173.8997	0.6885	1.805
8.153	 7	2.0	10.89	0.0	111.9863	1.5943	7.2751	178.5398	0.6704	1.342
8.163	 7	3.0	10.902	0.0	112.1097	1.61	7.2523	180.4977	0.6612	1.0508
8.173	 7	4.0	10.86	0.0	111.6778	1.6165	7.3326	180.5312	0.6575	0.9066
8.183	 7	5.0	10.722	0.0	110.2587	1.6181	7.6057	178.4083	0.6566	0.8363
8.193	 7	6.0	10.358	0.0	106.5156	1.6799	8.3985	178.9353	0.6207	0.8013
8.203	 7	7.0	10.26	0.0	105.5078	1.6872	8.6317	178.0147	0.6165	0.7839
8.213	 7	8.0	10.217	0.0	105.0656	1.6758	8.7369	176.067	0.6231	0.778
8.223	 7	9.0	10.202	0.0003	1327.003	1.6603	8.774	2203.221	0.6321	0.7759
8.233	 7	10.0	10.197	0.0004	1105.006	1.6702	8.7865	1845.587	0.6263	0.7785
8.243	 7	11.0	10.2	0.0002	1076.517	1.6673	7.8036	1794.858	0.628	0.7773
8.253	 7	12.0	10.196	0.0002	1132.26	1.6421	8.789	1859.32	0.6426	0.7761
8.263	 7	13.0	10.2	0.0002	1137.25	1.6418	8.779	1867.12	0.6428	0.7746
8.273	 7	14.0	10.203	0.0002	1109.384	1.6562	8.7716	1837.385	0.6344	0.7686
8.283	 7	15.0	10.211	0.0001	1108.205	1.6394	7.7793	1816.817	0.6442	0.7659
8.293	 7	16.0	10.213	0.0002	1106.141	1.62	7.7749	1791.996	0.6554	0.7611
8.303	 7	17.0	10.221	0.0001	1119.987	1.6185	8.7271	1812.681	0.6563	0.7563
8.313	 7	18.0	10.231	0.0001	897.6924	1.6134	7.7355	1448.362	0.6593	0.753
8.323	 7	19.0	10.237	0.0001	983.5703	1.6039	7.7225	1577.5	0.6648	0.75
8.333	 7	20.0	10.244	0.0001	888.619	1.6418	7.7073	1458.97	0.6428	0.7457
8.343	 7	21.0	10.252	0.0001	1095.416	1.6273	8.6512	1782.551	0.6512	0.7442
8.353	 7	22.0	10.261	0.0001	975.1022	1.63	7.6705	1589.381	0.6497	0.747
8.363	 7	23.0	10.262	0.0	898.9138	1.6419	8.6269	1475.954	0.6427	0.7657
8.373	 7	24.0	10.267	0.0	875.725	1.6707	8.6148	1463.05	0.6261	0.7948
8.383	 7	25.0	10.272	0.0	877.7236	1.6505	8.6027	1448.668	0.6378	0.826
8.393	 7	26.0	10.266	0.0	869.4841	1.6545	8.6172	1438.521	0.6355	0.8397
8.403	 7	27.0	10.272	0.0	876.002	1.6303	8.6027	1428.125	0.6495	0.8362
8.413	 7	28.0	10.276	0.0	876.9414	1.6483	8.593	1445.5	0.639	0.8245
8.423	 7	29.0	10.277	0.0	867.7699	1.6611	8.5906	1441.484	0.6316	0.8117
8.433	 7	30.0	10.277	0.0	874.3406	1.6773	8.5906	1466.553	0.6222	0.8075
8.443	 7	31.0	10.278	0.0001	877.7113	1.7195	8.5882	1509.26	0.5977	0.8086
8.453	 7	32.0	10.275	0.0001	881.8984	1.7349	9.5505	1529.988	0.5888	0.8136
8.463	 7	33.0	10.275	0.0001	1038.613	1.6835	9.5505	1748.522	0.6186	0.8202
8.473	 7	34.0	10.273	0.0001	1032.774	1.6609	8.6003	1715.307	0.6317	0.8334
8.483	 7	35.0	10.273	0.0001	1029.049	1.6563	8.6003	1704.455	0.6344	0.8494
8.493	 7	36.0	10.273	0.0001	889.8224	1.6615	8.6003	1478.422	0.6314	0.8608
8.503	 7	37.0	10.268	0.0001	1023.423	1.6742	9.5693	1713.398	0.624	0.8663
8.513	 7	38.0	10.268	0.0001	1024.648	1.6626	9.5693	1703.573	0.6307	0.88
8.523	 7	39.0	10.259	0.0001	1026.619	1.6616	8.6342	1705.855	0.6313	0.8856
8.533	 7	40.0	10.258	0.0001	1032.303	1.6697	8.6366	1723.631	0.6266	0.8916
8.543	 7	41.0	10.257	0.0001	1021.715	1.6577	8.639	1693.713	0.6336	0.8948
8.553	 7	42.0	10.253	0.0001	1022.539	1.6599	9.6097	1697.284	0.6323	0.9007
8.563	 7	43.0	10.248	0.0001	885.4329	1.671	9.6232	1479.574	0.6259	0.9052
8.573	 7	44.0	10.242	0.0	810.7338	1.676	9.6395	1358.771	0.623	0.913
8.583	 7	45.0	10.24	0.0	105.3021	1.6893	9.6449	177.8838	0.6153	0.9183
8.593	 7	46.0	10.237	0.0001	873.4642	1.6839	9.6531	1470.808	0.6184	0.9227
8.603	 7	47.0	10.237	0.0	105.2713	1.682	9.6531	177.0691	0.6195	0.928
8.613	 7	48.0	10.237	0.0	105.2713	1.675	9.6531	176.3247	0.6236	0.932
8.623	 7	49.0	10.237	0.0	105.2713	1.6743	9.6531	176.2603	0.6239	0.9305
8.633	 7	50.0	10.242	0.0	105.3227	1.6763	9.6395	176.5508	0.6228	0.9273
8.643	 7	51.0	10.247	0.0	105.3741	1.6678	9.6259	175.7457	0.6277	0.9195
8.653	 7	52.0	10.248	0.0	871.7251	1.6842	10.5856	1468.189	0.6182	0.9159
8.663	 7	53.0	10.253	0.0	105.4358	1.6868	10.5707	177.8511	0.6167	0.9119
8.673	 7	54.0	10.255	0.0	105.4564	1.6708	9.6043	176.1958	0.626	0.9064
8.683	 7	55.0	10.263	0.0	105.5386	1.6589	9.5827	175.0738	0.6329	0.8994
8.693	 7	56.0	10.253	0.0	880.1614	1.6794	9.6097	1478.145	0.621	0.896
8.703	 7	57.0	10.259	0.0	105.4975	1.6846	10.5529	177.7204	0.618	0.8938
8.713	 7	58.0	10.264	0.0001	882.9247	1.6669	10.5381	1471.738	0.6283	0.8949
8.723	 7	59.0	10.263	0.0001	882.0041	1.675	9.5827	1477.357	0.6235	0.8977
8.733	 7	60.0	10.275	0.0	105.662	1.6916	10.5056	178.7374	0.6139	0.9009
8.743	 7	61.0	10.285	0.0	105.7649	1.6931	10.4762	179.0674	0.6131	0.8975
8.753	 7	62.0	10.275	0.0	105.662	1.6985	9.5505	179.4648	0.6099	0.8942
8.763	 7	63.0	10.275	0.0	105.662	1.7216	9.5505	181.9125	0.5965	0.882
8.773	 7	64.0	10.271	0.0	105.6209	1.6982	9.5612	179.3653	0.6101	0.8737
8.783	 7	65.0	10.265	0.0	105.5592	1.7058	10.5351	180.0634	0.6057	0.8726
8.793	 7	66.0	10.259	0.0	105.4975	1.6812	9.5935	177.3617	0.62	0.8715
8.803	 7	67.0	10.258	0.0	105.4872	1.6817	9.5962	177.3943	0.6197	0.8665
8.813	 7	68.0	10.253	0.0	105.4358	1.694	9.6097	178.6057	0.6125	0.8603
8.823	 7	69.0	10.248	0.0	105.3844	1.6796	10.5856	177.0042	0.6209	0.8542
8.833	 7	70.0	10.238	0.0	105.2816	1.6961	10.6154	178.5727	0.6113	0.8495
8.843	 7	71.0	10.237	0.0	105.2713	1.6985	10.6184	178.8033	0.6099	0.8474
8.853	 7	72.0	10.228	0.0	105.1787	1.6872	10.6454	177.4594	0.6165	0.8501
8.863	 7	73.0	10.222	0.0	891.2722	1.6833	10.6634	1500.243	0.6188	0.8519
8.873	 7	74.0	10.217	0.0001	892.8602	1.7145	10.6785	1530.768	0.6007	0.8559
8.883	 7	75.0	10.209	0.0001	891.6157	1.6981	10.7026	1514.093	0.6101	0.8549
8.893	 7	76.0	10.208	0.0001	894.4186	1.6846	10.7057	1506.775	0.618	0.8533
8.903	 7	77.0	10.199	0.0001	1003.049	1.6954	10.7329	1700.607	0.6117	0.8475
8.913	 7	78.0	10.192	0.0001	1005.723	1.6916	10.7542	1701.306	0.6139	0.8416
8.923	 7	79.0	10.188	0.0001	1003.447	1.7165	10.7664	1722.389	0.5995	0.8369
8.933	 7	80.0	10.189	0.0001	894.0072	1.7078	11.7419	1526.751	0.6045	0.835
8.943	 7	81.0	10.178	0.0001	1000.492	1.7099	10.797	1710.763	0.6033	0.8341
8.953	 7	82.0	10.179	0.0001	995.5012	1.7082	10.7939	1700.494	0.6043	0.8383
8.963	 7	83.0	10.182	0.0001	886.9338	1.7093	11.7652	1515.993	0.6037	0.8358
8.973	 7	84.0	10.179	0.0001	1004.044	1.7231	11.7752	1730.056	0.5957	0.8406
8.983	 7	85.0	10.18	0.0001	1002.758	1.728	11.7718	1732.807	0.5928	0.8473
8.993	 7	86.0	10.184	0.0001	1005.331	1.7133	10.7786	1722.473	0.6013	0.8567
9.003	 7	87.0	10.191	0.0001	1004.336	1.7378	10.7573	1745.313	0.5871	0.8622
9.013	 7	88.0	10.186	0.0001	893.2737	1.7102	11.7518	1527.639	0.6032	0.8655
9.023	 7	89.0	10.191	0.0001	814.7585	1.7246	11.7352	1405.111	0.5948	0.8647
9.033	 7	90.0	10.192	0.0001	905.1509	1.7254	10.7542	1561.716	0.5943	0.8589
9.043	 7	91.0	10.192	0.0001	904.1072	1.7158	10.7542	1551.265	0.5999	0.8559
9.053	 7	92.0	10.191	0.0001	893.3987	1.716	10.7573	1533.042	0.5998	0.8489
9.063	 7	93.0	10.197	0.0001	886.4644	1.7165	11.7153	1521.655	0.5995	0.8389
9.073	 7	94.0	10.191	0.0	891.2892	1.7262	10.7573	1538.522	0.5939	0.8354
9.083	 7	95.0	10.194	0.0	888.0564	1.6932	10.7481	1503.618	0.613	0.8329
9.093	 7	96.0	10.197	0.0	104.8599	1.6958	10.739	177.8184	0.6115	0.8339
9.103	 7	97.0	10.197	0.0	104.8599	1.7191	10.739	180.2636	0.598	0.8368
9.113	 7	98.0	10.197	0.0001	888.163	1.7232	10.739	1530.517	0.5956	0.838
9.123	 7	99.0	10.194	0.0001	891.3177	1.7091	10.7481	1523.379	0.6038	0.8411
9.133	 7	100.0	10.197	0.0	104.8599	1.7306	10.739	181.4727	0.5913	0.8452
9.143	 7	101.0	10.196	0.0	104.8497	1.7215	10.7421	180.4977	0.5966	0.8511
9.153	 7	102.0	10.202	0.0	807.5036	1.7502	10.7238	1413.326	0.5799	0.857
9.163	 7	103.0	10.196	0.0	882.3885	1.749	10.7421	1543.277	0.5806	0.8564
9.173	 7	104.0	10.204	0.0001	994.1543	1.7382	10.7178	1727.996	0.5869	0.8513
9.183	 7	105.0	10.202	0.0002	1112.177	1.7489	10.7238	1945.12	0.5807	0.8455
9.193	 7	106.0	10.207	0.0002	993.4786	1.7254	10.7087	1714.14	0.5943	0.8385
9.203	 7	107.0	10.207	0.0001	1092.242	1.6997	10.7087	1856.516	0.6092	0.8321
9.213	 7	108.0	10.212	0.0001	876.5665	1.702	9.7214	1491.943	0.6079	0.834
9.223	 7	109.0	10.211	0.0	873.7058	1.7167	10.6966	1499.92	0.5993	0.8347
9.233	 7	110.0	10.211	0.0	105.0039	1.7091	10.6966	179.4648	0.6038	0.833
9.243	 7	111.0	10.212	0.0	105.0142	1.6855	10.6936	177.0042	0.6174	0.835
9.253	 7	112.0	10.212	0.0	105.0142	1.6899	10.6936	177.4594	0.6149	0.8396
9.263	 7	113.0	10.214	0.0	105.0348	1.6976	10.6875	178.3098	0.6104	0.8364
9.273	 7	114.0	10.218	0.0	105.0759	1.7023	10.6755	178.8693	0.6077	0.8334
9.283	 7	115.0	10.217	0.0	803.8552	1.7021	10.6785	1368.274	0.6078	0.8338
9.293	 7	116.0	10.217	0.0	801.8365	1.7359	10.6785	1391.944	0.5882	0.8345
9.303	 7	117.0	10.214	0.0	873.3647	1.7329	10.6875	1513.45	0.59	0.835
9.313	 7	118.0	10.212	0.0	876.1904	1.7217	10.6936	1508.508	0.5965	0.8342
9.323	 7	119.0	10.213	0.0	872.7568	1.7454	10.6905	1523.32	0.5827	0.8322
9.333	 7	120.0	10.213	0.0	870.6735	1.7228	10.6905	1499.976	0.5958	0.8304
9.343	 7	121.0	10.213	0.0	872.3096	1.7324	10.6905	1511.206	0.5902	0.8277
9.353	 7	122.0	10.216	0.0	871.5979	1.7351	10.6815	1512.347	0.5887	0.8209
9.363	 7	123.0	10.221	0.0	869.0587	1.7392	9.6967	1511.431	0.5863	0.8218
9.373	 7	124.0	10.222	0.0	869.0699	1.7143	9.694	1489.803	0.6008	0.8227
9.383	 7	125.0	10.227	0.0	873.3561	1.708	9.6803	1491.717	0.6044	0.8245
9.393	 7	126.0	10.238	0.0	874.5942	1.6958	9.6504	1483.165	0.6115	0.8259
9.403	 7	127.0	10.247	0.0	869.8641	1.7066	9.6259	1484.5	0.6052	0.8238
9.413	 7	128.0	10.258	0.0	873.5416	1.6988	9.5962	1483.956	0.6098	0.8241
9.423	 7	129.0	10.271	0.0	873.3843	1.7026	9.5612	1487.025	0.6075	0.8272
9.433	 7	130.0	10.277	0.0001	876.1295	1.7203	10.4997	1507.248	0.5972	0.8295
9.443	 7	131.0	10.276	0.0001	986.0858	1.7062	9.5478	1682.45	0.6055	0.8672
9.453	 7	132.0	10.289	0.0001	983.8401	1.6996	10.4644	1672.156	0.6093	0.8724
9.463	 7	133.0	10.287	0.0	874.968	1.7022	10.4703	1489.333	0.6078	0.8721
9.473	 7	134.0	10.292	0.0	869.5505	1.6841	9.5051	1464.445	0.6182	0.868
9.483	 7	135.0	10.302	0.0	873.495	1.6708	9.4786	1459.436	0.626	0.8701
9.493	 7	136.0	10.312	0.0	797.7102	1.6769	9.4521	1337.648	0.6225	0.8688
9.503	 7	137.0	10.316	0.0	802.1772	1.687	9.4415	1353.312	0.6166	0.8685
9.513	 7	138.0	10.327	0.0	804.8477	1.6987	10.3539	1367.202	0.6098	0.868
9.523	 7	139.0	10.368	0.0	106.6184	1.6904	10.2364	180.2303	0.6146	0.8633
9.533	 7	140.0	10.383	0.0	106.7727	1.6952	9.2672	181.001	0.6118	0.8565
9.543	 7	141.0	10.409	0.0	107.04	1.6935	10.1208	181.2703	0.6128	0.8506
9.553	 7	142.0	10.593	0.0	108.9322	1.6625	8.749	181.1019	0.6308	0.8511
9.563	 7	143.0	10.593	0.0	108.9322	1.6681	9.6239	181.7093	0.6276	0.8536
9.573	 7	144.0	10.644	0.0	109.4566	1.6795	8.6294	183.8269	0.621	0.8655
9.583	 7	145.0	10.603	0.0	109.035	1.6847	9.5979	183.6891	0.6179	0.8935
9.593	 7	146.0	10.536	0.0	108.346	1.6938	8.8856	183.517	0.6126	0.9498
9.603	 7	147.0	10.501	0.0	107.9861	1.72	8.9709	185.7392	0.5974	1.0537
9.613	 7	148.0	10.484	0.0	107.8113	1.7057	9.914	183.8959	0.6057	1.2456
9.623	 7	149.0	10.598	0.0	108.9836	1.6947	8.7372	184.6921	0.6121	1.529
9.633	 7	150.0	10.798	0.0	111.0403	1.6389	9.1099	181.9803	0.6445	1.8091
9.643	 8	0.1	10.807	0.0	111.1328	1.2587	8.2621	139.8819	0.865	1.888
9.653	 8	1.1	10.817	0.0	111.2356	1.6476	8.2403	183.2766	0.6394	1.7226
9.663	 8	2.1	10.816	0.0	111.2254	1.6788	8.2424	186.7252	0.6213	1.4374
9.673	 8	3.1	10.791	0.0	110.9683	1.6891	9.1268	187.4348	0.6154	1.2078
9.683	 8	4.1	10.742	0.0	110.4644	1.6536	8.4058	182.6607	0.636	1.0582
9.693	 8	5.1	10.399	0.0	106.9372	1.7084	10.1488	182.6949	0.6042	0.9738
9.703	 8	6.1	10.317	0.0	106.0939	1.7073	10.3828	181.1356	0.6048	0.9276
9.713	 8	7.1	10.223	0.0	105.1273	1.7304	10.6604	181.9125	0.5914	0.8953
9.723	 8	8.1	10.207	0.0	104.9628	1.7219	10.7087	180.7323	0.5964	0.8763
9.733	 8	9.1	10.202	0.0	104.9114	1.743	10.7238	182.8656	0.5841	0.8612
9.743	 8	10.1	10.202	0.0	104.9114	1.7059	10.7238	178.9683	0.6056	0.8522
9.753	 8	11.1	10.198	0.0	104.8702	1.7142	10.736	179.7637	0.6008	0.8451
9.763	 8	12.1	10.196	0.0	104.8497	1.7285	10.7421	181.2366	0.5925	0.8425
9.773	 8	13.1	10.197	0.0001	1028.131	1.7607	10.739	1810.188	0.5739	0.8381
9.783	 8	14.1	10.201	0.0001	892.0078	1.7432	11.702	1554.966	0.584	0.8262
9.793	 8	15.1	10.206	0.0001	882.4139	1.724	10.7117	1521.245	0.5952	0.8098
9.803	 8	16.1	10.217	0.0001	889.5177	1.7056	10.6785	1517.16	0.6058	0.7933
9.813	 8	17.1	10.22	0.0001	993.487	1.7124	11.6394	1701.211	0.6019	0.7848
9.823	 8	18.1	10.216	0.0001	990.4022	1.7127	10.6815	1696.279	0.6017	0.7795
9.833	 8	19.1	10.22	0.0001	887.3839	1.7108	10.6694	1518.119	0.6028	0.7855
9.843	 8	20.1	10.226	0.0001	878.2205	1.6966	11.6197	1489.964	0.611	0.7947
9.853	 8	21.1	10.23	0.0001	889.024	1.7266	10.6394	1535.027	0.5936	0.8041
9.863	 8	22.1	10.24	0.0001	890.7446	1.7122	10.6094	1525.122	0.602	0.8078
9.873	 8	23.1	10.237	0.0001	889.1687	1.7381	10.6184	1545.432	0.587	0.8039
9.883	 8	24.1	10.24	0.0001	891.3649	1.7447	10.6094	1555.189	0.5831	0.7941
9.893	 8	25.1	10.24	0.0	891.753	1.7589	11.5739	1568.492	0.5749	0.7842
9.903	 8	26.1	10.239	0.0001	884.5788	1.7423	10.6124	1541.188	0.5845	0.7787
9.913	 8	27.1	10.24	0.0001	884.6652	1.7324	11.5739	1532.567	0.5903	0.7762
9.923	 8	28.1	10.245	0.0	894.0571	1.7351	10.5945	1551.265	0.5887	0.7739
9.933	 8	29.1	10.249	0.0001	895.735	1.7403	10.5826	1558.81	0.5857	0.7763
9.943	 8	30.1	10.239	0.0001	1025.644	1.728	10.6124	1772.333	0.5928	0.7813
9.953	 8	31.1	10.245	0.0001	1031.93	1.7429	11.5576	1798.546	0.5842	0.7884
9.963	 8	32.1	10.24	0.0001	897.1439	1.7311	10.6094	1553.024	0.591	0.7967
9.973	 8	33.1	10.242	0.0001	897.3976	1.7275	11.5674	1550.267	0.5931	0.8061
9.983	 8	34.1	10.243	0.0001	896.7781	1.7114	10.6005	1534.719	0.6025	0.8137
9.993	 8	35.1	10.242	0.0	888.1373	1.7096	10.6035	1518.391	0.6035	0.815
10.003	 8	36.1	10.24	0.0	890.8996	1.7395	11.5739	1549.726	0.5861	0.8135
10.013	 8	37.1	10.239	0.0	883.8152	1.7187	10.6124	1519.032	0.5982	0.8119
10.023	 8	38.1	10.241	0.0	890.6767	1.7261	11.5707	1537.374	0.5939	0.8135
10.033	 8	39.1	10.235	0.0001	891.3951	1.7281	10.6244	1540.377	0.5928	0.8178
10.043	 8	40.1	10.235	0.0	876.8848	1.7146	11.5902	1503.518	0.6006	0.8282
10.053	 8	41.1	10.23	0.0	878.2624	1.7283	10.6394	1517.859	0.5927	0.8379
10.063	 8	42.1	10.231	0.0	878.8763	1.6942	10.6364	1488.976	0.6124	0.8451
10.073	 8	43.1	10.229	0.0	879.4601	1.7001	10.6424	1495.208	0.609	0.8529
10.083	 8	44.1	10.228	0.0	875.46	1.7325	11.6131	1516.7	0.5902	0.8615
10.093	 8	45.1	10.231	0.0	888.2618	1.7156	10.6364	1523.904	0.6	0.8644
10.103	 8	46.1	10.231	0.0	880.2375	1.7131	10.6364	1507.899	0.6015	0.8655
10.113	 8	47.1	10.232	0.0	877.4547	1.7205	10.6334	1509.693	0.5971	0.8641
10.123	 8	48.1	10.232	0.0	889.5844	1.7228	10.6334	1532.555	0.5958	0.8577
10.133	 8	49.1	10.242	0.0001	891.3837	1.7195	10.6035	1532.73	0.5977	0.853
10.143	 8	50.1	10.246	0.0001	891.8096	1.7301	10.5915	1542.886	0.5916	0.8518
10.153	 8	51.1	10.247	0.0001	890.1147	1.7142	10.5885	1525.83	0.6008	0.8495
10.163	 8	52.1	10.245	0.0001	891.1795	1.7082	11.5576	1522.3	0.6043	0.8474
10.173	 8	53.1	10.245	0.0001	891.0245	1.7136	10.5945	1526.838	0.6012	0.8459
10.183	 8	54.1	10.246	0.0001	889.0239	1.7112	11.5544	1521.285	0.6026	0.8459
10.193	 8	55.1	10.251	0.0001	892.0894	1.7321	11.5381	1545.211	0.5904	0.8443
10.203	 8	56.1	10.249	0.0001	808.472	1.6993	10.5826	1373.862	0.6094	0.8428
10.213	 8	57.1	10.248	0.0001	890.5883	1.7239	10.5856	1535.313	0.5952	0.8406
10.223	 8	58.1	10.248	0.0001	808.7759	1.7259	10.5856	1395.833	0.594	0.8432
10.233	 8	59.1	10.26	0.0001	1037.202	1.7111	11.509	1774.725	0.6026	0.8428
10.243	 8	60.1	10.257	0.0001	1038.999	1.7285	10.5588	1795.941	0.5925	0.8399
10.253	 8	61.1	10.245	0.0001	1051.308	1.7174	11.5576	1805.513	0.599	0.8384
10.263	 8	62.1	10.242	0.0001	1047.239	1.7294	10.6035	1811.145	0.592	0.8352
10.273	 8	63.1	10.232	0.0001	1040.683	1.7244	11.6001	1794.533	0.5949	0.8396
10.283	 8	64.1	10.227	0.0001	1036.275	1.7291	10.6484	1791.804	0.5922	0.8418
10.293	 8	65.1	10.229	0.0001	1035.429	1.7359	11.6099	1797.35	0.5883	0.8472
10.303	 8	66.1	10.223	0.0001	892.4487	1.7249	11.6295	1539.416	0.5946	0.8529
10.313	 8	67.1	10.217	0.0001	892.5483	1.7559	10.6785	1567.218	0.5766	0.8607
10.323	 8	68.1	10.218	0.0	105.0759	1.763	11.646	185.2493	0.5725	0.8677
10.333	 8	69.1	10.213	0.0001	806.3319	1.7553	11.6624	1415.322	0.577	0.874
10.343	 8	70.1	10.208	0.0001	890.0515	1.7671	11.6789	1572.777	0.5701	0.8774
10.353	 8	71.1	10.208	0.0001	895.1245	1.7591	11.6789	1574.607	0.5748	0.8795
10.363	 8	72.1	10.203	0.0001	887.9895	1.7461	11.6954	1550.555	0.5823	0.8775
10.373	 8	73.1	10.199	0.0001	887.178	1.7547	11.7087	1556.732	0.5773	0.8803
10.383	 8	74.1	10.198	0.0001	886.2431	1.7408	11.712	1542.775	0.5854	0.8775
10.393	 8	75.1	10.2	0.0001	882.4293	1.7605	11.7054	1553.493	0.574	0.8803
10.403	 8	76.1	10.2	0.0001	889.5865	1.7621	11.7054	1567.567	0.573	0.8868
10.413	 8	77.1	10.195	0.0001	892.6538	1.7541	11.7219	1565.78	0.5777	0.891
10.423	 8	78.1	10.195	0.0001	895.3193	1.761	11.7219	1576.661	0.5737	0.887
10.433	 8	79.1	10.195	0.0001	875.9343	1.7521	11.7219	1534.725	0.5788	0.8817
10.443	 8	80.1	10.196	0.0001	880.0276	1.7532	10.7421	1542.902	0.5782	0.877
10.453	 8	81.1	10.192	0.0001	901.2291	1.7461	11.7319	1573.604	0.5823	0.8708
10.463	 8	82.1	10.197	0.0001	897.5442	1.7574	11.7153	1577.302	0.5758	0.8707
10.473	 8	83.1	10.203	0.0001	875.4933	1.7465	11.6954	1529.021	0.5821	0.8676
10.483	 8	84.1	10.202	0.0001	882.9078	1.7372	11.6987	1533.787	0.5875	0.8699
10.493	 8	85.1	10.199	0.0001	994.1515	1.7429	11.7087	1732.717	0.5842	0.8677
10.503	 8	86.1	10.202	0.0001	877.365	1.7558	11.6987	1540.506	0.5767	0.8632
10.513	 8	87.1	10.2	0.0001	986.5558	1.7421	11.7054	1718.667	0.5846	0.8613
10.523	 8	88.1	10.207	0.0001	892.9228	1.7347	11.6822	1548.98	0.5889	0.8583
10.533	 8	89.1	10.205	0.0001	897.3795	1.7425	11.6888	1563.717	0.5844	0.8539
10.543	 8	90.1	10.203	0.0	891.0917	1.7448	11.6954	1554.808	0.583	0.8527
10.553	 8	91.1	10.206	0.0001	877.9354	1.7265	11.6855	1515.776	0.5937	0.8482
10.563	 8	92.1	10.202	0.0001	876.5358	1.7353	11.6987	1521.015	0.5886	0.843
10.573	 8	93.1	10.204	0.0001	993.5735	1.7502	11.6921	1738.979	0.5799	0.8393
10.583	 8	94.1	10.206	0.0001	1104.904	1.7466	11.6855	1929.835	0.582	0.8329
10.593	 8	95.1	10.204	0.0001	868.4255	1.7631	11.6921	1531.119	0.5724	0.8309
10.603	 8	96.1	10.202	0.0001	869.7357	1.7578	11.6987	1528.832	0.5755	0.8326
10.613	 8	97.1	10.201	0.0	807.6162	1.759	12.6772	1420.578	0.5748	0.8376
10.623	 8	98.1	10.202	0.0	873.9827	1.7496	11.6987	1529.108	0.5803	0.8434
10.633	 8	99.1	10.202	0.0	804.6375	1.7333	12.6736	1394.693	0.5897	0.8484
10.643	 8	100.1	10.207	0.0	877.3423	1.7507	12.6557	1535.96	0.5796	0.8478
10.653	 8	101.1	10.207	0.0001	874.7856	1.7296	11.6822	1513.001	0.5919	0.8467
10.663	 8	102.1	10.217	0.0001	873.7706	1.7464	12.62	1525.92	0.5822	0.8481
10.673	 8	103.1	10.221	0.0001	874.7861	1.7549	11.6361	1535.14	0.5772	0.8513
10.683	 8	104.1	10.216	0.0001	982.5911	1.739	12.6236	1708.76	0.5864	0.8593
10.693	 8	105.1	10.222	0.0001	980.3395	1.7364	11.6328	1702.253	0.5879	0.871
10.703	 8	106.1	10.227	0.0001	878.0802	1.7297	11.6164	1518.838	0.5918	0.8776
10.713	 8	107.1	10.227	0.0001	889.9235	1.7502	12.5844	1557.567	0.5799	0.8792
10.723	 8	108.1	10.228	0.0	894.4468	1.7504	11.6131	1565.625	0.5798	0.8755
10.733	 8	109.1	10.233	0.0	896.6091	1.7446	12.5632	1564.235	0.5832	0.8639
10.743	 8	110.1	10.238	0.0	884.0342	1.7572	11.5805	1553.462	0.5758	0.8508
10.753	 8	111.1	10.243	0.0	878.3228	1.7488	11.5642	1536.015	0.5807	0.8375
10.763	 8	112.1	10.248	0.0	874.179	1.7408	12.5102	1521.73	0.5854	0.83
10.773	 8	113.1	10.253	0.0	798.6447	1.7389	11.5317	1388.785	0.5865	0.8253
10.783	 8	114.1	10.252	0.0	105.4255	1.7532	11.5349	184.8311	0.5782	0.8265
10.793	 8	115.1	10.252	0.0	105.4255	1.7492	11.5349	184.4145	0.5805	0.8298
10.803	 8	116.1	10.257	0.0	105.4769	1.7537	11.5187	184.9704	0.5779	0.8307
10.813	 8	117.1	10.262	0.0	802.3455	1.7316	11.5025	1389.312	0.5907	0.8327
10.823	 8	118.1	10.256	0.0	801.25	1.7551	11.5219	1406.313	0.5771	0.8327
10.833	 8	119.1	10.262	0.0	804.5472	1.7309	10.544	1392.604	0.5911	0.8555
10.843	 8	120.1	10.266	0.0	799.4704	1.7139	11.4896	1370.199	0.601	0.8984
10.853	 8	121.1	10.264	0.0	800.1871	1.7423	11.4961	1394.151	0.5845	0.9259
10.863	 8	122.1	10.265	0.0	874.2866	1.7259	11.4928	1508.926	0.594	0.9392
10.873	 8	123.1	10.273	0.0	800.8887	1.7427	11.4671	1395.721	0.5843	0.9446
10.883	 8	124.1	10.281	0.0	875.3513	1.7313	10.4879	1515.472	0.5909	0.953
10.893	 8	125.1	10.281	0.0	875.1277	1.7232	10.4879	1508.027	0.5956	0.9731
10.903	 8	126.1	10.294	0.0	801.9008	1.7172	11.3998	1377.014	0.5991	1.0144
10.913	 8	127.1	10.296	0.0	105.878	1.7313	10.4439	183.3109	0.5909	1.083
10.923	 8	128.1	10.302	0.0	799.5343	1.7365	10.4264	1388.396	0.5879	1.1824
10.933	 8	129.1	10.316	0.0	106.0837	1.7466	11.3298	185.2842	0.582	1.2792
10.943	 8	130.1	10.343	0.0	106.3613	1.6089	10.3078	171.1251	0.6619	1.3291
10.953	 8	131.1	10.457	0.0	107.5336	1.1174	9.0798	120.1623	0.947	1.319
10.963	 8	132.1	10.589	0.0	108.891	1.5058	9.6344	163.9702	0.7217	1.2877
10.973	 8	133.1	10.606	0.0	109.0659	1.5959	8.7183	174.0577	0.6694	1.2684
10.983	 8	134.1	10.575	0.0	108.7471	1.6546	9.671	179.9301	0.6354	1.2622
10.993	 8	135.1	10.55	0.0	108.49	1.6548	8.8518	179.5311	0.6353	1.2977
11.003	 8	136.1	10.544	0.0	108.4283	1.6616	8.8662	180.1635	0.6313	1.4131
11.013	 8	137.1	10.484	0.0	107.8113	1.6745	9.0127	180.5312	0.6238	1.6825
11.023	 8	138.1	10.448	0.0	107.4411	1.6538	8.1921	177.6877	0.6358	2.1955
11.033	 8	139.1	10.486	0.0	107.8318	1.6536	7.2062	178.3098	0.636	3.0882
11.043	 8	140.1	10.429	0.0	107.2457	1.5289	4.575	163.9702	0.7083	4.0668
