Geotek MSCL 7.9 - TN336_BB34-39.out created at 7:04:18 on 1/25/2016.


Processing Parameters

CT	RCT=11.45	W=1.27
PWAmp	A=1	B=0
PWVel	PTO=26.43
Den1	A=7.1605E-04	B=-.096198	C=9.839
MS1	A=1	B=0	Den=0	LD=14	
FP	MGD=2.75	WD=1.026	
RES	A=513.1992	B=-1.077428	p=0	


SB DEPTH	SECT NUM	SECT DEPTH	CT	PWAmp	PWVel	Den1	MS1	Imp	FP	RES
m		cm	cm		m/s	g/cc	SI x 10^-5			Ohm.m

-0.637	cal sect	0.0	10.637	0.0008						63.8458
-0.577	cal sect	6.0	10.369	0.0169	1489.585	1.184	-0.9303		0.9084	13.4402
-0.517	cal sect	12.0	10.151	0.016	1465.848	1.1559	-0.9891	1694.414	0.9246	13.0197
-0.457	cal sect	18.0	10.186	0.0269	1471.115	1.1375	-0.9793	1673.341	0.9353	12.8867
-0.397	cal sect	24.0	10.413	0.0014	1478.279	1.1152	-0.9191	1648.526	0.9483	9.1626
-0.337	cal sect	30.0	10.657	0.0027	1494.251	1.1257	-0.8599	1682.117	0.9422	3.5666
-0.277	cal sect	36.0	10.474	0.0094	1496.927	1.1391	-0.9037	1705.22	0.9344	0.4779
-0.217	cal sect	42.0	10.183	0.0077	1492.452	1.1536	-0.9802	1721.677	0.926	0.3808
-0.157	cal sect	48.0	10.185	0.0163	1486.861	1.1473	-0.9796	1705.84	0.9297	0.3848
-0.097	cal sect	54.0	10.431	0.0019	1495.484	1.1492	-0.9145	1718.596	0.9285	0.3981
-0.037	cal sect	60.0	10.345	0.0128	1497.539	1.1702	4.6828	1752.395	0.9164	0.5922
0.003	 1	0.3	10.876	0.0	111.8274	1.2182	18.6604	136.2303	0.8885	1.2691
0.013	 1	1.3	10.879	0.0	111.8583	1.4714	21.0777	164.5882	0.7416	1.0554
0.023	 1	2.3	10.852	0.0	111.5807	1.4644	22.8607	163.4034	0.7457	0.8207
0.033	 1	3.3	10.8	0.0	111.046	1.4919	24.8321	165.6684	0.7298	0.67
0.043	 1	4.3	10.603	0.0	109.0204	1.4824	27.0487	161.6072	0.7353	0.5871
0.053	 1	5.3	10.236	0.0016	1505.516	1.5455	30.8986	2326.767	0.6987	0.5425
0.063	 1	6.3	10.157	0.006	1489.952	1.5279	29.6224	2276.443	0.7089	0.5199
0.073	 1	7.3	10.14	0.0046	1480.076	1.5096	30.7583	2234.319	0.7195	0.5034
0.083	 1	8.3	10.14	0.0122	1472.767	1.5073	29.7661	2219.829	0.7209	0.4943
0.093	 1	9.3	10.134	0.0118	1470.187	1.5493	28.8231	2277.81	0.6964	0.4861
0.103	 1	10.3	10.129	0.0097	1467.333	1.5252	28.8642	2237.946	0.7105	0.4794
0.113	 1	11.3	10.13	0.0099	1466.416	1.5298	28.856	2243.331	0.7078	0.4766
0.123	 1	12.3	10.136	0.0085	1467.922	1.5353	28.8067	2253.699	0.7046	0.4736
0.133	 1	13.3	10.139	0.0037	1473.049	1.5516	27.7896	2285.514	0.6952	0.4733
0.143	 1	14.3	10.139	0.0028	1481.66	1.5575	28.782	2307.753	0.6917	0.4717
0.153	 1	15.3	10.144	0.0034	1478.502	1.5609	26.759	2307.765	0.6897	0.4702
0.163	 1	16.3	10.144	0.0072	1477.855	1.5373	26.759	2271.908	0.7034	0.4717
0.173	 1	17.3	10.144	0.0101	1472.706	1.5261	26.759	2247.5	0.7099	0.4738
0.183	 1	18.3	10.149	0.0094	1471.936	1.5169	26.7209	2232.782	0.7153	0.4746
0.193	 1	19.3	10.153	0.0091	1471.663	1.509	26.6905	2220.693	0.7199	0.4744
0.203	 1	20.3	10.154	0.0086	1470.529	1.543	26.6829	2269.086	0.7001	0.4761
0.213	 1	21.3	10.157	0.0076	1469.048	1.5351	25.6728	2255.085	0.7047	0.4761
0.223	 1	22.3	10.159	0.0078	1470.401	1.5704	25.6582	2309.133	0.6842	0.4747
0.233	 1	23.3	10.165	0.0071	1469.993	1.5784	25.6145	2320.195	0.6796	0.4736
0.243	 1	24.3	10.17	0.0068	1473.486	1.5916	25.5781	2345.24	0.6719	0.4727
0.253	 1	25.3	10.171	0.0059	1475.127	1.5372	25.5709	2267.62	0.7035	0.472
0.263	 1	26.3	10.176	0.0036	1469.034	1.5293	25.5346	2246.542	0.7081	0.4707
0.273	 1	27.3	10.184	0.0023	1439.638	1.5404	29.3963	2217.589	0.7016	0.4677
0.283	 1	28.3	10.186	0.0022	1471.54	1.5398	25.4623	2265.888	0.702	0.4638
0.293	 1	29.3	10.19	0.0069	1476.598	1.5681	25.4335	2315.481	0.6855	0.4615
0.303	 1	30.3	10.191	0.0061	1471.2	1.5466	24.4483	2275.376	0.698	0.4698
0.313	 1	31.3	10.188	0.0064	1468.646	1.5379	26.4267	2258.619	0.7031	0.4884
0.323	 1	32.3	10.19	0.0071	1468.511	1.54	25.4335	2261.523	0.7018	0.4959
0.333	 1	33.3	10.196	0.0067	1468.318	1.5295	26.3669	2245.734	0.708	0.5066
0.343	 1	34.3	10.19	0.0018	1460.094	1.503	26.4117	2194.478	0.7233	0.5183
0.353	 1	35.3	10.191	0.0013	1371.971	1.517	26.4042	2081.217	0.7152	0.529
0.363	 1	36.3	10.19	0.0006	1279.026	1.503	28.3681	1922.337	0.7233	0.5421
0.373	 1	37.3	10.191	0.0011	1464.856	1.5399	29.338	2255.672	0.7019	0.5513
0.383	 1	38.3	10.191	0.0034	1475.46	1.5757	29.338	2324.936	0.6811	0.5568
0.393	 1	39.3	10.189	0.0059	1472.612	1.6029	29.3546	2360.379	0.6654	0.56
0.403	 1	40.3	10.186	0.0062	1478.374	1.6609	30.3589	2455.403	0.6317	0.5625
0.413	 1	41.3	10.191	0.0032	1485.569	1.6625	29.338	2469.729	0.6308	0.5657
0.423	 1	42.3	10.191	0.0014	1481.465	1.5674	28.3601	2322.067	0.686	0.5687
0.433	 1	43.3	10.182	0.001	1422.862	1.5518	28.4325	2207.975	0.695	0.5718
0.443	 1	44.3	10.171	0.0011	1223.8	1.5619	27.5379	1911.507	0.6891	0.5711
0.453	 1	45.3	10.166	0.0012	1224.524	1.5732	27.577	1926.432	0.6826	0.5675
0.463	 1	46.3	10.151	0.0013	1467.756	1.5653	27.6948	2297.474	0.6872	0.5644
0.473	 1	47.3	10.152	0.0041	1478.375	1.5737	27.6869	2326.535	0.6823	0.5621
0.483	 1	48.3	10.152	0.0023	1466.628	1.5682	27.6869	2299.93	0.6855	0.5636
0.493	 1	49.3	10.163	0.0024	1445.045	1.593	27.6005	2301.965	0.6711	0.5654
0.503	 1	50.3	10.161	0.002	1479.47	1.6165	27.6162	2391.532	0.6575	0.5673
0.513	 1	51.3	10.161	0.002	1475.388	1.5662	28.6025	2310.804	0.6866	0.569
0.523	 1	52.3	10.161	0.0019	1478.609	1.599	28.6025	2364.283	0.6676	0.5685
0.533	 1	53.3	10.164	0.0016	1479.045	1.6111	28.5781	2382.891	0.6606	0.6052
0.543	 1	54.3	10.17	0.0011	1494.05	1.647	28.5294	2460.701	0.6398	0.6119
0.553	 1	55.3	10.17	0.0008	1493.831	1.6414	27.5457	2451.916	0.6431	0.6119
0.563	 1	56.3	10.18	0.0006	1488.522	1.6344	27.4676	2432.898	0.6471	0.6156
0.573	 1	57.3	10.19	0.0007	1488.026	1.5673	26.4117	2332.167	0.686	0.6135
0.583	 1	58.3	10.195	0.0008	1470.715	1.5501	26.3743	2279.723	0.696	0.6079
0.593	 1	59.3	10.2	0.0009	1454.027	1.5531	25.3616	2258.292	0.6942	0.6029
0.603	 1	60.3	10.206	0.0007	1452.398	1.5662	25.3186	2274.765	0.6867	0.607
0.613	 1	61.3	10.229	0.0008	1267.848	1.546	25.1547	1960.106	0.6984	0.6033
0.623	 1	62.3	10.249	0.0006	1266.873	1.5311	24.0513	1939.766	0.707	0.5989
0.633	 1	63.3	10.274	0.0003	1262.317	1.5044	24.8383	1899.078	0.7225	0.5973
0.643	 1	64.3	10.457	0.0001	1196.727	1.4861	22.6995	1778.454	0.7331	0.5975
0.653	 1	65.3	10.485	0.0001	1072.634	1.5059	22.5257	1615.262	0.7216	0.5997
0.663	 1	66.3	10.485	0.0	107.8071	1.5216	21.6247	164.0376	0.7125	0.6064
0.673	 1	67.3	10.485	0.0	107.8071	1.5232	21.6247	164.2111	0.7116	0.6208
0.683	 1	68.3	10.446	0.0	107.4062	1.5359	21.8575	164.9665	0.7042	0.6552
0.693	 1	69.3	10.441	0.0	107.3547	1.5122	20.9757	162.345	0.718	0.7198
0.703	 1	70.3	10.457	0.0	107.5192	1.484	19.9755	159.5619	0.7343	0.8737
0.713	 1	71.3	10.429	0.0001	1132.11	1.4865	20.1301	1682.84	0.7329	1.2183
0.723	 1	72.3	10.757	0.0	110.6039	1.4071	18.4192	155.6353	0.7789	1.7182
0.733	 1	73.3	10.818	0.0	111.2311	0.4492	18.9476	49.9693	1.3345	1.9386
0.743	 2	0.7	10.812	0.0	111.1694	1.4441	19.8027	160.5378	0.7575	1.6207
0.753	 2	1.7	10.82	0.0	111.2516	1.4828	19.7609	164.9665	0.735	1.2226
0.763	 2	2.7	10.81	0.0	111.1488	1.4725	20.6388	163.6624	0.741	0.9582
0.773	 2	3.7	10.777	0.0	110.8095	1.4827	22.4856	164.298	0.7351	0.806
0.783	 2	4.7	10.664	0.0	109.6476	1.4278	24.0326	156.5499	0.767	0.7202
0.793	 2	5.7	10.214	0.0001	1093.342	1.4953	27.2046	1634.871	0.7278	0.6761
0.803	 2	6.7	10.167	0.0002	1141.718	1.5174	28.5538	1732.409	0.715	0.6564
0.813	 2	7.7	10.159	0.0006	1135.718	1.5207	28.6187	1727.059	0.7131	0.6478
0.823	 2	8.7	10.158	0.0006	1205.554	1.5568	28.6269	1876.826	0.6921	0.6501
0.833	 2	9.7	10.154	0.0003	1142.182	1.6049	28.6594	1833.136	0.6642	0.6507
0.843	 2	10.7	10.153	0.0003	1154.8	1.6477	28.6676	1902.733	0.6394	0.6523
0.853	 2	11.7	10.149	0.0003	1102.912	1.6579	28.7002	1828.506	0.6335	0.6499
0.863	 2	12.7	10.152	0.0006	1153.112	1.5996	28.6757	1844.467	0.6673	0.6483
0.873	 2	13.7	10.152	0.0006	1148.286	1.5651	27.6869	1797.232	0.6873	0.6395
0.883	 2	14.7	10.152	0.0003	1144.661	1.5011	26.6981	1718.2	0.7244	0.6321
0.893	 2	15.7	10.146	0.0004	1138.465	1.4643	26.7437	1667.009	0.7458	0.6256
0.903	 2	16.7	10.152	0.0005	1134.809	1.4609	25.7093	1657.84	0.7477	0.6179
0.913	 2	17.7	10.153	0.0003	1087.278	1.4784	25.702	1607.382	0.7376	0.6126
0.923	 2	18.7	10.151	0.0003	1086.598	1.4759	25.7166	1603.667	0.7391	0.6074
0.933	 2	19.7	10.161	0.0002	1087.319	1.5101	25.6436	1641.995	0.7192	0.6018
0.943	 2	20.7	10.166	0.0003	1087.273	1.4734	25.6072	1602.02	0.7405	0.6006
0.953	 2	21.7	10.166	0.0003	1086.227	1.4913	25.6072	1619.842	0.7301	0.6035
0.963	 2	22.7	10.167	0.0003	1086.915	1.4817	24.6153	1610.427	0.7357	0.6031
0.973	 2	23.7	10.177	0.0003	1083.813	1.514	24.5455	1640.935	0.7169	0.6035
0.983	 2	24.7	10.181	0.0003	1081.359	1.5111	23.537	1634.026	0.7186	0.601
0.993	 2	25.7	10.188	0.0003	1081.643	1.5103	24.4691	1633.616	0.7191	0.5988
1.003	 2	26.7	10.193	0.0003	1081.485	1.5363	23.4571	1661.521	0.704	0.5954
1.013	 2	27.7	10.193	0.0002	1082.289	1.5353	23.4571	1661.594	0.7046	0.5942
1.023	 2	28.7	10.201	0.0003	1081.646	1.5123	23.4041	1635.787	0.7179	0.5954
1.033	 2	29.7	10.212	0.0003	1079.036	1.5026	23.3314	1621.348	0.7236	0.5953
1.043	 2	30.7	10.212	0.0002	1078.808	1.4868	22.3593	1604.017	0.7327	0.6015
1.053	 2	31.7	10.211	0.0002	1081.101	1.4996	23.338	1621.24	0.7253	0.6089
1.063	 2	32.7	10.211	0.0002	1078.133	1.4737	23.338	1588.894	0.7403	0.6118
1.073	 2	33.7	10.207	0.0002	1079.306	1.5236	23.3644	1644.386	0.7114	0.6212
1.083	 2	34.7	10.212	0.0002	1079.721	1.5057	23.3314	1625.752	0.7217	0.6355
1.093	 2	35.7	10.217	0.0003	1083.342	1.5234	24.2692	1650.356	0.7115	0.6483
1.103	 2	36.7	10.217	0.0003	1082.653	1.5271	24.2692	1653.336	0.7093	0.6549
1.113	 2	37.7	10.222	0.0003	1082.724	1.5155	24.235	1640.88	0.7161	0.662
1.123	 2	38.7	10.217	0.0003	1083.572	1.5427	24.2692	1671.602	0.7003	0.6671
1.133	 2	39.7	10.218	0.0002	1086.674	1.571	25.2329	1707.185	0.6839	0.6685
1.143	 2	40.7	10.225	0.0002	1086.61	1.5763	25.1831	1712.871	0.6808	0.6697
1.153	 2	41.7	10.224	0.0003	1083.166	1.5152	25.1902	1641.228	0.7162	0.6695
1.163	 2	42.7	10.222	0.0004	1082.037	1.5187	24.235	1643.264	0.7142	0.6738
1.173	 2	43.7	10.215	0.0004	1080.267	1.5092	24.283	1630.33	0.7197	0.6704
1.183	 2	44.7	10.219	0.0003	1078.295	1.4997	24.2556	1617.164	0.7252	0.6675
1.193	 2	45.7	10.215	0.0002	1080.038	1.4967	24.283	1616.494	0.727	0.6626
1.203	 2	46.7	10.214	0.0003	1079.362	1.5143	25.2614	1634.506	0.7167	0.6597
1.213	 2	47.7	10.219	0.0003	1077.272	1.5018	24.2556	1617.868	0.724	0.6578
1.223	 2	48.7	10.213	0.0003	1079.37	1.5079	24.2967	1627.602	0.7205	0.6577
1.233	 2	49.7	10.221	0.0003	1079.645	1.5026	24.2419	1622.238	0.7236	0.6577
1.243	 2	50.7	10.217	0.0002	1078.653	1.4964	24.2692	1614.105	0.7271	0.6598
1.253	 2	51.7	10.216	0.0003	1080.03	1.4971	23.3051	1616.882	0.7268	0.6628
1.263	 2	52.7	10.221	0.0002	1081.13	1.5026	22.3025	1624.469	0.7236	0.6649
1.273	 2	53.7	10.236	0.0002	1085.012	1.5342	22.2084	1664.585	0.7052	0.6661
1.283	 2	54.7	10.239	0.0002	1086.943	1.5098	22.1896	1641.112	0.7193	0.6635
1.293	 2	55.7	10.232	0.0003	1085.393	1.5302	22.2334	1660.878	0.7075	0.6623
1.303	 2	56.7	10.237	0.0002	1082.021	1.5394	22.2021	1665.656	0.7022	0.6617
1.313	 2	57.7	10.236	0.0002	1084.782	1.5174	22.2084	1646.039	0.715	0.6609
1.323	 2	58.7	10.235	0.0002	1084.561	1.5183	22.2146	1646.724	0.7144	0.6583
1.333	 2	59.7	10.233	0.0002	1078.179	1.5285	22.2272	1647.951	0.7086	0.6552
1.343	 2	60.7	10.234	0.0001	1078.512	1.5385	22.2209	1659.287	0.7027	0.6529
1.353	 2	61.7	10.231	0.0001	1083.448	1.5285	22.2397	1656.038	0.7085	0.649
1.363	 2	62.7	10.231	0.0001	1082.187	1.5158	21.2727	1640.334	0.7159	0.6506
1.373	 2	63.7	10.237	0.0002	1083.854	1.5265	22.2021	1654.532	0.7097	0.6513
1.383	 2	64.7	10.24	0.0002	1082.338	1.5218	22.1834	1647.131	0.7124	0.6557
1.393	 2	65.7	10.231	0.0001	1078.537	1.5296	21.2727	1649.683	0.7079	0.6529
1.403	 2	66.7	10.239	0.0001	1083.951	1.5661	21.2248	1697.612	0.6867	0.6499
1.413	 2	67.7	10.246	0.0001	998.8303	1.559	21.183	1557.175	0.6908	0.6474
1.423	 2	68.7	10.244	0.0001	989.2805	1.5314	21.195	1514.942	0.7069	0.6501
1.433	 2	69.7	10.248	0.0002	1075.115	1.5175	21.1711	1631.448	0.7149	0.6868
1.443	 2	70.7	10.259	0.0002	1081.147	1.527	21.1057	1650.891	0.7094	0.7058
1.453	 2	71.7	10.264	0.0002	1086.367	1.5104	21.0761	1640.805	0.719	0.704
1.463	 2	72.7	10.273	0.0003	1085.482	1.4929	21.0229	1620.507	0.7292	0.7
1.473	 2	73.7	10.275	0.0003	1085.349	1.5356	21.0111	1666.644	0.7044	0.6962
1.483	 2	74.7	10.284	0.0003	1131.727	1.5329	20.9582	1734.818	0.706	0.6895
1.493	 2	75.7	10.288	0.0005	1127.947	1.5318	20.9347	1727.746	0.7066	0.684
1.503	 2	76.7	10.296	0.0004	1127.34	1.5359	20.8879	1731.538	0.7042	0.6834
1.513	 2	77.7	10.298	0.0004	1120.81	1.5183	20.8762	1701.702	0.7145	0.6825
1.523	 2	78.7	10.298	0.0005	1127.189	1.5125	20.8762	1704.833	0.7178	0.6796
1.533	 2	79.7	10.313	0.0005	1128.46	1.5079	20.7888	1701.604	0.7205	0.6744
1.543	 2	80.7	10.385	0.0004	1127.579	1.5148	21.3027	1708.056	0.7165	0.67
1.553	 2	81.7	10.549	0.0001	1082.06	1.5158	19.4792	1640.211	0.7159	0.6683
1.563	 2	82.7	10.523	0.0	108.1979	1.5317	20.5094	165.7271	0.7067	0.6698
1.573	 2	83.7	10.528	0.0	108.2493	1.5202	20.4814	164.5591	0.7133	0.681
1.583	 2	84.7	10.518	0.0	108.1465	1.5305	20.5374	165.5218	0.7073	0.6997
1.593	 2	85.7	10.499	0.0001	1000.381	1.5252	20.6443	1525.775	0.7104	0.7474
1.603	 2	86.7	10.486	0.0001	1009.92	1.5417	21.6187	1557.041	0.7008	0.8588
1.613	 2	87.7	10.441	0.0003	1085.23	1.5572	21.8876	1689.94	0.6919	1.1336
1.623	 2	88.7	10.692	0.0	109.9355	1.5188	21.2971	166.9668	0.7142	1.6246
1.633	 2	89.7	10.773	0.0	110.7684	1.0892	20.8421	120.6475	0.9633	1.9611
1.643	 3	0.6	10.815	0.0	111.2002	1.4964	21.436	166.4042	0.7271	1.7247
1.653	 3	1.6	10.857	0.0	111.6321	1.5574	21.1999	173.8539	0.6918	1.2849
1.663	 3	2.6	10.847	0.0049	1512.831	1.5861	22.0733	2399.471	0.6751	1.0003
1.673	 3	3.6	10.822	0.0012	1518.238	1.5744	23.0423	2390.327	0.6819	0.848
1.683	 3	4.6	10.682	0.0	109.8327	1.5907	23.9168	174.7097	0.6725	0.7648
1.693	 3	5.6	10.335	0.0012	1500.0	1.6459	26.2965	2468.842	0.6404	0.7158
1.703	 3	6.6	10.238	0.0027	1504.924	1.6891	26.056	2541.954	0.6154	0.6916
1.713	 3	7.6	10.169	0.0048	1530.554	1.7515	26.5694	2680.724	0.5792	0.6787
1.723	 3	8.6	10.157	0.0043	1516.649	1.7145	25.6728	2600.338	0.6006	0.672
1.733	 3	9.6	10.157	0.0117	1491.702	1.6209	25.6728	2417.872	0.6549	0.6667
1.743	 3	10.6	10.146	0.0224	1479.44	1.6197	25.7532	2396.304	0.6556	0.6604
1.753	 3	11.6	10.146	0.0183	1481.168	1.6393	24.7627	2428.117	0.6442	0.6486
1.763	 3	12.6	10.146	0.0188	1482.25	1.6361	24.7627	2425.087	0.6461	0.6341
1.773	 3	13.6	10.146	0.0232	1482.033	1.6367	24.7627	2425.605	0.6458	0.6244
1.783	 3	14.6	10.146	0.0169	1479.224	1.6358	24.7627	2419.702	0.6463	0.6198
1.793	 3	15.6	10.145	0.0159	1475.636	1.6187	24.7698	2388.669	0.6562	0.6159
1.803	 3	16.6	10.146	0.0138	1482.25	1.6261	23.7722	2410.331	0.6519	0.6138
1.813	 3	17.6	10.156	0.0237	1482.628	1.6318	24.6924	2419.4	0.6486	0.6131
1.823	 3	18.6	10.16	0.0242	1484.295	1.6245	24.6643	2411.195	0.6529	0.6096
1.833	 3	19.6	10.162	0.0199	1483.937	1.6129	24.6503	2393.378	0.6596	0.6041
1.843	 3	20.6	10.17	0.0212	1477.983	1.6174	25.5781	2390.432	0.657	0.6021
1.853	 3	21.6	10.172	0.0167	1476.771	1.6214	25.5636	2394.425	0.6546	0.6005
1.863	 3	22.6	10.179	0.014	1475.217	1.6047	25.5129	2367.301	0.6643	0.5987
1.873	 3	23.6	10.185	0.0097	1471.608	1.6109	25.4695	2370.673	0.6607	0.5975
1.883	 3	24.6	10.185	0.0076	1470.333	1.5944	26.4491	2344.26	0.6703	0.5964
1.893	 3	25.6	10.19	0.0064	1469.782	1.622	25.4335	2384.007	0.6543	0.5971
1.903	 3	26.6	10.2	0.0115	1475.054	1.6135	26.337	2379.956	0.6592	0.5991
1.913	 3	27.6	10.2	0.0126	1471.224	1.594	26.337	2345.148	0.6705	0.6042
1.923	 3	28.6	10.205	0.0075	1469.614	1.6001	27.2739	2351.462	0.667	0.6119
1.933	 3	29.6	10.205	0.0074	1480.702	1.6222	26.2998	2402.067	0.6541	0.6201
1.943	 3	30.6	10.208	0.0114	1482.428	1.6247	26.2775	2408.482	0.6527	0.6273
1.953	 3	31.6	10.21	0.0084	1480.568	1.6317	26.2627	2415.833	0.6487	0.6352
1.963	 3	32.6	10.205	0.0049	1480.702	1.6506	26.2998	2444.024	0.6377	0.6383
1.973	 3	33.6	10.207	0.0035	1486.168	1.6461	26.2849	2446.354	0.6403	0.6435
1.983	 3	34.6	10.205	0.0042	1475.137	1.6348	26.2998	2411.625	0.6468	0.6468
1.993	 3	35.6	10.21	0.0045	1475.007	1.6215	26.2627	2391.656	0.6546	0.6544
2.003	 3	36.6	10.216	0.0038	1474.383	1.6599	25.2471	2447.36	0.6323	0.6631
2.013	 3	37.6	10.213	0.0022	1485.744	1.6765	25.2686	2490.905	0.6227	0.6729
2.023	 3	38.6	10.212	0.0056	1489.498	1.6609	26.2478	2473.868	0.6317	0.6867
2.033	 3	39.6	10.21	0.0058	1481.643	1.6394	25.29	2428.95	0.6442	0.6957
2.043	 3	40.6	10.21	0.0036	1475.647	1.6426	25.29	2423.934	0.6423	0.7035
2.053	 3	41.6	10.202	0.0028	1466.647	1.6395	34.1213	2404.515	0.6442	0.7101
2.063	 3	42.6	10.203	0.0024	1475.062	1.6234	24.3655	2394.675	0.6535	0.7137
2.073	 3	43.6	10.197	0.003	1479.112	1.6477	24.4069	2437.128	0.6394	0.7201
2.083	 3	44.6	10.197	0.0028	1474.194	1.6667	24.4069	2456.966	0.6284	0.7181
2.093	 3	45.6	10.197	0.0022	1471.428	1.6737	25.3831	2462.663	0.6243	0.7132
2.103	 3	46.6	10.195	0.0018	1493.335	1.7069	24.4207	2548.939	0.6051	0.712
2.113	 3	47.6	10.198	0.002	1507.688	1.7364	24.3999	2617.953	0.5879	0.7099
2.123	 3	48.6	10.203	0.0026	1500.22	1.6414	23.3908	2462.427	0.6431	0.7098
2.133	 3	49.6	10.207	0.0042	1477.348	1.6272	23.3644	2403.919	0.6513	0.7095
2.143	 3	50.6	10.212	0.0027	1474.444	1.6346	22.3593	2410.142	0.647	0.7029
2.153	 3	51.6	10.216	0.0038	1475.661	1.6393	23.3051	2419.033	0.6443	0.6963
2.163	 3	52.6	10.216	0.0025	1473.32	1.6423	23.3051	2419.565	0.6425	0.6903
2.173	 3	53.6	10.236	0.0024	1472.594	1.642	24.1395	2418.018	0.6427	0.6865
2.183	 3	54.6	10.249	0.0027	1485.147	1.6795	25.9754	2494.375	0.6209	0.682
2.193	 3	55.6	10.268	0.0036	1492.442	1.6863	25.8371	2516.745	0.617	0.682
2.203	 3	56.6	10.279	0.0022	1497.305	1.6558	25.7575	2479.188	0.6347	0.6813
2.213	 3	57.6	10.28	0.0042	1489.639	1.613	24.7965	2402.815	0.6595	0.6827
2.223	 3	58.6	10.268	0.0043	1477.623	1.6187	22.9663	2391.802	0.6562	0.6828
2.233	 3	59.6	10.273	0.0039	1485.181	1.632	24.8453	2423.758	0.6485	0.6847
2.243	 3	60.6	10.278	0.0035	1482.261	1.6107	24.8104	2387.517	0.6608	0.688
2.253	 3	61.6	10.263	0.0049	1481.166	1.6142	23.9569	2390.957	0.6588	0.6893
2.263	 3	62.6	10.265	0.0031	1472.107	1.6041	24.9011	2361.427	0.6647	0.6957
2.273	 3	63.6	10.253	0.0025	1473.132	1.6086	25.9462	2369.655	0.6621	0.6975
2.283	 3	64.6	10.248	0.0038	1479.642	1.597	25.0204	2363.046	0.6688	0.6956
2.293	 3	65.6	10.243	0.0042	1477.64	1.6078	25.0557	2375.82	0.6625	0.6951
2.303	 3	66.6	10.235	0.004	1477.765	1.621	26.078	2395.433	0.6549	0.6947
2.313	 3	67.6	10.231	0.0026	1478.041	1.5997	25.1405	2364.412	0.6672	0.6965
2.323	 3	68.6	10.226	0.002	1477.532	1.6033	25.176	2368.98	0.6651	0.7033
2.333	 3	69.6	10.226	0.0021	1477.746	1.6022	25.176	2367.63	0.6658	0.704
2.343	 3	70.6	10.226	0.0026	1480.313	1.6262	24.2077	2407.297	0.6519	0.7087
2.353	 3	71.6	10.226	0.003	1483.965	1.6283	23.2394	2416.279	0.6507	0.7108
2.363	 3	72.6	10.225	0.0027	1484.681	1.6328	24.2145	2424.228	0.648	0.7141
2.373	 3	73.6	10.224	0.0028	1489.51	1.6365	23.2525	2437.624	0.6459	0.713
2.383	 3	74.6	10.221	0.0026	1492.771	1.6486	22.3025	2460.979	0.6389	0.7121
2.393	 3	75.6	10.221	0.0033	1493.425	1.651	22.3025	2465.632	0.6375	0.7068
2.403	 3	76.6	10.211	0.0033	1483.295	1.6242	21.3932	2409.182	0.653	0.706
2.413	 3	77.6	10.201	0.0025	1473.494	1.6384	20.4786	2414.233	0.6448	0.6982
2.423	 3	78.6	10.196	0.002	1477.039	1.6443	19.531	2428.674	0.6414	0.6925
2.433	 3	79.6	10.186	0.0014	1473.882	1.6264	18.6071	2397.184	0.6517	0.695
2.443	 3	80.6	10.188	0.0007	1238.964	1.6288	17.6178	2017.968	0.6504	0.6877
2.453	 3	81.6	10.18	0.0005	1197.929	1.6466	17.6578	1972.476	0.64	0.6859
2.463	 3	82.6	10.175	0.0003	1181.354	1.6311	16.7004	1926.94	0.649	0.6867
2.473	 3	83.6	10.175	0.0004	1189.919	1.6232	16.7004	1931.525	0.6536	0.6844
2.483	 3	84.6	10.171	0.0003	1396.348	1.6146	16.7194	2254.545	0.6586	0.6811
2.493	 3	85.6	10.172	0.0003	1397.637	1.615	16.7147	2257.21	0.6583	0.6788
2.503	 3	86.6	10.172	0.0003	1196.987	1.634	16.7147	1955.829	0.6474	0.6693
2.513	 3	87.6	10.167	0.0004	1197.245	1.6152	17.723	1933.832	0.6582	0.6687
2.523	 3	88.6	10.17	0.0005	1247.241	1.6237	17.7079	2025.203	0.6533	0.6707
2.533	 3	89.6	10.173	0.0008	1245.928	1.6341	17.6929	2035.961	0.6473	0.6716
2.543	 3	90.6	10.169	0.0008	1328.239	1.6457	18.697	2185.851	0.6406	0.6725
2.553	 3	91.6	10.168	0.0005	1392.305	1.6284	19.6867	2267.29	0.6506	0.6736
2.563	 3	92.6	10.17	0.0005	1232.429	1.6352	19.6755	2015.222	0.6467	0.6726
2.573	 3	93.6	10.169	0.0005	1353.16	1.6175	21.6492	2188.764	0.6569	0.6697
2.583	 3	94.6	10.174	0.0008	1488.079	1.6464	20.6358	2449.904	0.6402	0.669
2.593	 3	95.6	10.169	0.001	1479.558	1.6051	22.6332	2374.906	0.6641	0.6677
2.603	 3	96.6	10.174	0.0009	1485.689	1.6366	21.6185	2431.451	0.6458	0.6665
2.613	 3	97.6	10.174	0.0014	1486.992	1.6363	22.6011	2433.146	0.646	0.6646
2.623	 3	98.6	10.179	0.0025	1484.901	1.659	22.5691	2463.463	0.6328	0.6683
2.633	 3	99.6	10.189	0.0023	1485.927	1.6508	22.5052	2452.942	0.6376	0.6746
2.643	 3	100.6	10.19	0.0025	1486.94	1.6512	21.5206	2455.263	0.6373	0.6802
2.653	 3	101.6	10.199	0.0022	1490.21	1.6546	20.4902	2465.632	0.6354	0.6864
2.663	 3	102.6	10.2	0.0026	1495.82	1.6315	20.4844	2440.473	0.6488	0.6857
2.673	 3	103.6	10.204	0.0029	1486.38	1.6439	18.5125	2443.442	0.6416	0.6833
2.683	 3	104.6	10.208	0.0022	1482.428	1.6435	18.4916	2436.431	0.6418	0.6811
2.693	 3	105.6	10.209	0.0017	1484.514	1.6339	16.5404	2425.565	0.6474	0.6773
2.703	 3	106.6	10.22	0.0012	1483.74	1.6375	16.4891	2429.569	0.6453	0.6794
2.713	 3	107.6	10.22	0.0006	1492.189	1.6476	14.5492	2458.478	0.6395	0.6786
2.723	 3	108.6	10.221	0.0006	1494.298	1.6588	13.5754	2478.753	0.6329	0.6747
2.733	 3	109.6	10.222	0.0007	1356.422	1.6425	12.6022	2227.894	0.6424	0.6722
2.743	 3	110.6	10.22	0.0005	1241.798	1.6611	11.6394	2062.731	0.6316	0.6767
2.753	 3	111.6	10.222	0.0004	1241.891	1.6653	11.6328	2068.124	0.6292	0.6853
2.763	 3	112.6	10.227	0.0003	1192.653	1.6636	10.6484	1984.073	0.6302	0.7207
2.773	 3	113.6	10.228	0.0003	1243.828	1.6436	11.6131	2044.35	0.6418	0.7287
2.783	 3	114.6	10.231	0.0003	1245.405	1.6699	9.6694	2079.728	0.6265	0.7338
2.793	 3	115.6	10.242	0.0003	1494.31	1.6384	10.6035	2448.249	0.6448	0.7373
2.803	 3	116.6	10.247	0.0004	1490.69	1.6346	10.5885	2436.717	0.647	0.7377
2.813	 3	117.6	10.254	0.0004	1354.736	1.635	9.607	2214.974	0.6468	0.733
2.823	 3	118.6	10.26	0.0003	1369.461	1.6296	9.5908	2231.683	0.6499	0.7278
2.833	 3	119.6	10.27	0.0007	1492.082	1.6271	9.5639	2427.825	0.6513	0.7267
2.843	 3	120.6	10.356	0.0013	1488.359	1.613	9.3369	2400.789	0.6595	0.7305
2.853	 3	121.6	10.316	0.0013	1486.67	1.6013	9.4415	2380.665	0.6663	0.7316
2.863	 3	122.6	10.341	0.0004	1489.199	1.6307	9.3759	2428.362	0.6493	0.7325
2.873	 3	123.6	10.472	0.0002	1490.888	1.6152	9.0425	2408.123	0.6582	0.7301
2.883	 3	124.6	10.53	0.0006	1499.146	1.6017	8.0101	2401.14	0.6661	0.7378
2.893	 3	125.6	10.529	0.0003	1498.15	1.6442	8.0123	2463.292	0.6414	0.7537
2.903	 3	126.6	10.486	0.0001	1515.318	1.6308	8.107	2471.183	0.6492	0.7858
2.913	 3	127.6	10.48	0.0002	1503.155	1.6213	7.2181	2437.14	0.6547	0.8552
2.923	 3	128.6	10.476	0.0	107.7146	1.6108	7.226	173.5072	0.6608	0.9853
2.933	 3	129.6	10.473	0.0	107.6838	1.613	6.328	173.6962	0.6595	1.2242
2.943	 3	130.6	10.456	0.0	107.509	1.6224	5.4494	174.4237	0.6541	1.6564
2.953	 3	131.6	10.461	0.0	107.5604	1.5986	4.5349	171.9444	0.6679	2.2715
2.963	 3	132.6	10.412	0.0	107.0566	0.7343	2.7579	78.6111	1.1692	2.9547
