Geotek MSCL 7.9 - TN336_TC26-30.out created at 1:59:58 on 1/24/2016.


Processing Parameters

CT	RCT=11.45	W=1.27
PWAmp	A=1	B=0
PWVel	PTO=26.15
Den1	A=5.9246E-04	B=-.091753	C=9.804
MS1	A=1	B=0	Den=0	LD=14	
FP	MGD=2.75	WD=1.026	
RES	A=536.0255	B=-1.092736	p=0	


SB DEPTH	SECT NUM	SECT DEPTH	CT	PWAmp	PWVel	Den1	MS1	Imp	FP	RES
m		cm	cm		m/s	g/cc	x 10^-8 (m^3/kg)			Ohm.m

-0.637	before cal		10.53	0.0						70.0304
-0.577	cal sect	6.0	10.46	0.0057	1474.693	1.1225	-1.8145		0.944	14.1597
-0.517	cal sect	12.0	10.177	0.0331	1463.685	1.1741	-0.9818	1718.517	0.9141	13.0866
-0.457	cal sect	18.0	10.216	0.0308	1461.935	1.1414	-0.971	1668.723	0.933	12.3531
-0.397	cal sect	24.0	10.341	0.0017	1470.354	1.1278	-1.8752	1658.316	0.9409	9.8543
-0.337	cal sect	30.0	10.645	0.0133	1485.28	1.107	-0.8627	1644.163	0.953	3.5836
-0.277	cal sect	36.0	10.562	0.0047	1494.764	1.1432	-0.8823	1708.87	0.932	0.5009
-0.217	cal sect	42.0	10.254	0.0026	1492.142	1.1762	-0.9607	1755.095	0.9129	0.3675
-0.157	cal sect	48.0	10.173	0.0392	1479.494	1.1773	-0.9829	1741.752	0.9123	0.3669
-0.097	cal sect	54.0	10.234	0.0115	1479.971	1.1565	-0.9661	1711.626	0.9243	0.3685
-0.037	cal sect	60.0	10.422	0.0185	1495.48	1.1469	1.8335	1715.133	0.9299	0.5127
0.003	 1	0.3	10.85	0.0	111.528	0.8237	9.8026	91.8628	1.1174	1.1429
0.013	 1	1.3	10.849	0.0	111.5177	1.3867	12.2565	154.6378	0.7908	0.873
0.023	 1	2.3	10.869	0.0028	1516.746	1.4054	13.005	2131.583	0.78	0.6534
0.033	 1	3.3	10.843	0.0008	1513.751	1.3913	13.9127	2106.042	0.7881	0.5275
0.043	 1	4.3	10.741	0.0001	1488.085	1.3729	15.1345	2043.032	0.7988	0.4565
0.053	 1	5.3	10.288	0.0055	1495.132	1.4755	18.08	2206.053	0.7393	0.4254
0.063	 1	6.3	10.21	0.0055	1481.213	1.4893	19.4538	2206.032	0.7312	0.4091
0.073	 1	7.3	10.189	0.0036	1481.39	1.4714	18.5913	2179.718	0.7416	0.3985
0.083	 1	8.3	10.178	0.0058	1489.536	1.4809	19.6309	2205.846	0.7361	0.3914
0.093	 1	9.3	10.172	0.0159	1483.015	1.4718	19.6643	2182.743	0.7414	0.3857
0.103	 1	10.3	10.172	0.0135	1478.703	1.4882	20.6475	2200.589	0.7319	0.382
0.113	 1	11.3	10.177	0.009	1481.8	1.477	19.6364	2188.549	0.7384	0.3787
0.123	 1	12.3	10.182	0.0171	1480.803	1.4765	20.589	2186.38	0.7387	0.3765
0.133	 1	13.3	10.185	0.0144	1478.873	1.4771	19.592	2184.396	0.7384	0.3763
0.143	 1	14.3	10.182	0.0221	1477.794	1.488	20.589	2198.978	0.732	0.3765
0.153	 1	15.3	10.187	0.0133	1477.662	1.4775	19.5808	2183.309	0.7381	0.3773
0.163	 1	16.3	10.197	0.0218	1480.186	1.4858	20.5018	2199.298	0.7333	0.3781
0.173	 1	17.3	10.197	0.0156	1477.184	1.4845	19.5255	2192.938	0.734	0.3764
0.183	 1	18.3	10.203	0.0156	1481.487	1.4538	19.4924	2153.758	0.7519	0.3748
0.193	 1	19.3	10.205	0.0223	1479.414	1.4826	19.4813	2193.389	0.7351	0.3734
0.203	 1	20.3	10.207	0.0227	1477.562	1.4769	19.4703	2182.275	0.7384	0.3715
0.213	 1	21.3	10.213	0.0124	1478.431	1.4975	19.4373	2213.883	0.7265	0.3696
0.223	 1	22.3	10.213	0.0249	1484.448	1.4954	19.4373	2219.807	0.7277	0.3693
0.233	 1	23.3	10.223	0.0158	1476.672	1.4939	19.3826	2206.02	0.7286	0.3689
0.243	 1	24.3	10.218	0.0151	1477.657	1.5051	18.4394	2223.984	0.7221	0.3698
0.253	 1	25.3	10.223	0.013	1477.526	1.4836	19.3826	2192.038	0.7346	0.369
0.263	 1	26.3	10.228	0.014	1478.89	1.4893	19.3552	2202.512	0.7313	0.3684
0.273	 1	27.3	10.228	0.013	1481.889	1.4898	19.3552	2207.745	0.731	0.3685
0.283	 1	28.3	10.234	0.0258	1481.9	1.5106	19.3225	2238.554	0.7189	0.3693
0.293	 1	29.3	10.239	0.0244	1478.342	1.4921	19.2953	2205.83	0.7296	0.369
0.303	 1	30.3	10.239	0.0248	1473.661	1.4823	19.2953	2184.401	0.7353	0.3763
0.313	 1	31.3	10.244	0.0196	1471.416	1.4785	19.2682	2175.483	0.7375	0.3983
0.323	 1	32.3	10.249	0.0114	1472.769	1.4785	19.2411	2177.552	0.7375	0.4054
0.333	 1	33.3	10.255	0.0114	1475.327	1.4911	19.2086	2199.806	0.7302	0.4123
0.343	 1	34.3	10.257	0.0176	1474.554	1.536	19.1978	2264.885	0.7042	0.4147
0.353	 1	35.3	10.259	0.0108	1473.994	1.4892	18.2277	2195.054	0.7313	0.4182
0.363	 1	36.3	10.262	0.0129	1477.823	1.4759	18.2123	2181.123	0.739	0.4213
0.373	 1	37.3	10.264	0.0165	1478.111	1.4723	18.2021	2176.222	0.7411	0.4228
0.383	 1	38.3	10.269	0.0161	1477.129	1.4888	18.1766	2199.107	0.7316	0.4254
0.393	 1	39.3	10.264	0.01	1473.019	1.4996	17.2441	2208.99	0.7253	0.421
0.403	 1	40.3	10.261	0.0093	1474.705	1.4717	17.2586	2170.341	0.7415	0.4265
0.413	 1	41.3	10.263	0.0091	1476.053	1.4922	17.2489	2202.615	0.7296	0.4343
0.423	 1	42.3	10.263	0.0079	1477.328	1.4967	17.2489	2211.044	0.727	0.4618
0.433	 1	43.3	10.263	0.0209	1480.739	1.4953	16.2907	2214.221	0.7278	0.4675
0.443	 1	44.3	10.257	0.0065	1476.04	1.4983	16.3182	2211.562	0.726	0.4719
0.453	 1	45.3	10.258	0.0055	1483.656	1.5219	16.3136	2257.953	0.7124	0.477
0.463	 1	46.3	10.249	0.011	1480.428	1.506	16.3549	2229.555	0.7216	0.4816
0.473	 1	47.3	10.249	0.0086	1474.888	1.4878	16.3549	2194.335	0.7321	0.4857
0.483	 1	48.3	10.264	0.0063	1477.472	1.497	15.3281	2211.814	0.7268	0.486
0.493	 1	49.3	10.294	0.0067	1484.141	1.5092	15.1997	2239.794	0.7197	0.4891
0.503	 1	50.3	10.304	0.0075	1490.309	1.5225	16.1045	2269.061	0.712	0.4886
0.513	 1	51.3	10.338	0.011	1488.339	1.517	15.014	2257.815	0.7152	0.4898
0.523	 1	52.3	10.342	0.0078	1491.706	1.5379	14.9973	2294.109	0.7031	0.4918
0.533	 1	53.3	10.554	0.0003	1512.468	1.5081	14.1474	2280.924	0.7204	0.4946
0.543	 1	54.3	10.571	0.0023	1511.654	1.5255	14.0822	2306.033	0.7103	0.4996
0.553	 1	55.3	10.556	0.0	108.5059	1.503	12.3723	163.0862	0.7233	0.5075
0.563	 1	56.3	10.536	0.0007	1491.929	1.4898	13.3283	2222.678	0.731	0.5278
0.573	 1	57.3	10.545	0.0	108.3929	1.4851	12.4093	160.9786	0.7337	0.5679
0.583	 1	58.3	10.52	0.0	108.1359	1.4749	11.6018	159.4925	0.7396	0.6467
0.593	 1	59.3	10.53	0.0	108.2387	1.4959	11.5701	161.9137	0.7274	0.8062
0.603	 1	60.3	10.593	0.0001	1345.997	1.4645	10.4989	1971.222	0.7456	1.0953
0.613	 1	61.3	10.867	0.0	111.7027	1.2769	9.7589	142.6362	0.8545	1.4206
0.623	 2	0.1	10.889	0.0	111.9289	0.7432	9.7027	83.1817	1.1641	1.4306
0.633	 2	1.1	10.91	0.0	112.1447	1.4635	9.6495	164.1256	0.7462	1.1218
0.643	 2	2.1	10.9	0.0004	1508.859	1.4693	10.481	2216.92	0.7429	0.8285
0.653	 2	3.1	10.861	0.0013	1509.521	1.485	10.5888	2241.689	0.7337	0.6608
0.663	 2	4.1	10.81	0.0001	1308.875	1.461	10.7322	1912.262	0.7477	0.5729
0.673	 2	5.1	10.363	0.0022	1500.797	1.5205	11.1825	2282.015	0.7131	0.5267
0.683	 2	6.1	10.253	0.0021	1481.005	1.5234	12.4926	2256.203	0.7115	0.502
0.693	 2	7.1	10.205	0.0019	1481.132	1.5303	12.6629	2266.612	0.7075	0.4887
0.703	 2	8.1	10.191	0.0112	1475.246	1.5566	12.7131	2296.329	0.6922	0.4826
0.713	 2	9.1	10.185	0.012	1470.333	1.5165	12.7348	2229.822	0.7155	0.4794
0.723	 2	10.1	10.185	0.007	1465.889	1.5189	12.7348	2226.575	0.7141	0.476
0.733	 2	11.1	10.185	0.0082	1473.737	1.5301	13.7144	2254.983	0.7076	0.4775
0.743	 2	12.1	10.185	0.0108	1472.246	1.5253	12.7348	2245.622	0.7104	0.4818
0.753	 2	13.1	10.185	0.0069	1463.572	1.5026	12.7348	2199.187	0.7235	0.4846
0.763	 2	14.1	10.186	0.0035	1466.033	1.4921	13.7105	2187.432	0.7297	0.4871
0.773	 2	15.1	10.185	0.0045	1472.034	1.5055	13.7144	2216.134	0.7219	0.4864
0.783	 2	16.1	10.185	0.0041	1464.625	1.4971	14.694	2192.757	0.7267	0.4862
0.793	 2	17.1	10.196	0.0046	1466.206	1.511	14.6483	2215.365	0.7187	0.4864
0.803	 2	18.1	10.19	0.0037	1474.248	1.5302	14.6732	2255.841	0.7076	0.4909
0.813	 2	19.1	10.194	0.0064	1474.613	1.5498	15.6337	2285.394	0.6962	0.4916
0.823	 2	20.1	10.201	0.0078	1476.266	1.5561	15.6027	2297.284	0.6925	0.4922
0.833	 2	21.1	10.195	0.0153	1474.544	1.5259	16.6061	2250.065	0.71	0.4893
0.843	 2	22.1	10.199	0.0105	1473.844	1.5548	16.5873	2291.539	0.6933	0.4849
0.853	 2	23.1	10.203	0.0178	1476.983	1.5655	17.5431	2312.189	0.6871	0.4814
0.863	 2	24.1	10.204	0.0194	1477.342	1.5936	17.5382	2354.338	0.6707	0.481
0.873	 2	25.1	10.213	0.0092	1474.376	1.5801	17.4936	2329.659	0.6786	0.4842
0.883	 2	26.1	10.22	0.0074	1479.23	1.5585	17.4591	2305.33	0.6911	0.4864
0.893	 2	27.1	10.214	0.0068	1470.063	1.5338	16.5171	2254.792	0.7054	0.4878
0.903	 2	28.1	10.219	0.0024	1470.148	1.5458	17.464	2272.5	0.6985	0.4854
0.913	 2	29.1	10.224	0.0066	1482.169	1.5734	16.4705	2331.994	0.6825	0.48
0.923	 2	30.1	10.224	0.0228	1479.809	1.5645	16.4705	2315.127	0.6877	0.4771
0.933	 2	31.1	10.223	0.0164	1479.878	1.5816	16.4752	2340.634	0.6777	0.4819
0.943	 2	32.1	10.228	0.0122	1482.319	1.5764	17.4197	2336.7	0.6808	0.4849
0.953	 2	33.1	10.234	0.0122	1479.757	1.5799	17.3903	2337.927	0.6787	0.4895
0.963	 2	34.1	10.234	0.0131	1473.366	1.5635	17.3903	2303.609	0.6882	0.4958
0.973	 2	35.1	10.233	0.0088	1474.708	1.588	18.3616	2341.812	0.674	0.5008
0.983	 2	36.1	10.239	0.0075	1479.838	1.5736	17.3658	2328.63	0.6824	0.5063
0.993	 2	37.1	10.239	0.0096	1480.052	1.5987	18.3305	2366.16	0.6678	0.511
1.003	 2	38.1	10.235	0.0177	1478.833	1.5911	17.3854	2352.927	0.6722	0.5152
1.013	 2	39.1	10.239	0.0179	1477.489	1.5764	18.3305	2329.063	0.6808	0.5209
1.023	 2	40.1	10.239	0.015	1474.935	1.5865	18.3305	2339.966	0.6749	0.527
1.033	 2	41.1	10.245	0.014	1474.101	1.5638	18.2996	2305.136	0.6881	0.5334
1.043	 2	42.1	10.246	0.0142	1482.564	1.5976	17.3316	2368.556	0.6684	0.5419
1.053	 2	43.1	10.251	0.0231	1479.861	1.5703	18.2687	2323.879	0.6843	0.5478
1.063	 2	44.1	10.256	0.0165	1480.156	1.5505	18.2431	2295.028	0.6957	0.5479
1.073	 2	45.1	10.25	0.0215	1473.336	1.5408	18.2739	2270.141	0.7014	0.5501
1.083	 2	46.1	10.246	0.0179	1472.338	1.5542	18.2945	2288.362	0.6936	0.5505
1.093	 2	47.1	10.246	0.0097	1472.338	1.5661	17.3316	2305.826	0.6867	0.5526
1.103	 2	48.1	10.238	0.013	1477.558	1.5662	17.3707	2314.17	0.6867	0.5536
1.113	 2	49.1	10.247	0.0112	1474.176	1.5693	17.3267	2313.393	0.6849	0.5524
1.123	 2	50.1	10.237	0.0144	1473.374	1.5705	16.4103	2313.982	0.6841	0.5476
1.133	 2	51.1	10.239	0.0209	1473.661	1.5688	16.401	2311.932	0.6851	0.5415
1.143	 2	52.1	10.227	0.0268	1475.332	1.5819	16.4566	2333.774	0.6776	0.5352
1.153	 2	53.1	10.23	0.0242	1472.578	1.5597	16.4427	2296.772	0.6904	0.5276
1.163	 2	54.1	10.238	0.0252	1475.429	1.5746	16.4056	2323.155	0.6818	0.5243
1.173	 2	55.1	10.241	0.0246	1472.889	1.5694	16.3918	2311.498	0.6848	0.522
1.183	 2	56.1	10.243	0.0251	1473.389	1.5514	15.4189	2285.822	0.6952	0.5192
1.193	 2	57.1	10.243	0.0249	1473.389	1.5763	15.4189	2322.518	0.6808	0.5183
1.203	 2	58.1	10.243	0.0258	1471.273	1.5591	15.4189	2293.85	0.6908	0.5183
1.213	 2	59.1	10.241	0.0268	1469.297	1.5487	16.3918	2275.502	0.6968	0.5187
1.223	 2	60.1	10.24	0.0203	1472.957	1.551	15.4319	2284.613	0.6955	0.5185
1.233	 2	61.1	10.235	0.0318	1470.969	1.5584	15.4537	2292.331	0.6912	0.5189
1.243	 2	62.1	10.231	0.0123	1467.862	1.5709	15.4711	2305.86	0.6839	0.5202
1.253	 2	63.1	10.221	0.0197	1471.071	1.5594	15.5148	2294.01	0.6906	0.5229
1.263	 2	64.1	10.221	0.0159	1470.013	1.5655	16.4845	2301.29	0.6871	0.5272
1.273	 2	65.1	10.211	0.0159	1469.208	1.5533	15.5587	2282.05	0.6942	0.53
1.283	 2	66.1	10.205	0.0266	1468.345	1.5677	15.5851	2301.876	0.6858	0.5316
1.293	 2	67.1	10.204	0.017	1468.413	1.5753	15.5895	2313.239	0.6814	0.5322
1.303	 2	68.1	10.2	0.0155	1466.782	1.5623	15.6071	2291.625	0.6889	0.5319
1.313	 2	69.1	10.201	0.0142	1466.926	1.5368	16.5779	2254.427	0.7037	0.5315
1.323	 2	70.1	10.196	0.0111	1464.943	1.5735	15.6248	2305.086	0.6824	0.5308
1.333	 2	71.1	10.19	0.0106	1471.693	1.5935	15.6514	2345.214	0.6708	0.5324
1.343	 2	72.1	10.196	0.0253	1471.922	1.5729	16.6014	2315.248	0.6827	0.5339
1.353	 2	73.1	10.197	0.021	1466.561	1.5809	15.6204	2318.477	0.6781	0.5342
1.363	 2	74.1	10.192	0.0198	1468.588	1.5713	15.6425	2307.641	0.6837	0.5341
1.373	 2	75.1	10.198	0.0266	1471.573	1.5838	15.616	2330.718	0.6764	0.5333
1.383	 2	76.1	10.193	0.0207	1468.732	1.5723	15.6381	2309.275	0.6831	0.5337
1.393	 2	77.1	10.193	0.0243	1471.701	1.5812	15.6381	2327.102	0.6779	0.5322
1.403	 2	78.1	10.216	0.0375	1474.17	1.5685	15.5367	2312.198	0.6853	0.5312
1.413	 2	79.1	10.216	0.0339	1469.716	1.596	14.5657	2345.697	0.6694	0.5296
1.423	 2	80.1	10.209	0.0296	1472.098	1.5965	14.5945	2350.271	0.6691	0.5284
1.433	 2	81.1	10.208	0.0272	1469.2	1.5733	14.5986	2311.523	0.6825	0.528
1.443	 2	82.1	10.204	0.024	1469.682	1.5804	14.6151	2322.64	0.6784	0.5291
1.453	 2	83.1	10.182	0.0317	1465.669	1.5869	14.7065	2325.841	0.6747	0.5316
1.463	 2	84.1	10.189	0.0279	1466.676	1.5793	15.6558	2316.367	0.679	0.5335
1.473	 2	85.1	10.194	0.0237	1469.935	1.5777	14.6566	2319.141	0.68	0.5347
1.483	 2	86.1	10.198	0.029	1473.486	1.5914	14.64	2344.978	0.672	0.5364
1.493	 2	87.1	10.199	0.0256	1471.717	1.5811	14.6358	2326.997	0.678	0.5359
1.503	 2	88.1	10.205	0.0305	1473.008	1.5972	14.611	2352.646	0.6687	0.5373
1.513	 2	89.1	10.198	0.0251	1472.21	1.5949	14.64	2347.958	0.67	0.5394
1.523	 2	90.1	10.201	0.0275	1468.827	1.5969	14.6275	2345.632	0.6688	0.5384
1.533	 2	91.1	10.218	0.0212	1472.546	1.6106	14.5574	2371.691	0.6609	0.5381
1.543	 2	92.1	10.218	0.0206	1470.639	1.5889	14.5574	2336.697	0.6735	0.5409
1.553	 2	93.1	10.223	0.018	1470.724	1.5964	14.5369	2347.79	0.6692	0.5479
1.563	 2	94.1	10.223	0.0189	1470.724	1.5904	15.506	2339.018	0.6726	0.5916
1.573	 2	95.1	10.226	0.0161	1468.831	1.6027	15.4929	2354.149	0.6655	0.5965
1.583	 2	96.1	10.241	0.0155	1472.889	1.5814	14.4633	2329.208	0.6778	0.5983
1.593	 2	97.1	10.249	0.0143	1472.346	1.5709	14.4308	2312.938	0.6839	0.6003
1.603	 2	98.1	10.263	0.0161	1468.871	1.5766	14.3741	2315.815	0.6806	0.5991
1.613	 2	99.1	10.274	0.0105	1472.131	1.578	14.3298	2323.009	0.6798	0.5987
1.623	 2	100.1	10.278	0.0116	1472.282	1.5847	15.268	2333.12	0.6759	0.5994
1.633	 2	101.1	10.289	0.0143	1476.819	1.5864	16.1723	2342.816	0.6749	0.6007
1.643	 2	102.1	10.299	0.0117	1474.023	1.5575	16.1271	2295.772	0.6917	0.6034
1.653	 2	103.1	10.295	0.0094	1471.135	1.5344	16.1451	2257.238	0.7051	0.6054
1.663	 2	104.1	10.325	0.0069	1467.453	1.52	16.9521	2230.5	0.7135	0.6061
1.673	 2	105.1	10.686	0.0003	1493.501	1.4819	17.9184	2213.155	0.7356	0.608
1.683	 2	106.1	10.71	0.0003	1489.155	1.4653	21.1948	2182.118	0.7452	0.6183
1.693	 2	107.1	10.662	0.0	109.5955	1.5111	25.7631	165.6143	0.7186	0.6439
1.703	 2	108.1	10.652	0.0	109.4927	1.5177	33.5822	166.1739	0.7148	0.696
1.713	 2	109.1	10.621	0.0	109.1741	1.5531	44.2836	169.559	0.6943	0.795
1.723	 2	110.1	10.598	0.0	108.9377	1.5694	58.5393	170.9658	0.6848	0.9852
1.733	 2	111.1	10.577	0.0	108.7218	1.4731	74.6901	160.163	0.7406	1.3425
1.743	 2	112.1	10.494	0.0	107.8686	1.2455	89.8809	134.3477	0.8727	1.9842
1.753	 2	113.1	10.522	0.0	108.1564	1.1649	95.4393	125.987	0.9195	2.8237
1.763	 2	114.1	10.474	0.0	107.663	0.4789	93.9899	51.5598	1.3173	3.7005
