Geotek MSCL 7.9 - TN336_JPC20-23.out created at 4:00:16 on 1/23/2016.


Processing Parameters

CT	RCT=11.45	W=1.27
PWAmp	A=1	B=0
PWVel	PTO=26.15
Den1	A=5.9246E-04	B=-.091753	C=9.804
MS1	A=1	B=0	Den=0	LD=14	
FP	MGD=2.75	WD=1.026	
RES	A=505.0359	B=-1.084619	p=0	


SB DEPTH	SECT NUM	SECT DEPTH	CT	PWAmp	PWVel	Den1	MS1	Imp	FP	RES
m		cm	cm		m/s	g/cc	SI x 10^-5			Ohm.m

-0.638	cal sect	0.0	10.538	0.0056						121.1255
-0.578	cal sect	6.0	10.457	0.0082	1489.601	1.1789	-0.908		0.9113	18.7422
-0.518	cal sect	12.0	10.19	0.0343	1466.82	1.1419	-0.9782	1675.009	0.9328	18.1099
-0.458	cal sect	18.0	10.217	0.035	1469.649	1.1575	-0.9708	1701.124	0.9237	18.1373
-0.398	cal sect	24.0	10.504	0.0017	1483.197	1.1215	-0.8964	1663.352	0.9446	13.1414
-0.338	cal sect	30.0	10.625	0.0131	1489.973	1.137	-0.8674	1694.127	0.9356	4.1453
-0.278	cal sect	36.0	10.502	0.0103	1504.585	1.1259	-0.8968	1694.023	0.942	0.5126
-0.218	cal sect	42.0	10.246	0.0023	1498.83	1.1542	0.0	1729.99	0.9256	0.3637
-0.158	cal sect	48.0	10.201	0.0175	1486.809	1.1471	0.0	1705.456	0.9298	0.3644
-0.098	cal sect	54.0	10.282	0.0099	1487.988	1.1759	0.0	1749.744	0.913	0.366
-0.038	cal sect	60.0	10.484	0.008	1507.838	1.1232	1.8025	1693.658	0.9436	0.4992
0.002	 1	0.2	10.76	0.0	110.6029	0.8829	8.3657	97.6506	1.083	1.2334
0.012	 1	1.2	10.77	0.0	110.7057	1.3559	10.0122	150.1092	0.8086	0.9489
0.022	 1	2.2	10.803	0.0	111.0449	1.3576	11.5791	150.7526	0.8077	0.7006
0.032	 1	3.2	10.798	0.0	110.9935	1.3763	11.5945	152.7574	0.7968	0.5644
0.042	 1	4.2	10.77	0.0001	1399.428	1.3829	12.5152	1935.327	0.793	0.4947
0.052	 1	5.2	10.337	0.0026	1504.22	1.4526	15.0182	2185.011	0.7526	0.4544
0.062	 1	6.2	10.256	0.0028	1484.655	1.4435	15.3626	2143.157	0.7578	0.4238
0.072	 1	7.2	10.197	0.0015	1501.546	1.4506	15.6204	2178.21	0.7537	0.4105
0.082	 1	8.2	10.186	0.0025	1514.872	1.459	15.6691	2210.144	0.7489	0.405
0.092	 1	9.2	10.163	0.0098	1503.847	1.4849	14.786	2233.027	0.7338	0.4033
0.102	 1	10.2	10.146	0.0147	1494.256	1.4812	15.8481	2213.308	0.736	0.404
0.112	 1	11.2	10.146	0.007	1500.0	1.4751	15.8481	2212.637	0.7395	0.4025
0.122	 1	12.2	10.151	0.0143	1495.213	1.4648	15.8256	2190.113	0.7455	0.3967
0.132	 1	13.2	10.152	0.0061	1496.462	1.4561	15.8211	2178.961	0.7505	0.3929
0.142	 1	14.2	10.152	0.0064	1501.553	1.4644	14.8323	2198.804	0.7457	0.3938
0.152	 1	15.2	10.156	0.0061	1503.701	1.4332	14.8154	2155.173	0.7638	0.3924
0.162	 1	16.2	10.162	0.0046	1504.59	1.443	15.7762	2171.077	0.7581	0.3924
0.172	 1	17.2	10.163	0.0162	1500.517	1.4413	14.786	2162.765	0.7591	0.3915
0.182	 1	18.2	10.162	0.0159	1488.066	1.4482	14.7902	2154.971	0.7551	0.3905
0.192	 1	19.2	10.167	0.0155	1479.913	1.4602	15.7538	2160.944	0.7482	0.3883
0.202	 1	20.2	10.172	0.0069	1486.048	1.4655	14.7482	2177.808	0.7451	0.3867
0.212	 1	21.2	10.171	0.0031	1491.13	1.4466	14.7524	2157.129	0.756	0.3875
0.222	 1	22.2	10.182	0.0058	1493.838	1.4548	14.7065	2173.204	0.7513	0.3896
0.232	 1	23.2	10.181	0.0105	1486.277	1.4766	14.7106	2194.679	0.7386	0.3912
0.242	 1	24.2	10.182	0.0142	1484.473	1.4862	13.726	2206.242	0.7331	0.3928
0.252	 1	25.2	10.187	0.0174	1487.37	1.4788	15.6647	2199.553	0.7373	0.3944
0.262	 1	26.2	10.19	0.0195	1489.113	1.4977	14.6732	2230.26	0.7264	0.3959
0.272	 1	27.2	10.187	0.0069	1490.417	1.4899	15.6647	2220.515	0.7309	0.3962
0.282	 1	28.2	10.203	0.0072	1487.969	1.4717	15.5939	2189.791	0.7415	0.3956
0.292	 1	29.2	10.203	0.0165	1492.103	1.5023	14.6193	2241.606	0.7237	0.394
0.302	 1	30.2	10.203	0.013	1491.449	1.5131	14.6193	2256.673	0.7175	0.396
0.312	 1	31.2	10.21	0.007	1500.147	1.4857	13.6177	2228.818	0.7333	0.4189
0.322	 1	32.2	10.21	0.0059	1494.438	1.4535	14.5904	2172.216	0.752	0.4272
0.332	 1	33.2	10.211	0.0079	1487.183	1.4599	13.6138	2171.147	0.7483	0.431
0.342	 1	34.2	10.213	0.007	1485.96	1.4928	13.6061	2218.215	0.7292	0.434
0.352	 1	35.2	10.213	0.0045	1483.37	1.4659	13.6061	2174.5	0.7448	0.4357
0.362	 1	36.2	10.209	0.0048	1486.892	1.4665	12.6486	2180.518	0.7445	0.4414
0.372	 1	37.2	10.204	0.005	1478.198	1.4802	13.6408	2188.012	0.7365	0.4468
0.382	 1	38.2	10.203	0.0031	1485.369	1.4974	13.6447	2224.135	0.7266	0.4494
0.392	 1	39.2	10.198	0.0037	1482.483	1.4916	12.688	2211.288	0.7299	0.4525
0.402	 1	40.2	10.204	0.0069	1479.698	1.5156	12.6665	2242.582	0.716	0.4525
0.412	 1	41.2	10.194	0.0095	1479.321	1.5029	13.6795	2223.205	0.7234	0.45
0.422	 1	42.2	10.2	0.0104	1476.122	1.4882	13.6562	2196.795	0.7319	0.4597
0.432	 1	43.2	10.194	0.0101	1475.253	1.4873	13.6795	2194.133	0.7324	0.4933
0.442	 1	44.2	10.189	0.0106	1474.53	1.5123	12.7203	2229.86	0.718	0.4927
0.452	 1	45.2	10.188	0.0119	1473.319	1.5074	12.724	2220.889	0.7208	0.494
0.462	 1	46.2	10.189	0.011	1473.037	1.5002	13.6988	2209.851	0.7249	0.4929
0.472	 1	47.2	10.173	0.0121	1475.417	1.5023	12.7782	2216.517	0.7237	0.4916
0.482	 1	48.2	10.17	0.0078	1484.022	1.5286	12.7891	2268.507	0.7085	0.4916
0.492	 1	49.2	10.179	0.0096	1485.985	1.5601	12.7564	2318.223	0.6902	0.4907
0.502	 1	50.2	10.181	0.0097	1484.977	1.5158	11.7685	2250.951	0.7159	0.4966
0.512	 1	51.2	10.222	0.0076	1481.02	1.492	11.6328	2209.661	0.7297	0.4903
0.522	 1	52.2	10.224	0.0088	1479.381	1.4735	11.6262	2179.82	0.7404	0.487
0.532	 1	53.2	10.266	0.0086	1483.955	1.4781	10.5321	2193.494	0.7377	0.4836
0.542	 1	54.2	10.58	0.0047	1501.561	1.4365	9.6579	2157.007	0.7619	0.4825
0.552	 1	55.2	10.599	0.0007	1505.754	1.4794	9.6083	2227.594	0.737	0.4855
0.562	 1	56.2	10.564	0.0	108.5882	1.4937	9.6999	162.1986	0.7287	0.493
0.572	 1	57.2	10.501	0.0029	1517.047	1.489	8.9709	2258.902	0.7314	0.51
0.582	 1	58.2	10.464	0.007	1497.21	1.509	9.0623	2259.349	0.7198	0.5413
0.592	 1	59.2	10.454	0.002	1509.385	1.4999	9.0873	2263.938	0.7251	0.6058
0.602	 1	60.2	10.463	0.0042	1502.225	1.4853	8.1583	2231.248	0.7336	0.7412
0.612	 1	61.2	10.445	0.0087	1506.998	1.4876	8.1988	2241.802	0.7323	1.0115
0.622	 1	62.2	10.804	0.0	111.0551	1.4404	7.4418	159.9671	0.7596	1.3924
0.632	 1	63.2	10.87	0.0	111.7336	0.8515	7.3134	95.1386	1.1012	1.5756
0.642	 2	0.7	10.913	0.0	112.1756	1.3002	8.035	145.8529	0.8409	1.3385
0.652	 2	1.7	10.927	0.0	112.3195	1.4008	8.0056	157.3398	0.7826	0.9903
0.662	 2	2.7	10.908	0.0	112.1242	1.4084	8.0455	157.9154	0.7782	0.7492
0.672	 2	3.7	10.866	0.0	111.6925	1.4023	8.1345	156.6311	0.7817	0.6166
0.682	 2	4.7	10.741	0.0	110.4076	1.4179	9.2489	156.5496	0.7727	0.5472
0.692	 2	5.7	10.326	0.0037	1494.572	1.4744	10.3567	2203.596	0.7399	0.5089
0.702	 2	6.7	10.238	0.0042	1486.785	1.5061	10.6154	2239.192	0.7215	0.4889
0.712	 2	7.7	10.194	0.0128	1474.187	1.4992	10.7481	2210.106	0.7255	0.4788
0.722	 2	8.7	10.182	0.0117	1479.297	1.4971	10.7847	2214.607	0.7268	0.4748
0.732	 2	9.7	10.181	0.0273	1475.08	1.4889	10.7878	2196.296	0.7315	0.4712
0.742	 2	10.7	10.181	0.0298	1477.006	1.4879	10.7878	2197.641	0.7321	0.4683
0.752	 2	11.7	10.176	0.0277	1473.075	1.498	10.8031	2206.593	0.7262	0.4681
0.762	 2	12.7	10.175	0.0236	1472.504	1.5046	10.8062	2215.551	0.7224	0.4666
0.772	 2	13.7	10.175	0.0222	1473.57	1.512	11.7886	2227.98	0.7181	0.4662
0.782	 2	14.7	10.169	0.0193	1476.55	1.5147	11.8086	2236.528	0.7165	0.4649
0.792	 2	15.7	10.165	0.0199	1477.256	1.5108	11.8221	2231.863	0.7188	0.4644
0.802	 2	16.7	10.168	0.0221	1472.13	1.5133	11.812	2227.723	0.7174	0.4613
0.812	 2	17.7	10.168	0.0222	1472.13	1.5146	11.812	2229.664	0.7166	0.4568
0.822	 2	18.7	10.173	0.0223	1473.921	1.5128	11.7952	2229.725	0.7176	0.4522
0.832	 2	19.7	10.167	0.0189	1474.547	1.5113	11.8153	2228.495	0.7185	0.4482
0.842	 2	20.7	10.168	0.0212	1472.343	1.5051	11.812	2216.064	0.7221	0.4487
0.852	 2	21.7	10.172	0.0199	1479.133	1.5087	11.7986	2231.608	0.72	0.4503
0.862	 2	22.7	10.172	0.0312	1484.097	1.5121	12.7818	2244.168	0.718	0.4513
0.872	 2	23.7	10.177	0.0395	1479.215	1.5111	11.7819	2235.298	0.7186	0.4515
0.882	 2	24.7	10.187	0.0249	1483.904	1.5152	12.7276	2248.392	0.7162	0.4507
0.892	 2	25.7	10.19	0.0236	1490.202	1.5262	12.7167	2274.278	0.7099	0.4506
0.902	 2	26.7	10.195	0.0216	1475.612	1.5305	12.6988	2258.401	0.7074	0.4528
0.912	 2	27.7	10.197	0.0128	1476.328	1.5393	12.6916	2272.557	0.7022	0.4536
0.922	 2	28.7	10.206	0.014	1476.349	1.5163	12.6593	2238.629	0.7156	0.4542
0.932	 2	29.7	10.203	0.02	1475.488	1.5157	12.67	2236.42	0.7159	0.4534
0.942	 2	30.7	10.211	0.0238	1479.426	1.5359	13.6138	2272.209	0.7043	0.4561
0.952	 2	31.7	10.217	0.0251	1478.796	1.5134	12.62	2237.972	0.7173	0.4618
0.962	 2	32.7	10.217	0.0135	1468.804	1.4875	12.62	2184.916	0.7323	0.4647
0.972	 2	33.7	10.218	0.0065	1461.175	1.503	12.6165	2196.118	0.7233	0.468
0.982	 2	34.7	10.223	0.0104	1479.878	1.5099	12.5987	2234.396	0.7193	0.4783
0.992	 2	35.7	10.212	0.0122	1477.858	1.5131	12.6378	2236.088	0.7175	0.4925
1.002	 2	36.7	10.223	0.0104	1482.024	1.5104	11.6295	2238.416	0.719	0.5053
1.012	 2	37.7	10.227	0.0095	1480.029	1.509	12.5844	2233.36	0.7198	0.5165
1.022	 2	38.7	10.228	0.0174	1479.103	1.5136	12.5809	2238.763	0.7172	0.5255
1.032	 2	39.7	10.234	0.0225	1474.215	1.5265	13.5258	2250.422	0.7097	0.5332
1.042	 2	40.7	10.24	0.0192	1473.381	1.5195	13.5029	2238.802	0.7137	0.541
1.052	 2	41.7	10.242	0.0186	1474.73	1.5275	14.4593	2252.605	0.7091	0.5458
1.062	 2	42.7	10.246	0.0186	1477.433	1.5493	14.443	2289.002	0.6965	0.5504
1.072	 2	43.7	10.241	0.0156	1478.418	1.5357	14.4633	2270.375	0.7044	0.5577
1.082	 2	44.7	10.239	0.016	1479.838	1.558	15.4363	2305.66	0.6914	0.5638
1.092	 2	45.7	10.244	0.0123	1482.06	1.5603	15.4145	2312.486	0.6901	0.5678
1.102	 2	46.7	10.24	0.0142	1482.339	1.5872	15.4319	2352.74	0.6745	0.573
1.112	 2	47.7	10.237	0.0093	1480.619	1.5764	15.445	2334.039	0.6807	0.5755
1.122	 2	48.7	10.245	0.0079	1482.634	1.5459	14.4471	2292.027	0.6984	0.5746
1.132	 2	49.7	10.233	0.017	1480.04	1.557	15.4624	2304.476	0.692	0.5747
1.142	 2	50.7	10.228	0.0206	1474.625	1.5455	14.5164	2279.018	0.6987	0.5734
1.152	 2	51.7	10.237	0.0138	1472.95	1.5739	14.4796	2318.243	0.6822	0.5735
1.162	 2	52.7	10.255	0.0105	1476.389	1.554	14.4065	2294.265	0.6938	0.5735
1.172	 2	53.7	10.271	0.0088	1478.054	1.5374	14.3419	2272.354	0.7034	0.5738
1.182	 2	54.7	10.29	0.0092	1479.724	1.5227	14.2657	2253.241	0.7119	0.5709
1.192	 2	55.7	10.288	0.0095	1478.586	1.5198	14.2737	2247.214	0.7135	0.5686
1.202	 2	56.7	10.294	0.0101	1479.023	1.5065	14.2497	2228.175	0.7213	0.5658
1.212	 2	57.7	10.293	0.0111	1480.155	1.4866	14.2537	2200.385	0.7328	0.564
1.222	 2	58.7	10.284	0.0164	1479.499	1.5025	14.2897	2222.898	0.7236	0.5642
1.232	 2	59.7	10.283	0.0119	1479.568	1.5222	14.2937	2252.168	0.7122	0.5663
1.242	 2	60.7	10.279	0.009	1479.419	1.5167	14.3097	2243.76	0.7154	0.57
1.252	 2	61.7	10.273	0.0134	1478.555	1.5194	14.3338	2246.511	0.7138	0.5728
1.262	 2	62.7	10.262	0.0148	1475.91	1.5253	14.3782	2251.196	0.7104	0.5735
1.272	 2	63.7	10.258	0.0132	1474.91	1.5005	13.4347	2213.119	0.7248	0.5743
1.282	 2	64.7	10.253	0.0148	1475.464	1.5162	14.4146	2237.167	0.7156	0.5741
1.292	 2	65.7	10.247	0.0152	1473.752	1.5286	14.4389	2252.775	0.7085	0.5759
1.302	 2	66.7	10.245	0.0115	1475.799	1.5372	14.4471	2268.655	0.7035	0.5802
1.312	 2	67.7	10.238	0.0152	1480.978	1.5342	14.4756	2272.179	0.7052	0.5848
1.322	 2	68.7	10.23	0.0139	1483.684	1.5498	14.5082	2299.443	0.6962	0.5891
1.332	 2	69.7	10.225	0.0152	1482.528	1.5627	15.4973	2316.696	0.6887	0.5956
1.342	 2	70.7	10.22	0.0179	1481.374	1.5508	15.5192	2297.3	0.6956	0.5995
1.352	 2	71.7	10.215	0.0159	1478.506	1.545	15.5411	2284.305	0.699	0.6063
1.362	 2	72.7	10.214	0.0151	1482.653	1.5517	14.5739	2300.635	0.6951	0.6094
1.372	 2	73.7	10.203	0.0132	1485.369	1.552	14.6193	2305.302	0.6949	0.609
1.382	 2	74.7	10.198	0.0172	1483.777	1.5627	14.64	2318.633	0.6887	0.602
1.392	 2	75.7	10.196	0.0166	1481.116	1.5487	13.6717	2293.811	0.6968	0.59
1.402	 2	76.7	10.185	0.0149	1479.088	1.5357	14.694	2271.507	0.7043	0.576
1.412	 2	77.7	10.181	0.0173	1474.652	1.5262	13.7299	2250.569	0.7099	0.5624
1.422	 2	78.7	10.171	0.0175	1471.925	1.5325	13.7689	2255.704	0.7062	0.553
1.432	 2	79.7	10.161	0.0156	1470.052	1.5236	13.8081	2239.735	0.7114	0.5462
1.442	 2	80.7	10.156	0.0219	1475.734	1.5364	12.84	2267.261	0.704	0.5402
1.452	 2	81.7	10.153	0.0168	1478.736	1.5368	12.851	2272.545	0.7037	0.5354
1.462	 2	82.7	10.147	0.0251	1477.431	1.534	13.8632	2266.324	0.7054	0.5328
1.472	 2	83.7	10.145	0.0246	1475.422	1.5292	12.8803	2256.183	0.7081	0.5308
1.482	 2	84.7	10.142	0.0268	1472.63	1.5222	11.8996	2241.6	0.7122	0.5328
1.492	 2	85.7	10.14	0.0268	1468.501	1.5278	12.8986	2243.571	0.7089	0.534
1.502	 2	86.7	10.139	0.0215	1471.767	1.5274	12.9023	2247.997	0.7092	0.5348
1.512	 2	87.7	10.143	0.0255	1471.066	1.5289	12.8876	2249.18	0.7083	0.5345
1.522	 2	88.7	10.141	0.0232	1474.411	1.5443	11.903	2276.941	0.6994	0.5349
1.532	 2	89.7	10.152	0.0284	1473.654	1.5215	12.8546	2242.122	0.7126	0.5357
1.542	 2	90.7	10.164	0.0249	1471.764	1.5314	11.8254	2253.854	0.7068	0.5404
1.552	 2	91.7	10.164	0.0285	1473.898	1.5317	11.8254	2257.517	0.7067	0.5422
1.562	 2	92.7	10.175	0.0262	1473.357	1.5308	11.7886	2255.432	0.7072	0.5492
1.572	 2	93.7	10.178	0.0225	1480.221	1.5403	12.7601	2280.001	0.7017	0.549
1.582	 2	94.7	10.175	0.0578	1479.785	1.5362	11.7886	2273.217	0.7041	0.5495
1.592	 2	95.7	10.18	0.0403	1473.441	1.5438	11.7718	2274.692	0.6997	0.5497
1.602	 2	96.7	10.181	0.0222	1472.307	1.5372	11.7685	2263.17	0.7035	0.5492
1.612	 2	97.7	10.181	0.0309	1481.088	1.5518	12.7492	2298.36	0.695	0.5491
1.622	 2	98.7	10.186	0.0327	1479.233	1.5418	11.7518	2280.688	0.7008	0.548
1.632	 2	99.7	10.191	0.0524	1480.819	1.5552	11.7352	2302.975	0.693	0.5448
1.642	 2	100.7	10.195	0.0434	1482.262	1.5321	11.7219	2270.964	0.7064	0.5468
1.652	 2	101.7	10.2	0.0429	1479.762	1.54	10.7299	2278.771	0.7019	0.5494
1.662	 2	102.7	10.199	0.0248	1475.336	1.5296	10.7329	2256.699	0.7079	0.5488
1.672	 2	103.7	10.177	0.0212	1477.283	1.559	10.8	2303.068	0.6908	0.5441
1.682	 2	104.7	10.177	0.0224	1473.646	1.5375	10.8	2265.723	0.7033	0.5386
1.692	 2	105.7	10.177	0.0266	1477.068	1.5386	10.8	2272.577	0.7027	0.5346
1.702	 2	106.7	10.172	0.0456	1477.629	1.5289	10.8154	2259.081	0.7083	0.5318
1.712	 2	107.7	10.172	0.0266	1474.63	1.5302	10.8154	2256.468	0.7075	0.5282
1.722	 2	108.7	10.172	0.0162	1470.155	1.5187	10.8154	2232.79	0.7142	0.526
1.732	 2	109.7	10.166	0.009	1470.988	1.5268	10.8338	2245.933	0.7095	0.5241
1.742	 2	110.7	10.167	0.0224	1479.052	1.5374	10.8307	2273.878	0.7034	0.5251
1.752	 2	111.7	10.156	0.0219	1471.671	1.5265	10.8646	2246.44	0.7097	0.5264
1.762	 2	112.7	10.161	0.0243	1474.104	1.5372	10.8492	2266.022	0.7035	0.5281
1.772	 2	113.7	10.161	0.0259	1472.609	1.5122	10.8492	2226.88	0.718	0.5305
1.782	 2	114.7	10.167	0.034	1475.403	1.5291	9.8461	2255.997	0.7082	0.532
1.792	 2	115.7	10.168	0.0445	1472.983	1.5239	10.8277	2244.613	0.7112	0.533
1.802	 2	116.7	10.175	0.0289	1472.504	1.5141	9.8238	2229.472	0.7169	0.5315
1.812	 2	117.7	10.173	0.0328	1475.845	1.5212	9.8294	2245.125	0.7127	0.5344
1.822	 2	118.7	10.185	0.0389	1475.232	1.5173	9.796	2238.421	0.715	0.5356
1.832	 2	119.7	10.195	0.0526	1474.971	1.5254	9.7683	2249.93	0.7103	0.5371
1.842	 2	120.7	10.195	0.0414	1472.627	1.5429	9.7683	2272.086	0.7002	0.5385
1.852	 2	121.7	10.2	0.04	1472.499	1.5373	9.7545	2263.612	0.7034	0.5411
1.862	 2	122.7	10.2	0.042	1471.437	1.5048	8.779	2214.287	0.7222	0.5402
1.872	 2	123.7	10.205	0.0345	1473.433	1.5354	9.7407	2262.351	0.7045	0.5379
1.882	 2	124.7	10.21	0.0377	1472.667	1.5256	8.7542	2246.648	0.7102	0.5335
1.892	 2	125.7	10.214	0.028	1470.487	1.5282	8.7443	2247.157	0.7087	0.53
1.902	 2	126.7	10.219	0.0265	1475.881	1.5352	9.7022	2265.784	0.7046	0.5265
1.912	 2	127.7	10.21	0.0212	1469.276	1.5371	9.7269	2258.425	0.7035	0.5232
1.922	 2	128.7	10.217	0.0179	1469.438	1.5296	8.7369	2247.649	0.7079	0.5267
1.932	 2	129.7	10.227	0.02	1472.358	1.5378	7.7443	2264.165	0.7031	0.5304
1.942	 2	130.7	10.237	0.0174	1474.435	1.5312	8.6878	2257.603	0.707	0.5362
1.952	 2	131.7	10.246	0.0143	1472.126	1.529	8.6658	2250.904	0.7082	0.5706
1.962	 2	132.7	10.26	0.0145	1474.138	1.5366	8.6317	2265.176	0.7038	0.5793
1.972	 2	133.7	10.269	0.0137	1475.431	1.5165	8.6099	2237.541	0.7155	0.5832
1.982	 2	134.7	10.274	0.0083	1477.211	1.5037	7.6426	2221.233	0.7229	0.5863
1.992	 2	135.7	10.289	0.01	1480.858	1.5125	7.6105	2239.838	0.7178	0.5868
2.002	 2	136.7	10.294	0.0115	1480.299	1.5275	8.5498	2261.163	0.7091	0.5848
2.012	 2	137.7	10.3	0.0121	1480.523	1.5157	7.5871	2243.997	0.716	0.5809
2.022	 2	138.7	10.309	0.0101	1481.178	1.5099	7.568	2236.367	0.7193	0.5818
2.032	 2	139.7	10.345	0.0064	1484.005	1.5288	7.4924	2268.773	0.7083	0.5759
2.042	 2	140.7	10.386	0.0088	1485.199	1.5236	7.4076	2262.83	0.7114	0.5718
2.052	 2	141.7	10.43	0.0254	1493.627	1.5034	7.318	2245.458	0.7231	0.5689
2.062	 2	142.7	10.572	0.0026	1494.487	1.4949	7.0392	2234.166	0.728	0.5654
2.072	 2	143.7	10.607	0.0002	1502.833	1.4856	6.9728	2232.546	0.7334	0.5666
2.082	 2	144.7	10.601	0.0004	1523.351	1.508	6.9841	2297.274	0.7204	0.5698
2.092	 2	145.7	10.582	0.011	1496.112	1.5099	6.1426	2259.049	0.7193	0.5791
2.102	 2	146.7	10.553	0.0073	1492.012	1.5144	7.0756	2259.448	0.7167	0.6035
2.112	 2	147.7	10.499	0.01	1500.715	1.509	7.1806	2264.65	0.7198	0.6671
2.122	 2	148.7	10.467	0.0071	1488.905	1.5073	7.2439	2244.198	0.7208	0.8349
2.132	 2	149.7	10.527	0.0149	1489.178	1.5109	7.1259	2249.972	0.7187	1.2054
2.142	 2	150.7	10.729	0.0022	1490.76	1.4723	6.748	2194.824	0.7411	1.6881
2.152	 3	0.0	10.822	0.0	111.2402	1.2476	6.5835	138.7865	0.8714	1.7471
2.162	 3	1.0	10.874	0.0	111.7747	1.4928	6.494	166.8549	0.7292	1.3303
2.172	 3	2.0	10.922	0.0001	1347.065	1.4958	6.4129	2014.92	0.7275	0.9708
2.182	 3	3.0	10.902	0.0	112.0625	1.4831	6.4465	166.2034	0.7348	0.775
2.192	 3	4.0	10.851	0.0005	1503.533	1.479	0.0	2223.789	0.7372	0.6773
2.202	 3	5.0	10.48	0.0009	1507.914	1.5174	7.2181	2288.093	0.715	0.626
2.212	 3	6.0	10.356	0.0118	1473.325	1.5467	7.4695	2278.825	0.698	0.5951
2.222	 3	7.0	10.254	0.0047	1483.722	1.5508	7.6856	2301.005	0.6956	0.5737
2.232	 3	8.0	10.201	0.0208	1471.369	1.5485	7.8014	2278.4	0.6969	0.5626
2.242	 3	9.0	10.195	0.0107	1470.928	1.5527	7.8146	2283.876	0.6945	0.5592
2.252	 3	10.0	10.185	0.0205	1467.579	1.5382	7.8368	2257.391	0.7029	0.5581
2.262	 3	11.0	10.185	0.0194	1465.257	1.5411	7.8368	2258.171	0.7012	0.5561
2.272	 3	12.0	10.186	0.0158	1465.611	1.5486	7.8346	2269.631	0.6969	0.5519
2.282	 3	13.0	10.185	0.0136	1465.468	1.5414	7.8368	2258.893	0.701	0.5491
2.292	 3	14.0	10.185	0.0112	1466.311	1.5379	7.8368	2255.045	0.7031	0.5471
2.302	 3	15.0	10.19	0.0137	1468.088	1.5504	7.8257	2276.175	0.6958	0.545
2.312	 3	16.0	10.2	0.0188	1471.649	1.5643	7.8036	2302.074	0.6878	0.5418
2.322	 3	17.0	10.205	0.0241	1474.924	1.525	7.7925	2249.226	0.7106	0.5387
2.332	 3	18.0	10.211	0.0372	1475.151	1.5289	7.7793	2255.344	0.7083	0.5348
2.342	 3	19.0	10.218	0.0394	1471.91	1.5294	7.764	2251.21	0.708	0.5313
2.352	 3	20.0	10.225	0.0402	1469.743	1.5204	7.7486	2234.595	0.7132	0.5276
2.362	 3	21.0	10.23	0.0366	1467.719	1.5247	7.7377	2237.852	0.7107	0.5252
2.372	 3	22.0	10.235	0.0244	1465.073	1.5309	7.7268	2242.92	0.7071	0.5273
2.382	 3	23.0	10.241	0.02	1469.93	1.5449	8.678	2270.875	0.699	0.5272
2.392	 3	24.0	10.245	0.0263	1472.829	1.5408	7.7051	2269.269	0.7014	0.5279
2.402	 3	25.0	10.25	0.0441	1474.82	1.5435	8.656	2276.429	0.6998	0.5248
2.412	 3	26.0	10.255	0.0377	1472.785	1.5542	7.6834	2289.068	0.6936	0.5224
2.422	 3	27.0	10.26	0.0316	1472.657	1.5291	8.6317	2251.8	0.7082	0.5215
2.432	 3	28.0	10.26	0.0267	1469.703	1.539	8.6317	2261.938	0.7024	0.5241
2.442	 3	29.0	10.249	0.0255	1468.969	1.5396	8.6585	2261.644	0.7021	0.526
2.452	 3	30.0	10.254	0.021	1470.107	1.5544	8.6463	2285.129	0.6935	0.5285
2.462	 3	31.0	10.251	0.0257	1474.752	1.5415	8.6536	2273.3	0.701	0.532
2.472	 3	32.0	10.25	0.0278	1473.124	1.5591	8.656	2296.792	0.6908	0.5333
2.482	 3	33.0	10.25	0.0355	1470.377	1.5528	8.656	2283.214	0.6944	0.5335
2.492	 3	34.0	10.25	0.0289	1470.166	1.5191	8.656	2233.299	0.714	0.5336
2.502	 3	35.0	10.244	0.022	1469.306	1.5502	8.6707	2277.657	0.696	0.5372
2.512	 3	36.0	10.246	0.0212	1469.171	1.5371	8.6658	2258.246	0.7035	0.5484
2.522	 3	37.0	10.239	0.019	1468.799	1.5379	9.6477	2258.821	0.7031	0.562
2.532	 3	38.0	10.241	0.0199	1471.62	1.5583	9.6422	2293.217	0.6912	0.5765
2.542	 3	39.0	10.241	0.0231	1473.949	1.573	10.6064	2318.5	0.6827	0.5891
2.552	 3	40.0	10.241	0.0318	1477.138	1.5591	9.6422	2303.037	0.6908	0.5969
2.562	 3	41.0	10.24	0.024	1479.128	1.5782	10.6094	2334.319	0.6797	0.6048
2.572	 3	42.0	10.241	0.0378	1478.204	1.5669	10.6064	2316.144	0.6863	0.6096
2.582	 3	43.0	10.241	0.0183	1472.889	1.5652	10.6064	2305.365	0.6872	0.6146
2.592	 3	44.0	10.241	0.0268	1476.499	1.5786	10.6064	2330.771	0.6795	0.6208
2.602	 3	45.0	10.241	0.0243	1476.712	1.5719	10.6064	2321.198	0.6834	0.6282
2.612	 3	46.0	10.246	0.0271	1477.859	1.557	11.5544	2301.004	0.692	0.6338
2.622	 3	47.0	10.246	0.0305	1474.245	1.5694	10.5915	2313.726	0.6848	0.6408
2.632	 3	48.0	10.241	0.0228	1477.565	1.5735	11.5707	2325.011	0.6824	0.6436
2.642	 3	49.0	10.251	0.0375	1478.794	1.5689	11.5381	2320.145	0.6851	0.6418
2.652	 3	50.0	10.25	0.0307	1474.82	1.578	11.5414	2327.316	0.6798	0.6409
2.662	 3	51.0	10.251	0.0255	1475.176	1.5626	11.5381	2305.06	0.6888	0.6367
2.672	 3	52.0	10.25	0.0244	1475.457	1.5501	11.5414	2287.063	0.696	0.6348
2.682	 3	53.0	10.253	0.0313	1477.377	1.5849	11.5317	2341.474	0.6758	0.6318
2.692	 3	54.0	10.263	0.028	1475.629	1.5805	11.4993	2332.269	0.6783	0.6292
2.702	 3	55.0	10.27	0.03	1477.91	1.5865	11.4767	2344.699	0.6749	0.6258
2.712	 3	56.0	10.285	0.0301	1480.495	1.5688	11.4285	2322.539	0.6852	0.6238
2.722	 3	57.0	10.28	0.0482	1478.286	1.5651	12.3983	2313.625	0.6873	0.6255
2.732	 3	58.0	10.28	0.0369	1477.224	1.5642	11.4446	2310.734	0.6878	0.6286
2.742	 3	59.0	10.288	0.0523	1479.862	1.5564	11.4189	2303.25	0.6923	0.6341
2.752	 3	60.0	10.285	0.0369	1477.73	1.5451	12.3809	2283.194	0.6989	0.6391
2.762	 3	61.0	10.274	0.0418	1478.061	1.55	11.4638	2290.996	0.6961	0.6403
2.772	 3	62.0	10.269	0.0553	1477.341	1.5546	12.4366	2296.667	0.6934	0.6406
2.782	 3	63.0	10.259	0.0485	1475.266	1.558	11.5122	2298.519	0.6914	0.6425
2.792	 3	64.0	10.254	0.0436	1475.183	1.5616	11.5284	2303.582	0.6894	0.6407
2.802	 3	65.0	10.248	0.0421	1475.169	1.5879	12.5102	2342.45	0.6741	0.6401
2.812	 3	66.0	10.236	0.0334	1477.483	1.5892	12.5526	2348.038	0.6733	0.6397
2.822	 3	67.0	10.228	0.0472	1477.181	1.5775	12.5809	2330.254	0.6801	0.6411
2.832	 3	68.0	10.222	0.0509	1477.595	1.5928	13.5716	2353.528	0.6712	0.6455
2.842	 3	69.0	10.222	0.0487	1478.022	1.5804	13.5716	2335.851	0.6784	0.6515
2.852	 3	70.0	10.212	0.0451	1477.858	1.591	13.61	2351.221	0.6723	0.6575
2.862	 3	71.0	10.206	0.0342	1475.922	1.5815	13.6331	2334.116	0.6778	0.6615
2.872	 3	72.0	10.201	0.0291	1476.266	1.6055	13.6524	2370.169	0.6639	0.6642
2.882	 3	73.0	10.201	0.0322	1476.266	1.6007	14.6275	2362.985	0.6667	0.6645
2.892	 3	74.0	10.197	0.0268	1476.115	1.5973	14.6441	2357.775	0.6686	0.6673
2.902	 3	75.0	10.192	0.04	1478.387	1.5865	14.6649	2345.388	0.6749	0.6715
2.912	 3	76.0	10.187	0.0319	1474.027	1.6074	15.6647	2369.403	0.6627	0.6753
2.922	 3	77.0	10.187	0.0222	1475.308	1.6008	14.6856	2361.745	0.6666	0.677
2.932	 3	78.0	10.177	0.0399	1480.291	1.634	15.7092	2418.824	0.6473	0.6707
2.942	 3	79.0	10.189	0.0284	1478.166	1.6175	15.6558	2390.943	0.6569	0.6672
2.952	 3	80.0	10.184	0.0295	1478.728	1.6244	15.678	2402.057	0.6529	0.6633
2.962	 3	81.0	10.179	0.042	1479.936	1.6127	16.6815	2386.738	0.6597	0.6608
2.972	 3	82.0	10.184	0.0362	1479.802	1.6174	16.6579	2393.478	0.6569	0.6586
2.982	 3	83.0	10.19	0.0497	1482.182	1.6107	16.6296	2387.352	0.6608	0.6582
2.992	 3	84.0	10.179	0.0395	1476.501	1.6081	16.6815	2374.397	0.6623	0.6576
3.002	 3	85.0	10.179	0.0398	1479.291	1.5998	16.6815	2366.605	0.6672	0.6578
3.012	 3	86.0	10.19	0.0431	1481.32	1.6208	17.6078	2400.969	0.655	0.6549
3.022	 3	87.0	10.185	0.0405	1482.533	1.6272	17.6328	2412.329	0.6513	0.6561
3.032	 3	88.0	10.183	0.0551	1482.889	1.6095	18.6229	2386.717	0.6615	0.658
3.042	 3	89.0	10.197	0.0509	1482.769	1.6273	18.5492	2412.907	0.6512	0.6616
3.052	 3	90.0	10.191	0.051	1480.819	1.6198	18.5807	2398.631	0.6556	0.6685
3.062	 3	91.0	10.192	0.0383	1479.89	1.6205	19.5531	2398.18	0.6552	0.6707
3.072	 3	92.0	10.192	0.0358	1480.319	1.6485	20.5308	2440.275	0.6389	0.6711
3.082	 3	93.0	10.191	0.0274	1483.406	1.638	20.5366	2429.758	0.645	0.6719
3.092	 3	94.0	10.191	0.0408	1479.959	1.6285	22.4925	2410.187	0.6505	0.6763
3.102	 3	95.0	10.191	0.0308	1482.759	1.6371	23.4704	2427.384	0.6455	0.6853
3.112	 3	96.0	10.197	0.0543	1485.36	1.6483	25.3831	2448.27	0.6391	0.6958
3.122	 3	97.0	10.191	0.0386	1488.172	1.6927	27.3821	2519.078	0.6133	0.711
3.132	 3	98.0	10.197	0.0171	1492.754	1.714	30.2645	2558.532	0.6009	0.7228
3.142	 3	99.0	10.197	0.0204	1502.21	1.7562	34.1696	2638.153	0.5765	0.7283
3.152	 3	100.0	10.192	0.0156	1509.479	1.7541	37.151	2647.761	0.5777	0.7282
3.162	 3	101.0	10.192	0.0144	1514.188	1.7679	40.0839	2676.99	0.5696	0.7264
3.172	 3	102.0	10.192	0.0138	1518.927	1.76	42.0392	2673.317	0.5742	0.724
3.182	 3	103.0	10.192	0.0073	1526.662	1.866	41.0616	2848.686	0.5128	0.7233
3.192	 3	104.0	10.19	0.0031	1512.992	1.7292	39.1284	2616.2	0.5921	0.7181
3.202	 3	105.0	10.189	0.0133	1496.622	1.633	35.2256	2443.948	0.6479	0.7155
3.212	 3	106.0	10.186	0.0151	1477.517	1.648	30.3589	2434.887	0.6392	0.7049
3.222	 3	107.0	10.194	0.0108	1483.843	1.6351	27.3589	2426.257	0.6467	0.693
3.232	 3	108.0	10.199	0.0172	1479.832	1.6331	25.3688	2416.77	0.6478	0.6773
3.242	 3	109.0	10.206	0.0182	1481.062	1.6347	23.371	2421.044	0.6469	0.6674
3.252	 3	110.0	10.208	0.0211	1477.707	1.6323	22.3846	2412.041	0.6483	0.6617
3.262	 3	111.0	10.216	0.0179	1477.154	1.6219	20.3919	2395.854	0.6543	0.6578
3.272	 3	112.0	10.226	0.0211	1478.387	1.5928	19.3661	2354.707	0.6713	0.6546
3.282	 3	113.0	10.233	0.0198	1476.197	1.6213	19.328	2393.332	0.6547	0.6572
3.292	 3	114.0	10.234	0.0145	1480.399	1.5949	20.2886	2361.117	0.67	0.6567
3.302	 3	115.0	10.239	0.017	1476.85	1.5882	19.2953	2345.508	0.6739	0.6579
3.312	 3	116.0	10.243	0.0132	1478.066	1.5819	19.2736	2338.186	0.6775	0.6895
3.322	 3	117.0	10.252	0.0232	1478.725	1.6206	20.1861	2396.432	0.6551	0.6937
3.332	 3	118.0	10.26	0.015	1476.684	1.5861	19.1816	2342.113	0.6751	0.698
3.342	 3	119.0	10.268	0.0239	1478.9	1.586	20.0955	2345.471	0.6752	0.7016
3.352	 3	120.0	10.273	0.0208	1477.492	1.588	20.0673	2346.278	0.674	0.7048
3.362	 3	121.0	10.286	0.0176	1477.874	1.5988	20.9464	2362.843	0.6677	0.7065
3.372	 3	122.0	10.29	0.0126	1477.387	1.6074	20.923	2374.73	0.6628	0.7091
3.382	 3	123.0	10.304	0.0121	1482.59	1.5815	21.7885	2344.78	0.6778	0.7137
3.392	 3	124.0	10.335	0.0031	1468.666	1.583	21.6007	2324.9	0.6769	0.7152
3.402	 3	125.0	10.372	0.0006	1415.586	1.5667	23.2387	2217.801	0.6864	0.7184
3.412	 3	126.0	10.401	0.0002	1199.239	1.5724	22.1306	1885.677	0.6831	0.7241
3.422	 3	127.0	10.61	0.0002	1155.018	1.5272	21.7722	1763.948	0.7093	0.7305
3.432	 3	128.0	10.617	0.0	109.133	1.5235	22.6004	166.2625	0.7114	0.7388
3.442	 3	129.0	10.586	0.0	108.8143	1.5471	22.7907	168.3494	0.6977	0.756
3.452	 3	130.0	10.563	0.0	108.5779	1.5483	23.8154	168.109	0.6971	0.7971
3.462	 3	131.0	10.574	0.0	108.691	1.5338	24.6238	166.7065	0.7055	0.868
3.472	 3	132.0	10.569	0.0	108.6396	1.5411	24.6573	167.4205	0.7012	0.998
3.482	 3	133.0	10.576	0.0	108.7115	1.56	24.6105	169.5894	0.6903	1.2244
3.492	 3	134.0	10.621	0.0	827.374	1.5481	24.3126	1280.863	0.6972	1.5421
3.502	 3	135.0	10.842	0.0	111.4458	1.4237	22.921	158.6597	0.7693	1.8572
3.512	 4	0.2	10.877	0.0	111.8055	0.416	23.5221	46.5114	1.3538	1.9521
3.522	 4	1.2	10.888	0.0	111.9186	1.5074	25.8807	168.711	0.7207	1.7254
3.532	 4	2.2	10.908	0.0	112.1242	1.5278	27.3546	171.3048	0.7089	1.3804
3.542	 4	3.2	10.901	0.0	112.0522	1.5664	29.8228	175.5151	0.6866	1.0877
3.552	 4	4.2	10.857	0.0	111.5999	1.5679	32.6153	174.9725	0.6857	0.9045
3.562	 4	5.2	10.446	0.0009	1509.974	1.6295	39.1614	2460.566	0.6499	0.8046
3.572	 4	6.2	10.324	0.0028	1494.499	1.6482	42.3921	2463.231	0.6391	0.7474
3.582	 4	7.2	10.255	0.003	1501.025	1.6059	45.1403	2410.562	0.6636	0.713
3.592	 4	8.2	10.207	0.0018	1482.498	1.6049	49.6493	2379.201	0.6642	0.691
3.602	 4	9.2	10.185	0.0016	1385.149	1.6428	53.8779	2275.483	0.6422	0.6818
3.612	 4	10.2	10.187	0.0044	1486.502	1.6342	59.7216	2429.211	0.6472	0.6806
3.622	 4	11.2	10.183	0.0119	1488.307	1.6562	69.5909	2464.963	0.6344	0.6857
3.632	 4	12.2	10.185	0.024	1484.694	1.6925	80.327	2512.83	0.6134	0.6966
3.642	 4	13.2	10.185	0.0242	1489.035	1.7287	94.0414	2574.131	0.5924	0.7083
3.652	 4	14.2	10.189	0.0221	1494.207	1.7332	108.6121	2589.729	0.5898	0.7192
3.662	 4	15.2	10.19	0.0275	1498.309	1.7894	123.2546	2681.052	0.5572	0.7263
3.672	 4	16.2	10.201	0.0162	1511.259	1.7888	136.5237	2703.351	0.5575	0.7244
3.682	 4	17.2	10.209	0.0185	1525.325	1.8034	144.972	2750.767	0.5491	0.713
3.692	 4	18.2	10.212	0.0078	1551.976	1.854	145.8213	2877.406	0.5197	0.7013
3.702	 4	19.2	10.216	0.0029	1639.544	1.9231	138.8593	3153.051	0.4796	0.6899
3.712	 4	20.2	10.21	0.0024	1609.648	1.6877	126.4499	2716.648	0.6162	0.6789
3.722	 4	21.2	10.225	0.0218	1501.468	1.5983	113.3239	2399.825	0.668	0.6727
3.732	 4	22.2	10.225	0.0219	1476.108	1.6052	106.5439	2369.43	0.664	0.6663
3.742	 4	23.2	10.23	0.0202	1482.609	1.6415	107.3609	2433.649	0.643	0.6639
3.752	 4	24.2	10.231	0.0189	1489.012	1.6954	115.0662	2524.506	0.6117	0.6716
3.762	 4	25.2	10.24	0.0219	1487.723	1.6986	126.3487	2527.066	0.6099	0.6827
3.772	 4	26.2	10.235	0.014	1497.659	1.8265	141.0146	2735.474	0.5357	0.6949
3.782	 4	27.2	10.237	0.0066	1525.633	1.8744	152.5189	2859.717	0.5079	0.7092
3.792	 4	28.2	10.24	0.0102	1540.081	1.8515	161.0704	2851.404	0.5212	0.7183
3.802	 4	29.2	10.228	0.0082	1534.353	1.8561	165.4872	2847.989	0.5185	0.728
3.812	 4	30.2	10.233	0.0073	1541.811	1.8675	167.1868	2879.371	0.5119	0.7335
3.822	 4	31.2	10.238	0.0071	1554.274	1.8957	165.9864	2946.379	0.4956	0.7595
3.832	 4	32.2	10.234	0.0033	1580.785	1.9058	163.2752	3012.593	0.4897	0.7805
3.842	 4	33.2	10.234	0.0056	1606.594	1.8601	160.3768	2988.427	0.5162	0.7979
3.852	 4	34.2	10.239	0.0054	1582.535	1.8181	160.1511	2877.219	0.5405	0.8133
3.862	 4	35.2	10.24	0.0087	1556.467	1.8079	162.9994	2813.922	0.5465	0.8353
3.872	 4	36.2	10.235	0.0239	1543.508	1.7731	170.956	2736.846	0.5666	0.866
3.882	 4	37.2	10.236	0.0156	1539.943	1.8834	180.5636	2900.385	0.5026	0.8995
3.892	 4	38.2	10.242	0.0114	1574.723	1.889	194.718	2974.622	0.4994	0.9295
3.902	 4	39.2	10.242	0.0166	1582.754	1.9498	209.1773	3086.12	0.4641	0.9578
3.912	 4	40.2	10.242	0.0103	1603.57	1.9604	223.6366	3143.703	0.458	0.9908
3.922	 4	41.2	10.243	0.0074	1612.563	2.0028	235.1377	3229.688	0.4334	1.0199
3.932	 4	42.2	10.249	0.008	1636.698	1.9939	245.3236	3263.431	0.4386	1.0436
3.942	 4	43.2	10.254	0.0082	1646.435	2.0377	251.7037	3354.866	0.4132	1.0651
3.952	 4	44.2	10.249	0.0085	1643.521	2.0161	259.7544	3313.442	0.4257	1.0826
3.962	 4	45.2	10.249	0.008	1636.175	2.0177	264.5646	3301.343	0.4248	1.1033
3.972	 4	46.2	10.249	0.0086	1639.578	2.0219	270.3369	3315.022	0.4223	1.124
3.982	 4	47.2	10.25	0.0087	1646.322	2.0134	276.9933	3314.677	0.4273	1.1382
3.992	 4	48.2	10.254	0.0122	1645.643	2.0072	285.3282	3303.201	0.4308	1.1439
4.002	 4	49.2	10.259	0.0145	1656.548	2.0354	294.5209	3371.73	0.4145	1.1278
4.012	 4	50.2	10.263	0.0047	1747.786	2.1014	302.8146	3672.774	0.3762	1.097
4.022	 4	51.2	10.263	0.0187	1762.796	2.1117	305.6894	3722.498	0.3702	1.0649
4.032	 4	52.2	10.263	0.0154	1765.526	2.1432	299.9398	3783.88	0.352	1.0234
4.042	 4	53.2	10.267	0.013	1770.172	2.1373	283.3306	3783.373	0.3554	0.9916
4.052	 4	54.2	10.276	0.0124	1761.097	2.0965	255.8819	3692.141	0.3791	0.9495
4.062	 4	55.2	10.271	0.0135	1757.228	2.098	218.9523	3686.607	0.3782	0.9177
4.072	 4	56.2	10.271	0.0053	1749.148	1.8455	177.839	3228.085	0.5246	0.8791
4.082	 4	57.2	10.291	0.0208	1506.514	1.6116	137.8628	2427.846	0.6603	0.8289
4.092	 4	58.2	10.285	0.0458	1479.643	1.6038	107.6186	2373.118	0.6648	0.7798
4.102	 4	59.2	10.29	0.0327	1484.206	1.5991	86.545	2373.319	0.6676	0.7655
4.112	 4	60.2	10.301	0.0317	1487.509	1.6337	72.0571	2430.133	0.6475	0.7241
4.122	 4	61.2	10.3	0.0241	1488.655	1.6165	63.5418	2406.473	0.6575	0.7025
4.132	 4	62.2	10.305	0.0211	1487.228	1.6236	59.6648	2414.724	0.6533	0.696
4.142	 4	63.2	10.315	0.0199	1485.455	1.5872	58.5539	2357.722	0.6745	0.7
4.152	 4	64.2	10.314	0.0194	1483.602	1.6126	61.4043	2392.464	0.6597	0.7098
4.162	 4	65.2	10.32	0.0214	1485.32	1.6381	66.9601	2433.085	0.645	0.7262
4.172	 4	66.2	10.321	0.023	1494.065	1.6412	74.4841	2452.063	0.6432	0.7487
4.182	 4	67.2	10.346	0.0231	1503.779	1.7315	83.3298	2603.849	0.5908	0.7708
4.192	 4	68.2	10.356	0.0103	1529.464	1.7938	90.5678	2743.539	0.5546	0.7932
4.202	 4	69.2	10.376	0.0021	1571.169	1.8501	96.5658	2906.751	0.522	0.8191
4.212	 4	70.2	10.752	0.0014	1607.896	1.692	92.2184	2720.587	0.6137	0.8486
4.222	 4	71.2	10.733	0.0008	1597.173	1.783	96.8993	2847.683	0.5609	0.8767
4.232	 4	72.2	10.67	0.0	109.6777	1.8567	101.9742	203.6418	0.5181	0.9175
4.242	 4	73.2	10.62	0.0	109.1638	1.8979	106.8304	207.1833	0.4943	0.987
4.252	 4	74.2	10.586	0.0001	1628.365	1.9411	106.9409	3160.832	0.4692	1.11
4.262	 4	75.2	10.502	0.0002	1636.59	1.9495	106.7243	3190.453	0.4644	1.3152
4.272	 4	76.2	10.503	0.0003	1663.183	1.9276	101.3155	3205.956	0.477	1.6824
4.282	 4	77.2	10.693	0.0002	1675.231	1.9146	89.424	3207.447	0.4846	2.2716
4.292	 4	78.2	10.832	0.0	111.343	1.069	80.4353	119.0254	0.9751	2.8552
4.302	 5	0.0	10.84	0.0	111.4252	0.4656	76.1706	51.8804	1.3251	2.8539
4.312	 5	1.0	10.82	0.0	111.2196	1.896	73.2801	210.8751	0.4953	2.2955
4.322	 5	2.0	10.832	0.0	111.343	1.9511	68.9446	217.2445	0.4634	1.6708
4.332	 5	3.0	10.824	0.0	111.2607	1.9292	61.6877	214.6387	0.4761	1.277
4.342	 5	4.0	10.755	0.0	110.5515	1.594	51.9362	176.2211	0.6705	1.0371
4.352	 5	5.0	10.366	0.0045	1507.124	1.5828	45.6238	2385.457	0.677	0.8927
4.362	 5	6.0	10.275	0.0098	1486.115	1.6123	38.2021	2396.116	0.6599	0.7957
4.372	 5	7.0	10.225	0.0043	1485.328	1.5788	32.9317	2345.043	0.6793	0.7305
4.382	 5	8.0	10.208	0.0123	1481.353	1.6044	29.1972	2376.705	0.6645	0.6886
4.392	 5	9.0	10.192	0.0211	1481.611	1.631	27.3744	2416.548	0.6491	0.6658
4.402	 5	10.0	10.191	0.0385	1479.53	1.6318	26.4042	2414.259	0.6486	0.6536
4.412	 5	11.0	10.195	0.0217	1478.179	1.6373	26.3743	2420.246	0.6454	0.6462
4.422	 5	12.0	10.196	0.0197	1478.967	1.6523	26.3669	2443.714	0.6367	0.643
4.432	 5	13.0	10.195	0.0198	1481.185	1.67	25.3975	2473.528	0.6265	0.6408
4.442	 5	14.0	10.2	0.0232	1482.989	1.6601	25.3616	2461.864	0.6322	0.6398
4.452	 5	15.0	10.202	0.0279	1485.007	1.6427	26.3221	2439.423	0.6423	0.6379
4.462	 5	16.0	10.205	0.031	1484.58	1.644	26.2998	2440.647	0.6415	0.6348
4.472	 5	17.0	10.21	0.03	1485.523	1.6411	26.2627	2437.918	0.6432	0.632
4.482	 5	18.0	10.216	0.0287	1487.478	1.6342	26.2182	2430.903	0.6472	0.6289
4.492	 5	19.0	10.221	0.0168	1484.747	1.6567	26.1812	2459.719	0.6342	0.6247
4.502	 5	20.0	10.223	0.0127	1487.415	1.6438	26.1664	2444.978	0.6417	0.6205
4.512	 5	21.0	10.236	0.0229	1491.259	1.6524	25.1051	2464.201	0.6366	0.6167
4.522	 5	22.0	10.238	0.033	1490.681	1.6363	25.091	2439.252	0.646	0.6142
4.532	 5	23.0	10.241	0.0349	1488.95	1.6477	24.1056	2453.395	0.6394	0.6142
4.542	 5	24.0	10.251	0.0319	1486.729	1.6429	23.0763	2442.475	0.6422	0.6082
4.552	 5	25.0	10.252	0.0378	1485.151	1.6209	23.0698	2407.28	0.6549	0.6083
4.562	 5	26.0	10.252	0.0502	1484.076	1.6259	23.0698	2412.91	0.652	0.6072
4.572	 5	27.0	10.257	0.0386	1482.654	1.6222	23.0374	2405.088	0.6542	0.6058
4.582	 5	28.0	10.261	0.0293	1480.664	1.6169	23.0115	2394.023	0.6573	0.6025
4.592	 5	29.0	10.256	0.0265	1479.302	1.6288	23.0439	2409.416	0.6504	0.604
4.602	 5	30.0	10.266	0.0292	1482.241	1.626	22.0217	2410.112	0.652	0.6029
4.612	 5	31.0	10.262	0.0306	1482.948	1.6118	22.0465	2390.173	0.6602	0.607
4.622	 5	32.0	10.261	0.024	1483.661	1.6383	21.0939	2430.655	0.6448	0.6095
4.632	 5	33.0	10.262	0.0204	1482.734	1.6509	20.1294	2447.902	0.6375	0.6126
4.642	 5	34.0	10.262	0.0189	1483.591	1.66	20.1294	2462.714	0.6323	0.6152
4.652	 5	35.0	10.261	0.0204	1484.949	1.643	19.1763	2439.822	0.6421	0.6269
4.662	 5	36.0	10.262	0.0195	1483.806	1.6435	19.1709	2438.589	0.6418	0.64
4.672	 5	37.0	10.258	0.0168	1481.942	1.6343	19.1924	2421.972	0.6471	0.6492
4.682	 5	38.0	10.252	0.0116	1480.219	1.6306	19.2248	2413.592	0.6493	0.6561
4.692	 5	39.0	10.258	0.0111	1484.3	1.6278	18.2328	2416.214	0.6509	0.6628
4.702	 5	40.0	10.257	0.0132	1484.8	1.6345	17.278	2426.88	0.6471	0.666
4.712	 5	41.0	10.252	0.0227	1481.503	1.6294	18.2636	2413.942	0.65	0.6642
4.722	 5	42.0	10.247	0.009	1479.711	1.6384	17.3267	2424.425	0.6448	0.6633
4.732	 5	43.0	10.247	0.0144	1482.923	1.6402	17.3267	2432.326	0.6437	0.6641
4.742	 5	44.0	10.253	0.0154	1486.804	1.6491	16.3365	2451.876	0.6386	0.6666
4.752	 5	45.0	10.247	0.0236	1483.353	1.6376	16.3641	2429.074	0.6453	0.6663
4.762	 5	46.0	10.242	0.0095	1480.486	1.6322	16.3872	2416.383	0.6484	0.6643
4.772	 5	47.0	10.244	0.0176	1481.417	1.6277	16.3779	2411.337	0.651	0.6607
4.782	 5	48.0	10.242	0.012	1480.486	1.5962	15.4232	2363.204	0.6692	0.6574
4.792	 5	49.0	10.252	0.0131	1480.861	1.6154	15.3799	2392.142	0.6581	0.6561
4.802	 5	50.0	10.246	0.0138	1482.135	1.6271	15.4059	2411.6	0.6513	0.6535
4.812	 5	51.0	10.246	0.0177	1481.706	1.6632	15.4059	2464.324	0.6304	0.6513
4.822	 5	52.0	10.254	0.0124	1484.581	1.6676	15.3712	2475.737	0.6278	0.6488
4.832	 5	53.0	10.231	0.0346	1486.848	1.6419	15.4711	2441.252	0.6428	0.6441
4.842	 5	54.0	10.242	0.0324	1486.286	1.6416	15.4232	2439.915	0.6429	0.6417
4.852	 5	55.0	10.252	0.0171	1482.36	1.609	15.3799	2385.128	0.6618	0.6409
4.862	 5	56.0	10.249	0.015	1480.0	1.6046	15.3929	2374.785	0.6644	0.6384
4.872	 5	57.0	10.249	0.0246	1484.287	1.6193	16.3549	2403.555	0.6558	0.6387
4.882	 5	58.0	10.249	0.015	1483.427	1.6135	15.3929	2393.548	0.6592	0.6403
4.892	 5	59.0	10.247	0.0161	1486.58	1.6072	15.4015	2389.23	0.6629	0.6431
4.902	 5	60.0	10.243	0.015	1483.203	1.6127	16.3826	2392.011	0.6597	0.6484
4.912	 5	61.0	10.243	0.0232	1481.916	1.62	16.3826	2400.689	0.6555	0.65
4.922	 5	62.0	10.243	0.0179	1482.988	1.6235	16.3826	2407.618	0.6534	0.6528
4.932	 5	63.0	10.241	0.0242	1488.085	1.6465	15.4276	2450.192	0.6401	0.6529
4.942	 5	64.0	10.232	0.022	1485.051	1.6403	15.4667	2435.86	0.6437	0.6537
4.952	 5	65.0	10.237	0.0242	1486.639	1.6143	16.4103	2399.82	0.6588	0.6518
4.962	 5	66.0	10.241	0.0231	1487.22	1.6261	16.3918	2418.441	0.6519	0.6505
4.972	 5	67.0	10.241	0.0251	1485.495	1.6128	16.3918	2395.745	0.6597	0.6473
4.982	 5	68.0	10.236	0.0236	1481.546	1.6101	16.4149	2385.406	0.6612	0.6434
4.992	 5	69.0	10.232	0.0213	1481.61	1.6133	16.4334	2390.296	0.6593	0.6366
5.002	 5	70.0	10.24	0.0202	1481.482	1.6158	16.3964	2393.798	0.6579	0.6307
5.012	 5	71.0	10.23	0.016	1480.249	1.5873	15.4755	2349.625	0.6744	0.6249
5.022	 5	72.0	10.234	0.0142	1482.115	1.6049	15.458	2378.681	0.6642	0.6156
5.032	 5	73.0	10.234	0.0257	1484.049	1.5978	16.4241	2371.166	0.6683	0.6114
5.042	 5	74.0	10.232	0.0266	1481.181	1.6032	15.4667	2374.673	0.6652	0.6081
5.052	 5	75.0	10.242	0.0258	1481.985	1.5804	15.4232	2342.114	0.6784	0.6076
5.062	 5	76.0	10.242	0.0192	1479.416	1.5891	14.4593	2350.99	0.6734	0.5993
5.072	 5	77.0	10.246	0.0189	1479.994	1.5942	14.443	2359.39	0.6704	0.6017
5.082	 5	78.0	10.252	0.0274	1481.931	1.5967	14.4186	2366.16	0.669	0.6115
5.092	 5	79.0	10.259	0.0297	1481.658	1.5727	13.4309	2330.254	0.6829	0.6484
5.102	 5	80.0	10.26	0.0239	1480.947	1.569	13.4272	2323.543	0.6851	0.6475
5.112	 5	81.0	10.27	0.0234	1481.108	1.5652	13.3895	2318.243	0.6872	0.6505
5.122	 5	82.0	10.269	0.0244	1481.391	1.5878	12.4366	2352.127	0.6741	0.6541
5.132	 5	83.0	10.279	0.022	1483.904	1.5755	13.3557	2337.951	0.6812	0.6591
5.142	 5	84.0	10.294	0.025	1485.211	1.5797	13.2997	2346.185	0.6788	0.6651
5.152	 5	85.0	10.294	0.0249	1482.858	1.591	13.2997	2359.244	0.6723	0.6712
5.162	 5	86.0	10.294	0.022	1483.713	1.6263	13.2997	2412.898	0.6518	0.6791
5.172	 5	87.0	10.305	0.0106	1487.657	1.6354	13.2588	2432.953	0.6465	0.686
5.182	 5	88.0	10.304	0.0073	1487.513	1.6448	14.2099	2446.67	0.6411	0.6985
5.192	 5	89.0	10.378	0.0045	1504.276	1.639	14.848	2465.547	0.6444	0.7094
5.202	 5	90.0	10.709	0.0006	1520.301	1.5786	14.4163	2399.925	0.6795	0.7102
5.212	 5	91.0	10.731	0.0001	1509.07	1.6046	15.1749	2421.471	0.6644	0.7137
5.222	 5	92.0	10.728	0.0	110.2739	1.5588	17.7183	171.8926	0.691	0.7104
5.232	 5	93.0	10.659	0.0063	1496.21	1.5396	21.4866	2303.497	0.7021	0.7144
5.242	 5	94.0	10.639	0.002	1494.242	1.5337	27.6512	2291.654	0.7055	0.7501
5.252	 5	95.0	10.559	0.0028	1502.205	1.5373	38.8525	2309.359	0.7034	0.8496
5.262	 5	96.0	10.547	0.0022	1495.392	1.5415	54.0398	2305.191	0.701	1.0975
5.272	 5	97.0	10.797	0.0	110.9832	1.5421	72.0704	171.1506	0.7006	1.6597
5.282	 5	98.0	10.846	0.0	111.4869	1.3207	98.1295	147.2456	0.829	2.2767
5.292	 6	0.4	10.855	0.0	111.5794	1.1223	128.8981	125.2235	0.9442	2.2545
5.302	 6	1.4	10.86	0.0001	1483.809	1.9982	154.8003	2964.906	0.4361	1.7191
5.312	 6	2.4	10.882	0.0	111.8569	1.9589	170.1094	219.1208	0.4589	1.3216
5.322	 6	3.4	10.848	0.0001	1469.122	1.9717	175.7227	2896.692	0.4514	1.1014
5.332	 6	4.4	10.808	0.0001	1516.274	1.9807	170.1534	3003.26	0.4462	0.9568
5.342	 6	5.4	10.394	0.0036	1768.589	2.0245	167.2254	3580.435	0.4208	0.8656
5.352	 6	6.4	10.339	0.0026	1744.979	1.8827	139.7793	3285.255	0.5031	0.801
5.362	 6	7.4	10.239	0.0016	1698.855	1.5744	109.9833	2674.692	0.6819	0.7545
5.372	 6	8.4	10.23	0.0038	1497.804	1.5495	82.2133	2320.917	0.6963	0.7163
5.382	 6	9.4	10.191	0.0022	1482.759	1.5748	60.6319	2335.092	0.6817	0.6851
5.392	 6	10.4	10.19	0.0046	1482.829	1.5772	44.9977	2338.744	0.6803	0.6603
5.402	 6	11.4	10.184	0.0052	1477.655	1.6209	35.2755	2395.151	0.6549	0.6424
5.412	 6	12.4	10.185	0.0026	1480.378	1.6377	28.4083	2424.478	0.6452	0.6347
5.422	 6	13.4	10.186	0.0042	1489.399	1.648	23.5037	2454.469	0.6392	0.632
5.432	 6	14.4	10.18	0.0047	1478.792	1.6642	21.5817	2461.059	0.6298	0.6293
5.442	 6	15.4	10.185	0.0023	1486.644	1.6428	20.5716	2442.216	0.6422	0.6311
5.452	 6	16.4	10.185	0.0054	1484.477	1.626	18.6124	2413.758	0.652	0.632
5.462	 6	17.4	10.185	0.0094	1489.688	1.6649	19.592	2480.229	0.6294	0.6283
5.472	 6	18.4	10.19	0.0027	1493.259	1.7019	19.5642	2541.426	0.6079	0.6232
5.482	 6	19.4	10.195	0.0019	1490.279	1.6025	18.5597	2388.097	0.6656	0.6196
5.492	 6	20.4	10.201	0.0037	1476.907	1.5666	18.5282	2313.751	0.6864	0.6178
5.502	 6	21.4	10.206	0.0038	1467.644	1.5784	19.4758	2316.499	0.6796	0.6139
5.512	 6	22.4	10.205	0.0033	1468.768	1.5966	21.4295	2345.037	0.669	0.6114
5.522	 6	23.4	10.213	0.0028	1476.08	1.6175	24.2967	2387.517	0.6569	0.6187
5.532	 6	24.4	10.21	0.0025	1476.073	1.589	28.2081	2345.5	0.6734	0.6369
5.542	 6	25.4	10.214	0.0028	1470.275	1.5995	34.9773	2351.658	0.6674	0.6639
5.552	 6	26.4	10.214	0.0031	1468.795	1.5946	43.7217	2342.178	0.6702	0.6886
5.562	 6	27.4	10.208	0.0017	1482.213	1.6235	52.555	2406.375	0.6534	0.7009
5.572	 6	28.4	10.216	0.0022	1494.66	1.7029	56.3206	2545.281	0.6074	0.7001
5.582	 6	29.4	10.218	0.0003	1359.138	1.702	52.4068	2313.194	0.6079	0.6791
5.592	 6	30.4	10.213	0.0014	1506.564	1.5659	42.7622	2359.106	0.6868	0.6639
5.602	 6	31.4	10.223	0.0107	1486.333	1.5839	31.9812	2354.188	0.6764	0.6633
5.612	 6	32.4	10.224	0.0089	1485.183	1.5849	24.2213	2353.81	0.6758	0.647
5.622	 6	33.4	10.22	0.0058	1484.171	1.5582	18.429	2312.622	0.6913	0.6303
5.632	 6	34.4	10.222	0.0059	1490.739	1.5731	14.541	2345.106	0.6826	0.6168
5.642	 6	35.4	10.219	0.0044	1487.049	1.5526	11.6427	2308.766	0.6946	0.6298
5.652	 6	36.4	10.218	0.0027	1486.687	1.5737	10.6755	2339.647	0.6823	0.6767
5.662	 6	37.4	10.213	0.0023	1485.311	1.5584	10.6905	2314.759	0.6912	0.6969
5.672	 6	38.4	10.217	0.0012	1480.51	1.616	9.7077	2392.457	0.6578	0.7101
5.682	 6	39.4	10.217	0.0012	1474.74	1.6154	9.7077	2382.278	0.6581	0.7281
5.692	 6	40.4	10.213	0.0012	1370.137	1.6114	9.7187	2207.83	0.6604	0.7512
5.702	 6	41.4	10.214	0.001	1365.508	1.6461	9.7159	2247.788	0.6403	0.774
5.712	 6	42.4	10.217	0.0009	1368.654	1.6603	8.7369	2272.402	0.6321	0.7976
5.722	 6	43.4	10.218	0.001	1374.311	1.6799	9.705	2308.758	0.6207	0.8306
5.732	 6	44.4	10.213	0.001	1368.668	1.6845	10.6905	2305.458	0.6181	0.8537
5.742	 6	45.4	10.213	0.001	1493.347	1.6664	11.6624	2488.536	0.6285	0.8707
5.752	 6	46.4	10.297	0.0014	1504.53	1.7055	11.3902	2565.968	0.6059	0.885
5.762	 6	47.4	10.539	0.0005	1536.745	1.68	12.4296	2581.704	0.6207	0.9013
5.772	 6	48.4	10.598	0.0019	1542.2	1.7095	13.1058	2636.393	0.6035	0.9242
5.782	 6	49.4	10.599	0.0	108.9479	1.7497	14.8492	190.6214	0.5802	0.9616
5.792	 6	50.4	10.568	0.0002	1569.117	1.7458	15.8554	2739.337	0.5825	1.024
5.802	 6	51.4	10.548	0.0001	1450.495	1.7682	17.7132	2564.807	0.5695	1.1292
5.812	 6	52.4	10.546	0.0	108.4031	1.81	18.6089	196.2081	0.5453	1.3372
5.822	 6	53.4	10.52	0.0004	1485.666	1.8409	17.8489	2734.914	0.5273	1.7546
5.832	 6	54.4	10.518	0.0001	1500.214	1.8176	16.9657	2726.832	0.5408	2.6545
5.842	 6	55.4	10.464	0.0	107.5603	1.6447	14.4997	176.8991	0.6412	4.2793
